[2025-07-07T13:57:35.313+0000] {local_task_job_runner.py:120} INFO - ::group::Pre task execution logs
[2025-07-07T13:57:35.361+0000] {taskinstance.py:2076} INFO - Dependencies all met for dep_context=non-requeueable deps ti=<TaskInstance: fin_cotacoes_bcb_classic.extract manual__2025-07-07T13:52:42.340746+00:00 [queued]>
[2025-07-07T13:57:35.376+0000] {taskinstance.py:2076} INFO - Dependencies all met for dep_context=requeueable deps ti=<TaskInstance: fin_cotacoes_bcb_classic.extract manual__2025-07-07T13:52:42.340746+00:00 [queued]>
[2025-07-07T13:57:35.377+0000] {taskinstance.py:2306} INFO - Starting attempt 1 of 2
[2025-07-07T13:57:35.402+0000] {taskinstance.py:2330} INFO - Executing <Task(PythonOperator): extract> on 2025-07-07 13:52:42.340746+00:00
[2025-07-07T13:57:35.421+0000] {logging_mixin.py:188} WARNING - /home/***/.local/lib/python3.12/site-packages/***/task/task_runner/standard_task_runner.py:61 DeprecationWarning: This process (pid=57072) is multi-threaded, use of fork() may lead to deadlocks in the child.
[2025-07-07T13:57:35.422+0000] {standard_task_runner.py:63} INFO - Started process 57094 to run task
[2025-07-07T13:57:35.424+0000] {standard_task_runner.py:90} INFO - Running: ['***', 'tasks', 'run', 'fin_cotacoes_bcb_classic', 'extract', 'manual__2025-07-07T13:52:42.340746+00:00', '--job-id', '1714', '--raw', '--subdir', 'DAGS_FOLDER/cotacoes.py', '--cfg-path', '/tmp/tmpedfuiz6e']
[2025-07-07T13:57:35.433+0000] {standard_task_runner.py:91} INFO - Job 1714: Subtask extract
[2025-07-07T13:57:35.561+0000] {task_command.py:426} INFO - Running <TaskInstance: fin_cotacoes_bcb_classic.extract manual__2025-07-07T13:52:42.340746+00:00 [running]> on host bc96ca91d307
[2025-07-07T13:57:35.688+0000] {taskinstance.py:2648} INFO - Exporting env vars: AIRFLOW_CTX_DAG_OWNER='***' AIRFLOW_CTX_DAG_ID='fin_cotacoes_bcb_classic' AIRFLOW_CTX_TASK_ID='extract' AIRFLOW_CTX_EXECUTION_DATE='2025-07-07T13:52:42.340746+00:00' AIRFLOW_CTX_TRY_NUMBER='1' AIRFLOW_CTX_DAG_RUN_ID='manual__2025-07-07T13:52:42.340746+00:00'
[2025-07-07T13:57:35.689+0000] {taskinstance.py:430} INFO - ::endgroup::
[2025-07-07T13:57:35.690+0000] {cotacoes.py:35} INFO - Iniciando extração da URL: https://www4.bcb.gov.br/Download/fechamento/20250707.csv
[2025-07-07T13:57:35.915+0000] {cotacoes.py:44} WARNING - Não foi possível extrair dados da URL (pode ser um dia sem cotação): 404 Client Error: Not Found for url: https://www4.bcb.gov.br/Download/fechamento/20250707.csv
[2025-07-07T13:57:35.917+0000] {python.py:237} INFO - Done. Returned value was: None
[2025-07-07T13:57:35.922+0000] {taskinstance.py:441} INFO - ::group::Post task execution logs
[2025-07-07T13:57:35.937+0000] {taskinstance.py:1206} INFO - Marking task as SUCCESS. dag_id=fin_cotacoes_bcb_classic, task_id=extract, run_id=manual__2025-07-07T13:52:42.340746+00:00, execution_date=20250707T135242, start_date=20250707T135735, end_date=20250707T135735
[2025-07-07T13:57:35.967+0000] {local_task_job_runner.py:240} INFO - Task exited with return code 0
[2025-07-07T13:57:36.009+0000] {taskinstance.py:3503} INFO - 1 downstream tasks scheduled from follow-on schedule check
[2025-07-07T13:57:36.010+0000] {local_task_job_runner.py:222} INFO - ::endgroup::
