[2025-07-07T15:08:55.148+0000] {local_task_job_runner.py:120} INFO - ::group::Pre task execution logs
[2025-07-07T15:08:55.273+0000] {taskinstance.py:2076} INFO - Dependencies all met for dep_context=non-requeueable deps ti=<TaskInstance: fin_cotacoes_bcb_classic.extract scheduled__2024-11-08T00:00:00+00:00 [queued]>
[2025-07-07T15:08:55.289+0000] {taskinstance.py:2076} INFO - Dependencies all met for dep_context=requeueable deps ti=<TaskInstance: fin_cotacoes_bcb_classic.extract scheduled__2024-11-08T00:00:00+00:00 [queued]>
[2025-07-07T15:08:55.289+0000] {taskinstance.py:2306} INFO - Starting attempt 1 of 2
[2025-07-07T15:08:55.475+0000] {taskinstance.py:2330} INFO - Executing <Task(PythonOperator): extract> on 2024-11-08 00:00:00+00:00
[2025-07-07T15:08:55.506+0000] {logging_mixin.py:188} WARNING - /home/***/.local/lib/python3.12/site-packages/***/task/task_runner/standard_task_runner.py:61 DeprecationWarning: This process (pid=100424) is multi-threaded, use of fork() may lead to deadlocks in the child.
[2025-07-07T15:08:55.507+0000] {standard_task_runner.py:63} INFO - Started process 100539 to run task
[2025-07-07T15:08:55.517+0000] {standard_task_runner.py:90} INFO - Running: ['***', 'tasks', 'run', 'fin_cotacoes_bcb_classic', 'extract', 'scheduled__2024-11-08T00:00:00+00:00', '--job-id', '3686', '--raw', '--subdir', 'DAGS_FOLDER/cotacoes.py', '--cfg-path', '/tmp/tmpj4u7tcql']
[2025-07-07T15:08:55.518+0000] {standard_task_runner.py:91} INFO - Job 3686: Subtask extract
[2025-07-07T15:08:55.714+0000] {task_command.py:426} INFO - Running <TaskInstance: fin_cotacoes_bcb_classic.extract scheduled__2024-11-08T00:00:00+00:00 [running]> on host bc96ca91d307
[2025-07-07T15:08:56.152+0000] {taskinstance.py:2648} INFO - Exporting env vars: AIRFLOW_CTX_DAG_OWNER='***' AIRFLOW_CTX_DAG_ID='fin_cotacoes_bcb_classic' AIRFLOW_CTX_TASK_ID='extract' AIRFLOW_CTX_EXECUTION_DATE='2024-11-08T00:00:00+00:00' AIRFLOW_CTX_TRY_NUMBER='1' AIRFLOW_CTX_DAG_RUN_ID='scheduled__2024-11-08T00:00:00+00:00'
[2025-07-07T15:08:56.155+0000] {taskinstance.py:430} INFO - ::endgroup::
[2025-07-07T15:08:56.157+0000] {cotacoes.py:35} INFO - Iniciando extração da URL: https://www4.bcb.gov.br/Download/fechamento/20241108.csv
[2025-07-07T15:08:56.483+0000] {cotacoes.py:41} INFO - Extração concluída com sucesso.
[2025-07-07T15:08:56.485+0000] {python.py:237} INFO - Done. Returned value was: 08/11/2024;005;A;AFN;0,08469000;0,08495000;67,86000000;68,06000000
08/11/2024;009;A;ETB;0,04584000;0,04774000;120,75070000;125,75070000
08/11/2024;015;A;THB;0,16850000;0,16870000;34,17000000;34,20000000
08/11/2024;020;A;PAB;5,76420000;5,76480000;1,00000000;1,00000000
08/11/2024;027;A;VES;0,13050000;0,13080000;44,07560000;44,18610000
08/11/2024;030;A;BOB;0,82230000;0,84030000;6,86000000;7,01000000
08/11/2024;035;A;GHS;0,35040000;0,35260000;16,35000000;16,45000000
08/11/2024;040;A;CRC;0,01119000;0,01132000;509,07000000;515,22000000
08/11/2024;045;A;SVC;0,65800000;0,65880000;8,74980000;8,75980000
08/11/2024;051;A;NIO;0,15580000;0,15750000;36,60000000;37,00000000
08/11/2024;055;A;DKK;0,83090000;0,83100000;6,93720000;6,93760000
08/11/2024;060;A;ISK;0,04162000;0,04171000;138,20000000;138,49000000
08/11/2024;065;A;NOK;0,52400000;0,52420000;10,99700000;10,99960000
08/11/2024;070;A;SEK;0,53300000;0,53320000;10,81220000;10,81420000
08/11/2024;075;A;CZK;0,24550000;0,24560000;23,47600000;23,48200000
08/11/2024;090;A;GMD;0,08006000;0,08114000;71,05000000;72,00000000
08/11/2024;095;A;DZD;0,04304000;0,04324000;133,33100000;133,92100000
08/11/2024;100;A;KWD;18,78810000;18,80230000;0,30660000;0,30680000
08/11/2024;105;A;BHD;15,28970000;15,29120000;0,37700000;0,37700000
08/11/2024;115;A;IQD;0,00439700;0,00440400;1309,00000000;1311,00000000
08/11/2024;125;A;JOD;8,11860000;8,14240000;0,70800000;0,71000000
08/11/2024;130;A;LYD;1,18500000;1,19060000;4,84200000;4,86430000
08/11/2024;132;A;MKD;0,10030000;0,10070000;57,23000000;57,45000000
08/11/2024;133;A;RSD;0,05297000;0,05301000;108,75000000;108,83000000
08/11/2024;134;A;SDG;0,00957300;0,00962700;598,80020000;602,14120000
08/11/2024;135;A;TND;1,85210000;1,85360000;3,11010000;3,11220000
08/11/2024;136;A;SSP;0,00173100;0,00177900;3240,28780000;3330,28780000
08/11/2024;138;B;SDR;7,65140000;7,65220000;1,32740000;1,32740000
08/11/2024;139;A;MAD;0,58260000;0,58300000;9,88840000;9,89340000
08/11/2024;145;A;AED;1,56930000;1,56950000;3,67290000;3,67310000
08/11/2024;149;A;STN;0,24780000;0,25290000;22,79280000;23,26230000
08/11/2024;150;B;AUD;3,80440000;3,80530000;0,66000000;0,66010000
08/11/2024;155;A;BSD;5,76420000;5,76480000;1,00000000;1,00000000
08/11/2024;160;A;BMD;5,76420000;5,76480000;1,00000000;1,00000000
08/11/2024;165;A;CAD;4,14750000;4,14820000;1,38970000;1,38980000
08/11/2024;170;A;GYD;0,02739000;0,02775000;207,77000000;210,47000000
08/11/2024;173;A;NAD;0,32810000;0,32820000;17,56320000;17,56620000
08/11/2024;175;A;BBD;2,82540000;2,88510000;1,99810000;2,04010000
08/11/2024;180;A;BZD;2,83500000;2,88500000;1,99820000;2,03320000
08/11/2024;185;A;BND;4,34840000;4,34920000;1,32550000;1,32560000
08/11/2024;190;A;KYD;6,90320000;6,96650000;0,82750000;0,83500000
08/11/2024;195;A;SGD;4,34840000;4,34920000;1,32550000;1,32560000
08/11/2024;197;B;CLF;225,94510000;225,96860000;39,19800000;39,19800000
08/11/2024;200;B;FJD;2,53620000;2,61490000;0,44000000;0,45360000
08/11/2024;205;A;HKD;0,74130000;0,74140000;7,77510000;7,77530000
08/11/2024;210;A;TTD;0,84440000;0,85210000;6,76560000;6,82600000
08/11/2024;215;A;XCD;2,11920000;2,13510000;2,70000000;2,72000000
08/11/2024;220;A;USD;5,76420000;5,76480000;1,00000000;1,00000000
08/11/2024;230;A;JMD;0,03611000;0,03653000;157,81000000;159,61000000
08/11/2024;235;A;LRD;0,03034000;0,03050000;189,00000000;190,00000000
08/11/2024;245;B;NZD;3,44640000;3,44740000;0,59790000;0,59800000
08/11/2024;250;B;SBD;0,64560000;0,71480000;0,11200000;0,12400000
08/11/2024;255;A;SRD;0,16280000;0,16650000;34,62700000;35,41200000
08/11/2024;260;A;VND;0,00022790;0,00022820;25260,00000000;25290,00000000
08/11/2024;275;A;AMD;0,01482000;0,01493000;386,00000000;389,00000000
08/11/2024;295;A;CVE;0,05568000;0,05620000;102,58000000;103,52000000
08/11/2024;325;A;ANG;3,16710000;3,23050000;1,78450000;1,82000000
08/11/2024;328;A;AWG;3,13270000;3,23870000;1,78000000;1,84000000
08/11/2024;345;A;HUF;0,01524000;0,01525000;377,99000000;378,15000000
08/11/2024;363;A;CDF;0,00200800;0,00202400;2848,00000000;2870,00000000
08/11/2024;365;A;BIF;0,00192100;0,00198400;2905,00000000;3000,00000000
08/11/2024;368;A;KMF;0,01256000;0,01261000;457,05000000;459,05000000
08/11/2024;370;A;XAF;0,00912600;0,00944700;610,25000000;631,60000000
08/11/2024;372;A;XOF;0,00940700;0,00951700;605,75000000;612,75000000
08/11/2024;380;A;XPF;0,05162000;0,05208000;110,69000000;111,67000000
08/11/2024;390;A;DJF;0,03228000;0,03246000;177,60000000;178,55000000
08/11/2024;398;A;GNF;0,00066370;0,00067380;8556,00000000;8685,00000000
08/11/2024;406;A;MGA;0,00124200;0,00124900;4614,08000000;4643,08000000
08/11/2024;420;A;RWF;0,00421200;0,00426500;1351,59000000;1368,59000000
08/11/2024;425;A;CHF;6,59820000;6,59970000;0,87350000;0,87360000
08/11/2024;440;A;HTG;0,04364000;0,04398000;131,08400000;132,08970000
08/11/2024;450;A;PYG;0,00073740;0,00073830;7808,69000000;7816,92000000
08/11/2024;460;A;UAH;0,13940000;0,14000000;41,17000000;41,35000000
08/11/2024;470;A;JPY;0,03782000;0,03782000;152,42000000;152,43000000
08/11/2024;482;A;GEL;2,09610000;2,13830000;2,69600000;2,75000000
08/11/2024;490;A;ALL;0,06308000;0,06358000;90,67000000;91,38000000
08/11/2024;495;A;HNL;0,22600000;0,23080000;24,97470000;25,50000000
08/11/2024;500;A;SLL;0,00025160;0,00025410;22683,00000000;22908,00000000
08/11/2024;503;A;MDL;0,32200000;0,32380000;17,80200000;17,90200000
08/11/2024;506;A;RON;1,24450000;1,24610000;4,62640000;4,63170000
08/11/2024;510;A;BGN;3,16750000;3,16830000;1,81950000;1,81980000
08/11/2024;530;B;GIP;7,46750000;7,47410000;1,29550000;1,29650000
08/11/2024;535;A;EGP;0,11680000;0,11710000;49,25000000;49,35000000
08/11/2024;540;B;GBP;7,45770000;7,45910000;1,29380000;1,29390000
08/11/2024;545;B;FKP;7,46750000;7,47410000;1,29550000;1,29650000
08/11/2024;560;A;LBP;0,00006430;0,00006440;89500,00000000;89600,00000000
08/11/2024;570;B;SHP;7,46120000;7,46770000;1,29440000;1,29540000
08/11/2024;575;A;SYP;0,00044310;0,00044340;13000,00000000;13010,00000000
08/11/2024;585;A;SZL;0,32810000;0,32820000;17,56320000;17,56620000
08/11/2024;603;A;LSL;0,32810000;0,32820000;17,56320000;17,56620000
08/11/2024;608;A;TMT;1,64470000;1,64960000;3,49470000;3,50470000
08/11/2024;622;A;MZN;0,08931000;0,09111000;63,27000000;64,54000000
08/11/2024;625;A;ERN;0,38050000;0,38430000;15,00000000;15,15000000
08/11/2024;630;A;NGN;0,00342100;0,00347000;1661,15000000;1685,15000000
08/11/2024;635;A;AOA;0,00621700;0,00634200;909,05100000;927,23200000
08/11/2024;640;A;TWD;0,17890000;0,17910000;32,18300000;32,21300000
08/11/2024;642;A;TRY;0,16770000;0,16770000;34,37630000;34,38080000
08/11/2024;660;A;PEN;1,52770000;1,52840000;3,77190000;3,77300000
08/11/2024;665;A;BTN;0,06830000;0,06835000;84,34400000;84,39900000
08/11/2024;670;A;MRO;0,01606000;0,01619000;356,00000000;359,00000000
08/11/2024;671;A;MRU;0,14380000;0,14510000;39,72010000;40,08010000
08/11/2024;680;B;TOP;2,38980000;2,53420000;0,41460000;0,43960000
08/11/2024;685;A;MOP;0,71910000;0,71980000;8,00900000;8,01600000
08/11/2024;706;A;ARS;0,00580000;0,00580100;993,74000000;993,76000000
08/11/2024;715;A;CLP;0,00594900;0,00595400;968,15000000;968,95000000
08/11/2024;720;A;COP;0,00132400;0,00132500;4349,84000000;4353,25000000
08/11/2024;721;B;COU;0,49630000;0,49630000;0,08610000;0,08610000
08/11/2024;725;A;CUP;0,24020000;0,24020000;24,00000000;24,00000000
08/11/2024;730;A;DOP;0,09535000;0,09597000;60,07000000;60,45000000
08/11/2024;735;A;PHP;0,09876000;0,09880000;58,34700000;58,36700000
08/11/2024;741;A;MXN;0,28640000;0,28650000;20,12100000;20,12700000
08/11/2024;745;A;UYU;0,13800000;0,13810000;41,73000000;41,76000000
08/11/2024;755;B;BWP;0,43170000;0,43580000;0,07490000;0,07560000
08/11/2024;760;A;MWK;0,00329300;0,00335700;1717,02000000;1750,32000000
08/11/2024;766;A;ZMW;0,21150000;0,21190000;27,20000000;27,25000000
08/11/2024;770;A;GTQ;0,74470000;0,74680000;7,71900000;7,74000000
08/11/2024;775;A;MMK;0,00273700;0,00275300;2093,70000000;2106,30000000
08/11/2024;778;B;PGK;1,41450000;1,45790000;0,24540000;0,25290000
08/11/2024;780;A;LAK;0,00026170;0,00026360;21867,00000000;22028,00000000
08/11/2024;785;A;ZAR;0,32810000;0,32820000;17,56330000;17,56810000
08/11/2024;795;A;CNY;0,80290000;0,80310000;7,17850000;7,17940000
08/11/2024;796;A;CNH;0,80110000;0,80130000;7,19440000;7,19510000
08/11/2024;800;A;QAR;1,58110000;1,58220000;3,64360000;3,64560000
08/11/2024;805;A;OMR;14,97190000;14,97350000;0,38500000;0,38500000
08/11/2024;810;A;YER;0,02306000;0,02310000;249,52000000;250,02000000
08/11/2024;815;A;IRR;0,00013720;0,00013730;42000,00000000;42005,00000000
08/11/2024;820;A;SAR;1,53470000;1,53500000;3,75550000;3,75600000
08/11/2024;825;A;KHR;0,00141700;0,00142400;4049,00000000;4069,00000000
08/11/2024;828;A;MYR;1,31450000;1,31620000;4,38000000;4,38500000
08/11/2024;830;A;RUB;0,05915000;0,05916000;97,44550000;97,45450000
08/11/2024;831;A;BYN;1,75840000;1,76500000;3,26610000;3,27810000
08/11/2024;835;A;TJS;0,54020000;0,54280000;10,62000000;10,67000000
08/11/2024;840;A;MUR;0,12380000;0,12460000;46,25000000;46,55000000
08/11/2024;845;A;NPR;0,04269000;0,04270000;135,00000000;135,02000000
08/11/2024;850;A;SCR;0,42500000;0,42510000;13,56200000;13,56210000
08/11/2024;855;A;LKR;0,01970000;0,01971000;292,50000000;292,65000000
08/11/2024;860;A;INR;0,06830000;0,06836000;84,33600000;84,39100000
08/11/2024;865;A;IDR;0,00036770;0,00036800;15665,00000000;15675,00000000
08/11/2024;870;A;MVR;0,37190000;0,37390000;15,42000000;15,50000000
08/11/2024;875;A;PKR;0,02074000;0,02076000;277,67000000;277,98000000
08/11/2024;880;A;ILS;1,53660000;1,53790000;3,74860000;3,75130000
08/11/2024;892;A;KGS;0,06685000;0,06690000;86,17240000;86,22670000
08/11/2024;893;A;UZS;0,00044930;0,00044970;12818,00000000;12828,00000000
08/11/2024;905;A;BDT;0,04804000;0,04844000;119,00000000;120,00000000
08/11/2024;912;B;WST;2,09240000;2,17330000;0,36300000;0,37700000
08/11/2024;913;A;KZT;0,01170000;0,01171000;492,40000000;492,50000000
08/11/2024;915;A;MNT;0,00168700;0,00169100;3410,00000000;3416,00000000
08/11/2024;920;A;VUV;0,04641000;0,04840000;119,10000000;124,20000000
08/11/2024;930;A;KRW;0,00413400;0,00413600;1393,82000000;1394,31000000
08/11/2024;946;A;TZS;0,00215100;0,00216700;2660,00000000;2680,00000000
08/11/2024;950;A;KES;0,04451000;0,04486000;128,50000000;129,50000000
08/11/2024;955;A;UGX;0,00157300;0,00157700;3655,00000000;3665,00000000
08/11/2024;960;A;SOS;0,01002000;0,01015000;568,00000000;575,00000000
08/11/2024;975;A;PLN;1,43120000;1,43190000;4,02600000;4,02750000
08/11/2024;978;B;EUR;6,19540000;6,19660000;1,07480000;1,07490000
08/11/2024;998;A;XAU;497,77200000;497,82380000;0,01158000;0,01158000

[2025-07-07T15:08:56.495+0000] {taskinstance.py:441} INFO - ::group::Post task execution logs
[2025-07-07T15:08:56.540+0000] {taskinstance.py:1206} INFO - Marking task as SUCCESS. dag_id=fin_cotacoes_bcb_classic, task_id=extract, run_id=scheduled__2024-11-08T00:00:00+00:00, execution_date=20241108T000000, start_date=20250707T150855, end_date=20250707T150856
[2025-07-07T15:08:56.706+0000] {local_task_job_runner.py:240} INFO - Task exited with return code 0
[2025-07-07T15:08:56.794+0000] {taskinstance.py:3503} INFO - 1 downstream tasks scheduled from follow-on schedule check
[2025-07-07T15:08:56.798+0000] {local_task_job_runner.py:222} INFO - ::endgroup::
