[2025-07-07T14:31:06.936+0000] {local_task_job_runner.py:120} INFO - ::group::Pre task execution logs
[2025-07-07T14:31:07.060+0000] {taskinstance.py:2076} INFO - Dependencies all met for dep_context=non-requeueable deps ti=<TaskInstance: fin_cotacoes_bcb_classic.transform_and_load scheduled__2025-03-11T00:00:00+00:00 [queued]>
[2025-07-07T14:31:07.107+0000] {taskinstance.py:2076} INFO - Dependencies all met for dep_context=requeueable deps ti=<TaskInstance: fin_cotacoes_bcb_classic.transform_and_load scheduled__2025-03-11T00:00:00+00:00 [queued]>
[2025-07-07T14:31:07.108+0000] {taskinstance.py:2306} INFO - Starting attempt 1 of 2
[2025-07-07T14:31:07.145+0000] {taskinstance.py:2330} INFO - Executing <Task(PythonOperator): transform_and_load> on 2025-03-11 00:00:00+00:00
[2025-07-07T14:31:07.179+0000] {logging_mixin.py:188} WARNING - /home/***/.local/lib/python3.12/site-packages/***/task/task_runner/standard_task_runner.py:61 DeprecationWarning: This process (pid=76031) is multi-threaded, use of fork() may lead to deadlocks in the child.
[2025-07-07T14:31:07.180+0000] {standard_task_runner.py:63} INFO - Started process 76126 to run task
[2025-07-07T14:31:07.173+0000] {standard_task_runner.py:90} INFO - Running: ['***', 'tasks', 'run', 'fin_cotacoes_bcb_classic', 'transform_and_load', 'scheduled__2025-03-11T00:00:00+00:00', '--job-id', '2166', '--raw', '--subdir', 'DAGS_FOLDER/cotacoes.py', '--cfg-path', '/tmp/tmpz4s0uv9u']
[2025-07-07T14:31:07.182+0000] {standard_task_runner.py:91} INFO - Job 2166: Subtask transform_and_load
[2025-07-07T14:31:07.335+0000] {task_command.py:426} INFO - Running <TaskInstance: fin_cotacoes_bcb_classic.transform_and_load scheduled__2025-03-11T00:00:00+00:00 [running]> on host bc96ca91d307
[2025-07-07T14:31:07.705+0000] {taskinstance.py:2648} INFO - Exporting env vars: AIRFLOW_CTX_DAG_OWNER='***' AIRFLOW_CTX_DAG_ID='fin_cotacoes_bcb_classic' AIRFLOW_CTX_TASK_ID='transform_and_load' AIRFLOW_CTX_EXECUTION_DATE='2025-03-11T00:00:00+00:00' AIRFLOW_CTX_TRY_NUMBER='1' AIRFLOW_CTX_DAG_RUN_ID='scheduled__2025-03-11T00:00:00+00:00'
[2025-07-07T14:31:07.710+0000] {taskinstance.py:430} INFO - ::endgroup::
[2025-07-07T14:31:07.811+0000] {cotacoes.py:109} INFO - DataFrame transformado com 156 linhas.
[2025-07-07T14:31:07.846+0000] {base.py:84} INFO - Using connection ID '***-postgres' for task execution.
[2025-07-07T14:31:07.878+0000] {base.py:84} INFO - Using connection ID '***-postgres' for task execution.
[2025-07-07T14:31:08.154+0000] {sql.py:598} INFO - Loaded 156 rows into cotacoes so far
[2025-07-07T14:31:08.157+0000] {sql.py:611} INFO - Done loading. Loaded a total of 156 rows into cotacoes
[2025-07-07T14:31:08.158+0000] {cotacoes.py:124} INFO - Carregados/Atualizados 156 registros na tabela cotacoes.
[2025-07-07T14:31:08.158+0000] {python.py:237} INFO - Done. Returned value was: None
[2025-07-07T14:31:08.158+0000] {taskinstance.py:441} INFO - ::group::Post task execution logs
[2025-07-07T14:31:08.191+0000] {taskinstance.py:1206} INFO - Marking task as SUCCESS. dag_id=fin_cotacoes_bcb_classic, task_id=transform_and_load, run_id=scheduled__2025-03-11T00:00:00+00:00, execution_date=20250311T000000, start_date=20250707T143107, end_date=20250707T143108
[2025-07-07T14:31:08.259+0000] {local_task_job_runner.py:240} INFO - Task exited with return code 0
[2025-07-07T14:31:08.318+0000] {taskinstance.py:3503} INFO - 0 downstream tasks scheduled from follow-on schedule check
[2025-07-07T14:31:08.327+0000] {local_task_job_runner.py:222} INFO - ::endgroup::
[2025-07-07T14:34:08.107+0000] {local_task_job_runner.py:120} INFO - ::group::Pre task execution logs
[2025-07-07T14:34:08.205+0000] {taskinstance.py:2076} INFO - Dependencies all met for dep_context=non-requeueable deps ti=<TaskInstance: fin_cotacoes_bcb_classic.transform_and_load scheduled__2025-03-11T00:00:00+00:00 [queued]>
[2025-07-07T14:34:08.232+0000] {taskinstance.py:2076} INFO - Dependencies all met for dep_context=requeueable deps ti=<TaskInstance: fin_cotacoes_bcb_classic.transform_and_load scheduled__2025-03-11T00:00:00+00:00 [queued]>
[2025-07-07T14:34:08.233+0000] {taskinstance.py:2306} INFO - Starting attempt 1 of 2
[2025-07-07T14:34:08.264+0000] {taskinstance.py:2330} INFO - Executing <Task(PythonOperator): transform_and_load> on 2025-03-11 00:00:00+00:00
[2025-07-07T14:34:08.303+0000] {standard_task_runner.py:90} INFO - Running: ['***', 'tasks', 'run', 'fin_cotacoes_bcb_classic', 'transform_and_load', 'scheduled__2025-03-11T00:00:00+00:00', '--job-id', '2406', '--raw', '--subdir', 'DAGS_FOLDER/cotacoes.py', '--cfg-path', '/tmp/tmp5oodjqi3']
[2025-07-07T14:34:08.305+0000] {standard_task_runner.py:91} INFO - Job 2406: Subtask transform_and_load
[2025-07-07T14:34:08.305+0000] {logging_mixin.py:188} WARNING - /home/***/.local/lib/python3.12/site-packages/***/task/task_runner/standard_task_runner.py:61 DeprecationWarning: This process (pid=78316) is multi-threaded, use of fork() may lead to deadlocks in the child.
[2025-07-07T14:34:08.310+0000] {standard_task_runner.py:63} INFO - Started process 78410 to run task
[2025-07-07T14:34:08.424+0000] {task_command.py:426} INFO - Running <TaskInstance: fin_cotacoes_bcb_classic.transform_and_load scheduled__2025-03-11T00:00:00+00:00 [running]> on host bc96ca91d307
[2025-07-07T14:34:08.616+0000] {taskinstance.py:2648} INFO - Exporting env vars: AIRFLOW_CTX_DAG_OWNER='***' AIRFLOW_CTX_DAG_ID='fin_cotacoes_bcb_classic' AIRFLOW_CTX_TASK_ID='transform_and_load' AIRFLOW_CTX_EXECUTION_DATE='2025-03-11T00:00:00+00:00' AIRFLOW_CTX_TRY_NUMBER='1' AIRFLOW_CTX_DAG_RUN_ID='scheduled__2025-03-11T00:00:00+00:00'
[2025-07-07T14:34:08.617+0000] {taskinstance.py:430} INFO - ::endgroup::
[2025-07-07T14:34:08.657+0000] {cotacoes.py:109} INFO - DataFrame transformado com 156 linhas.
[2025-07-07T14:34:08.683+0000] {base.py:84} INFO - Using connection ID '***-postgres' for task execution.
[2025-07-07T14:34:08.719+0000] {base.py:84} INFO - Using connection ID '***-postgres' for task execution.
[2025-07-07T14:34:08.792+0000] {sql.py:598} INFO - Loaded 156 rows into cotacoes so far
[2025-07-07T14:34:08.798+0000] {sql.py:611} INFO - Done loading. Loaded a total of 156 rows into cotacoes
[2025-07-07T14:34:08.798+0000] {cotacoes.py:124} INFO - Carregados/Atualizados 156 registros na tabela cotacoes.
[2025-07-07T14:34:08.799+0000] {python.py:237} INFO - Done. Returned value was: None
[2025-07-07T14:34:08.799+0000] {taskinstance.py:441} INFO - ::group::Post task execution logs
[2025-07-07T14:34:08.816+0000] {taskinstance.py:1206} INFO - Marking task as SUCCESS. dag_id=fin_cotacoes_bcb_classic, task_id=transform_and_load, run_id=scheduled__2025-03-11T00:00:00+00:00, execution_date=20250311T000000, start_date=20250707T143408, end_date=20250707T143408
[2025-07-07T14:34:08.860+0000] {local_task_job_runner.py:240} INFO - Task exited with return code 0
[2025-07-07T14:34:08.891+0000] {taskinstance.py:3503} INFO - 0 downstream tasks scheduled from follow-on schedule check
[2025-07-07T14:34:08.894+0000] {local_task_job_runner.py:222} INFO - ::endgroup::
[2025-07-07T15:11:21.243+0000] {local_task_job_runner.py:120} INFO - ::group::Pre task execution logs
[2025-07-07T15:11:21.282+0000] {taskinstance.py:2076} INFO - Dependencies all met for dep_context=non-requeueable deps ti=<TaskInstance: fin_cotacoes_bcb_classic.transform_and_load scheduled__2025-03-11T00:00:00+00:00 [queued]>
[2025-07-07T15:11:21.292+0000] {taskinstance.py:2076} INFO - Dependencies all met for dep_context=requeueable deps ti=<TaskInstance: fin_cotacoes_bcb_classic.transform_and_load scheduled__2025-03-11T00:00:00+00:00 [queued]>
[2025-07-07T15:11:21.292+0000] {taskinstance.py:2306} INFO - Starting attempt 1 of 2
[2025-07-07T15:11:21.304+0000] {taskinstance.py:2330} INFO - Executing <Task(PythonOperator): transform_and_load> on 2025-03-11 00:00:00+00:00
[2025-07-07T15:11:21.315+0000] {logging_mixin.py:188} WARNING - /home/***/.local/lib/python3.12/site-packages/***/task/task_runner/standard_task_runner.py:61 DeprecationWarning: This process (pid=102906) is multi-threaded, use of fork() may lead to deadlocks in the child.
[2025-07-07T15:11:21.316+0000] {standard_task_runner.py:63} INFO - Started process 102916 to run task
[2025-07-07T15:11:21.315+0000] {standard_task_runner.py:90} INFO - Running: ['***', 'tasks', 'run', 'fin_cotacoes_bcb_classic', 'transform_and_load', 'scheduled__2025-03-11T00:00:00+00:00', '--job-id', '4070', '--raw', '--subdir', 'DAGS_FOLDER/cotacoes.py', '--cfg-path', '/tmp/tmpvpwyotfn']
[2025-07-07T15:11:21.316+0000] {standard_task_runner.py:91} INFO - Job 4070: Subtask transform_and_load
[2025-07-07T15:11:21.372+0000] {task_command.py:426} INFO - Running <TaskInstance: fin_cotacoes_bcb_classic.transform_and_load scheduled__2025-03-11T00:00:00+00:00 [running]> on host bc96ca91d307
[2025-07-07T15:11:21.468+0000] {taskinstance.py:2648} INFO - Exporting env vars: AIRFLOW_CTX_DAG_OWNER='***' AIRFLOW_CTX_DAG_ID='fin_cotacoes_bcb_classic' AIRFLOW_CTX_TASK_ID='transform_and_load' AIRFLOW_CTX_EXECUTION_DATE='2025-03-11T00:00:00+00:00' AIRFLOW_CTX_TRY_NUMBER='1' AIRFLOW_CTX_DAG_RUN_ID='scheduled__2025-03-11T00:00:00+00:00'
[2025-07-07T15:11:21.469+0000] {taskinstance.py:430} INFO - ::endgroup::
[2025-07-07T15:11:21.489+0000] {cotacoes.py:109} INFO - DataFrame transformado com 156 linhas.
[2025-07-07T15:11:21.497+0000] {base.py:84} INFO - Using connection ID '***-postgres' for task execution.
[2025-07-07T15:11:21.505+0000] {base.py:84} INFO - Using connection ID '***-postgres' for task execution.
[2025-07-07T15:11:21.544+0000] {sql.py:598} INFO - Loaded 156 rows into cotacoes so far
[2025-07-07T15:11:21.544+0000] {sql.py:611} INFO - Done loading. Loaded a total of 156 rows into cotacoes
[2025-07-07T15:11:21.545+0000] {cotacoes.py:124} INFO - Carregados/Atualizados 156 registros na tabela cotacoes.
[2025-07-07T15:11:21.545+0000] {python.py:237} INFO - Done. Returned value was: None
[2025-07-07T15:11:21.546+0000] {taskinstance.py:441} INFO - ::group::Post task execution logs
[2025-07-07T15:11:21.555+0000] {taskinstance.py:1206} INFO - Marking task as SUCCESS. dag_id=fin_cotacoes_bcb_classic, task_id=transform_and_load, run_id=scheduled__2025-03-11T00:00:00+00:00, execution_date=20250311T000000, start_date=20250707T151121, end_date=20250707T151121
[2025-07-07T15:11:21.609+0000] {local_task_job_runner.py:240} INFO - Task exited with return code 0
[2025-07-07T15:11:21.628+0000] {taskinstance.py:3503} INFO - 0 downstream tasks scheduled from follow-on schedule check
[2025-07-07T15:11:21.630+0000] {local_task_job_runner.py:222} INFO - ::endgroup::
