[2025-07-06T17:49:37.939+0000] {local_task_job_runner.py:120} INFO - ::group::Pre task execution logs
[2025-07-06T17:49:37.977+0000] {taskinstance.py:2076} INFO - Dependencies all met for dep_context=non-requeueable deps ti=<TaskInstance: fin_cotacoes_bcb_classic.extract scheduled__2024-04-12T00:00:00+00:00 [queued]>
[2025-07-06T17:49:37.986+0000] {taskinstance.py:2076} INFO - Dependencies all met for dep_context=requeueable deps ti=<TaskInstance: fin_cotacoes_bcb_classic.extract scheduled__2024-04-12T00:00:00+00:00 [queued]>
[2025-07-06T17:49:37.986+0000] {taskinstance.py:2306} INFO - Starting attempt 1 of 2
[2025-07-06T17:49:38.007+0000] {taskinstance.py:2330} INFO - Executing <Task(PythonOperator): extract> on 2024-04-12 00:00:00+00:00
[2025-07-06T17:49:38.023+0000] {logging_mixin.py:188} WARNING - /home/***/.local/lib/python3.12/site-packages/***/task/task_runner/standard_task_runner.py:61 DeprecationWarning: This process (pid=6413) is multi-threaded, use of fork() may lead to deadlocks in the child.
[2025-07-06T17:49:38.024+0000] {standard_task_runner.py:63} INFO - Started process 6448 to run task
[2025-07-06T17:49:38.021+0000] {standard_task_runner.py:90} INFO - Running: ['***', 'tasks', 'run', 'fin_cotacoes_bcb_classic', 'extract', 'scheduled__2024-04-12T00:00:00+00:00', '--job-id', '448', '--raw', '--subdir', 'DAGS_FOLDER/cotacoes.py', '--cfg-path', '/tmp/tmpsc3yntj9']
[2025-07-06T17:49:38.027+0000] {standard_task_runner.py:91} INFO - Job 448: Subtask extract
[2025-07-06T17:49:38.193+0000] {task_command.py:426} INFO - Running <TaskInstance: fin_cotacoes_bcb_classic.extract scheduled__2024-04-12T00:00:00+00:00 [running]> on host 20adb53d65c4
[2025-07-06T17:49:38.400+0000] {taskinstance.py:2648} INFO - Exporting env vars: AIRFLOW_CTX_DAG_OWNER='***' AIRFLOW_CTX_DAG_ID='fin_cotacoes_bcb_classic' AIRFLOW_CTX_TASK_ID='extract' AIRFLOW_CTX_EXECUTION_DATE='2024-04-12T00:00:00+00:00' AIRFLOW_CTX_TRY_NUMBER='1' AIRFLOW_CTX_DAG_RUN_ID='scheduled__2024-04-12T00:00:00+00:00'
[2025-07-06T17:49:38.401+0000] {taskinstance.py:430} INFO - ::endgroup::
[2025-07-06T17:49:38.402+0000] {cotacoes.py:32} WARNING - https://www4.bcb.gov.br/Download/fechamento/20240412.csv
[2025-07-06T17:49:38.810+0000] {python.py:237} INFO - Done. Returned value was: 12/04/2024;005;A;AFN;0,07187000;0,07216000;71,18000000;71,46000000
12/04/2024;009;A;ETB;0,09006000;0,09052000;56,74320000;57,02550000
12/04/2024;015;A;THB;0,14020000;0,14030000;36,60000000;36,62000000
12/04/2024;020;A;PAB;5,13580000;5,13640000;1,00000000;1,00000000
12/04/2024;027;A;VES;0,14160000;0,14190000;36,18970000;36,28040000
12/04/2024;030;A;BOB;0,73580000;0,74870000;6,86000000;6,98000000
12/04/2024;035;A;GHS;0,38040000;0,38330000;13,40000000;13,50000000
12/04/2024;040;A;CRC;0,01021000;0,01031000;498,00000000;503,00000000
12/04/2024;045;A;SVC;0,58620000;0,58760000;8,74110000;8,76070000
12/04/2024;051;A;NIO;0,13880000;0,14030000;36,61000000;37,00000000
12/04/2024;055;A;DKK;0,73290000;0,73300000;7,00740000;7,00790000
12/04/2024;060;A;ISK;0,03623000;0,03632000;141,41000000;141,75000000
12/04/2024;065;A;NOK;0,47150000;0,47180000;10,88770000;10,89290000
12/04/2024;070;A;SEK;0,47200000;0,47220000;10,87850000;10,88150000
12/04/2024;075;A;CZK;0,21580000;0,21590000;23,79000000;23,80000000
12/04/2024;090;A;GMD;0,07553000;0,07593000;67,65000000;68,00000000
12/04/2024;095;A;DZD;0,03805000;0,03822000;134,38610000;134,97610000
12/04/2024;100;A;KWD;16,66390000;16,67120000;0,30810000;0,30820000
12/04/2024;105;A;BHD;13,61920000;13,62440000;0,37700000;0,37710000
12/04/2024;115;A;IQD;0,00391800;0,00392400;1309,00000000;1311,00000000
12/04/2024;125;A;JOD;7,23350000;7,25480000;0,70800000;0,71000000
12/04/2024;130;A;LYD;1,06000000;1,06510000;4,82260000;4,84490000
12/04/2024;132;A;MKD;0,08841000;0,08908000;57,66000000;58,09000000
12/04/2024;133;A;RSD;0,04666000;0,04671000;109,96000000;110,07000000
12/04/2024;134;A;SDG;0,00852900;0,00857700;598,85020000;602,19120000
12/04/2024;135;A;TND;1,64980000;1,65370000;3,10600000;3,11300000
12/04/2024;136;A;SSP;0,00321700;0,00330000;1556,57230000;1596,57230000
12/04/2024;138;B;SDR;6,75870000;6,75950000;1,31600000;1,31600000
12/04/2024;139;A;MAD;0,51200000;0,51280000;10,01600000;10,03100000
12/04/2024;145;A;AED;1,39830000;1,39880000;3,67200000;3,67300000
12/04/2024;149;A;STN;0,21860000;0,22320000;23,01110000;23,48960000
12/04/2024;150;B;AUD;3,32540000;3,32680000;0,64750000;0,64770000
12/04/2024;155;A;BSD;5,13580000;5,13640000;1,00000000;1,00000000
12/04/2024;160;A;BMD;5,13580000;5,13640000;1,00000000;1,00000000
12/04/2024;165;A;CAD;3,73210000;3,73390000;1,37560000;1,37610000
12/04/2024;170;A;GYD;0,02440000;0,02465000;208,39000000;210,51000000
12/04/2024;173;A;NAD;0,27160000;0,27190000;18,89200000;18,90700000
12/04/2024;175;A;BBD;2,55490000;2,57210000;1,99700000;2,01020000
12/04/2024;180;A;BZD;2,55510000;2,56820000;2,00000000;2,01000000
12/04/2024;185;A;BND;3,77410000;3,77480000;1,36070000;1,36080000
12/04/2024;190;A;KYD;6,15070000;6,22590000;0,82500000;0,83500000
12/04/2024;195;A;SGD;3,77410000;3,77480000;1,36070000;1,36080000
12/04/2024;197;B;CLF;197,24550000;197,26860000;38,40600000;38,40600000
12/04/2024;200;B;FJD;2,23150000;2,30160000;0,43450000;0,44810000
12/04/2024;205;A;HKD;0,65530000;0,65540000;7,83670000;7,83680000
12/04/2024;210;A;TTD;0,75240000;0,75960000;6,76180000;6,82600000
12/04/2024;215;A;XCD;1,88820000;1,90240000;2,70000000;2,72000000
12/04/2024;220;A;USD;5,13580000;5,13640000;1,00000000;1,00000000
12/04/2024;230;A;JMD;0,03302000;0,03328000;154,32000000;155,53000000
12/04/2024;235;A;LRD;0,02634000;0,02648000;194,00000000;195,00000000
12/04/2024;245;B;NZD;3,05270000;3,05510000;0,59440000;0,59480000
12/04/2024;250;B;SBD;0,57520000;0,63690000;0,11200000;0,12400000
12/04/2024;255;A;SRD;0,14610000;0,14870000;34,54900000;35,15600000
12/04/2024;260;A;VND;0,00020510;0,00020530;25015,00000000;25035,00000000
12/04/2024;275;A;AMD;0,01284000;0,01307000;393,00000000;400,00000000
12/04/2024;295;A;CVE;0,04913000;0,04960000;103,56000000;104,54000000
12/04/2024;325;A;ANG;2,82190000;2,87830000;1,78450000;1,82000000
12/04/2024;328;A;AWG;2,79120000;2,88560000;1,78000000;1,84000000
12/04/2024;345;A;HUF;0,01391000;0,01392000;368,93000000;369,12000000
12/04/2024;363;A;CDF;0,00183400;0,00185600;2767,00000000;2800,00000000
12/04/2024;365;A;BIF;0,00177400;0,00180500;2845,00000000;2895,00000000
12/04/2024;368;A;KMF;0,01108000;0,01113000;461,69000000;463,69000000
12/04/2024;370;A;XAF;0,00825300;0,00833600;616,15000000;622,33000000
12/04/2024;372;A;XOF;0,00831300;0,00837700;613,13000000;617,81000000
12/04/2024;380;A;XPF;0,04555000;0,04596000;111,75000000;112,76000000
12/04/2024;390;A;DJF;0,02876000;0,02892000;177,60000000;178,55000000
12/04/2024;398;A;GNF;0,00059130;0,00060390;8506,00000000;8685,00000000
12/04/2024;406;A;MGA;0,00115800;0,00117200;4382,75000000;4435,36000000
12/04/2024;420;A;RWF;0,00395000;0,00401800;1278,40000000;1300,20000000
12/04/2024;425;A;CHF;5,62950000;5,63260000;0,91190000;0,91230000
12/04/2024;440;A;HTG;0,03851000;0,03897000;131,79740000;133,36510000
12/04/2024;450;A;PYG;0,00069180;0,00069490;7391,98000000;7423,83000000
12/04/2024;460;A;UAH;0,13000000;0,13100000;39,20000000;39,50000000
12/04/2024;470;A;JPY;0,03354000;0,03354000;153,12000000;153,13000000
12/04/2024;482;A;GEL;1,90710000;1,94340000;2,64300000;2,69300000
12/04/2024;490;A;ALL;0,05368000;0,05424000;94,70000000;95,67000000
12/04/2024;495;A;HNL;0,20670000;0,20870000;24,61000000;24,85000000
12/04/2024;500;A;SLL;0,00022420;0,00022640;22683,00000000;22908,00000000
12/04/2024;503;A;MDL;0,29010000;0,29200000;17,59240000;17,70180000
12/04/2024;506;A;RON;1,09870000;1,10030000;4,66800000;4,67450000
12/04/2024;510;A;BGN;2,79440000;2,79590000;1,83710000;1,83790000
12/04/2024;530;B;GIP;6,42490000;6,43080000;1,25100000;1,25200000
12/04/2024;535;A;EGP;0,10780000;0,10810000;47,53000000;47,63000000
12/04/2024;540;B;GBP;6,39560000;6,39840000;1,24530000;1,24570000
12/04/2024;545;B;FKP;6,41820000;6,43130000;1,24970000;1,25210000
12/04/2024;560;A;LBP;0,00005730;0,00005740;89500,00000000;89600,00000000
12/04/2024;570;B;SHP;6,40950000;6,42200000;1,24800000;1,25030000
12/04/2024;575;A;SYP;0,00039500;0,00039510;13000,00000000;13003,00000000
12/04/2024;585;A;SZL;0,27170000;0,27180000;18,89600000;18,90000000
12/04/2024;603;A;LSL;0,27160000;0,27190000;18,88750000;18,90750000
12/04/2024;608;A;TMT;1,46740000;1,47170000;3,49000000;3,50000000
12/04/2024;622;A;MZN;0,07956000;0,08048000;63,82000000;64,55000000
12/04/2024;625;A;ERN;0,33900000;0,34240000;15,00000000;15,15000000
12/04/2024;630;A;NGN;0,00445800;0,00446600;1150,00000000;1152,00000000
12/04/2024;635;A;AOA;0,00604400;0,00616900;832,65600000;849,72500000
12/04/2024;640;A;TWD;0,15900000;0,15920000;32,26300000;32,29300000
12/04/2024;642;A;TRY;0,15870000;0,15880000;32,34810000;32,36090000
12/04/2024;660;A;PEN;1,38830000;1,38890000;3,69810000;3,69940000
12/04/2024;665;A;BTN;0,06149000;0,06157000;83,43000000;83,52300000
12/04/2024;670;A;MRO;0,01431000;0,01443000;356,00000000;359,00000000
12/04/2024;671;A;MRU;0,12870000;0,12980000;39,56010000;39,92010000
12/04/2024;680;B;TOP;2,12060000;2,24920000;0,41290000;0,43790000
12/04/2024;685;A;MOP;0,63560000;0,63630000;8,07200000;8,08000000
12/04/2024;706;A;ARS;0,00592400;0,00592800;866,50000000;867,00000000
12/04/2024;715;A;CLP;0,00530400;0,00531200;967,03000000;968,23000000
12/04/2024;720;A;COP;0,00133000;0,00133100;3859,40000000;3861,40000000
12/04/2024;721;B;COU;0,49360000;0,49360000;0,09610000;0,09610000
12/04/2024;725;A;CUP;0,21400000;0,21400000;24,00000000;24,00000000
12/04/2024;730;A;DOP;0,08603000;0,08713000;58,95000000;59,70000000
12/04/2024;735;A;PHP;0,09073000;0,09077000;56,58800000;56,60800000
12/04/2024;741;A;MXN;0,30800000;0,30820000;16,66520000;16,67570000
12/04/2024;745;A;UYU;0,13270000;0,13290000;38,66000000;38,70000000
12/04/2024;755;B;BWP;0,37290000;0,37500000;0,07260000;0,07300000
12/04/2024;760;A;MWK;0,00293500;0,00299200;1716,73000000;1750,03000000
12/04/2024;766;A;ZMW;0,20550000;0,20590000;24,94110000;24,98840000
12/04/2024;770;A;GTQ;0,65860000;0,66060000;7,77500000;7,79800000
12/04/2024;775;A;MMK;0,00243800;0,00245300;2093,70000000;2106,30000000
12/04/2024;778;B;PGK;1,31990000;1,35860000;0,25700000;0,26450000
12/04/2024;780;A;LAK;0,00024050;0,00024260;21173,80000000;21353,90000000
12/04/2024;785;A;ZAR;0,27170000;0,27180000;18,89680000;18,90040000
12/04/2024;795;A;CNY;0,70960000;0,70970000;7,23740000;7,23760000
12/04/2024;796;A;CNH;0,70670000;0,70680000;7,26710000;7,26760000
12/04/2024;800;A;QAR;1,40760000;1,40860000;3,64650000;3,64850000
12/04/2024;805;A;OMR;13,33630000;13,34480000;0,38490000;0,38510000
12/04/2024;810;A;YER;0,02049000;0,02057000;249,73000000;250,63000000
12/04/2024;815;A;IRR;0,00012230;0,00012230;42000,00000000;42005,00000000
12/04/2024;820;A;SAR;1,36900000;1,36940000;3,75090000;3,75140000
12/04/2024;825;A;KHR;0,00126700;0,00127300;4034,96100000;4054,90540000
12/04/2024;828;A;MYR;1,07600000;1,07750000;4,76700000;4,77300000
12/04/2024;830;A;RUB;0,05504000;0,05506000;93,29550000;93,30450000
12/04/2024;831;A;BYN;1,56580000;1,57560000;3,26000000;3,28000000
12/04/2024;835;A;TJS;0,46860000;0,47040000;10,92000000;10,96000000
12/04/2024;840;A;MUR;0,11030000;0,11100000;46,26000000;46,56000000
12/04/2024;845;A;NPR;0,03848000;0,03849000;133,46000000;133,48000000
12/04/2024;850;A;SCR;0,38280000;0,38280000;13,41630000;13,41640000
12/04/2024;855;A;LKR;0,01721000;0,01721000;298,40000000;298,50000000
12/04/2024;860;A;INR;0,06143000;0,06144000;83,59470000;83,60670000
12/04/2024;865;A;IDR;0,00032400;0,00032430;15840,00000000;15850,00000000
12/04/2024;870;A;MVR;0,33130000;0,33310000;15,42000000;15,50000000
12/04/2024;875;A;PKR;0,01844000;0,01851000;277,52000000;278,45000000
12/04/2024;880;A;ILS;1,36130000;1,36560000;3,76130000;3,77280000
12/04/2024;892;A;KGS;0,05759000;0,05763000;89,12000000;89,17430000
12/04/2024;893;A;UZS;0,00040510;0,00040610;12649,50000000;12677,10000000
12/04/2024;905;A;BDT;0,04669000;0,04691000;109,50000000;110,00000000
12/04/2024;912;B;WST;1,86430000;1,93640000;0,36300000;0,37700000
12/04/2024;913;A;KZT;0,01142000;0,01144000;449,00000000;449,55000000
12/04/2024;915;A;MNT;0,00149700;0,00152700;3364,00000000;3431,00000000
12/04/2024;920;A;VUV;0,04147000;0,04325000;118,75000000;123,85000000
12/04/2024;930;A;KRW;0,00371000;0,00371200;1383,89000000;1384,49000000
12/04/2024;946;A;TZS;0,00198700;0,00199500;2575,00000000;2585,00000000
12/04/2024;950;A;KES;0,03935000;0,03966000;129,50000000;130,50000000
12/04/2024;955;A;UGX;0,00134900;0,00135200;3800,00000000;3807,00000000
12/04/2024;960;A;SOS;0,00893200;0,00904300;568,00000000;575,00000000
12/04/2024;975;A;PLN;1,27660000;1,27720000;4,02160000;4,02310000
12/04/2024;978;B;EUR;5,46710000;5,46980000;1,06450000;1,06490000
12/04/2024;998;A;XAU;394,45470000;394,50080000;0,01302000;0,01302000

[2025-07-06T17:49:38.811+0000] {taskinstance.py:441} INFO - ::group::Post task execution logs
[2025-07-06T17:49:38.906+0000] {taskinstance.py:1206} INFO - Marking task as SUCCESS. dag_id=fin_cotacoes_bcb_classic, task_id=extract, run_id=scheduled__2024-04-12T00:00:00+00:00, execution_date=20240412T000000, start_date=20250706T174937, end_date=20250706T174938
[2025-07-06T17:49:39.018+0000] {local_task_job_runner.py:240} INFO - Task exited with return code 0
[2025-07-06T17:49:39.045+0000] {logging_mixin.py:188} WARNING - /home/***/.local/lib/python3.12/site-packages/***/models/baseoperator.py:1297 AirflowProviderDeprecationWarning: Call to deprecated class PostgresOperator. (Please use `***.providers.common.sql.operators.sql.SQLExecuteQueryOperator`.Also, you can provide `hook_params={'schema': <database>}`.)
[2025-07-06T17:49:39.104+0000] {taskinstance.py:3503} INFO - 1 downstream tasks scheduled from follow-on schedule check
[2025-07-06T17:49:39.110+0000] {local_task_job_runner.py:222} INFO - ::endgroup::
[2025-07-07T15:04:44.864+0000] {local_task_job_runner.py:120} INFO - ::group::Pre task execution logs
[2025-07-07T15:04:44.953+0000] {taskinstance.py:2076} INFO - Dependencies all met for dep_context=non-requeueable deps ti=<TaskInstance: fin_cotacoes_bcb_classic.extract scheduled__2024-04-12T00:00:00+00:00 [queued]>
[2025-07-07T15:04:44.986+0000] {taskinstance.py:2076} INFO - Dependencies all met for dep_context=requeueable deps ti=<TaskInstance: fin_cotacoes_bcb_classic.extract scheduled__2024-04-12T00:00:00+00:00 [queued]>
[2025-07-07T15:04:44.986+0000] {taskinstance.py:2306} INFO - Starting attempt 1 of 2
[2025-07-07T15:04:45.087+0000] {taskinstance.py:2330} INFO - Executing <Task(PythonOperator): extract> on 2024-04-12 00:00:00+00:00
[2025-07-07T15:04:45.126+0000] {logging_mixin.py:188} WARNING - /home/***/.local/lib/python3.12/site-packages/***/task/task_runner/standard_task_runner.py:61 DeprecationWarning: This process (pid=96400) is multi-threaded, use of fork() may lead to deadlocks in the child.
[2025-07-07T15:04:45.127+0000] {standard_task_runner.py:63} INFO - Started process 96477 to run task
[2025-07-07T15:04:45.137+0000] {standard_task_runner.py:90} INFO - Running: ['***', 'tasks', 'run', 'fin_cotacoes_bcb_classic', 'extract', 'scheduled__2024-04-12T00:00:00+00:00', '--job-id', '3058', '--raw', '--subdir', 'DAGS_FOLDER/cotacoes.py', '--cfg-path', '/tmp/tmptn1ht6ax']
[2025-07-07T15:04:45.169+0000] {standard_task_runner.py:91} INFO - Job 3058: Subtask extract
[2025-07-07T15:04:45.342+0000] {task_command.py:426} INFO - Running <TaskInstance: fin_cotacoes_bcb_classic.extract scheduled__2024-04-12T00:00:00+00:00 [running]> on host bc96ca91d307
[2025-07-07T15:04:45.602+0000] {taskinstance.py:2648} INFO - Exporting env vars: AIRFLOW_CTX_DAG_OWNER='***' AIRFLOW_CTX_DAG_ID='fin_cotacoes_bcb_classic' AIRFLOW_CTX_TASK_ID='extract' AIRFLOW_CTX_EXECUTION_DATE='2024-04-12T00:00:00+00:00' AIRFLOW_CTX_TRY_NUMBER='1' AIRFLOW_CTX_DAG_RUN_ID='scheduled__2024-04-12T00:00:00+00:00'
[2025-07-07T15:04:45.604+0000] {taskinstance.py:430} INFO - ::endgroup::
[2025-07-07T15:04:45.605+0000] {cotacoes.py:35} INFO - Iniciando extração da URL: https://www4.bcb.gov.br/Download/fechamento/20240412.csv
[2025-07-07T15:04:45.933+0000] {cotacoes.py:41} INFO - Extração concluída com sucesso.
[2025-07-07T15:04:45.934+0000] {python.py:237} INFO - Done. Returned value was: 12/04/2024;005;A;AFN;0,07187000;0,07216000;71,18000000;71,46000000
12/04/2024;009;A;ETB;0,09006000;0,09052000;56,74320000;57,02550000
12/04/2024;015;A;THB;0,14020000;0,14030000;36,60000000;36,62000000
12/04/2024;020;A;PAB;5,13580000;5,13640000;1,00000000;1,00000000
12/04/2024;027;A;VES;0,14160000;0,14190000;36,18970000;36,28040000
12/04/2024;030;A;BOB;0,73580000;0,74870000;6,86000000;6,98000000
12/04/2024;035;A;GHS;0,38040000;0,38330000;13,40000000;13,50000000
12/04/2024;040;A;CRC;0,01021000;0,01031000;498,00000000;503,00000000
12/04/2024;045;A;SVC;0,58620000;0,58760000;8,74110000;8,76070000
12/04/2024;051;A;NIO;0,13880000;0,14030000;36,61000000;37,00000000
12/04/2024;055;A;DKK;0,73290000;0,73300000;7,00740000;7,00790000
12/04/2024;060;A;ISK;0,03623000;0,03632000;141,41000000;141,75000000
12/04/2024;065;A;NOK;0,47150000;0,47180000;10,88770000;10,89290000
12/04/2024;070;A;SEK;0,47200000;0,47220000;10,87850000;10,88150000
12/04/2024;075;A;CZK;0,21580000;0,21590000;23,79000000;23,80000000
12/04/2024;090;A;GMD;0,07553000;0,07593000;67,65000000;68,00000000
12/04/2024;095;A;DZD;0,03805000;0,03822000;134,38610000;134,97610000
12/04/2024;100;A;KWD;16,66390000;16,67120000;0,30810000;0,30820000
12/04/2024;105;A;BHD;13,61920000;13,62440000;0,37700000;0,37710000
12/04/2024;115;A;IQD;0,00391800;0,00392400;1309,00000000;1311,00000000
12/04/2024;125;A;JOD;7,23350000;7,25480000;0,70800000;0,71000000
12/04/2024;130;A;LYD;1,06000000;1,06510000;4,82260000;4,84490000
12/04/2024;132;A;MKD;0,08841000;0,08908000;57,66000000;58,09000000
12/04/2024;133;A;RSD;0,04666000;0,04671000;109,96000000;110,07000000
12/04/2024;134;A;SDG;0,00852900;0,00857700;598,85020000;602,19120000
12/04/2024;135;A;TND;1,64980000;1,65370000;3,10600000;3,11300000
12/04/2024;136;A;SSP;0,00321700;0,00330000;1556,57230000;1596,57230000
12/04/2024;138;B;SDR;6,75870000;6,75950000;1,31600000;1,31600000
12/04/2024;139;A;MAD;0,51200000;0,51280000;10,01600000;10,03100000
12/04/2024;145;A;AED;1,39830000;1,39880000;3,67200000;3,67300000
12/04/2024;149;A;STN;0,21860000;0,22320000;23,01110000;23,48960000
12/04/2024;150;B;AUD;3,32540000;3,32680000;0,64750000;0,64770000
12/04/2024;155;A;BSD;5,13580000;5,13640000;1,00000000;1,00000000
12/04/2024;160;A;BMD;5,13580000;5,13640000;1,00000000;1,00000000
12/04/2024;165;A;CAD;3,73210000;3,73390000;1,37560000;1,37610000
12/04/2024;170;A;GYD;0,02440000;0,02465000;208,39000000;210,51000000
12/04/2024;173;A;NAD;0,27160000;0,27190000;18,89200000;18,90700000
12/04/2024;175;A;BBD;2,55490000;2,57210000;1,99700000;2,01020000
12/04/2024;180;A;BZD;2,55510000;2,56820000;2,00000000;2,01000000
12/04/2024;185;A;BND;3,77410000;3,77480000;1,36070000;1,36080000
12/04/2024;190;A;KYD;6,15070000;6,22590000;0,82500000;0,83500000
12/04/2024;195;A;SGD;3,77410000;3,77480000;1,36070000;1,36080000
12/04/2024;197;B;CLF;197,24550000;197,26860000;38,40600000;38,40600000
12/04/2024;200;B;FJD;2,23150000;2,30160000;0,43450000;0,44810000
12/04/2024;205;A;HKD;0,65530000;0,65540000;7,83670000;7,83680000
12/04/2024;210;A;TTD;0,75240000;0,75960000;6,76180000;6,82600000
12/04/2024;215;A;XCD;1,88820000;1,90240000;2,70000000;2,72000000
12/04/2024;220;A;USD;5,13580000;5,13640000;1,00000000;1,00000000
12/04/2024;230;A;JMD;0,03302000;0,03328000;154,32000000;155,53000000
12/04/2024;235;A;LRD;0,02634000;0,02648000;194,00000000;195,00000000
12/04/2024;245;B;NZD;3,05270000;3,05510000;0,59440000;0,59480000
12/04/2024;250;B;SBD;0,57520000;0,63690000;0,11200000;0,12400000
12/04/2024;255;A;SRD;0,14610000;0,14870000;34,54900000;35,15600000
12/04/2024;260;A;VND;0,00020510;0,00020530;25015,00000000;25035,00000000
12/04/2024;275;A;AMD;0,01284000;0,01307000;393,00000000;400,00000000
12/04/2024;295;A;CVE;0,04913000;0,04960000;103,56000000;104,54000000
12/04/2024;325;A;ANG;2,82190000;2,87830000;1,78450000;1,82000000
12/04/2024;328;A;AWG;2,79120000;2,88560000;1,78000000;1,84000000
12/04/2024;345;A;HUF;0,01391000;0,01392000;368,93000000;369,12000000
12/04/2024;363;A;CDF;0,00183400;0,00185600;2767,00000000;2800,00000000
12/04/2024;365;A;BIF;0,00177400;0,00180500;2845,00000000;2895,00000000
12/04/2024;368;A;KMF;0,01108000;0,01113000;461,69000000;463,69000000
12/04/2024;370;A;XAF;0,00825300;0,00833600;616,15000000;622,33000000
12/04/2024;372;A;XOF;0,00831300;0,00837700;613,13000000;617,81000000
12/04/2024;380;A;XPF;0,04555000;0,04596000;111,75000000;112,76000000
12/04/2024;390;A;DJF;0,02876000;0,02892000;177,60000000;178,55000000
12/04/2024;398;A;GNF;0,00059130;0,00060390;8506,00000000;8685,00000000
12/04/2024;406;A;MGA;0,00115800;0,00117200;4382,75000000;4435,36000000
12/04/2024;420;A;RWF;0,00395000;0,00401800;1278,40000000;1300,20000000
12/04/2024;425;A;CHF;5,62950000;5,63260000;0,91190000;0,91230000
12/04/2024;440;A;HTG;0,03851000;0,03897000;131,79740000;133,36510000
12/04/2024;450;A;PYG;0,00069180;0,00069490;7391,98000000;7423,83000000
12/04/2024;460;A;UAH;0,13000000;0,13100000;39,20000000;39,50000000
12/04/2024;470;A;JPY;0,03354000;0,03354000;153,12000000;153,13000000
12/04/2024;482;A;GEL;1,90710000;1,94340000;2,64300000;2,69300000
12/04/2024;490;A;ALL;0,05368000;0,05424000;94,70000000;95,67000000
12/04/2024;495;A;HNL;0,20670000;0,20870000;24,61000000;24,85000000
12/04/2024;500;A;SLL;0,00022420;0,00022640;22683,00000000;22908,00000000
12/04/2024;503;A;MDL;0,29010000;0,29200000;17,59240000;17,70180000
12/04/2024;506;A;RON;1,09870000;1,10030000;4,66800000;4,67450000
12/04/2024;510;A;BGN;2,79440000;2,79590000;1,83710000;1,83790000
12/04/2024;530;B;GIP;6,42490000;6,43080000;1,25100000;1,25200000
12/04/2024;535;A;EGP;0,10780000;0,10810000;47,53000000;47,63000000
12/04/2024;540;B;GBP;6,39560000;6,39840000;1,24530000;1,24570000
12/04/2024;545;B;FKP;6,41820000;6,43130000;1,24970000;1,25210000
12/04/2024;560;A;LBP;0,00005730;0,00005740;89500,00000000;89600,00000000
12/04/2024;570;B;SHP;6,40950000;6,42200000;1,24800000;1,25030000
12/04/2024;575;A;SYP;0,00039500;0,00039510;13000,00000000;13003,00000000
12/04/2024;585;A;SZL;0,27170000;0,27180000;18,89600000;18,90000000
12/04/2024;603;A;LSL;0,27160000;0,27190000;18,88750000;18,90750000
12/04/2024;608;A;TMT;1,46740000;1,47170000;3,49000000;3,50000000
12/04/2024;622;A;MZN;0,07956000;0,08048000;63,82000000;64,55000000
12/04/2024;625;A;ERN;0,33900000;0,34240000;15,00000000;15,15000000
12/04/2024;630;A;NGN;0,00445800;0,00446600;1150,00000000;1152,00000000
12/04/2024;635;A;AOA;0,00604400;0,00616900;832,65600000;849,72500000
12/04/2024;640;A;TWD;0,15900000;0,15920000;32,26300000;32,29300000
12/04/2024;642;A;TRY;0,15870000;0,15880000;32,34810000;32,36090000
12/04/2024;660;A;PEN;1,38830000;1,38890000;3,69810000;3,69940000
12/04/2024;665;A;BTN;0,06149000;0,06157000;83,43000000;83,52300000
12/04/2024;670;A;MRO;0,01431000;0,01443000;356,00000000;359,00000000
12/04/2024;671;A;MRU;0,12870000;0,12980000;39,56010000;39,92010000
12/04/2024;680;B;TOP;2,12060000;2,24920000;0,41290000;0,43790000
12/04/2024;685;A;MOP;0,63560000;0,63630000;8,07200000;8,08000000
12/04/2024;706;A;ARS;0,00592400;0,00592800;866,50000000;867,00000000
12/04/2024;715;A;CLP;0,00530400;0,00531200;967,03000000;968,23000000
12/04/2024;720;A;COP;0,00133000;0,00133100;3859,40000000;3861,40000000
12/04/2024;721;B;COU;0,49360000;0,49360000;0,09610000;0,09610000
12/04/2024;725;A;CUP;0,21400000;0,21400000;24,00000000;24,00000000
12/04/2024;730;A;DOP;0,08603000;0,08713000;58,95000000;59,70000000
12/04/2024;735;A;PHP;0,09073000;0,09077000;56,58800000;56,60800000
12/04/2024;741;A;MXN;0,30800000;0,30820000;16,66520000;16,67570000
12/04/2024;745;A;UYU;0,13270000;0,13290000;38,66000000;38,70000000
12/04/2024;755;B;BWP;0,37290000;0,37500000;0,07260000;0,07300000
12/04/2024;760;A;MWK;0,00293500;0,00299200;1716,73000000;1750,03000000
12/04/2024;766;A;ZMW;0,20550000;0,20590000;24,94110000;24,98840000
12/04/2024;770;A;GTQ;0,65860000;0,66060000;7,77500000;7,79800000
12/04/2024;775;A;MMK;0,00243800;0,00245300;2093,70000000;2106,30000000
12/04/2024;778;B;PGK;1,31990000;1,35860000;0,25700000;0,26450000
12/04/2024;780;A;LAK;0,00024050;0,00024260;21173,80000000;21353,90000000
12/04/2024;785;A;ZAR;0,27170000;0,27180000;18,89680000;18,90040000
12/04/2024;795;A;CNY;0,70960000;0,70970000;7,23740000;7,23760000
12/04/2024;796;A;CNH;0,70670000;0,70680000;7,26710000;7,26760000
12/04/2024;800;A;QAR;1,40760000;1,40860000;3,64650000;3,64850000
12/04/2024;805;A;OMR;13,33630000;13,34480000;0,38490000;0,38510000
12/04/2024;810;A;YER;0,02049000;0,02057000;249,73000000;250,63000000
12/04/2024;815;A;IRR;0,00012230;0,00012230;42000,00000000;42005,00000000
12/04/2024;820;A;SAR;1,36900000;1,36940000;3,75090000;3,75140000
12/04/2024;825;A;KHR;0,00126700;0,00127300;4034,96100000;4054,90540000
12/04/2024;828;A;MYR;1,07600000;1,07750000;4,76700000;4,77300000
12/04/2024;830;A;RUB;0,05504000;0,05506000;93,29550000;93,30450000
12/04/2024;831;A;BYN;1,56580000;1,57560000;3,26000000;3,28000000
12/04/2024;835;A;TJS;0,46860000;0,47040000;10,92000000;10,96000000
12/04/2024;840;A;MUR;0,11030000;0,11100000;46,26000000;46,56000000
12/04/2024;845;A;NPR;0,03848000;0,03849000;133,46000000;133,48000000
12/04/2024;850;A;SCR;0,38280000;0,38280000;13,41630000;13,41640000
12/04/2024;855;A;LKR;0,01721000;0,01721000;298,40000000;298,50000000
12/04/2024;860;A;INR;0,06143000;0,06144000;83,59470000;83,60670000
12/04/2024;865;A;IDR;0,00032400;0,00032430;15840,00000000;15850,00000000
12/04/2024;870;A;MVR;0,33130000;0,33310000;15,42000000;15,50000000
12/04/2024;875;A;PKR;0,01844000;0,01851000;277,52000000;278,45000000
12/04/2024;880;A;ILS;1,36130000;1,36560000;3,76130000;3,77280000
12/04/2024;892;A;KGS;0,05759000;0,05763000;89,12000000;89,17430000
12/04/2024;893;A;UZS;0,00040510;0,00040610;12649,50000000;12677,10000000
12/04/2024;905;A;BDT;0,04669000;0,04691000;109,50000000;110,00000000
12/04/2024;912;B;WST;1,86430000;1,93640000;0,36300000;0,37700000
12/04/2024;913;A;KZT;0,01142000;0,01144000;449,00000000;449,55000000
12/04/2024;915;A;MNT;0,00149700;0,00152700;3364,00000000;3431,00000000
12/04/2024;920;A;VUV;0,04147000;0,04325000;118,75000000;123,85000000
12/04/2024;930;A;KRW;0,00371000;0,00371200;1383,89000000;1384,49000000
12/04/2024;946;A;TZS;0,00198700;0,00199500;2575,00000000;2585,00000000
12/04/2024;950;A;KES;0,03935000;0,03966000;129,50000000;130,50000000
12/04/2024;955;A;UGX;0,00134900;0,00135200;3800,00000000;3807,00000000
12/04/2024;960;A;SOS;0,00893200;0,00904300;568,00000000;575,00000000
12/04/2024;975;A;PLN;1,27660000;1,27720000;4,02160000;4,02310000
12/04/2024;978;B;EUR;5,46710000;5,46980000;1,06450000;1,06490000
12/04/2024;998;A;XAU;394,45470000;394,50080000;0,01302000;0,01302000

[2025-07-07T15:04:45.965+0000] {taskinstance.py:441} INFO - ::group::Post task execution logs
[2025-07-07T15:04:46.042+0000] {taskinstance.py:1206} INFO - Marking task as SUCCESS. dag_id=fin_cotacoes_bcb_classic, task_id=extract, run_id=scheduled__2024-04-12T00:00:00+00:00, execution_date=20240412T000000, start_date=20250707T150444, end_date=20250707T150446
[2025-07-07T15:04:46.148+0000] {local_task_job_runner.py:240} INFO - Task exited with return code 0
[2025-07-07T15:04:46.245+0000] {taskinstance.py:3503} INFO - 0 downstream tasks scheduled from follow-on schedule check
[2025-07-07T15:04:46.255+0000] {local_task_job_runner.py:222} INFO - ::endgroup::
