[2025-07-07T14:35:52.124+0000] {local_task_job_runner.py:120} INFO - ::group::Pre task execution logs
[2025-07-07T14:35:52.177+0000] {taskinstance.py:2076} INFO - Dependencies all met for dep_context=non-requeueable deps ti=<TaskInstance: fin_cotacoes_bcb_classic.transform_and_load scheduled__2025-06-11T00:00:00+00:00 [queued]>
[2025-07-07T14:35:52.187+0000] {taskinstance.py:2076} INFO - Dependencies all met for dep_context=requeueable deps ti=<TaskInstance: fin_cotacoes_bcb_classic.transform_and_load scheduled__2025-06-11T00:00:00+00:00 [queued]>
[2025-07-07T14:35:52.188+0000] {taskinstance.py:2306} INFO - Starting attempt 1 of 2
[2025-07-07T14:35:52.210+0000] {taskinstance.py:2330} INFO - Executing <Task(PythonOperator): transform_and_load> on 2025-06-11 00:00:00+00:00
[2025-07-07T14:35:52.223+0000] {logging_mixin.py:188} WARNING - /home/***/.local/lib/python3.12/site-packages/***/task/task_runner/standard_task_runner.py:61 DeprecationWarning: This process (pid=80061) is multi-threaded, use of fork() may lead to deadlocks in the child.
[2025-07-07T14:35:52.224+0000] {standard_task_runner.py:63} INFO - Started process 80094 to run task
[2025-07-07T14:35:52.226+0000] {standard_task_runner.py:90} INFO - Running: ['***', 'tasks', 'run', 'fin_cotacoes_bcb_classic', 'transform_and_load', 'scheduled__2025-06-11T00:00:00+00:00', '--job-id', '2674', '--raw', '--subdir', 'DAGS_FOLDER/cotacoes.py', '--cfg-path', '/tmp/tmp425yl3mt']
[2025-07-07T14:35:52.229+0000] {standard_task_runner.py:91} INFO - Job 2674: Subtask transform_and_load
[2025-07-07T14:35:52.304+0000] {task_command.py:426} INFO - Running <TaskInstance: fin_cotacoes_bcb_classic.transform_and_load scheduled__2025-06-11T00:00:00+00:00 [running]> on host bc96ca91d307
[2025-07-07T14:35:52.443+0000] {taskinstance.py:2648} INFO - Exporting env vars: AIRFLOW_CTX_DAG_OWNER='***' AIRFLOW_CTX_DAG_ID='fin_cotacoes_bcb_classic' AIRFLOW_CTX_TASK_ID='transform_and_load' AIRFLOW_CTX_EXECUTION_DATE='2025-06-11T00:00:00+00:00' AIRFLOW_CTX_TRY_NUMBER='1' AIRFLOW_CTX_DAG_RUN_ID='scheduled__2025-06-11T00:00:00+00:00'
[2025-07-07T14:35:52.445+0000] {taskinstance.py:430} INFO - ::endgroup::
[2025-07-07T14:35:52.482+0000] {cotacoes.py:109} INFO - DataFrame transformado com 157 linhas.
[2025-07-07T14:35:52.493+0000] {base.py:84} INFO - Using connection ID '***-postgres' for task execution.
[2025-07-07T14:35:52.517+0000] {base.py:84} INFO - Using connection ID '***-postgres' for task execution.
[2025-07-07T14:35:52.584+0000] {sql.py:598} INFO - Loaded 157 rows into cotacoes so far
[2025-07-07T14:35:52.585+0000] {sql.py:611} INFO - Done loading. Loaded a total of 157 rows into cotacoes
[2025-07-07T14:35:52.585+0000] {cotacoes.py:124} INFO - Carregados/Atualizados 157 registros na tabela cotacoes.
[2025-07-07T14:35:52.586+0000] {python.py:237} INFO - Done. Returned value was: None
[2025-07-07T14:35:52.586+0000] {taskinstance.py:441} INFO - ::group::Post task execution logs
[2025-07-07T14:35:52.598+0000] {taskinstance.py:1206} INFO - Marking task as SUCCESS. dag_id=fin_cotacoes_bcb_classic, task_id=transform_and_load, run_id=scheduled__2025-06-11T00:00:00+00:00, execution_date=20250611T000000, start_date=20250707T143552, end_date=20250707T143552
[2025-07-07T14:35:52.643+0000] {local_task_job_runner.py:240} INFO - Task exited with return code 0
[2025-07-07T14:35:52.652+0000] {local_task_job_runner.py:222} INFO - ::endgroup::
[2025-07-07T15:13:12.892+0000] {local_task_job_runner.py:120} INFO - ::group::Pre task execution logs
[2025-07-07T15:13:12.973+0000] {taskinstance.py:2076} INFO - Dependencies all met for dep_context=non-requeueable deps ti=<TaskInstance: fin_cotacoes_bcb_classic.transform_and_load scheduled__2025-06-11T00:00:00+00:00 [queued]>
[2025-07-07T15:13:13.001+0000] {taskinstance.py:2076} INFO - Dependencies all met for dep_context=requeueable deps ti=<TaskInstance: fin_cotacoes_bcb_classic.transform_and_load scheduled__2025-06-11T00:00:00+00:00 [queued]>
[2025-07-07T15:13:13.001+0000] {taskinstance.py:2306} INFO - Starting attempt 1 of 2
[2025-07-07T15:13:13.050+0000] {taskinstance.py:2330} INFO - Executing <Task(PythonOperator): transform_and_load> on 2025-06-11 00:00:00+00:00
[2025-07-07T15:13:13.104+0000] {logging_mixin.py:188} WARNING - /home/***/.local/lib/python3.12/site-packages/***/task/task_runner/standard_task_runner.py:61 DeprecationWarning: This process (pid=104710) is multi-threaded, use of fork() may lead to deadlocks in the child.
[2025-07-07T15:13:13.105+0000] {standard_task_runner.py:63} INFO - Started process 104804 to run task
[2025-07-07T15:13:13.112+0000] {standard_task_runner.py:90} INFO - Running: ['***', 'tasks', 'run', 'fin_cotacoes_bcb_classic', 'transform_and_load', 'scheduled__2025-06-11T00:00:00+00:00', '--job-id', '4359', '--raw', '--subdir', 'DAGS_FOLDER/cotacoes.py', '--cfg-path', '/tmp/tmp3xn9c16f']
[2025-07-07T15:13:13.113+0000] {standard_task_runner.py:91} INFO - Job 4359: Subtask transform_and_load
[2025-07-07T15:13:13.257+0000] {task_command.py:426} INFO - Running <TaskInstance: fin_cotacoes_bcb_classic.transform_and_load scheduled__2025-06-11T00:00:00+00:00 [running]> on host bc96ca91d307
[2025-07-07T15:13:13.417+0000] {taskinstance.py:2648} INFO - Exporting env vars: AIRFLOW_CTX_DAG_OWNER='***' AIRFLOW_CTX_DAG_ID='fin_cotacoes_bcb_classic' AIRFLOW_CTX_TASK_ID='transform_and_load' AIRFLOW_CTX_EXECUTION_DATE='2025-06-11T00:00:00+00:00' AIRFLOW_CTX_TRY_NUMBER='1' AIRFLOW_CTX_DAG_RUN_ID='scheduled__2025-06-11T00:00:00+00:00'
[2025-07-07T15:13:13.418+0000] {taskinstance.py:430} INFO - ::endgroup::
[2025-07-07T15:13:13.454+0000] {cotacoes.py:109} INFO - DataFrame transformado com 157 linhas.
[2025-07-07T15:13:13.464+0000] {base.py:84} INFO - Using connection ID '***-postgres' for task execution.
[2025-07-07T15:13:13.478+0000] {base.py:84} INFO - Using connection ID '***-postgres' for task execution.
[2025-07-07T15:13:13.524+0000] {sql.py:598} INFO - Loaded 157 rows into cotacoes so far
[2025-07-07T15:13:13.524+0000] {sql.py:611} INFO - Done loading. Loaded a total of 157 rows into cotacoes
[2025-07-07T15:13:13.524+0000] {cotacoes.py:124} INFO - Carregados/Atualizados 157 registros na tabela cotacoes.
[2025-07-07T15:13:13.525+0000] {python.py:237} INFO - Done. Returned value was: None
[2025-07-07T15:13:13.525+0000] {taskinstance.py:441} INFO - ::group::Post task execution logs
[2025-07-07T15:13:13.543+0000] {taskinstance.py:1206} INFO - Marking task as SUCCESS. dag_id=fin_cotacoes_bcb_classic, task_id=transform_and_load, run_id=scheduled__2025-06-11T00:00:00+00:00, execution_date=20250611T000000, start_date=20250707T151312, end_date=20250707T151313
[2025-07-07T15:13:13.569+0000] {local_task_job_runner.py:240} INFO - Task exited with return code 0
[2025-07-07T15:13:13.602+0000] {taskinstance.py:3503} INFO - 0 downstream tasks scheduled from follow-on schedule check
[2025-07-07T15:13:13.606+0000] {local_task_job_runner.py:222} INFO - ::endgroup::
