[2025-07-07T14:33:09.427+0000] {local_task_job_runner.py:120} INFO - ::group::Pre task execution logs
[2025-07-07T14:33:09.514+0000] {taskinstance.py:2076} INFO - Dependencies all met for dep_context=non-requeueable deps ti=<TaskInstance: fin_cotacoes_bcb_classic.transform_and_load scheduled__2025-01-18T00:00:00+00:00 [queued]>
[2025-07-07T14:33:09.535+0000] {taskinstance.py:2076} INFO - Dependencies all met for dep_context=requeueable deps ti=<TaskInstance: fin_cotacoes_bcb_classic.transform_and_load scheduled__2025-01-18T00:00:00+00:00 [queued]>
[2025-07-07T14:33:09.537+0000] {taskinstance.py:2306} INFO - Starting attempt 1 of 2
[2025-07-07T14:33:09.576+0000] {taskinstance.py:2330} INFO - Executing <Task(PythonOperator): transform_and_load> on 2025-01-18 00:00:00+00:00
[2025-07-07T14:33:09.592+0000] {logging_mixin.py:188} WARNING - /home/***/.local/lib/python3.12/site-packages/***/task/task_runner/standard_task_runner.py:61 DeprecationWarning: This process (pid=77425) is multi-threaded, use of fork() may lead to deadlocks in the child.
[2025-07-07T14:33:09.594+0000] {standard_task_runner.py:63} INFO - Started process 77517 to run task
[2025-07-07T14:33:09.604+0000] {standard_task_runner.py:90} INFO - Running: ['***', 'tasks', 'run', 'fin_cotacoes_bcb_classic', 'transform_and_load', 'scheduled__2025-01-18T00:00:00+00:00', '--job-id', '2271', '--raw', '--subdir', 'DAGS_FOLDER/cotacoes.py', '--cfg-path', '/tmp/tmpbfc_7rou']
[2025-07-07T14:33:09.605+0000] {standard_task_runner.py:91} INFO - Job 2271: Subtask transform_and_load
[2025-07-07T14:33:09.715+0000] {task_command.py:426} INFO - Running <TaskInstance: fin_cotacoes_bcb_classic.transform_and_load scheduled__2025-01-18T00:00:00+00:00 [running]> on host bc96ca91d307
[2025-07-07T14:33:09.869+0000] {taskinstance.py:2648} INFO - Exporting env vars: AIRFLOW_CTX_DAG_OWNER='***' AIRFLOW_CTX_DAG_ID='fin_cotacoes_bcb_classic' AIRFLOW_CTX_TASK_ID='transform_and_load' AIRFLOW_CTX_EXECUTION_DATE='2025-01-18T00:00:00+00:00' AIRFLOW_CTX_TRY_NUMBER='1' AIRFLOW_CTX_DAG_RUN_ID='scheduled__2025-01-18T00:00:00+00:00'
[2025-07-07T14:33:09.870+0000] {taskinstance.py:430} INFO - ::endgroup::
[2025-07-07T14:33:09.884+0000] {cotacoes.py:91} WARNING - Nenhum dado recebido da tarefa de extração. Pulando transformação e carga.
[2025-07-07T14:33:09.888+0000] {python.py:237} INFO - Done. Returned value was: None
[2025-07-07T14:33:09.888+0000] {taskinstance.py:441} INFO - ::group::Post task execution logs
[2025-07-07T14:33:09.901+0000] {taskinstance.py:1206} INFO - Marking task as SUCCESS. dag_id=fin_cotacoes_bcb_classic, task_id=transform_and_load, run_id=scheduled__2025-01-18T00:00:00+00:00, execution_date=20250118T000000, start_date=20250707T143309, end_date=20250707T143309
[2025-07-07T14:33:09.938+0000] {local_task_job_runner.py:240} INFO - Task exited with return code 0
[2025-07-07T14:33:09.958+0000] {taskinstance.py:3503} INFO - 0 downstream tasks scheduled from follow-on schedule check
[2025-07-07T14:33:09.959+0000] {local_task_job_runner.py:222} INFO - ::endgroup::
[2025-07-07T15:10:27.434+0000] {local_task_job_runner.py:120} INFO - ::group::Pre task execution logs
[2025-07-07T15:10:27.533+0000] {taskinstance.py:2076} INFO - Dependencies all met for dep_context=non-requeueable deps ti=<TaskInstance: fin_cotacoes_bcb_classic.transform_and_load scheduled__2025-01-18T00:00:00+00:00 [queued]>
[2025-07-07T15:10:27.554+0000] {taskinstance.py:2076} INFO - Dependencies all met for dep_context=requeueable deps ti=<TaskInstance: fin_cotacoes_bcb_classic.transform_and_load scheduled__2025-01-18T00:00:00+00:00 [queued]>
[2025-07-07T15:10:27.555+0000] {taskinstance.py:2306} INFO - Starting attempt 1 of 2
[2025-07-07T15:10:27.574+0000] {taskinstance.py:2330} INFO - Executing <Task(PythonOperator): transform_and_load> on 2025-01-18 00:00:00+00:00
[2025-07-07T15:10:27.595+0000] {logging_mixin.py:188} WARNING - /home/***/.local/lib/python3.12/site-packages/***/task/task_runner/standard_task_runner.py:61 DeprecationWarning: This process (pid=101948) is multi-threaded, use of fork() may lead to deadlocks in the child.
[2025-07-07T15:10:27.596+0000] {standard_task_runner.py:63} INFO - Started process 102020 to run task
[2025-07-07T15:10:27.598+0000] {standard_task_runner.py:90} INFO - Running: ['***', 'tasks', 'run', 'fin_cotacoes_bcb_classic', 'transform_and_load', 'scheduled__2025-01-18T00:00:00+00:00', '--job-id', '3928', '--raw', '--subdir', 'DAGS_FOLDER/cotacoes.py', '--cfg-path', '/tmp/tmpcbhpl82i']
[2025-07-07T15:10:27.607+0000] {standard_task_runner.py:91} INFO - Job 3928: Subtask transform_and_load
[2025-07-07T15:10:27.739+0000] {task_command.py:426} INFO - Running <TaskInstance: fin_cotacoes_bcb_classic.transform_and_load scheduled__2025-01-18T00:00:00+00:00 [running]> on host bc96ca91d307
[2025-07-07T15:10:27.905+0000] {taskinstance.py:2648} INFO - Exporting env vars: AIRFLOW_CTX_DAG_OWNER='***' AIRFLOW_CTX_DAG_ID='fin_cotacoes_bcb_classic' AIRFLOW_CTX_TASK_ID='transform_and_load' AIRFLOW_CTX_EXECUTION_DATE='2025-01-18T00:00:00+00:00' AIRFLOW_CTX_TRY_NUMBER='1' AIRFLOW_CTX_DAG_RUN_ID='scheduled__2025-01-18T00:00:00+00:00'
[2025-07-07T15:10:27.906+0000] {taskinstance.py:430} INFO - ::endgroup::
[2025-07-07T15:10:27.925+0000] {cotacoes.py:91} WARNING - Nenhum dado recebido da tarefa de extração. Pulando transformação e carga.
[2025-07-07T15:10:27.926+0000] {python.py:237} INFO - Done. Returned value was: None
[2025-07-07T15:10:27.926+0000] {taskinstance.py:441} INFO - ::group::Post task execution logs
[2025-07-07T15:10:27.944+0000] {taskinstance.py:1206} INFO - Marking task as SUCCESS. dag_id=fin_cotacoes_bcb_classic, task_id=transform_and_load, run_id=scheduled__2025-01-18T00:00:00+00:00, execution_date=20250118T000000, start_date=20250707T151027, end_date=20250707T151027
[2025-07-07T15:10:27.983+0000] {local_task_job_runner.py:240} INFO - Task exited with return code 0
[2025-07-07T15:10:28.013+0000] {taskinstance.py:3503} INFO - 0 downstream tasks scheduled from follow-on schedule check
[2025-07-07T15:10:28.016+0000] {local_task_job_runner.py:222} INFO - ::endgroup::
