[2025-07-06T17:49:42.136+0000] {local_task_job_runner.py:120} INFO - ::group::Pre task execution logs
[2025-07-06T17:49:42.268+0000] {taskinstance.py:2076} INFO - Dependencies all met for dep_context=non-requeueable deps ti=<TaskInstance: fin_cotacoes_bcb_classic.extract scheduled__2024-04-20T00:00:00+00:00 [queued]>
[2025-07-06T17:49:42.298+0000] {taskinstance.py:2076} INFO - Dependencies all met for dep_context=requeueable deps ti=<TaskInstance: fin_cotacoes_bcb_classic.extract scheduled__2024-04-20T00:00:00+00:00 [queued]>
[2025-07-06T17:49:42.302+0000] {taskinstance.py:2306} INFO - Starting attempt 1 of 2
[2025-07-06T17:49:42.346+0000] {taskinstance.py:2330} INFO - Executing <Task(PythonOperator): extract> on 2024-04-20 00:00:00+00:00
[2025-07-06T17:49:42.388+0000] {logging_mixin.py:188} WARNING - /home/***/.local/lib/python3.12/site-packages/***/task/task_runner/standard_task_runner.py:61 DeprecationWarning: This process (pid=6452) is multi-threaded, use of fork() may lead to deadlocks in the child.
[2025-07-06T17:49:42.394+0000] {standard_task_runner.py:63} INFO - Started process 6483 to run task
[2025-07-06T17:49:42.386+0000] {standard_task_runner.py:90} INFO - Running: ['***', 'tasks', 'run', 'fin_cotacoes_bcb_classic', 'extract', 'scheduled__2024-04-20T00:00:00+00:00', '--job-id', '462', '--raw', '--subdir', 'DAGS_FOLDER/cotacoes.py', '--cfg-path', '/tmp/tmp9k_bdtxl']
[2025-07-06T17:49:42.399+0000] {standard_task_runner.py:91} INFO - Job 462: Subtask extract
[2025-07-06T17:49:42.544+0000] {task_command.py:426} INFO - Running <TaskInstance: fin_cotacoes_bcb_classic.extract scheduled__2024-04-20T00:00:00+00:00 [running]> on host 20adb53d65c4
[2025-07-06T17:49:42.734+0000] {taskinstance.py:2648} INFO - Exporting env vars: AIRFLOW_CTX_DAG_OWNER='***' AIRFLOW_CTX_DAG_ID='fin_cotacoes_bcb_classic' AIRFLOW_CTX_TASK_ID='extract' AIRFLOW_CTX_EXECUTION_DATE='2024-04-20T00:00:00+00:00' AIRFLOW_CTX_TRY_NUMBER='1' AIRFLOW_CTX_DAG_RUN_ID='scheduled__2024-04-20T00:00:00+00:00'
[2025-07-06T17:49:42.738+0000] {taskinstance.py:430} INFO - ::endgroup::
[2025-07-06T17:49:42.742+0000] {cotacoes.py:32} WARNING - https://www4.bcb.gov.br/Download/fechamento/20240420.csv
[2025-07-06T17:49:42.990+0000] {python.py:237} INFO - Done. Returned value was: None
[2025-07-06T17:49:42.991+0000] {taskinstance.py:441} INFO - ::group::Post task execution logs
[2025-07-06T17:49:43.004+0000] {taskinstance.py:1206} INFO - Marking task as SUCCESS. dag_id=fin_cotacoes_bcb_classic, task_id=extract, run_id=scheduled__2024-04-20T00:00:00+00:00, execution_date=20240420T000000, start_date=20250706T174942, end_date=20250706T174943
[2025-07-06T17:49:43.061+0000] {local_task_job_runner.py:240} INFO - Task exited with return code 0
[2025-07-06T17:49:43.094+0000] {local_task_job_runner.py:222} INFO - ::endgroup::
[2025-07-07T15:04:52.107+0000] {local_task_job_runner.py:120} INFO - ::group::Pre task execution logs
[2025-07-07T15:04:52.181+0000] {taskinstance.py:2076} INFO - Dependencies all met for dep_context=non-requeueable deps ti=<TaskInstance: fin_cotacoes_bcb_classic.extract scheduled__2024-04-20T00:00:00+00:00 [queued]>
[2025-07-07T15:04:52.200+0000] {taskinstance.py:2076} INFO - Dependencies all met for dep_context=requeueable deps ti=<TaskInstance: fin_cotacoes_bcb_classic.extract scheduled__2024-04-20T00:00:00+00:00 [queued]>
[2025-07-07T15:04:52.201+0000] {taskinstance.py:2306} INFO - Starting attempt 1 of 2
[2025-07-07T15:04:52.243+0000] {taskinstance.py:2330} INFO - Executing <Task(PythonOperator): extract> on 2024-04-20 00:00:00+00:00
[2025-07-07T15:04:52.275+0000] {logging_mixin.py:188} WARNING - /home/***/.local/lib/python3.12/site-packages/***/task/task_runner/standard_task_runner.py:61 DeprecationWarning: This process (pid=96572) is multi-threaded, use of fork() may lead to deadlocks in the child.
[2025-07-07T15:04:52.276+0000] {standard_task_runner.py:63} INFO - Started process 96618 to run task
[2025-07-07T15:04:52.266+0000] {standard_task_runner.py:90} INFO - Running: ['***', 'tasks', 'run', 'fin_cotacoes_bcb_classic', 'extract', 'scheduled__2024-04-20T00:00:00+00:00', '--job-id', '3079', '--raw', '--subdir', 'DAGS_FOLDER/cotacoes.py', '--cfg-path', '/tmp/tmptao2my32']
[2025-07-07T15:04:52.282+0000] {standard_task_runner.py:91} INFO - Job 3079: Subtask extract
[2025-07-07T15:04:52.545+0000] {task_command.py:426} INFO - Running <TaskInstance: fin_cotacoes_bcb_classic.extract scheduled__2024-04-20T00:00:00+00:00 [running]> on host bc96ca91d307
[2025-07-07T15:04:52.725+0000] {taskinstance.py:2648} INFO - Exporting env vars: AIRFLOW_CTX_DAG_OWNER='***' AIRFLOW_CTX_DAG_ID='fin_cotacoes_bcb_classic' AIRFLOW_CTX_TASK_ID='extract' AIRFLOW_CTX_EXECUTION_DATE='2024-04-20T00:00:00+00:00' AIRFLOW_CTX_TRY_NUMBER='1' AIRFLOW_CTX_DAG_RUN_ID='scheduled__2024-04-20T00:00:00+00:00'
[2025-07-07T15:04:52.727+0000] {taskinstance.py:430} INFO - ::endgroup::
[2025-07-07T15:04:52.728+0000] {cotacoes.py:35} INFO - Iniciando extração da URL: https://www4.bcb.gov.br/Download/fechamento/20240420.csv
[2025-07-07T15:04:52.990+0000] {cotacoes.py:46} WARNING - Não foi possível extrair dados da URL (pode ser um dia sem cotação): 404 Client Error: Not Found for url: https://www4.bcb.gov.br/Download/fechamento/20240420.csv
[2025-07-07T15:04:52.992+0000] {python.py:237} INFO - Done. Returned value was: None
[2025-07-07T15:04:52.992+0000] {taskinstance.py:441} INFO - ::group::Post task execution logs
[2025-07-07T15:04:53.023+0000] {taskinstance.py:1206} INFO - Marking task as SUCCESS. dag_id=fin_cotacoes_bcb_classic, task_id=extract, run_id=scheduled__2024-04-20T00:00:00+00:00, execution_date=20240420T000000, start_date=20250707T150452, end_date=20250707T150453
[2025-07-07T15:04:53.127+0000] {local_task_job_runner.py:240} INFO - Task exited with return code 0
[2025-07-07T15:04:53.210+0000] {taskinstance.py:3503} INFO - 1 downstream tasks scheduled from follow-on schedule check
[2025-07-07T15:04:53.214+0000] {local_task_job_runner.py:222} INFO - ::endgroup::
