[2025-07-06T19:55:32.871+0000] {local_task_job_runner.py:120} INFO - ::group::Pre task execution logs
[2025-07-06T19:55:32.918+0000] {taskinstance.py:2076} INFO - Dependencies all met for dep_context=non-requeueable deps ti=<TaskInstance: fin_cotacoes_bcb_classic.extract scheduled__2025-05-02T00:00:00+00:00 [queued]>
[2025-07-06T19:55:32.928+0000] {taskinstance.py:2076} INFO - Dependencies all met for dep_context=requeueable deps ti=<TaskInstance: fin_cotacoes_bcb_classic.extract scheduled__2025-05-02T00:00:00+00:00 [queued]>
[2025-07-06T19:55:32.928+0000] {taskinstance.py:2306} INFO - Starting attempt 1 of 2
[2025-07-06T19:55:32.941+0000] {taskinstance.py:2330} INFO - Executing <Task(PythonOperator): extract> on 2025-05-02 00:00:00+00:00
[2025-07-06T19:55:32.955+0000] {logging_mixin.py:188} WARNING - /home/***/.local/lib/python3.12/site-packages/***/task/task_runner/standard_task_runner.py:61 DeprecationWarning: This process (pid=14258) is multi-threaded, use of fork() may lead to deadlocks in the child.
[2025-07-06T19:55:32.956+0000] {standard_task_runner.py:63} INFO - Started process 14273 to run task
[2025-07-06T19:55:32.958+0000] {standard_task_runner.py:90} INFO - Running: ['***', 'tasks', 'run', 'fin_cotacoes_bcb_classic', 'extract', 'scheduled__2025-05-02T00:00:00+00:00', '--job-id', '1280', '--raw', '--subdir', 'DAGS_FOLDER/cotacoes.py', '--cfg-path', '/tmp/tmpntdsar9o']
[2025-07-06T19:55:32.959+0000] {standard_task_runner.py:91} INFO - Job 1280: Subtask extract
[2025-07-06T19:55:33.026+0000] {task_command.py:426} INFO - Running <TaskInstance: fin_cotacoes_bcb_classic.extract scheduled__2025-05-02T00:00:00+00:00 [running]> on host 20adb53d65c4
[2025-07-06T19:55:33.139+0000] {taskinstance.py:2648} INFO - Exporting env vars: AIRFLOW_CTX_DAG_OWNER='***' AIRFLOW_CTX_DAG_ID='fin_cotacoes_bcb_classic' AIRFLOW_CTX_TASK_ID='extract' AIRFLOW_CTX_EXECUTION_DATE='2025-05-02T00:00:00+00:00' AIRFLOW_CTX_TRY_NUMBER='1' AIRFLOW_CTX_DAG_RUN_ID='scheduled__2025-05-02T00:00:00+00:00'
[2025-07-06T19:55:33.140+0000] {taskinstance.py:430} INFO - ::endgroup::
[2025-07-06T19:55:33.141+0000] {cotacoes.py:37} INFO - Iniciando extração da URL: https://www4.bcb.gov.br/Download/fechamento/20250502.csv
[2025-07-06T19:55:33.345+0000] {cotacoes.py:43} INFO - Extração concluída com sucesso.
[2025-07-06T19:55:33.347+0000] {python.py:237} INFO - Done. Returned value was: 02/05/2025;005;A;AFN;0,07949000;0,07972000;70,74000000;70,94000000
02/05/2025;009;A;ETB;0,04146000;0,04305000;130,99760000;135,99760000
02/05/2025;015;A;THB;0,17040000;0,17080000;33,01000000;33,10000000
02/05/2025;020;A;PAB;5,63880000;5,63940000;1,00000000;1,00000000
02/05/2025;027;A;VES;0,06439000;0,06456000;87,34920000;87,56810000
02/05/2025;030;A;BOB;0,80550000;0,82330000;6,85000000;7,00000000
02/05/2025;035;A;GHS;0,40420000;0,41010000;13,75000000;13,95000000
02/05/2025;040;A;CRC;0,01108000;0,01122000;502,68000000;508,83000000
02/05/2025;045;A;SVC;0,64370000;0,64450000;8,74980000;8,75980000
02/05/2025;051;A;NIO;0,15240000;0,15410000;36,60000000;37,00000000
02/05/2025;055;A;DKK;0,85610000;0,85620000;6,58620000;6,58680000
02/05/2025;060;A;ISK;0,04368000;0,04374000;128,92000000;129,10000000
02/05/2025;065;A;NOK;0,54240000;0,54270000;10,39180000;10,39510000
02/05/2025;070;A;SEK;0,58540000;0,58640000;9,61690000;9,63270000
02/05/2025;075;A;CZK;0,25630000;0,25650000;21,98300000;21,99900000
02/05/2025;090;A;GMD;0,07724000;0,07789000;72,40000000;73,00000000
02/05/2025;095;A;DZD;0,04224000;0,04270000;132,06920000;133,49190000
02/05/2025;100;A;KWD;18,38540000;18,39330000;0,30660000;0,30670000
02/05/2025;105;A;BHD;14,95700000;14,95860000;0,37700000;0,37700000
02/05/2025;115;A;IQD;0,00430100;0,00430800;1309,00000000;1311,00000000
02/05/2025;125;A;JOD;7,94200000;7,96530000;0,70800000;0,71000000
02/05/2025;130;A;LYD;1,03020000;1,03550000;5,44590000;5,47360000
02/05/2025;132;A;MKD;0,10370000;0,10470000;53,87000000;54,37000000
02/05/2025;133;A;RSD;0,05440000;0,05452000;103,44000000;103,65000000
02/05/2025;134;A;SDG;0,00936500;0,00941900;598,75020000;602,09120000
02/05/2025;135;A;TND;1,88980000;1,89100000;2,98230000;2,98380000
02/05/2025;136;A;SSP;0,00123900;0,00127500;4421,63710000;4551,63710000
02/05/2025;138;B;SDR;7,63490000;7,63570000;1,35400000;1,35400000
02/05/2025;139;A;MAD;0,60790000;0,60830000;9,27020000;9,27520000
02/05/2025;145;A;AED;1,53510000;1,53540000;3,67280000;3,67330000
02/05/2025;149;A;STN;0,25540000;0,26070000;21,63350000;22,08090000
02/05/2025;150;B;AUD;3,63420000;3,63520000;0,64450000;0,64460000
02/05/2025;155;A;BSD;5,63880000;5,63940000;1,00000000;1,00000000
02/05/2025;160;A;BMD;5,63880000;5,63940000;1,00000000;1,00000000
02/05/2025;165;A;CAD;4,08790000;4,08950000;1,37900000;1,37940000
02/05/2025;170;A;GYD;0,02679000;0,02712000;207,98000000;210,45000000
02/05/2025;173;A;NAD;0,30620000;0,30640000;18,40500000;18,41800000
02/05/2025;175;A;BBD;2,76400000;2,82240000;1,99810000;2,04010000
02/05/2025;180;A;BZD;2,79540000;2,81940000;2,00020000;2,01720000
02/05/2025;185;A;BND;4,34250000;4,34400000;1,29820000;1,29850000
02/05/2025;190;A;KYD;6,75310000;6,81500000;0,82750000;0,83500000
02/05/2025;195;A;SGD;4,34250000;4,34400000;1,29820000;1,29850000
02/05/2025;197;B;CLF;234,38240000;234,40730000;41,56600000;41,56600000
02/05/2025;200;B;FJD;2,46300000;2,54000000;0,43680000;0,45040000
02/05/2025;205;A;HKD;0,72760000;0,72770000;7,74990000;7,75020000
02/05/2025;210;A;TTD;0,82610000;0,83430000;6,75950000;6,82600000
02/05/2025;215;A;XCD;2,07310000;2,09640000;2,69000000;2,72000000
02/05/2025;220;A;USD;5,63880000;5,63940000;1,00000000;1,00000000
02/05/2025;230;A;JMD;0,03535000;0,03576000;157,71000000;159,51000000
02/05/2025;235;A;LRD;0,02791000;0,02848000;198,00000000;202,00000000
02/05/2025;245;B;NZD;3,35560000;3,35830000;0,59510000;0,59550000
02/05/2025;250;B;SBD;0,62870000;0,69530000;0,11150000;0,12330000
02/05/2025;255;A;SRD;0,15240000;0,15490000;36,40000000;37,00000000
02/05/2025;260;A;VND;0,00021660;0,00021710;25980,00000000;26030,00000000
02/05/2025;275;A;AMD;0,01444000;0,01452000;388,41000000;390,41000000
02/05/2025;295;A;CVE;0,05739000;0,05793000;97,35000000;98,25000000
02/05/2025;325;A;ANG;3,09820000;3,16020000;1,78450000;1,82000000
02/05/2025;326;A;XCG;3,09820000;3,16020000;1,78450000;1,82000000
02/05/2025;328;A;AWG;3,06460000;3,16820000;1,78000000;1,84000000
02/05/2025;345;A;HUF;0,01578000;0,01580000;356,94000000;357,37000000
02/05/2025;363;A;CDF;0,00191200;0,00197900;2850,00000000;2950,00000000
02/05/2025;365;A;BIF;0,00187000;0,00192200;2934,00000000;3015,00000000
02/05/2025;368;A;KMF;0,01293000;0,01299000;434,18000000;436,18000000
02/05/2025;370;A;XAF;0,00946300;0,00973600;579,21000000;595,87000000
02/05/2025;372;A;XOF;0,00971000;0,00982900;573,75000000;580,75000000
02/05/2025;380;A;XPF;0,05321000;0,05368000;105,05000000;105,97000000
02/05/2025;390;A;DJF;0,03158000;0,03175000;177,60000000;178,55000000
02/05/2025;398;A;GNF;0,00064810;0,00065390;8624,00000000;8700,00000000
02/05/2025;406;A;MGA;0,00125900;0,00126800;4448,45000000;4477,45000000
02/05/2025;420;A;RWF;0,00397100;0,00402000;1402,94000000;1419,94000000
02/05/2025;425;A;CHF;6,82250000;6,82740000;0,82600000;0,82650000
02/05/2025;440;A;HTG;0,04309000;0,04332000;130,16980000;130,86150000
02/05/2025;450;A;PYG;0,00070480;0,00070530;7995,19000000;8000,76000000
02/05/2025;460;A;UAH;0,13590000;0,13600000;41,47500000;41,49900000
02/05/2025;470;A;JPY;0,03901000;0,03903000;144,50000000;144,55000000
02/05/2025;482;A;GEL;2,03200000;2,07710000;2,71500000;2,77500000
02/05/2025;490;A;ALL;0,06464000;0,06511000;86,61000000;87,24000000
02/05/2025;495;A;HNL;0,21520000;0,21910000;25,74020000;26,20000000
02/05/2025;500;A;SLL;0,00024610;0,00024860;22683,00000000;22908,00000000
02/05/2025;503;A;MDL;0,32880000;0,33080000;17,05000000;17,15000000
02/05/2025;506;A;RON;1,28230000;1,28310000;4,39500000;4,39740000
02/05/2025;510;A;BGN;3,26430000;3,26520000;1,72710000;1,72740000
02/05/2025;530;B;GIP;7,50520000;7,51170000;1,33100000;1,33200000
02/05/2025;535;A;EGP;0,11100000;0,11120000;50,72000000;50,82000000
02/05/2025;540;B;GBP;7,48780000;7,49140000;1,32790000;1,32840000
02/05/2025;545;B;FKP;7,50520000;7,51170000;1,33100000;1,33200000
02/05/2025;560;A;LBP;0,00006290;0,00006300;89500,00000000;89700,00000000
02/05/2025;570;B;SHP;7,48830000;7,49080000;1,32800000;1,32830000
02/05/2025;575;A;SYP;0,00043340;0,00043380;13000,00000000;13010,00000000
02/05/2025;585;A;SZL;0,30590000;0,30650000;18,40030000;18,43230000
02/05/2025;603;A;LSL;0,30610000;0,30660000;18,39210000;18,42110000
02/05/2025;608;A;TMT;1,60900000;1,61380000;3,49450000;3,50450000
02/05/2025;622;A;MZN;0,08737000;0,08913000;63,27000000;64,54000000
02/05/2025;625;A;ERN;0,37220000;0,37600000;15,00000000;15,15000000
02/05/2025;630;A;NGN;0,00351200;0,00352200;1601,21000000;1605,81000000
02/05/2025;635;A;AOA;0,00605600;0,00618400;912,00000000;931,17000000
02/05/2025;640;A;TWD;0,18340000;0,18350000;30,72600000;30,75400000
02/05/2025;642;A;TRY;0,14620000;0,14620000;38,56540000;38,57540000
02/05/2025;660;A;PEN;1,54490000;1,54640000;3,64690000;3,64990000
02/05/2025;665;A;BTN;0,06677000;0,06686000;84,34700000;84,45700000
02/05/2025;670;A;MRO;0,01571000;0,01584000;356,00000000;359,00000000
02/05/2025;671;A;MRU;0,14090000;0,14220000;39,65010000;40,01010000
02/05/2025;680;B;TOP;2,30800000;2,44920000;0,40930000;0,43430000
02/05/2025;685;A;MOP;0,70570000;0,70640000;7,98300000;7,99000000
02/05/2025;706;A;ARS;0,00479900;0,00481800;1170,50000000;1175,00000000
02/05/2025;715;A;CLP;0,00599600;0,00600200;939,55000000;940,40000000
02/05/2025;720;A;COP;0,00132500;0,00132600;4252,46000000;4256,05000000
02/05/2025;721;B;COU;0,49960000;0,49970000;0,08860000;0,08860000
02/05/2025;725;A;CUP;0,23500000;0,23500000;24,00000000;24,00000000
02/05/2025;730;A;DOP;0,09556000;0,09619000;58,63000000;59,01000000
02/05/2025;735;A;PHP;0,10140000;0,10140000;55,60600000;55,63400000
02/05/2025;741;A;MXN;0,28710000;0,28720000;19,63710000;19,64070000
02/05/2025;745;A;UYU;0,13430000;0,13440000;41,95000000;41,98000000
02/05/2025;755;B;BWP;0,41110000;0,41390000;0,07290000;0,07340000
02/05/2025;760;A;MWK;0,00322200;0,00328400;1717,02000000;1750,32000000
02/05/2025;766;A;ZMW;0,20280000;0,20320000;27,75000000;27,80000000
02/05/2025;770;A;GTQ;0,73110000;0,73340000;7,68900000;7,71300000
02/05/2025;775;A;MMK;0,00267700;0,00269400;2093,70000000;2106,30000000
02/05/2025;778;B;PGK;1,33920000;1,38170000;0,23750000;0,24500000
02/05/2025;780;A;LAK;0,00025930;0,00026210;21515,00000000;21745,00000000
02/05/2025;785;A;ZAR;0,30620000;0,30630000;18,41270000;18,41720000
02/05/2025;795;A;CNY;0,77540000;0,77560000;7,27060000;7,27210000
02/05/2025;796;A;CNH;0,78170000;0,78190000;7,21230000;7,21370000
02/05/2025;800;A;QAR;1,54530000;1,54890000;3,64100000;3,64900000
02/05/2025;805;A;OMR;14,64240000;14,65160000;0,38490000;0,38510000
02/05/2025;810;A;YER;0,02303000;0,02308000;244,35000000;244,85000000
02/05/2025;815;A;IRR;0,00013420;0,00013430;42000,00000000;42005,00000000
02/05/2025;820;A;SAR;1,50350000;1,50380000;3,75000000;3,75050000
02/05/2025;825;A;KHR;0,00140500;0,00141200;3994,00000000;4014,00000000
02/05/2025;828;A;MYR;1,32210000;1,32440000;4,25800000;4,26500000
02/05/2025;830;A;RUB;0,06814000;0,06815000;82,74550000;82,75450000
02/05/2025;831;A;BYN;1,71960000;1,72660000;3,26610000;3,27910000
02/05/2025;835;A;TJS;0,53960000;0,55020000;10,25000000;10,45000000
02/05/2025;840;A;MUR;0,12350000;0,12440000;45,34000000;45,64000000
02/05/2025;845;A;NPR;0,04166000;0,04167000;135,33000000;135,34000000
02/05/2025;850;A;SCR;0,37190000;0,38830000;14,52500000;15,16400000
02/05/2025;855;A;LKR;0,01882000;0,01883000;299,45000000;299,55000000
02/05/2025;860;A;INR;0,06669000;0,06674000;84,49900000;84,55400000
02/05/2025;865;A;IDR;0,00034300;0,00034320;16430,00000000;16440,00000000
02/05/2025;870;A;MVR;0,36380000;0,36570000;15,42000000;15,50000000
02/05/2025;875;A;PKR;0,02004000;0,02008000;280,90000000;281,35000000
02/05/2025;880;A;ILS;1,56940000;1,57120000;3,58930000;3,59300000
02/05/2025;892;A;KGS;0,06444000;0,06449000;87,45000000;87,50430000
02/05/2025;893;A;UZS;0,00043640;0,00043680;12910,07000000;12920,07000000
02/05/2025;905;A;BDT;0,04622000;0,04661000;121,00000000;122,00000000
02/05/2025;912;B;WST;1,97410000;2,07020000;0,35010000;0,36710000
02/05/2025;913;A;KZT;0,01091000;0,01092000;516,50000000;516,70000000
02/05/2025;915;A;MNT;0,00157600;0,00157900;3571,00000000;3577,00000000
02/05/2025;920;A;VUV;0,04529000;0,04725000;119,35000000;124,50000000
02/05/2025;930;A;KRW;0,00402700;0,00403500;1397,68000000;1400,41000000
02/05/2025;946;A;TZS;0,00207500;0,00211400;2668,00000000;2718,00000000
02/05/2025;950;A;KES;0,04354000;0,04372000;129,00000000;129,50000000
02/05/2025;955;A;UGX;0,00153900;0,00154300;3655,00000000;3665,00000000
02/05/2025;960;A;SOS;0,00980700;0,00992900;568,00000000;575,00000000
02/05/2025;975;A;PLN;1,49190000;1,49350000;3,77600000;3,77960000
02/05/2025;978;B;EUR;6,38820000;6,38940000;1,13290000;1,13300000
02/05/2025;998;A;XAU;585,66680000;585,72910000;0,00962800;0,00962800

[2025-07-06T19:55:33.348+0000] {taskinstance.py:441} INFO - ::group::Post task execution logs
[2025-07-06T19:55:33.372+0000] {taskinstance.py:1206} INFO - Marking task as SUCCESS. dag_id=fin_cotacoes_bcb_classic, task_id=extract, run_id=scheduled__2025-05-02T00:00:00+00:00, execution_date=20250502T000000, start_date=20250706T195532, end_date=20250706T195533
[2025-07-06T19:55:33.416+0000] {local_task_job_runner.py:240} INFO - Task exited with return code 0
[2025-07-06T19:55:33.428+0000] {logging_mixin.py:188} WARNING - /home/***/.local/lib/python3.12/site-packages/***/models/baseoperator.py:1297 AirflowProviderDeprecationWarning: Call to deprecated class PostgresOperator. (Please use `***.providers.common.sql.operators.sql.SQLExecuteQueryOperator`.Also, you can provide `hook_params={'schema': <database>}`.)
[2025-07-06T19:55:33.452+0000] {taskinstance.py:3503} INFO - 1 downstream tasks scheduled from follow-on schedule check
[2025-07-06T19:55:33.453+0000] {local_task_job_runner.py:222} INFO - ::endgroup::
[2025-07-07T14:35:00.704+0000] {local_task_job_runner.py:120} INFO - ::group::Pre task execution logs
[2025-07-07T14:35:00.829+0000] {taskinstance.py:2076} INFO - Dependencies all met for dep_context=non-requeueable deps ti=<TaskInstance: fin_cotacoes_bcb_classic.extract scheduled__2025-05-02T00:00:00+00:00 [queued]>
[2025-07-07T14:35:00.854+0000] {taskinstance.py:2076} INFO - Dependencies all met for dep_context=requeueable deps ti=<TaskInstance: fin_cotacoes_bcb_classic.extract scheduled__2025-05-02T00:00:00+00:00 [queued]>
[2025-07-07T14:35:00.855+0000] {taskinstance.py:2306} INFO - Starting attempt 1 of 2
[2025-07-07T14:35:01.050+0000] {taskinstance.py:2330} INFO - Executing <Task(PythonOperator): extract> on 2025-05-02 00:00:00+00:00
[2025-07-07T14:35:01.087+0000] {standard_task_runner.py:90} INFO - Running: ['***', 'tasks', 'run', 'fin_cotacoes_bcb_classic', 'extract', 'scheduled__2025-05-02T00:00:00+00:00', '--job-id', '2538', '--raw', '--subdir', 'DAGS_FOLDER/cotacoes.py', '--cfg-path', '/tmp/tmpwjyb2rax']
[2025-07-07T14:35:01.096+0000] {standard_task_runner.py:91} INFO - Job 2538: Subtask extract
[2025-07-07T14:35:01.091+0000] {logging_mixin.py:188} WARNING - /home/***/.local/lib/python3.12/site-packages/***/task/task_runner/standard_task_runner.py:61 DeprecationWarning: This process (pid=79155) is multi-threaded, use of fork() may lead to deadlocks in the child.
[2025-07-07T14:35:01.106+0000] {standard_task_runner.py:63} INFO - Started process 79249 to run task
[2025-07-07T14:35:01.269+0000] {task_command.py:426} INFO - Running <TaskInstance: fin_cotacoes_bcb_classic.extract scheduled__2025-05-02T00:00:00+00:00 [running]> on host bc96ca91d307
[2025-07-07T14:35:01.509+0000] {taskinstance.py:2648} INFO - Exporting env vars: AIRFLOW_CTX_DAG_OWNER='***' AIRFLOW_CTX_DAG_ID='fin_cotacoes_bcb_classic' AIRFLOW_CTX_TASK_ID='extract' AIRFLOW_CTX_EXECUTION_DATE='2025-05-02T00:00:00+00:00' AIRFLOW_CTX_TRY_NUMBER='1' AIRFLOW_CTX_DAG_RUN_ID='scheduled__2025-05-02T00:00:00+00:00'
[2025-07-07T14:35:01.510+0000] {taskinstance.py:430} INFO - ::endgroup::
[2025-07-07T14:35:01.511+0000] {cotacoes.py:35} INFO - Iniciando extração da URL: https://www4.bcb.gov.br/Download/fechamento/20250502.csv
[2025-07-07T14:35:01.776+0000] {cotacoes.py:41} INFO - Extração concluída com sucesso.
[2025-07-07T14:35:01.784+0000] {python.py:237} INFO - Done. Returned value was: 02/05/2025;005;A;AFN;0,07949000;0,07972000;70,74000000;70,94000000
02/05/2025;009;A;ETB;0,04146000;0,04305000;130,99760000;135,99760000
02/05/2025;015;A;THB;0,17040000;0,17080000;33,01000000;33,10000000
02/05/2025;020;A;PAB;5,63880000;5,63940000;1,00000000;1,00000000
02/05/2025;027;A;VES;0,06439000;0,06456000;87,34920000;87,56810000
02/05/2025;030;A;BOB;0,80550000;0,82330000;6,85000000;7,00000000
02/05/2025;035;A;GHS;0,40420000;0,41010000;13,75000000;13,95000000
02/05/2025;040;A;CRC;0,01108000;0,01122000;502,68000000;508,83000000
02/05/2025;045;A;SVC;0,64370000;0,64450000;8,74980000;8,75980000
02/05/2025;051;A;NIO;0,15240000;0,15410000;36,60000000;37,00000000
02/05/2025;055;A;DKK;0,85610000;0,85620000;6,58620000;6,58680000
02/05/2025;060;A;ISK;0,04368000;0,04374000;128,92000000;129,10000000
02/05/2025;065;A;NOK;0,54240000;0,54270000;10,39180000;10,39510000
02/05/2025;070;A;SEK;0,58540000;0,58640000;9,61690000;9,63270000
02/05/2025;075;A;CZK;0,25630000;0,25650000;21,98300000;21,99900000
02/05/2025;090;A;GMD;0,07724000;0,07789000;72,40000000;73,00000000
02/05/2025;095;A;DZD;0,04224000;0,04270000;132,06920000;133,49190000
02/05/2025;100;A;KWD;18,38540000;18,39330000;0,30660000;0,30670000
02/05/2025;105;A;BHD;14,95700000;14,95860000;0,37700000;0,37700000
02/05/2025;115;A;IQD;0,00430100;0,00430800;1309,00000000;1311,00000000
02/05/2025;125;A;JOD;7,94200000;7,96530000;0,70800000;0,71000000
02/05/2025;130;A;LYD;1,03020000;1,03550000;5,44590000;5,47360000
02/05/2025;132;A;MKD;0,10370000;0,10470000;53,87000000;54,37000000
02/05/2025;133;A;RSD;0,05440000;0,05452000;103,44000000;103,65000000
02/05/2025;134;A;SDG;0,00936500;0,00941900;598,75020000;602,09120000
02/05/2025;135;A;TND;1,88980000;1,89100000;2,98230000;2,98380000
02/05/2025;136;A;SSP;0,00123900;0,00127500;4421,63710000;4551,63710000
02/05/2025;138;B;SDR;7,63490000;7,63570000;1,35400000;1,35400000
02/05/2025;139;A;MAD;0,60790000;0,60830000;9,27020000;9,27520000
02/05/2025;145;A;AED;1,53510000;1,53540000;3,67280000;3,67330000
02/05/2025;149;A;STN;0,25540000;0,26070000;21,63350000;22,08090000
02/05/2025;150;B;AUD;3,63420000;3,63520000;0,64450000;0,64460000
02/05/2025;155;A;BSD;5,63880000;5,63940000;1,00000000;1,00000000
02/05/2025;160;A;BMD;5,63880000;5,63940000;1,00000000;1,00000000
02/05/2025;165;A;CAD;4,08790000;4,08950000;1,37900000;1,37940000
02/05/2025;170;A;GYD;0,02679000;0,02712000;207,98000000;210,45000000
02/05/2025;173;A;NAD;0,30620000;0,30640000;18,40500000;18,41800000
02/05/2025;175;A;BBD;2,76400000;2,82240000;1,99810000;2,04010000
02/05/2025;180;A;BZD;2,79540000;2,81940000;2,00020000;2,01720000
02/05/2025;185;A;BND;4,34250000;4,34400000;1,29820000;1,29850000
02/05/2025;190;A;KYD;6,75310000;6,81500000;0,82750000;0,83500000
02/05/2025;195;A;SGD;4,34250000;4,34400000;1,29820000;1,29850000
02/05/2025;197;B;CLF;234,38240000;234,40730000;41,56600000;41,56600000
02/05/2025;200;B;FJD;2,46300000;2,54000000;0,43680000;0,45040000
02/05/2025;205;A;HKD;0,72760000;0,72770000;7,74990000;7,75020000
02/05/2025;210;A;TTD;0,82610000;0,83430000;6,75950000;6,82600000
02/05/2025;215;A;XCD;2,07310000;2,09640000;2,69000000;2,72000000
02/05/2025;220;A;USD;5,63880000;5,63940000;1,00000000;1,00000000
02/05/2025;230;A;JMD;0,03535000;0,03576000;157,71000000;159,51000000
02/05/2025;235;A;LRD;0,02791000;0,02848000;198,00000000;202,00000000
02/05/2025;245;B;NZD;3,35560000;3,35830000;0,59510000;0,59550000
02/05/2025;250;B;SBD;0,62870000;0,69530000;0,11150000;0,12330000
02/05/2025;255;A;SRD;0,15240000;0,15490000;36,40000000;37,00000000
02/05/2025;260;A;VND;0,00021660;0,00021710;25980,00000000;26030,00000000
02/05/2025;275;A;AMD;0,01444000;0,01452000;388,41000000;390,41000000
02/05/2025;295;A;CVE;0,05739000;0,05793000;97,35000000;98,25000000
02/05/2025;325;A;ANG;3,09820000;3,16020000;1,78450000;1,82000000
02/05/2025;326;A;XCG;3,09820000;3,16020000;1,78450000;1,82000000
02/05/2025;328;A;AWG;3,06460000;3,16820000;1,78000000;1,84000000
02/05/2025;345;A;HUF;0,01578000;0,01580000;356,94000000;357,37000000
02/05/2025;363;A;CDF;0,00191200;0,00197900;2850,00000000;2950,00000000
02/05/2025;365;A;BIF;0,00187000;0,00192200;2934,00000000;3015,00000000
02/05/2025;368;A;KMF;0,01293000;0,01299000;434,18000000;436,18000000
02/05/2025;370;A;XAF;0,00946300;0,00973600;579,21000000;595,87000000
02/05/2025;372;A;XOF;0,00971000;0,00982900;573,75000000;580,75000000
02/05/2025;380;A;XPF;0,05321000;0,05368000;105,05000000;105,97000000
02/05/2025;390;A;DJF;0,03158000;0,03175000;177,60000000;178,55000000
02/05/2025;398;A;GNF;0,00064810;0,00065390;8624,00000000;8700,00000000
02/05/2025;406;A;MGA;0,00125900;0,00126800;4448,45000000;4477,45000000
02/05/2025;420;A;RWF;0,00397100;0,00402000;1402,94000000;1419,94000000
02/05/2025;425;A;CHF;6,82250000;6,82740000;0,82600000;0,82650000
02/05/2025;440;A;HTG;0,04309000;0,04332000;130,16980000;130,86150000
02/05/2025;450;A;PYG;0,00070480;0,00070530;7995,19000000;8000,76000000
02/05/2025;460;A;UAH;0,13590000;0,13600000;41,47500000;41,49900000
02/05/2025;470;A;JPY;0,03901000;0,03903000;144,50000000;144,55000000
02/05/2025;482;A;GEL;2,03200000;2,07710000;2,71500000;2,77500000
02/05/2025;490;A;ALL;0,06464000;0,06511000;86,61000000;87,24000000
02/05/2025;495;A;HNL;0,21520000;0,21910000;25,74020000;26,20000000
02/05/2025;500;A;SLL;0,00024610;0,00024860;22683,00000000;22908,00000000
02/05/2025;503;A;MDL;0,32880000;0,33080000;17,05000000;17,15000000
02/05/2025;506;A;RON;1,28230000;1,28310000;4,39500000;4,39740000
02/05/2025;510;A;BGN;3,26430000;3,26520000;1,72710000;1,72740000
02/05/2025;530;B;GIP;7,50520000;7,51170000;1,33100000;1,33200000
02/05/2025;535;A;EGP;0,11100000;0,11120000;50,72000000;50,82000000
02/05/2025;540;B;GBP;7,48780000;7,49140000;1,32790000;1,32840000
02/05/2025;545;B;FKP;7,50520000;7,51170000;1,33100000;1,33200000
02/05/2025;560;A;LBP;0,00006290;0,00006300;89500,00000000;89700,00000000
02/05/2025;570;B;SHP;7,48830000;7,49080000;1,32800000;1,32830000
02/05/2025;575;A;SYP;0,00043340;0,00043380;13000,00000000;13010,00000000
02/05/2025;585;A;SZL;0,30590000;0,30650000;18,40030000;18,43230000
02/05/2025;603;A;LSL;0,30610000;0,30660000;18,39210000;18,42110000
02/05/2025;608;A;TMT;1,60900000;1,61380000;3,49450000;3,50450000
02/05/2025;622;A;MZN;0,08737000;0,08913000;63,27000000;64,54000000
02/05/2025;625;A;ERN;0,37220000;0,37600000;15,00000000;15,15000000
02/05/2025;630;A;NGN;0,00351200;0,00352200;1601,21000000;1605,81000000
02/05/2025;635;A;AOA;0,00605600;0,00618400;912,00000000;931,17000000
02/05/2025;640;A;TWD;0,18340000;0,18350000;30,72600000;30,75400000
02/05/2025;642;A;TRY;0,14620000;0,14620000;38,56540000;38,57540000
02/05/2025;660;A;PEN;1,54490000;1,54640000;3,64690000;3,64990000
02/05/2025;665;A;BTN;0,06677000;0,06686000;84,34700000;84,45700000
02/05/2025;670;A;MRO;0,01571000;0,01584000;356,00000000;359,00000000
02/05/2025;671;A;MRU;0,14090000;0,14220000;39,65010000;40,01010000
02/05/2025;680;B;TOP;2,30800000;2,44920000;0,40930000;0,43430000
02/05/2025;685;A;MOP;0,70570000;0,70640000;7,98300000;7,99000000
02/05/2025;706;A;ARS;0,00479900;0,00481800;1170,50000000;1175,00000000
02/05/2025;715;A;CLP;0,00599600;0,00600200;939,55000000;940,40000000
02/05/2025;720;A;COP;0,00132500;0,00132600;4252,46000000;4256,05000000
02/05/2025;721;B;COU;0,49960000;0,49970000;0,08860000;0,08860000
02/05/2025;725;A;CUP;0,23500000;0,23500000;24,00000000;24,00000000
02/05/2025;730;A;DOP;0,09556000;0,09619000;58,63000000;59,01000000
02/05/2025;735;A;PHP;0,10140000;0,10140000;55,60600000;55,63400000
02/05/2025;741;A;MXN;0,28710000;0,28720000;19,63710000;19,64070000
02/05/2025;745;A;UYU;0,13430000;0,13440000;41,95000000;41,98000000
02/05/2025;755;B;BWP;0,41110000;0,41390000;0,07290000;0,07340000
02/05/2025;760;A;MWK;0,00322200;0,00328400;1717,02000000;1750,32000000
02/05/2025;766;A;ZMW;0,20280000;0,20320000;27,75000000;27,80000000
02/05/2025;770;A;GTQ;0,73110000;0,73340000;7,68900000;7,71300000
02/05/2025;775;A;MMK;0,00267700;0,00269400;2093,70000000;2106,30000000
02/05/2025;778;B;PGK;1,33920000;1,38170000;0,23750000;0,24500000
02/05/2025;780;A;LAK;0,00025930;0,00026210;21515,00000000;21745,00000000
02/05/2025;785;A;ZAR;0,30620000;0,30630000;18,41270000;18,41720000
02/05/2025;795;A;CNY;0,77540000;0,77560000;7,27060000;7,27210000
02/05/2025;796;A;CNH;0,78170000;0,78190000;7,21230000;7,21370000
02/05/2025;800;A;QAR;1,54530000;1,54890000;3,64100000;3,64900000
02/05/2025;805;A;OMR;14,64240000;14,65160000;0,38490000;0,38510000
02/05/2025;810;A;YER;0,02303000;0,02308000;244,35000000;244,85000000
02/05/2025;815;A;IRR;0,00013420;0,00013430;42000,00000000;42005,00000000
02/05/2025;820;A;SAR;1,50350000;1,50380000;3,75000000;3,75050000
02/05/2025;825;A;KHR;0,00140500;0,00141200;3994,00000000;4014,00000000
02/05/2025;828;A;MYR;1,32210000;1,32440000;4,25800000;4,26500000
02/05/2025;830;A;RUB;0,06814000;0,06815000;82,74550000;82,75450000
02/05/2025;831;A;BYN;1,71960000;1,72660000;3,26610000;3,27910000
02/05/2025;835;A;TJS;0,53960000;0,55020000;10,25000000;10,45000000
02/05/2025;840;A;MUR;0,12350000;0,12440000;45,34000000;45,64000000
02/05/2025;845;A;NPR;0,04166000;0,04167000;135,33000000;135,34000000
02/05/2025;850;A;SCR;0,37190000;0,38830000;14,52500000;15,16400000
02/05/2025;855;A;LKR;0,01882000;0,01883000;299,45000000;299,55000000
02/05/2025;860;A;INR;0,06669000;0,06674000;84,49900000;84,55400000
02/05/2025;865;A;IDR;0,00034300;0,00034320;16430,00000000;16440,00000000
02/05/2025;870;A;MVR;0,36380000;0,36570000;15,42000000;15,50000000
02/05/2025;875;A;PKR;0,02004000;0,02008000;280,90000000;281,35000000
02/05/2025;880;A;ILS;1,56940000;1,57120000;3,58930000;3,59300000
02/05/2025;892;A;KGS;0,06444000;0,06449000;87,45000000;87,50430000
02/05/2025;893;A;UZS;0,00043640;0,00043680;12910,07000000;12920,07000000
02/05/2025;905;A;BDT;0,04622000;0,04661000;121,00000000;122,00000000
02/05/2025;912;B;WST;1,97410000;2,07020000;0,35010000;0,36710000
02/05/2025;913;A;KZT;0,01091000;0,01092000;516,50000000;516,70000000
02/05/2025;915;A;MNT;0,00157600;0,00157900;3571,00000000;3577,00000000
02/05/2025;920;A;VUV;0,04529000;0,04725000;119,35000000;124,50000000
02/05/2025;930;A;KRW;0,00402700;0,00403500;1397,68000000;1400,41000000
02/05/2025;946;A;TZS;0,00207500;0,00211400;2668,00000000;2718,00000000
02/05/2025;950;A;KES;0,04354000;0,04372000;129,00000000;129,50000000
02/05/2025;955;A;UGX;0,00153900;0,00154300;3655,00000000;3665,00000000
02/05/2025;960;A;SOS;0,00980700;0,00992900;568,00000000;575,00000000
02/05/2025;975;A;PLN;1,49190000;1,49350000;3,77600000;3,77960000
02/05/2025;978;B;EUR;6,38820000;6,38940000;1,13290000;1,13300000
02/05/2025;998;A;XAU;585,66680000;585,72910000;0,00962800;0,00962800

[2025-07-07T14:35:01.785+0000] {taskinstance.py:441} INFO - ::group::Post task execution logs
[2025-07-07T14:35:01.834+0000] {taskinstance.py:1206} INFO - Marking task as SUCCESS. dag_id=fin_cotacoes_bcb_classic, task_id=extract, run_id=scheduled__2025-05-02T00:00:00+00:00, execution_date=20250502T000000, start_date=20250707T143500, end_date=20250707T143501
[2025-07-07T14:35:02.155+0000] {local_task_job_runner.py:240} INFO - Task exited with return code 0
[2025-07-07T14:35:02.216+0000] {taskinstance.py:3503} INFO - 1 downstream tasks scheduled from follow-on schedule check
[2025-07-07T14:35:02.220+0000] {local_task_job_runner.py:222} INFO - ::endgroup::
[2025-07-07T15:12:22.636+0000] {local_task_job_runner.py:120} INFO - ::group::Pre task execution logs
[2025-07-07T15:12:22.741+0000] {taskinstance.py:2076} INFO - Dependencies all met for dep_context=non-requeueable deps ti=<TaskInstance: fin_cotacoes_bcb_classic.extract scheduled__2025-05-02T00:00:00+00:00 [queued]>
[2025-07-07T15:12:22.774+0000] {taskinstance.py:2076} INFO - Dependencies all met for dep_context=requeueable deps ti=<TaskInstance: fin_cotacoes_bcb_classic.extract scheduled__2025-05-02T00:00:00+00:00 [queued]>
[2025-07-07T15:12:22.774+0000] {taskinstance.py:2306} INFO - Starting attempt 1 of 2
[2025-07-07T15:12:22.842+0000] {taskinstance.py:2330} INFO - Executing <Task(PythonOperator): extract> on 2025-05-02 00:00:00+00:00
[2025-07-07T15:12:22.876+0000] {logging_mixin.py:188} WARNING - /home/***/.local/lib/python3.12/site-packages/***/task/task_runner/standard_task_runner.py:61 DeprecationWarning: This process (pid=103901) is multi-threaded, use of fork() may lead to deadlocks in the child.
[2025-07-07T15:12:22.876+0000] {standard_task_runner.py:90} INFO - Running: ['***', 'tasks', 'run', 'fin_cotacoes_bcb_classic', 'extract', 'scheduled__2025-05-02T00:00:00+00:00', '--job-id', '4222', '--raw', '--subdir', 'DAGS_FOLDER/cotacoes.py', '--cfg-path', '/tmp/tmp6b7f6ywi']
[2025-07-07T15:12:22.881+0000] {standard_task_runner.py:91} INFO - Job 4222: Subtask extract
[2025-07-07T15:12:22.877+0000] {standard_task_runner.py:63} INFO - Started process 103931 to run task
[2025-07-07T15:12:23.013+0000] {task_command.py:426} INFO - Running <TaskInstance: fin_cotacoes_bcb_classic.extract scheduled__2025-05-02T00:00:00+00:00 [running]> on host bc96ca91d307
[2025-07-07T15:12:23.253+0000] {taskinstance.py:2648} INFO - Exporting env vars: AIRFLOW_CTX_DAG_OWNER='***' AIRFLOW_CTX_DAG_ID='fin_cotacoes_bcb_classic' AIRFLOW_CTX_TASK_ID='extract' AIRFLOW_CTX_EXECUTION_DATE='2025-05-02T00:00:00+00:00' AIRFLOW_CTX_TRY_NUMBER='1' AIRFLOW_CTX_DAG_RUN_ID='scheduled__2025-05-02T00:00:00+00:00'
[2025-07-07T15:12:23.254+0000] {taskinstance.py:430} INFO - ::endgroup::
[2025-07-07T15:12:23.260+0000] {cotacoes.py:35} INFO - Iniciando extração da URL: https://www4.bcb.gov.br/Download/fechamento/20250502.csv
[2025-07-07T15:12:23.785+0000] {cotacoes.py:41} INFO - Extração concluída com sucesso.
[2025-07-07T15:12:23.790+0000] {python.py:237} INFO - Done. Returned value was: 02/05/2025;005;A;AFN;0,07949000;0,07972000;70,74000000;70,94000000
02/05/2025;009;A;ETB;0,04146000;0,04305000;130,99760000;135,99760000
02/05/2025;015;A;THB;0,17040000;0,17080000;33,01000000;33,10000000
02/05/2025;020;A;PAB;5,63880000;5,63940000;1,00000000;1,00000000
02/05/2025;027;A;VES;0,06439000;0,06456000;87,34920000;87,56810000
02/05/2025;030;A;BOB;0,80550000;0,82330000;6,85000000;7,00000000
02/05/2025;035;A;GHS;0,40420000;0,41010000;13,75000000;13,95000000
02/05/2025;040;A;CRC;0,01108000;0,01122000;502,68000000;508,83000000
02/05/2025;045;A;SVC;0,64370000;0,64450000;8,74980000;8,75980000
02/05/2025;051;A;NIO;0,15240000;0,15410000;36,60000000;37,00000000
02/05/2025;055;A;DKK;0,85610000;0,85620000;6,58620000;6,58680000
02/05/2025;060;A;ISK;0,04368000;0,04374000;128,92000000;129,10000000
02/05/2025;065;A;NOK;0,54240000;0,54270000;10,39180000;10,39510000
02/05/2025;070;A;SEK;0,58540000;0,58640000;9,61690000;9,63270000
02/05/2025;075;A;CZK;0,25630000;0,25650000;21,98300000;21,99900000
02/05/2025;090;A;GMD;0,07724000;0,07789000;72,40000000;73,00000000
02/05/2025;095;A;DZD;0,04224000;0,04270000;132,06920000;133,49190000
02/05/2025;100;A;KWD;18,38540000;18,39330000;0,30660000;0,30670000
02/05/2025;105;A;BHD;14,95700000;14,95860000;0,37700000;0,37700000
02/05/2025;115;A;IQD;0,00430100;0,00430800;1309,00000000;1311,00000000
02/05/2025;125;A;JOD;7,94200000;7,96530000;0,70800000;0,71000000
02/05/2025;130;A;LYD;1,03020000;1,03550000;5,44590000;5,47360000
02/05/2025;132;A;MKD;0,10370000;0,10470000;53,87000000;54,37000000
02/05/2025;133;A;RSD;0,05440000;0,05452000;103,44000000;103,65000000
02/05/2025;134;A;SDG;0,00936500;0,00941900;598,75020000;602,09120000
02/05/2025;135;A;TND;1,88980000;1,89100000;2,98230000;2,98380000
02/05/2025;136;A;SSP;0,00123900;0,00127500;4421,63710000;4551,63710000
02/05/2025;138;B;SDR;7,63490000;7,63570000;1,35400000;1,35400000
02/05/2025;139;A;MAD;0,60790000;0,60830000;9,27020000;9,27520000
02/05/2025;145;A;AED;1,53510000;1,53540000;3,67280000;3,67330000
02/05/2025;149;A;STN;0,25540000;0,26070000;21,63350000;22,08090000
02/05/2025;150;B;AUD;3,63420000;3,63520000;0,64450000;0,64460000
02/05/2025;155;A;BSD;5,63880000;5,63940000;1,00000000;1,00000000
02/05/2025;160;A;BMD;5,63880000;5,63940000;1,00000000;1,00000000
02/05/2025;165;A;CAD;4,08790000;4,08950000;1,37900000;1,37940000
02/05/2025;170;A;GYD;0,02679000;0,02712000;207,98000000;210,45000000
02/05/2025;173;A;NAD;0,30620000;0,30640000;18,40500000;18,41800000
02/05/2025;175;A;BBD;2,76400000;2,82240000;1,99810000;2,04010000
02/05/2025;180;A;BZD;2,79540000;2,81940000;2,00020000;2,01720000
02/05/2025;185;A;BND;4,34250000;4,34400000;1,29820000;1,29850000
02/05/2025;190;A;KYD;6,75310000;6,81500000;0,82750000;0,83500000
02/05/2025;195;A;SGD;4,34250000;4,34400000;1,29820000;1,29850000
02/05/2025;197;B;CLF;234,38240000;234,40730000;41,56600000;41,56600000
02/05/2025;200;B;FJD;2,46300000;2,54000000;0,43680000;0,45040000
02/05/2025;205;A;HKD;0,72760000;0,72770000;7,74990000;7,75020000
02/05/2025;210;A;TTD;0,82610000;0,83430000;6,75950000;6,82600000
02/05/2025;215;A;XCD;2,07310000;2,09640000;2,69000000;2,72000000
02/05/2025;220;A;USD;5,63880000;5,63940000;1,00000000;1,00000000
02/05/2025;230;A;JMD;0,03535000;0,03576000;157,71000000;159,51000000
02/05/2025;235;A;LRD;0,02791000;0,02848000;198,00000000;202,00000000
02/05/2025;245;B;NZD;3,35560000;3,35830000;0,59510000;0,59550000
02/05/2025;250;B;SBD;0,62870000;0,69530000;0,11150000;0,12330000
02/05/2025;255;A;SRD;0,15240000;0,15490000;36,40000000;37,00000000
02/05/2025;260;A;VND;0,00021660;0,00021710;25980,00000000;26030,00000000
02/05/2025;275;A;AMD;0,01444000;0,01452000;388,41000000;390,41000000
02/05/2025;295;A;CVE;0,05739000;0,05793000;97,35000000;98,25000000
02/05/2025;325;A;ANG;3,09820000;3,16020000;1,78450000;1,82000000
02/05/2025;326;A;XCG;3,09820000;3,16020000;1,78450000;1,82000000
02/05/2025;328;A;AWG;3,06460000;3,16820000;1,78000000;1,84000000
02/05/2025;345;A;HUF;0,01578000;0,01580000;356,94000000;357,37000000
02/05/2025;363;A;CDF;0,00191200;0,00197900;2850,00000000;2950,00000000
02/05/2025;365;A;BIF;0,00187000;0,00192200;2934,00000000;3015,00000000
02/05/2025;368;A;KMF;0,01293000;0,01299000;434,18000000;436,18000000
02/05/2025;370;A;XAF;0,00946300;0,00973600;579,21000000;595,87000000
02/05/2025;372;A;XOF;0,00971000;0,00982900;573,75000000;580,75000000
02/05/2025;380;A;XPF;0,05321000;0,05368000;105,05000000;105,97000000
02/05/2025;390;A;DJF;0,03158000;0,03175000;177,60000000;178,55000000
02/05/2025;398;A;GNF;0,00064810;0,00065390;8624,00000000;8700,00000000
02/05/2025;406;A;MGA;0,00125900;0,00126800;4448,45000000;4477,45000000
02/05/2025;420;A;RWF;0,00397100;0,00402000;1402,94000000;1419,94000000
02/05/2025;425;A;CHF;6,82250000;6,82740000;0,82600000;0,82650000
02/05/2025;440;A;HTG;0,04309000;0,04332000;130,16980000;130,86150000
02/05/2025;450;A;PYG;0,00070480;0,00070530;7995,19000000;8000,76000000
02/05/2025;460;A;UAH;0,13590000;0,13600000;41,47500000;41,49900000
02/05/2025;470;A;JPY;0,03901000;0,03903000;144,50000000;144,55000000
02/05/2025;482;A;GEL;2,03200000;2,07710000;2,71500000;2,77500000
02/05/2025;490;A;ALL;0,06464000;0,06511000;86,61000000;87,24000000
02/05/2025;495;A;HNL;0,21520000;0,21910000;25,74020000;26,20000000
02/05/2025;500;A;SLL;0,00024610;0,00024860;22683,00000000;22908,00000000
02/05/2025;503;A;MDL;0,32880000;0,33080000;17,05000000;17,15000000
02/05/2025;506;A;RON;1,28230000;1,28310000;4,39500000;4,39740000
02/05/2025;510;A;BGN;3,26430000;3,26520000;1,72710000;1,72740000
02/05/2025;530;B;GIP;7,50520000;7,51170000;1,33100000;1,33200000
02/05/2025;535;A;EGP;0,11100000;0,11120000;50,72000000;50,82000000
02/05/2025;540;B;GBP;7,48780000;7,49140000;1,32790000;1,32840000
02/05/2025;545;B;FKP;7,50520000;7,51170000;1,33100000;1,33200000
02/05/2025;560;A;LBP;0,00006290;0,00006300;89500,00000000;89700,00000000
02/05/2025;570;B;SHP;7,48830000;7,49080000;1,32800000;1,32830000
02/05/2025;575;A;SYP;0,00043340;0,00043380;13000,00000000;13010,00000000
02/05/2025;585;A;SZL;0,30590000;0,30650000;18,40030000;18,43230000
02/05/2025;603;A;LSL;0,30610000;0,30660000;18,39210000;18,42110000
02/05/2025;608;A;TMT;1,60900000;1,61380000;3,49450000;3,50450000
02/05/2025;622;A;MZN;0,08737000;0,08913000;63,27000000;64,54000000
02/05/2025;625;A;ERN;0,37220000;0,37600000;15,00000000;15,15000000
02/05/2025;630;A;NGN;0,00351200;0,00352200;1601,21000000;1605,81000000
02/05/2025;635;A;AOA;0,00605600;0,00618400;912,00000000;931,17000000
02/05/2025;640;A;TWD;0,18340000;0,18350000;30,72600000;30,75400000
02/05/2025;642;A;TRY;0,14620000;0,14620000;38,56540000;38,57540000
02/05/2025;660;A;PEN;1,54490000;1,54640000;3,64690000;3,64990000
02/05/2025;665;A;BTN;0,06677000;0,06686000;84,34700000;84,45700000
02/05/2025;670;A;MRO;0,01571000;0,01584000;356,00000000;359,00000000
02/05/2025;671;A;MRU;0,14090000;0,14220000;39,65010000;40,01010000
02/05/2025;680;B;TOP;2,30800000;2,44920000;0,40930000;0,43430000
02/05/2025;685;A;MOP;0,70570000;0,70640000;7,98300000;7,99000000
02/05/2025;706;A;ARS;0,00479900;0,00481800;1170,50000000;1175,00000000
02/05/2025;715;A;CLP;0,00599600;0,00600200;939,55000000;940,40000000
02/05/2025;720;A;COP;0,00132500;0,00132600;4252,46000000;4256,05000000
02/05/2025;721;B;COU;0,49960000;0,49970000;0,08860000;0,08860000
02/05/2025;725;A;CUP;0,23500000;0,23500000;24,00000000;24,00000000
02/05/2025;730;A;DOP;0,09556000;0,09619000;58,63000000;59,01000000
02/05/2025;735;A;PHP;0,10140000;0,10140000;55,60600000;55,63400000
02/05/2025;741;A;MXN;0,28710000;0,28720000;19,63710000;19,64070000
02/05/2025;745;A;UYU;0,13430000;0,13440000;41,95000000;41,98000000
02/05/2025;755;B;BWP;0,41110000;0,41390000;0,07290000;0,07340000
02/05/2025;760;A;MWK;0,00322200;0,00328400;1717,02000000;1750,32000000
02/05/2025;766;A;ZMW;0,20280000;0,20320000;27,75000000;27,80000000
02/05/2025;770;A;GTQ;0,73110000;0,73340000;7,68900000;7,71300000
02/05/2025;775;A;MMK;0,00267700;0,00269400;2093,70000000;2106,30000000
02/05/2025;778;B;PGK;1,33920000;1,38170000;0,23750000;0,24500000
02/05/2025;780;A;LAK;0,00025930;0,00026210;21515,00000000;21745,00000000
02/05/2025;785;A;ZAR;0,30620000;0,30630000;18,41270000;18,41720000
02/05/2025;795;A;CNY;0,77540000;0,77560000;7,27060000;7,27210000
02/05/2025;796;A;CNH;0,78170000;0,78190000;7,21230000;7,21370000
02/05/2025;800;A;QAR;1,54530000;1,54890000;3,64100000;3,64900000
02/05/2025;805;A;OMR;14,64240000;14,65160000;0,38490000;0,38510000
02/05/2025;810;A;YER;0,02303000;0,02308000;244,35000000;244,85000000
02/05/2025;815;A;IRR;0,00013420;0,00013430;42000,00000000;42005,00000000
02/05/2025;820;A;SAR;1,50350000;1,50380000;3,75000000;3,75050000
02/05/2025;825;A;KHR;0,00140500;0,00141200;3994,00000000;4014,00000000
02/05/2025;828;A;MYR;1,32210000;1,32440000;4,25800000;4,26500000
02/05/2025;830;A;RUB;0,06814000;0,06815000;82,74550000;82,75450000
02/05/2025;831;A;BYN;1,71960000;1,72660000;3,26610000;3,27910000
02/05/2025;835;A;TJS;0,53960000;0,55020000;10,25000000;10,45000000
02/05/2025;840;A;MUR;0,12350000;0,12440000;45,34000000;45,64000000
02/05/2025;845;A;NPR;0,04166000;0,04167000;135,33000000;135,34000000
02/05/2025;850;A;SCR;0,37190000;0,38830000;14,52500000;15,16400000
02/05/2025;855;A;LKR;0,01882000;0,01883000;299,45000000;299,55000000
02/05/2025;860;A;INR;0,06669000;0,06674000;84,49900000;84,55400000
02/05/2025;865;A;IDR;0,00034300;0,00034320;16430,00000000;16440,00000000
02/05/2025;870;A;MVR;0,36380000;0,36570000;15,42000000;15,50000000
02/05/2025;875;A;PKR;0,02004000;0,02008000;280,90000000;281,35000000
02/05/2025;880;A;ILS;1,56940000;1,57120000;3,58930000;3,59300000
02/05/2025;892;A;KGS;0,06444000;0,06449000;87,45000000;87,50430000
02/05/2025;893;A;UZS;0,00043640;0,00043680;12910,07000000;12920,07000000
02/05/2025;905;A;BDT;0,04622000;0,04661000;121,00000000;122,00000000
02/05/2025;912;B;WST;1,97410000;2,07020000;0,35010000;0,36710000
02/05/2025;913;A;KZT;0,01091000;0,01092000;516,50000000;516,70000000
02/05/2025;915;A;MNT;0,00157600;0,00157900;3571,00000000;3577,00000000
02/05/2025;920;A;VUV;0,04529000;0,04725000;119,35000000;124,50000000
02/05/2025;930;A;KRW;0,00402700;0,00403500;1397,68000000;1400,41000000
02/05/2025;946;A;TZS;0,00207500;0,00211400;2668,00000000;2718,00000000
02/05/2025;950;A;KES;0,04354000;0,04372000;129,00000000;129,50000000
02/05/2025;955;A;UGX;0,00153900;0,00154300;3655,00000000;3665,00000000
02/05/2025;960;A;SOS;0,00980700;0,00992900;568,00000000;575,00000000
02/05/2025;975;A;PLN;1,49190000;1,49350000;3,77600000;3,77960000
02/05/2025;978;B;EUR;6,38820000;6,38940000;1,13290000;1,13300000
02/05/2025;998;A;XAU;585,66680000;585,72910000;0,00962800;0,00962800

[2025-07-07T15:12:23.795+0000] {taskinstance.py:441} INFO - ::group::Post task execution logs
[2025-07-07T15:12:23.876+0000] {taskinstance.py:1206} INFO - Marking task as SUCCESS. dag_id=fin_cotacoes_bcb_classic, task_id=extract, run_id=scheduled__2025-05-02T00:00:00+00:00, execution_date=20250502T000000, start_date=20250707T151222, end_date=20250707T151223
[2025-07-07T15:12:23.957+0000] {local_task_job_runner.py:240} INFO - Task exited with return code 0
[2025-07-07T15:12:23.994+0000] {local_task_job_runner.py:222} INFO - ::endgroup::
