[2025-07-07T15:05:30.187+0000] {local_task_job_runner.py:120} INFO - ::group::Pre task execution logs
[2025-07-07T15:05:30.213+0000] {taskinstance.py:2076} INFO - Dependencies all met for dep_context=non-requeueable deps ti=<TaskInstance: fin_cotacoes_bcb_classic.transform_and_load scheduled__2024-05-16T00:00:00+00:00 [queued]>
[2025-07-07T15:05:30.219+0000] {taskinstance.py:2076} INFO - Dependencies all met for dep_context=requeueable deps ti=<TaskInstance: fin_cotacoes_bcb_classic.transform_and_load scheduled__2024-05-16T00:00:00+00:00 [queued]>
[2025-07-07T15:05:30.220+0000] {taskinstance.py:2306} INFO - Starting attempt 1 of 2
[2025-07-07T15:05:30.232+0000] {taskinstance.py:2330} INFO - Executing <Task(PythonOperator): transform_and_load> on 2024-05-16 00:00:00+00:00
[2025-07-07T15:05:30.244+0000] {logging_mixin.py:188} WARNING - /home/***/.local/lib/python3.12/site-packages/***/task/task_runner/standard_task_runner.py:61 DeprecationWarning: This process (pid=97224) is multi-threaded, use of fork() may lead to deadlocks in the child.
[2025-07-07T15:05:30.243+0000] {standard_task_runner.py:90} INFO - Running: ['***', 'tasks', 'run', 'fin_cotacoes_bcb_classic', 'transform_and_load', 'scheduled__2024-05-16T00:00:00+00:00', '--job-id', '3177', '--raw', '--subdir', 'DAGS_FOLDER/cotacoes.py', '--cfg-path', '/tmp/tmp8y4tt23z']
[2025-07-07T15:05:30.244+0000] {standard_task_runner.py:91} INFO - Job 3177: Subtask transform_and_load
[2025-07-07T15:05:30.245+0000] {standard_task_runner.py:63} INFO - Started process 97248 to run task
[2025-07-07T15:05:30.286+0000] {task_command.py:426} INFO - Running <TaskInstance: fin_cotacoes_bcb_classic.transform_and_load scheduled__2024-05-16T00:00:00+00:00 [running]> on host bc96ca91d307
[2025-07-07T15:05:30.358+0000] {taskinstance.py:2648} INFO - Exporting env vars: AIRFLOW_CTX_DAG_OWNER='***' AIRFLOW_CTX_DAG_ID='fin_cotacoes_bcb_classic' AIRFLOW_CTX_TASK_ID='transform_and_load' AIRFLOW_CTX_EXECUTION_DATE='2024-05-16T00:00:00+00:00' AIRFLOW_CTX_TRY_NUMBER='1' AIRFLOW_CTX_DAG_RUN_ID='scheduled__2024-05-16T00:00:00+00:00'
[2025-07-07T15:05:30.359+0000] {taskinstance.py:430} INFO - ::endgroup::
[2025-07-07T15:05:30.376+0000] {logging_mixin.py:188} WARNING - /opt/***/dags/cotacoes.py:104 UserWarning: Parsing dates in %d/%m/%Y format when dayfirst=False (the default) was specified. Pass `dayfirst=True` or specify a format to silence this warning.
[2025-07-07T15:05:30.379+0000] {cotacoes.py:109} INFO - DataFrame transformado com 156 linhas.
[2025-07-07T15:05:30.387+0000] {base.py:84} INFO - Using connection ID '***-postgres' for task execution.
[2025-07-07T15:05:30.396+0000] {base.py:84} INFO - Using connection ID '***-postgres' for task execution.
[2025-07-07T15:05:30.434+0000] {sql.py:598} INFO - Loaded 156 rows into cotacoes so far
[2025-07-07T15:05:30.434+0000] {sql.py:611} INFO - Done loading. Loaded a total of 156 rows into cotacoes
[2025-07-07T15:05:30.435+0000] {cotacoes.py:124} INFO - Carregados/Atualizados 156 registros na tabela cotacoes.
[2025-07-07T15:05:30.435+0000] {python.py:237} INFO - Done. Returned value was: None
[2025-07-07T15:05:30.435+0000] {taskinstance.py:441} INFO - ::group::Post task execution logs
[2025-07-07T15:05:30.446+0000] {taskinstance.py:1206} INFO - Marking task as SUCCESS. dag_id=fin_cotacoes_bcb_classic, task_id=transform_and_load, run_id=scheduled__2024-05-16T00:00:00+00:00, execution_date=20240516T000000, start_date=20250707T150530, end_date=20250707T150530
[2025-07-07T15:05:30.498+0000] {local_task_job_runner.py:240} INFO - Task exited with return code 0
[2025-07-07T15:05:30.518+0000] {taskinstance.py:3503} INFO - 0 downstream tasks scheduled from follow-on schedule check
[2025-07-07T15:05:30.519+0000] {local_task_job_runner.py:222} INFO - ::endgroup::
