[2025-07-06T19:07:53.794+0000] {local_task_job_runner.py:120} INFO - ::group::Pre task execution logs
[2025-07-06T19:07:53.868+0000] {taskinstance.py:2076} INFO - Dependencies all met for dep_context=non-requeueable deps ti=<TaskInstance: fin_cotacoes_bcb_classic.extract scheduled__2024-08-17T00:00:00+00:00 [queued]>
[2025-07-06T19:07:53.882+0000] {taskinstance.py:2076} INFO - Dependencies all met for dep_context=requeueable deps ti=<TaskInstance: fin_cotacoes_bcb_classic.extract scheduled__2024-08-17T00:00:00+00:00 [queued]>
[2025-07-06T19:07:53.882+0000] {taskinstance.py:2306} INFO - Starting attempt 1 of 2
[2025-07-06T19:07:53.960+0000] {taskinstance.py:2330} INFO - Executing <Task(PythonOperator): extract> on 2024-08-17 00:00:00+00:00
[2025-07-06T19:07:53.985+0000] {logging_mixin.py:188} WARNING - /home/***/.local/lib/python3.12/site-packages/***/task/task_runner/standard_task_runner.py:61 DeprecationWarning: This process (pid=11374) is multi-threaded, use of fork() may lead to deadlocks in the child.
[2025-07-06T19:07:53.981+0000] {standard_task_runner.py:90} INFO - Running: ['***', 'tasks', 'run', 'fin_cotacoes_bcb_classic', 'extract', 'scheduled__2024-08-17T00:00:00+00:00', '--job-id', '835', '--raw', '--subdir', 'DAGS_FOLDER/cotacoes.py', '--cfg-path', '/tmp/tmpx8zwjib8']
[2025-07-06T19:07:53.987+0000] {standard_task_runner.py:91} INFO - Job 835: Subtask extract
[2025-07-06T19:07:53.987+0000] {standard_task_runner.py:63} INFO - Started process 11394 to run task
[2025-07-06T19:07:54.092+0000] {task_command.py:426} INFO - Running <TaskInstance: fin_cotacoes_bcb_classic.extract scheduled__2024-08-17T00:00:00+00:00 [running]> on host 20adb53d65c4
[2025-07-06T19:07:54.332+0000] {taskinstance.py:2648} INFO - Exporting env vars: AIRFLOW_CTX_DAG_OWNER='***' AIRFLOW_CTX_DAG_ID='fin_cotacoes_bcb_classic' AIRFLOW_CTX_TASK_ID='extract' AIRFLOW_CTX_EXECUTION_DATE='2024-08-17T00:00:00+00:00' AIRFLOW_CTX_TRY_NUMBER='1' AIRFLOW_CTX_DAG_RUN_ID='scheduled__2024-08-17T00:00:00+00:00'
[2025-07-06T19:07:54.333+0000] {taskinstance.py:430} INFO - ::endgroup::
[2025-07-06T19:07:54.334+0000] {cotacoes.py:37} INFO - Iniciando extração da URL: https://www4.bcb.gov.br/Download/fechamento/20240817.csv
[2025-07-06T19:07:54.575+0000] {cotacoes.py:46} ERROR - Erro ao acessar a URL: 404 Client Error: Not Found for url: https://www4.bcb.gov.br/Download/fechamento/20240817.csv
[2025-07-06T19:07:54.585+0000] {python.py:237} INFO - Done. Returned value was: None
[2025-07-06T19:07:54.586+0000] {taskinstance.py:441} INFO - ::group::Post task execution logs
[2025-07-06T19:07:54.606+0000] {taskinstance.py:1206} INFO - Marking task as SUCCESS. dag_id=fin_cotacoes_bcb_classic, task_id=extract, run_id=scheduled__2024-08-17T00:00:00+00:00, execution_date=20240817T000000, start_date=20250706T190753, end_date=20250706T190754
[2025-07-06T19:07:55.234+0000] {local_task_job_runner.py:240} INFO - Task exited with return code 0
[2025-07-06T19:07:55.282+0000] {logging_mixin.py:188} WARNING - /home/***/.local/lib/python3.12/site-packages/***/models/baseoperator.py:1297 AirflowProviderDeprecationWarning: Call to deprecated class PostgresOperator. (Please use `***.providers.common.sql.operators.sql.SQLExecuteQueryOperator`.Also, you can provide `hook_params={'schema': <database>}`.)
[2025-07-06T19:07:55.370+0000] {taskinstance.py:3503} INFO - 1 downstream tasks scheduled from follow-on schedule check
[2025-07-06T19:07:55.385+0000] {local_task_job_runner.py:222} INFO - ::endgroup::
[2025-07-07T15:07:20.368+0000] {local_task_job_runner.py:120} INFO - ::group::Pre task execution logs
[2025-07-07T15:07:20.486+0000] {taskinstance.py:2076} INFO - Dependencies all met for dep_context=non-requeueable deps ti=<TaskInstance: fin_cotacoes_bcb_classic.extract scheduled__2024-08-17T00:00:00+00:00 [queued]>
[2025-07-07T15:07:20.554+0000] {taskinstance.py:2076} INFO - Dependencies all met for dep_context=requeueable deps ti=<TaskInstance: fin_cotacoes_bcb_classic.extract scheduled__2024-08-17T00:00:00+00:00 [queued]>
[2025-07-07T15:07:20.555+0000] {taskinstance.py:2306} INFO - Starting attempt 1 of 2
[2025-07-07T15:07:20.585+0000] {taskinstance.py:2330} INFO - Executing <Task(PythonOperator): extract> on 2024-08-17 00:00:00+00:00
[2025-07-07T15:07:20.597+0000] {logging_mixin.py:188} WARNING - /home/***/.local/lib/python3.12/site-packages/***/task/task_runner/standard_task_runner.py:61 DeprecationWarning: This process (pid=98869) is multi-threaded, use of fork() may lead to deadlocks in the child.
[2025-07-07T15:07:20.598+0000] {standard_task_runner.py:63} INFO - Started process 98963 to run task
[2025-07-07T15:07:20.620+0000] {standard_task_runner.py:90} INFO - Running: ['***', 'tasks', 'run', 'fin_cotacoes_bcb_classic', 'extract', 'scheduled__2024-08-17T00:00:00+00:00', '--job-id', '3441', '--raw', '--subdir', 'DAGS_FOLDER/cotacoes.py', '--cfg-path', '/tmp/tmpg6hr02v0']
[2025-07-07T15:07:20.621+0000] {standard_task_runner.py:91} INFO - Job 3441: Subtask extract
[2025-07-07T15:07:20.776+0000] {task_command.py:426} INFO - Running <TaskInstance: fin_cotacoes_bcb_classic.extract scheduled__2024-08-17T00:00:00+00:00 [running]> on host bc96ca91d307
[2025-07-07T15:07:21.108+0000] {taskinstance.py:2648} INFO - Exporting env vars: AIRFLOW_CTX_DAG_OWNER='***' AIRFLOW_CTX_DAG_ID='fin_cotacoes_bcb_classic' AIRFLOW_CTX_TASK_ID='extract' AIRFLOW_CTX_EXECUTION_DATE='2024-08-17T00:00:00+00:00' AIRFLOW_CTX_TRY_NUMBER='1' AIRFLOW_CTX_DAG_RUN_ID='scheduled__2024-08-17T00:00:00+00:00'
[2025-07-07T15:07:21.111+0000] {taskinstance.py:430} INFO - ::endgroup::
[2025-07-07T15:07:21.120+0000] {cotacoes.py:35} INFO - Iniciando extração da URL: https://www4.bcb.gov.br/Download/fechamento/20240817.csv
[2025-07-07T15:07:21.431+0000] {cotacoes.py:46} WARNING - Não foi possível extrair dados da URL (pode ser um dia sem cotação): 404 Client Error: Not Found for url: https://www4.bcb.gov.br/Download/fechamento/20240817.csv
[2025-07-07T15:07:21.433+0000] {python.py:237} INFO - Done. Returned value was: None
[2025-07-07T15:07:21.438+0000] {taskinstance.py:441} INFO - ::group::Post task execution logs
[2025-07-07T15:07:21.456+0000] {taskinstance.py:1206} INFO - Marking task as SUCCESS. dag_id=fin_cotacoes_bcb_classic, task_id=extract, run_id=scheduled__2024-08-17T00:00:00+00:00, execution_date=20240817T000000, start_date=20250707T150720, end_date=20250707T150721
[2025-07-07T15:07:21.590+0000] {local_task_job_runner.py:240} INFO - Task exited with return code 0
[2025-07-07T15:07:21.713+0000] {taskinstance.py:3503} INFO - 0 downstream tasks scheduled from follow-on schedule check
[2025-07-07T15:07:21.718+0000] {local_task_job_runner.py:222} INFO - ::endgroup::
