[2025-07-07T14:35:00.818+0000] {local_task_job_runner.py:120} INFO - ::group::Pre task execution logs
[2025-07-07T14:35:00.897+0000] {taskinstance.py:2076} INFO - Dependencies all met for dep_context=non-requeueable deps ti=<TaskInstance: fin_cotacoes_bcb_classic.create_table_postgres scheduled__2025-05-03T00:00:00+00:00 [queued]>
[2025-07-07T14:35:00.917+0000] {taskinstance.py:2076} INFO - Dependencies all met for dep_context=requeueable deps ti=<TaskInstance: fin_cotacoes_bcb_classic.create_table_postgres scheduled__2025-05-03T00:00:00+00:00 [queued]>
[2025-07-07T14:35:00.918+0000] {taskinstance.py:2306} INFO - Starting attempt 1 of 2
[2025-07-07T14:35:01.040+0000] {taskinstance.py:2330} INFO - Executing <Task(SQLExecuteQueryOperator): create_table_postgres> on 2025-05-03 00:00:00+00:00
[2025-07-07T14:35:01.066+0000] {logging_mixin.py:188} WARNING - /home/***/.local/lib/python3.12/site-packages/***/task/task_runner/standard_task_runner.py:61 DeprecationWarning: This process (pid=79152) is multi-threaded, use of fork() may lead to deadlocks in the child.
[2025-07-07T14:35:01.067+0000] {standard_task_runner.py:63} INFO - Started process 79248 to run task
[2025-07-07T14:35:01.064+0000] {standard_task_runner.py:90} INFO - Running: ['***', 'tasks', 'run', 'fin_cotacoes_bcb_classic', 'create_table_postgres', 'scheduled__2025-05-03T00:00:00+00:00', '--job-id', '2539', '--raw', '--subdir', 'DAGS_FOLDER/cotacoes.py', '--cfg-path', '/tmp/tmpropn70m6']
[2025-07-07T14:35:01.068+0000] {standard_task_runner.py:91} INFO - Job 2539: Subtask create_table_postgres
[2025-07-07T14:35:01.258+0000] {task_command.py:426} INFO - Running <TaskInstance: fin_cotacoes_bcb_classic.create_table_postgres scheduled__2025-05-03T00:00:00+00:00 [running]> on host bc96ca91d307
[2025-07-07T14:35:01.476+0000] {taskinstance.py:2648} INFO - Exporting env vars: AIRFLOW_CTX_DAG_OWNER='***' AIRFLOW_CTX_DAG_ID='fin_cotacoes_bcb_classic' AIRFLOW_CTX_TASK_ID='create_table_postgres' AIRFLOW_CTX_EXECUTION_DATE='2025-05-03T00:00:00+00:00' AIRFLOW_CTX_TRY_NUMBER='1' AIRFLOW_CTX_DAG_RUN_ID='scheduled__2025-05-03T00:00:00+00:00'
[2025-07-07T14:35:01.477+0000] {taskinstance.py:430} INFO - ::endgroup::
[2025-07-07T14:35:01.477+0000] {sql.py:276} INFO - Executing: 
CREATE TABLE IF NOT EXISTS cotacoes (
    dt_fechamento DATE,
    cod_moeda TEXT,
    tipo_moeda TEXT,
    desc_moeda TEXT,
    taxa_compra REAL,
    taxa_venda REAL,
    paridade_compra REAL,
    paridade_venda REAL,
    data_processamento TIMESTAMP,
    CONSTRAINT table_pk PRIMARY KEY (dt_fechamento, cod_moeda)
);
[2025-07-07T14:35:01.492+0000] {base.py:84} INFO - Using connection ID '***-postgres' for task execution.
[2025-07-07T14:35:01.508+0000] {base.py:84} INFO - Using connection ID '***-postgres' for task execution.
[2025-07-07T14:35:01.517+0000] {sql.py:487} INFO - Running statement: 
CREATE TABLE IF NOT EXISTS cotacoes (
    dt_fechamento DATE,
    cod_moeda TEXT,
    tipo_moeda TEXT,
    desc_moeda TEXT,
    taxa_compra REAL,
    taxa_venda REAL,
    paridade_compra REAL,
    paridade_venda REAL,
    data_processamento TIMESTAMP,
    CONSTRAINT table_pk PRIMARY KEY (dt_fechamento, cod_moeda)
);, parameters: None
[2025-07-07T14:35:01.521+0000] {taskinstance.py:441} INFO - ::group::Post task execution logs
[2025-07-07T14:35:01.543+0000] {taskinstance.py:1206} INFO - Marking task as SUCCESS. dag_id=fin_cotacoes_bcb_classic, task_id=create_table_postgres, run_id=scheduled__2025-05-03T00:00:00+00:00, execution_date=20250503T000000, start_date=20250707T143500, end_date=20250707T143501
[2025-07-07T14:35:01.591+0000] {local_task_job_runner.py:240} INFO - Task exited with return code 0
[2025-07-07T14:35:01.667+0000] {taskinstance.py:3503} INFO - 1 downstream tasks scheduled from follow-on schedule check
[2025-07-07T14:35:01.668+0000] {local_task_job_runner.py:222} INFO - ::endgroup::
[2025-07-07T15:12:23.581+0000] {local_task_job_runner.py:120} INFO - ::group::Pre task execution logs
[2025-07-07T15:12:23.645+0000] {taskinstance.py:2076} INFO - Dependencies all met for dep_context=non-requeueable deps ti=<TaskInstance: fin_cotacoes_bcb_classic.create_table_postgres scheduled__2025-05-03T00:00:00+00:00 [queued]>
[2025-07-07T15:12:23.655+0000] {taskinstance.py:2076} INFO - Dependencies all met for dep_context=requeueable deps ti=<TaskInstance: fin_cotacoes_bcb_classic.create_table_postgres scheduled__2025-05-03T00:00:00+00:00 [queued]>
[2025-07-07T15:12:23.656+0000] {taskinstance.py:2306} INFO - Starting attempt 1 of 2
[2025-07-07T15:12:23.683+0000] {taskinstance.py:2330} INFO - Executing <Task(SQLExecuteQueryOperator): create_table_postgres> on 2025-05-03 00:00:00+00:00
[2025-07-07T15:12:23.702+0000] {logging_mixin.py:188} WARNING - /home/***/.local/lib/python3.12/site-packages/***/task/task_runner/standard_task_runner.py:61 DeprecationWarning: This process (pid=103906) is multi-threaded, use of fork() may lead to deadlocks in the child.
[2025-07-07T15:12:23.703+0000] {standard_task_runner.py:63} INFO - Started process 103937 to run task
[2025-07-07T15:12:23.702+0000] {standard_task_runner.py:90} INFO - Running: ['***', 'tasks', 'run', 'fin_cotacoes_bcb_classic', 'create_table_postgres', 'scheduled__2025-05-03T00:00:00+00:00', '--job-id', '4227', '--raw', '--subdir', 'DAGS_FOLDER/cotacoes.py', '--cfg-path', '/tmp/tmpa2y0qmbk']
[2025-07-07T15:12:23.710+0000] {standard_task_runner.py:91} INFO - Job 4227: Subtask create_table_postgres
[2025-07-07T15:12:23.874+0000] {task_command.py:426} INFO - Running <TaskInstance: fin_cotacoes_bcb_classic.create_table_postgres scheduled__2025-05-03T00:00:00+00:00 [running]> on host bc96ca91d307
[2025-07-07T15:12:24.116+0000] {taskinstance.py:2648} INFO - Exporting env vars: AIRFLOW_CTX_DAG_OWNER='***' AIRFLOW_CTX_DAG_ID='fin_cotacoes_bcb_classic' AIRFLOW_CTX_TASK_ID='create_table_postgres' AIRFLOW_CTX_EXECUTION_DATE='2025-05-03T00:00:00+00:00' AIRFLOW_CTX_TRY_NUMBER='1' AIRFLOW_CTX_DAG_RUN_ID='scheduled__2025-05-03T00:00:00+00:00'
[2025-07-07T15:12:24.117+0000] {taskinstance.py:430} INFO - ::endgroup::
[2025-07-07T15:12:24.118+0000] {sql.py:276} INFO - Executing: 
CREATE TABLE IF NOT EXISTS cotacoes (
    dt_fechamento DATE,
    cod_moeda TEXT,
    tipo_moeda TEXT,
    desc_moeda TEXT,
    taxa_compra REAL,
    taxa_venda REAL,
    paridade_compra REAL,
    paridade_venda REAL,
    data_processamento TIMESTAMP,
    CONSTRAINT table_pk PRIMARY KEY (dt_fechamento, cod_moeda)
);
[2025-07-07T15:12:24.136+0000] {base.py:84} INFO - Using connection ID '***-postgres' for task execution.
[2025-07-07T15:12:24.161+0000] {base.py:84} INFO - Using connection ID '***-postgres' for task execution.
[2025-07-07T15:12:24.169+0000] {sql.py:487} INFO - Running statement: 
CREATE TABLE IF NOT EXISTS cotacoes (
    dt_fechamento DATE,
    cod_moeda TEXT,
    tipo_moeda TEXT,
    desc_moeda TEXT,
    taxa_compra REAL,
    taxa_venda REAL,
    paridade_compra REAL,
    paridade_venda REAL,
    data_processamento TIMESTAMP,
    CONSTRAINT table_pk PRIMARY KEY (dt_fechamento, cod_moeda)
);, parameters: None
[2025-07-07T15:12:24.173+0000] {taskinstance.py:441} INFO - ::group::Post task execution logs
[2025-07-07T15:12:24.191+0000] {taskinstance.py:1206} INFO - Marking task as SUCCESS. dag_id=fin_cotacoes_bcb_classic, task_id=create_table_postgres, run_id=scheduled__2025-05-03T00:00:00+00:00, execution_date=20250503T000000, start_date=20250707T151223, end_date=20250707T151224
[2025-07-07T15:12:24.252+0000] {local_task_job_runner.py:240} INFO - Task exited with return code 0
[2025-07-07T15:12:24.314+0000] {taskinstance.py:3503} INFO - 1 downstream tasks scheduled from follow-on schedule check
[2025-07-07T15:12:24.318+0000] {local_task_job_runner.py:222} INFO - ::endgroup::
