[2025-07-07T14:36:10.599+0000] {local_task_job_runner.py:120} INFO - ::group::Pre task execution logs
[2025-07-07T14:36:10.711+0000] {taskinstance.py:2076} INFO - Dependencies all met for dep_context=non-requeueable deps ti=<TaskInstance: fin_cotacoes_bcb_classic.transform_and_load scheduled__2025-06-18T00:00:00+00:00 [queued]>
[2025-07-07T14:36:10.739+0000] {taskinstance.py:2076} INFO - Dependencies all met for dep_context=requeueable deps ti=<TaskInstance: fin_cotacoes_bcb_classic.transform_and_load scheduled__2025-06-18T00:00:00+00:00 [queued]>
[2025-07-07T14:36:10.744+0000] {taskinstance.py:2306} INFO - Starting attempt 1 of 2
[2025-07-07T14:36:10.783+0000] {taskinstance.py:2330} INFO - Executing <Task(PythonOperator): transform_and_load> on 2025-06-18 00:00:00+00:00
[2025-07-07T14:36:10.813+0000] {logging_mixin.py:188} WARNING - /home/***/.local/lib/python3.12/site-packages/***/task/task_runner/standard_task_runner.py:61 DeprecationWarning: This process (pid=80293) is multi-threaded, use of fork() may lead to deadlocks in the child.
[2025-07-07T14:36:10.814+0000] {standard_task_runner.py:63} INFO - Started process 80401 to run task
[2025-07-07T14:36:10.816+0000] {standard_task_runner.py:90} INFO - Running: ['***', 'tasks', 'run', 'fin_cotacoes_bcb_classic', 'transform_and_load', 'scheduled__2025-06-18T00:00:00+00:00', '--job-id', '2718', '--raw', '--subdir', 'DAGS_FOLDER/cotacoes.py', '--cfg-path', '/tmp/tmp57woh43b']
[2025-07-07T14:36:10.817+0000] {standard_task_runner.py:91} INFO - Job 2718: Subtask transform_and_load
[2025-07-07T14:36:10.963+0000] {task_command.py:426} INFO - Running <TaskInstance: fin_cotacoes_bcb_classic.transform_and_load scheduled__2025-06-18T00:00:00+00:00 [running]> on host bc96ca91d307
[2025-07-07T14:36:11.207+0000] {taskinstance.py:2648} INFO - Exporting env vars: AIRFLOW_CTX_DAG_OWNER='***' AIRFLOW_CTX_DAG_ID='fin_cotacoes_bcb_classic' AIRFLOW_CTX_TASK_ID='transform_and_load' AIRFLOW_CTX_EXECUTION_DATE='2025-06-18T00:00:00+00:00' AIRFLOW_CTX_TRY_NUMBER='1' AIRFLOW_CTX_DAG_RUN_ID='scheduled__2025-06-18T00:00:00+00:00'
[2025-07-07T14:36:11.208+0000] {taskinstance.py:430} INFO - ::endgroup::
[2025-07-07T14:36:11.263+0000] {logging_mixin.py:188} WARNING - /opt/***/dags/cotacoes.py:104 UserWarning: Parsing dates in %d/%m/%Y format when dayfirst=False (the default) was specified. Pass `dayfirst=True` or specify a format to silence this warning.
[2025-07-07T14:36:11.273+0000] {cotacoes.py:109} INFO - DataFrame transformado com 157 linhas.
[2025-07-07T14:36:11.307+0000] {base.py:84} INFO - Using connection ID '***-postgres' for task execution.
[2025-07-07T14:36:11.340+0000] {base.py:84} INFO - Using connection ID '***-postgres' for task execution.
[2025-07-07T14:36:11.419+0000] {sql.py:598} INFO - Loaded 157 rows into cotacoes so far
[2025-07-07T14:36:11.422+0000] {sql.py:611} INFO - Done loading. Loaded a total of 157 rows into cotacoes
[2025-07-07T14:36:11.422+0000] {cotacoes.py:124} INFO - Carregados/Atualizados 157 registros na tabela cotacoes.
[2025-07-07T14:36:11.423+0000] {python.py:237} INFO - Done. Returned value was: None
[2025-07-07T14:36:11.424+0000] {taskinstance.py:441} INFO - ::group::Post task execution logs
[2025-07-07T14:36:11.448+0000] {taskinstance.py:1206} INFO - Marking task as SUCCESS. dag_id=fin_cotacoes_bcb_classic, task_id=transform_and_load, run_id=scheduled__2025-06-18T00:00:00+00:00, execution_date=20250618T000000, start_date=20250707T143610, end_date=20250707T143611
[2025-07-07T14:36:11.534+0000] {local_task_job_runner.py:240} INFO - Task exited with return code 0
[2025-07-07T14:36:11.581+0000] {taskinstance.py:3503} INFO - 0 downstream tasks scheduled from follow-on schedule check
[2025-07-07T14:36:11.586+0000] {local_task_job_runner.py:222} INFO - ::endgroup::
[2025-07-07T15:13:26.639+0000] {local_task_job_runner.py:120} INFO - ::group::Pre task execution logs
[2025-07-07T15:13:26.708+0000] {taskinstance.py:2076} INFO - Dependencies all met for dep_context=non-requeueable deps ti=<TaskInstance: fin_cotacoes_bcb_classic.transform_and_load scheduled__2025-06-18T00:00:00+00:00 [queued]>
[2025-07-07T15:13:26.733+0000] {taskinstance.py:2076} INFO - Dependencies all met for dep_context=requeueable deps ti=<TaskInstance: fin_cotacoes_bcb_classic.transform_and_load scheduled__2025-06-18T00:00:00+00:00 [queued]>
[2025-07-07T15:13:26.734+0000] {taskinstance.py:2306} INFO - Starting attempt 1 of 2
[2025-07-07T15:13:26.759+0000] {taskinstance.py:2330} INFO - Executing <Task(PythonOperator): transform_and_load> on 2025-06-18 00:00:00+00:00
[2025-07-07T15:13:26.792+0000] {logging_mixin.py:188} WARNING - /home/***/.local/lib/python3.12/site-packages/***/task/task_runner/standard_task_runner.py:61 DeprecationWarning: This process (pid=104936) is multi-threaded, use of fork() may lead to deadlocks in the child.
[2025-07-07T15:13:26.793+0000] {standard_task_runner.py:63} INFO - Started process 104965 to run task
[2025-07-07T15:13:26.788+0000] {standard_task_runner.py:90} INFO - Running: ['***', 'tasks', 'run', 'fin_cotacoes_bcb_classic', 'transform_and_load', 'scheduled__2025-06-18T00:00:00+00:00', '--job-id', '4391', '--raw', '--subdir', 'DAGS_FOLDER/cotacoes.py', '--cfg-path', '/tmp/tmpky__iwpx']
[2025-07-07T15:13:26.795+0000] {standard_task_runner.py:91} INFO - Job 4391: Subtask transform_and_load
[2025-07-07T15:13:26.903+0000] {task_command.py:426} INFO - Running <TaskInstance: fin_cotacoes_bcb_classic.transform_and_load scheduled__2025-06-18T00:00:00+00:00 [running]> on host bc96ca91d307
[2025-07-07T15:13:27.077+0000] {taskinstance.py:2648} INFO - Exporting env vars: AIRFLOW_CTX_DAG_OWNER='***' AIRFLOW_CTX_DAG_ID='fin_cotacoes_bcb_classic' AIRFLOW_CTX_TASK_ID='transform_and_load' AIRFLOW_CTX_EXECUTION_DATE='2025-06-18T00:00:00+00:00' AIRFLOW_CTX_TRY_NUMBER='1' AIRFLOW_CTX_DAG_RUN_ID='scheduled__2025-06-18T00:00:00+00:00'
[2025-07-07T15:13:27.079+0000] {taskinstance.py:430} INFO - ::endgroup::
[2025-07-07T15:13:27.142+0000] {logging_mixin.py:188} WARNING - /opt/***/dags/cotacoes.py:104 UserWarning: Parsing dates in %d/%m/%Y format when dayfirst=False (the default) was specified. Pass `dayfirst=True` or specify a format to silence this warning.
[2025-07-07T15:13:27.150+0000] {cotacoes.py:109} INFO - DataFrame transformado com 157 linhas.
[2025-07-07T15:13:27.183+0000] {base.py:84} INFO - Using connection ID '***-postgres' for task execution.
[2025-07-07T15:13:27.213+0000] {base.py:84} INFO - Using connection ID '***-postgres' for task execution.
[2025-07-07T15:13:27.321+0000] {sql.py:598} INFO - Loaded 157 rows into cotacoes so far
[2025-07-07T15:13:27.321+0000] {sql.py:611} INFO - Done loading. Loaded a total of 157 rows into cotacoes
[2025-07-07T15:13:27.322+0000] {cotacoes.py:124} INFO - Carregados/Atualizados 157 registros na tabela cotacoes.
[2025-07-07T15:13:27.322+0000] {python.py:237} INFO - Done. Returned value was: None
[2025-07-07T15:13:27.322+0000] {taskinstance.py:441} INFO - ::group::Post task execution logs
[2025-07-07T15:13:27.344+0000] {taskinstance.py:1206} INFO - Marking task as SUCCESS. dag_id=fin_cotacoes_bcb_classic, task_id=transform_and_load, run_id=scheduled__2025-06-18T00:00:00+00:00, execution_date=20250618T000000, start_date=20250707T151326, end_date=20250707T151327
[2025-07-07T15:13:27.422+0000] {local_task_job_runner.py:240} INFO - Task exited with return code 0
[2025-07-07T15:13:27.461+0000] {taskinstance.py:3503} INFO - 0 downstream tasks scheduled from follow-on schedule check
[2025-07-07T15:13:27.466+0000] {local_task_job_runner.py:222} INFO - ::endgroup::
