[2025-07-06T19:28:55.946+0000] {local_task_job_runner.py:120} INFO - ::group::Pre task execution logs
[2025-07-06T19:28:56.032+0000] {taskinstance.py:2076} INFO - Dependencies all met for dep_context=non-requeueable deps ti=<TaskInstance: fin_cotacoes_bcb_classic.extract scheduled__2025-02-04T00:00:00+00:00 [queued]>
[2025-07-06T19:28:56.055+0000] {taskinstance.py:2076} INFO - Dependencies all met for dep_context=requeueable deps ti=<TaskInstance: fin_cotacoes_bcb_classic.extract scheduled__2025-02-04T00:00:00+00:00 [queued]>
[2025-07-06T19:28:56.057+0000] {taskinstance.py:2306} INFO - Starting attempt 1 of 2
[2025-07-06T19:28:56.117+0000] {taskinstance.py:2330} INFO - Executing <Task(PythonOperator): extract> on 2025-02-04 00:00:00+00:00
[2025-07-06T19:28:56.135+0000] {logging_mixin.py:188} WARNING - /home/***/.local/lib/python3.12/site-packages/***/task/task_runner/standard_task_runner.py:61 DeprecationWarning: This process (pid=22947) is multi-threaded, use of fork() may lead to deadlocks in the child.
[2025-07-06T19:28:56.136+0000] {standard_task_runner.py:63} INFO - Started process 22963 to run task
[2025-07-06T19:28:56.144+0000] {standard_task_runner.py:90} INFO - Running: ['***', 'tasks', 'run', 'fin_cotacoes_bcb_classic', 'extract', 'scheduled__2025-02-04T00:00:00+00:00', '--job-id', '1023', '--raw', '--subdir', 'DAGS_FOLDER/cotacoes.py', '--cfg-path', '/tmp/tmp4jn0tfgo']
[2025-07-06T19:28:56.145+0000] {standard_task_runner.py:91} INFO - Job 1023: Subtask extract
[2025-07-06T19:28:56.301+0000] {task_command.py:426} INFO - Running <TaskInstance: fin_cotacoes_bcb_classic.extract scheduled__2025-02-04T00:00:00+00:00 [running]> on host 20adb53d65c4
[2025-07-06T19:28:56.542+0000] {taskinstance.py:2648} INFO - Exporting env vars: AIRFLOW_CTX_DAG_OWNER='***' AIRFLOW_CTX_DAG_ID='fin_cotacoes_bcb_classic' AIRFLOW_CTX_TASK_ID='extract' AIRFLOW_CTX_EXECUTION_DATE='2025-02-04T00:00:00+00:00' AIRFLOW_CTX_TRY_NUMBER='1' AIRFLOW_CTX_DAG_RUN_ID='scheduled__2025-02-04T00:00:00+00:00'
[2025-07-06T19:28:56.544+0000] {taskinstance.py:430} INFO - ::endgroup::
[2025-07-06T19:28:56.544+0000] {cotacoes.py:37} INFO - Iniciando extração da URL: https://www4.bcb.gov.br/Download/fechamento/20250204.csv
[2025-07-06T19:28:56.789+0000] {cotacoes.py:43} INFO - Extração concluída com sucesso.
[2025-07-06T19:28:56.797+0000] {python.py:237} INFO - Done. Returned value was: 04/02/2025;005;A;AFN;0,07774000;0,07795000;74,31000000;74,51000000
04/02/2025;009;A;ETB;0,04446000;0,04624000;125,27920000;130,27920000
04/02/2025;015;A;THB;0,17200000;0,17200000;33,67000000;33,68000000
04/02/2025;020;A;PAB;5,79210000;5,79270000;1,00000000;1,00000000
04/02/2025;027;A;VES;0,09894000;0,09920000;58,39400000;58,54040000
04/02/2025;030;A;BOB;0,82740000;0,84560000;6,85000000;7,00000000
04/02/2025;035;A;GHS;0,37490000;0,37860000;15,30000000;15,45000000
04/02/2025;040;A;CRC;0,01135000;0,01149000;504,34000000;510,49000000
04/02/2025;045;A;SVC;0,66120000;0,66210000;8,74950000;8,75950000
04/02/2025;051;A;NIO;0,15650000;0,15830000;36,60000000;37,00000000
04/02/2025;055;A;DKK;0,80590000;0,80610000;7,18630000;7,18670000
04/02/2025;060;A;ISK;0,04092000;0,04099000;141,33000000;141,53000000
04/02/2025;065;A;NOK;0,51420000;0,51520000;11,24380000;11,26340000
04/02/2025;070;A;SEK;0,52770000;0,52840000;10,96180000;10,97570000
04/02/2025;075;A;CZK;0,23900000;0,23910000;24,22700000;24,23400000
04/02/2025;090;A;GMD;0,07934000;0,08034000;72,10000000;73,00000000
04/02/2025;095;A;DZD;0,04261000;0,04280000;135,33930000;135,92930000
04/02/2025;100;A;KWD;18,75070000;18,78920000;0,30830000;0,30890000
04/02/2025;105;A;BHD;15,35960000;15,36930000;0,37690000;0,37710000
04/02/2025;115;A;IQD;0,00441800;0,00442500;1309,00000000;1311,00000000
04/02/2025;125;A;JOD;8,15790000;8,16680000;0,70930000;0,71000000
04/02/2025;130;A;LYD;1,17230000;1,17780000;4,91830000;4,94060000
04/02/2025;132;A;MKD;0,09723000;0,09807000;59,07000000;59,57000000
04/02/2025;133;A;RSD;0,05133000;0,05138000;112,75000000;112,84000000
04/02/2025;134;A;SDG;0,00961900;0,00967400;598,80020000;602,14120000
04/02/2025;135;A;TND;1,80720000;1,81310000;3,19500000;3,20500000
04/02/2025;136;A;SSP;0,00132800;0,00136300;4251,04430000;4361,04430000
04/02/2025;138;B;SDR;7,53840000;7,53920000;1,30150000;1,30150000
04/02/2025;139;A;MAD;0,57640000;0,57680000;10,04360000;10,04860000
04/02/2025;145;A;AED;1,57690000;1,57720000;3,67270000;3,67320000
04/02/2025;149;A;STN;0,24050000;0,24540000;23,60080000;24,08700000
04/02/2025;150;B;AUD;3,61770000;3,62100000;0,62460000;0,62510000
04/02/2025;155;A;BSD;5,79210000;5,79270000;1,00000000;1,00000000
04/02/2025;160;A;BMD;5,79210000;5,79270000;1,00000000;1,00000000
04/02/2025;165;A;CAD;4,04140000;4,04350000;1,43260000;1,43320000
04/02/2025;170;A;GYD;0,02752000;0,02785000;207,98000000;210,45000000
04/02/2025;173;A;NAD;0,31060000;0,31070000;18,64600000;18,64890000
04/02/2025;175;A;BBD;2,83910000;2,89910000;1,99810000;2,04010000
04/02/2025;180;A;BZD;2,87140000;2,89610000;2,00020000;2,01720000
04/02/2025;185;A;BND;4,28410000;4,28710000;1,35120000;1,35200000
04/02/2025;190;A;KYD;6,93660000;7,00020000;0,82750000;0,83500000
04/02/2025;195;A;SGD;4,28410000;4,28710000;1,35120000;1,35200000
04/02/2025;197;B;CLF;228,19720000;228,22080000;39,39800000;39,39800000
04/02/2025;200;B;FJD;2,45990000;2,53890000;0,42470000;0,43830000
04/02/2025;205;A;HKD;0,74390000;0,74400000;7,78640000;7,78650000
04/02/2025;210;A;TTD;0,85630000;0,87000000;6,65790000;6,76440000
04/02/2025;215;A;XCD;2,12940000;2,15340000;2,69000000;2,72000000
04/02/2025;220;A;USD;5,79210000;5,79270000;1,00000000;1,00000000
04/02/2025;230;A;JMD;0,03647000;0,03689000;157,01000000;158,81000000
04/02/2025;235;A;LRD;0,02867000;0,02955000;196,00000000;202,00000000
04/02/2025;245;B;NZD;3,26670000;3,27000000;0,56400000;0,56450000
04/02/2025;250;B;SBD;0,64870000;0,71830000;0,11200000;0,12400000
04/02/2025;255;A;SRD;0,16300000;0,16670000;34,75000000;35,53500000
04/02/2025;260;A;VND;0,00022980;0,00023020;25160,00000000;25200,00000000
04/02/2025;275;A;AMD;0,01456000;0,01464000;395,71000000;397,71000000
04/02/2025;295;A;CVE;0,05403000;0,05453000;106,22000000;107,20000000
04/02/2025;325;A;ANG;3,18250000;3,24610000;1,78450000;1,82000000
04/02/2025;328;A;AWG;3,20010000;3,23610000;1,79000000;1,81000000
04/02/2025;345;A;HUF;0,01477000;0,01477000;392,07000000;392,20000000
04/02/2025;363;A;CDF;0,00201800;0,00204000;2840,00000000;2870,00000000
04/02/2025;365;A;BIF;0,00193100;0,00198400;2920,00000000;3000,00000000
04/02/2025;368;A;KMF;0,01215000;0,01220000;474,83000000;476,83000000
04/02/2025;370;A;XAF;0,00877500;0,00916700;631,88000000;660,07000000
04/02/2025;372;A;XOF;0,00905700;0,00915800;632,50000000;639,50000000
04/02/2025;380;A;XPF;0,05009000;0,05054000;114,61000000;115,63000000
04/02/2025;390;A;DJF;0,03244000;0,03262000;177,60000000;178,55000000
04/02/2025;398;A;GNF;0,00066690;0,00067340;8602,00000000;8685,00000000
04/02/2025;406;A;MGA;0,00123600;0,00124600;4648,13000000;4687,63000000
04/02/2025;420;A;RWF;0,00414300;0,00419400;1381,08000000;1398,08000000
04/02/2025;425;A;CHF;6,39160000;6,39720000;0,90550000;0,90620000
04/02/2025;440;A;HTG;0,04408000;0,04449000;130,20000000;131,40000000
04/02/2025;450;A;PYG;0,00073530;0,00073640;7866,00000000;7877,06000000
04/02/2025;460;A;UAH;0,13860000;0,13900000;41,68000000;41,78000000
04/02/2025;470;A;JPY;0,03745000;0,03746000;154,64000000;154,66000000
04/02/2025;482;A;GEL;2,02520000;2,06880000;2,80000000;2,86000000
04/02/2025;490;A;ALL;0,06037000;0,06096000;95,03000000;95,95000000
04/02/2025;495;A;HNL;0,22640000;0,22730000;25,48700000;25,58700000
04/02/2025;500;A;SLL;0,00025280;0,00025540;22683,00000000;22908,00000000
04/02/2025;503;A;MDL;0,30920000;0,31090000;18,63100000;18,73100000
04/02/2025;506;A;RON;1,20780000;1,20850000;4,79320000;4,79540000
04/02/2025;510;A;BGN;3,07060000;3,07170000;1,88580000;1,88630000
04/02/2025;530;B;GIP;7,18510000;7,19160000;1,24050000;1,24150000
04/02/2025;535;A;EGP;0,11510000;0,11530000;50,24000000;50,34000000
04/02/2025;540;B;GBP;7,22560000;7,22760000;1,24750000;1,24770000
04/02/2025;545;B;FKP;7,18510000;7,19160000;1,24050000;1,24150000
04/02/2025;560;A;LBP;0,00006460;0,00006470;89500,00000000;89600,00000000
04/02/2025;570;B;SHP;7,20650000;7,21310000;1,24420000;1,24520000
04/02/2025;575;A;SYP;0,00044520;0,00044560;13000,00000000;13010,00000000
04/02/2025;585;A;SZL;0,31050000;0,31110000;18,62290000;18,65440000
04/02/2025;603;A;LSL;0,31060000;0,31070000;18,64620000;18,64920000
04/02/2025;608;A;TMT;1,65270000;1,65760000;3,49470000;3,50470000
04/02/2025;622;A;MZN;0,08977000;0,09158000;63,25000000;64,52000000
04/02/2025;625;A;ERN;0,38230000;0,38620000;15,00000000;15,15000000
04/02/2025;630;A;NGN;0,00388700;0,00389300;1487,99000000;1489,99000000
04/02/2025;635;A;AOA;0,00622700;0,00635200;912,00000000;930,24000000
04/02/2025;640;A;TWD;0,17630000;0,17640000;32,83600000;32,85400000
04/02/2025;642;A;TRY;0,16120000;0,16120000;35,92750000;35,93750000
04/02/2025;660;A;PEN;1,56340000;1,56560000;3,69990000;3,70490000
04/02/2025;665;A;BTN;0,06649000;0,06658000;87,00000000;87,10900000
04/02/2025;670;A;MRO;0,01613000;0,01627000;356,00000000;359,00000000
04/02/2025;671;A;MRU;0,14490000;0,14540000;39,84000000;39,96000000
04/02/2025;680;B;TOP;2,33130000;2,47640000;0,40250000;0,42750000
04/02/2025;685;A;MOP;0,72150000;0,72230000;8,02000000;8,02800000
04/02/2025;706;A;ARS;0,00549700;0,00549900;1053,50000000;1053,75000000
04/02/2025;715;A;CLP;0,00594700;0,00595900;972,17000000;974,01000000
04/02/2025;720;A;COP;0,00139700;0,00139800;4144,99000000;4146,99000000
04/02/2025;721;B;COU;0,51610000;0,51610000;0,08910000;0,08910000
04/02/2025;725;A;CUP;0,24130000;0,24140000;24,00000000;24,00000000
04/02/2025;730;A;DOP;0,09341000;0,09401000;61,62000000;62,01000000
04/02/2025;735;A;PHP;0,09981000;0,09985000;58,01300000;58,03300000
04/02/2025;741;A;MXN;0,28430000;0,28440000;20,36610000;20,37660000
04/02/2025;745;A;UYU;0,13310000;0,13320000;43,50000000;43,53000000
04/02/2025;755;B;BWP;0,41240000;0,41650000;0,07120000;0,07190000
04/02/2025;760;A;MWK;0,00330900;0,00337400;1717,02000000;1750,32000000
04/02/2025;766;A;ZMW;0,20650000;0,20690000;28,00000000;28,05000000
04/02/2025;770;A;GTQ;0,74820000;0,75030000;7,72100000;7,74100000
04/02/2025;775;A;MMK;0,00275000;0,00276700;2093,70000000;2106,30000000
04/02/2025;778;B;PGK;1,40110000;1,44470000;0,24190000;0,24940000
04/02/2025;780;A;LAK;0,00026500;0,00026780;21630,00000000;21860,00000000
04/02/2025;785;A;ZAR;0,31060000;0,31070000;18,64540000;18,64850000
04/02/2025;795;A;CNY;0,79870000;0,79890000;7,25070000;7,25200000
04/02/2025;796;A;CNH;0,79580000;0,79590000;7,27780000;7,27820000
04/02/2025;800;A;QAR;1,58850000;1,58910000;3,64530000;3,64630000
04/02/2025;805;A;OMR;15,04050000;15,04990000;0,38490000;0,38510000
04/02/2025;810;A;YER;0,02329000;0,02334000;248,18000000;248,68000000
04/02/2025;815;A;IRR;0,00013790;0,00013790;42000,00000000;42005,00000000
04/02/2025;820;A;SAR;1,54430000;1,54450000;3,75050000;3,75070000
04/02/2025;825;A;KHR;0,00143700;0,00144500;4010,00000000;4030,00000000
04/02/2025;828;A;MYR;1,30220000;1,30470000;4,44000000;4,44800000
04/02/2025;830;A;RUB;0,05814000;0,05815000;99,62050000;99,62950000
04/02/2025;831;A;BYN;1,76640000;1,77360000;3,26610000;3,27910000
04/02/2025;835;A;TJS;0,52900000;0,53390000;10,85000000;10,95000000
04/02/2025;840;A;MUR;0,12280000;0,12360000;46,85000000;47,15000000
04/02/2025;845;A;NPR;0,04157000;0,04158000;139,31000000;139,32000000
04/02/2025;850;A;SCR;0,37980000;0,39950000;14,50040000;15,25070000
04/02/2025;855;A;LKR;0,01933000;0,01935000;299,40000000;299,70000000
04/02/2025;860;A;INR;0,06649000;0,06654000;87,05300000;87,10800000
04/02/2025;865;A;IDR;0,00035430;0,00035450;16340,00000000;16350,00000000
04/02/2025;870;A;MVR;0,37370000;0,37570000;15,42000000;15,50000000
04/02/2025;875;A;PKR;0,02076000;0,02079000;278,62000000;279,03000000
04/02/2025;880;A;ILS;1,62300000;1,62370000;3,56770000;3,56880000
04/02/2025;892;A;KGS;0,06619000;0,06624000;87,45000000;87,50430000
04/02/2025;893;A;UZS;0,00044540;0,00044580;12993,91000000;13003,91000000
04/02/2025;905;A;BDT;0,04748000;0,04752000;121,90000000;122,00000000
04/02/2025;912;B;WST;1,97740000;2,10510000;0,34140000;0,36340000
04/02/2025;913;A;KZT;0,01113000;0,01114000;519,85000000;520,40000000
04/02/2025;915;A;MNT;0,00167600;0,00167900;3451,00000000;3457,00000000
04/02/2025;920;A;VUV;0,04709000;0,04994000;116,00000000;123,00000000
04/02/2025;930;A;KRW;0,00399400;0,00399600;1449,51000000;1450,14000000
04/02/2025;946;A;TZS;0,00223200;0,00226700;2555,00000000;2595,00000000
04/02/2025;950;A;KES;0,04476000;0,04494000;128,90000000;129,40000000
04/02/2025;955;A;UGX;0,00157100;0,00157600;3676,32000000;3686,32000000
04/02/2025;960;A;SOS;0,01007000;0,01020000;568,00000000;575,00000000
04/02/2025;975;A;PLN;1,42630000;1,42680000;4,05980000;4,06080000
04/02/2025;978;B;EUR;6,01160000;6,01340000;1,03790000;1,03810000
04/02/2025;998;A;XAU;527,99450000;528,04920000;0,01097000;0,01097000

[2025-07-06T19:28:56.798+0000] {taskinstance.py:441} INFO - ::group::Post task execution logs
[2025-07-06T19:28:56.864+0000] {taskinstance.py:1206} INFO - Marking task as SUCCESS. dag_id=fin_cotacoes_bcb_classic, task_id=extract, run_id=scheduled__2025-02-04T00:00:00+00:00, execution_date=20250204T000000, start_date=20250706T192856, end_date=20250706T192856
[2025-07-06T19:28:57.372+0000] {local_task_job_runner.py:240} INFO - Task exited with return code 0
[2025-07-06T19:28:57.411+0000] {logging_mixin.py:188} WARNING - /home/***/.local/lib/python3.12/site-packages/***/models/baseoperator.py:1297 AirflowProviderDeprecationWarning: Call to deprecated class PostgresOperator. (Please use `***.providers.common.sql.operators.sql.SQLExecuteQueryOperator`.Also, you can provide `hook_params={'schema': <database>}`.)
[2025-07-06T19:28:57.471+0000] {taskinstance.py:3503} INFO - 1 downstream tasks scheduled from follow-on schedule check
[2025-07-06T19:28:57.474+0000] {local_task_job_runner.py:222} INFO - ::endgroup::
[2025-07-07T14:12:05.000+0000] {local_task_job_runner.py:120} INFO - ::group::Pre task execution logs
[2025-07-07T14:12:05.083+0000] {taskinstance.py:2076} INFO - Dependencies all met for dep_context=non-requeueable deps ti=<TaskInstance: fin_cotacoes_bcb_classic.extract scheduled__2025-02-04T00:00:00+00:00 [queued]>
[2025-07-07T14:12:05.106+0000] {taskinstance.py:2076} INFO - Dependencies all met for dep_context=requeueable deps ti=<TaskInstance: fin_cotacoes_bcb_classic.extract scheduled__2025-02-04T00:00:00+00:00 [queued]>
[2025-07-07T14:12:05.106+0000] {taskinstance.py:2306} INFO - Starting attempt 1 of 2
[2025-07-07T14:12:05.439+0000] {taskinstance.py:2330} INFO - Executing <Task(PythonOperator): extract> on 2025-02-04 00:00:00+00:00
[2025-07-07T14:12:05.492+0000] {standard_task_runner.py:90} INFO - Running: ['***', 'tasks', 'run', 'fin_cotacoes_bcb_classic', 'extract', 'scheduled__2025-02-04T00:00:00+00:00', '--job-id', '1871', '--raw', '--subdir', 'DAGS_FOLDER/cotacoes.py', '--cfg-path', '/tmp/tmpn1_m0l3m']
[2025-07-07T14:12:05.494+0000] {standard_task_runner.py:91} INFO - Job 1871: Subtask extract
[2025-07-07T14:12:05.492+0000] {logging_mixin.py:188} WARNING - /home/***/.local/lib/python3.12/site-packages/***/task/task_runner/standard_task_runner.py:61 DeprecationWarning: This process (pid=65134) is multi-threaded, use of fork() may lead to deadlocks in the child.
[2025-07-07T14:12:05.501+0000] {standard_task_runner.py:63} INFO - Started process 65174 to run task
[2025-07-07T14:12:05.663+0000] {task_command.py:426} INFO - Running <TaskInstance: fin_cotacoes_bcb_classic.extract scheduled__2025-02-04T00:00:00+00:00 [running]> on host bc96ca91d307
[2025-07-07T14:12:05.863+0000] {taskinstance.py:2648} INFO - Exporting env vars: AIRFLOW_CTX_DAG_OWNER='***' AIRFLOW_CTX_DAG_ID='fin_cotacoes_bcb_classic' AIRFLOW_CTX_TASK_ID='extract' AIRFLOW_CTX_EXECUTION_DATE='2025-02-04T00:00:00+00:00' AIRFLOW_CTX_TRY_NUMBER='1' AIRFLOW_CTX_DAG_RUN_ID='scheduled__2025-02-04T00:00:00+00:00'
[2025-07-07T14:12:05.865+0000] {taskinstance.py:430} INFO - ::endgroup::
[2025-07-07T14:12:05.866+0000] {cotacoes.py:35} INFO - Iniciando extração da URL: https://www4.bcb.gov.br/Download/fechamento/20250204.csv
[2025-07-07T14:12:06.209+0000] {cotacoes.py:41} INFO - Extração concluída com sucesso.
[2025-07-07T14:12:06.214+0000] {python.py:237} INFO - Done. Returned value was: 04/02/2025;005;A;AFN;0,07774000;0,07795000;74,31000000;74,51000000
04/02/2025;009;A;ETB;0,04446000;0,04624000;125,27920000;130,27920000
04/02/2025;015;A;THB;0,17200000;0,17200000;33,67000000;33,68000000
04/02/2025;020;A;PAB;5,79210000;5,79270000;1,00000000;1,00000000
04/02/2025;027;A;VES;0,09894000;0,09920000;58,39400000;58,54040000
04/02/2025;030;A;BOB;0,82740000;0,84560000;6,85000000;7,00000000
04/02/2025;035;A;GHS;0,37490000;0,37860000;15,30000000;15,45000000
04/02/2025;040;A;CRC;0,01135000;0,01149000;504,34000000;510,49000000
04/02/2025;045;A;SVC;0,66120000;0,66210000;8,74950000;8,75950000
04/02/2025;051;A;NIO;0,15650000;0,15830000;36,60000000;37,00000000
04/02/2025;055;A;DKK;0,80590000;0,80610000;7,18630000;7,18670000
04/02/2025;060;A;ISK;0,04092000;0,04099000;141,33000000;141,53000000
04/02/2025;065;A;NOK;0,51420000;0,51520000;11,24380000;11,26340000
04/02/2025;070;A;SEK;0,52770000;0,52840000;10,96180000;10,97570000
04/02/2025;075;A;CZK;0,23900000;0,23910000;24,22700000;24,23400000
04/02/2025;090;A;GMD;0,07934000;0,08034000;72,10000000;73,00000000
04/02/2025;095;A;DZD;0,04261000;0,04280000;135,33930000;135,92930000
04/02/2025;100;A;KWD;18,75070000;18,78920000;0,30830000;0,30890000
04/02/2025;105;A;BHD;15,35960000;15,36930000;0,37690000;0,37710000
04/02/2025;115;A;IQD;0,00441800;0,00442500;1309,00000000;1311,00000000
04/02/2025;125;A;JOD;8,15790000;8,16680000;0,70930000;0,71000000
04/02/2025;130;A;LYD;1,17230000;1,17780000;4,91830000;4,94060000
04/02/2025;132;A;MKD;0,09723000;0,09807000;59,07000000;59,57000000
04/02/2025;133;A;RSD;0,05133000;0,05138000;112,75000000;112,84000000
04/02/2025;134;A;SDG;0,00961900;0,00967400;598,80020000;602,14120000
04/02/2025;135;A;TND;1,80720000;1,81310000;3,19500000;3,20500000
04/02/2025;136;A;SSP;0,00132800;0,00136300;4251,04430000;4361,04430000
04/02/2025;138;B;SDR;7,53840000;7,53920000;1,30150000;1,30150000
04/02/2025;139;A;MAD;0,57640000;0,57680000;10,04360000;10,04860000
04/02/2025;145;A;AED;1,57690000;1,57720000;3,67270000;3,67320000
04/02/2025;149;A;STN;0,24050000;0,24540000;23,60080000;24,08700000
04/02/2025;150;B;AUD;3,61770000;3,62100000;0,62460000;0,62510000
04/02/2025;155;A;BSD;5,79210000;5,79270000;1,00000000;1,00000000
04/02/2025;160;A;BMD;5,79210000;5,79270000;1,00000000;1,00000000
04/02/2025;165;A;CAD;4,04140000;4,04350000;1,43260000;1,43320000
04/02/2025;170;A;GYD;0,02752000;0,02785000;207,98000000;210,45000000
04/02/2025;173;A;NAD;0,31060000;0,31070000;18,64600000;18,64890000
04/02/2025;175;A;BBD;2,83910000;2,89910000;1,99810000;2,04010000
04/02/2025;180;A;BZD;2,87140000;2,89610000;2,00020000;2,01720000
04/02/2025;185;A;BND;4,28410000;4,28710000;1,35120000;1,35200000
04/02/2025;190;A;KYD;6,93660000;7,00020000;0,82750000;0,83500000
04/02/2025;195;A;SGD;4,28410000;4,28710000;1,35120000;1,35200000
04/02/2025;197;B;CLF;228,19720000;228,22080000;39,39800000;39,39800000
04/02/2025;200;B;FJD;2,45990000;2,53890000;0,42470000;0,43830000
04/02/2025;205;A;HKD;0,74390000;0,74400000;7,78640000;7,78650000
04/02/2025;210;A;TTD;0,85630000;0,87000000;6,65790000;6,76440000
04/02/2025;215;A;XCD;2,12940000;2,15340000;2,69000000;2,72000000
04/02/2025;220;A;USD;5,79210000;5,79270000;1,00000000;1,00000000
04/02/2025;230;A;JMD;0,03647000;0,03689000;157,01000000;158,81000000
04/02/2025;235;A;LRD;0,02867000;0,02955000;196,00000000;202,00000000
04/02/2025;245;B;NZD;3,26670000;3,27000000;0,56400000;0,56450000
04/02/2025;250;B;SBD;0,64870000;0,71830000;0,11200000;0,12400000
04/02/2025;255;A;SRD;0,16300000;0,16670000;34,75000000;35,53500000
04/02/2025;260;A;VND;0,00022980;0,00023020;25160,00000000;25200,00000000
04/02/2025;275;A;AMD;0,01456000;0,01464000;395,71000000;397,71000000
04/02/2025;295;A;CVE;0,05403000;0,05453000;106,22000000;107,20000000
04/02/2025;325;A;ANG;3,18250000;3,24610000;1,78450000;1,82000000
04/02/2025;328;A;AWG;3,20010000;3,23610000;1,79000000;1,81000000
04/02/2025;345;A;HUF;0,01477000;0,01477000;392,07000000;392,20000000
04/02/2025;363;A;CDF;0,00201800;0,00204000;2840,00000000;2870,00000000
04/02/2025;365;A;BIF;0,00193100;0,00198400;2920,00000000;3000,00000000
04/02/2025;368;A;KMF;0,01215000;0,01220000;474,83000000;476,83000000
04/02/2025;370;A;XAF;0,00877500;0,00916700;631,88000000;660,07000000
04/02/2025;372;A;XOF;0,00905700;0,00915800;632,50000000;639,50000000
04/02/2025;380;A;XPF;0,05009000;0,05054000;114,61000000;115,63000000
04/02/2025;390;A;DJF;0,03244000;0,03262000;177,60000000;178,55000000
04/02/2025;398;A;GNF;0,00066690;0,00067340;8602,00000000;8685,00000000
04/02/2025;406;A;MGA;0,00123600;0,00124600;4648,13000000;4687,63000000
04/02/2025;420;A;RWF;0,00414300;0,00419400;1381,08000000;1398,08000000
04/02/2025;425;A;CHF;6,39160000;6,39720000;0,90550000;0,90620000
04/02/2025;440;A;HTG;0,04408000;0,04449000;130,20000000;131,40000000
04/02/2025;450;A;PYG;0,00073530;0,00073640;7866,00000000;7877,06000000
04/02/2025;460;A;UAH;0,13860000;0,13900000;41,68000000;41,78000000
04/02/2025;470;A;JPY;0,03745000;0,03746000;154,64000000;154,66000000
04/02/2025;482;A;GEL;2,02520000;2,06880000;2,80000000;2,86000000
04/02/2025;490;A;ALL;0,06037000;0,06096000;95,03000000;95,95000000
04/02/2025;495;A;HNL;0,22640000;0,22730000;25,48700000;25,58700000
04/02/2025;500;A;SLL;0,00025280;0,00025540;22683,00000000;22908,00000000
04/02/2025;503;A;MDL;0,30920000;0,31090000;18,63100000;18,73100000
04/02/2025;506;A;RON;1,20780000;1,20850000;4,79320000;4,79540000
04/02/2025;510;A;BGN;3,07060000;3,07170000;1,88580000;1,88630000
04/02/2025;530;B;GIP;7,18510000;7,19160000;1,24050000;1,24150000
04/02/2025;535;A;EGP;0,11510000;0,11530000;50,24000000;50,34000000
04/02/2025;540;B;GBP;7,22560000;7,22760000;1,24750000;1,24770000
04/02/2025;545;B;FKP;7,18510000;7,19160000;1,24050000;1,24150000
04/02/2025;560;A;LBP;0,00006460;0,00006470;89500,00000000;89600,00000000
04/02/2025;570;B;SHP;7,20650000;7,21310000;1,24420000;1,24520000
04/02/2025;575;A;SYP;0,00044520;0,00044560;13000,00000000;13010,00000000
04/02/2025;585;A;SZL;0,31050000;0,31110000;18,62290000;18,65440000
04/02/2025;603;A;LSL;0,31060000;0,31070000;18,64620000;18,64920000
04/02/2025;608;A;TMT;1,65270000;1,65760000;3,49470000;3,50470000
04/02/2025;622;A;MZN;0,08977000;0,09158000;63,25000000;64,52000000
04/02/2025;625;A;ERN;0,38230000;0,38620000;15,00000000;15,15000000
04/02/2025;630;A;NGN;0,00388700;0,00389300;1487,99000000;1489,99000000
04/02/2025;635;A;AOA;0,00622700;0,00635200;912,00000000;930,24000000
04/02/2025;640;A;TWD;0,17630000;0,17640000;32,83600000;32,85400000
04/02/2025;642;A;TRY;0,16120000;0,16120000;35,92750000;35,93750000
04/02/2025;660;A;PEN;1,56340000;1,56560000;3,69990000;3,70490000
04/02/2025;665;A;BTN;0,06649000;0,06658000;87,00000000;87,10900000
04/02/2025;670;A;MRO;0,01613000;0,01627000;356,00000000;359,00000000
04/02/2025;671;A;MRU;0,14490000;0,14540000;39,84000000;39,96000000
04/02/2025;680;B;TOP;2,33130000;2,47640000;0,40250000;0,42750000
04/02/2025;685;A;MOP;0,72150000;0,72230000;8,02000000;8,02800000
04/02/2025;706;A;ARS;0,00549700;0,00549900;1053,50000000;1053,75000000
04/02/2025;715;A;CLP;0,00594700;0,00595900;972,17000000;974,01000000
04/02/2025;720;A;COP;0,00139700;0,00139800;4144,99000000;4146,99000000
04/02/2025;721;B;COU;0,51610000;0,51610000;0,08910000;0,08910000
04/02/2025;725;A;CUP;0,24130000;0,24140000;24,00000000;24,00000000
04/02/2025;730;A;DOP;0,09341000;0,09401000;61,62000000;62,01000000
04/02/2025;735;A;PHP;0,09981000;0,09985000;58,01300000;58,03300000
04/02/2025;741;A;MXN;0,28430000;0,28440000;20,36610000;20,37660000
04/02/2025;745;A;UYU;0,13310000;0,13320000;43,50000000;43,53000000
04/02/2025;755;B;BWP;0,41240000;0,41650000;0,07120000;0,07190000
04/02/2025;760;A;MWK;0,00330900;0,00337400;1717,02000000;1750,32000000
04/02/2025;766;A;ZMW;0,20650000;0,20690000;28,00000000;28,05000000
04/02/2025;770;A;GTQ;0,74820000;0,75030000;7,72100000;7,74100000
04/02/2025;775;A;MMK;0,00275000;0,00276700;2093,70000000;2106,30000000
04/02/2025;778;B;PGK;1,40110000;1,44470000;0,24190000;0,24940000
04/02/2025;780;A;LAK;0,00026500;0,00026780;21630,00000000;21860,00000000
04/02/2025;785;A;ZAR;0,31060000;0,31070000;18,64540000;18,64850000
04/02/2025;795;A;CNY;0,79870000;0,79890000;7,25070000;7,25200000
04/02/2025;796;A;CNH;0,79580000;0,79590000;7,27780000;7,27820000
04/02/2025;800;A;QAR;1,58850000;1,58910000;3,64530000;3,64630000
04/02/2025;805;A;OMR;15,04050000;15,04990000;0,38490000;0,38510000
04/02/2025;810;A;YER;0,02329000;0,02334000;248,18000000;248,68000000
04/02/2025;815;A;IRR;0,00013790;0,00013790;42000,00000000;42005,00000000
04/02/2025;820;A;SAR;1,54430000;1,54450000;3,75050000;3,75070000
04/02/2025;825;A;KHR;0,00143700;0,00144500;4010,00000000;4030,00000000
04/02/2025;828;A;MYR;1,30220000;1,30470000;4,44000000;4,44800000
04/02/2025;830;A;RUB;0,05814000;0,05815000;99,62050000;99,62950000
04/02/2025;831;A;BYN;1,76640000;1,77360000;3,26610000;3,27910000
04/02/2025;835;A;TJS;0,52900000;0,53390000;10,85000000;10,95000000
04/02/2025;840;A;MUR;0,12280000;0,12360000;46,85000000;47,15000000
04/02/2025;845;A;NPR;0,04157000;0,04158000;139,31000000;139,32000000
04/02/2025;850;A;SCR;0,37980000;0,39950000;14,50040000;15,25070000
04/02/2025;855;A;LKR;0,01933000;0,01935000;299,40000000;299,70000000
04/02/2025;860;A;INR;0,06649000;0,06654000;87,05300000;87,10800000
04/02/2025;865;A;IDR;0,00035430;0,00035450;16340,00000000;16350,00000000
04/02/2025;870;A;MVR;0,37370000;0,37570000;15,42000000;15,50000000
04/02/2025;875;A;PKR;0,02076000;0,02079000;278,62000000;279,03000000
04/02/2025;880;A;ILS;1,62300000;1,62370000;3,56770000;3,56880000
04/02/2025;892;A;KGS;0,06619000;0,06624000;87,45000000;87,50430000
04/02/2025;893;A;UZS;0,00044540;0,00044580;12993,91000000;13003,91000000
04/02/2025;905;A;BDT;0,04748000;0,04752000;121,90000000;122,00000000
04/02/2025;912;B;WST;1,97740000;2,10510000;0,34140000;0,36340000
04/02/2025;913;A;KZT;0,01113000;0,01114000;519,85000000;520,40000000
04/02/2025;915;A;MNT;0,00167600;0,00167900;3451,00000000;3457,00000000
04/02/2025;920;A;VUV;0,04709000;0,04994000;116,00000000;123,00000000
04/02/2025;930;A;KRW;0,00399400;0,00399600;1449,51000000;1450,14000000
04/02/2025;946;A;TZS;0,00223200;0,00226700;2555,00000000;2595,00000000
04/02/2025;950;A;KES;0,04476000;0,04494000;128,90000000;129,40000000
04/02/2025;955;A;UGX;0,00157100;0,00157600;3676,32000000;3686,32000000
04/02/2025;960;A;SOS;0,01007000;0,01020000;568,00000000;575,00000000
04/02/2025;975;A;PLN;1,42630000;1,42680000;4,05980000;4,06080000
04/02/2025;978;B;EUR;6,01160000;6,01340000;1,03790000;1,03810000
04/02/2025;998;A;XAU;527,99450000;528,04920000;0,01097000;0,01097000

[2025-07-07T14:12:06.219+0000] {taskinstance.py:441} INFO - ::group::Post task execution logs
[2025-07-07T14:12:06.287+0000] {taskinstance.py:1206} INFO - Marking task as SUCCESS. dag_id=fin_cotacoes_bcb_classic, task_id=extract, run_id=scheduled__2025-02-04T00:00:00+00:00, execution_date=20250204T000000, start_date=20250707T141205, end_date=20250707T141206
[2025-07-07T14:12:06.489+0000] {local_task_job_runner.py:240} INFO - Task exited with return code 0
[2025-07-07T14:12:06.595+0000] {taskinstance.py:3503} INFO - 1 downstream tasks scheduled from follow-on schedule check
[2025-07-07T14:12:06.599+0000] {local_task_job_runner.py:222} INFO - ::endgroup::
[2025-07-07T14:20:12.346+0000] {local_task_job_runner.py:120} INFO - ::group::Pre task execution logs
[2025-07-07T14:20:12.408+0000] {taskinstance.py:2076} INFO - Dependencies all met for dep_context=non-requeueable deps ti=<TaskInstance: fin_cotacoes_bcb_classic.extract scheduled__2025-02-04T00:00:00+00:00 [queued]>
[2025-07-07T14:20:12.418+0000] {taskinstance.py:2076} INFO - Dependencies all met for dep_context=requeueable deps ti=<TaskInstance: fin_cotacoes_bcb_classic.extract scheduled__2025-02-04T00:00:00+00:00 [queued]>
[2025-07-07T14:20:12.418+0000] {taskinstance.py:2306} INFO - Starting attempt 1 of 2
[2025-07-07T14:20:12.711+0000] {taskinstance.py:2330} INFO - Executing <Task(PythonOperator): extract> on 2025-02-04 00:00:00+00:00
[2025-07-07T14:20:12.755+0000] {standard_task_runner.py:90} INFO - Running: ['***', 'tasks', 'run', 'fin_cotacoes_bcb_classic', 'extract', 'scheduled__2025-02-04T00:00:00+00:00', '--job-id', '1990', '--raw', '--subdir', 'DAGS_FOLDER/cotacoes.py', '--cfg-path', '/tmp/tmp7zw__1pw']
[2025-07-07T14:20:12.759+0000] {standard_task_runner.py:91} INFO - Job 1990: Subtask extract
[2025-07-07T14:20:12.765+0000] {logging_mixin.py:188} WARNING - /home/***/.local/lib/python3.12/site-packages/***/task/task_runner/standard_task_runner.py:61 DeprecationWarning: This process (pid=69767) is multi-threaded, use of fork() may lead to deadlocks in the child.
[2025-07-07T14:20:12.766+0000] {standard_task_runner.py:63} INFO - Started process 69823 to run task
[2025-07-07T14:20:12.861+0000] {task_command.py:426} INFO - Running <TaskInstance: fin_cotacoes_bcb_classic.extract scheduled__2025-02-04T00:00:00+00:00 [running]> on host bc96ca91d307
[2025-07-07T14:20:13.130+0000] {taskinstance.py:2648} INFO - Exporting env vars: AIRFLOW_CTX_DAG_OWNER='***' AIRFLOW_CTX_DAG_ID='fin_cotacoes_bcb_classic' AIRFLOW_CTX_TASK_ID='extract' AIRFLOW_CTX_EXECUTION_DATE='2025-02-04T00:00:00+00:00' AIRFLOW_CTX_TRY_NUMBER='1' AIRFLOW_CTX_DAG_RUN_ID='scheduled__2025-02-04T00:00:00+00:00'
[2025-07-07T14:20:13.131+0000] {taskinstance.py:430} INFO - ::endgroup::
[2025-07-07T14:20:13.132+0000] {cotacoes.py:35} INFO - Iniciando extração da URL: https://www4.bcb.gov.br/Download/fechamento/20250204.csv
[2025-07-07T14:20:13.392+0000] {cotacoes.py:41} INFO - Extração concluída com sucesso.
[2025-07-07T14:20:13.394+0000] {python.py:237} INFO - Done. Returned value was: 04/02/2025;005;A;AFN;0,07774000;0,07795000;74,31000000;74,51000000
04/02/2025;009;A;ETB;0,04446000;0,04624000;125,27920000;130,27920000
04/02/2025;015;A;THB;0,17200000;0,17200000;33,67000000;33,68000000
04/02/2025;020;A;PAB;5,79210000;5,79270000;1,00000000;1,00000000
04/02/2025;027;A;VES;0,09894000;0,09920000;58,39400000;58,54040000
04/02/2025;030;A;BOB;0,82740000;0,84560000;6,85000000;7,00000000
04/02/2025;035;A;GHS;0,37490000;0,37860000;15,30000000;15,45000000
04/02/2025;040;A;CRC;0,01135000;0,01149000;504,34000000;510,49000000
04/02/2025;045;A;SVC;0,66120000;0,66210000;8,74950000;8,75950000
04/02/2025;051;A;NIO;0,15650000;0,15830000;36,60000000;37,00000000
04/02/2025;055;A;DKK;0,80590000;0,80610000;7,18630000;7,18670000
04/02/2025;060;A;ISK;0,04092000;0,04099000;141,33000000;141,53000000
04/02/2025;065;A;NOK;0,51420000;0,51520000;11,24380000;11,26340000
04/02/2025;070;A;SEK;0,52770000;0,52840000;10,96180000;10,97570000
04/02/2025;075;A;CZK;0,23900000;0,23910000;24,22700000;24,23400000
04/02/2025;090;A;GMD;0,07934000;0,08034000;72,10000000;73,00000000
04/02/2025;095;A;DZD;0,04261000;0,04280000;135,33930000;135,92930000
04/02/2025;100;A;KWD;18,75070000;18,78920000;0,30830000;0,30890000
04/02/2025;105;A;BHD;15,35960000;15,36930000;0,37690000;0,37710000
04/02/2025;115;A;IQD;0,00441800;0,00442500;1309,00000000;1311,00000000
04/02/2025;125;A;JOD;8,15790000;8,16680000;0,70930000;0,71000000
04/02/2025;130;A;LYD;1,17230000;1,17780000;4,91830000;4,94060000
04/02/2025;132;A;MKD;0,09723000;0,09807000;59,07000000;59,57000000
04/02/2025;133;A;RSD;0,05133000;0,05138000;112,75000000;112,84000000
04/02/2025;134;A;SDG;0,00961900;0,00967400;598,80020000;602,14120000
04/02/2025;135;A;TND;1,80720000;1,81310000;3,19500000;3,20500000
04/02/2025;136;A;SSP;0,00132800;0,00136300;4251,04430000;4361,04430000
04/02/2025;138;B;SDR;7,53840000;7,53920000;1,30150000;1,30150000
04/02/2025;139;A;MAD;0,57640000;0,57680000;10,04360000;10,04860000
04/02/2025;145;A;AED;1,57690000;1,57720000;3,67270000;3,67320000
04/02/2025;149;A;STN;0,24050000;0,24540000;23,60080000;24,08700000
04/02/2025;150;B;AUD;3,61770000;3,62100000;0,62460000;0,62510000
04/02/2025;155;A;BSD;5,79210000;5,79270000;1,00000000;1,00000000
04/02/2025;160;A;BMD;5,79210000;5,79270000;1,00000000;1,00000000
04/02/2025;165;A;CAD;4,04140000;4,04350000;1,43260000;1,43320000
04/02/2025;170;A;GYD;0,02752000;0,02785000;207,98000000;210,45000000
04/02/2025;173;A;NAD;0,31060000;0,31070000;18,64600000;18,64890000
04/02/2025;175;A;BBD;2,83910000;2,89910000;1,99810000;2,04010000
04/02/2025;180;A;BZD;2,87140000;2,89610000;2,00020000;2,01720000
04/02/2025;185;A;BND;4,28410000;4,28710000;1,35120000;1,35200000
04/02/2025;190;A;KYD;6,93660000;7,00020000;0,82750000;0,83500000
04/02/2025;195;A;SGD;4,28410000;4,28710000;1,35120000;1,35200000
04/02/2025;197;B;CLF;228,19720000;228,22080000;39,39800000;39,39800000
04/02/2025;200;B;FJD;2,45990000;2,53890000;0,42470000;0,43830000
04/02/2025;205;A;HKD;0,74390000;0,74400000;7,78640000;7,78650000
04/02/2025;210;A;TTD;0,85630000;0,87000000;6,65790000;6,76440000
04/02/2025;215;A;XCD;2,12940000;2,15340000;2,69000000;2,72000000
04/02/2025;220;A;USD;5,79210000;5,79270000;1,00000000;1,00000000
04/02/2025;230;A;JMD;0,03647000;0,03689000;157,01000000;158,81000000
04/02/2025;235;A;LRD;0,02867000;0,02955000;196,00000000;202,00000000
04/02/2025;245;B;NZD;3,26670000;3,27000000;0,56400000;0,56450000
04/02/2025;250;B;SBD;0,64870000;0,71830000;0,11200000;0,12400000
04/02/2025;255;A;SRD;0,16300000;0,16670000;34,75000000;35,53500000
04/02/2025;260;A;VND;0,00022980;0,00023020;25160,00000000;25200,00000000
04/02/2025;275;A;AMD;0,01456000;0,01464000;395,71000000;397,71000000
04/02/2025;295;A;CVE;0,05403000;0,05453000;106,22000000;107,20000000
04/02/2025;325;A;ANG;3,18250000;3,24610000;1,78450000;1,82000000
04/02/2025;328;A;AWG;3,20010000;3,23610000;1,79000000;1,81000000
04/02/2025;345;A;HUF;0,01477000;0,01477000;392,07000000;392,20000000
04/02/2025;363;A;CDF;0,00201800;0,00204000;2840,00000000;2870,00000000
04/02/2025;365;A;BIF;0,00193100;0,00198400;2920,00000000;3000,00000000
04/02/2025;368;A;KMF;0,01215000;0,01220000;474,83000000;476,83000000
04/02/2025;370;A;XAF;0,00877500;0,00916700;631,88000000;660,07000000
04/02/2025;372;A;XOF;0,00905700;0,00915800;632,50000000;639,50000000
04/02/2025;380;A;XPF;0,05009000;0,05054000;114,61000000;115,63000000
04/02/2025;390;A;DJF;0,03244000;0,03262000;177,60000000;178,55000000
04/02/2025;398;A;GNF;0,00066690;0,00067340;8602,00000000;8685,00000000
04/02/2025;406;A;MGA;0,00123600;0,00124600;4648,13000000;4687,63000000
04/02/2025;420;A;RWF;0,00414300;0,00419400;1381,08000000;1398,08000000
04/02/2025;425;A;CHF;6,39160000;6,39720000;0,90550000;0,90620000
04/02/2025;440;A;HTG;0,04408000;0,04449000;130,20000000;131,40000000
04/02/2025;450;A;PYG;0,00073530;0,00073640;7866,00000000;7877,06000000
04/02/2025;460;A;UAH;0,13860000;0,13900000;41,68000000;41,78000000
04/02/2025;470;A;JPY;0,03745000;0,03746000;154,64000000;154,66000000
04/02/2025;482;A;GEL;2,02520000;2,06880000;2,80000000;2,86000000
04/02/2025;490;A;ALL;0,06037000;0,06096000;95,03000000;95,95000000
04/02/2025;495;A;HNL;0,22640000;0,22730000;25,48700000;25,58700000
04/02/2025;500;A;SLL;0,00025280;0,00025540;22683,00000000;22908,00000000
04/02/2025;503;A;MDL;0,30920000;0,31090000;18,63100000;18,73100000
04/02/2025;506;A;RON;1,20780000;1,20850000;4,79320000;4,79540000
04/02/2025;510;A;BGN;3,07060000;3,07170000;1,88580000;1,88630000
04/02/2025;530;B;GIP;7,18510000;7,19160000;1,24050000;1,24150000
04/02/2025;535;A;EGP;0,11510000;0,11530000;50,24000000;50,34000000
04/02/2025;540;B;GBP;7,22560000;7,22760000;1,24750000;1,24770000
04/02/2025;545;B;FKP;7,18510000;7,19160000;1,24050000;1,24150000
04/02/2025;560;A;LBP;0,00006460;0,00006470;89500,00000000;89600,00000000
04/02/2025;570;B;SHP;7,20650000;7,21310000;1,24420000;1,24520000
04/02/2025;575;A;SYP;0,00044520;0,00044560;13000,00000000;13010,00000000
04/02/2025;585;A;SZL;0,31050000;0,31110000;18,62290000;18,65440000
04/02/2025;603;A;LSL;0,31060000;0,31070000;18,64620000;18,64920000
04/02/2025;608;A;TMT;1,65270000;1,65760000;3,49470000;3,50470000
04/02/2025;622;A;MZN;0,08977000;0,09158000;63,25000000;64,52000000
04/02/2025;625;A;ERN;0,38230000;0,38620000;15,00000000;15,15000000
04/02/2025;630;A;NGN;0,00388700;0,00389300;1487,99000000;1489,99000000
04/02/2025;635;A;AOA;0,00622700;0,00635200;912,00000000;930,24000000
04/02/2025;640;A;TWD;0,17630000;0,17640000;32,83600000;32,85400000
04/02/2025;642;A;TRY;0,16120000;0,16120000;35,92750000;35,93750000
04/02/2025;660;A;PEN;1,56340000;1,56560000;3,69990000;3,70490000
04/02/2025;665;A;BTN;0,06649000;0,06658000;87,00000000;87,10900000
04/02/2025;670;A;MRO;0,01613000;0,01627000;356,00000000;359,00000000
04/02/2025;671;A;MRU;0,14490000;0,14540000;39,84000000;39,96000000
04/02/2025;680;B;TOP;2,33130000;2,47640000;0,40250000;0,42750000
04/02/2025;685;A;MOP;0,72150000;0,72230000;8,02000000;8,02800000
04/02/2025;706;A;ARS;0,00549700;0,00549900;1053,50000000;1053,75000000
04/02/2025;715;A;CLP;0,00594700;0,00595900;972,17000000;974,01000000
04/02/2025;720;A;COP;0,00139700;0,00139800;4144,99000000;4146,99000000
04/02/2025;721;B;COU;0,51610000;0,51610000;0,08910000;0,08910000
04/02/2025;725;A;CUP;0,24130000;0,24140000;24,00000000;24,00000000
04/02/2025;730;A;DOP;0,09341000;0,09401000;61,62000000;62,01000000
04/02/2025;735;A;PHP;0,09981000;0,09985000;58,01300000;58,03300000
04/02/2025;741;A;MXN;0,28430000;0,28440000;20,36610000;20,37660000
04/02/2025;745;A;UYU;0,13310000;0,13320000;43,50000000;43,53000000
04/02/2025;755;B;BWP;0,41240000;0,41650000;0,07120000;0,07190000
04/02/2025;760;A;MWK;0,00330900;0,00337400;1717,02000000;1750,32000000
04/02/2025;766;A;ZMW;0,20650000;0,20690000;28,00000000;28,05000000
04/02/2025;770;A;GTQ;0,74820000;0,75030000;7,72100000;7,74100000
04/02/2025;775;A;MMK;0,00275000;0,00276700;2093,70000000;2106,30000000
04/02/2025;778;B;PGK;1,40110000;1,44470000;0,24190000;0,24940000
04/02/2025;780;A;LAK;0,00026500;0,00026780;21630,00000000;21860,00000000
04/02/2025;785;A;ZAR;0,31060000;0,31070000;18,64540000;18,64850000
04/02/2025;795;A;CNY;0,79870000;0,79890000;7,25070000;7,25200000
04/02/2025;796;A;CNH;0,79580000;0,79590000;7,27780000;7,27820000
04/02/2025;800;A;QAR;1,58850000;1,58910000;3,64530000;3,64630000
04/02/2025;805;A;OMR;15,04050000;15,04990000;0,38490000;0,38510000
04/02/2025;810;A;YER;0,02329000;0,02334000;248,18000000;248,68000000
04/02/2025;815;A;IRR;0,00013790;0,00013790;42000,00000000;42005,00000000
04/02/2025;820;A;SAR;1,54430000;1,54450000;3,75050000;3,75070000
04/02/2025;825;A;KHR;0,00143700;0,00144500;4010,00000000;4030,00000000
04/02/2025;828;A;MYR;1,30220000;1,30470000;4,44000000;4,44800000
04/02/2025;830;A;RUB;0,05814000;0,05815000;99,62050000;99,62950000
04/02/2025;831;A;BYN;1,76640000;1,77360000;3,26610000;3,27910000
04/02/2025;835;A;TJS;0,52900000;0,53390000;10,85000000;10,95000000
04/02/2025;840;A;MUR;0,12280000;0,12360000;46,85000000;47,15000000
04/02/2025;845;A;NPR;0,04157000;0,04158000;139,31000000;139,32000000
04/02/2025;850;A;SCR;0,37980000;0,39950000;14,50040000;15,25070000
04/02/2025;855;A;LKR;0,01933000;0,01935000;299,40000000;299,70000000
04/02/2025;860;A;INR;0,06649000;0,06654000;87,05300000;87,10800000
04/02/2025;865;A;IDR;0,00035430;0,00035450;16340,00000000;16350,00000000
04/02/2025;870;A;MVR;0,37370000;0,37570000;15,42000000;15,50000000
04/02/2025;875;A;PKR;0,02076000;0,02079000;278,62000000;279,03000000
04/02/2025;880;A;ILS;1,62300000;1,62370000;3,56770000;3,56880000
04/02/2025;892;A;KGS;0,06619000;0,06624000;87,45000000;87,50430000
04/02/2025;893;A;UZS;0,00044540;0,00044580;12993,91000000;13003,91000000
04/02/2025;905;A;BDT;0,04748000;0,04752000;121,90000000;122,00000000
04/02/2025;912;B;WST;1,97740000;2,10510000;0,34140000;0,36340000
04/02/2025;913;A;KZT;0,01113000;0,01114000;519,85000000;520,40000000
04/02/2025;915;A;MNT;0,00167600;0,00167900;3451,00000000;3457,00000000
04/02/2025;920;A;VUV;0,04709000;0,04994000;116,00000000;123,00000000
04/02/2025;930;A;KRW;0,00399400;0,00399600;1449,51000000;1450,14000000
04/02/2025;946;A;TZS;0,00223200;0,00226700;2555,00000000;2595,00000000
04/02/2025;950;A;KES;0,04476000;0,04494000;128,90000000;129,40000000
04/02/2025;955;A;UGX;0,00157100;0,00157600;3676,32000000;3686,32000000
04/02/2025;960;A;SOS;0,01007000;0,01020000;568,00000000;575,00000000
04/02/2025;975;A;PLN;1,42630000;1,42680000;4,05980000;4,06080000
04/02/2025;978;B;EUR;6,01160000;6,01340000;1,03790000;1,03810000
04/02/2025;998;A;XAU;527,99450000;528,04920000;0,01097000;0,01097000

[2025-07-07T14:20:13.399+0000] {taskinstance.py:441} INFO - ::group::Post task execution logs
[2025-07-07T14:20:13.440+0000] {taskinstance.py:1206} INFO - Marking task as SUCCESS. dag_id=fin_cotacoes_bcb_classic, task_id=extract, run_id=scheduled__2025-02-04T00:00:00+00:00, execution_date=20250204T000000, start_date=20250707T142012, end_date=20250707T142013
[2025-07-07T14:20:13.481+0000] {local_task_job_runner.py:240} INFO - Task exited with return code 0
[2025-07-07T14:20:13.539+0000] {taskinstance.py:3503} INFO - 1 downstream tasks scheduled from follow-on schedule check
[2025-07-07T14:20:13.545+0000] {local_task_job_runner.py:222} INFO - ::endgroup::
[2025-07-07T14:33:17.622+0000] {local_task_job_runner.py:120} INFO - ::group::Pre task execution logs
[2025-07-07T14:33:17.727+0000] {taskinstance.py:2076} INFO - Dependencies all met for dep_context=non-requeueable deps ti=<TaskInstance: fin_cotacoes_bcb_classic.extract scheduled__2025-02-04T00:00:00+00:00 [queued]>
[2025-07-07T14:33:17.753+0000] {taskinstance.py:2076} INFO - Dependencies all met for dep_context=requeueable deps ti=<TaskInstance: fin_cotacoes_bcb_classic.extract scheduled__2025-02-04T00:00:00+00:00 [queued]>
[2025-07-07T14:33:17.753+0000] {taskinstance.py:2306} INFO - Starting attempt 1 of 2
[2025-07-07T14:33:18.136+0000] {taskinstance.py:2330} INFO - Executing <Task(PythonOperator): extract> on 2025-02-04 00:00:00+00:00
[2025-07-07T14:33:18.155+0000] {logging_mixin.py:188} WARNING - /home/***/.local/lib/python3.12/site-packages/***/task/task_runner/standard_task_runner.py:61 DeprecationWarning: This process (pid=77539) is multi-threaded, use of fork() may lead to deadlocks in the child.
[2025-07-07T14:33:18.161+0000] {standard_task_runner.py:63} INFO - Started process 77583 to run task
[2025-07-07T14:33:18.155+0000] {standard_task_runner.py:90} INFO - Running: ['***', 'tasks', 'run', 'fin_cotacoes_bcb_classic', 'extract', 'scheduled__2025-02-04T00:00:00+00:00', '--job-id', '2281', '--raw', '--subdir', 'DAGS_FOLDER/cotacoes.py', '--cfg-path', '/tmp/tmpqk6fbj_u']
[2025-07-07T14:33:18.164+0000] {standard_task_runner.py:91} INFO - Job 2281: Subtask extract
[2025-07-07T14:33:18.343+0000] {task_command.py:426} INFO - Running <TaskInstance: fin_cotacoes_bcb_classic.extract scheduled__2025-02-04T00:00:00+00:00 [running]> on host bc96ca91d307
[2025-07-07T14:33:18.714+0000] {taskinstance.py:2648} INFO - Exporting env vars: AIRFLOW_CTX_DAG_OWNER='***' AIRFLOW_CTX_DAG_ID='fin_cotacoes_bcb_classic' AIRFLOW_CTX_TASK_ID='extract' AIRFLOW_CTX_EXECUTION_DATE='2025-02-04T00:00:00+00:00' AIRFLOW_CTX_TRY_NUMBER='1' AIRFLOW_CTX_DAG_RUN_ID='scheduled__2025-02-04T00:00:00+00:00'
[2025-07-07T14:33:18.715+0000] {taskinstance.py:430} INFO - ::endgroup::
[2025-07-07T14:33:18.719+0000] {cotacoes.py:35} INFO - Iniciando extração da URL: https://www4.bcb.gov.br/Download/fechamento/20250204.csv
[2025-07-07T14:33:19.200+0000] {cotacoes.py:41} INFO - Extração concluída com sucesso.
[2025-07-07T14:33:19.206+0000] {python.py:237} INFO - Done. Returned value was: 04/02/2025;005;A;AFN;0,07774000;0,07795000;74,31000000;74,51000000
04/02/2025;009;A;ETB;0,04446000;0,04624000;125,27920000;130,27920000
04/02/2025;015;A;THB;0,17200000;0,17200000;33,67000000;33,68000000
04/02/2025;020;A;PAB;5,79210000;5,79270000;1,00000000;1,00000000
04/02/2025;027;A;VES;0,09894000;0,09920000;58,39400000;58,54040000
04/02/2025;030;A;BOB;0,82740000;0,84560000;6,85000000;7,00000000
04/02/2025;035;A;GHS;0,37490000;0,37860000;15,30000000;15,45000000
04/02/2025;040;A;CRC;0,01135000;0,01149000;504,34000000;510,49000000
04/02/2025;045;A;SVC;0,66120000;0,66210000;8,74950000;8,75950000
04/02/2025;051;A;NIO;0,15650000;0,15830000;36,60000000;37,00000000
04/02/2025;055;A;DKK;0,80590000;0,80610000;7,18630000;7,18670000
04/02/2025;060;A;ISK;0,04092000;0,04099000;141,33000000;141,53000000
04/02/2025;065;A;NOK;0,51420000;0,51520000;11,24380000;11,26340000
04/02/2025;070;A;SEK;0,52770000;0,52840000;10,96180000;10,97570000
04/02/2025;075;A;CZK;0,23900000;0,23910000;24,22700000;24,23400000
04/02/2025;090;A;GMD;0,07934000;0,08034000;72,10000000;73,00000000
04/02/2025;095;A;DZD;0,04261000;0,04280000;135,33930000;135,92930000
04/02/2025;100;A;KWD;18,75070000;18,78920000;0,30830000;0,30890000
04/02/2025;105;A;BHD;15,35960000;15,36930000;0,37690000;0,37710000
04/02/2025;115;A;IQD;0,00441800;0,00442500;1309,00000000;1311,00000000
04/02/2025;125;A;JOD;8,15790000;8,16680000;0,70930000;0,71000000
04/02/2025;130;A;LYD;1,17230000;1,17780000;4,91830000;4,94060000
04/02/2025;132;A;MKD;0,09723000;0,09807000;59,07000000;59,57000000
04/02/2025;133;A;RSD;0,05133000;0,05138000;112,75000000;112,84000000
04/02/2025;134;A;SDG;0,00961900;0,00967400;598,80020000;602,14120000
04/02/2025;135;A;TND;1,80720000;1,81310000;3,19500000;3,20500000
04/02/2025;136;A;SSP;0,00132800;0,00136300;4251,04430000;4361,04430000
04/02/2025;138;B;SDR;7,53840000;7,53920000;1,30150000;1,30150000
04/02/2025;139;A;MAD;0,57640000;0,57680000;10,04360000;10,04860000
04/02/2025;145;A;AED;1,57690000;1,57720000;3,67270000;3,67320000
04/02/2025;149;A;STN;0,24050000;0,24540000;23,60080000;24,08700000
04/02/2025;150;B;AUD;3,61770000;3,62100000;0,62460000;0,62510000
04/02/2025;155;A;BSD;5,79210000;5,79270000;1,00000000;1,00000000
04/02/2025;160;A;BMD;5,79210000;5,79270000;1,00000000;1,00000000
04/02/2025;165;A;CAD;4,04140000;4,04350000;1,43260000;1,43320000
04/02/2025;170;A;GYD;0,02752000;0,02785000;207,98000000;210,45000000
04/02/2025;173;A;NAD;0,31060000;0,31070000;18,64600000;18,64890000
04/02/2025;175;A;BBD;2,83910000;2,89910000;1,99810000;2,04010000
04/02/2025;180;A;BZD;2,87140000;2,89610000;2,00020000;2,01720000
04/02/2025;185;A;BND;4,28410000;4,28710000;1,35120000;1,35200000
04/02/2025;190;A;KYD;6,93660000;7,00020000;0,82750000;0,83500000
04/02/2025;195;A;SGD;4,28410000;4,28710000;1,35120000;1,35200000
04/02/2025;197;B;CLF;228,19720000;228,22080000;39,39800000;39,39800000
04/02/2025;200;B;FJD;2,45990000;2,53890000;0,42470000;0,43830000
04/02/2025;205;A;HKD;0,74390000;0,74400000;7,78640000;7,78650000
04/02/2025;210;A;TTD;0,85630000;0,87000000;6,65790000;6,76440000
04/02/2025;215;A;XCD;2,12940000;2,15340000;2,69000000;2,72000000
04/02/2025;220;A;USD;5,79210000;5,79270000;1,00000000;1,00000000
04/02/2025;230;A;JMD;0,03647000;0,03689000;157,01000000;158,81000000
04/02/2025;235;A;LRD;0,02867000;0,02955000;196,00000000;202,00000000
04/02/2025;245;B;NZD;3,26670000;3,27000000;0,56400000;0,56450000
04/02/2025;250;B;SBD;0,64870000;0,71830000;0,11200000;0,12400000
04/02/2025;255;A;SRD;0,16300000;0,16670000;34,75000000;35,53500000
04/02/2025;260;A;VND;0,00022980;0,00023020;25160,00000000;25200,00000000
04/02/2025;275;A;AMD;0,01456000;0,01464000;395,71000000;397,71000000
04/02/2025;295;A;CVE;0,05403000;0,05453000;106,22000000;107,20000000
04/02/2025;325;A;ANG;3,18250000;3,24610000;1,78450000;1,82000000
04/02/2025;328;A;AWG;3,20010000;3,23610000;1,79000000;1,81000000
04/02/2025;345;A;HUF;0,01477000;0,01477000;392,07000000;392,20000000
04/02/2025;363;A;CDF;0,00201800;0,00204000;2840,00000000;2870,00000000
04/02/2025;365;A;BIF;0,00193100;0,00198400;2920,00000000;3000,00000000
04/02/2025;368;A;KMF;0,01215000;0,01220000;474,83000000;476,83000000
04/02/2025;370;A;XAF;0,00877500;0,00916700;631,88000000;660,07000000
04/02/2025;372;A;XOF;0,00905700;0,00915800;632,50000000;639,50000000
04/02/2025;380;A;XPF;0,05009000;0,05054000;114,61000000;115,63000000
04/02/2025;390;A;DJF;0,03244000;0,03262000;177,60000000;178,55000000
04/02/2025;398;A;GNF;0,00066690;0,00067340;8602,00000000;8685,00000000
04/02/2025;406;A;MGA;0,00123600;0,00124600;4648,13000000;4687,63000000
04/02/2025;420;A;RWF;0,00414300;0,00419400;1381,08000000;1398,08000000
04/02/2025;425;A;CHF;6,39160000;6,39720000;0,90550000;0,90620000
04/02/2025;440;A;HTG;0,04408000;0,04449000;130,20000000;131,40000000
04/02/2025;450;A;PYG;0,00073530;0,00073640;7866,00000000;7877,06000000
04/02/2025;460;A;UAH;0,13860000;0,13900000;41,68000000;41,78000000
04/02/2025;470;A;JPY;0,03745000;0,03746000;154,64000000;154,66000000
04/02/2025;482;A;GEL;2,02520000;2,06880000;2,80000000;2,86000000
04/02/2025;490;A;ALL;0,06037000;0,06096000;95,03000000;95,95000000
04/02/2025;495;A;HNL;0,22640000;0,22730000;25,48700000;25,58700000
04/02/2025;500;A;SLL;0,00025280;0,00025540;22683,00000000;22908,00000000
04/02/2025;503;A;MDL;0,30920000;0,31090000;18,63100000;18,73100000
04/02/2025;506;A;RON;1,20780000;1,20850000;4,79320000;4,79540000
04/02/2025;510;A;BGN;3,07060000;3,07170000;1,88580000;1,88630000
04/02/2025;530;B;GIP;7,18510000;7,19160000;1,24050000;1,24150000
04/02/2025;535;A;EGP;0,11510000;0,11530000;50,24000000;50,34000000
04/02/2025;540;B;GBP;7,22560000;7,22760000;1,24750000;1,24770000
04/02/2025;545;B;FKP;7,18510000;7,19160000;1,24050000;1,24150000
04/02/2025;560;A;LBP;0,00006460;0,00006470;89500,00000000;89600,00000000
04/02/2025;570;B;SHP;7,20650000;7,21310000;1,24420000;1,24520000
04/02/2025;575;A;SYP;0,00044520;0,00044560;13000,00000000;13010,00000000
04/02/2025;585;A;SZL;0,31050000;0,31110000;18,62290000;18,65440000
04/02/2025;603;A;LSL;0,31060000;0,31070000;18,64620000;18,64920000
04/02/2025;608;A;TMT;1,65270000;1,65760000;3,49470000;3,50470000
04/02/2025;622;A;MZN;0,08977000;0,09158000;63,25000000;64,52000000
04/02/2025;625;A;ERN;0,38230000;0,38620000;15,00000000;15,15000000
04/02/2025;630;A;NGN;0,00388700;0,00389300;1487,99000000;1489,99000000
04/02/2025;635;A;AOA;0,00622700;0,00635200;912,00000000;930,24000000
04/02/2025;640;A;TWD;0,17630000;0,17640000;32,83600000;32,85400000
04/02/2025;642;A;TRY;0,16120000;0,16120000;35,92750000;35,93750000
04/02/2025;660;A;PEN;1,56340000;1,56560000;3,69990000;3,70490000
04/02/2025;665;A;BTN;0,06649000;0,06658000;87,00000000;87,10900000
04/02/2025;670;A;MRO;0,01613000;0,01627000;356,00000000;359,00000000
04/02/2025;671;A;MRU;0,14490000;0,14540000;39,84000000;39,96000000
04/02/2025;680;B;TOP;2,33130000;2,47640000;0,40250000;0,42750000
04/02/2025;685;A;MOP;0,72150000;0,72230000;8,02000000;8,02800000
04/02/2025;706;A;ARS;0,00549700;0,00549900;1053,50000000;1053,75000000
04/02/2025;715;A;CLP;0,00594700;0,00595900;972,17000000;974,01000000
04/02/2025;720;A;COP;0,00139700;0,00139800;4144,99000000;4146,99000000
04/02/2025;721;B;COU;0,51610000;0,51610000;0,08910000;0,08910000
04/02/2025;725;A;CUP;0,24130000;0,24140000;24,00000000;24,00000000
04/02/2025;730;A;DOP;0,09341000;0,09401000;61,62000000;62,01000000
04/02/2025;735;A;PHP;0,09981000;0,09985000;58,01300000;58,03300000
04/02/2025;741;A;MXN;0,28430000;0,28440000;20,36610000;20,37660000
04/02/2025;745;A;UYU;0,13310000;0,13320000;43,50000000;43,53000000
04/02/2025;755;B;BWP;0,41240000;0,41650000;0,07120000;0,07190000
04/02/2025;760;A;MWK;0,00330900;0,00337400;1717,02000000;1750,32000000
04/02/2025;766;A;ZMW;0,20650000;0,20690000;28,00000000;28,05000000
04/02/2025;770;A;GTQ;0,74820000;0,75030000;7,72100000;7,74100000
04/02/2025;775;A;MMK;0,00275000;0,00276700;2093,70000000;2106,30000000
04/02/2025;778;B;PGK;1,40110000;1,44470000;0,24190000;0,24940000
04/02/2025;780;A;LAK;0,00026500;0,00026780;21630,00000000;21860,00000000
04/02/2025;785;A;ZAR;0,31060000;0,31070000;18,64540000;18,64850000
04/02/2025;795;A;CNY;0,79870000;0,79890000;7,25070000;7,25200000
04/02/2025;796;A;CNH;0,79580000;0,79590000;7,27780000;7,27820000
04/02/2025;800;A;QAR;1,58850000;1,58910000;3,64530000;3,64630000
04/02/2025;805;A;OMR;15,04050000;15,04990000;0,38490000;0,38510000
04/02/2025;810;A;YER;0,02329000;0,02334000;248,18000000;248,68000000
04/02/2025;815;A;IRR;0,00013790;0,00013790;42000,00000000;42005,00000000
04/02/2025;820;A;SAR;1,54430000;1,54450000;3,75050000;3,75070000
04/02/2025;825;A;KHR;0,00143700;0,00144500;4010,00000000;4030,00000000
04/02/2025;828;A;MYR;1,30220000;1,30470000;4,44000000;4,44800000
04/02/2025;830;A;RUB;0,05814000;0,05815000;99,62050000;99,62950000
04/02/2025;831;A;BYN;1,76640000;1,77360000;3,26610000;3,27910000
04/02/2025;835;A;TJS;0,52900000;0,53390000;10,85000000;10,95000000
04/02/2025;840;A;MUR;0,12280000;0,12360000;46,85000000;47,15000000
04/02/2025;845;A;NPR;0,04157000;0,04158000;139,31000000;139,32000000
04/02/2025;850;A;SCR;0,37980000;0,39950000;14,50040000;15,25070000
04/02/2025;855;A;LKR;0,01933000;0,01935000;299,40000000;299,70000000
04/02/2025;860;A;INR;0,06649000;0,06654000;87,05300000;87,10800000
04/02/2025;865;A;IDR;0,00035430;0,00035450;16340,00000000;16350,00000000
04/02/2025;870;A;MVR;0,37370000;0,37570000;15,42000000;15,50000000
04/02/2025;875;A;PKR;0,02076000;0,02079000;278,62000000;279,03000000
04/02/2025;880;A;ILS;1,62300000;1,62370000;3,56770000;3,56880000
04/02/2025;892;A;KGS;0,06619000;0,06624000;87,45000000;87,50430000
04/02/2025;893;A;UZS;0,00044540;0,00044580;12993,91000000;13003,91000000
04/02/2025;905;A;BDT;0,04748000;0,04752000;121,90000000;122,00000000
04/02/2025;912;B;WST;1,97740000;2,10510000;0,34140000;0,36340000
04/02/2025;913;A;KZT;0,01113000;0,01114000;519,85000000;520,40000000
04/02/2025;915;A;MNT;0,00167600;0,00167900;3451,00000000;3457,00000000
04/02/2025;920;A;VUV;0,04709000;0,04994000;116,00000000;123,00000000
04/02/2025;930;A;KRW;0,00399400;0,00399600;1449,51000000;1450,14000000
04/02/2025;946;A;TZS;0,00223200;0,00226700;2555,00000000;2595,00000000
04/02/2025;950;A;KES;0,04476000;0,04494000;128,90000000;129,40000000
04/02/2025;955;A;UGX;0,00157100;0,00157600;3676,32000000;3686,32000000
04/02/2025;960;A;SOS;0,01007000;0,01020000;568,00000000;575,00000000
04/02/2025;975;A;PLN;1,42630000;1,42680000;4,05980000;4,06080000
04/02/2025;978;B;EUR;6,01160000;6,01340000;1,03790000;1,03810000
04/02/2025;998;A;XAU;527,99450000;528,04920000;0,01097000;0,01097000

[2025-07-07T14:33:19.207+0000] {taskinstance.py:441} INFO - ::group::Post task execution logs
[2025-07-07T14:33:19.282+0000] {taskinstance.py:1206} INFO - Marking task as SUCCESS. dag_id=fin_cotacoes_bcb_classic, task_id=extract, run_id=scheduled__2025-02-04T00:00:00+00:00, execution_date=20250204T000000, start_date=20250707T143317, end_date=20250707T143319
[2025-07-07T14:33:19.405+0000] {local_task_job_runner.py:240} INFO - Task exited with return code 0
[2025-07-07T14:33:19.448+0000] {local_task_job_runner.py:222} INFO - ::endgroup::
[2025-07-07T15:10:40.424+0000] {local_task_job_runner.py:120} INFO - ::group::Pre task execution logs
[2025-07-07T15:10:40.534+0000] {taskinstance.py:2076} INFO - Dependencies all met for dep_context=non-requeueable deps ti=<TaskInstance: fin_cotacoes_bcb_classic.extract scheduled__2025-02-04T00:00:00+00:00 [queued]>
[2025-07-07T15:10:40.560+0000] {taskinstance.py:2076} INFO - Dependencies all met for dep_context=requeueable deps ti=<TaskInstance: fin_cotacoes_bcb_classic.extract scheduled__2025-02-04T00:00:00+00:00 [queued]>
[2025-07-07T15:10:40.561+0000] {taskinstance.py:2306} INFO - Starting attempt 1 of 2
[2025-07-07T15:10:40.951+0000] {taskinstance.py:2330} INFO - Executing <Task(PythonOperator): extract> on 2025-02-04 00:00:00+00:00
[2025-07-07T15:10:40.995+0000] {standard_task_runner.py:90} INFO - Running: ['***', 'tasks', 'run', 'fin_cotacoes_bcb_classic', 'extract', 'scheduled__2025-02-04T00:00:00+00:00', '--job-id', '3957', '--raw', '--subdir', 'DAGS_FOLDER/cotacoes.py', '--cfg-path', '/tmp/tmpsq2axbro']
[2025-07-07T15:10:41.001+0000] {standard_task_runner.py:91} INFO - Job 3957: Subtask extract
[2025-07-07T15:10:41.006+0000] {logging_mixin.py:188} WARNING - /home/***/.local/lib/python3.12/site-packages/***/task/task_runner/standard_task_runner.py:61 DeprecationWarning: This process (pid=102208) is multi-threaded, use of fork() may lead to deadlocks in the child.
[2025-07-07T15:10:41.021+0000] {standard_task_runner.py:63} INFO - Started process 102294 to run task
[2025-07-07T15:10:41.161+0000] {task_command.py:426} INFO - Running <TaskInstance: fin_cotacoes_bcb_classic.extract scheduled__2025-02-04T00:00:00+00:00 [running]> on host bc96ca91d307
[2025-07-07T15:10:41.439+0000] {taskinstance.py:2648} INFO - Exporting env vars: AIRFLOW_CTX_DAG_OWNER='***' AIRFLOW_CTX_DAG_ID='fin_cotacoes_bcb_classic' AIRFLOW_CTX_TASK_ID='extract' AIRFLOW_CTX_EXECUTION_DATE='2025-02-04T00:00:00+00:00' AIRFLOW_CTX_TRY_NUMBER='1' AIRFLOW_CTX_DAG_RUN_ID='scheduled__2025-02-04T00:00:00+00:00'
[2025-07-07T15:10:41.440+0000] {taskinstance.py:430} INFO - ::endgroup::
[2025-07-07T15:10:41.441+0000] {cotacoes.py:35} INFO - Iniciando extração da URL: https://www4.bcb.gov.br/Download/fechamento/20250204.csv
[2025-07-07T15:10:41.809+0000] {cotacoes.py:41} INFO - Extração concluída com sucesso.
[2025-07-07T15:10:41.811+0000] {python.py:237} INFO - Done. Returned value was: 04/02/2025;005;A;AFN;0,07774000;0,07795000;74,31000000;74,51000000
04/02/2025;009;A;ETB;0,04446000;0,04624000;125,27920000;130,27920000
04/02/2025;015;A;THB;0,17200000;0,17200000;33,67000000;33,68000000
04/02/2025;020;A;PAB;5,79210000;5,79270000;1,00000000;1,00000000
04/02/2025;027;A;VES;0,09894000;0,09920000;58,39400000;58,54040000
04/02/2025;030;A;BOB;0,82740000;0,84560000;6,85000000;7,00000000
04/02/2025;035;A;GHS;0,37490000;0,37860000;15,30000000;15,45000000
04/02/2025;040;A;CRC;0,01135000;0,01149000;504,34000000;510,49000000
04/02/2025;045;A;SVC;0,66120000;0,66210000;8,74950000;8,75950000
04/02/2025;051;A;NIO;0,15650000;0,15830000;36,60000000;37,00000000
04/02/2025;055;A;DKK;0,80590000;0,80610000;7,18630000;7,18670000
04/02/2025;060;A;ISK;0,04092000;0,04099000;141,33000000;141,53000000
04/02/2025;065;A;NOK;0,51420000;0,51520000;11,24380000;11,26340000
04/02/2025;070;A;SEK;0,52770000;0,52840000;10,96180000;10,97570000
04/02/2025;075;A;CZK;0,23900000;0,23910000;24,22700000;24,23400000
04/02/2025;090;A;GMD;0,07934000;0,08034000;72,10000000;73,00000000
04/02/2025;095;A;DZD;0,04261000;0,04280000;135,33930000;135,92930000
04/02/2025;100;A;KWD;18,75070000;18,78920000;0,30830000;0,30890000
04/02/2025;105;A;BHD;15,35960000;15,36930000;0,37690000;0,37710000
04/02/2025;115;A;IQD;0,00441800;0,00442500;1309,00000000;1311,00000000
04/02/2025;125;A;JOD;8,15790000;8,16680000;0,70930000;0,71000000
04/02/2025;130;A;LYD;1,17230000;1,17780000;4,91830000;4,94060000
04/02/2025;132;A;MKD;0,09723000;0,09807000;59,07000000;59,57000000
04/02/2025;133;A;RSD;0,05133000;0,05138000;112,75000000;112,84000000
04/02/2025;134;A;SDG;0,00961900;0,00967400;598,80020000;602,14120000
04/02/2025;135;A;TND;1,80720000;1,81310000;3,19500000;3,20500000
04/02/2025;136;A;SSP;0,00132800;0,00136300;4251,04430000;4361,04430000
04/02/2025;138;B;SDR;7,53840000;7,53920000;1,30150000;1,30150000
04/02/2025;139;A;MAD;0,57640000;0,57680000;10,04360000;10,04860000
04/02/2025;145;A;AED;1,57690000;1,57720000;3,67270000;3,67320000
04/02/2025;149;A;STN;0,24050000;0,24540000;23,60080000;24,08700000
04/02/2025;150;B;AUD;3,61770000;3,62100000;0,62460000;0,62510000
04/02/2025;155;A;BSD;5,79210000;5,79270000;1,00000000;1,00000000
04/02/2025;160;A;BMD;5,79210000;5,79270000;1,00000000;1,00000000
04/02/2025;165;A;CAD;4,04140000;4,04350000;1,43260000;1,43320000
04/02/2025;170;A;GYD;0,02752000;0,02785000;207,98000000;210,45000000
04/02/2025;173;A;NAD;0,31060000;0,31070000;18,64600000;18,64890000
04/02/2025;175;A;BBD;2,83910000;2,89910000;1,99810000;2,04010000
04/02/2025;180;A;BZD;2,87140000;2,89610000;2,00020000;2,01720000
04/02/2025;185;A;BND;4,28410000;4,28710000;1,35120000;1,35200000
04/02/2025;190;A;KYD;6,93660000;7,00020000;0,82750000;0,83500000
04/02/2025;195;A;SGD;4,28410000;4,28710000;1,35120000;1,35200000
04/02/2025;197;B;CLF;228,19720000;228,22080000;39,39800000;39,39800000
04/02/2025;200;B;FJD;2,45990000;2,53890000;0,42470000;0,43830000
04/02/2025;205;A;HKD;0,74390000;0,74400000;7,78640000;7,78650000
04/02/2025;210;A;TTD;0,85630000;0,87000000;6,65790000;6,76440000
04/02/2025;215;A;XCD;2,12940000;2,15340000;2,69000000;2,72000000
04/02/2025;220;A;USD;5,79210000;5,79270000;1,00000000;1,00000000
04/02/2025;230;A;JMD;0,03647000;0,03689000;157,01000000;158,81000000
04/02/2025;235;A;LRD;0,02867000;0,02955000;196,00000000;202,00000000
04/02/2025;245;B;NZD;3,26670000;3,27000000;0,56400000;0,56450000
04/02/2025;250;B;SBD;0,64870000;0,71830000;0,11200000;0,12400000
04/02/2025;255;A;SRD;0,16300000;0,16670000;34,75000000;35,53500000
04/02/2025;260;A;VND;0,00022980;0,00023020;25160,00000000;25200,00000000
04/02/2025;275;A;AMD;0,01456000;0,01464000;395,71000000;397,71000000
04/02/2025;295;A;CVE;0,05403000;0,05453000;106,22000000;107,20000000
04/02/2025;325;A;ANG;3,18250000;3,24610000;1,78450000;1,82000000
04/02/2025;328;A;AWG;3,20010000;3,23610000;1,79000000;1,81000000
04/02/2025;345;A;HUF;0,01477000;0,01477000;392,07000000;392,20000000
04/02/2025;363;A;CDF;0,00201800;0,00204000;2840,00000000;2870,00000000
04/02/2025;365;A;BIF;0,00193100;0,00198400;2920,00000000;3000,00000000
04/02/2025;368;A;KMF;0,01215000;0,01220000;474,83000000;476,83000000
04/02/2025;370;A;XAF;0,00877500;0,00916700;631,88000000;660,07000000
04/02/2025;372;A;XOF;0,00905700;0,00915800;632,50000000;639,50000000
04/02/2025;380;A;XPF;0,05009000;0,05054000;114,61000000;115,63000000
04/02/2025;390;A;DJF;0,03244000;0,03262000;177,60000000;178,55000000
04/02/2025;398;A;GNF;0,00066690;0,00067340;8602,00000000;8685,00000000
04/02/2025;406;A;MGA;0,00123600;0,00124600;4648,13000000;4687,63000000
04/02/2025;420;A;RWF;0,00414300;0,00419400;1381,08000000;1398,08000000
04/02/2025;425;A;CHF;6,39160000;6,39720000;0,90550000;0,90620000
04/02/2025;440;A;HTG;0,04408000;0,04449000;130,20000000;131,40000000
04/02/2025;450;A;PYG;0,00073530;0,00073640;7866,00000000;7877,06000000
04/02/2025;460;A;UAH;0,13860000;0,13900000;41,68000000;41,78000000
04/02/2025;470;A;JPY;0,03745000;0,03746000;154,64000000;154,66000000
04/02/2025;482;A;GEL;2,02520000;2,06880000;2,80000000;2,86000000
04/02/2025;490;A;ALL;0,06037000;0,06096000;95,03000000;95,95000000
04/02/2025;495;A;HNL;0,22640000;0,22730000;25,48700000;25,58700000
04/02/2025;500;A;SLL;0,00025280;0,00025540;22683,00000000;22908,00000000
04/02/2025;503;A;MDL;0,30920000;0,31090000;18,63100000;18,73100000
04/02/2025;506;A;RON;1,20780000;1,20850000;4,79320000;4,79540000
04/02/2025;510;A;BGN;3,07060000;3,07170000;1,88580000;1,88630000
04/02/2025;530;B;GIP;7,18510000;7,19160000;1,24050000;1,24150000
04/02/2025;535;A;EGP;0,11510000;0,11530000;50,24000000;50,34000000
04/02/2025;540;B;GBP;7,22560000;7,22760000;1,24750000;1,24770000
04/02/2025;545;B;FKP;7,18510000;7,19160000;1,24050000;1,24150000
04/02/2025;560;A;LBP;0,00006460;0,00006470;89500,00000000;89600,00000000
04/02/2025;570;B;SHP;7,20650000;7,21310000;1,24420000;1,24520000
04/02/2025;575;A;SYP;0,00044520;0,00044560;13000,00000000;13010,00000000
04/02/2025;585;A;SZL;0,31050000;0,31110000;18,62290000;18,65440000
04/02/2025;603;A;LSL;0,31060000;0,31070000;18,64620000;18,64920000
04/02/2025;608;A;TMT;1,65270000;1,65760000;3,49470000;3,50470000
04/02/2025;622;A;MZN;0,08977000;0,09158000;63,25000000;64,52000000
04/02/2025;625;A;ERN;0,38230000;0,38620000;15,00000000;15,15000000
04/02/2025;630;A;NGN;0,00388700;0,00389300;1487,99000000;1489,99000000
04/02/2025;635;A;AOA;0,00622700;0,00635200;912,00000000;930,24000000
04/02/2025;640;A;TWD;0,17630000;0,17640000;32,83600000;32,85400000
04/02/2025;642;A;TRY;0,16120000;0,16120000;35,92750000;35,93750000
04/02/2025;660;A;PEN;1,56340000;1,56560000;3,69990000;3,70490000
04/02/2025;665;A;BTN;0,06649000;0,06658000;87,00000000;87,10900000
04/02/2025;670;A;MRO;0,01613000;0,01627000;356,00000000;359,00000000
04/02/2025;671;A;MRU;0,14490000;0,14540000;39,84000000;39,96000000
04/02/2025;680;B;TOP;2,33130000;2,47640000;0,40250000;0,42750000
04/02/2025;685;A;MOP;0,72150000;0,72230000;8,02000000;8,02800000
04/02/2025;706;A;ARS;0,00549700;0,00549900;1053,50000000;1053,75000000
04/02/2025;715;A;CLP;0,00594700;0,00595900;972,17000000;974,01000000
04/02/2025;720;A;COP;0,00139700;0,00139800;4144,99000000;4146,99000000
04/02/2025;721;B;COU;0,51610000;0,51610000;0,08910000;0,08910000
04/02/2025;725;A;CUP;0,24130000;0,24140000;24,00000000;24,00000000
04/02/2025;730;A;DOP;0,09341000;0,09401000;61,62000000;62,01000000
04/02/2025;735;A;PHP;0,09981000;0,09985000;58,01300000;58,03300000
04/02/2025;741;A;MXN;0,28430000;0,28440000;20,36610000;20,37660000
04/02/2025;745;A;UYU;0,13310000;0,13320000;43,50000000;43,53000000
04/02/2025;755;B;BWP;0,41240000;0,41650000;0,07120000;0,07190000
04/02/2025;760;A;MWK;0,00330900;0,00337400;1717,02000000;1750,32000000
04/02/2025;766;A;ZMW;0,20650000;0,20690000;28,00000000;28,05000000
04/02/2025;770;A;GTQ;0,74820000;0,75030000;7,72100000;7,74100000
04/02/2025;775;A;MMK;0,00275000;0,00276700;2093,70000000;2106,30000000
04/02/2025;778;B;PGK;1,40110000;1,44470000;0,24190000;0,24940000
04/02/2025;780;A;LAK;0,00026500;0,00026780;21630,00000000;21860,00000000
04/02/2025;785;A;ZAR;0,31060000;0,31070000;18,64540000;18,64850000
04/02/2025;795;A;CNY;0,79870000;0,79890000;7,25070000;7,25200000
04/02/2025;796;A;CNH;0,79580000;0,79590000;7,27780000;7,27820000
04/02/2025;800;A;QAR;1,58850000;1,58910000;3,64530000;3,64630000
04/02/2025;805;A;OMR;15,04050000;15,04990000;0,38490000;0,38510000
04/02/2025;810;A;YER;0,02329000;0,02334000;248,18000000;248,68000000
04/02/2025;815;A;IRR;0,00013790;0,00013790;42000,00000000;42005,00000000
04/02/2025;820;A;SAR;1,54430000;1,54450000;3,75050000;3,75070000
04/02/2025;825;A;KHR;0,00143700;0,00144500;4010,00000000;4030,00000000
04/02/2025;828;A;MYR;1,30220000;1,30470000;4,44000000;4,44800000
04/02/2025;830;A;RUB;0,05814000;0,05815000;99,62050000;99,62950000
04/02/2025;831;A;BYN;1,76640000;1,77360000;3,26610000;3,27910000
04/02/2025;835;A;TJS;0,52900000;0,53390000;10,85000000;10,95000000
04/02/2025;840;A;MUR;0,12280000;0,12360000;46,85000000;47,15000000
04/02/2025;845;A;NPR;0,04157000;0,04158000;139,31000000;139,32000000
04/02/2025;850;A;SCR;0,37980000;0,39950000;14,50040000;15,25070000
04/02/2025;855;A;LKR;0,01933000;0,01935000;299,40000000;299,70000000
04/02/2025;860;A;INR;0,06649000;0,06654000;87,05300000;87,10800000
04/02/2025;865;A;IDR;0,00035430;0,00035450;16340,00000000;16350,00000000
04/02/2025;870;A;MVR;0,37370000;0,37570000;15,42000000;15,50000000
04/02/2025;875;A;PKR;0,02076000;0,02079000;278,62000000;279,03000000
04/02/2025;880;A;ILS;1,62300000;1,62370000;3,56770000;3,56880000
04/02/2025;892;A;KGS;0,06619000;0,06624000;87,45000000;87,50430000
04/02/2025;893;A;UZS;0,00044540;0,00044580;12993,91000000;13003,91000000
04/02/2025;905;A;BDT;0,04748000;0,04752000;121,90000000;122,00000000
04/02/2025;912;B;WST;1,97740000;2,10510000;0,34140000;0,36340000
04/02/2025;913;A;KZT;0,01113000;0,01114000;519,85000000;520,40000000
04/02/2025;915;A;MNT;0,00167600;0,00167900;3451,00000000;3457,00000000
04/02/2025;920;A;VUV;0,04709000;0,04994000;116,00000000;123,00000000
04/02/2025;930;A;KRW;0,00399400;0,00399600;1449,51000000;1450,14000000
04/02/2025;946;A;TZS;0,00223200;0,00226700;2555,00000000;2595,00000000
04/02/2025;950;A;KES;0,04476000;0,04494000;128,90000000;129,40000000
04/02/2025;955;A;UGX;0,00157100;0,00157600;3676,32000000;3686,32000000
04/02/2025;960;A;SOS;0,01007000;0,01020000;568,00000000;575,00000000
04/02/2025;975;A;PLN;1,42630000;1,42680000;4,05980000;4,06080000
04/02/2025;978;B;EUR;6,01160000;6,01340000;1,03790000;1,03810000
04/02/2025;998;A;XAU;527,99450000;528,04920000;0,01097000;0,01097000

[2025-07-07T15:10:41.829+0000] {taskinstance.py:441} INFO - ::group::Post task execution logs
[2025-07-07T15:10:41.905+0000] {taskinstance.py:1206} INFO - Marking task as SUCCESS. dag_id=fin_cotacoes_bcb_classic, task_id=extract, run_id=scheduled__2025-02-04T00:00:00+00:00, execution_date=20250204T000000, start_date=20250707T151040, end_date=20250707T151041
[2025-07-07T15:10:41.993+0000] {local_task_job_runner.py:240} INFO - Task exited with return code 0
[2025-07-07T15:10:42.077+0000] {taskinstance.py:3503} INFO - 1 downstream tasks scheduled from follow-on schedule check
[2025-07-07T15:10:42.084+0000] {local_task_job_runner.py:222} INFO - ::endgroup::
