[2025-07-06T20:06:01.213+0000] {local_task_job_runner.py:120} INFO - ::group::Pre task execution logs
[2025-07-06T20:06:01.300+0000] {taskinstance.py:2076} INFO - Dependencies all met for dep_context=non-requeueable deps ti=<TaskInstance: fin_cotacoes_bcb_classic.extract scheduled__2025-05-24T00:00:00+00:00 [queued]>
[2025-07-06T20:06:01.317+0000] {taskinstance.py:2076} INFO - Dependencies all met for dep_context=requeueable deps ti=<TaskInstance: fin_cotacoes_bcb_classic.extract scheduled__2025-05-24T00:00:00+00:00 [queued]>
[2025-07-06T20:06:01.318+0000] {taskinstance.py:2306} INFO - Starting attempt 1 of 2
[2025-07-06T20:06:01.358+0000] {taskinstance.py:2330} INFO - Executing <Task(PythonOperator): extract> on 2025-05-24 00:00:00+00:00
[2025-07-06T20:06:01.382+0000] {logging_mixin.py:188} WARNING - /home/***/.local/lib/python3.12/site-packages/***/task/task_runner/standard_task_runner.py:61 DeprecationWarning: This process (pid=19911) is multi-threaded, use of fork() may lead to deadlocks in the child.
[2025-07-06T20:06:01.383+0000] {standard_task_runner.py:63} INFO - Started process 19943 to run task
[2025-07-06T20:06:01.386+0000] {standard_task_runner.py:90} INFO - Running: ['***', 'tasks', 'run', 'fin_cotacoes_bcb_classic', 'extract', 'scheduled__2025-05-24T00:00:00+00:00', '--job-id', '1359', '--raw', '--subdir', 'DAGS_FOLDER/cotacoes.py', '--cfg-path', '/tmp/tmpkj_r043d']
[2025-07-06T20:06:01.388+0000] {standard_task_runner.py:91} INFO - Job 1359: Subtask extract
[2025-07-06T20:06:01.495+0000] {task_command.py:426} INFO - Running <TaskInstance: fin_cotacoes_bcb_classic.extract scheduled__2025-05-24T00:00:00+00:00 [running]> on host 20adb53d65c4
[2025-07-06T20:06:01.678+0000] {taskinstance.py:2648} INFO - Exporting env vars: AIRFLOW_CTX_DAG_OWNER='***' AIRFLOW_CTX_DAG_ID='fin_cotacoes_bcb_classic' AIRFLOW_CTX_TASK_ID='extract' AIRFLOW_CTX_EXECUTION_DATE='2025-05-24T00:00:00+00:00' AIRFLOW_CTX_TRY_NUMBER='1' AIRFLOW_CTX_DAG_RUN_ID='scheduled__2025-05-24T00:00:00+00:00'
[2025-07-06T20:06:01.680+0000] {taskinstance.py:430} INFO - ::endgroup::
[2025-07-06T20:06:01.680+0000] {cotacoes.py:37} INFO - Iniciando extração da URL: https://www4.bcb.gov.br/Download/fechamento/20250524.csv
[2025-07-06T20:06:02.037+0000] {cotacoes.py:46} ERROR - Erro ao acessar a URL: 404 Client Error: Not Found for url: https://www4.bcb.gov.br/Download/fechamento/20250524.csv
[2025-07-06T20:06:02.043+0000] {python.py:237} INFO - Done. Returned value was: None
[2025-07-06T20:06:02.044+0000] {taskinstance.py:441} INFO - ::group::Post task execution logs
[2025-07-06T20:06:02.076+0000] {taskinstance.py:1206} INFO - Marking task as SUCCESS. dag_id=fin_cotacoes_bcb_classic, task_id=extract, run_id=scheduled__2025-05-24T00:00:00+00:00, execution_date=20250524T000000, start_date=20250706T200601, end_date=20250706T200602
[2025-07-06T20:06:02.214+0000] {local_task_job_runner.py:240} INFO - Task exited with return code 0
[2025-07-06T20:06:02.237+0000] {logging_mixin.py:188} WARNING - /home/***/.local/lib/python3.12/site-packages/***/models/baseoperator.py:1297 AirflowProviderDeprecationWarning: Call to deprecated class PostgresOperator. (Please use `***.providers.common.sql.operators.sql.SQLExecuteQueryOperator`.Also, you can provide `hook_params={'schema': <database>}`.)
[2025-07-06T20:06:02.307+0000] {taskinstance.py:3503} INFO - 1 downstream tasks scheduled from follow-on schedule check
[2025-07-06T20:06:02.312+0000] {local_task_job_runner.py:222} INFO - ::endgroup::
[2025-07-07T14:35:27.340+0000] {local_task_job_runner.py:120} INFO - ::group::Pre task execution logs
[2025-07-07T14:35:27.404+0000] {taskinstance.py:2076} INFO - Dependencies all met for dep_context=non-requeueable deps ti=<TaskInstance: fin_cotacoes_bcb_classic.extract scheduled__2025-05-24T00:00:00+00:00 [queued]>
[2025-07-07T14:35:27.414+0000] {taskinstance.py:2076} INFO - Dependencies all met for dep_context=requeueable deps ti=<TaskInstance: fin_cotacoes_bcb_classic.extract scheduled__2025-05-24T00:00:00+00:00 [queued]>
[2025-07-07T14:35:27.414+0000] {taskinstance.py:2306} INFO - Starting attempt 1 of 2
[2025-07-07T14:35:27.438+0000] {taskinstance.py:2330} INFO - Executing <Task(PythonOperator): extract> on 2025-05-24 00:00:00+00:00
[2025-07-07T14:35:27.458+0000] {logging_mixin.py:188} WARNING - /home/***/.local/lib/python3.12/site-packages/***/task/task_runner/standard_task_runner.py:61 DeprecationWarning: This process (pid=79605) is multi-threaded, use of fork() may lead to deadlocks in the child.
[2025-07-07T14:35:27.459+0000] {standard_task_runner.py:63} INFO - Started process 79674 to run task
[2025-07-07T14:35:27.466+0000] {standard_task_runner.py:90} INFO - Running: ['***', 'tasks', 'run', 'fin_cotacoes_bcb_classic', 'extract', 'scheduled__2025-05-24T00:00:00+00:00', '--job-id', '2609', '--raw', '--subdir', 'DAGS_FOLDER/cotacoes.py', '--cfg-path', '/tmp/tmp8zdt3p8r']
[2025-07-07T14:35:27.467+0000] {standard_task_runner.py:91} INFO - Job 2609: Subtask extract
[2025-07-07T14:35:27.640+0000] {task_command.py:426} INFO - Running <TaskInstance: fin_cotacoes_bcb_classic.extract scheduled__2025-05-24T00:00:00+00:00 [running]> on host bc96ca91d307
[2025-07-07T14:35:27.921+0000] {taskinstance.py:2648} INFO - Exporting env vars: AIRFLOW_CTX_DAG_OWNER='***' AIRFLOW_CTX_DAG_ID='fin_cotacoes_bcb_classic' AIRFLOW_CTX_TASK_ID='extract' AIRFLOW_CTX_EXECUTION_DATE='2025-05-24T00:00:00+00:00' AIRFLOW_CTX_TRY_NUMBER='1' AIRFLOW_CTX_DAG_RUN_ID='scheduled__2025-05-24T00:00:00+00:00'
[2025-07-07T14:35:27.923+0000] {taskinstance.py:430} INFO - ::endgroup::
[2025-07-07T14:35:27.925+0000] {cotacoes.py:35} INFO - Iniciando extração da URL: https://www4.bcb.gov.br/Download/fechamento/20250524.csv
[2025-07-07T14:35:28.303+0000] {cotacoes.py:46} WARNING - Não foi possível extrair dados da URL (pode ser um dia sem cotação): 404 Client Error: Not Found for url: https://www4.bcb.gov.br/Download/fechamento/20250524.csv
[2025-07-07T14:35:28.304+0000] {python.py:237} INFO - Done. Returned value was: None
[2025-07-07T14:35:28.305+0000] {taskinstance.py:441} INFO - ::group::Post task execution logs
[2025-07-07T14:35:28.347+0000] {taskinstance.py:1206} INFO - Marking task as SUCCESS. dag_id=fin_cotacoes_bcb_classic, task_id=extract, run_id=scheduled__2025-05-24T00:00:00+00:00, execution_date=20250524T000000, start_date=20250707T143527, end_date=20250707T143528
[2025-07-07T14:35:28.418+0000] {local_task_job_runner.py:240} INFO - Task exited with return code 0
[2025-07-07T14:35:28.495+0000] {taskinstance.py:3503} INFO - 0 downstream tasks scheduled from follow-on schedule check
[2025-07-07T14:35:28.500+0000] {local_task_job_runner.py:222} INFO - ::endgroup::
[2025-07-07T15:12:46.918+0000] {local_task_job_runner.py:120} INFO - ::group::Pre task execution logs
[2025-07-07T15:12:47.070+0000] {taskinstance.py:2076} INFO - Dependencies all met for dep_context=non-requeueable deps ti=<TaskInstance: fin_cotacoes_bcb_classic.extract scheduled__2025-05-24T00:00:00+00:00 [queued]>
[2025-07-07T15:12:47.088+0000] {taskinstance.py:2076} INFO - Dependencies all met for dep_context=requeueable deps ti=<TaskInstance: fin_cotacoes_bcb_classic.extract scheduled__2025-05-24T00:00:00+00:00 [queued]>
[2025-07-07T15:12:47.088+0000] {taskinstance.py:2306} INFO - Starting attempt 1 of 2
[2025-07-07T15:12:47.144+0000] {taskinstance.py:2330} INFO - Executing <Task(PythonOperator): extract> on 2025-05-24 00:00:00+00:00
[2025-07-07T15:12:47.176+0000] {logging_mixin.py:188} WARNING - /home/***/.local/lib/python3.12/site-packages/***/task/task_runner/standard_task_runner.py:61 DeprecationWarning: This process (pid=104304) is multi-threaded, use of fork() may lead to deadlocks in the child.
[2025-07-07T15:12:47.177+0000] {standard_task_runner.py:63} INFO - Started process 104378 to run task
[2025-07-07T15:12:47.174+0000] {standard_task_runner.py:90} INFO - Running: ['***', 'tasks', 'run', 'fin_cotacoes_bcb_classic', 'extract', 'scheduled__2025-05-24T00:00:00+00:00', '--job-id', '4283', '--raw', '--subdir', 'DAGS_FOLDER/cotacoes.py', '--cfg-path', '/tmp/tmpy2ki1bs6']
[2025-07-07T15:12:47.187+0000] {standard_task_runner.py:91} INFO - Job 4283: Subtask extract
[2025-07-07T15:12:47.348+0000] {task_command.py:426} INFO - Running <TaskInstance: fin_cotacoes_bcb_classic.extract scheduled__2025-05-24T00:00:00+00:00 [running]> on host bc96ca91d307
[2025-07-07T15:12:47.609+0000] {taskinstance.py:2648} INFO - Exporting env vars: AIRFLOW_CTX_DAG_OWNER='***' AIRFLOW_CTX_DAG_ID='fin_cotacoes_bcb_classic' AIRFLOW_CTX_TASK_ID='extract' AIRFLOW_CTX_EXECUTION_DATE='2025-05-24T00:00:00+00:00' AIRFLOW_CTX_TRY_NUMBER='1' AIRFLOW_CTX_DAG_RUN_ID='scheduled__2025-05-24T00:00:00+00:00'
[2025-07-07T15:12:47.611+0000] {taskinstance.py:430} INFO - ::endgroup::
[2025-07-07T15:12:47.611+0000] {cotacoes.py:35} INFO - Iniciando extração da URL: https://www4.bcb.gov.br/Download/fechamento/20250524.csv
[2025-07-07T15:12:47.902+0000] {cotacoes.py:46} WARNING - Não foi possível extrair dados da URL (pode ser um dia sem cotação): 404 Client Error: Not Found for url: https://www4.bcb.gov.br/Download/fechamento/20250524.csv
[2025-07-07T15:12:47.904+0000] {python.py:237} INFO - Done. Returned value was: None
[2025-07-07T15:12:47.904+0000] {taskinstance.py:441} INFO - ::group::Post task execution logs
[2025-07-07T15:12:47.941+0000] {taskinstance.py:1206} INFO - Marking task as SUCCESS. dag_id=fin_cotacoes_bcb_classic, task_id=extract, run_id=scheduled__2025-05-24T00:00:00+00:00, execution_date=20250524T000000, start_date=20250707T151247, end_date=20250707T151247
[2025-07-07T15:12:48.015+0000] {local_task_job_runner.py:240} INFO - Task exited with return code 0
[2025-07-07T15:12:48.040+0000] {local_task_job_runner.py:222} INFO - ::endgroup::
