[2025-07-06T19:44:44.664+0000] {local_task_job_runner.py:120} INFO - ::group::Pre task execution logs
[2025-07-06T19:44:44.729+0000] {taskinstance.py:2076} INFO - Dependencies all met for dep_context=non-requeueable deps ti=<TaskInstance: fin_cotacoes_bcb_classic.extract scheduled__2025-04-02T00:00:00+00:00 [queued]>
[2025-07-06T19:44:44.739+0000] {taskinstance.py:2076} INFO - Dependencies all met for dep_context=requeueable deps ti=<TaskInstance: fin_cotacoes_bcb_classic.extract scheduled__2025-04-02T00:00:00+00:00 [queued]>
[2025-07-06T19:44:44.740+0000] {taskinstance.py:2306} INFO - Starting attempt 1 of 2
[2025-07-06T19:44:44.770+0000] {taskinstance.py:2330} INFO - Executing <Task(PythonOperator): extract> on 2025-04-02 00:00:00+00:00
[2025-07-06T19:44:44.788+0000] {standard_task_runner.py:90} INFO - Running: ['***', 'tasks', 'run', 'fin_cotacoes_bcb_classic', 'extract', 'scheduled__2025-04-02T00:00:00+00:00', '--job-id', '1182', '--raw', '--subdir', 'DAGS_FOLDER/cotacoes.py', '--cfg-path', '/tmp/tmp_ja56pgx']
[2025-07-06T19:44:44.793+0000] {standard_task_runner.py:91} INFO - Job 1182: Subtask extract
[2025-07-06T19:44:44.796+0000] {logging_mixin.py:188} WARNING - /home/***/.local/lib/python3.12/site-packages/***/task/task_runner/standard_task_runner.py:61 DeprecationWarning: This process (pid=8223) is multi-threaded, use of fork() may lead to deadlocks in the child.
[2025-07-06T19:44:44.796+0000] {standard_task_runner.py:63} INFO - Started process 8348 to run task
[2025-07-06T19:44:44.931+0000] {task_command.py:426} INFO - Running <TaskInstance: fin_cotacoes_bcb_classic.extract scheduled__2025-04-02T00:00:00+00:00 [running]> on host 20adb53d65c4
[2025-07-06T19:44:45.184+0000] {taskinstance.py:2648} INFO - Exporting env vars: AIRFLOW_CTX_DAG_OWNER='***' AIRFLOW_CTX_DAG_ID='fin_cotacoes_bcb_classic' AIRFLOW_CTX_TASK_ID='extract' AIRFLOW_CTX_EXECUTION_DATE='2025-04-02T00:00:00+00:00' AIRFLOW_CTX_TRY_NUMBER='1' AIRFLOW_CTX_DAG_RUN_ID='scheduled__2025-04-02T00:00:00+00:00'
[2025-07-06T19:44:45.188+0000] {taskinstance.py:430} INFO - ::endgroup::
[2025-07-06T19:44:45.189+0000] {cotacoes.py:37} INFO - Iniciando extração da URL: https://www4.bcb.gov.br/Download/fechamento/20250402.csv
[2025-07-06T19:44:45.419+0000] {cotacoes.py:43} INFO - Extração concluída com sucesso.
[2025-07-06T19:44:45.421+0000] {python.py:237} INFO - Done. Returned value was: 02/04/2025;005;A;AFN;0,07938000;0,07961000;71,50000000;71,70000000
02/04/2025;009;A;ETB;0,04243000;0,04408000;129,13370000;134,13370000
02/04/2025;015;A;THB;0,16680000;0,16700000;34,09000000;34,13000000
02/04/2025;020;A;PAB;5,69180000;5,69230000;1,00000000;1,00000000
02/04/2025;027;A;VES;0,08130000;0,08151000;69,83910000;70,01410000
02/04/2025;030;A;BOB;0,81430000;0,82980000;6,86000000;6,99000000
02/04/2025;035;A;GHS;0,36600000;0,36840000;15,45000000;15,55000000
02/04/2025;040;A;CRC;0,01132000;0,01143000;498,00000000;503,00000000
02/04/2025;045;A;SVC;0,64980000;0,65060000;8,74980000;8,75980000
02/04/2025;051;A;NIO;0,15380000;0,15550000;36,60000000;37,00000000
02/04/2025;055;A;DKK;0,82900000;0,82920000;6,86510000;6,86570000
02/04/2025;060;A;ISK;0,04293000;0,04302000;132,31000000;132,59000000
02/04/2025;065;A;NOK;0,54730000;0,54760000;10,39570000;10,40030000
02/04/2025;070;A;SEK;0,57490000;0,57510000;9,89790000;9,90100000
02/04/2025;075;A;CZK;0,24780000;0,24800000;22,95300000;22,96500000
02/04/2025;090;A;GMD;0,07797000;0,07879000;72,25000000;73,00000000
02/04/2025;095;A;DZD;0,04238000;0,04257000;133,72320000;134,31320000
02/04/2025;100;A;KWD;18,44390000;18,47550000;0,30810000;0,30860000
02/04/2025;105;A;BHD;15,09360000;15,10290000;0,37690000;0,37710000
02/04/2025;115;A;IQD;0,00434200;0,00434900;1309,00000000;1311,00000000
02/04/2025;125;A;JOD;8,01660000;8,04000000;0,70800000;0,71000000
02/04/2025;130;A;LYD;1,17600000;1,18590000;4,80000000;4,84000000
02/04/2025;132;A;MKD;0,09945000;0,10050000;56,66000000;57,23000000
02/04/2025;133;A;RSD;0,05270000;0,05286000;107,68000000;108,01000000
02/04/2025;134;A;SDG;0,00945200;0,00950500;598,85020000;602,19120000
02/04/2025;135;A;TND;1,83720000;1,83910000;3,09510000;3,09810000
02/04/2025;136;A;SSP;0,00126500;0,00129400;4400,00000000;4500,00000000
02/04/2025;138;B;SDR;7,55470000;7,55540000;1,32730000;1,32730000
02/04/2025;139;A;MAD;0,59320000;0,59360000;9,58950000;9,59450000
02/04/2025;145;A;AED;1,54950000;1,54990000;3,67260000;3,67340000
02/04/2025;149;A;STN;0,24730000;0,25240000;22,54940000;23,01390000
02/04/2025;150;B;AUD;3,58530000;3,58610000;0,62990000;0,63000000
02/04/2025;155;A;BSD;5,69180000;5,69230000;1,00000000;1,00000000
02/04/2025;160;A;BMD;5,69180000;5,69230000;1,00000000;1,00000000
02/04/2025;165;A;CAD;3,97670000;3,97780000;1,43100000;1,43130000
02/04/2025;170;A;GYD;0,02704000;0,02722000;209,09000000;210,51000000
02/04/2025;173;A;NAD;0,30330000;0,30330000;18,76520000;18,76810000
02/04/2025;175;A;BBD;2,79000000;2,84890000;1,99810000;2,04010000
02/04/2025;180;A;BZD;2,82160000;2,84590000;2,00020000;2,01720000
02/04/2025;185;A;BND;4,23940000;4,24230000;1,34180000;1,34260000
02/04/2025;190;A;KYD;6,81650000;6,87890000;0,82750000;0,83500000
02/04/2025;195;A;SGD;4,23940000;4,24230000;1,34180000;1,34260000
02/04/2025;197;B;CLF;231,89530000;231,91570000;40,74200000;40,74200000
02/04/2025;200;B;FJD;2,39400000;2,49100000;0,42060000;0,43760000
02/04/2025;205;A;HKD;0,73130000;0,73150000;7,78190000;7,78300000
02/04/2025;210;A;TTD;0,83380000;0,84520000;6,73490000;6,82600000
02/04/2025;215;A;XCD;2,09260000;2,11610000;2,69000000;2,72000000
02/04/2025;220;A;USD;5,69180000;5,69230000;1,00000000;1,00000000
02/04/2025;230;A;JMD;0,03593000;0,03635000;156,61000000;158,41000000
02/04/2025;235;A;LRD;0,02818000;0,02875000;198,00000000;202,00000000
02/04/2025;245;B;NZD;3,26540000;3,26740000;0,57370000;0,57400000
02/04/2025;250;B;SBD;0,67110000;0,71100000;0,11790000;0,12490000
02/04/2025;255;A;SRD;0,15370000;0,15700000;36,25200000;37,03700000
02/04/2025;260;A;VND;0,00022180;0,00022240;25600,00000000;25660,00000000
02/04/2025;275;A;AMD;0,01445000;0,01460000;390,00000000;394,00000000
02/04/2025;295;A;CVE;0,05557000;0,05609000;101,49000000;102,43000000
02/04/2025;325;A;ANG;3,12740000;3,18990000;1,78450000;1,82000000
02/04/2025;326;A;XCG;3,12740000;3,18990000;1,78450000;1,82000000
02/04/2025;328;A;AWG;3,09340000;3,19790000;1,78000000;1,84000000
02/04/2025;345;A;HUF;0,01546000;0,01547000;367,85000000;368,19000000
02/04/2025;363;A;CDF;0,00192900;0,00198800;2863,00000000;2950,00000000
02/04/2025;365;A;BIF;0,00188800;0,00194300;2929,30000000;3015,00000000
02/04/2025;368;A;KMF;0,01245000;0,01248000;456,00000000;457,00000000
02/04/2025;370;A;XAF;0,00909300;0,00942900;603,73000000;625,95000000
02/04/2025;372;A;XOF;0,00937700;0,00944000;603,00000000;607,00000000
02/04/2025;380;A;XPF;0,05152000;0,05198000;109,51000000;110,48000000
02/04/2025;390;A;DJF;0,03188000;0,03205000;177,60000000;178,55000000
02/04/2025;398;A;GNF;0,00065420;0,00066140;8606,00000000;8700,00000000
02/04/2025;406;A;MGA;0,00123300;0,00126200;4510,30000000;4616,16000000
02/04/2025;420;A;RWF;0,00397800;0,00406300;1401,00000000;1431,00000000
02/04/2025;425;A;CHF;6,45260000;6,45610000;0,88170000;0,88210000
02/04/2025;440;A;HTG;0,04325000;0,04362000;130,50000000;131,60000000
02/04/2025;450;A;PYG;0,00070870;0,00071020;8015,41000000;8031,60000000
02/04/2025;460;A;UAH;0,13760000;0,13780000;41,32000000;41,37000000
02/04/2025;470;A;JPY;0,03794000;0,03796000;149,97000000;150,01000000
02/04/2025;482;A;GEL;2,04010000;2,08510000;2,73000000;2,79000000
02/04/2025;490;A;ALL;0,06208000;0,06260000;90,93000000;91,68000000
02/04/2025;495;A;HNL;0,22230000;0,22260000;25,57120000;25,60000000
02/04/2025;500;A;SLL;0,00024850;0,00025100;22683,00000000;22908,00000000
02/04/2025;503;A;MDL;0,31870000;0,32050000;17,76000000;17,86000000
02/04/2025;506;A;RON;1,24120000;1,24260000;4,58080000;4,58580000
02/04/2025;510;A;BGN;3,16140000;3,16240000;1,80000000;1,80040000
02/04/2025;530;B;GIP;7,34810000;7,35450000;1,29100000;1,29200000
02/04/2025;535;A;EGP;0,11240000;0,11270000;50,52000000;50,62000000
02/04/2025;540;B;GBP;7,38280000;7,38580000;1,29710000;1,29750000
02/04/2025;545;B;FKP;7,34810000;7,35450000;1,29100000;1,29200000
02/04/2025;560;A;LBP;0,00006350;0,00006360;89500,00000000;89600,00000000
02/04/2025;570;B;SHP;7,38000000;7,38230000;1,29660000;1,29690000
02/04/2025;575;A;SYP;0,00043750;0,00043790;13000,00000000;13010,00000000
02/04/2025;585;A;SZL;0,30320000;0,30370000;18,74540000;18,77050000
02/04/2025;603;A;LSL;0,30330000;0,30330000;18,76520000;18,76810000
02/04/2025;608;A;TMT;1,62400000;1,62880000;3,49470000;3,50470000
02/04/2025;622;A;MZN;0,08822000;0,09000000;63,25000000;64,52000000
02/04/2025;625;A;ERN;0,37570000;0,37950000;15,00000000;15,15000000
02/04/2025;630;A;NGN;0,00369700;0,00371500;1532,36000000;1539,41000000
02/04/2025;635;A;AOA;0,00611900;0,00624200;912,00000000;930,24000000
02/04/2025;640;A;TWD;0,17180000;0,17190000;33,10600000;33,13600000
02/04/2025;642;A;TRY;0,15000000;0,15010000;37,91340000;37,93360000
02/04/2025;660;A;PEN;1,54840000;1,54980000;3,67300000;3,67600000
02/04/2025;665;A;BTN;0,06655000;0,06665000;85,41200000;85,52100000
02/04/2025;670;A;MRO;0,01585000;0,01599000;356,00000000;359,00000000
02/04/2025;671;A;MRU;0,14230000;0,14340000;39,70000000;40,00000000
02/04/2025;680;B;TOP;2,28870000;2,43120000;0,40210000;0,42710000
02/04/2025;685;A;MOP;0,70920000;0,71010000;8,01600000;8,02600000
02/04/2025;706;A;ARS;0,00530500;0,00530600;1072,80000000;1072,90000000
02/04/2025;715;A;CLP;0,00596100;0,00596500;954,23000000;954,88000000
02/04/2025;720;A;COP;0,00137200;0,00137300;4146,84000000;4149,04000000
02/04/2025;721;B;COU;0,51340000;0,51340000;0,09020000;0,09020000
02/04/2025;725;A;CUP;0,23720000;0,23720000;24,00000000;24,00000000
02/04/2025;730;A;DOP;0,08963000;0,09035000;63,00000000;63,50000000
02/04/2025;735;A;PHP;0,09968000;0,09974000;57,07100000;57,09800000
02/04/2025;741;A;MXN;0,27760000;0,27780000;20,49110000;20,50160000
02/04/2025;745;A;UYU;0,13470000;0,13480000;42,23000000;42,26000000
02/04/2025;755;B;BWP;0,40980000;0,41380000;0,07200000;0,07270000
02/04/2025;760;A;MWK;0,00325200;0,00331500;1717,02000000;1750,32000000
02/04/2025;766;A;ZMW;0,20140000;0,20430000;27,86600000;28,26800000
02/04/2025;770;A;GTQ;0,73650000;0,73850000;7,70800000;7,72800000
02/04/2025;775;A;MMK;0,00270200;0,00271900;2093,70000000;2106,30000000
02/04/2025;778;B;PGK;1,35860000;1,40140000;0,23870000;0,24620000
02/04/2025;780;A;LAK;0,00026120;0,00026440;21530,00000000;21790,00000000
02/04/2025;785;A;ZAR;0,30330000;0,30340000;18,76250000;18,76830000
02/04/2025;795;A;CNY;0,78310000;0,78330000;7,26750000;7,26870000
02/04/2025;796;A;CNH;0,78220000;0,78240000;7,27580000;7,27620000
02/04/2025;800;A;QAR;1,56110000;1,56190000;3,64450000;3,64600000
02/04/2025;805;A;OMR;14,78010000;14,78900000;0,38490000;0,38510000
02/04/2025;810;A;YER;0,02309000;0,02317000;245,65000000;246,55000000
02/04/2025;815;A;IRR;0,00013490;0,00013550;42025,00000000;42200,00000000
02/04/2025;820;A;SAR;1,51670000;1,51780000;3,75040000;3,75270000
02/04/2025;825;A;KHR;0,00141100;0,00142700;3990,00000000;4033,00000000
02/04/2025;828;A;MYR;1,27700000;1,27890000;4,45100000;4,45700000
02/04/2025;830;A;RUB;0,06755000;0,06757000;84,24550000;84,25450000
02/04/2025;831;A;BYN;1,73530000;1,74610000;3,26000000;3,28000000
02/04/2025;835;A;TJS;0,52080000;0,52460000;10,85000000;10,93000000
02/04/2025;840;A;MUR;0,12400000;0,12480000;45,60000000;45,90000000
02/04/2025;845;A;NPR;0,04160000;0,04161000;136,80000000;136,81000000
02/04/2025;850;A;SCR;0,37420000;0,39730000;14,32850000;15,20970000
02/04/2025;855;A;LKR;0,01922000;0,01923000;296,00000000;296,10000000
02/04/2025;860;A;INR;0,06657000;0,06662000;85,44400000;85,49900000
02/04/2025;865;A;IDR;0,00034360;0,00034380;16555,00000000;16565,00000000
02/04/2025;870;A;MVR;0,36720000;0,36920000;15,42000000;15,50000000
02/04/2025;875;A;PKR;0,02030000;0,02034000;279,90000000;280,40000000
02/04/2025;880;A;ILS;1,53770000;1,53950000;3,69750000;3,70140000
02/04/2025;892;A;KGS;0,06564000;0,06568000;86,66320000;86,71750000
02/04/2025;893;A;UZS;0,00043870;0,00044140;12895,00000000;12975,00000000
02/04/2025;905;A;BDT;0,04665000;0,04704000;121,00000000;122,00000000
02/04/2025;912;B;WST;1,96080000;2,08620000;0,34450000;0,36650000
02/04/2025;913;A;KZT;0,01132000;0,01132000;502,70000000;502,80000000
02/04/2025;915;A;MNT;0,00162800;0,00163300;3485,00000000;3496,00000000
02/04/2025;920;A;VUV;0,04517000;0,04744000;120,00000000;126,00000000
02/04/2025;930;A;KRW;0,00389100;0,00389300;1462,18000000;1462,78000000
02/04/2025;946;A;TZS;0,00213600;0,00217700;2615,00000000;2665,00000000
02/04/2025;950;A;KES;0,04395000;0,04413000;129,00000000;129,50000000
02/04/2025;955;A;UGX;0,00155900;0,00156300;3642,00000000;3652,00000000
02/04/2025;960;A;SOS;0,00989900;0,01002000;568,00000000;575,00000000
02/04/2025;975;A;PLN;1,48230000;1,48320000;3,83780000;3,83990000
02/04/2025;978;B;EUR;6,18530000;6,18640000;1,08670000;1,08680000
02/04/2025;998;A;XAU;572,38540000;572,43560000;0,00994400;0,00994400

[2025-07-06T19:44:45.421+0000] {taskinstance.py:441} INFO - ::group::Post task execution logs
[2025-07-06T19:44:45.473+0000] {taskinstance.py:1206} INFO - Marking task as SUCCESS. dag_id=fin_cotacoes_bcb_classic, task_id=extract, run_id=scheduled__2025-04-02T00:00:00+00:00, execution_date=20250402T000000, start_date=20250706T194444, end_date=20250706T194445
[2025-07-06T19:44:45.542+0000] {local_task_job_runner.py:240} INFO - Task exited with return code 0
[2025-07-06T19:44:45.560+0000] {logging_mixin.py:188} WARNING - /home/***/.local/lib/python3.12/site-packages/***/models/baseoperator.py:1297 AirflowProviderDeprecationWarning: Call to deprecated class PostgresOperator. (Please use `***.providers.common.sql.operators.sql.SQLExecuteQueryOperator`.Also, you can provide `hook_params={'schema': <database>}`.)
[2025-07-06T19:44:45.621+0000] {taskinstance.py:3503} INFO - 1 downstream tasks scheduled from follow-on schedule check
[2025-07-06T19:44:45.622+0000] {local_task_job_runner.py:222} INFO - ::endgroup::
[2025-07-07T14:34:21.743+0000] {local_task_job_runner.py:120} INFO - ::group::Pre task execution logs
[2025-07-07T14:34:21.868+0000] {taskinstance.py:2076} INFO - Dependencies all met for dep_context=non-requeueable deps ti=<TaskInstance: fin_cotacoes_bcb_classic.extract scheduled__2025-04-02T00:00:00+00:00 [queued]>
[2025-07-07T14:34:21.906+0000] {taskinstance.py:2076} INFO - Dependencies all met for dep_context=requeueable deps ti=<TaskInstance: fin_cotacoes_bcb_classic.extract scheduled__2025-04-02T00:00:00+00:00 [queued]>
[2025-07-07T14:34:21.907+0000] {taskinstance.py:2306} INFO - Starting attempt 1 of 2
[2025-07-07T14:34:21.968+0000] {taskinstance.py:2330} INFO - Executing <Task(PythonOperator): extract> on 2025-04-02 00:00:00+00:00
[2025-07-07T14:34:21.993+0000] {standard_task_runner.py:90} INFO - Running: ['***', 'tasks', 'run', 'fin_cotacoes_bcb_classic', 'extract', 'scheduled__2025-04-02T00:00:00+00:00', '--job-id', '2440', '--raw', '--subdir', 'DAGS_FOLDER/cotacoes.py', '--cfg-path', '/tmp/tmpo9oikw6f']
[2025-07-07T14:34:21.995+0000] {standard_task_runner.py:91} INFO - Job 2440: Subtask extract
[2025-07-07T14:34:22.010+0000] {logging_mixin.py:188} WARNING - /home/***/.local/lib/python3.12/site-packages/***/task/task_runner/standard_task_runner.py:61 DeprecationWarning: This process (pid=78569) is multi-threaded, use of fork() may lead to deadlocks in the child.
[2025-07-07T14:34:22.011+0000] {standard_task_runner.py:63} INFO - Started process 78602 to run task
[2025-07-07T14:34:22.146+0000] {task_command.py:426} INFO - Running <TaskInstance: fin_cotacoes_bcb_classic.extract scheduled__2025-04-02T00:00:00+00:00 [running]> on host bc96ca91d307
[2025-07-07T14:34:22.466+0000] {taskinstance.py:2648} INFO - Exporting env vars: AIRFLOW_CTX_DAG_OWNER='***' AIRFLOW_CTX_DAG_ID='fin_cotacoes_bcb_classic' AIRFLOW_CTX_TASK_ID='extract' AIRFLOW_CTX_EXECUTION_DATE='2025-04-02T00:00:00+00:00' AIRFLOW_CTX_TRY_NUMBER='1' AIRFLOW_CTX_DAG_RUN_ID='scheduled__2025-04-02T00:00:00+00:00'
[2025-07-07T14:34:22.468+0000] {taskinstance.py:430} INFO - ::endgroup::
[2025-07-07T14:34:22.469+0000] {cotacoes.py:35} INFO - Iniciando extração da URL: https://www4.bcb.gov.br/Download/fechamento/20250402.csv
[2025-07-07T14:34:22.819+0000] {cotacoes.py:41} INFO - Extração concluída com sucesso.
[2025-07-07T14:34:22.825+0000] {python.py:237} INFO - Done. Returned value was: 02/04/2025;005;A;AFN;0,07938000;0,07961000;71,50000000;71,70000000
02/04/2025;009;A;ETB;0,04243000;0,04408000;129,13370000;134,13370000
02/04/2025;015;A;THB;0,16680000;0,16700000;34,09000000;34,13000000
02/04/2025;020;A;PAB;5,69180000;5,69230000;1,00000000;1,00000000
02/04/2025;027;A;VES;0,08130000;0,08151000;69,83910000;70,01410000
02/04/2025;030;A;BOB;0,81430000;0,82980000;6,86000000;6,99000000
02/04/2025;035;A;GHS;0,36600000;0,36840000;15,45000000;15,55000000
02/04/2025;040;A;CRC;0,01132000;0,01143000;498,00000000;503,00000000
02/04/2025;045;A;SVC;0,64980000;0,65060000;8,74980000;8,75980000
02/04/2025;051;A;NIO;0,15380000;0,15550000;36,60000000;37,00000000
02/04/2025;055;A;DKK;0,82900000;0,82920000;6,86510000;6,86570000
02/04/2025;060;A;ISK;0,04293000;0,04302000;132,31000000;132,59000000
02/04/2025;065;A;NOK;0,54730000;0,54760000;10,39570000;10,40030000
02/04/2025;070;A;SEK;0,57490000;0,57510000;9,89790000;9,90100000
02/04/2025;075;A;CZK;0,24780000;0,24800000;22,95300000;22,96500000
02/04/2025;090;A;GMD;0,07797000;0,07879000;72,25000000;73,00000000
02/04/2025;095;A;DZD;0,04238000;0,04257000;133,72320000;134,31320000
02/04/2025;100;A;KWD;18,44390000;18,47550000;0,30810000;0,30860000
02/04/2025;105;A;BHD;15,09360000;15,10290000;0,37690000;0,37710000
02/04/2025;115;A;IQD;0,00434200;0,00434900;1309,00000000;1311,00000000
02/04/2025;125;A;JOD;8,01660000;8,04000000;0,70800000;0,71000000
02/04/2025;130;A;LYD;1,17600000;1,18590000;4,80000000;4,84000000
02/04/2025;132;A;MKD;0,09945000;0,10050000;56,66000000;57,23000000
02/04/2025;133;A;RSD;0,05270000;0,05286000;107,68000000;108,01000000
02/04/2025;134;A;SDG;0,00945200;0,00950500;598,85020000;602,19120000
02/04/2025;135;A;TND;1,83720000;1,83910000;3,09510000;3,09810000
02/04/2025;136;A;SSP;0,00126500;0,00129400;4400,00000000;4500,00000000
02/04/2025;138;B;SDR;7,55470000;7,55540000;1,32730000;1,32730000
02/04/2025;139;A;MAD;0,59320000;0,59360000;9,58950000;9,59450000
02/04/2025;145;A;AED;1,54950000;1,54990000;3,67260000;3,67340000
02/04/2025;149;A;STN;0,24730000;0,25240000;22,54940000;23,01390000
02/04/2025;150;B;AUD;3,58530000;3,58610000;0,62990000;0,63000000
02/04/2025;155;A;BSD;5,69180000;5,69230000;1,00000000;1,00000000
02/04/2025;160;A;BMD;5,69180000;5,69230000;1,00000000;1,00000000
02/04/2025;165;A;CAD;3,97670000;3,97780000;1,43100000;1,43130000
02/04/2025;170;A;GYD;0,02704000;0,02722000;209,09000000;210,51000000
02/04/2025;173;A;NAD;0,30330000;0,30330000;18,76520000;18,76810000
02/04/2025;175;A;BBD;2,79000000;2,84890000;1,99810000;2,04010000
02/04/2025;180;A;BZD;2,82160000;2,84590000;2,00020000;2,01720000
02/04/2025;185;A;BND;4,23940000;4,24230000;1,34180000;1,34260000
02/04/2025;190;A;KYD;6,81650000;6,87890000;0,82750000;0,83500000
02/04/2025;195;A;SGD;4,23940000;4,24230000;1,34180000;1,34260000
02/04/2025;197;B;CLF;231,89530000;231,91570000;40,74200000;40,74200000
02/04/2025;200;B;FJD;2,39400000;2,49100000;0,42060000;0,43760000
02/04/2025;205;A;HKD;0,73130000;0,73150000;7,78190000;7,78300000
02/04/2025;210;A;TTD;0,83380000;0,84520000;6,73490000;6,82600000
02/04/2025;215;A;XCD;2,09260000;2,11610000;2,69000000;2,72000000
02/04/2025;220;A;USD;5,69180000;5,69230000;1,00000000;1,00000000
02/04/2025;230;A;JMD;0,03593000;0,03635000;156,61000000;158,41000000
02/04/2025;235;A;LRD;0,02818000;0,02875000;198,00000000;202,00000000
02/04/2025;245;B;NZD;3,26540000;3,26740000;0,57370000;0,57400000
02/04/2025;250;B;SBD;0,67110000;0,71100000;0,11790000;0,12490000
02/04/2025;255;A;SRD;0,15370000;0,15700000;36,25200000;37,03700000
02/04/2025;260;A;VND;0,00022180;0,00022240;25600,00000000;25660,00000000
02/04/2025;275;A;AMD;0,01445000;0,01460000;390,00000000;394,00000000
02/04/2025;295;A;CVE;0,05557000;0,05609000;101,49000000;102,43000000
02/04/2025;325;A;ANG;3,12740000;3,18990000;1,78450000;1,82000000
02/04/2025;326;A;XCG;3,12740000;3,18990000;1,78450000;1,82000000
02/04/2025;328;A;AWG;3,09340000;3,19790000;1,78000000;1,84000000
02/04/2025;345;A;HUF;0,01546000;0,01547000;367,85000000;368,19000000
02/04/2025;363;A;CDF;0,00192900;0,00198800;2863,00000000;2950,00000000
02/04/2025;365;A;BIF;0,00188800;0,00194300;2929,30000000;3015,00000000
02/04/2025;368;A;KMF;0,01245000;0,01248000;456,00000000;457,00000000
02/04/2025;370;A;XAF;0,00909300;0,00942900;603,73000000;625,95000000
02/04/2025;372;A;XOF;0,00937700;0,00944000;603,00000000;607,00000000
02/04/2025;380;A;XPF;0,05152000;0,05198000;109,51000000;110,48000000
02/04/2025;390;A;DJF;0,03188000;0,03205000;177,60000000;178,55000000
02/04/2025;398;A;GNF;0,00065420;0,00066140;8606,00000000;8700,00000000
02/04/2025;406;A;MGA;0,00123300;0,00126200;4510,30000000;4616,16000000
02/04/2025;420;A;RWF;0,00397800;0,00406300;1401,00000000;1431,00000000
02/04/2025;425;A;CHF;6,45260000;6,45610000;0,88170000;0,88210000
02/04/2025;440;A;HTG;0,04325000;0,04362000;130,50000000;131,60000000
02/04/2025;450;A;PYG;0,00070870;0,00071020;8015,41000000;8031,60000000
02/04/2025;460;A;UAH;0,13760000;0,13780000;41,32000000;41,37000000
02/04/2025;470;A;JPY;0,03794000;0,03796000;149,97000000;150,01000000
02/04/2025;482;A;GEL;2,04010000;2,08510000;2,73000000;2,79000000
02/04/2025;490;A;ALL;0,06208000;0,06260000;90,93000000;91,68000000
02/04/2025;495;A;HNL;0,22230000;0,22260000;25,57120000;25,60000000
02/04/2025;500;A;SLL;0,00024850;0,00025100;22683,00000000;22908,00000000
02/04/2025;503;A;MDL;0,31870000;0,32050000;17,76000000;17,86000000
02/04/2025;506;A;RON;1,24120000;1,24260000;4,58080000;4,58580000
02/04/2025;510;A;BGN;3,16140000;3,16240000;1,80000000;1,80040000
02/04/2025;530;B;GIP;7,34810000;7,35450000;1,29100000;1,29200000
02/04/2025;535;A;EGP;0,11240000;0,11270000;50,52000000;50,62000000
02/04/2025;540;B;GBP;7,38280000;7,38580000;1,29710000;1,29750000
02/04/2025;545;B;FKP;7,34810000;7,35450000;1,29100000;1,29200000
02/04/2025;560;A;LBP;0,00006350;0,00006360;89500,00000000;89600,00000000
02/04/2025;570;B;SHP;7,38000000;7,38230000;1,29660000;1,29690000
02/04/2025;575;A;SYP;0,00043750;0,00043790;13000,00000000;13010,00000000
02/04/2025;585;A;SZL;0,30320000;0,30370000;18,74540000;18,77050000
02/04/2025;603;A;LSL;0,30330000;0,30330000;18,76520000;18,76810000
02/04/2025;608;A;TMT;1,62400000;1,62880000;3,49470000;3,50470000
02/04/2025;622;A;MZN;0,08822000;0,09000000;63,25000000;64,52000000
02/04/2025;625;A;ERN;0,37570000;0,37950000;15,00000000;15,15000000
02/04/2025;630;A;NGN;0,00369700;0,00371500;1532,36000000;1539,41000000
02/04/2025;635;A;AOA;0,00611900;0,00624200;912,00000000;930,24000000
02/04/2025;640;A;TWD;0,17180000;0,17190000;33,10600000;33,13600000
02/04/2025;642;A;TRY;0,15000000;0,15010000;37,91340000;37,93360000
02/04/2025;660;A;PEN;1,54840000;1,54980000;3,67300000;3,67600000
02/04/2025;665;A;BTN;0,06655000;0,06665000;85,41200000;85,52100000
02/04/2025;670;A;MRO;0,01585000;0,01599000;356,00000000;359,00000000
02/04/2025;671;A;MRU;0,14230000;0,14340000;39,70000000;40,00000000
02/04/2025;680;B;TOP;2,28870000;2,43120000;0,40210000;0,42710000
02/04/2025;685;A;MOP;0,70920000;0,71010000;8,01600000;8,02600000
02/04/2025;706;A;ARS;0,00530500;0,00530600;1072,80000000;1072,90000000
02/04/2025;715;A;CLP;0,00596100;0,00596500;954,23000000;954,88000000
02/04/2025;720;A;COP;0,00137200;0,00137300;4146,84000000;4149,04000000
02/04/2025;721;B;COU;0,51340000;0,51340000;0,09020000;0,09020000
02/04/2025;725;A;CUP;0,23720000;0,23720000;24,00000000;24,00000000
02/04/2025;730;A;DOP;0,08963000;0,09035000;63,00000000;63,50000000
02/04/2025;735;A;PHP;0,09968000;0,09974000;57,07100000;57,09800000
02/04/2025;741;A;MXN;0,27760000;0,27780000;20,49110000;20,50160000
02/04/2025;745;A;UYU;0,13470000;0,13480000;42,23000000;42,26000000
02/04/2025;755;B;BWP;0,40980000;0,41380000;0,07200000;0,07270000
02/04/2025;760;A;MWK;0,00325200;0,00331500;1717,02000000;1750,32000000
02/04/2025;766;A;ZMW;0,20140000;0,20430000;27,86600000;28,26800000
02/04/2025;770;A;GTQ;0,73650000;0,73850000;7,70800000;7,72800000
02/04/2025;775;A;MMK;0,00270200;0,00271900;2093,70000000;2106,30000000
02/04/2025;778;B;PGK;1,35860000;1,40140000;0,23870000;0,24620000
02/04/2025;780;A;LAK;0,00026120;0,00026440;21530,00000000;21790,00000000
02/04/2025;785;A;ZAR;0,30330000;0,30340000;18,76250000;18,76830000
02/04/2025;795;A;CNY;0,78310000;0,78330000;7,26750000;7,26870000
02/04/2025;796;A;CNH;0,78220000;0,78240000;7,27580000;7,27620000
02/04/2025;800;A;QAR;1,56110000;1,56190000;3,64450000;3,64600000
02/04/2025;805;A;OMR;14,78010000;14,78900000;0,38490000;0,38510000
02/04/2025;810;A;YER;0,02309000;0,02317000;245,65000000;246,55000000
02/04/2025;815;A;IRR;0,00013490;0,00013550;42025,00000000;42200,00000000
02/04/2025;820;A;SAR;1,51670000;1,51780000;3,75040000;3,75270000
02/04/2025;825;A;KHR;0,00141100;0,00142700;3990,00000000;4033,00000000
02/04/2025;828;A;MYR;1,27700000;1,27890000;4,45100000;4,45700000
02/04/2025;830;A;RUB;0,06755000;0,06757000;84,24550000;84,25450000
02/04/2025;831;A;BYN;1,73530000;1,74610000;3,26000000;3,28000000
02/04/2025;835;A;TJS;0,52080000;0,52460000;10,85000000;10,93000000
02/04/2025;840;A;MUR;0,12400000;0,12480000;45,60000000;45,90000000
02/04/2025;845;A;NPR;0,04160000;0,04161000;136,80000000;136,81000000
02/04/2025;850;A;SCR;0,37420000;0,39730000;14,32850000;15,20970000
02/04/2025;855;A;LKR;0,01922000;0,01923000;296,00000000;296,10000000
02/04/2025;860;A;INR;0,06657000;0,06662000;85,44400000;85,49900000
02/04/2025;865;A;IDR;0,00034360;0,00034380;16555,00000000;16565,00000000
02/04/2025;870;A;MVR;0,36720000;0,36920000;15,42000000;15,50000000
02/04/2025;875;A;PKR;0,02030000;0,02034000;279,90000000;280,40000000
02/04/2025;880;A;ILS;1,53770000;1,53950000;3,69750000;3,70140000
02/04/2025;892;A;KGS;0,06564000;0,06568000;86,66320000;86,71750000
02/04/2025;893;A;UZS;0,00043870;0,00044140;12895,00000000;12975,00000000
02/04/2025;905;A;BDT;0,04665000;0,04704000;121,00000000;122,00000000
02/04/2025;912;B;WST;1,96080000;2,08620000;0,34450000;0,36650000
02/04/2025;913;A;KZT;0,01132000;0,01132000;502,70000000;502,80000000
02/04/2025;915;A;MNT;0,00162800;0,00163300;3485,00000000;3496,00000000
02/04/2025;920;A;VUV;0,04517000;0,04744000;120,00000000;126,00000000
02/04/2025;930;A;KRW;0,00389100;0,00389300;1462,18000000;1462,78000000
02/04/2025;946;A;TZS;0,00213600;0,00217700;2615,00000000;2665,00000000
02/04/2025;950;A;KES;0,04395000;0,04413000;129,00000000;129,50000000
02/04/2025;955;A;UGX;0,00155900;0,00156300;3642,00000000;3652,00000000
02/04/2025;960;A;SOS;0,00989900;0,01002000;568,00000000;575,00000000
02/04/2025;975;A;PLN;1,48230000;1,48320000;3,83780000;3,83990000
02/04/2025;978;B;EUR;6,18530000;6,18640000;1,08670000;1,08680000
02/04/2025;998;A;XAU;572,38540000;572,43560000;0,00994400;0,00994400

[2025-07-07T14:34:22.826+0000] {taskinstance.py:441} INFO - ::group::Post task execution logs
[2025-07-07T14:34:22.867+0000] {taskinstance.py:1206} INFO - Marking task as SUCCESS. dag_id=fin_cotacoes_bcb_classic, task_id=extract, run_id=scheduled__2025-04-02T00:00:00+00:00, execution_date=20250402T000000, start_date=20250707T143421, end_date=20250707T143422
[2025-07-07T14:34:23.136+0000] {local_task_job_runner.py:240} INFO - Task exited with return code 0
[2025-07-07T14:34:23.252+0000] {taskinstance.py:3503} INFO - 0 downstream tasks scheduled from follow-on schedule check
[2025-07-07T14:34:23.262+0000] {local_task_job_runner.py:222} INFO - ::endgroup::
[2025-07-07T15:11:48.088+0000] {local_task_job_runner.py:120} INFO - ::group::Pre task execution logs
[2025-07-07T15:11:48.168+0000] {taskinstance.py:2076} INFO - Dependencies all met for dep_context=non-requeueable deps ti=<TaskInstance: fin_cotacoes_bcb_classic.extract scheduled__2025-04-02T00:00:00+00:00 [queued]>
[2025-07-07T15:11:48.188+0000] {taskinstance.py:2076} INFO - Dependencies all met for dep_context=requeueable deps ti=<TaskInstance: fin_cotacoes_bcb_classic.extract scheduled__2025-04-02T00:00:00+00:00 [queued]>
[2025-07-07T15:11:48.189+0000] {taskinstance.py:2306} INFO - Starting attempt 1 of 2
[2025-07-07T15:11:48.215+0000] {taskinstance.py:2330} INFO - Executing <Task(PythonOperator): extract> on 2025-04-02 00:00:00+00:00
[2025-07-07T15:11:48.239+0000] {standard_task_runner.py:90} INFO - Running: ['***', 'tasks', 'run', 'fin_cotacoes_bcb_classic', 'extract', 'scheduled__2025-04-02T00:00:00+00:00', '--job-id', '4130', '--raw', '--subdir', 'DAGS_FOLDER/cotacoes.py', '--cfg-path', '/tmp/tmpp8wdflel']
[2025-07-07T15:11:48.240+0000] {standard_task_runner.py:91} INFO - Job 4130: Subtask extract
[2025-07-07T15:11:48.236+0000] {logging_mixin.py:188} WARNING - /home/***/.local/lib/python3.12/site-packages/***/task/task_runner/standard_task_runner.py:61 DeprecationWarning: This process (pid=103323) is multi-threaded, use of fork() may lead to deadlocks in the child.
[2025-07-07T15:11:48.242+0000] {standard_task_runner.py:63} INFO - Started process 103378 to run task
[2025-07-07T15:11:48.364+0000] {task_command.py:426} INFO - Running <TaskInstance: fin_cotacoes_bcb_classic.extract scheduled__2025-04-02T00:00:00+00:00 [running]> on host bc96ca91d307
[2025-07-07T15:11:48.650+0000] {taskinstance.py:2648} INFO - Exporting env vars: AIRFLOW_CTX_DAG_OWNER='***' AIRFLOW_CTX_DAG_ID='fin_cotacoes_bcb_classic' AIRFLOW_CTX_TASK_ID='extract' AIRFLOW_CTX_EXECUTION_DATE='2025-04-02T00:00:00+00:00' AIRFLOW_CTX_TRY_NUMBER='1' AIRFLOW_CTX_DAG_RUN_ID='scheduled__2025-04-02T00:00:00+00:00'
[2025-07-07T15:11:48.654+0000] {taskinstance.py:430} INFO - ::endgroup::
[2025-07-07T15:11:48.655+0000] {cotacoes.py:35} INFO - Iniciando extração da URL: https://www4.bcb.gov.br/Download/fechamento/20250402.csv
[2025-07-07T15:11:49.060+0000] {cotacoes.py:41} INFO - Extração concluída com sucesso.
[2025-07-07T15:11:49.062+0000] {python.py:237} INFO - Done. Returned value was: 02/04/2025;005;A;AFN;0,07938000;0,07961000;71,50000000;71,70000000
02/04/2025;009;A;ETB;0,04243000;0,04408000;129,13370000;134,13370000
02/04/2025;015;A;THB;0,16680000;0,16700000;34,09000000;34,13000000
02/04/2025;020;A;PAB;5,69180000;5,69230000;1,00000000;1,00000000
02/04/2025;027;A;VES;0,08130000;0,08151000;69,83910000;70,01410000
02/04/2025;030;A;BOB;0,81430000;0,82980000;6,86000000;6,99000000
02/04/2025;035;A;GHS;0,36600000;0,36840000;15,45000000;15,55000000
02/04/2025;040;A;CRC;0,01132000;0,01143000;498,00000000;503,00000000
02/04/2025;045;A;SVC;0,64980000;0,65060000;8,74980000;8,75980000
02/04/2025;051;A;NIO;0,15380000;0,15550000;36,60000000;37,00000000
02/04/2025;055;A;DKK;0,82900000;0,82920000;6,86510000;6,86570000
02/04/2025;060;A;ISK;0,04293000;0,04302000;132,31000000;132,59000000
02/04/2025;065;A;NOK;0,54730000;0,54760000;10,39570000;10,40030000
02/04/2025;070;A;SEK;0,57490000;0,57510000;9,89790000;9,90100000
02/04/2025;075;A;CZK;0,24780000;0,24800000;22,95300000;22,96500000
02/04/2025;090;A;GMD;0,07797000;0,07879000;72,25000000;73,00000000
02/04/2025;095;A;DZD;0,04238000;0,04257000;133,72320000;134,31320000
02/04/2025;100;A;KWD;18,44390000;18,47550000;0,30810000;0,30860000
02/04/2025;105;A;BHD;15,09360000;15,10290000;0,37690000;0,37710000
02/04/2025;115;A;IQD;0,00434200;0,00434900;1309,00000000;1311,00000000
02/04/2025;125;A;JOD;8,01660000;8,04000000;0,70800000;0,71000000
02/04/2025;130;A;LYD;1,17600000;1,18590000;4,80000000;4,84000000
02/04/2025;132;A;MKD;0,09945000;0,10050000;56,66000000;57,23000000
02/04/2025;133;A;RSD;0,05270000;0,05286000;107,68000000;108,01000000
02/04/2025;134;A;SDG;0,00945200;0,00950500;598,85020000;602,19120000
02/04/2025;135;A;TND;1,83720000;1,83910000;3,09510000;3,09810000
02/04/2025;136;A;SSP;0,00126500;0,00129400;4400,00000000;4500,00000000
02/04/2025;138;B;SDR;7,55470000;7,55540000;1,32730000;1,32730000
02/04/2025;139;A;MAD;0,59320000;0,59360000;9,58950000;9,59450000
02/04/2025;145;A;AED;1,54950000;1,54990000;3,67260000;3,67340000
02/04/2025;149;A;STN;0,24730000;0,25240000;22,54940000;23,01390000
02/04/2025;150;B;AUD;3,58530000;3,58610000;0,62990000;0,63000000
02/04/2025;155;A;BSD;5,69180000;5,69230000;1,00000000;1,00000000
02/04/2025;160;A;BMD;5,69180000;5,69230000;1,00000000;1,00000000
02/04/2025;165;A;CAD;3,97670000;3,97780000;1,43100000;1,43130000
02/04/2025;170;A;GYD;0,02704000;0,02722000;209,09000000;210,51000000
02/04/2025;173;A;NAD;0,30330000;0,30330000;18,76520000;18,76810000
02/04/2025;175;A;BBD;2,79000000;2,84890000;1,99810000;2,04010000
02/04/2025;180;A;BZD;2,82160000;2,84590000;2,00020000;2,01720000
02/04/2025;185;A;BND;4,23940000;4,24230000;1,34180000;1,34260000
02/04/2025;190;A;KYD;6,81650000;6,87890000;0,82750000;0,83500000
02/04/2025;195;A;SGD;4,23940000;4,24230000;1,34180000;1,34260000
02/04/2025;197;B;CLF;231,89530000;231,91570000;40,74200000;40,74200000
02/04/2025;200;B;FJD;2,39400000;2,49100000;0,42060000;0,43760000
02/04/2025;205;A;HKD;0,73130000;0,73150000;7,78190000;7,78300000
02/04/2025;210;A;TTD;0,83380000;0,84520000;6,73490000;6,82600000
02/04/2025;215;A;XCD;2,09260000;2,11610000;2,69000000;2,72000000
02/04/2025;220;A;USD;5,69180000;5,69230000;1,00000000;1,00000000
02/04/2025;230;A;JMD;0,03593000;0,03635000;156,61000000;158,41000000
02/04/2025;235;A;LRD;0,02818000;0,02875000;198,00000000;202,00000000
02/04/2025;245;B;NZD;3,26540000;3,26740000;0,57370000;0,57400000
02/04/2025;250;B;SBD;0,67110000;0,71100000;0,11790000;0,12490000
02/04/2025;255;A;SRD;0,15370000;0,15700000;36,25200000;37,03700000
02/04/2025;260;A;VND;0,00022180;0,00022240;25600,00000000;25660,00000000
02/04/2025;275;A;AMD;0,01445000;0,01460000;390,00000000;394,00000000
02/04/2025;295;A;CVE;0,05557000;0,05609000;101,49000000;102,43000000
02/04/2025;325;A;ANG;3,12740000;3,18990000;1,78450000;1,82000000
02/04/2025;326;A;XCG;3,12740000;3,18990000;1,78450000;1,82000000
02/04/2025;328;A;AWG;3,09340000;3,19790000;1,78000000;1,84000000
02/04/2025;345;A;HUF;0,01546000;0,01547000;367,85000000;368,19000000
02/04/2025;363;A;CDF;0,00192900;0,00198800;2863,00000000;2950,00000000
02/04/2025;365;A;BIF;0,00188800;0,00194300;2929,30000000;3015,00000000
02/04/2025;368;A;KMF;0,01245000;0,01248000;456,00000000;457,00000000
02/04/2025;370;A;XAF;0,00909300;0,00942900;603,73000000;625,95000000
02/04/2025;372;A;XOF;0,00937700;0,00944000;603,00000000;607,00000000
02/04/2025;380;A;XPF;0,05152000;0,05198000;109,51000000;110,48000000
02/04/2025;390;A;DJF;0,03188000;0,03205000;177,60000000;178,55000000
02/04/2025;398;A;GNF;0,00065420;0,00066140;8606,00000000;8700,00000000
02/04/2025;406;A;MGA;0,00123300;0,00126200;4510,30000000;4616,16000000
02/04/2025;420;A;RWF;0,00397800;0,00406300;1401,00000000;1431,00000000
02/04/2025;425;A;CHF;6,45260000;6,45610000;0,88170000;0,88210000
02/04/2025;440;A;HTG;0,04325000;0,04362000;130,50000000;131,60000000
02/04/2025;450;A;PYG;0,00070870;0,00071020;8015,41000000;8031,60000000
02/04/2025;460;A;UAH;0,13760000;0,13780000;41,32000000;41,37000000
02/04/2025;470;A;JPY;0,03794000;0,03796000;149,97000000;150,01000000
02/04/2025;482;A;GEL;2,04010000;2,08510000;2,73000000;2,79000000
02/04/2025;490;A;ALL;0,06208000;0,06260000;90,93000000;91,68000000
02/04/2025;495;A;HNL;0,22230000;0,22260000;25,57120000;25,60000000
02/04/2025;500;A;SLL;0,00024850;0,00025100;22683,00000000;22908,00000000
02/04/2025;503;A;MDL;0,31870000;0,32050000;17,76000000;17,86000000
02/04/2025;506;A;RON;1,24120000;1,24260000;4,58080000;4,58580000
02/04/2025;510;A;BGN;3,16140000;3,16240000;1,80000000;1,80040000
02/04/2025;530;B;GIP;7,34810000;7,35450000;1,29100000;1,29200000
02/04/2025;535;A;EGP;0,11240000;0,11270000;50,52000000;50,62000000
02/04/2025;540;B;GBP;7,38280000;7,38580000;1,29710000;1,29750000
02/04/2025;545;B;FKP;7,34810000;7,35450000;1,29100000;1,29200000
02/04/2025;560;A;LBP;0,00006350;0,00006360;89500,00000000;89600,00000000
02/04/2025;570;B;SHP;7,38000000;7,38230000;1,29660000;1,29690000
02/04/2025;575;A;SYP;0,00043750;0,00043790;13000,00000000;13010,00000000
02/04/2025;585;A;SZL;0,30320000;0,30370000;18,74540000;18,77050000
02/04/2025;603;A;LSL;0,30330000;0,30330000;18,76520000;18,76810000
02/04/2025;608;A;TMT;1,62400000;1,62880000;3,49470000;3,50470000
02/04/2025;622;A;MZN;0,08822000;0,09000000;63,25000000;64,52000000
02/04/2025;625;A;ERN;0,37570000;0,37950000;15,00000000;15,15000000
02/04/2025;630;A;NGN;0,00369700;0,00371500;1532,36000000;1539,41000000
02/04/2025;635;A;AOA;0,00611900;0,00624200;912,00000000;930,24000000
02/04/2025;640;A;TWD;0,17180000;0,17190000;33,10600000;33,13600000
02/04/2025;642;A;TRY;0,15000000;0,15010000;37,91340000;37,93360000
02/04/2025;660;A;PEN;1,54840000;1,54980000;3,67300000;3,67600000
02/04/2025;665;A;BTN;0,06655000;0,06665000;85,41200000;85,52100000
02/04/2025;670;A;MRO;0,01585000;0,01599000;356,00000000;359,00000000
02/04/2025;671;A;MRU;0,14230000;0,14340000;39,70000000;40,00000000
02/04/2025;680;B;TOP;2,28870000;2,43120000;0,40210000;0,42710000
02/04/2025;685;A;MOP;0,70920000;0,71010000;8,01600000;8,02600000
02/04/2025;706;A;ARS;0,00530500;0,00530600;1072,80000000;1072,90000000
02/04/2025;715;A;CLP;0,00596100;0,00596500;954,23000000;954,88000000
02/04/2025;720;A;COP;0,00137200;0,00137300;4146,84000000;4149,04000000
02/04/2025;721;B;COU;0,51340000;0,51340000;0,09020000;0,09020000
02/04/2025;725;A;CUP;0,23720000;0,23720000;24,00000000;24,00000000
02/04/2025;730;A;DOP;0,08963000;0,09035000;63,00000000;63,50000000
02/04/2025;735;A;PHP;0,09968000;0,09974000;57,07100000;57,09800000
02/04/2025;741;A;MXN;0,27760000;0,27780000;20,49110000;20,50160000
02/04/2025;745;A;UYU;0,13470000;0,13480000;42,23000000;42,26000000
02/04/2025;755;B;BWP;0,40980000;0,41380000;0,07200000;0,07270000
02/04/2025;760;A;MWK;0,00325200;0,00331500;1717,02000000;1750,32000000
02/04/2025;766;A;ZMW;0,20140000;0,20430000;27,86600000;28,26800000
02/04/2025;770;A;GTQ;0,73650000;0,73850000;7,70800000;7,72800000
02/04/2025;775;A;MMK;0,00270200;0,00271900;2093,70000000;2106,30000000
02/04/2025;778;B;PGK;1,35860000;1,40140000;0,23870000;0,24620000
02/04/2025;780;A;LAK;0,00026120;0,00026440;21530,00000000;21790,00000000
02/04/2025;785;A;ZAR;0,30330000;0,30340000;18,76250000;18,76830000
02/04/2025;795;A;CNY;0,78310000;0,78330000;7,26750000;7,26870000
02/04/2025;796;A;CNH;0,78220000;0,78240000;7,27580000;7,27620000
02/04/2025;800;A;QAR;1,56110000;1,56190000;3,64450000;3,64600000
02/04/2025;805;A;OMR;14,78010000;14,78900000;0,38490000;0,38510000
02/04/2025;810;A;YER;0,02309000;0,02317000;245,65000000;246,55000000
02/04/2025;815;A;IRR;0,00013490;0,00013550;42025,00000000;42200,00000000
02/04/2025;820;A;SAR;1,51670000;1,51780000;3,75040000;3,75270000
02/04/2025;825;A;KHR;0,00141100;0,00142700;3990,00000000;4033,00000000
02/04/2025;828;A;MYR;1,27700000;1,27890000;4,45100000;4,45700000
02/04/2025;830;A;RUB;0,06755000;0,06757000;84,24550000;84,25450000
02/04/2025;831;A;BYN;1,73530000;1,74610000;3,26000000;3,28000000
02/04/2025;835;A;TJS;0,52080000;0,52460000;10,85000000;10,93000000
02/04/2025;840;A;MUR;0,12400000;0,12480000;45,60000000;45,90000000
02/04/2025;845;A;NPR;0,04160000;0,04161000;136,80000000;136,81000000
02/04/2025;850;A;SCR;0,37420000;0,39730000;14,32850000;15,20970000
02/04/2025;855;A;LKR;0,01922000;0,01923000;296,00000000;296,10000000
02/04/2025;860;A;INR;0,06657000;0,06662000;85,44400000;85,49900000
02/04/2025;865;A;IDR;0,00034360;0,00034380;16555,00000000;16565,00000000
02/04/2025;870;A;MVR;0,36720000;0,36920000;15,42000000;15,50000000
02/04/2025;875;A;PKR;0,02030000;0,02034000;279,90000000;280,40000000
02/04/2025;880;A;ILS;1,53770000;1,53950000;3,69750000;3,70140000
02/04/2025;892;A;KGS;0,06564000;0,06568000;86,66320000;86,71750000
02/04/2025;893;A;UZS;0,00043870;0,00044140;12895,00000000;12975,00000000
02/04/2025;905;A;BDT;0,04665000;0,04704000;121,00000000;122,00000000
02/04/2025;912;B;WST;1,96080000;2,08620000;0,34450000;0,36650000
02/04/2025;913;A;KZT;0,01132000;0,01132000;502,70000000;502,80000000
02/04/2025;915;A;MNT;0,00162800;0,00163300;3485,00000000;3496,00000000
02/04/2025;920;A;VUV;0,04517000;0,04744000;120,00000000;126,00000000
02/04/2025;930;A;KRW;0,00389100;0,00389300;1462,18000000;1462,78000000
02/04/2025;946;A;TZS;0,00213600;0,00217700;2615,00000000;2665,00000000
02/04/2025;950;A;KES;0,04395000;0,04413000;129,00000000;129,50000000
02/04/2025;955;A;UGX;0,00155900;0,00156300;3642,00000000;3652,00000000
02/04/2025;960;A;SOS;0,00989900;0,01002000;568,00000000;575,00000000
02/04/2025;975;A;PLN;1,48230000;1,48320000;3,83780000;3,83990000
02/04/2025;978;B;EUR;6,18530000;6,18640000;1,08670000;1,08680000
02/04/2025;998;A;XAU;572,38540000;572,43560000;0,00994400;0,00994400

[2025-07-07T15:11:49.072+0000] {taskinstance.py:441} INFO - ::group::Post task execution logs
[2025-07-07T15:11:49.155+0000] {taskinstance.py:1206} INFO - Marking task as SUCCESS. dag_id=fin_cotacoes_bcb_classic, task_id=extract, run_id=scheduled__2025-04-02T00:00:00+00:00, execution_date=20250402T000000, start_date=20250707T151148, end_date=20250707T151149
[2025-07-07T15:11:49.487+0000] {local_task_job_runner.py:240} INFO - Task exited with return code 0
[2025-07-07T15:11:49.546+0000] {taskinstance.py:3503} INFO - 0 downstream tasks scheduled from follow-on schedule check
[2025-07-07T15:11:49.551+0000] {local_task_job_runner.py:222} INFO - ::endgroup::
