[2025-07-07T15:09:21.409+0000] {local_task_job_runner.py:120} INFO - ::group::Pre task execution logs
[2025-07-07T15:09:21.480+0000] {taskinstance.py:2076} INFO - Dependencies all met for dep_context=non-requeueable deps ti=<TaskInstance: fin_cotacoes_bcb_classic.extract scheduled__2024-11-29T00:00:00+00:00 [queued]>
[2025-07-07T15:09:21.489+0000] {taskinstance.py:2076} INFO - Dependencies all met for dep_context=requeueable deps ti=<TaskInstance: fin_cotacoes_bcb_classic.extract scheduled__2024-11-29T00:00:00+00:00 [queued]>
[2025-07-07T15:09:21.489+0000] {taskinstance.py:2306} INFO - Starting attempt 1 of 2
[2025-07-07T15:09:21.530+0000] {taskinstance.py:2330} INFO - Executing <Task(PythonOperator): extract> on 2024-11-29 00:00:00+00:00
[2025-07-07T15:09:21.571+0000] {standard_task_runner.py:90} INFO - Running: ['***', 'tasks', 'run', 'fin_cotacoes_bcb_classic', 'extract', 'scheduled__2024-11-29T00:00:00+00:00', '--job-id', '3755', '--raw', '--subdir', 'DAGS_FOLDER/cotacoes.py', '--cfg-path', '/tmp/tmp2e62pug6']
[2025-07-07T15:09:21.576+0000] {standard_task_runner.py:91} INFO - Job 3755: Subtask extract
[2025-07-07T15:09:21.591+0000] {logging_mixin.py:188} WARNING - /home/***/.local/lib/python3.12/site-packages/***/task/task_runner/standard_task_runner.py:61 DeprecationWarning: This process (pid=100885) is multi-threaded, use of fork() may lead to deadlocks in the child.
[2025-07-07T15:09:21.592+0000] {standard_task_runner.py:63} INFO - Started process 100912 to run task
[2025-07-07T15:09:21.728+0000] {task_command.py:426} INFO - Running <TaskInstance: fin_cotacoes_bcb_classic.extract scheduled__2024-11-29T00:00:00+00:00 [running]> on host bc96ca91d307
[2025-07-07T15:09:21.938+0000] {taskinstance.py:2648} INFO - Exporting env vars: AIRFLOW_CTX_DAG_OWNER='***' AIRFLOW_CTX_DAG_ID='fin_cotacoes_bcb_classic' AIRFLOW_CTX_TASK_ID='extract' AIRFLOW_CTX_EXECUTION_DATE='2024-11-29T00:00:00+00:00' AIRFLOW_CTX_TRY_NUMBER='1' AIRFLOW_CTX_DAG_RUN_ID='scheduled__2024-11-29T00:00:00+00:00'
[2025-07-07T15:09:21.940+0000] {taskinstance.py:430} INFO - ::endgroup::
[2025-07-07T15:09:21.940+0000] {cotacoes.py:35} INFO - Iniciando extração da URL: https://www4.bcb.gov.br/Download/fechamento/20241129.csv
[2025-07-07T15:09:22.293+0000] {cotacoes.py:41} INFO - Extração concluída com sucesso.
[2025-07-07T15:09:22.294+0000] {python.py:237} INFO - Done. Returned value was: 29/11/2024;005;A;AFN;0,08884000;0,08911000;67,93000000;68,13000000
29/11/2024;009;A;ETB;0,04685000;0,04875000;124,18390000;129,18390000
29/11/2024;015;A;THB;0,17670000;0,17680000;34,24000000;34,26000000
29/11/2024;020;A;PAB;6,05290000;6,05350000;1,00000000;1,00000000
29/11/2024;027;A;VES;0,12790000;0,12830000;47,19550000;47,31380000
29/11/2024;030;A;BOB;0,86470000;0,88370000;6,85000000;7,00000000
29/11/2024;035;A;GHS;0,39560000;0,39830000;15,20000000;15,30000000
29/11/2024;040;A;CRC;0,01185000;0,01200000;504,56000000;510,71000000
29/11/2024;045;A;SVC;0,69100000;0,69180000;8,74980000;8,75980000
29/11/2024;051;A;NIO;0,16360000;0,16540000;36,60000000;37,00000000
29/11/2024;055;A;DKK;0,85720000;0,85730000;7,06090000;7,06150000
29/11/2024;060;A;ISK;0,04397000;0,04403000;137,49000000;137,67000000
29/11/2024;065;A;NOK;0,54740000;0,54770000;11,05310000;11,05690000
29/11/2024;070;A;SEK;0,55430000;0,55450000;10,91770000;10,91980000
29/11/2024;075;A;CZK;0,25280000;0,25330000;23,90100000;23,94100000
29/11/2024;090;A;GMD;0,08407000;0,08437000;71,75000000;72,00000000
29/11/2024;095;A;DZD;0,04529000;0,04549000;133,08620000;133,63470000
29/11/2024;100;A;KWD;19,65870000;19,71820000;0,30700000;0,30790000
29/11/2024;105;A;BHD;16,05120000;16,06130000;0,37690000;0,37710000
29/11/2024;115;A;IQD;0,00461700;0,00462500;1309,00000000;1311,00000000
29/11/2024;125;A;JOD;8,52520000;8,55010000;0,70800000;0,71000000
29/11/2024;130;A;LYD;1,23810000;1,24390000;4,86650000;4,88880000
29/11/2024;132;A;MKD;0,10340000;0,10430000;58,03000000;58,53000000
29/11/2024;133;A;RSD;0,05457000;0,05474000;110,58000000;110,92000000
29/11/2024;134;A;SDG;0,01005000;0,01011000;598,75020000;602,09120000
29/11/2024;135;A;TND;1,92170000;1,92800000;3,13980000;3,14980000
29/11/2024;136;A;SSP;0,00165600;0,00169800;3565,55790000;3655,55790000
29/11/2024;138;B;SDR;7,95290000;7,95370000;1,31390000;1,31390000
29/11/2024;139;A;MAD;0,60480000;0,60520000;10,00300000;10,00800000
29/11/2024;145;A;AED;1,64780000;1,64820000;3,67280000;3,67330000
29/11/2024;149;A;STN;0,25570000;0,26100000;23,19410000;23,67200000
29/11/2024;150;B;AUD;3,94290000;3,94390000;0,65140000;0,65150000
29/11/2024;155;A;BSD;6,05290000;6,05350000;1,00000000;1,00000000
29/11/2024;160;A;BMD;6,05290000;6,05350000;1,00000000;1,00000000
29/11/2024;165;A;CAD;4,32200000;4,32270000;1,40040000;1,40050000
29/11/2024;170;A;GYD;0,02876000;0,02911000;207,98000000;210,45000000
29/11/2024;173;A;NAD;0,33500000;0,33510000;18,06400000;18,06700000
29/11/2024;175;A;BBD;2,96700000;3,02960000;1,99810000;2,04010000
29/11/2024;180;A;BZD;2,97700000;3,02950000;1,99820000;2,03320000
29/11/2024;185;A;BND;4,51410000;4,51620000;1,34040000;1,34090000
29/11/2024;190;A;KYD;7,24900000;7,31540000;0,82750000;0,83500000
29/11/2024;195;A;SGD;4,51410000;4,51620000;1,34040000;1,34090000
29/11/2024;197;B;CLF;236,86210000;236,88560000;39,13200000;39,13200000
29/11/2024;200;B;FJD;2,63180000;2,71440000;0,43480000;0,44840000
29/11/2024;205;A;HKD;0,77780000;0,77800000;7,78110000;7,78230000
29/11/2024;210;A;TTD;0,88670000;0,90230000;6,70890000;6,82600000
29/11/2024;215;A;XCD;2,22530000;2,24200000;2,70000000;2,72000000
29/11/2024;220;A;USD;6,05290000;6,05350000;1,00000000;1,00000000
29/11/2024;230;A;JMD;0,03823000;0,03868000;156,51000000;158,31000000
29/11/2024;235;A;LRD;0,03363000;0,03401000;178,00000000;180,00000000
29/11/2024;245;B;NZD;3,58030000;3,58130000;0,59150000;0,59160000
29/11/2024;250;B;SBD;0,67790000;0,75060000;0,11200000;0,12400000
29/11/2024;255;A;SRD;0,16870000;0,17250000;35,10000000;35,88500000
29/11/2024;260;A;VND;0,00023880;0,00023890;25344,00000000;25349,00000000
29/11/2024;275;A;AMD;0,01513000;0,01544000;392,00000000;400,00000000
29/11/2024;295;A;CVE;0,05745000;0,05798000;104,41000000;105,36000000
29/11/2024;325;A;ANG;3,32580000;3,39230000;1,78450000;1,82000000
29/11/2024;328;A;AWG;3,28960000;3,40080000;1,78000000;1,84000000
29/11/2024;345;A;HUF;0,01544000;0,01546000;391,64000000;392,08000000
29/11/2024;363;A;CDF;0,00210900;0,00212700;2846,00000000;2870,00000000
29/11/2024;365;A;BIF;0,00201800;0,00208100;2908,75000000;3000,00000000
29/11/2024;368;A;KMF;0,01294000;0,01299000;465,85000000;467,85000000
29/11/2024;370;A;XAF;0,00945600;0,00974600;621,11000000;640,10000000
29/11/2024;372;A;XOF;0,00970400;0,00981500;616,75000000;623,75000000
29/11/2024;380;A;XPF;0,05326000;0,05374000;112,64000000;113,64000000
29/11/2024;390;A;DJF;0,03390000;0,03409000;177,60000000;178,55000000
29/11/2024;398;A;GNF;0,00069690;0,00070780;8553,00000000;8685,00000000
29/11/2024;406;A;MGA;0,00128700;0,00129500;4675,78000000;4704,78000000
29/11/2024;420;A;RWF;0,00439600;0,00445100;1359,99000000;1376,99000000
29/11/2024;425;A;CHF;6,86890000;6,87350000;0,88070000;0,88120000
29/11/2024;440;A;HTG;0,04595000;0,04642000;130,40640000;131,74010000
29/11/2024;450;A;PYG;0,00077650;0,00077730;7787,92000000;7795,22000000
29/11/2024;460;A;UAH;0,14540000;0,14570000;41,56000000;41,63000000
29/11/2024;470;A;JPY;0,04031000;0,04031000;150,16000000;150,17000000
29/11/2024;482;A;GEL;2,11640000;2,19330000;2,76000000;2,86000000
29/11/2024;490;A;ALL;0,06483000;0,06527000;92,75000000;93,37000000
29/11/2024;495;A;HNL;0,23740000;0,24100000;25,11360000;25,50000000
29/11/2024;500;A;SLL;0,00026420;0,00026690;22683,00000000;22908,00000000
29/11/2024;503;A;MDL;0,33110000;0,33300000;18,18100000;18,28100000
29/11/2024;506;A;RON;1,28440000;1,28550000;4,70900000;4,71270000
29/11/2024;510;A;BGN;3,26800000;3,26920000;1,85170000;1,85220000
29/11/2024;530;B;GIP;7,62060000;7,62740000;1,25900000;1,26000000
29/11/2024;535;A;EGP;0,12190000;0,12220000;49,54000000;49,64000000
29/11/2024;540;B;GBP;7,69080000;7,69460000;1,27060000;1,27110000
29/11/2024;545;B;FKP;7,62060000;7,62740000;1,25900000;1,26000000
29/11/2024;560;A;LBP;0,00006760;0,00006760;89500,00000000;89600,00000000
29/11/2024;570;B;SHP;7,68780000;7,69460000;1,27010000;1,27110000
29/11/2024;575;A;SYP;0,00046520;0,00046570;13000,00000000;13010,00000000
29/11/2024;585;A;SZL;0,33500000;0,33510000;18,06400000;18,06700000
29/11/2024;603;A;LSL;0,33520000;0,33560000;18,03520000;18,05810000
29/11/2024;608;A;TMT;1,72710000;1,73220000;3,49470000;3,50470000
29/11/2024;622;A;MZN;0,09379000;0,09568000;63,27000000;64,54000000
29/11/2024;625;A;ERN;0,39950000;0,40360000;15,00000000;15,15000000
29/11/2024;630;A;NGN;0,00357100;0,00362300;1670,89000000;1694,89000000
29/11/2024;635;A;AOA;0,00649800;0,00664500;910,98200000;931,46600000
29/11/2024;640;A;TWD;0,18620000;0,18640000;32,47900000;32,50900000
29/11/2024;642;A;TRY;0,17440000;0,17450000;34,69230000;34,70230000
29/11/2024;660;A;PEN;1,62100000;1,62210000;3,73200000;3,73400000
29/11/2024;665;A;BTN;0,07156000;0,07161000;84,53300000;84,58800000
29/11/2024;670;A;MRO;0,01686000;0,01700000;356,00000000;359,00000000
29/11/2024;671;A;MRU;0,15110000;0,15240000;39,71010000;40,07010000
29/11/2024;680;B;TOP;2,48830000;2,63990000;0,41110000;0,43610000
29/11/2024;685;A;MOP;0,75430000;0,75530000;8,01500000;8,02400000
29/11/2024;706;A;ARS;0,00599600;0,00600000;1009,00000000;1009,50000000
29/11/2024;715;A;CLP;0,00619500;0,00620100;976,28000000;977,08000000
29/11/2024;720;A;COP;0,00137300;0,00137300;4407,94000000;4409,21000000
29/11/2024;721;B;COU;0,51390000;0,51390000;0,08490000;0,08490000
29/11/2024;725;A;CUP;0,25220000;0,25220000;24,00000000;24,00000000
29/11/2024;730;A;DOP;0,09992000;0,10060000;60,20000000;60,58000000
29/11/2024;735;A;PHP;0,10320000;0,10330000;58,60900000;58,62900000
29/11/2024;741;A;MXN;0,29860000;0,29880000;20,25760000;20,26810000
29/11/2024;745;A;UYU;0,14010000;0,14030000;43,16000000;43,19000000
29/11/2024;755;B;BWP;0,44430000;0,44550000;0,07340000;0,07360000
29/11/2024;760;A;MWK;0,00345800;0,00352600;1717,02000000;1750,32000000
29/11/2024;766;A;ZMW;0,22500000;0,22550000;26,85000000;26,90000000
29/11/2024;770;A;GTQ;0,78260000;0,78470000;7,71400000;7,73400000
29/11/2024;775;A;MMK;0,00287400;0,00289100;2093,70000000;2106,30000000
29/11/2024;778;B;PGK;1,47810000;1,52370000;0,24420000;0,25170000
29/11/2024;780;A;LAK;0,00027480;0,00027680;21868,00000000;22027,00000000
29/11/2024;785;A;ZAR;0,33500000;0,33510000;18,06270000;18,06870000
29/11/2024;795;A;CNY;0,83570000;0,83590000;7,24230000;7,24300000
29/11/2024;796;A;CNH;0,83480000;0,83500000;7,24980000;7,25040000
29/11/2024;800;A;QAR;1,65830000;1,66300000;3,64010000;3,65010000
29/11/2024;805;A;OMR;15,71770000;15,72340000;0,38500000;0,38510000
29/11/2024;810;A;YER;0,02422000;0,02427000;249,38000000;249,88000000
29/11/2024;815;A;IRR;0,00014410;0,00014410;42000,00000000;42005,00000000
29/11/2024;820;A;SAR;1,61100000;1,61140000;3,75660000;3,75720000
29/11/2024;825;A;KHR;0,00149900;0,00150600;4019,00000000;4039,00000000
29/11/2024;828;A;MYR;1,36020000;1,36340000;4,44000000;4,45000000
29/11/2024;830;A;RUB;0,05710000;0,05711000;105,99550000;106,00450000
29/11/2024;831;A;BYN;1,84590000;1,85340000;3,26610000;3,27910000
29/11/2024;835;A;TJS;0,55790000;0,56050000;10,80000000;10,85000000
29/11/2024;840;A;MUR;0,12990000;0,13070000;46,30000000;46,60000000
29/11/2024;845;A;NPR;0,04477000;0,04478000;135,17000000;135,19000000
29/11/2024;850;A;SCR;0,44350000;0,44360000;13,64680000;13,64720000
29/11/2024;855;A;LKR;0,02082000;0,02083000;290,60000000;290,70000000
29/11/2024;860;A;INR;0,07153000;0,07158000;84,56700000;84,62200000
29/11/2024;865;A;IDR;0,00038190;0,00038220;15840,00000000;15850,00000000
29/11/2024;870;A;MVR;0,39050000;0,39260000;15,42000000;15,50000000
29/11/2024;875;A;PKR;0,02176000;0,02180000;277,72000000;278,13000000
29/11/2024;880;A;ILS;1,66510000;1,66600000;3,63350000;3,63520000
29/11/2024;892;A;KGS;0,06969000;0,06974000;86,79980000;86,85410000
29/11/2024;893;A;UZS;0,00047080;0,00047120;12847,00000000;12857,00000000
29/11/2024;905;A;BDT;0,05044000;0,05087000;119,00000000;120,00000000
29/11/2024;912;B;WST;2,19720000;2,28220000;0,36300000;0,37700000
29/11/2024;913;A;KZT;0,01173000;0,01175000;515,35000000;515,89000000
29/11/2024;915;A;MNT;0,00176800;0,00177100;3418,00000000;3424,00000000
29/11/2024;920;A;VUV;0,04921000;0,05219000;116,00000000;123,00000000
29/11/2024;930;A;KRW;0,00432700;0,00433000;1398,16000000;1398,76000000
29/11/2024;946;A;TZS;0,00228400;0,00230200;2630,00000000;2650,00000000
29/11/2024;950;A;KES;0,04661000;0,04669000;129,65000000;129,85000000
29/11/2024;955;A;UGX;0,00163800;0,00164300;3685,00000000;3695,00000000
29/11/2024;960;A;SOS;0,01053000;0,01066000;568,00000000;575,00000000
29/11/2024;975;A;PLN;1,48800000;1,48870000;4,06640000;4,06790000
29/11/2024;978;B;EUR;6,39310000;6,39430000;1,05620000;1,05630000
29/11/2024;998;A;XAU;517,34190000;517,39320000;0,01170000;0,01170000

[2025-07-07T15:09:22.299+0000] {taskinstance.py:441} INFO - ::group::Post task execution logs
[2025-07-07T15:09:22.356+0000] {taskinstance.py:1206} INFO - Marking task as SUCCESS. dag_id=fin_cotacoes_bcb_classic, task_id=extract, run_id=scheduled__2024-11-29T00:00:00+00:00, execution_date=20241129T000000, start_date=20250707T150921, end_date=20250707T150922
[2025-07-07T15:09:22.443+0000] {local_task_job_runner.py:240} INFO - Task exited with return code 0
[2025-07-07T15:09:22.523+0000] {taskinstance.py:3503} INFO - 1 downstream tasks scheduled from follow-on schedule check
[2025-07-07T15:09:22.524+0000] {local_task_job_runner.py:222} INFO - ::endgroup::
