[2025-07-07T14:35:16.631+0000] {local_task_job_runner.py:120} INFO - ::group::Pre task execution logs
[2025-07-07T14:35:16.720+0000] {taskinstance.py:2076} INFO - Dependencies all met for dep_context=non-requeueable deps ti=<TaskInstance: fin_cotacoes_bcb_classic.transform_and_load scheduled__2025-05-10T00:00:00+00:00 [queued]>
[2025-07-07T14:35:16.744+0000] {taskinstance.py:2076} INFO - Dependencies all met for dep_context=requeueable deps ti=<TaskInstance: fin_cotacoes_bcb_classic.transform_and_load scheduled__2025-05-10T00:00:00+00:00 [queued]>
[2025-07-07T14:35:16.745+0000] {taskinstance.py:2306} INFO - Starting attempt 1 of 2
[2025-07-07T14:35:16.783+0000] {taskinstance.py:2330} INFO - Executing <Task(PythonOperator): transform_and_load> on 2025-05-10 00:00:00+00:00
[2025-07-07T14:35:16.808+0000] {standard_task_runner.py:90} INFO - Running: ['***', 'tasks', 'run', 'fin_cotacoes_bcb_classic', 'transform_and_load', 'scheduled__2025-05-10T00:00:00+00:00', '--job-id', '2578', '--raw', '--subdir', 'DAGS_FOLDER/cotacoes.py', '--cfg-path', '/tmp/tmpjy9qdmcx']
[2025-07-07T14:35:16.809+0000] {standard_task_runner.py:91} INFO - Job 2578: Subtask transform_and_load
[2025-07-07T14:35:16.807+0000] {logging_mixin.py:188} WARNING - /home/***/.local/lib/python3.12/site-packages/***/task/task_runner/standard_task_runner.py:61 DeprecationWarning: This process (pid=79503) is multi-threaded, use of fork() may lead to deadlocks in the child.
[2025-07-07T14:35:16.810+0000] {standard_task_runner.py:63} INFO - Started process 79526 to run task
[2025-07-07T14:35:16.928+0000] {task_command.py:426} INFO - Running <TaskInstance: fin_cotacoes_bcb_classic.transform_and_load scheduled__2025-05-10T00:00:00+00:00 [running]> on host bc96ca91d307
[2025-07-07T14:35:17.188+0000] {taskinstance.py:2648} INFO - Exporting env vars: AIRFLOW_CTX_DAG_OWNER='***' AIRFLOW_CTX_DAG_ID='fin_cotacoes_bcb_classic' AIRFLOW_CTX_TASK_ID='transform_and_load' AIRFLOW_CTX_EXECUTION_DATE='2025-05-10T00:00:00+00:00' AIRFLOW_CTX_TRY_NUMBER='1' AIRFLOW_CTX_DAG_RUN_ID='scheduled__2025-05-10T00:00:00+00:00'
[2025-07-07T14:35:17.189+0000] {taskinstance.py:430} INFO - ::endgroup::
[2025-07-07T14:35:17.220+0000] {cotacoes.py:91} WARNING - Nenhum dado recebido da tarefa de extração. Pulando transformação e carga.
[2025-07-07T14:35:17.220+0000] {python.py:237} INFO - Done. Returned value was: None
[2025-07-07T14:35:17.220+0000] {taskinstance.py:441} INFO - ::group::Post task execution logs
[2025-07-07T14:35:17.246+0000] {taskinstance.py:1206} INFO - Marking task as SUCCESS. dag_id=fin_cotacoes_bcb_classic, task_id=transform_and_load, run_id=scheduled__2025-05-10T00:00:00+00:00, execution_date=20250510T000000, start_date=20250707T143516, end_date=20250707T143517
[2025-07-07T14:35:17.313+0000] {local_task_job_runner.py:240} INFO - Task exited with return code 0
[2025-07-07T14:35:17.364+0000] {taskinstance.py:3503} INFO - 0 downstream tasks scheduled from follow-on schedule check
[2025-07-07T14:35:17.374+0000] {local_task_job_runner.py:222} INFO - ::endgroup::
[2025-07-07T15:12:35.856+0000] {local_task_job_runner.py:120} INFO - ::group::Pre task execution logs
[2025-07-07T15:12:35.907+0000] {taskinstance.py:2076} INFO - Dependencies all met for dep_context=non-requeueable deps ti=<TaskInstance: fin_cotacoes_bcb_classic.transform_and_load scheduled__2025-05-10T00:00:00+00:00 [queued]>
[2025-07-07T15:12:35.918+0000] {taskinstance.py:2076} INFO - Dependencies all met for dep_context=requeueable deps ti=<TaskInstance: fin_cotacoes_bcb_classic.transform_and_load scheduled__2025-05-10T00:00:00+00:00 [queued]>
[2025-07-07T15:12:35.919+0000] {taskinstance.py:2306} INFO - Starting attempt 1 of 2
[2025-07-07T15:12:35.937+0000] {taskinstance.py:2330} INFO - Executing <Task(PythonOperator): transform_and_load> on 2025-05-10 00:00:00+00:00
[2025-07-07T15:12:35.947+0000] {standard_task_runner.py:90} INFO - Running: ['***', 'tasks', 'run', 'fin_cotacoes_bcb_classic', 'transform_and_load', 'scheduled__2025-05-10T00:00:00+00:00', '--job-id', '4265', '--raw', '--subdir', 'DAGS_FOLDER/cotacoes.py', '--cfg-path', '/tmp/tmpqy0o8c41']
[2025-07-07T15:12:35.948+0000] {logging_mixin.py:188} WARNING - /home/***/.local/lib/python3.12/site-packages/***/task/task_runner/standard_task_runner.py:61 DeprecationWarning: This process (pid=104077) is multi-threaded, use of fork() may lead to deadlocks in the child.
[2025-07-07T15:12:35.949+0000] {standard_task_runner.py:91} INFO - Job 4265: Subtask transform_and_load
[2025-07-07T15:12:35.949+0000] {standard_task_runner.py:63} INFO - Started process 104182 to run task
[2025-07-07T15:12:36.004+0000] {task_command.py:426} INFO - Running <TaskInstance: fin_cotacoes_bcb_classic.transform_and_load scheduled__2025-05-10T00:00:00+00:00 [running]> on host bc96ca91d307
[2025-07-07T15:12:36.103+0000] {taskinstance.py:2648} INFO - Exporting env vars: AIRFLOW_CTX_DAG_OWNER='***' AIRFLOW_CTX_DAG_ID='fin_cotacoes_bcb_classic' AIRFLOW_CTX_TASK_ID='transform_and_load' AIRFLOW_CTX_EXECUTION_DATE='2025-05-10T00:00:00+00:00' AIRFLOW_CTX_TRY_NUMBER='1' AIRFLOW_CTX_DAG_RUN_ID='scheduled__2025-05-10T00:00:00+00:00'
[2025-07-07T15:12:36.104+0000] {taskinstance.py:430} INFO - ::endgroup::
[2025-07-07T15:12:36.113+0000] {cotacoes.py:91} WARNING - Nenhum dado recebido da tarefa de extração. Pulando transformação e carga.
[2025-07-07T15:12:36.114+0000] {python.py:237} INFO - Done. Returned value was: None
[2025-07-07T15:12:36.114+0000] {taskinstance.py:441} INFO - ::group::Post task execution logs
[2025-07-07T15:12:36.121+0000] {taskinstance.py:1206} INFO - Marking task as SUCCESS. dag_id=fin_cotacoes_bcb_classic, task_id=transform_and_load, run_id=scheduled__2025-05-10T00:00:00+00:00, execution_date=20250510T000000, start_date=20250707T151235, end_date=20250707T151236
[2025-07-07T15:12:36.163+0000] {local_task_job_runner.py:240} INFO - Task exited with return code 0
[2025-07-07T15:12:36.179+0000] {taskinstance.py:3503} INFO - 0 downstream tasks scheduled from follow-on schedule check
[2025-07-07T15:12:36.181+0000] {local_task_job_runner.py:222} INFO - ::endgroup::
