[2025-07-06T20:06:04.801+0000] {local_task_job_runner.py:120} INFO - ::group::Pre task execution logs
[2025-07-06T20:06:04.886+0000] {taskinstance.py:2076} INFO - Dependencies all met for dep_context=non-requeueable deps ti=<TaskInstance: fin_cotacoes_bcb_classic.extract scheduled__2025-06-07T00:00:00+00:00 [queued]>
[2025-07-06T20:06:04.902+0000] {taskinstance.py:2076} INFO - Dependencies all met for dep_context=requeueable deps ti=<TaskInstance: fin_cotacoes_bcb_classic.extract scheduled__2025-06-07T00:00:00+00:00 [queued]>
[2025-07-06T20:06:04.903+0000] {taskinstance.py:2306} INFO - Starting attempt 1 of 2
[2025-07-06T20:06:04.936+0000] {taskinstance.py:2330} INFO - Executing <Task(PythonOperator): extract> on 2025-06-07 00:00:00+00:00
[2025-07-06T20:06:04.961+0000] {logging_mixin.py:188} WARNING - /home/***/.local/lib/python3.12/site-packages/***/task/task_runner/standard_task_runner.py:61 DeprecationWarning: This process (pid=19958) is multi-threaded, use of fork() may lead to deadlocks in the child.
[2025-07-06T20:06:04.962+0000] {standard_task_runner.py:63} INFO - Started process 20009 to run task
[2025-07-06T20:06:04.961+0000] {standard_task_runner.py:90} INFO - Running: ['***', 'tasks', 'run', 'fin_cotacoes_bcb_classic', 'extract', 'scheduled__2025-06-07T00:00:00+00:00', '--job-id', '1372', '--raw', '--subdir', 'DAGS_FOLDER/cotacoes.py', '--cfg-path', '/tmp/tmpnzocjh4d']
[2025-07-06T20:06:04.969+0000] {standard_task_runner.py:91} INFO - Job 1372: Subtask extract
[2025-07-06T20:06:05.120+0000] {task_command.py:426} INFO - Running <TaskInstance: fin_cotacoes_bcb_classic.extract scheduled__2025-06-07T00:00:00+00:00 [running]> on host 20adb53d65c4
[2025-07-06T20:06:05.307+0000] {taskinstance.py:2648} INFO - Exporting env vars: AIRFLOW_CTX_DAG_OWNER='***' AIRFLOW_CTX_DAG_ID='fin_cotacoes_bcb_classic' AIRFLOW_CTX_TASK_ID='extract' AIRFLOW_CTX_EXECUTION_DATE='2025-06-07T00:00:00+00:00' AIRFLOW_CTX_TRY_NUMBER='1' AIRFLOW_CTX_DAG_RUN_ID='scheduled__2025-06-07T00:00:00+00:00'
[2025-07-06T20:06:05.308+0000] {taskinstance.py:430} INFO - ::endgroup::
[2025-07-06T20:06:05.309+0000] {cotacoes.py:37} INFO - Iniciando extração da URL: https://www4.bcb.gov.br/Download/fechamento/20250607.csv
[2025-07-06T20:06:05.625+0000] {cotacoes.py:46} ERROR - Erro ao acessar a URL: 404 Client Error: Not Found for url: https://www4.bcb.gov.br/Download/fechamento/20250607.csv
[2025-07-06T20:06:05.627+0000] {python.py:237} INFO - Done. Returned value was: None
[2025-07-06T20:06:05.636+0000] {taskinstance.py:441} INFO - ::group::Post task execution logs
[2025-07-06T20:06:05.665+0000] {taskinstance.py:1206} INFO - Marking task as SUCCESS. dag_id=fin_cotacoes_bcb_classic, task_id=extract, run_id=scheduled__2025-06-07T00:00:00+00:00, execution_date=20250607T000000, start_date=20250706T200604, end_date=20250706T200605
[2025-07-06T20:06:05.751+0000] {local_task_job_runner.py:240} INFO - Task exited with return code 0
[2025-07-06T20:06:05.781+0000] {logging_mixin.py:188} WARNING - /home/***/.local/lib/python3.12/site-packages/***/models/baseoperator.py:1297 AirflowProviderDeprecationWarning: Call to deprecated class PostgresOperator. (Please use `***.providers.common.sql.operators.sql.SQLExecuteQueryOperator`.Also, you can provide `hook_params={'schema': <database>}`.)
[2025-07-06T20:06:05.855+0000] {taskinstance.py:3503} INFO - 1 downstream tasks scheduled from follow-on schedule check
[2025-07-06T20:06:05.865+0000] {local_task_job_runner.py:222} INFO - ::endgroup::
[2025-07-07T14:35:43.715+0000] {local_task_job_runner.py:120} INFO - ::group::Pre task execution logs
[2025-07-07T14:35:43.816+0000] {taskinstance.py:2076} INFO - Dependencies all met for dep_context=non-requeueable deps ti=<TaskInstance: fin_cotacoes_bcb_classic.extract scheduled__2025-06-07T00:00:00+00:00 [queued]>
[2025-07-07T14:35:43.854+0000] {taskinstance.py:2076} INFO - Dependencies all met for dep_context=requeueable deps ti=<TaskInstance: fin_cotacoes_bcb_classic.extract scheduled__2025-06-07T00:00:00+00:00 [queued]>
[2025-07-07T14:35:43.858+0000] {taskinstance.py:2306} INFO - Starting attempt 1 of 2
[2025-07-07T14:35:43.944+0000] {taskinstance.py:2330} INFO - Executing <Task(PythonOperator): extract> on 2025-06-07 00:00:00+00:00
[2025-07-07T14:35:43.978+0000] {logging_mixin.py:188} WARNING - /home/***/.local/lib/python3.12/site-packages/***/task/task_runner/standard_task_runner.py:61 DeprecationWarning: This process (pid=79919) is multi-threaded, use of fork() may lead to deadlocks in the child.
[2025-07-07T14:35:43.979+0000] {standard_task_runner.py:63} INFO - Started process 80002 to run task
[2025-07-07T14:35:44.028+0000] {standard_task_runner.py:90} INFO - Running: ['***', 'tasks', 'run', 'fin_cotacoes_bcb_classic', 'extract', 'scheduled__2025-06-07T00:00:00+00:00', '--job-id', '2648', '--raw', '--subdir', 'DAGS_FOLDER/cotacoes.py', '--cfg-path', '/tmp/tmp5_bscj4u']
[2025-07-07T14:35:44.029+0000] {standard_task_runner.py:91} INFO - Job 2648: Subtask extract
[2025-07-07T14:35:44.319+0000] {task_command.py:426} INFO - Running <TaskInstance: fin_cotacoes_bcb_classic.extract scheduled__2025-06-07T00:00:00+00:00 [running]> on host bc96ca91d307
[2025-07-07T14:35:44.729+0000] {taskinstance.py:2648} INFO - Exporting env vars: AIRFLOW_CTX_DAG_OWNER='***' AIRFLOW_CTX_DAG_ID='fin_cotacoes_bcb_classic' AIRFLOW_CTX_TASK_ID='extract' AIRFLOW_CTX_EXECUTION_DATE='2025-06-07T00:00:00+00:00' AIRFLOW_CTX_TRY_NUMBER='1' AIRFLOW_CTX_DAG_RUN_ID='scheduled__2025-06-07T00:00:00+00:00'
[2025-07-07T14:35:44.733+0000] {taskinstance.py:430} INFO - ::endgroup::
[2025-07-07T14:35:44.733+0000] {cotacoes.py:35} INFO - Iniciando extração da URL: https://www4.bcb.gov.br/Download/fechamento/20250607.csv
[2025-07-07T14:35:44.994+0000] {cotacoes.py:46} WARNING - Não foi possível extrair dados da URL (pode ser um dia sem cotação): 404 Client Error: Not Found for url: https://www4.bcb.gov.br/Download/fechamento/20250607.csv
[2025-07-07T14:35:44.998+0000] {python.py:237} INFO - Done. Returned value was: None
[2025-07-07T14:35:45.004+0000] {taskinstance.py:441} INFO - ::group::Post task execution logs
[2025-07-07T14:35:45.041+0000] {taskinstance.py:1206} INFO - Marking task as SUCCESS. dag_id=fin_cotacoes_bcb_classic, task_id=extract, run_id=scheduled__2025-06-07T00:00:00+00:00, execution_date=20250607T000000, start_date=20250707T143543, end_date=20250707T143545
[2025-07-07T14:35:45.690+0000] {local_task_job_runner.py:240} INFO - Task exited with return code 0
[2025-07-07T14:35:45.760+0000] {taskinstance.py:3503} INFO - 0 downstream tasks scheduled from follow-on schedule check
[2025-07-07T14:35:45.767+0000] {local_task_job_runner.py:222} INFO - ::endgroup::
[2025-07-07T15:13:01.872+0000] {local_task_job_runner.py:120} INFO - ::group::Pre task execution logs
[2025-07-07T15:13:02.004+0000] {taskinstance.py:2076} INFO - Dependencies all met for dep_context=non-requeueable deps ti=<TaskInstance: fin_cotacoes_bcb_classic.extract scheduled__2025-06-07T00:00:00+00:00 [queued]>
[2025-07-07T15:13:02.032+0000] {taskinstance.py:2076} INFO - Dependencies all met for dep_context=requeueable deps ti=<TaskInstance: fin_cotacoes_bcb_classic.extract scheduled__2025-06-07T00:00:00+00:00 [queued]>
[2025-07-07T15:13:02.034+0000] {taskinstance.py:2306} INFO - Starting attempt 1 of 2
[2025-07-07T15:13:02.091+0000] {taskinstance.py:2330} INFO - Executing <Task(PythonOperator): extract> on 2025-06-07 00:00:00+00:00
[2025-07-07T15:13:02.122+0000] {logging_mixin.py:188} WARNING - /home/***/.local/lib/python3.12/site-packages/***/task/task_runner/standard_task_runner.py:61 DeprecationWarning: This process (pid=104495) is multi-threaded, use of fork() may lead to deadlocks in the child.
[2025-07-07T15:13:02.123+0000] {standard_task_runner.py:63} INFO - Started process 104569 to run task
[2025-07-07T15:13:02.119+0000] {standard_task_runner.py:90} INFO - Running: ['***', 'tasks', 'run', 'fin_cotacoes_bcb_classic', 'extract', 'scheduled__2025-06-07T00:00:00+00:00', '--job-id', '4327', '--raw', '--subdir', 'DAGS_FOLDER/cotacoes.py', '--cfg-path', '/tmp/tmpo9xwd2pe']
[2025-07-07T15:13:02.130+0000] {standard_task_runner.py:91} INFO - Job 4327: Subtask extract
[2025-07-07T15:13:02.311+0000] {task_command.py:426} INFO - Running <TaskInstance: fin_cotacoes_bcb_classic.extract scheduled__2025-06-07T00:00:00+00:00 [running]> on host bc96ca91d307
[2025-07-07T15:13:02.569+0000] {taskinstance.py:2648} INFO - Exporting env vars: AIRFLOW_CTX_DAG_OWNER='***' AIRFLOW_CTX_DAG_ID='fin_cotacoes_bcb_classic' AIRFLOW_CTX_TASK_ID='extract' AIRFLOW_CTX_EXECUTION_DATE='2025-06-07T00:00:00+00:00' AIRFLOW_CTX_TRY_NUMBER='1' AIRFLOW_CTX_DAG_RUN_ID='scheduled__2025-06-07T00:00:00+00:00'
[2025-07-07T15:13:02.570+0000] {taskinstance.py:430} INFO - ::endgroup::
[2025-07-07T15:13:02.571+0000] {cotacoes.py:35} INFO - Iniciando extração da URL: https://www4.bcb.gov.br/Download/fechamento/20250607.csv
[2025-07-07T15:13:02.858+0000] {cotacoes.py:46} WARNING - Não foi possível extrair dados da URL (pode ser um dia sem cotação): 404 Client Error: Not Found for url: https://www4.bcb.gov.br/Download/fechamento/20250607.csv
[2025-07-07T15:13:02.860+0000] {python.py:237} INFO - Done. Returned value was: None
[2025-07-07T15:13:02.860+0000] {taskinstance.py:441} INFO - ::group::Post task execution logs
[2025-07-07T15:13:02.888+0000] {taskinstance.py:1206} INFO - Marking task as SUCCESS. dag_id=fin_cotacoes_bcb_classic, task_id=extract, run_id=scheduled__2025-06-07T00:00:00+00:00, execution_date=20250607T000000, start_date=20250707T151302, end_date=20250707T151302
[2025-07-07T15:13:03.250+0000] {local_task_job_runner.py:240} INFO - Task exited with return code 0
[2025-07-07T15:13:03.345+0000] {taskinstance.py:3503} INFO - 1 downstream tasks scheduled from follow-on schedule check
[2025-07-07T15:13:03.356+0000] {local_task_job_runner.py:222} INFO - ::endgroup::
