[2025-07-05T19:34:03.972+0000] {local_task_job_runner.py:120} INFO - ::group::Pre task execution logs
[2025-07-05T19:34:04.062+0000] {taskinstance.py:2076} INFO - Dependencies all met for dep_context=non-requeueable deps ti=<TaskInstance: fin_cotacoes_bcb_classic.extract scheduled__2024-01-21T00:00:00+00:00 [queued]>
[2025-07-05T19:34:04.081+0000] {taskinstance.py:2076} INFO - Dependencies all met for dep_context=requeueable deps ti=<TaskInstance: fin_cotacoes_bcb_classic.extract scheduled__2024-01-21T00:00:00+00:00 [queued]>
[2025-07-05T19:34:04.084+0000] {taskinstance.py:2306} INFO - Starting attempt 1 of 2
[2025-07-05T19:34:04.127+0000] {taskinstance.py:2330} INFO - Executing <Task(PythonOperator): extract> on 2024-01-21 00:00:00+00:00
[2025-07-05T19:34:04.159+0000] {logging_mixin.py:188} WARNING - /home/***/.local/lib/python3.12/site-packages/***/task/task_runner/standard_task_runner.py:61 DeprecationWarning: This process (pid=4270) is multi-threaded, use of fork() may lead to deadlocks in the child.
[2025-07-05T19:34:04.158+0000] {standard_task_runner.py:90} INFO - Running: ['***', 'tasks', 'run', 'fin_cotacoes_bcb_classic', 'extract', 'scheduled__2024-01-21T00:00:00+00:00', '--job-id', '206', '--raw', '--subdir', 'DAGS_FOLDER/cotacoes.py', '--cfg-path', '/tmp/tmpv7zdxlwt']
[2025-07-05T19:34:04.165+0000] {standard_task_runner.py:63} INFO - Started process 4361 to run task
[2025-07-05T19:34:04.166+0000] {standard_task_runner.py:91} INFO - Job 206: Subtask extract
[2025-07-05T19:34:04.248+0000] {task_command.py:426} INFO - Running <TaskInstance: fin_cotacoes_bcb_classic.extract scheduled__2024-01-21T00:00:00+00:00 [running]> on host 20adb53d65c4
[2025-07-05T19:34:04.603+0000] {taskinstance.py:2648} INFO - Exporting env vars: AIRFLOW_CTX_DAG_OWNER='***' AIRFLOW_CTX_DAG_ID='fin_cotacoes_bcb_classic' AIRFLOW_CTX_TASK_ID='extract' AIRFLOW_CTX_EXECUTION_DATE='2024-01-21T00:00:00+00:00' AIRFLOW_CTX_TRY_NUMBER='1' AIRFLOW_CTX_DAG_RUN_ID='scheduled__2024-01-21T00:00:00+00:00'
[2025-07-05T19:34:04.605+0000] {taskinstance.py:430} INFO - ::endgroup::
[2025-07-05T19:34:04.606+0000] {cotacoes.py:32} WARNING - https://www4.bcb.gov.br/Download/fechamento/20240121.csv
[2025-07-05T19:34:04.967+0000] {python.py:237} INFO - Done. Returned value was: None
[2025-07-05T19:34:04.977+0000] {taskinstance.py:441} INFO - ::group::Post task execution logs
[2025-07-05T19:34:05.010+0000] {taskinstance.py:1206} INFO - Marking task as SUCCESS. dag_id=fin_cotacoes_bcb_classic, task_id=extract, run_id=scheduled__2024-01-21T00:00:00+00:00, execution_date=20240121T000000, start_date=20250705T193404, end_date=20250705T193405
[2025-07-05T19:34:05.445+0000] {local_task_job_runner.py:240} INFO - Task exited with return code 0
[2025-07-05T19:34:05.478+0000] {local_task_job_runner.py:222} INFO - ::endgroup::
[2025-07-07T15:03:09.495+0000] {local_task_job_runner.py:120} INFO - ::group::Pre task execution logs
[2025-07-07T15:03:09.587+0000] {taskinstance.py:2076} INFO - Dependencies all met for dep_context=non-requeueable deps ti=<TaskInstance: fin_cotacoes_bcb_classic.extract scheduled__2024-01-21T00:00:00+00:00 [queued]>
[2025-07-07T15:03:09.628+0000] {taskinstance.py:2076} INFO - Dependencies all met for dep_context=requeueable deps ti=<TaskInstance: fin_cotacoes_bcb_classic.extract scheduled__2024-01-21T00:00:00+00:00 [queued]>
[2025-07-07T15:03:09.629+0000] {taskinstance.py:2306} INFO - Starting attempt 1 of 2
[2025-07-07T15:03:09.989+0000] {taskinstance.py:2330} INFO - Executing <Task(PythonOperator): extract> on 2024-01-21 00:00:00+00:00
[2025-07-07T15:03:10.028+0000] {logging_mixin.py:188} WARNING - /home/***/.local/lib/python3.12/site-packages/***/task/task_runner/standard_task_runner.py:61 DeprecationWarning: This process (pid=94857) is multi-threaded, use of fork() may lead to deadlocks in the child.
[2025-07-07T15:03:10.014+0000] {standard_task_runner.py:90} INFO - Running: ['***', 'tasks', 'run', 'fin_cotacoes_bcb_classic', 'extract', 'scheduled__2024-01-21T00:00:00+00:00', '--job-id', '2820', '--raw', '--subdir', 'DAGS_FOLDER/cotacoes.py', '--cfg-path', '/tmp/tmp4b4nx7d1']
[2025-07-07T15:03:10.030+0000] {standard_task_runner.py:63} INFO - Started process 94956 to run task
[2025-07-07T15:03:10.032+0000] {standard_task_runner.py:91} INFO - Job 2820: Subtask extract
[2025-07-07T15:03:10.377+0000] {task_command.py:426} INFO - Running <TaskInstance: fin_cotacoes_bcb_classic.extract scheduled__2024-01-21T00:00:00+00:00 [running]> on host bc96ca91d307
[2025-07-07T15:03:10.773+0000] {taskinstance.py:2648} INFO - Exporting env vars: AIRFLOW_CTX_DAG_OWNER='***' AIRFLOW_CTX_DAG_ID='fin_cotacoes_bcb_classic' AIRFLOW_CTX_TASK_ID='extract' AIRFLOW_CTX_EXECUTION_DATE='2024-01-21T00:00:00+00:00' AIRFLOW_CTX_TRY_NUMBER='1' AIRFLOW_CTX_DAG_RUN_ID='scheduled__2024-01-21T00:00:00+00:00'
[2025-07-07T15:03:10.774+0000] {taskinstance.py:430} INFO - ::endgroup::
[2025-07-07T15:03:10.775+0000] {cotacoes.py:35} INFO - Iniciando extração da URL: https://www4.bcb.gov.br/Download/fechamento/20240121.csv
[2025-07-07T15:03:11.198+0000] {cotacoes.py:46} WARNING - Não foi possível extrair dados da URL (pode ser um dia sem cotação): 404 Client Error: Not Found for url: https://www4.bcb.gov.br/Download/fechamento/20240121.csv
[2025-07-07T15:03:11.199+0000] {python.py:237} INFO - Done. Returned value was: None
[2025-07-07T15:03:11.200+0000] {taskinstance.py:441} INFO - ::group::Post task execution logs
[2025-07-07T15:03:11.224+0000] {taskinstance.py:1206} INFO - Marking task as SUCCESS. dag_id=fin_cotacoes_bcb_classic, task_id=extract, run_id=scheduled__2024-01-21T00:00:00+00:00, execution_date=20240121T000000, start_date=20250707T150309, end_date=20250707T150311
[2025-07-07T15:03:11.271+0000] {local_task_job_runner.py:240} INFO - Task exited with return code 0
[2025-07-07T15:03:11.374+0000] {taskinstance.py:3503} INFO - 1 downstream tasks scheduled from follow-on schedule check
[2025-07-07T15:03:11.378+0000] {local_task_job_runner.py:222} INFO - ::endgroup::
