[2025-07-07T14:36:06.042+0000] {local_task_job_runner.py:120} INFO - ::group::Pre task execution logs
[2025-07-07T14:36:06.138+0000] {taskinstance.py:2076} INFO - Dependencies all met for dep_context=non-requeueable deps ti=<TaskInstance: fin_cotacoes_bcb_classic.create_table_postgres scheduled__2025-06-28T00:00:00+00:00 [queued]>
[2025-07-07T14:36:06.168+0000] {taskinstance.py:2076} INFO - Dependencies all met for dep_context=requeueable deps ti=<TaskInstance: fin_cotacoes_bcb_classic.create_table_postgres scheduled__2025-06-28T00:00:00+00:00 [queued]>
[2025-07-07T14:36:06.169+0000] {taskinstance.py:2306} INFO - Starting attempt 1 of 2
[2025-07-07T14:36:06.242+0000] {taskinstance.py:2330} INFO - Executing <Task(SQLExecuteQueryOperator): create_table_postgres> on 2025-06-28 00:00:00+00:00
[2025-07-07T14:36:06.300+0000] {logging_mixin.py:188} WARNING - /home/***/.local/lib/python3.12/site-packages/***/task/task_runner/standard_task_runner.py:61 DeprecationWarning: This process (pid=80253) is multi-threaded, use of fork() may lead to deadlocks in the child.
[2025-07-07T14:36:06.293+0000] {standard_task_runner.py:90} INFO - Running: ['***', 'tasks', 'run', 'fin_cotacoes_bcb_classic', 'create_table_postgres', 'scheduled__2025-06-28T00:00:00+00:00', '--job-id', '2707', '--raw', '--subdir', 'DAGS_FOLDER/cotacoes.py', '--cfg-path', '/tmp/tmp3erha51e']
[2025-07-07T14:36:06.300+0000] {standard_task_runner.py:91} INFO - Job 2707: Subtask create_table_postgres
[2025-07-07T14:36:06.300+0000] {standard_task_runner.py:63} INFO - Started process 80307 to run task
[2025-07-07T14:36:06.433+0000] {task_command.py:426} INFO - Running <TaskInstance: fin_cotacoes_bcb_classic.create_table_postgres scheduled__2025-06-28T00:00:00+00:00 [running]> on host bc96ca91d307
[2025-07-07T14:36:06.725+0000] {taskinstance.py:2648} INFO - Exporting env vars: AIRFLOW_CTX_DAG_OWNER='***' AIRFLOW_CTX_DAG_ID='fin_cotacoes_bcb_classic' AIRFLOW_CTX_TASK_ID='create_table_postgres' AIRFLOW_CTX_EXECUTION_DATE='2025-06-28T00:00:00+00:00' AIRFLOW_CTX_TRY_NUMBER='1' AIRFLOW_CTX_DAG_RUN_ID='scheduled__2025-06-28T00:00:00+00:00'
[2025-07-07T14:36:06.732+0000] {taskinstance.py:430} INFO - ::endgroup::
[2025-07-07T14:36:06.732+0000] {sql.py:276} INFO - Executing: 
CREATE TABLE IF NOT EXISTS cotacoes (
    dt_fechamento DATE,
    cod_moeda TEXT,
    tipo_moeda TEXT,
    desc_moeda TEXT,
    taxa_compra REAL,
    taxa_venda REAL,
    paridade_compra REAL,
    paridade_venda REAL,
    data_processamento TIMESTAMP,
    CONSTRAINT table_pk PRIMARY KEY (dt_fechamento, cod_moeda)
);
[2025-07-07T14:36:06.758+0000] {base.py:84} INFO - Using connection ID '***-postgres' for task execution.
[2025-07-07T14:36:06.779+0000] {base.py:84} INFO - Using connection ID '***-postgres' for task execution.
[2025-07-07T14:36:06.794+0000] {sql.py:487} INFO - Running statement: 
CREATE TABLE IF NOT EXISTS cotacoes (
    dt_fechamento DATE,
    cod_moeda TEXT,
    tipo_moeda TEXT,
    desc_moeda TEXT,
    taxa_compra REAL,
    taxa_venda REAL,
    paridade_compra REAL,
    paridade_venda REAL,
    data_processamento TIMESTAMP,
    CONSTRAINT table_pk PRIMARY KEY (dt_fechamento, cod_moeda)
);, parameters: None
[2025-07-07T14:36:06.798+0000] {taskinstance.py:441} INFO - ::group::Post task execution logs
[2025-07-07T14:36:06.826+0000] {taskinstance.py:1206} INFO - Marking task as SUCCESS. dag_id=fin_cotacoes_bcb_classic, task_id=create_table_postgres, run_id=scheduled__2025-06-28T00:00:00+00:00, execution_date=20250628T000000, start_date=20250707T143606, end_date=20250707T143606
[2025-07-07T14:36:06.894+0000] {local_task_job_runner.py:240} INFO - Task exited with return code 0
[2025-07-07T14:36:06.935+0000] {taskinstance.py:3503} INFO - 0 downstream tasks scheduled from follow-on schedule check
[2025-07-07T14:36:06.943+0000] {local_task_job_runner.py:222} INFO - ::endgroup::
[2025-07-07T15:13:25.814+0000] {local_task_job_runner.py:120} INFO - ::group::Pre task execution logs
[2025-07-07T15:13:25.906+0000] {taskinstance.py:2076} INFO - Dependencies all met for dep_context=non-requeueable deps ti=<TaskInstance: fin_cotacoes_bcb_classic.create_table_postgres scheduled__2025-06-28T00:00:00+00:00 [queued]>
[2025-07-07T15:13:25.933+0000] {taskinstance.py:2076} INFO - Dependencies all met for dep_context=requeueable deps ti=<TaskInstance: fin_cotacoes_bcb_classic.create_table_postgres scheduled__2025-06-28T00:00:00+00:00 [queued]>
[2025-07-07T15:13:25.933+0000] {taskinstance.py:2306} INFO - Starting attempt 1 of 2
[2025-07-07T15:13:25.962+0000] {taskinstance.py:2330} INFO - Executing <Task(SQLExecuteQueryOperator): create_table_postgres> on 2025-06-28 00:00:00+00:00
[2025-07-07T15:13:25.994+0000] {logging_mixin.py:188} WARNING - /home/***/.local/lib/python3.12/site-packages/***/task/task_runner/standard_task_runner.py:61 DeprecationWarning: This process (pid=104918) is multi-threaded, use of fork() may lead to deadlocks in the child.
[2025-07-07T15:13:25.989+0000] {standard_task_runner.py:90} INFO - Running: ['***', 'tasks', 'run', 'fin_cotacoes_bcb_classic', 'create_table_postgres', 'scheduled__2025-06-28T00:00:00+00:00', '--job-id', '4387', '--raw', '--subdir', 'DAGS_FOLDER/cotacoes.py', '--cfg-path', '/tmp/tmpsffwvah2']
[2025-07-07T15:13:25.995+0000] {standard_task_runner.py:63} INFO - Started process 104961 to run task
[2025-07-07T15:13:25.995+0000] {standard_task_runner.py:91} INFO - Job 4387: Subtask create_table_postgres
[2025-07-07T15:13:26.133+0000] {task_command.py:426} INFO - Running <TaskInstance: fin_cotacoes_bcb_classic.create_table_postgres scheduled__2025-06-28T00:00:00+00:00 [running]> on host bc96ca91d307
[2025-07-07T15:13:26.342+0000] {taskinstance.py:2648} INFO - Exporting env vars: AIRFLOW_CTX_DAG_OWNER='***' AIRFLOW_CTX_DAG_ID='fin_cotacoes_bcb_classic' AIRFLOW_CTX_TASK_ID='create_table_postgres' AIRFLOW_CTX_EXECUTION_DATE='2025-06-28T00:00:00+00:00' AIRFLOW_CTX_TRY_NUMBER='1' AIRFLOW_CTX_DAG_RUN_ID='scheduled__2025-06-28T00:00:00+00:00'
[2025-07-07T15:13:26.343+0000] {taskinstance.py:430} INFO - ::endgroup::
[2025-07-07T15:13:26.344+0000] {sql.py:276} INFO - Executing: 
CREATE TABLE IF NOT EXISTS cotacoes (
    dt_fechamento DATE,
    cod_moeda TEXT,
    tipo_moeda TEXT,
    desc_moeda TEXT,
    taxa_compra REAL,
    taxa_venda REAL,
    paridade_compra REAL,
    paridade_venda REAL,
    data_processamento TIMESTAMP,
    CONSTRAINT table_pk PRIMARY KEY (dt_fechamento, cod_moeda)
);
[2025-07-07T15:13:26.362+0000] {base.py:84} INFO - Using connection ID '***-postgres' for task execution.
[2025-07-07T15:13:26.388+0000] {base.py:84} INFO - Using connection ID '***-postgres' for task execution.
[2025-07-07T15:13:26.397+0000] {sql.py:487} INFO - Running statement: 
CREATE TABLE IF NOT EXISTS cotacoes (
    dt_fechamento DATE,
    cod_moeda TEXT,
    tipo_moeda TEXT,
    desc_moeda TEXT,
    taxa_compra REAL,
    taxa_venda REAL,
    paridade_compra REAL,
    paridade_venda REAL,
    data_processamento TIMESTAMP,
    CONSTRAINT table_pk PRIMARY KEY (dt_fechamento, cod_moeda)
);, parameters: None
[2025-07-07T15:13:26.402+0000] {taskinstance.py:441} INFO - ::group::Post task execution logs
[2025-07-07T15:13:26.420+0000] {taskinstance.py:1206} INFO - Marking task as SUCCESS. dag_id=fin_cotacoes_bcb_classic, task_id=create_table_postgres, run_id=scheduled__2025-06-28T00:00:00+00:00, execution_date=20250628T000000, start_date=20250707T151325, end_date=20250707T151326
[2025-07-07T15:13:26.496+0000] {local_task_job_runner.py:240} INFO - Task exited with return code 0
[2025-07-07T15:13:26.522+0000] {local_task_job_runner.py:222} INFO - ::endgroup::
