[2025-07-07T15:04:11.867+0000] {local_task_job_runner.py:120} INFO - ::group::Pre task execution logs
[2025-07-07T15:04:12.053+0000] {taskinstance.py:2076} INFO - Dependencies all met for dep_context=non-requeueable deps ti=<TaskInstance: fin_cotacoes_bcb_classic.create_table_postgres scheduled__2024-03-11T00:00:00+00:00 [queued]>
[2025-07-07T15:04:12.098+0000] {taskinstance.py:2076} INFO - Dependencies all met for dep_context=requeueable deps ti=<TaskInstance: fin_cotacoes_bcb_classic.create_table_postgres scheduled__2024-03-11T00:00:00+00:00 [queued]>
[2025-07-07T15:04:12.099+0000] {taskinstance.py:2306} INFO - Starting attempt 1 of 2
[2025-07-07T15:04:12.544+0000] {taskinstance.py:2330} INFO - Executing <Task(SQLExecuteQueryOperator): create_table_postgres> on 2024-03-11 00:00:00+00:00
[2025-07-07T15:04:12.579+0000] {standard_task_runner.py:90} INFO - Running: ['***', 'tasks', 'run', 'fin_cotacoes_bcb_classic', 'create_table_postgres', 'scheduled__2024-03-11T00:00:00+00:00', '--job-id', '2974', '--raw', '--subdir', 'DAGS_FOLDER/cotacoes.py', '--cfg-path', '/tmp/tmpbww5es37']
[2025-07-07T15:04:12.581+0000] {standard_task_runner.py:91} INFO - Job 2974: Subtask create_table_postgres
[2025-07-07T15:04:12.582+0000] {logging_mixin.py:188} WARNING - /home/***/.local/lib/python3.12/site-packages/***/task/task_runner/standard_task_runner.py:61 DeprecationWarning: This process (pid=95846) is multi-threaded, use of fork() may lead to deadlocks in the child.
[2025-07-07T15:04:12.594+0000] {standard_task_runner.py:63} INFO - Started process 95929 to run task
[2025-07-07T15:04:12.815+0000] {task_command.py:426} INFO - Running <TaskInstance: fin_cotacoes_bcb_classic.create_table_postgres scheduled__2024-03-11T00:00:00+00:00 [running]> on host bc96ca91d307
[2025-07-07T15:04:13.104+0000] {taskinstance.py:2648} INFO - Exporting env vars: AIRFLOW_CTX_DAG_OWNER='***' AIRFLOW_CTX_DAG_ID='fin_cotacoes_bcb_classic' AIRFLOW_CTX_TASK_ID='create_table_postgres' AIRFLOW_CTX_EXECUTION_DATE='2024-03-11T00:00:00+00:00' AIRFLOW_CTX_TRY_NUMBER='1' AIRFLOW_CTX_DAG_RUN_ID='scheduled__2024-03-11T00:00:00+00:00'
[2025-07-07T15:04:13.105+0000] {taskinstance.py:430} INFO - ::endgroup::
[2025-07-07T15:04:13.106+0000] {sql.py:276} INFO - Executing: 
CREATE TABLE IF NOT EXISTS cotacoes (
    dt_fechamento DATE,
    cod_moeda TEXT,
    tipo_moeda TEXT,
    desc_moeda TEXT,
    taxa_compra REAL,
    taxa_venda REAL,
    paridade_compra REAL,
    paridade_venda REAL,
    data_processamento TIMESTAMP,
    CONSTRAINT table_pk PRIMARY KEY (dt_fechamento, cod_moeda)
);
[2025-07-07T15:04:13.160+0000] {base.py:84} INFO - Using connection ID '***-postgres' for task execution.
[2025-07-07T15:04:13.192+0000] {base.py:84} INFO - Using connection ID '***-postgres' for task execution.
[2025-07-07T15:04:13.199+0000] {sql.py:487} INFO - Running statement: 
CREATE TABLE IF NOT EXISTS cotacoes (
    dt_fechamento DATE,
    cod_moeda TEXT,
    tipo_moeda TEXT,
    desc_moeda TEXT,
    taxa_compra REAL,
    taxa_venda REAL,
    paridade_compra REAL,
    paridade_venda REAL,
    data_processamento TIMESTAMP,
    CONSTRAINT table_pk PRIMARY KEY (dt_fechamento, cod_moeda)
);, parameters: None
[2025-07-07T15:04:13.201+0000] {taskinstance.py:441} INFO - ::group::Post task execution logs
[2025-07-07T15:04:13.221+0000] {taskinstance.py:1206} INFO - Marking task as SUCCESS. dag_id=fin_cotacoes_bcb_classic, task_id=create_table_postgres, run_id=scheduled__2024-03-11T00:00:00+00:00, execution_date=20240311T000000, start_date=20250707T150412, end_date=20250707T150413
[2025-07-07T15:04:13.280+0000] {local_task_job_runner.py:240} INFO - Task exited with return code 0
[2025-07-07T15:04:13.326+0000] {taskinstance.py:3503} INFO - 1 downstream tasks scheduled from follow-on schedule check
[2025-07-07T15:04:13.334+0000] {local_task_job_runner.py:222} INFO - ::endgroup::
