[2025-07-07T15:09:08.188+0000] {local_task_job_runner.py:120} INFO - ::group::Pre task execution logs
[2025-07-07T15:09:08.295+0000] {taskinstance.py:2076} INFO - Dependencies all met for dep_context=non-requeueable deps ti=<TaskInstance: fin_cotacoes_bcb_classic.create_table_postgres scheduled__2024-11-16T00:00:00+00:00 [queued]>
[2025-07-07T15:09:08.307+0000] {taskinstance.py:2076} INFO - Dependencies all met for dep_context=requeueable deps ti=<TaskInstance: fin_cotacoes_bcb_classic.create_table_postgres scheduled__2024-11-16T00:00:00+00:00 [queued]>
[2025-07-07T15:09:08.307+0000] {taskinstance.py:2306} INFO - Starting attempt 1 of 2
[2025-07-07T15:09:08.332+0000] {taskinstance.py:2330} INFO - Executing <Task(SQLExecuteQueryOperator): create_table_postgres> on 2024-11-16 00:00:00+00:00
[2025-07-07T15:09:08.353+0000] {logging_mixin.py:188} WARNING - /home/***/.local/lib/python3.12/site-packages/***/task/task_runner/standard_task_runner.py:61 DeprecationWarning: This process (pid=100721) is multi-threaded, use of fork() may lead to deadlocks in the child.
[2025-07-07T15:09:08.354+0000] {standard_task_runner.py:63} INFO - Started process 100762 to run task
[2025-07-07T15:09:08.355+0000] {standard_task_runner.py:90} INFO - Running: ['***', 'tasks', 'run', 'fin_cotacoes_bcb_classic', 'create_table_postgres', 'scheduled__2024-11-16T00:00:00+00:00', '--job-id', '3719', '--raw', '--subdir', 'DAGS_FOLDER/cotacoes.py', '--cfg-path', '/tmp/tmp03xcojcr']
[2025-07-07T15:09:08.356+0000] {standard_task_runner.py:91} INFO - Job 3719: Subtask create_table_postgres
[2025-07-07T15:09:08.508+0000] {task_command.py:426} INFO - Running <TaskInstance: fin_cotacoes_bcb_classic.create_table_postgres scheduled__2024-11-16T00:00:00+00:00 [running]> on host bc96ca91d307
[2025-07-07T15:09:08.726+0000] {taskinstance.py:2648} INFO - Exporting env vars: AIRFLOW_CTX_DAG_OWNER='***' AIRFLOW_CTX_DAG_ID='fin_cotacoes_bcb_classic' AIRFLOW_CTX_TASK_ID='create_table_postgres' AIRFLOW_CTX_EXECUTION_DATE='2024-11-16T00:00:00+00:00' AIRFLOW_CTX_TRY_NUMBER='1' AIRFLOW_CTX_DAG_RUN_ID='scheduled__2024-11-16T00:00:00+00:00'
[2025-07-07T15:09:08.727+0000] {taskinstance.py:430} INFO - ::endgroup::
[2025-07-07T15:09:08.728+0000] {sql.py:276} INFO - Executing: 
CREATE TABLE IF NOT EXISTS cotacoes (
    dt_fechamento DATE,
    cod_moeda TEXT,
    tipo_moeda TEXT,
    desc_moeda TEXT,
    taxa_compra REAL,
    taxa_venda REAL,
    paridade_compra REAL,
    paridade_venda REAL,
    data_processamento TIMESTAMP,
    CONSTRAINT table_pk PRIMARY KEY (dt_fechamento, cod_moeda)
);
[2025-07-07T15:09:08.760+0000] {base.py:84} INFO - Using connection ID '***-postgres' for task execution.
[2025-07-07T15:09:08.780+0000] {base.py:84} INFO - Using connection ID '***-postgres' for task execution.
[2025-07-07T15:09:08.795+0000] {sql.py:487} INFO - Running statement: 
CREATE TABLE IF NOT EXISTS cotacoes (
    dt_fechamento DATE,
    cod_moeda TEXT,
    tipo_moeda TEXT,
    desc_moeda TEXT,
    taxa_compra REAL,
    taxa_venda REAL,
    paridade_compra REAL,
    paridade_venda REAL,
    data_processamento TIMESTAMP,
    CONSTRAINT table_pk PRIMARY KEY (dt_fechamento, cod_moeda)
);, parameters: None
[2025-07-07T15:09:08.798+0000] {taskinstance.py:441} INFO - ::group::Post task execution logs
[2025-07-07T15:09:08.820+0000] {taskinstance.py:1206} INFO - Marking task as SUCCESS. dag_id=fin_cotacoes_bcb_classic, task_id=create_table_postgres, run_id=scheduled__2024-11-16T00:00:00+00:00, execution_date=20241116T000000, start_date=20250707T150908, end_date=20250707T150908
[2025-07-07T15:09:08.866+0000] {local_task_job_runner.py:240} INFO - Task exited with return code 0
[2025-07-07T15:09:08.973+0000] {taskinstance.py:3503} INFO - 0 downstream tasks scheduled from follow-on schedule check
[2025-07-07T15:09:08.981+0000] {local_task_job_runner.py:222} INFO - ::endgroup::
