[2025-07-06T18:02:10.442+0000] {local_task_job_runner.py:120} INFO - ::group::Pre task execution logs
[2025-07-06T18:02:10.535+0000] {taskinstance.py:2076} INFO - Dependencies all met for dep_context=non-requeueable deps ti=<TaskInstance: fin_cotacoes_bcb_classic.extract scheduled__2024-05-13T00:00:00+00:00 [queued]>
[2025-07-06T18:02:10.579+0000] {taskinstance.py:2076} INFO - Dependencies all met for dep_context=requeueable deps ti=<TaskInstance: fin_cotacoes_bcb_classic.extract scheduled__2024-05-13T00:00:00+00:00 [queued]>
[2025-07-06T18:02:10.580+0000] {taskinstance.py:2306} INFO - Starting attempt 1 of 2
[2025-07-06T18:02:10.612+0000] {taskinstance.py:2330} INFO - Executing <Task(PythonOperator): extract> on 2024-05-13 00:00:00+00:00
[2025-07-06T18:02:10.630+0000] {logging_mixin.py:188} WARNING - /home/***/.local/lib/python3.12/site-packages/***/task/task_runner/standard_task_runner.py:61 DeprecationWarning: This process (pid=2381) is multi-threaded, use of fork() may lead to deadlocks in the child.
[2025-07-06T18:02:10.633+0000] {standard_task_runner.py:63} INFO - Started process 2404 to run task
[2025-07-06T18:02:10.631+0000] {standard_task_runner.py:90} INFO - Running: ['***', 'tasks', 'run', 'fin_cotacoes_bcb_classic', 'extract', 'scheduled__2024-05-13T00:00:00+00:00', '--job-id', '545', '--raw', '--subdir', 'DAGS_FOLDER/cotacoes.py', '--cfg-path', '/tmp/tmp6o3x7mdq']
[2025-07-06T18:02:10.640+0000] {standard_task_runner.py:91} INFO - Job 545: Subtask extract
[2025-07-06T18:02:10.751+0000] {task_command.py:426} INFO - Running <TaskInstance: fin_cotacoes_bcb_classic.extract scheduled__2024-05-13T00:00:00+00:00 [running]> on host 20adb53d65c4
[2025-07-06T18:02:10.911+0000] {taskinstance.py:2648} INFO - Exporting env vars: AIRFLOW_CTX_DAG_OWNER='***' AIRFLOW_CTX_DAG_ID='fin_cotacoes_bcb_classic' AIRFLOW_CTX_TASK_ID='extract' AIRFLOW_CTX_EXECUTION_DATE='2024-05-13T00:00:00+00:00' AIRFLOW_CTX_TRY_NUMBER='1' AIRFLOW_CTX_DAG_RUN_ID='scheduled__2024-05-13T00:00:00+00:00'
[2025-07-06T18:02:10.912+0000] {taskinstance.py:430} INFO - ::endgroup::
[2025-07-06T18:02:10.913+0000] {cotacoes.py:37} INFO - Iniciando extração da URL: https://www4.bcb.gov.br/Download/fechamento/20240513.csv
[2025-07-06T18:02:11.316+0000] {cotacoes.py:43} INFO - Extração concluída com sucesso.
[2025-07-06T18:02:11.318+0000] {python.py:237} INFO - Done. Returned value was: 13/05/2024;005;A;AFN;0,07099000;0,07120000;72,21000000;72,41000000
13/05/2024;009;A;ETB;0,08880000;0,09025000;56,96320000;57,89030000
13/05/2024;015;A;THB;0,13970000;0,13980000;36,78000000;36,81000000
13/05/2024;020;A;PAB;5,14060000;5,14120000;1,00000000;1,00000000
13/05/2024;027;A;VES;0,14040000;0,14080000;36,51860000;36,61010000
13/05/2024;030;A;BOB;0,73440000;0,75050000;6,85000000;7,00000000
13/05/2024;035;A;GHS;0,36590000;0,36850000;13,95000000;14,05000000
13/05/2024;040;A;CRC;0,00998200;0,01009000;509,70000000;515,00000000
13/05/2024;045;A;SVC;0,58690000;0,58760000;8,74950000;8,75950000
13/05/2024;051;A;NIO;0,13890000;0,14040000;36,62000000;37,00000000
13/05/2024;055;A;DKK;0,74380000;0,74400000;6,91010000;6,91090000
13/05/2024;060;A;ISK;0,03683000;0,03692000;139,25000000;139,58000000
13/05/2024;065;A;NOK;0,47520000;0,47540000;10,81520000;10,81820000
13/05/2024;070;A;SEK;0,47440000;0,47460000;10,83280000;10,83500000
13/05/2024;075;A;CZK;0,22390000;0,22400000;22,95100000;22,96100000
13/05/2024;090;A;GMD;0,07505000;0,07555000;68,05000000;68,50000000
13/05/2024;095;A;DZD;0,03821000;0,03837000;133,99720000;134,54930000
13/05/2024;100;A;KWD;16,69570000;16,73020000;0,30730000;0,30790000
13/05/2024;105;A;BHD;13,63550000;13,63710000;0,37700000;0,37700000
13/05/2024;115;A;IQD;0,00392100;0,00392800;1309,00000000;1311,00000000
13/05/2024;125;A;JOD;7,24030000;7,26160000;0,70800000;0,71000000
13/05/2024;130;A;LYD;1,05600000;1,06100000;4,84550000;4,86780000
13/05/2024;132;A;MKD;0,08981000;0,09058000;56,76000000;57,24000000
13/05/2024;133;A;RSD;0,04737000;0,04741000;108,45000000;108,53000000
13/05/2024;134;A;SDG;0,00853700;0,00858600;598,80020000;602,14120000
13/05/2024;135;A;TND;1,64340000;1,64780000;3,12000000;3,12800000
13/05/2024;136;A;SSP;0,00320000;0,00328200;1566,57330000;1606,57330000
13/05/2024;138;B;SDR;6,78870000;6,78950000;1,32060000;1,32060000
13/05/2024;139;A;MAD;0,51290000;0,51320000;10,01730000;10,02230000
13/05/2024;145;A;AED;1,39950000;1,39980000;3,67280000;3,67310000
13/05/2024;149;A;STN;0,22190000;0,22660000;22,69140000;23,16310000
13/05/2024;150;B;AUD;3,39690000;3,39940000;0,66080000;0,66120000
13/05/2024;155;A;BSD;5,14060000;5,14120000;1,00000000;1,00000000
13/05/2024;160;A;BMD;5,14060000;5,14120000;1,00000000;1,00000000
13/05/2024;165;A;CAD;3,75770000;3,76010000;1,36730000;1,36800000
13/05/2024;170;A;GYD;0,02443000;0,02472000;207,98000000;210,45000000
13/05/2024;173;A;NAD;0,28040000;0,28040000;18,33210000;18,33450000
13/05/2024;175;A;BBD;2,51980000;2,57300000;1,99810000;2,04010000
13/05/2024;180;A;BZD;2,52830000;2,57290000;1,99820000;2,03320000
13/05/2024;185;A;BND;3,79770000;3,80040000;1,35280000;1,35360000
13/05/2024;190;A;KYD;6,15640000;6,23180000;0,82500000;0,83500000
13/05/2024;195;A;SGD;3,79770000;3,80040000;1,35280000;1,35360000
13/05/2024;197;B;CLF;207,91160000;207,93580000;40,44500000;40,44500000
13/05/2024;200;B;FJD;2,23560000;2,29250000;0,43490000;0,44590000
13/05/2024;205;A;HKD;0,65810000;0,65820000;7,81120000;7,81150000
13/05/2024;210;A;TTD;0,75310000;0,76170000;6,74930000;6,82600000
13/05/2024;215;A;XCD;1,88990000;1,90410000;2,70000000;2,72000000
13/05/2024;220;A;USD;5,14060000;5,14120000;1,00000000;1,00000000
13/05/2024;230;A;JMD;0,03270000;0,03298000;155,90000000;157,21000000
13/05/2024;235;A;LRD;0,02636000;0,02679000;191,90000000;195,00000000
13/05/2024;245;B;NZD;3,09210000;3,09450000;0,60150000;0,60190000
13/05/2024;250;B;SBD;0,59530000;0,61590000;0,11580000;0,11980000
13/05/2024;255;A;SRD;0,15740000;0,15970000;32,19100000;32,65900000
13/05/2024;260;A;VND;0,00020200;0,00020200;25453,00000000;25454,00000000
13/05/2024;275;A;AMD;0,01323000;0,01330000;386,64000000;388,64000000
13/05/2024;295;A;CVE;0,04987000;0,05034000;102,13000000;103,09000000
13/05/2024;325;A;ANG;2,82450000;2,88100000;1,78450000;1,82000000
13/05/2024;328;A;AWG;2,79380000;2,88830000;1,78000000;1,84000000
13/05/2024;345;A;HUF;0,01434000;0,01435000;358,17000000;358,40000000
13/05/2024;363;A;CDF;0,00183600;0,00185300;2775,00000000;2800,00000000
13/05/2024;365;A;BIF;0,00178000;0,00180000;2856,10000000;2887,90000000
13/05/2024;368;A;KMF;0,01123000;0,01128000;455,69000000;457,69000000
13/05/2024;370;A;XAF;0,00816200;0,00846200;607,54000000;629,86000000
13/05/2024;372;A;XOF;0,00839600;0,00849400;605,25000000;612,25000000
13/05/2024;380;A;XPF;0,04623000;0,04665000;110,20000000;111,20000000
13/05/2024;390;A;DJF;0,02879000;0,02895000;177,60000000;178,55000000
13/05/2024;398;A;GNF;0,00059190;0,00060480;8501,00000000;8685,00000000
13/05/2024;406;A;MGA;0,00116000;0,00116800;4401,20000000;4433,63000000
13/05/2024;420;A;RWF;0,00392100;0,00399900;1285,50000000;1311,20000000
13/05/2024;425;A;CHF;5,66270000;5,66650000;0,90730000;0,90780000
13/05/2024;440;A;HTG;0,03855000;0,03901000;131,79740000;133,36510000
13/05/2024;450;A;PYG;0,00068320;0,00068560;7498,73000000;7524,59000000
13/05/2024;460;A;UAH;0,12940000;0,12980000;39,62000000;39,72000000
13/05/2024;470;A;JPY;0,03291000;0,03292000;156,17000000;156,20000000
13/05/2024;482;A;GEL;1,89690000;1,94010000;2,65000000;2,71000000
13/05/2024;490;A;ALL;0,05500000;0,05545000;92,72000000;93,47000000
13/05/2024;495;A;HNL;0,20760000;0,20840000;24,66700000;24,76700000
13/05/2024;500;A;SLL;0,00022440;0,00022670;22683,00000000;22908,00000000
13/05/2024;503;A;MDL;0,29010000;0,29180000;17,62000000;17,72000000
13/05/2024;506;A;RON;1,11460000;1,11620000;4,60590000;4,61220000
13/05/2024;510;A;BGN;2,83650000;2,83890000;1,81100000;1,81230000
13/05/2024;530;B;GIP;6,43600000;6,44190000;1,25200000;1,25300000
13/05/2024;535;A;EGP;0,10910000;0,10940000;47,00000000;47,10000000
13/05/2024;540;B;GBP;6,45450000;6,45890000;1,25560000;1,25630000
13/05/2024;545;B;FKP;6,43600000;6,44190000;1,25200000;1,25300000
13/05/2024;560;A;LBP;0,00005740;0,00005740;89500,00000000;89600,00000000
13/05/2024;570;B;SHP;6,45250000;6,45840000;1,25520000;1,25620000
13/05/2024;575;A;SYP;0,00039530;0,00039550;13000,00000000;13003,00000000
13/05/2024;585;A;SZL;0,28040000;0,28040000;18,33220000;18,33410000
13/05/2024;603;A;LSL;0,28040000;0,28040000;18,33220000;18,33410000
13/05/2024;608;A;TMT;1,46670000;1,47110000;3,49480000;3,50480000
13/05/2024;622;A;MZN;0,08028000;0,08112000;63,38000000;64,03000000
13/05/2024;625;A;ERN;0,33930000;0,34270000;15,00000000;15,15000000
13/05/2024;630;A;NGN;0,00361500;0,00362100;1419,90000000;1421,90000000
13/05/2024;635;A;AOA;0,00603800;0,00616400;834,06000000;851,35900000
13/05/2024;640;A;TWD;0,15850000;0,15870000;32,40300000;32,43300000
13/05/2024;642;A;TRY;0,15910000;0,16040000;32,04900000;32,31000000
13/05/2024;660;A;PEN;1,38290000;1,38330000;3,71660000;3,71720000
13/05/2024;665;A;BTN;0,06154000;0,06159000;83,47700000;83,53200000
13/05/2024;670;A;MRO;0,01432000;0,01444000;356,00000000;359,00000000
13/05/2024;671;A;MRU;0,13460000;0,13590000;37,83000000;38,20000000
13/05/2024;680;B;TOP;2,12920000;2,25800000;0,41420000;0,43920000
13/05/2024;685;A;MOP;0,63830000;0,63910000;8,04500000;8,05400000
13/05/2024;706;A;ARS;0,00581200;0,00581600;884,00000000;884,50000000
13/05/2024;715;A;CLP;0,00556900;0,00557300;922,50000000;923,00000000
13/05/2024;720;A;COP;0,00132100;0,00132200;3887,95000000;3890,48000000
13/05/2024;721;B;COU;0,48890000;0,48890000;0,09510000;0,09510000
13/05/2024;725;A;CUP;0,21420000;0,21420000;24,00000000;24,00000000
13/05/2024;730;A;DOP;0,08759000;0,08817000;58,31000000;58,69000000
13/05/2024;735;A;PHP;0,08889000;0,08893000;57,81000000;57,83000000
13/05/2024;741;A;MXN;0,30570000;0,30590000;16,80600000;16,81600000
13/05/2024;745;A;UYU;0,13340000;0,13350000;38,51000000;38,54000000
13/05/2024;755;B;BWP;0,37830000;0,37940000;0,07360000;0,07380000
13/05/2024;760;A;MWK;0,00293700;0,00299500;1716,73000000;1750,03000000
13/05/2024;766;A;ZMW;0,20120000;0,20160000;25,50000000;25,55000000
13/05/2024;770;A;GTQ;0,66070000;0,66250000;7,76000000;7,78000000
13/05/2024;775;A;MMK;0,00244100;0,00245600;2093,70000000;2106,30000000
13/05/2024;778;B;PGK;1,30570000;1,34440000;0,25400000;0,26150000
13/05/2024;780;A;LAK;0,00024010;0,00024170;21269,00000000;21409,00000000
13/05/2024;785;A;ZAR;0,28030000;0,28050000;18,33180000;18,33680000
13/05/2024;795;A;CNY;0,71070000;0,71080000;7,23250000;7,23320000
13/05/2024;796;A;CNH;0,71010000;0,71020000;7,23940000;7,23960000
13/05/2024;800;A;QAR;1,40950000;1,41090000;3,64400000;3,64700000
13/05/2024;805;A;OMR;13,35220000;13,35720000;0,38490000;0,38500000
13/05/2024;810;A;YER;0,02052000;0,02057000;249,97000000;250,47000000
13/05/2024;815;A;IRR;0,00012240;0,00012240;42000,00000000;42005,00000000
13/05/2024;820;A;SAR;1,37060000;1,37090000;3,75030000;3,75050000
13/05/2024;825;A;KHR;0,00125700;0,00126400;4069,00000000;4089,00000000
13/05/2024;828;A;MYR;1,08520000;1,08760000;4,72700000;4,73700000
13/05/2024;830;A;RUB;0,05612000;0,05613000;91,59550000;91,60450000
13/05/2024;831;A;BYN;1,56770000;1,57410000;3,26610000;3,27910000
13/05/2024;835;A;TJS;0,47030000;0,47250000;10,88000000;10,93000000
13/05/2024;840;A;MUR;0,11110000;0,11190000;45,95000000;46,25000000
13/05/2024;845;A;NPR;0,03846000;0,03847000;133,65000000;133,66000000
13/05/2024;850;A;SCR;0,37530000;0,37530000;13,69810000;13,69820000
13/05/2024;855;A;LKR;0,01711000;0,01714000;300,00000000;300,40000000
13/05/2024;860;A;INR;0,06154000;0,06159000;83,48100000;83,53600000
13/05/2024;865;A;IDR;0,00031960;0,00031980;16075,00000000;16085,00000000
13/05/2024;870;A;MVR;0,33170000;0,33340000;15,42000000;15,50000000
13/05/2024;875;A;PKR;0,01847000;0,01848000;278,20000000;278,30000000
13/05/2024;880;A;ILS;1,38020000;1,38200000;3,72010000;3,72450000
13/05/2024;892;A;KGS;0,05816000;0,05820000;88,33910000;88,39340000
13/05/2024;893;A;UZS;0,00040460;0,00040500;12694,85000000;12704,85000000
13/05/2024;905;A;BDT;0,04375000;0,04413000;116,50000000;117,50000000
13/05/2024;912;B;WST;1,82180000;1,93510000;0,35440000;0,37640000
13/05/2024;913;A;KZT;0,01162000;0,01164000;441,83000000;442,37000000
13/05/2024;915;A;MNT;0,00149900;0,00152800;3365,00000000;3429,00000000
13/05/2024;920;A;VUV;0,04298000;0,04320000;119,00000000;119,60000000
13/05/2024;930;A;KRW;0,00375900;0,00376100;1367,06000000;1367,60000000
13/05/2024;946;A;TZS;0,00198100;0,00198900;2585,00000000;2595,00000000
13/05/2024;950;A;KES;0,03917000;0,03947000;130,25000000;131,25000000
13/05/2024;955;A;UGX;0,00136400;0,00136700;3760,00000000;3770,00000000
13/05/2024;960;A;SOS;0,00894000;0,00905100;568,00000000;575,00000000
13/05/2024;975;A;PLN;1,29440000;1,29490000;3,97020000;3,97150000
13/05/2024;978;B;EUR;5,54820000;5,55100000;1,07930000;1,07970000
13/05/2024;998;A;XAU;385,93090000;385,97600000;0,01332000;0,01332000

[2025-07-06T18:02:11.329+0000] {taskinstance.py:441} INFO - ::group::Post task execution logs
[2025-07-06T18:02:11.372+0000] {taskinstance.py:1206} INFO - Marking task as SUCCESS. dag_id=fin_cotacoes_bcb_classic, task_id=extract, run_id=scheduled__2024-05-13T00:00:00+00:00, execution_date=20240513T000000, start_date=20250706T180210, end_date=20250706T180211
[2025-07-06T18:02:11.502+0000] {local_task_job_runner.py:240} INFO - Task exited with return code 0
[2025-07-06T18:02:11.529+0000] {logging_mixin.py:188} WARNING - /home/***/.local/lib/python3.12/site-packages/***/models/baseoperator.py:1297 AirflowProviderDeprecationWarning: Call to deprecated class PostgresOperator. (Please use `***.providers.common.sql.operators.sql.SQLExecuteQueryOperator`.Also, you can provide `hook_params={'schema': <database>}`.)
[2025-07-06T18:02:11.590+0000] {taskinstance.py:3503} INFO - 1 downstream tasks scheduled from follow-on schedule check
[2025-07-06T18:02:11.592+0000] {local_task_job_runner.py:222} INFO - ::endgroup::
[2025-07-07T15:05:25.677+0000] {local_task_job_runner.py:120} INFO - ::group::Pre task execution logs
[2025-07-07T15:05:25.738+0000] {taskinstance.py:2076} INFO - Dependencies all met for dep_context=non-requeueable deps ti=<TaskInstance: fin_cotacoes_bcb_classic.extract scheduled__2024-05-13T00:00:00+00:00 [queued]>
[2025-07-07T15:05:25.750+0000] {taskinstance.py:2076} INFO - Dependencies all met for dep_context=requeueable deps ti=<TaskInstance: fin_cotacoes_bcb_classic.extract scheduled__2024-05-13T00:00:00+00:00 [queued]>
[2025-07-07T15:05:25.750+0000] {taskinstance.py:2306} INFO - Starting attempt 1 of 2
[2025-07-07T15:05:25.781+0000] {taskinstance.py:2330} INFO - Executing <Task(PythonOperator): extract> on 2024-05-13 00:00:00+00:00
[2025-07-07T15:05:25.796+0000] {logging_mixin.py:188} WARNING - /home/***/.local/lib/python3.12/site-packages/***/task/task_runner/standard_task_runner.py:61 DeprecationWarning: This process (pid=97076) is multi-threaded, use of fork() may lead to deadlocks in the child.
[2025-07-07T15:05:25.797+0000] {standard_task_runner.py:63} INFO - Started process 97157 to run task
[2025-07-07T15:05:25.798+0000] {standard_task_runner.py:90} INFO - Running: ['***', 'tasks', 'run', 'fin_cotacoes_bcb_classic', 'extract', 'scheduled__2024-05-13T00:00:00+00:00', '--job-id', '3163', '--raw', '--subdir', 'DAGS_FOLDER/cotacoes.py', '--cfg-path', '/tmp/tmp8j3h_pdi']
[2025-07-07T15:05:25.799+0000] {standard_task_runner.py:91} INFO - Job 3163: Subtask extract
[2025-07-07T15:05:25.928+0000] {task_command.py:426} INFO - Running <TaskInstance: fin_cotacoes_bcb_classic.extract scheduled__2024-05-13T00:00:00+00:00 [running]> on host bc96ca91d307
[2025-07-07T15:05:26.122+0000] {taskinstance.py:2648} INFO - Exporting env vars: AIRFLOW_CTX_DAG_OWNER='***' AIRFLOW_CTX_DAG_ID='fin_cotacoes_bcb_classic' AIRFLOW_CTX_TASK_ID='extract' AIRFLOW_CTX_EXECUTION_DATE='2024-05-13T00:00:00+00:00' AIRFLOW_CTX_TRY_NUMBER='1' AIRFLOW_CTX_DAG_RUN_ID='scheduled__2024-05-13T00:00:00+00:00'
[2025-07-07T15:05:26.124+0000] {taskinstance.py:430} INFO - ::endgroup::
[2025-07-07T15:05:26.125+0000] {cotacoes.py:35} INFO - Iniciando extração da URL: https://www4.bcb.gov.br/Download/fechamento/20240513.csv
[2025-07-07T15:05:26.503+0000] {cotacoes.py:41} INFO - Extração concluída com sucesso.
[2025-07-07T15:05:26.506+0000] {python.py:237} INFO - Done. Returned value was: 13/05/2024;005;A;AFN;0,07099000;0,07120000;72,21000000;72,41000000
13/05/2024;009;A;ETB;0,08880000;0,09025000;56,96320000;57,89030000
13/05/2024;015;A;THB;0,13970000;0,13980000;36,78000000;36,81000000
13/05/2024;020;A;PAB;5,14060000;5,14120000;1,00000000;1,00000000
13/05/2024;027;A;VES;0,14040000;0,14080000;36,51860000;36,61010000
13/05/2024;030;A;BOB;0,73440000;0,75050000;6,85000000;7,00000000
13/05/2024;035;A;GHS;0,36590000;0,36850000;13,95000000;14,05000000
13/05/2024;040;A;CRC;0,00998200;0,01009000;509,70000000;515,00000000
13/05/2024;045;A;SVC;0,58690000;0,58760000;8,74950000;8,75950000
13/05/2024;051;A;NIO;0,13890000;0,14040000;36,62000000;37,00000000
13/05/2024;055;A;DKK;0,74380000;0,74400000;6,91010000;6,91090000
13/05/2024;060;A;ISK;0,03683000;0,03692000;139,25000000;139,58000000
13/05/2024;065;A;NOK;0,47520000;0,47540000;10,81520000;10,81820000
13/05/2024;070;A;SEK;0,47440000;0,47460000;10,83280000;10,83500000
13/05/2024;075;A;CZK;0,22390000;0,22400000;22,95100000;22,96100000
13/05/2024;090;A;GMD;0,07505000;0,07555000;68,05000000;68,50000000
13/05/2024;095;A;DZD;0,03821000;0,03837000;133,99720000;134,54930000
13/05/2024;100;A;KWD;16,69570000;16,73020000;0,30730000;0,30790000
13/05/2024;105;A;BHD;13,63550000;13,63710000;0,37700000;0,37700000
13/05/2024;115;A;IQD;0,00392100;0,00392800;1309,00000000;1311,00000000
13/05/2024;125;A;JOD;7,24030000;7,26160000;0,70800000;0,71000000
13/05/2024;130;A;LYD;1,05600000;1,06100000;4,84550000;4,86780000
13/05/2024;132;A;MKD;0,08981000;0,09058000;56,76000000;57,24000000
13/05/2024;133;A;RSD;0,04737000;0,04741000;108,45000000;108,53000000
13/05/2024;134;A;SDG;0,00853700;0,00858600;598,80020000;602,14120000
13/05/2024;135;A;TND;1,64340000;1,64780000;3,12000000;3,12800000
13/05/2024;136;A;SSP;0,00320000;0,00328200;1566,57330000;1606,57330000
13/05/2024;138;B;SDR;6,78870000;6,78950000;1,32060000;1,32060000
13/05/2024;139;A;MAD;0,51290000;0,51320000;10,01730000;10,02230000
13/05/2024;145;A;AED;1,39950000;1,39980000;3,67280000;3,67310000
13/05/2024;149;A;STN;0,22190000;0,22660000;22,69140000;23,16310000
13/05/2024;150;B;AUD;3,39690000;3,39940000;0,66080000;0,66120000
13/05/2024;155;A;BSD;5,14060000;5,14120000;1,00000000;1,00000000
13/05/2024;160;A;BMD;5,14060000;5,14120000;1,00000000;1,00000000
13/05/2024;165;A;CAD;3,75770000;3,76010000;1,36730000;1,36800000
13/05/2024;170;A;GYD;0,02443000;0,02472000;207,98000000;210,45000000
13/05/2024;173;A;NAD;0,28040000;0,28040000;18,33210000;18,33450000
13/05/2024;175;A;BBD;2,51980000;2,57300000;1,99810000;2,04010000
13/05/2024;180;A;BZD;2,52830000;2,57290000;1,99820000;2,03320000
13/05/2024;185;A;BND;3,79770000;3,80040000;1,35280000;1,35360000
13/05/2024;190;A;KYD;6,15640000;6,23180000;0,82500000;0,83500000
13/05/2024;195;A;SGD;3,79770000;3,80040000;1,35280000;1,35360000
13/05/2024;197;B;CLF;207,91160000;207,93580000;40,44500000;40,44500000
13/05/2024;200;B;FJD;2,23560000;2,29250000;0,43490000;0,44590000
13/05/2024;205;A;HKD;0,65810000;0,65820000;7,81120000;7,81150000
13/05/2024;210;A;TTD;0,75310000;0,76170000;6,74930000;6,82600000
13/05/2024;215;A;XCD;1,88990000;1,90410000;2,70000000;2,72000000
13/05/2024;220;A;USD;5,14060000;5,14120000;1,00000000;1,00000000
13/05/2024;230;A;JMD;0,03270000;0,03298000;155,90000000;157,21000000
13/05/2024;235;A;LRD;0,02636000;0,02679000;191,90000000;195,00000000
13/05/2024;245;B;NZD;3,09210000;3,09450000;0,60150000;0,60190000
13/05/2024;250;B;SBD;0,59530000;0,61590000;0,11580000;0,11980000
13/05/2024;255;A;SRD;0,15740000;0,15970000;32,19100000;32,65900000
13/05/2024;260;A;VND;0,00020200;0,00020200;25453,00000000;25454,00000000
13/05/2024;275;A;AMD;0,01323000;0,01330000;386,64000000;388,64000000
13/05/2024;295;A;CVE;0,04987000;0,05034000;102,13000000;103,09000000
13/05/2024;325;A;ANG;2,82450000;2,88100000;1,78450000;1,82000000
13/05/2024;328;A;AWG;2,79380000;2,88830000;1,78000000;1,84000000
13/05/2024;345;A;HUF;0,01434000;0,01435000;358,17000000;358,40000000
13/05/2024;363;A;CDF;0,00183600;0,00185300;2775,00000000;2800,00000000
13/05/2024;365;A;BIF;0,00178000;0,00180000;2856,10000000;2887,90000000
13/05/2024;368;A;KMF;0,01123000;0,01128000;455,69000000;457,69000000
13/05/2024;370;A;XAF;0,00816200;0,00846200;607,54000000;629,86000000
13/05/2024;372;A;XOF;0,00839600;0,00849400;605,25000000;612,25000000
13/05/2024;380;A;XPF;0,04623000;0,04665000;110,20000000;111,20000000
13/05/2024;390;A;DJF;0,02879000;0,02895000;177,60000000;178,55000000
13/05/2024;398;A;GNF;0,00059190;0,00060480;8501,00000000;8685,00000000
13/05/2024;406;A;MGA;0,00116000;0,00116800;4401,20000000;4433,63000000
13/05/2024;420;A;RWF;0,00392100;0,00399900;1285,50000000;1311,20000000
13/05/2024;425;A;CHF;5,66270000;5,66650000;0,90730000;0,90780000
13/05/2024;440;A;HTG;0,03855000;0,03901000;131,79740000;133,36510000
13/05/2024;450;A;PYG;0,00068320;0,00068560;7498,73000000;7524,59000000
13/05/2024;460;A;UAH;0,12940000;0,12980000;39,62000000;39,72000000
13/05/2024;470;A;JPY;0,03291000;0,03292000;156,17000000;156,20000000
13/05/2024;482;A;GEL;1,89690000;1,94010000;2,65000000;2,71000000
13/05/2024;490;A;ALL;0,05500000;0,05545000;92,72000000;93,47000000
13/05/2024;495;A;HNL;0,20760000;0,20840000;24,66700000;24,76700000
13/05/2024;500;A;SLL;0,00022440;0,00022670;22683,00000000;22908,00000000
13/05/2024;503;A;MDL;0,29010000;0,29180000;17,62000000;17,72000000
13/05/2024;506;A;RON;1,11460000;1,11620000;4,60590000;4,61220000
13/05/2024;510;A;BGN;2,83650000;2,83890000;1,81100000;1,81230000
13/05/2024;530;B;GIP;6,43600000;6,44190000;1,25200000;1,25300000
13/05/2024;535;A;EGP;0,10910000;0,10940000;47,00000000;47,10000000
13/05/2024;540;B;GBP;6,45450000;6,45890000;1,25560000;1,25630000
13/05/2024;545;B;FKP;6,43600000;6,44190000;1,25200000;1,25300000
13/05/2024;560;A;LBP;0,00005740;0,00005740;89500,00000000;89600,00000000
13/05/2024;570;B;SHP;6,45250000;6,45840000;1,25520000;1,25620000
13/05/2024;575;A;SYP;0,00039530;0,00039550;13000,00000000;13003,00000000
13/05/2024;585;A;SZL;0,28040000;0,28040000;18,33220000;18,33410000
13/05/2024;603;A;LSL;0,28040000;0,28040000;18,33220000;18,33410000
13/05/2024;608;A;TMT;1,46670000;1,47110000;3,49480000;3,50480000
13/05/2024;622;A;MZN;0,08028000;0,08112000;63,38000000;64,03000000
13/05/2024;625;A;ERN;0,33930000;0,34270000;15,00000000;15,15000000
13/05/2024;630;A;NGN;0,00361500;0,00362100;1419,90000000;1421,90000000
13/05/2024;635;A;AOA;0,00603800;0,00616400;834,06000000;851,35900000
13/05/2024;640;A;TWD;0,15850000;0,15870000;32,40300000;32,43300000
13/05/2024;642;A;TRY;0,15910000;0,16040000;32,04900000;32,31000000
13/05/2024;660;A;PEN;1,38290000;1,38330000;3,71660000;3,71720000
13/05/2024;665;A;BTN;0,06154000;0,06159000;83,47700000;83,53200000
13/05/2024;670;A;MRO;0,01432000;0,01444000;356,00000000;359,00000000
13/05/2024;671;A;MRU;0,13460000;0,13590000;37,83000000;38,20000000
13/05/2024;680;B;TOP;2,12920000;2,25800000;0,41420000;0,43920000
13/05/2024;685;A;MOP;0,63830000;0,63910000;8,04500000;8,05400000
13/05/2024;706;A;ARS;0,00581200;0,00581600;884,00000000;884,50000000
13/05/2024;715;A;CLP;0,00556900;0,00557300;922,50000000;923,00000000
13/05/2024;720;A;COP;0,00132100;0,00132200;3887,95000000;3890,48000000
13/05/2024;721;B;COU;0,48890000;0,48890000;0,09510000;0,09510000
13/05/2024;725;A;CUP;0,21420000;0,21420000;24,00000000;24,00000000
13/05/2024;730;A;DOP;0,08759000;0,08817000;58,31000000;58,69000000
13/05/2024;735;A;PHP;0,08889000;0,08893000;57,81000000;57,83000000
13/05/2024;741;A;MXN;0,30570000;0,30590000;16,80600000;16,81600000
13/05/2024;745;A;UYU;0,13340000;0,13350000;38,51000000;38,54000000
13/05/2024;755;B;BWP;0,37830000;0,37940000;0,07360000;0,07380000
13/05/2024;760;A;MWK;0,00293700;0,00299500;1716,73000000;1750,03000000
13/05/2024;766;A;ZMW;0,20120000;0,20160000;25,50000000;25,55000000
13/05/2024;770;A;GTQ;0,66070000;0,66250000;7,76000000;7,78000000
13/05/2024;775;A;MMK;0,00244100;0,00245600;2093,70000000;2106,30000000
13/05/2024;778;B;PGK;1,30570000;1,34440000;0,25400000;0,26150000
13/05/2024;780;A;LAK;0,00024010;0,00024170;21269,00000000;21409,00000000
13/05/2024;785;A;ZAR;0,28030000;0,28050000;18,33180000;18,33680000
13/05/2024;795;A;CNY;0,71070000;0,71080000;7,23250000;7,23320000
13/05/2024;796;A;CNH;0,71010000;0,71020000;7,23940000;7,23960000
13/05/2024;800;A;QAR;1,40950000;1,41090000;3,64400000;3,64700000
13/05/2024;805;A;OMR;13,35220000;13,35720000;0,38490000;0,38500000
13/05/2024;810;A;YER;0,02052000;0,02057000;249,97000000;250,47000000
13/05/2024;815;A;IRR;0,00012240;0,00012240;42000,00000000;42005,00000000
13/05/2024;820;A;SAR;1,37060000;1,37090000;3,75030000;3,75050000
13/05/2024;825;A;KHR;0,00125700;0,00126400;4069,00000000;4089,00000000
13/05/2024;828;A;MYR;1,08520000;1,08760000;4,72700000;4,73700000
13/05/2024;830;A;RUB;0,05612000;0,05613000;91,59550000;91,60450000
13/05/2024;831;A;BYN;1,56770000;1,57410000;3,26610000;3,27910000
13/05/2024;835;A;TJS;0,47030000;0,47250000;10,88000000;10,93000000
13/05/2024;840;A;MUR;0,11110000;0,11190000;45,95000000;46,25000000
13/05/2024;845;A;NPR;0,03846000;0,03847000;133,65000000;133,66000000
13/05/2024;850;A;SCR;0,37530000;0,37530000;13,69810000;13,69820000
13/05/2024;855;A;LKR;0,01711000;0,01714000;300,00000000;300,40000000
13/05/2024;860;A;INR;0,06154000;0,06159000;83,48100000;83,53600000
13/05/2024;865;A;IDR;0,00031960;0,00031980;16075,00000000;16085,00000000
13/05/2024;870;A;MVR;0,33170000;0,33340000;15,42000000;15,50000000
13/05/2024;875;A;PKR;0,01847000;0,01848000;278,20000000;278,30000000
13/05/2024;880;A;ILS;1,38020000;1,38200000;3,72010000;3,72450000
13/05/2024;892;A;KGS;0,05816000;0,05820000;88,33910000;88,39340000
13/05/2024;893;A;UZS;0,00040460;0,00040500;12694,85000000;12704,85000000
13/05/2024;905;A;BDT;0,04375000;0,04413000;116,50000000;117,50000000
13/05/2024;912;B;WST;1,82180000;1,93510000;0,35440000;0,37640000
13/05/2024;913;A;KZT;0,01162000;0,01164000;441,83000000;442,37000000
13/05/2024;915;A;MNT;0,00149900;0,00152800;3365,00000000;3429,00000000
13/05/2024;920;A;VUV;0,04298000;0,04320000;119,00000000;119,60000000
13/05/2024;930;A;KRW;0,00375900;0,00376100;1367,06000000;1367,60000000
13/05/2024;946;A;TZS;0,00198100;0,00198900;2585,00000000;2595,00000000
13/05/2024;950;A;KES;0,03917000;0,03947000;130,25000000;131,25000000
13/05/2024;955;A;UGX;0,00136400;0,00136700;3760,00000000;3770,00000000
13/05/2024;960;A;SOS;0,00894000;0,00905100;568,00000000;575,00000000
13/05/2024;975;A;PLN;1,29440000;1,29490000;3,97020000;3,97150000
13/05/2024;978;B;EUR;5,54820000;5,55100000;1,07930000;1,07970000
13/05/2024;998;A;XAU;385,93090000;385,97600000;0,01332000;0,01332000

[2025-07-07T15:05:26.508+0000] {taskinstance.py:441} INFO - ::group::Post task execution logs
[2025-07-07T15:05:26.567+0000] {taskinstance.py:1206} INFO - Marking task as SUCCESS. dag_id=fin_cotacoes_bcb_classic, task_id=extract, run_id=scheduled__2024-05-13T00:00:00+00:00, execution_date=20240513T000000, start_date=20250707T150525, end_date=20250707T150526
[2025-07-07T15:05:26.740+0000] {local_task_job_runner.py:240} INFO - Task exited with return code 0
[2025-07-07T15:05:26.807+0000] {taskinstance.py:3503} INFO - 1 downstream tasks scheduled from follow-on schedule check
[2025-07-07T15:05:26.812+0000] {local_task_job_runner.py:222} INFO - ::endgroup::
