[2025-07-07T14:33:08.651+0000] {local_task_job_runner.py:120} INFO - ::group::Pre task execution logs
[2025-07-07T14:33:08.748+0000] {taskinstance.py:2076} INFO - Dependencies all met for dep_context=non-requeueable deps ti=<TaskInstance: fin_cotacoes_bcb_classic.transform_and_load scheduled__2025-01-27T00:00:00+00:00 [queued]>
[2025-07-07T14:33:08.790+0000] {taskinstance.py:2076} INFO - Dependencies all met for dep_context=requeueable deps ti=<TaskInstance: fin_cotacoes_bcb_classic.transform_and_load scheduled__2025-01-27T00:00:00+00:00 [queued]>
[2025-07-07T14:33:08.794+0000] {taskinstance.py:2306} INFO - Starting attempt 1 of 2
[2025-07-07T14:33:08.863+0000] {taskinstance.py:2330} INFO - Executing <Task(PythonOperator): transform_and_load> on 2025-01-27 00:00:00+00:00
[2025-07-07T14:33:08.881+0000] {logging_mixin.py:188} WARNING - /home/***/.local/lib/python3.12/site-packages/***/task/task_runner/standard_task_runner.py:61 DeprecationWarning: This process (pid=77433) is multi-threaded, use of fork() may lead to deadlocks in the child.
[2025-07-07T14:33:08.883+0000] {standard_task_runner.py:63} INFO - Started process 77512 to run task
[2025-07-07T14:33:08.900+0000] {standard_task_runner.py:90} INFO - Running: ['***', 'tasks', 'run', 'fin_cotacoes_bcb_classic', 'transform_and_load', 'scheduled__2025-01-27T00:00:00+00:00', '--job-id', '2266', '--raw', '--subdir', 'DAGS_FOLDER/cotacoes.py', '--cfg-path', '/tmp/tmpwew3340i']
[2025-07-07T14:33:08.902+0000] {standard_task_runner.py:91} INFO - Job 2266: Subtask transform_and_load
[2025-07-07T14:33:09.021+0000] {task_command.py:426} INFO - Running <TaskInstance: fin_cotacoes_bcb_classic.transform_and_load scheduled__2025-01-27T00:00:00+00:00 [running]> on host bc96ca91d307
[2025-07-07T14:33:09.241+0000] {taskinstance.py:2648} INFO - Exporting env vars: AIRFLOW_CTX_DAG_OWNER='***' AIRFLOW_CTX_DAG_ID='fin_cotacoes_bcb_classic' AIRFLOW_CTX_TASK_ID='transform_and_load' AIRFLOW_CTX_EXECUTION_DATE='2025-01-27T00:00:00+00:00' AIRFLOW_CTX_TRY_NUMBER='1' AIRFLOW_CTX_DAG_RUN_ID='scheduled__2025-01-27T00:00:00+00:00'
[2025-07-07T14:33:09.242+0000] {taskinstance.py:430} INFO - ::endgroup::
[2025-07-07T14:33:09.296+0000] {logging_mixin.py:188} WARNING - /opt/***/dags/cotacoes.py:104 UserWarning: Parsing dates in %d/%m/%Y format when dayfirst=False (the default) was specified. Pass `dayfirst=True` or specify a format to silence this warning.
[2025-07-07T14:33:09.310+0000] {cotacoes.py:109} INFO - DataFrame transformado com 156 linhas.
[2025-07-07T14:33:09.332+0000] {base.py:84} INFO - Using connection ID '***-postgres' for task execution.
[2025-07-07T14:33:09.364+0000] {base.py:84} INFO - Using connection ID '***-postgres' for task execution.
[2025-07-07T14:33:09.520+0000] {sql.py:598} INFO - Loaded 156 rows into cotacoes so far
[2025-07-07T14:33:09.523+0000] {sql.py:611} INFO - Done loading. Loaded a total of 156 rows into cotacoes
[2025-07-07T14:33:09.524+0000] {cotacoes.py:124} INFO - Carregados/Atualizados 156 registros na tabela cotacoes.
[2025-07-07T14:33:09.524+0000] {python.py:237} INFO - Done. Returned value was: None
[2025-07-07T14:33:09.524+0000] {taskinstance.py:441} INFO - ::group::Post task execution logs
[2025-07-07T14:33:09.553+0000] {taskinstance.py:1206} INFO - Marking task as SUCCESS. dag_id=fin_cotacoes_bcb_classic, task_id=transform_and_load, run_id=scheduled__2025-01-27T00:00:00+00:00, execution_date=20250127T000000, start_date=20250707T143308, end_date=20250707T143309
[2025-07-07T14:33:09.630+0000] {local_task_job_runner.py:240} INFO - Task exited with return code 0
[2025-07-07T14:33:09.668+0000] {taskinstance.py:3503} INFO - 0 downstream tasks scheduled from follow-on schedule check
[2025-07-07T14:33:09.673+0000] {local_task_job_runner.py:222} INFO - ::endgroup::
[2025-07-07T15:10:44.884+0000] {local_task_job_runner.py:120} INFO - ::group::Pre task execution logs
[2025-07-07T15:10:44.968+0000] {taskinstance.py:2076} INFO - Dependencies all met for dep_context=non-requeueable deps ti=<TaskInstance: fin_cotacoes_bcb_classic.transform_and_load scheduled__2025-01-27T00:00:00+00:00 [queued]>
[2025-07-07T15:10:44.995+0000] {taskinstance.py:2076} INFO - Dependencies all met for dep_context=requeueable deps ti=<TaskInstance: fin_cotacoes_bcb_classic.transform_and_load scheduled__2025-01-27T00:00:00+00:00 [queued]>
[2025-07-07T15:10:44.995+0000] {taskinstance.py:2306} INFO - Starting attempt 1 of 2
[2025-07-07T15:10:45.190+0000] {taskinstance.py:2330} INFO - Executing <Task(PythonOperator): transform_and_load> on 2025-01-27 00:00:00+00:00
[2025-07-07T15:10:45.223+0000] {logging_mixin.py:188} WARNING - /home/***/.local/lib/python3.12/site-packages/***/task/task_runner/standard_task_runner.py:61 DeprecationWarning: This process (pid=102281) is multi-threaded, use of fork() may lead to deadlocks in the child.
[2025-07-07T15:10:45.224+0000] {standard_task_runner.py:63} INFO - Started process 102362 to run task
[2025-07-07T15:10:45.222+0000] {standard_task_runner.py:90} INFO - Running: ['***', 'tasks', 'run', 'fin_cotacoes_bcb_classic', 'transform_and_load', 'scheduled__2025-01-27T00:00:00+00:00', '--job-id', '3970', '--raw', '--subdir', 'DAGS_FOLDER/cotacoes.py', '--cfg-path', '/tmp/tmp8mlszcjl']
[2025-07-07T15:10:45.227+0000] {standard_task_runner.py:91} INFO - Job 3970: Subtask transform_and_load
[2025-07-07T15:10:45.331+0000] {task_command.py:426} INFO - Running <TaskInstance: fin_cotacoes_bcb_classic.transform_and_load scheduled__2025-01-27T00:00:00+00:00 [running]> on host bc96ca91d307
[2025-07-07T15:10:45.543+0000] {taskinstance.py:2648} INFO - Exporting env vars: AIRFLOW_CTX_DAG_OWNER='***' AIRFLOW_CTX_DAG_ID='fin_cotacoes_bcb_classic' AIRFLOW_CTX_TASK_ID='transform_and_load' AIRFLOW_CTX_EXECUTION_DATE='2025-01-27T00:00:00+00:00' AIRFLOW_CTX_TRY_NUMBER='1' AIRFLOW_CTX_DAG_RUN_ID='scheduled__2025-01-27T00:00:00+00:00'
[2025-07-07T15:10:45.545+0000] {taskinstance.py:430} INFO - ::endgroup::
[2025-07-07T15:10:45.598+0000] {logging_mixin.py:188} WARNING - /opt/***/dags/cotacoes.py:104 UserWarning: Parsing dates in %d/%m/%Y format when dayfirst=False (the default) was specified. Pass `dayfirst=True` or specify a format to silence this warning.
[2025-07-07T15:10:45.616+0000] {cotacoes.py:109} INFO - DataFrame transformado com 156 linhas.
[2025-07-07T15:10:45.646+0000] {base.py:84} INFO - Using connection ID '***-postgres' for task execution.
[2025-07-07T15:10:45.682+0000] {base.py:84} INFO - Using connection ID '***-postgres' for task execution.
[2025-07-07T15:10:45.836+0000] {sql.py:598} INFO - Loaded 156 rows into cotacoes so far
[2025-07-07T15:10:45.843+0000] {sql.py:611} INFO - Done loading. Loaded a total of 156 rows into cotacoes
[2025-07-07T15:10:45.843+0000] {cotacoes.py:124} INFO - Carregados/Atualizados 156 registros na tabela cotacoes.
[2025-07-07T15:10:45.843+0000] {python.py:237} INFO - Done. Returned value was: None
[2025-07-07T15:10:45.844+0000] {taskinstance.py:441} INFO - ::group::Post task execution logs
[2025-07-07T15:10:45.862+0000] {taskinstance.py:1206} INFO - Marking task as SUCCESS. dag_id=fin_cotacoes_bcb_classic, task_id=transform_and_load, run_id=scheduled__2025-01-27T00:00:00+00:00, execution_date=20250127T000000, start_date=20250707T151044, end_date=20250707T151045
[2025-07-07T15:10:45.932+0000] {local_task_job_runner.py:240} INFO - Task exited with return code 0
[2025-07-07T15:10:45.975+0000] {taskinstance.py:3503} INFO - 0 downstream tasks scheduled from follow-on schedule check
[2025-07-07T15:10:45.981+0000] {local_task_job_runner.py:222} INFO - ::endgroup::
