[2025-07-07T14:31:00.700+0000] {local_task_job_runner.py:120} INFO - ::group::Pre task execution logs
[2025-07-07T14:31:00.822+0000] {taskinstance.py:2076} INFO - Dependencies all met for dep_context=non-requeueable deps ti=<TaskInstance: fin_cotacoes_bcb_classic.create_table_postgres scheduled__2025-03-10T00:00:00+00:00 [queued]>
[2025-07-07T14:31:00.844+0000] {taskinstance.py:2076} INFO - Dependencies all met for dep_context=requeueable deps ti=<TaskInstance: fin_cotacoes_bcb_classic.create_table_postgres scheduled__2025-03-10T00:00:00+00:00 [queued]>
[2025-07-07T14:31:00.850+0000] {taskinstance.py:2306} INFO - Starting attempt 1 of 2
[2025-07-07T14:31:00.899+0000] {taskinstance.py:2330} INFO - Executing <Task(SQLExecuteQueryOperator): create_table_postgres> on 2025-03-10 00:00:00+00:00
[2025-07-07T14:31:00.925+0000] {logging_mixin.py:188} WARNING - /home/***/.local/lib/python3.12/site-packages/***/task/task_runner/standard_task_runner.py:61 DeprecationWarning: This process (pid=75907) is multi-threaded, use of fork() may lead to deadlocks in the child.
[2025-07-07T14:31:00.933+0000] {standard_task_runner.py:63} INFO - Started process 75991 to run task
[2025-07-07T14:31:00.933+0000] {standard_task_runner.py:90} INFO - Running: ['***', 'tasks', 'run', 'fin_cotacoes_bcb_classic', 'create_table_postgres', 'scheduled__2025-03-10T00:00:00+00:00', '--job-id', '2144', '--raw', '--subdir', 'DAGS_FOLDER/cotacoes.py', '--cfg-path', '/tmp/tmpdqmk5grd']
[2025-07-07T14:31:00.934+0000] {standard_task_runner.py:91} INFO - Job 2144: Subtask create_table_postgres
[2025-07-07T14:31:01.085+0000] {task_command.py:426} INFO - Running <TaskInstance: fin_cotacoes_bcb_classic.create_table_postgres scheduled__2025-03-10T00:00:00+00:00 [running]> on host bc96ca91d307
[2025-07-07T14:31:01.349+0000] {taskinstance.py:2648} INFO - Exporting env vars: AIRFLOW_CTX_DAG_OWNER='***' AIRFLOW_CTX_DAG_ID='fin_cotacoes_bcb_classic' AIRFLOW_CTX_TASK_ID='create_table_postgres' AIRFLOW_CTX_EXECUTION_DATE='2025-03-10T00:00:00+00:00' AIRFLOW_CTX_TRY_NUMBER='1' AIRFLOW_CTX_DAG_RUN_ID='scheduled__2025-03-10T00:00:00+00:00'
[2025-07-07T14:31:01.350+0000] {taskinstance.py:430} INFO - ::endgroup::
[2025-07-07T14:31:01.351+0000] {sql.py:276} INFO - Executing: 
CREATE TABLE IF NOT EXISTS cotacoes (
    dt_fechamento DATE,
    cod_moeda TEXT,
    tipo_moeda TEXT,
    desc_moeda TEXT,
    taxa_compra REAL,
    taxa_venda REAL,
    paridade_compra REAL,
    paridade_venda REAL,
    data_processamento TIMESTAMP,
    CONSTRAINT table_pk PRIMARY KEY (dt_fechamento, cod_moeda)
);
[2025-07-07T14:31:01.384+0000] {base.py:84} INFO - Using connection ID '***-postgres' for task execution.
[2025-07-07T14:31:01.418+0000] {base.py:84} INFO - Using connection ID '***-postgres' for task execution.
[2025-07-07T14:31:01.427+0000] {sql.py:487} INFO - Running statement: 
CREATE TABLE IF NOT EXISTS cotacoes (
    dt_fechamento DATE,
    cod_moeda TEXT,
    tipo_moeda TEXT,
    desc_moeda TEXT,
    taxa_compra REAL,
    taxa_venda REAL,
    paridade_compra REAL,
    paridade_venda REAL,
    data_processamento TIMESTAMP,
    CONSTRAINT table_pk PRIMARY KEY (dt_fechamento, cod_moeda)
);, parameters: None
[2025-07-07T14:31:01.429+0000] {taskinstance.py:441} INFO - ::group::Post task execution logs
[2025-07-07T14:31:01.456+0000] {taskinstance.py:1206} INFO - Marking task as SUCCESS. dag_id=fin_cotacoes_bcb_classic, task_id=create_table_postgres, run_id=scheduled__2025-03-10T00:00:00+00:00, execution_date=20250310T000000, start_date=20250707T143100, end_date=20250707T143101
[2025-07-07T14:31:01.526+0000] {local_task_job_runner.py:240} INFO - Task exited with return code 0
[2025-07-07T14:31:01.556+0000] {local_task_job_runner.py:222} INFO - ::endgroup::
[2025-07-07T14:33:59.151+0000] {local_task_job_runner.py:120} INFO - ::group::Pre task execution logs
[2025-07-07T14:33:59.299+0000] {taskinstance.py:2076} INFO - Dependencies all met for dep_context=non-requeueable deps ti=<TaskInstance: fin_cotacoes_bcb_classic.create_table_postgres scheduled__2025-03-10T00:00:00+00:00 [queued]>
[2025-07-07T14:33:59.334+0000] {taskinstance.py:2076} INFO - Dependencies all met for dep_context=requeueable deps ti=<TaskInstance: fin_cotacoes_bcb_classic.create_table_postgres scheduled__2025-03-10T00:00:00+00:00 [queued]>
[2025-07-07T14:33:59.335+0000] {taskinstance.py:2306} INFO - Starting attempt 1 of 2
[2025-07-07T14:33:59.392+0000] {taskinstance.py:2330} INFO - Executing <Task(SQLExecuteQueryOperator): create_table_postgres> on 2025-03-10 00:00:00+00:00
[2025-07-07T14:33:59.431+0000] {logging_mixin.py:188} WARNING - /home/***/.local/lib/python3.12/site-packages/***/task/task_runner/standard_task_runner.py:61 DeprecationWarning: This process (pid=78168) is multi-threaded, use of fork() may lead to deadlocks in the child.
[2025-07-07T14:33:59.432+0000] {standard_task_runner.py:63} INFO - Started process 78252 to run task
[2025-07-07T14:33:59.437+0000] {standard_task_runner.py:90} INFO - Running: ['***', 'tasks', 'run', 'fin_cotacoes_bcb_classic', 'create_table_postgres', 'scheduled__2025-03-10T00:00:00+00:00', '--job-id', '2383', '--raw', '--subdir', 'DAGS_FOLDER/cotacoes.py', '--cfg-path', '/tmp/tmpqbadibrm']
[2025-07-07T14:33:59.439+0000] {standard_task_runner.py:91} INFO - Job 2383: Subtask create_table_postgres
[2025-07-07T14:33:59.675+0000] {task_command.py:426} INFO - Running <TaskInstance: fin_cotacoes_bcb_classic.create_table_postgres scheduled__2025-03-10T00:00:00+00:00 [running]> on host bc96ca91d307
[2025-07-07T14:33:59.976+0000] {taskinstance.py:2648} INFO - Exporting env vars: AIRFLOW_CTX_DAG_OWNER='***' AIRFLOW_CTX_DAG_ID='fin_cotacoes_bcb_classic' AIRFLOW_CTX_TASK_ID='create_table_postgres' AIRFLOW_CTX_EXECUTION_DATE='2025-03-10T00:00:00+00:00' AIRFLOW_CTX_TRY_NUMBER='1' AIRFLOW_CTX_DAG_RUN_ID='scheduled__2025-03-10T00:00:00+00:00'
[2025-07-07T14:33:59.977+0000] {taskinstance.py:430} INFO - ::endgroup::
[2025-07-07T14:33:59.977+0000] {sql.py:276} INFO - Executing: 
CREATE TABLE IF NOT EXISTS cotacoes (
    dt_fechamento DATE,
    cod_moeda TEXT,
    tipo_moeda TEXT,
    desc_moeda TEXT,
    taxa_compra REAL,
    taxa_venda REAL,
    paridade_compra REAL,
    paridade_venda REAL,
    data_processamento TIMESTAMP,
    CONSTRAINT table_pk PRIMARY KEY (dt_fechamento, cod_moeda)
);
[2025-07-07T14:34:00.006+0000] {base.py:84} INFO - Using connection ID '***-postgres' for task execution.
[2025-07-07T14:34:00.026+0000] {base.py:84} INFO - Using connection ID '***-postgres' for task execution.
[2025-07-07T14:34:00.045+0000] {sql.py:487} INFO - Running statement: 
CREATE TABLE IF NOT EXISTS cotacoes (
    dt_fechamento DATE,
    cod_moeda TEXT,
    tipo_moeda TEXT,
    desc_moeda TEXT,
    taxa_compra REAL,
    taxa_venda REAL,
    paridade_compra REAL,
    paridade_venda REAL,
    data_processamento TIMESTAMP,
    CONSTRAINT table_pk PRIMARY KEY (dt_fechamento, cod_moeda)
);, parameters: None
[2025-07-07T14:34:00.053+0000] {taskinstance.py:441} INFO - ::group::Post task execution logs
[2025-07-07T14:34:00.076+0000] {taskinstance.py:1206} INFO - Marking task as SUCCESS. dag_id=fin_cotacoes_bcb_classic, task_id=create_table_postgres, run_id=scheduled__2025-03-10T00:00:00+00:00, execution_date=20250310T000000, start_date=20250707T143359, end_date=20250707T143400
[2025-07-07T14:34:00.140+0000] {local_task_job_runner.py:240} INFO - Task exited with return code 0
[2025-07-07T14:34:00.168+0000] {local_task_job_runner.py:222} INFO - ::endgroup::
[2025-07-07T15:11:17.879+0000] {local_task_job_runner.py:120} INFO - ::group::Pre task execution logs
[2025-07-07T15:11:17.963+0000] {taskinstance.py:2076} INFO - Dependencies all met for dep_context=non-requeueable deps ti=<TaskInstance: fin_cotacoes_bcb_classic.create_table_postgres scheduled__2025-03-10T00:00:00+00:00 [queued]>
[2025-07-07T15:11:17.972+0000] {taskinstance.py:2076} INFO - Dependencies all met for dep_context=requeueable deps ti=<TaskInstance: fin_cotacoes_bcb_classic.create_table_postgres scheduled__2025-03-10T00:00:00+00:00 [queued]>
[2025-07-07T15:11:17.973+0000] {taskinstance.py:2306} INFO - Starting attempt 1 of 2
[2025-07-07T15:11:18.163+0000] {taskinstance.py:2330} INFO - Executing <Task(SQLExecuteQueryOperator): create_table_postgres> on 2025-03-10 00:00:00+00:00
[2025-07-07T15:11:18.201+0000] {logging_mixin.py:188} WARNING - /home/***/.local/lib/python3.12/site-packages/***/task/task_runner/standard_task_runner.py:61 DeprecationWarning: This process (pid=102823) is multi-threaded, use of fork() may lead to deadlocks in the child.
[2025-07-07T15:11:18.202+0000] {standard_task_runner.py:63} INFO - Started process 102892 to run task
[2025-07-07T15:11:18.198+0000] {standard_task_runner.py:90} INFO - Running: ['***', 'tasks', 'run', 'fin_cotacoes_bcb_classic', 'create_table_postgres', 'scheduled__2025-03-10T00:00:00+00:00', '--job-id', '4056', '--raw', '--subdir', 'DAGS_FOLDER/cotacoes.py', '--cfg-path', '/tmp/tmpgqpawuiw']
[2025-07-07T15:11:18.207+0000] {standard_task_runner.py:91} INFO - Job 4056: Subtask create_table_postgres
[2025-07-07T15:11:18.353+0000] {task_command.py:426} INFO - Running <TaskInstance: fin_cotacoes_bcb_classic.create_table_postgres scheduled__2025-03-10T00:00:00+00:00 [running]> on host bc96ca91d307
[2025-07-07T15:11:18.649+0000] {taskinstance.py:2648} INFO - Exporting env vars: AIRFLOW_CTX_DAG_OWNER='***' AIRFLOW_CTX_DAG_ID='fin_cotacoes_bcb_classic' AIRFLOW_CTX_TASK_ID='create_table_postgres' AIRFLOW_CTX_EXECUTION_DATE='2025-03-10T00:00:00+00:00' AIRFLOW_CTX_TRY_NUMBER='1' AIRFLOW_CTX_DAG_RUN_ID='scheduled__2025-03-10T00:00:00+00:00'
[2025-07-07T15:11:18.656+0000] {taskinstance.py:430} INFO - ::endgroup::
[2025-07-07T15:11:18.656+0000] {sql.py:276} INFO - Executing: 
CREATE TABLE IF NOT EXISTS cotacoes (
    dt_fechamento DATE,
    cod_moeda TEXT,
    tipo_moeda TEXT,
    desc_moeda TEXT,
    taxa_compra REAL,
    taxa_venda REAL,
    paridade_compra REAL,
    paridade_venda REAL,
    data_processamento TIMESTAMP,
    CONSTRAINT table_pk PRIMARY KEY (dt_fechamento, cod_moeda)
);
[2025-07-07T15:11:18.685+0000] {base.py:84} INFO - Using connection ID '***-postgres' for task execution.
[2025-07-07T15:11:18.704+0000] {base.py:84} INFO - Using connection ID '***-postgres' for task execution.
[2025-07-07T15:11:18.715+0000] {sql.py:487} INFO - Running statement: 
CREATE TABLE IF NOT EXISTS cotacoes (
    dt_fechamento DATE,
    cod_moeda TEXT,
    tipo_moeda TEXT,
    desc_moeda TEXT,
    taxa_compra REAL,
    taxa_venda REAL,
    paridade_compra REAL,
    paridade_venda REAL,
    data_processamento TIMESTAMP,
    CONSTRAINT table_pk PRIMARY KEY (dt_fechamento, cod_moeda)
);, parameters: None
[2025-07-07T15:11:18.721+0000] {taskinstance.py:441} INFO - ::group::Post task execution logs
[2025-07-07T15:11:18.743+0000] {taskinstance.py:1206} INFO - Marking task as SUCCESS. dag_id=fin_cotacoes_bcb_classic, task_id=create_table_postgres, run_id=scheduled__2025-03-10T00:00:00+00:00, execution_date=20250310T000000, start_date=20250707T151117, end_date=20250707T151118
[2025-07-07T15:11:18.832+0000] {local_task_job_runner.py:240} INFO - Task exited with return code 0
[2025-07-07T15:11:18.888+0000] {taskinstance.py:3503} INFO - 0 downstream tasks scheduled from follow-on schedule check
[2025-07-07T15:11:18.892+0000] {local_task_job_runner.py:222} INFO - ::endgroup::
