[2025-07-06T19:13:10.639+0000] {local_task_job_runner.py:120} INFO - ::group::Pre task execution logs
[2025-07-06T19:13:10.691+0000] {taskinstance.py:2076} INFO - Dependencies all met for dep_context=non-requeueable deps ti=<TaskInstance: fin_cotacoes_bcb_classic.extract scheduled__2024-08-31T00:00:00+00:00 [queued]>
[2025-07-06T19:13:10.702+0000] {taskinstance.py:2076} INFO - Dependencies all met for dep_context=requeueable deps ti=<TaskInstance: fin_cotacoes_bcb_classic.extract scheduled__2024-08-31T00:00:00+00:00 [queued]>
[2025-07-06T19:13:10.702+0000] {taskinstance.py:2306} INFO - Starting attempt 1 of 2
[2025-07-06T19:13:10.909+0000] {taskinstance.py:2330} INFO - Executing <Task(PythonOperator): extract> on 2024-08-31 00:00:00+00:00
[2025-07-06T19:13:10.934+0000] {standard_task_runner.py:90} INFO - Running: ['***', 'tasks', 'run', 'fin_cotacoes_bcb_classic', 'extract', 'scheduled__2024-08-31T00:00:00+00:00', '--job-id', '882', '--raw', '--subdir', 'DAGS_FOLDER/cotacoes.py', '--cfg-path', '/tmp/tmpexh5z_y2']
[2025-07-06T19:13:10.935+0000] {standard_task_runner.py:91} INFO - Job 882: Subtask extract
[2025-07-06T19:13:10.943+0000] {logging_mixin.py:188} WARNING - /home/***/.local/lib/python3.12/site-packages/***/task/task_runner/standard_task_runner.py:61 DeprecationWarning: This process (pid=14193) is multi-threaded, use of fork() may lead to deadlocks in the child.
[2025-07-06T19:13:10.944+0000] {standard_task_runner.py:63} INFO - Started process 14218 to run task
[2025-07-06T19:13:11.073+0000] {task_command.py:426} INFO - Running <TaskInstance: fin_cotacoes_bcb_classic.extract scheduled__2024-08-31T00:00:00+00:00 [running]> on host 20adb53d65c4
[2025-07-06T19:13:11.283+0000] {taskinstance.py:2648} INFO - Exporting env vars: AIRFLOW_CTX_DAG_OWNER='***' AIRFLOW_CTX_DAG_ID='fin_cotacoes_bcb_classic' AIRFLOW_CTX_TASK_ID='extract' AIRFLOW_CTX_EXECUTION_DATE='2024-08-31T00:00:00+00:00' AIRFLOW_CTX_TRY_NUMBER='1' AIRFLOW_CTX_DAG_RUN_ID='scheduled__2024-08-31T00:00:00+00:00'
[2025-07-06T19:13:11.284+0000] {taskinstance.py:430} INFO - ::endgroup::
[2025-07-06T19:13:11.285+0000] {cotacoes.py:37} INFO - Iniciando extração da URL: https://www4.bcb.gov.br/Download/fechamento/20240831.csv
[2025-07-06T19:13:11.561+0000] {cotacoes.py:46} ERROR - Erro ao acessar a URL: 404 Client Error: Not Found for url: https://www4.bcb.gov.br/Download/fechamento/20240831.csv
[2025-07-06T19:13:11.563+0000] {python.py:237} INFO - Done. Returned value was: None
[2025-07-06T19:13:11.577+0000] {taskinstance.py:441} INFO - ::group::Post task execution logs
[2025-07-06T19:13:11.599+0000] {taskinstance.py:1206} INFO - Marking task as SUCCESS. dag_id=fin_cotacoes_bcb_classic, task_id=extract, run_id=scheduled__2024-08-31T00:00:00+00:00, execution_date=20240831T000000, start_date=20250706T191310, end_date=20250706T191311
[2025-07-06T19:13:11.976+0000] {local_task_job_runner.py:240} INFO - Task exited with return code 0
[2025-07-06T19:13:12.022+0000] {logging_mixin.py:188} WARNING - /home/***/.local/lib/python3.12/site-packages/***/models/baseoperator.py:1297 AirflowProviderDeprecationWarning: Call to deprecated class PostgresOperator. (Please use `***.providers.common.sql.operators.sql.SQLExecuteQueryOperator`.Also, you can provide `hook_params={'schema': <database>}`.)
[2025-07-06T19:13:12.083+0000] {taskinstance.py:3503} INFO - 1 downstream tasks scheduled from follow-on schedule check
[2025-07-06T19:13:12.085+0000] {local_task_job_runner.py:222} INFO - ::endgroup::
[2025-07-07T15:07:39.062+0000] {local_task_job_runner.py:120} INFO - ::group::Pre task execution logs
[2025-07-07T15:07:39.157+0000] {taskinstance.py:2076} INFO - Dependencies all met for dep_context=non-requeueable deps ti=<TaskInstance: fin_cotacoes_bcb_classic.extract scheduled__2024-08-31T00:00:00+00:00 [queued]>
[2025-07-07T15:07:39.188+0000] {taskinstance.py:2076} INFO - Dependencies all met for dep_context=requeueable deps ti=<TaskInstance: fin_cotacoes_bcb_classic.extract scheduled__2024-08-31T00:00:00+00:00 [queued]>
[2025-07-07T15:07:39.189+0000] {taskinstance.py:2306} INFO - Starting attempt 1 of 2
[2025-07-07T15:07:39.303+0000] {taskinstance.py:2330} INFO - Executing <Task(PythonOperator): extract> on 2024-08-31 00:00:00+00:00
[2025-07-07T15:07:39.351+0000] {logging_mixin.py:188} WARNING - /home/***/.local/lib/python3.12/site-packages/***/task/task_runner/standard_task_runner.py:61 DeprecationWarning: This process (pid=99221) is multi-threaded, use of fork() may lead to deadlocks in the child.
[2025-07-07T15:07:39.352+0000] {standard_task_runner.py:63} INFO - Started process 99301 to run task
[2025-07-07T15:07:39.346+0000] {standard_task_runner.py:90} INFO - Running: ['***', 'tasks', 'run', 'fin_cotacoes_bcb_classic', 'extract', 'scheduled__2024-08-31T00:00:00+00:00', '--job-id', '3490', '--raw', '--subdir', 'DAGS_FOLDER/cotacoes.py', '--cfg-path', '/tmp/tmps43qxju_']
[2025-07-07T15:07:39.354+0000] {standard_task_runner.py:91} INFO - Job 3490: Subtask extract
[2025-07-07T15:07:39.483+0000] {task_command.py:426} INFO - Running <TaskInstance: fin_cotacoes_bcb_classic.extract scheduled__2024-08-31T00:00:00+00:00 [running]> on host bc96ca91d307
[2025-07-07T15:07:39.735+0000] {taskinstance.py:2648} INFO - Exporting env vars: AIRFLOW_CTX_DAG_OWNER='***' AIRFLOW_CTX_DAG_ID='fin_cotacoes_bcb_classic' AIRFLOW_CTX_TASK_ID='extract' AIRFLOW_CTX_EXECUTION_DATE='2024-08-31T00:00:00+00:00' AIRFLOW_CTX_TRY_NUMBER='1' AIRFLOW_CTX_DAG_RUN_ID='scheduled__2024-08-31T00:00:00+00:00'
[2025-07-07T15:07:39.736+0000] {taskinstance.py:430} INFO - ::endgroup::
[2025-07-07T15:07:39.737+0000] {cotacoes.py:35} INFO - Iniciando extração da URL: https://www4.bcb.gov.br/Download/fechamento/20240831.csv
[2025-07-07T15:07:40.069+0000] {cotacoes.py:46} WARNING - Não foi possível extrair dados da URL (pode ser um dia sem cotação): 404 Client Error: Not Found for url: https://www4.bcb.gov.br/Download/fechamento/20240831.csv
[2025-07-07T15:07:40.070+0000] {python.py:237} INFO - Done. Returned value was: None
[2025-07-07T15:07:40.071+0000] {taskinstance.py:441} INFO - ::group::Post task execution logs
[2025-07-07T15:07:40.097+0000] {taskinstance.py:1206} INFO - Marking task as SUCCESS. dag_id=fin_cotacoes_bcb_classic, task_id=extract, run_id=scheduled__2024-08-31T00:00:00+00:00, execution_date=20240831T000000, start_date=20250707T150739, end_date=20250707T150740
[2025-07-07T15:07:40.155+0000] {local_task_job_runner.py:240} INFO - Task exited with return code 0
[2025-07-07T15:07:40.182+0000] {local_task_job_runner.py:222} INFO - ::endgroup::
