[2025-07-06T18:02:10.188+0000] {local_task_job_runner.py:120} INFO - ::group::Pre task execution logs
[2025-07-06T18:02:10.257+0000] {taskinstance.py:2076} INFO - Dependencies all met for dep_context=non-requeueable deps ti=<TaskInstance: fin_cotacoes_bcb_classic.extract scheduled__2024-05-11T00:00:00+00:00 [queued]>
[2025-07-06T18:02:10.273+0000] {taskinstance.py:2076} INFO - Dependencies all met for dep_context=requeueable deps ti=<TaskInstance: fin_cotacoes_bcb_classic.extract scheduled__2024-05-11T00:00:00+00:00 [queued]>
[2025-07-06T18:02:10.274+0000] {taskinstance.py:2306} INFO - Starting attempt 1 of 2
[2025-07-06T18:02:10.490+0000] {taskinstance.py:2330} INFO - Executing <Task(PythonOperator): extract> on 2024-05-11 00:00:00+00:00
[2025-07-06T18:02:10.515+0000] {standard_task_runner.py:90} INFO - Running: ['***', 'tasks', 'run', 'fin_cotacoes_bcb_classic', 'extract', 'scheduled__2024-05-11T00:00:00+00:00', '--job-id', '544', '--raw', '--subdir', 'DAGS_FOLDER/cotacoes.py', '--cfg-path', '/tmp/tmpsakvzgic']
[2025-07-06T18:02:10.530+0000] {standard_task_runner.py:91} INFO - Job 544: Subtask extract
[2025-07-06T18:02:10.530+0000] {logging_mixin.py:188} WARNING - /home/***/.local/lib/python3.12/site-packages/***/task/task_runner/standard_task_runner.py:61 DeprecationWarning: This process (pid=2377) is multi-threaded, use of fork() may lead to deadlocks in the child.
[2025-07-06T18:02:10.531+0000] {standard_task_runner.py:63} INFO - Started process 2400 to run task
[2025-07-06T18:02:10.654+0000] {task_command.py:426} INFO - Running <TaskInstance: fin_cotacoes_bcb_classic.extract scheduled__2024-05-11T00:00:00+00:00 [running]> on host 20adb53d65c4
[2025-07-06T18:02:10.830+0000] {taskinstance.py:2648} INFO - Exporting env vars: AIRFLOW_CTX_DAG_OWNER='***' AIRFLOW_CTX_DAG_ID='fin_cotacoes_bcb_classic' AIRFLOW_CTX_TASK_ID='extract' AIRFLOW_CTX_EXECUTION_DATE='2024-05-11T00:00:00+00:00' AIRFLOW_CTX_TRY_NUMBER='1' AIRFLOW_CTX_DAG_RUN_ID='scheduled__2024-05-11T00:00:00+00:00'
[2025-07-06T18:02:10.831+0000] {taskinstance.py:430} INFO - ::endgroup::
[2025-07-06T18:02:10.832+0000] {cotacoes.py:37} INFO - Iniciando extração da URL: https://www4.bcb.gov.br/Download/fechamento/20240511.csv
[2025-07-06T18:02:11.116+0000] {cotacoes.py:46} ERROR - Erro ao acessar a URL: 404 Client Error: Not Found for url: https://www4.bcb.gov.br/Download/fechamento/20240511.csv
[2025-07-06T18:02:11.127+0000] {python.py:237} INFO - Done. Returned value was: None
[2025-07-06T18:02:11.128+0000] {taskinstance.py:441} INFO - ::group::Post task execution logs
[2025-07-06T18:02:11.162+0000] {taskinstance.py:1206} INFO - Marking task as SUCCESS. dag_id=fin_cotacoes_bcb_classic, task_id=extract, run_id=scheduled__2024-05-11T00:00:00+00:00, execution_date=20240511T000000, start_date=20250706T180210, end_date=20250706T180211
[2025-07-06T18:02:11.509+0000] {local_task_job_runner.py:240} INFO - Task exited with return code 0
[2025-07-06T18:02:11.537+0000] {logging_mixin.py:188} WARNING - /home/***/.local/lib/python3.12/site-packages/***/models/baseoperator.py:1297 AirflowProviderDeprecationWarning: Call to deprecated class PostgresOperator. (Please use `***.providers.common.sql.operators.sql.SQLExecuteQueryOperator`.Also, you can provide `hook_params={'schema': <database>}`.)
[2025-07-06T18:02:11.585+0000] {taskinstance.py:3503} INFO - 1 downstream tasks scheduled from follow-on schedule check
[2025-07-06T18:02:11.589+0000] {local_task_job_runner.py:222} INFO - ::endgroup::
[2025-07-07T15:05:24.129+0000] {local_task_job_runner.py:120} INFO - ::group::Pre task execution logs
[2025-07-07T15:05:24.278+0000] {taskinstance.py:2076} INFO - Dependencies all met for dep_context=non-requeueable deps ti=<TaskInstance: fin_cotacoes_bcb_classic.extract scheduled__2024-05-11T00:00:00+00:00 [queued]>
[2025-07-07T15:05:24.304+0000] {taskinstance.py:2076} INFO - Dependencies all met for dep_context=requeueable deps ti=<TaskInstance: fin_cotacoes_bcb_classic.extract scheduled__2024-05-11T00:00:00+00:00 [queued]>
[2025-07-07T15:05:24.304+0000] {taskinstance.py:2306} INFO - Starting attempt 1 of 2
[2025-07-07T15:05:24.341+0000] {taskinstance.py:2330} INFO - Executing <Task(PythonOperator): extract> on 2024-05-11 00:00:00+00:00
[2025-07-07T15:05:24.362+0000] {standard_task_runner.py:90} INFO - Running: ['***', 'tasks', 'run', 'fin_cotacoes_bcb_classic', 'extract', 'scheduled__2024-05-11T00:00:00+00:00', '--job-id', '3157', '--raw', '--subdir', 'DAGS_FOLDER/cotacoes.py', '--cfg-path', '/tmp/tmp699o6a15']
[2025-07-07T15:05:24.362+0000] {logging_mixin.py:188} WARNING - /home/***/.local/lib/python3.12/site-packages/***/task/task_runner/standard_task_runner.py:61 DeprecationWarning: This process (pid=97070) is multi-threaded, use of fork() may lead to deadlocks in the child.
[2025-07-07T15:05:24.363+0000] {standard_task_runner.py:91} INFO - Job 3157: Subtask extract
[2025-07-07T15:05:24.363+0000] {standard_task_runner.py:63} INFO - Started process 97128 to run task
[2025-07-07T15:05:24.477+0000] {task_command.py:426} INFO - Running <TaskInstance: fin_cotacoes_bcb_classic.extract scheduled__2024-05-11T00:00:00+00:00 [running]> on host bc96ca91d307
[2025-07-07T15:05:24.792+0000] {taskinstance.py:2648} INFO - Exporting env vars: AIRFLOW_CTX_DAG_OWNER='***' AIRFLOW_CTX_DAG_ID='fin_cotacoes_bcb_classic' AIRFLOW_CTX_TASK_ID='extract' AIRFLOW_CTX_EXECUTION_DATE='2024-05-11T00:00:00+00:00' AIRFLOW_CTX_TRY_NUMBER='1' AIRFLOW_CTX_DAG_RUN_ID='scheduled__2024-05-11T00:00:00+00:00'
[2025-07-07T15:05:24.794+0000] {taskinstance.py:430} INFO - ::endgroup::
[2025-07-07T15:05:24.794+0000] {cotacoes.py:35} INFO - Iniciando extração da URL: https://www4.bcb.gov.br/Download/fechamento/20240511.csv
[2025-07-07T15:05:25.106+0000] {cotacoes.py:46} WARNING - Não foi possível extrair dados da URL (pode ser um dia sem cotação): 404 Client Error: Not Found for url: https://www4.bcb.gov.br/Download/fechamento/20240511.csv
[2025-07-07T15:05:25.108+0000] {python.py:237} INFO - Done. Returned value was: None
[2025-07-07T15:05:25.122+0000] {taskinstance.py:441} INFO - ::group::Post task execution logs
[2025-07-07T15:05:25.150+0000] {taskinstance.py:1206} INFO - Marking task as SUCCESS. dag_id=fin_cotacoes_bcb_classic, task_id=extract, run_id=scheduled__2024-05-11T00:00:00+00:00, execution_date=20240511T000000, start_date=20250707T150524, end_date=20250707T150525
[2025-07-07T15:05:25.232+0000] {local_task_job_runner.py:240} INFO - Task exited with return code 0
[2025-07-07T15:05:25.318+0000] {taskinstance.py:3503} INFO - 1 downstream tasks scheduled from follow-on schedule check
[2025-07-07T15:05:25.326+0000] {local_task_job_runner.py:222} INFO - ::endgroup::
