[2025-07-06T19:50:14.185+0000] {local_task_job_runner.py:120} INFO - ::group::Pre task execution logs
[2025-07-06T19:50:14.294+0000] {taskinstance.py:2076} INFO - Dependencies all met for dep_context=non-requeueable deps ti=<TaskInstance: fin_cotacoes_bcb_classic.extract scheduled__2025-04-15T00:00:00+00:00 [queued]>
[2025-07-06T19:50:14.319+0000] {taskinstance.py:2076} INFO - Dependencies all met for dep_context=requeueable deps ti=<TaskInstance: fin_cotacoes_bcb_classic.extract scheduled__2025-04-15T00:00:00+00:00 [queued]>
[2025-07-06T19:50:14.319+0000] {taskinstance.py:2306} INFO - Starting attempt 1 of 2
[2025-07-06T19:50:14.350+0000] {taskinstance.py:2330} INFO - Executing <Task(PythonOperator): extract> on 2025-04-15 00:00:00+00:00
[2025-07-06T19:50:14.385+0000] {logging_mixin.py:188} WARNING - /home/***/.local/lib/python3.12/site-packages/***/task/task_runner/standard_task_runner.py:61 DeprecationWarning: This process (pid=11182) is multi-threaded, use of fork() may lead to deadlocks in the child.
[2025-07-06T19:50:14.386+0000] {standard_task_runner.py:63} INFO - Started process 11246 to run task
[2025-07-06T19:50:14.378+0000] {standard_task_runner.py:90} INFO - Running: ['***', 'tasks', 'run', 'fin_cotacoes_bcb_classic', 'extract', 'scheduled__2025-04-15T00:00:00+00:00', '--job-id', '1225', '--raw', '--subdir', 'DAGS_FOLDER/cotacoes.py', '--cfg-path', '/tmp/tmpee2f2_o9']
[2025-07-06T19:50:14.391+0000] {standard_task_runner.py:91} INFO - Job 1225: Subtask extract
[2025-07-06T19:50:14.643+0000] {task_command.py:426} INFO - Running <TaskInstance: fin_cotacoes_bcb_classic.extract scheduled__2025-04-15T00:00:00+00:00 [running]> on host 20adb53d65c4
[2025-07-06T19:50:14.870+0000] {taskinstance.py:2648} INFO - Exporting env vars: AIRFLOW_CTX_DAG_OWNER='***' AIRFLOW_CTX_DAG_ID='fin_cotacoes_bcb_classic' AIRFLOW_CTX_TASK_ID='extract' AIRFLOW_CTX_EXECUTION_DATE='2025-04-15T00:00:00+00:00' AIRFLOW_CTX_TRY_NUMBER='1' AIRFLOW_CTX_DAG_RUN_ID='scheduled__2025-04-15T00:00:00+00:00'
[2025-07-06T19:50:14.871+0000] {taskinstance.py:430} INFO - ::endgroup::
[2025-07-06T19:50:14.872+0000] {cotacoes.py:37} INFO - Iniciando extração da URL: https://www4.bcb.gov.br/Download/fechamento/20250415.csv
[2025-07-06T19:50:15.377+0000] {cotacoes.py:43} INFO - Extração concluída com sucesso.
[2025-07-06T19:50:15.390+0000] {python.py:237} INFO - Done. Returned value was: 15/04/2025;005;A;AFN;0,08081000;0,08104000;72,44000000;72,64000000
15/04/2025;009;A;ETB;0,04330000;0,04497000;130,55330000;135,55330000
15/04/2025;015;A;THB;0,17480000;0,17490000;33,56000000;33,58000000
15/04/2025;020;A;PAB;5,87010000;5,87070000;1,00000000;1,00000000
15/04/2025;027;A;VES;0,07469000;0,07489000;78,39490000;78,59140000
15/04/2025;030;A;BOB;0,83740000;0,85580000;6,86000000;7,01000000
15/04/2025;035;A;GHS;0,37790000;0,38030000;15,43500000;15,53500000
15/04/2025;040;A;CRC;0,01154000;0,01169000;502,36000000;508,51000000
15/04/2025;045;A;SVC;0,67010000;0,67100000;8,74950000;8,75950000
15/04/2025;051;A;NIO;0,15870000;0,16040000;36,60000000;37,00000000
15/04/2025;055;A;DKK;0,88780000;0,88800000;6,61150000;6,61200000
15/04/2025;060;A;ISK;0,04556000;0,04566000;128,57000000;128,84000000
15/04/2025;065;A;NOK;0,55240000;0,55290000;10,61740000;10,62720000
15/04/2025;070;A;SEK;0,59520000;0,59550000;9,85830000;9,86220000
15/04/2025;075;A;CZK;0,26430000;0,26450000;22,19700000;22,21000000
15/04/2025;090;A;GMD;0,08041000;0,08114000;72,35000000;73,00000000
15/04/2025;095;A;DZD;0,04390000;0,04441000;132,19460000;133,71720000
15/04/2025;100;A;KWD;19,11460000;19,15400000;0,30650000;0,30710000
15/04/2025;105;A;BHD;15,56640000;15,58040000;0,37680000;0,37710000
15/04/2025;115;A;IQD;0,00447800;0,00448500;1309,00000000;1311,00000000
15/04/2025;125;A;JOD;8,26770000;8,29190000;0,70800000;0,71000000
15/04/2025;130;A;LYD;1,06900000;1,07460000;5,46340000;5,49110000
15/04/2025;132;A;MKD;0,10730000;0,10820000;54,24000000;54,73000000
15/04/2025;133;A;RSD;0,05651000;0,05656000;103,80000000;103,88000000
15/04/2025;134;A;SDG;0,00974900;0,00980400;598,80020000;602,14120000
15/04/2025;135;A;TND;1,94880000;1,94990000;3,01070000;3,01220000
15/04/2025;136;A;SSP;0,00129900;0,00132800;4420,00000000;4520,00000000
15/04/2025;138;B;SDR;7,94520000;7,94600000;1,35350000;1,35350000
15/04/2025;139;A;MAD;0,63030000;0,63070000;9,30800000;9,31300000
15/04/2025;145;A;AED;1,59810000;1,59840000;3,67290000;3,67320000
15/04/2025;149;A;STN;0,26500000;0,27050000;21,70630000;22,15130000
15/04/2025;150;B;AUD;3,73040000;3,73380000;0,63550000;0,63600000
15/04/2025;155;A;BSD;5,87010000;5,87070000;1,00000000;1,00000000
15/04/2025;160;A;BMD;5,87010000;5,87070000;1,00000000;1,00000000
15/04/2025;165;A;CAD;4,20890000;4,21020000;1,39440000;1,39470000
15/04/2025;170;A;GYD;0,02789000;0,02823000;207,98000000;210,45000000
15/04/2025;173;A;NAD;0,30890000;0,30920000;18,98800000;19,00200000
15/04/2025;175;A;BBD;2,87740000;2,93810000;1,99810000;2,04010000
15/04/2025;180;A;BZD;2,91000000;2,93510000;2,00020000;2,01720000
15/04/2025;185;A;BND;4,45040000;4,45390000;1,31810000;1,31900000
15/04/2025;190;A;KYD;7,03010000;7,09450000;0,82750000;0,83500000
15/04/2025;195;A;SGD;4,45040000;4,45390000;1,31810000;1,31900000
15/04/2025;197;B;CLF;236,56500000;236,58920000;40,30000000;40,30000000
15/04/2025;200;B;FJD;2,53590000;2,58370000;0,43200000;0,44010000
15/04/2025;205;A;HKD;0,75670000;0,75680000;7,75770000;7,75790000
15/04/2025;210;A;TTD;0,86000000;0,86890000;6,75670000;6,82600000
15/04/2025;215;A;XCD;2,15810000;2,18240000;2,69000000;2,72000000
15/04/2025;220;A;USD;5,87010000;5,87070000;1,00000000;1,00000000
15/04/2025;230;A;JMD;0,03694000;0,03737000;157,11000000;158,91000000
15/04/2025;235;A;LRD;0,02906000;0,02965000;198,00000000;202,00000000
15/04/2025;245;B;NZD;3,47160000;3,47430000;0,59140000;0,59180000
15/04/2025;250;B;SBD;0,67920000;0,72620000;0,11570000;0,12370000
15/04/2025;255;A;SRD;0,15870000;0,16220000;36,20000000;37,00000000
15/04/2025;260;A;VND;0,00022710;0,00022760;25790,00000000;25850,00000000
15/04/2025;275;A;AMD;0,01499000;0,01507000;389,68000000;391,68000000
15/04/2025;295;A;CVE;0,05955000;0,06011000;97,67000000;98,58000000
15/04/2025;325;A;ANG;3,22530000;3,28980000;1,78450000;1,82000000
15/04/2025;326;A;XCG;3,22530000;3,28980000;1,78450000;1,82000000
15/04/2025;328;A;AWG;3,19030000;3,29810000;1,78000000;1,84000000
15/04/2025;345;A;HUF;0,01623000;0,01624000;361,42000000;361,65000000
15/04/2025;363;A;CDF;0,00199000;0,00205200;2861,00000000;2950,00000000
15/04/2025;365;A;BIF;0,00194700;0,00200300;2931,05000000;3015,00000000
15/04/2025;368;A;KMF;0,01345000;0,01351000;434,50000000;436,50000000
15/04/2025;370;A;XAF;0,00984500;0,01011000;580,96000000;596,27000000
15/04/2025;372;A;XOF;0,01008000;0,01021000;575,25000000;582,25000000
15/04/2025;380;A;XPF;0,05520000;0,05569000;105,41000000;106,34000000
15/04/2025;390;A;DJF;0,03288000;0,03306000;177,60000000;178,55000000
15/04/2025;398;A;GNF;0,00067470;0,00068180;8611,00000000;8700,00000000
15/04/2025;406;A;MGA;0,00127200;0,00128900;4552,90000000;4614,90000000
15/04/2025;420;A;RWF;0,00413700;0,00418700;1402,00000000;1419,00000000
15/04/2025;425;A;CHF;7,14820000;7,15420000;0,82060000;0,82120000
15/04/2025;440;A;HTG;0,04482000;0,04512000;130,10280000;130,97690000
15/04/2025;450;A;PYG;0,00073340;0,00073410;7997,00000000;8004,28000000
15/04/2025;460;A;UAH;0,14250000;0,14260000;41,16000000;41,20000000
15/04/2025;470;A;JPY;0,04101000;0,04103000;143,09000000;143,14000000
15/04/2025;482;A;GEL;2,11150000;2,15830000;2,72000000;2,78000000
15/04/2025;490;A;ALL;0,06633000;0,06688000;87,78000000;88,50000000
15/04/2025;495;A;HNL;0,22400000;0,22890000;25,64880000;26,20000000
15/04/2025;500;A;SLL;0,00025620;0,00025880;22683,00000000;22908,00000000
15/04/2025;503;A;MDL;0,34170000;0,34370000;17,08000000;17,18000000
15/04/2025;506;A;RON;1,33100000;1,33180000;4,40810000;4,41020000
15/04/2025;510;A;BGN;3,38800000;3,38900000;1,73230000;1,73260000
15/04/2025;530;B;GIP;7,74560000;7,75230000;1,31950000;1,32050000
15/04/2025;535;A;EGP;0,11500000;0,11530000;50,93000000;51,03000000
15/04/2025;540;B;GBP;7,75910000;7,76280000;1,32180000;1,32230000
15/04/2025;545;B;FKP;7,74560000;7,75230000;1,31950000;1,32050000
15/04/2025;560;A;LBP;0,00006540;0,00006560;89500,00000000;89700,00000000
15/04/2025;570;B;SHP;7,75790000;7,76050000;1,32160000;1,32190000
15/04/2025;575;A;SYP;0,00045120;0,00045160;13000,00000000;13010,00000000
15/04/2025;585;A;SZL;0,30890000;0,30900000;19,00000000;19,00300000
15/04/2025;603;A;LSL;0,30890000;0,30900000;19,00000000;19,00300000
15/04/2025;608;A;TMT;1,67500000;1,68000000;3,49450000;3,50450000
15/04/2025;622;A;MZN;0,09095000;0,09279000;63,27000000;64,54000000
15/04/2025;625;A;ERN;0,38750000;0,39140000;15,00000000;15,15000000
15/04/2025;630;A;NGN;0,00365000;0,00367000;1599,79000000;1608,47000000
15/04/2025;635;A;AOA;0,00631000;0,00643700;912,00000000;930,24000000
15/04/2025;640;A;TWD;0,18060000;0,18080000;32,47100000;32,50100000
15/04/2025;642;A;TRY;0,15410000;0,15410000;38,09130000;38,10340000
15/04/2025;660;A;PEN;1,56540000;1,56970000;3,74000000;3,75000000
15/04/2025;665;A;BTN;0,06843000;0,06853000;85,66800000;85,77700000
15/04/2025;670;A;MRO;0,01635000;0,01649000;356,00000000;359,00000000
15/04/2025;671;A;MRU;0,14810000;0,14860000;39,52000000;39,64000000
15/04/2025;680;B;TOP;2,37620000;2,52320000;0,40480000;0,42980000
15/04/2025;685;A;MOP;0,73360000;0,73480000;7,99000000;8,00200000
15/04/2025;706;A;ARS;0,00488800;0,00490000;1198,00000000;1201,00000000
15/04/2025;715;A;CLP;0,00606900;0,00607200;966,90000000;967,20000000
15/04/2025;720;A;COP;0,00134800;0,00135000;4348,69000000;4353,37000000
15/04/2025;721;B;COU;0,51250000;0,51250000;0,08730000;0,08730000
15/04/2025;725;A;CUP;0,24460000;0,24460000;24,00000000;24,00000000
15/04/2025;730;A;DOP;0,09687000;0,09749000;60,22000000;60,60000000
15/04/2025;735;A;PHP;0,10350000;0,10350000;56,70600000;56,73300000
15/04/2025;741;A;MXN;0,29370000;0,29390000;19,97800000;19,98400000
15/04/2025;745;A;UYU;0,13850000;0,13860000;42,35000000;42,38000000
15/04/2025;755;B;BWP;0,42260000;0,42620000;0,07200000;0,07260000
15/04/2025;760;A;MWK;0,00335400;0,00341900;1717,02000000;1750,32000000
15/04/2025;766;A;ZMW;0,20680000;0,20720000;28,33500000;28,38500000
15/04/2025;770;A;GTQ;0,76090000;0,76290000;7,69500000;7,71500000
15/04/2025;775;A;MMK;0,00278700;0,00280400;2093,70000000;2106,30000000
15/04/2025;778;B;PGK;1,39590000;1,49000000;0,23780000;0,25380000
15/04/2025;780;A;LAK;0,00026960;0,00027250;21542,00000000;21772,00000000
15/04/2025;785;A;ZAR;0,30870000;0,30920000;18,98420000;19,01420000
15/04/2025;795;A;CNY;0,80240000;0,80260000;7,31500000;7,31600000
15/04/2025;796;A;CNH;0,80120000;0,80140000;7,32600000;7,32660000
15/04/2025;800;A;QAR;1,60820000;1,61260000;3,64060000;3,65020000
15/04/2025;805;A;OMR;15,24310000;15,25250000;0,38490000;0,38510000
15/04/2025;810;A;YER;0,02391000;0,02396000;245,02000000;245,52000000
15/04/2025;815;A;IRR;0,00013970;0,00013980;42000,00000000;42005,00000000
15/04/2025;820;A;SAR;1,56430000;1,56460000;3,75230000;3,75250000
15/04/2025;825;A;KHR;0,00146200;0,00147000;3995,00000000;4015,00000000
15/04/2025;828;A;MYR;1,32960000;1,33120000;4,41000000;4,41500000
15/04/2025;830;A;RUB;0,07111000;0,07112000;82,54550000;82,55450000
15/04/2025;831;A;BYN;1,79020000;1,79750000;3,26610000;3,27910000
15/04/2025;835;A;TJS;0,53900000;0,54360000;10,80000000;10,89000000
15/04/2025;840;A;MUR;0,12970000;0,13060000;44,95000000;45,25000000
15/04/2025;845;A;NPR;0,04277000;0,04278000;137,24000000;137,25000000
15/04/2025;850;A;SCR;0,41000000;0,41010000;14,31520000;14,31560000
15/04/2025;855;A;LKR;0,01968000;0,01971000;297,90000000;298,30000000
15/04/2025;860;A;INR;0,06847000;0,06852000;85,68100000;85,73600000
15/04/2025;865;A;IDR;0,00034900;0,00034920;16810,00000000;16820,00000000
15/04/2025;870;A;MVR;0,37870000;0,38070000;15,42000000;15,50000000
15/04/2025;875;A;PKR;0,02092000;0,02093000;280,55000000;280,60000000
15/04/2025;880;A;ILS;1,59410000;1,59590000;3,67870000;3,68250000
15/04/2025;892;A;KGS;0,06708000;0,06713000;87,45000000;87,50430000
15/04/2025;893;A;UZS;0,00045200;0,00045240;12975,89000000;12985,89000000
15/04/2025;905;A;BDT;0,04812000;0,04852000;121,00000000;122,00000000
15/04/2025;912;B;WST;2,04980000;2,14990000;0,34920000;0,36620000
15/04/2025;913;A;KZT;0,01132000;0,01133000;517,95000000;518,50000000
15/04/2025;915;A;MNT;0,00165500;0,00165800;3541,00000000;3547,00000000
15/04/2025;920;A;VUV;0,04698000;0,04898000;119,85000000;124,95000000
15/04/2025;930;A;KRW;0,00411100;0,00411500;1426,55000000;1428,00000000
15/04/2025;946;A;TZS;0,00217400;0,00223200;2630,00000000;2700,00000000
15/04/2025;950;A;KES;0,04517000;0,04535000;129,45000000;129,95000000
15/04/2025;955;A;UGX;0,00159900;0,00160400;3661,00000000;3671,00000000
15/04/2025;960;A;SOS;0,01021000;0,01034000;568,00000000;575,00000000
15/04/2025;975;A;PLN;1,54390000;1,54480000;3,80040000;3,80210000
15/04/2025;978;B;EUR;6,62620000;6,62800000;1,12880000;1,12900000
15/04/2025;998;A;XAU;607,92250000;607,98470000;0,00965600;0,00965600

[2025-07-06T19:50:15.391+0000] {taskinstance.py:441} INFO - ::group::Post task execution logs
[2025-07-06T19:50:15.461+0000] {taskinstance.py:1206} INFO - Marking task as SUCCESS. dag_id=fin_cotacoes_bcb_classic, task_id=extract, run_id=scheduled__2025-04-15T00:00:00+00:00, execution_date=20250415T000000, start_date=20250706T195014, end_date=20250706T195015
[2025-07-06T19:50:15.517+0000] {local_task_job_runner.py:240} INFO - Task exited with return code 0
[2025-07-06T19:50:15.554+0000] {logging_mixin.py:188} WARNING - /home/***/.local/lib/python3.12/site-packages/***/models/baseoperator.py:1297 AirflowProviderDeprecationWarning: Call to deprecated class PostgresOperator. (Please use `***.providers.common.sql.operators.sql.SQLExecuteQueryOperator`.Also, you can provide `hook_params={'schema': <database>}`.)
[2025-07-06T19:50:15.695+0000] {taskinstance.py:3503} INFO - 1 downstream tasks scheduled from follow-on schedule check
[2025-07-06T19:50:15.698+0000] {local_task_job_runner.py:222} INFO - ::endgroup::
[2025-07-07T14:34:40.461+0000] {local_task_job_runner.py:120} INFO - ::group::Pre task execution logs
[2025-07-07T14:34:40.571+0000] {taskinstance.py:2076} INFO - Dependencies all met for dep_context=non-requeueable deps ti=<TaskInstance: fin_cotacoes_bcb_classic.extract scheduled__2025-04-15T00:00:00+00:00 [queued]>
[2025-07-07T14:34:40.629+0000] {taskinstance.py:2076} INFO - Dependencies all met for dep_context=requeueable deps ti=<TaskInstance: fin_cotacoes_bcb_classic.extract scheduled__2025-04-15T00:00:00+00:00 [queued]>
[2025-07-07T14:34:40.629+0000] {taskinstance.py:2306} INFO - Starting attempt 1 of 2
[2025-07-07T14:34:40.666+0000] {taskinstance.py:2330} INFO - Executing <Task(PythonOperator): extract> on 2025-04-15 00:00:00+00:00
[2025-07-07T14:34:40.689+0000] {logging_mixin.py:188} WARNING - /home/***/.local/lib/python3.12/site-packages/***/task/task_runner/standard_task_runner.py:61 DeprecationWarning: This process (pid=78826) is multi-threaded, use of fork() may lead to deadlocks in the child.
[2025-07-07T14:34:40.690+0000] {standard_task_runner.py:63} INFO - Started process 78956 to run task
[2025-07-07T14:34:40.690+0000] {standard_task_runner.py:90} INFO - Running: ['***', 'tasks', 'run', 'fin_cotacoes_bcb_classic', 'extract', 'scheduled__2025-04-15T00:00:00+00:00', '--job-id', '2486', '--raw', '--subdir', 'DAGS_FOLDER/cotacoes.py', '--cfg-path', '/tmp/tmpz4agfncp']
[2025-07-07T14:34:40.691+0000] {standard_task_runner.py:91} INFO - Job 2486: Subtask extract
[2025-07-07T14:34:40.821+0000] {task_command.py:426} INFO - Running <TaskInstance: fin_cotacoes_bcb_classic.extract scheduled__2025-04-15T00:00:00+00:00 [running]> on host bc96ca91d307
[2025-07-07T14:34:41.112+0000] {taskinstance.py:2648} INFO - Exporting env vars: AIRFLOW_CTX_DAG_OWNER='***' AIRFLOW_CTX_DAG_ID='fin_cotacoes_bcb_classic' AIRFLOW_CTX_TASK_ID='extract' AIRFLOW_CTX_EXECUTION_DATE='2025-04-15T00:00:00+00:00' AIRFLOW_CTX_TRY_NUMBER='1' AIRFLOW_CTX_DAG_RUN_ID='scheduled__2025-04-15T00:00:00+00:00'
[2025-07-07T14:34:41.113+0000] {taskinstance.py:430} INFO - ::endgroup::
[2025-07-07T14:34:41.116+0000] {cotacoes.py:35} INFO - Iniciando extração da URL: https://www4.bcb.gov.br/Download/fechamento/20250415.csv
[2025-07-07T14:34:41.370+0000] {cotacoes.py:41} INFO - Extração concluída com sucesso.
[2025-07-07T14:34:41.375+0000] {python.py:237} INFO - Done. Returned value was: 15/04/2025;005;A;AFN;0,08081000;0,08104000;72,44000000;72,64000000
15/04/2025;009;A;ETB;0,04330000;0,04497000;130,55330000;135,55330000
15/04/2025;015;A;THB;0,17480000;0,17490000;33,56000000;33,58000000
15/04/2025;020;A;PAB;5,87010000;5,87070000;1,00000000;1,00000000
15/04/2025;027;A;VES;0,07469000;0,07489000;78,39490000;78,59140000
15/04/2025;030;A;BOB;0,83740000;0,85580000;6,86000000;7,01000000
15/04/2025;035;A;GHS;0,37790000;0,38030000;15,43500000;15,53500000
15/04/2025;040;A;CRC;0,01154000;0,01169000;502,36000000;508,51000000
15/04/2025;045;A;SVC;0,67010000;0,67100000;8,74950000;8,75950000
15/04/2025;051;A;NIO;0,15870000;0,16040000;36,60000000;37,00000000
15/04/2025;055;A;DKK;0,88780000;0,88800000;6,61150000;6,61200000
15/04/2025;060;A;ISK;0,04556000;0,04566000;128,57000000;128,84000000
15/04/2025;065;A;NOK;0,55240000;0,55290000;10,61740000;10,62720000
15/04/2025;070;A;SEK;0,59520000;0,59550000;9,85830000;9,86220000
15/04/2025;075;A;CZK;0,26430000;0,26450000;22,19700000;22,21000000
15/04/2025;090;A;GMD;0,08041000;0,08114000;72,35000000;73,00000000
15/04/2025;095;A;DZD;0,04390000;0,04441000;132,19460000;133,71720000
15/04/2025;100;A;KWD;19,11460000;19,15400000;0,30650000;0,30710000
15/04/2025;105;A;BHD;15,56640000;15,58040000;0,37680000;0,37710000
15/04/2025;115;A;IQD;0,00447800;0,00448500;1309,00000000;1311,00000000
15/04/2025;125;A;JOD;8,26770000;8,29190000;0,70800000;0,71000000
15/04/2025;130;A;LYD;1,06900000;1,07460000;5,46340000;5,49110000
15/04/2025;132;A;MKD;0,10730000;0,10820000;54,24000000;54,73000000
15/04/2025;133;A;RSD;0,05651000;0,05656000;103,80000000;103,88000000
15/04/2025;134;A;SDG;0,00974900;0,00980400;598,80020000;602,14120000
15/04/2025;135;A;TND;1,94880000;1,94990000;3,01070000;3,01220000
15/04/2025;136;A;SSP;0,00129900;0,00132800;4420,00000000;4520,00000000
15/04/2025;138;B;SDR;7,94520000;7,94600000;1,35350000;1,35350000
15/04/2025;139;A;MAD;0,63030000;0,63070000;9,30800000;9,31300000
15/04/2025;145;A;AED;1,59810000;1,59840000;3,67290000;3,67320000
15/04/2025;149;A;STN;0,26500000;0,27050000;21,70630000;22,15130000
15/04/2025;150;B;AUD;3,73040000;3,73380000;0,63550000;0,63600000
15/04/2025;155;A;BSD;5,87010000;5,87070000;1,00000000;1,00000000
15/04/2025;160;A;BMD;5,87010000;5,87070000;1,00000000;1,00000000
15/04/2025;165;A;CAD;4,20890000;4,21020000;1,39440000;1,39470000
15/04/2025;170;A;GYD;0,02789000;0,02823000;207,98000000;210,45000000
15/04/2025;173;A;NAD;0,30890000;0,30920000;18,98800000;19,00200000
15/04/2025;175;A;BBD;2,87740000;2,93810000;1,99810000;2,04010000
15/04/2025;180;A;BZD;2,91000000;2,93510000;2,00020000;2,01720000
15/04/2025;185;A;BND;4,45040000;4,45390000;1,31810000;1,31900000
15/04/2025;190;A;KYD;7,03010000;7,09450000;0,82750000;0,83500000
15/04/2025;195;A;SGD;4,45040000;4,45390000;1,31810000;1,31900000
15/04/2025;197;B;CLF;236,56500000;236,58920000;40,30000000;40,30000000
15/04/2025;200;B;FJD;2,53590000;2,58370000;0,43200000;0,44010000
15/04/2025;205;A;HKD;0,75670000;0,75680000;7,75770000;7,75790000
15/04/2025;210;A;TTD;0,86000000;0,86890000;6,75670000;6,82600000
15/04/2025;215;A;XCD;2,15810000;2,18240000;2,69000000;2,72000000
15/04/2025;220;A;USD;5,87010000;5,87070000;1,00000000;1,00000000
15/04/2025;230;A;JMD;0,03694000;0,03737000;157,11000000;158,91000000
15/04/2025;235;A;LRD;0,02906000;0,02965000;198,00000000;202,00000000
15/04/2025;245;B;NZD;3,47160000;3,47430000;0,59140000;0,59180000
15/04/2025;250;B;SBD;0,67920000;0,72620000;0,11570000;0,12370000
15/04/2025;255;A;SRD;0,15870000;0,16220000;36,20000000;37,00000000
15/04/2025;260;A;VND;0,00022710;0,00022760;25790,00000000;25850,00000000
15/04/2025;275;A;AMD;0,01499000;0,01507000;389,68000000;391,68000000
15/04/2025;295;A;CVE;0,05955000;0,06011000;97,67000000;98,58000000
15/04/2025;325;A;ANG;3,22530000;3,28980000;1,78450000;1,82000000
15/04/2025;326;A;XCG;3,22530000;3,28980000;1,78450000;1,82000000
15/04/2025;328;A;AWG;3,19030000;3,29810000;1,78000000;1,84000000
15/04/2025;345;A;HUF;0,01623000;0,01624000;361,42000000;361,65000000
15/04/2025;363;A;CDF;0,00199000;0,00205200;2861,00000000;2950,00000000
15/04/2025;365;A;BIF;0,00194700;0,00200300;2931,05000000;3015,00000000
15/04/2025;368;A;KMF;0,01345000;0,01351000;434,50000000;436,50000000
15/04/2025;370;A;XAF;0,00984500;0,01011000;580,96000000;596,27000000
15/04/2025;372;A;XOF;0,01008000;0,01021000;575,25000000;582,25000000
15/04/2025;380;A;XPF;0,05520000;0,05569000;105,41000000;106,34000000
15/04/2025;390;A;DJF;0,03288000;0,03306000;177,60000000;178,55000000
15/04/2025;398;A;GNF;0,00067470;0,00068180;8611,00000000;8700,00000000
15/04/2025;406;A;MGA;0,00127200;0,00128900;4552,90000000;4614,90000000
15/04/2025;420;A;RWF;0,00413700;0,00418700;1402,00000000;1419,00000000
15/04/2025;425;A;CHF;7,14820000;7,15420000;0,82060000;0,82120000
15/04/2025;440;A;HTG;0,04482000;0,04512000;130,10280000;130,97690000
15/04/2025;450;A;PYG;0,00073340;0,00073410;7997,00000000;8004,28000000
15/04/2025;460;A;UAH;0,14250000;0,14260000;41,16000000;41,20000000
15/04/2025;470;A;JPY;0,04101000;0,04103000;143,09000000;143,14000000
15/04/2025;482;A;GEL;2,11150000;2,15830000;2,72000000;2,78000000
15/04/2025;490;A;ALL;0,06633000;0,06688000;87,78000000;88,50000000
15/04/2025;495;A;HNL;0,22400000;0,22890000;25,64880000;26,20000000
15/04/2025;500;A;SLL;0,00025620;0,00025880;22683,00000000;22908,00000000
15/04/2025;503;A;MDL;0,34170000;0,34370000;17,08000000;17,18000000
15/04/2025;506;A;RON;1,33100000;1,33180000;4,40810000;4,41020000
15/04/2025;510;A;BGN;3,38800000;3,38900000;1,73230000;1,73260000
15/04/2025;530;B;GIP;7,74560000;7,75230000;1,31950000;1,32050000
15/04/2025;535;A;EGP;0,11500000;0,11530000;50,93000000;51,03000000
15/04/2025;540;B;GBP;7,75910000;7,76280000;1,32180000;1,32230000
15/04/2025;545;B;FKP;7,74560000;7,75230000;1,31950000;1,32050000
15/04/2025;560;A;LBP;0,00006540;0,00006560;89500,00000000;89700,00000000
15/04/2025;570;B;SHP;7,75790000;7,76050000;1,32160000;1,32190000
15/04/2025;575;A;SYP;0,00045120;0,00045160;13000,00000000;13010,00000000
15/04/2025;585;A;SZL;0,30890000;0,30900000;19,00000000;19,00300000
15/04/2025;603;A;LSL;0,30890000;0,30900000;19,00000000;19,00300000
15/04/2025;608;A;TMT;1,67500000;1,68000000;3,49450000;3,50450000
15/04/2025;622;A;MZN;0,09095000;0,09279000;63,27000000;64,54000000
15/04/2025;625;A;ERN;0,38750000;0,39140000;15,00000000;15,15000000
15/04/2025;630;A;NGN;0,00365000;0,00367000;1599,79000000;1608,47000000
15/04/2025;635;A;AOA;0,00631000;0,00643700;912,00000000;930,24000000
15/04/2025;640;A;TWD;0,18060000;0,18080000;32,47100000;32,50100000
15/04/2025;642;A;TRY;0,15410000;0,15410000;38,09130000;38,10340000
15/04/2025;660;A;PEN;1,56540000;1,56970000;3,74000000;3,75000000
15/04/2025;665;A;BTN;0,06843000;0,06853000;85,66800000;85,77700000
15/04/2025;670;A;MRO;0,01635000;0,01649000;356,00000000;359,00000000
15/04/2025;671;A;MRU;0,14810000;0,14860000;39,52000000;39,64000000
15/04/2025;680;B;TOP;2,37620000;2,52320000;0,40480000;0,42980000
15/04/2025;685;A;MOP;0,73360000;0,73480000;7,99000000;8,00200000
15/04/2025;706;A;ARS;0,00488800;0,00490000;1198,00000000;1201,00000000
15/04/2025;715;A;CLP;0,00606900;0,00607200;966,90000000;967,20000000
15/04/2025;720;A;COP;0,00134800;0,00135000;4348,69000000;4353,37000000
15/04/2025;721;B;COU;0,51250000;0,51250000;0,08730000;0,08730000
15/04/2025;725;A;CUP;0,24460000;0,24460000;24,00000000;24,00000000
15/04/2025;730;A;DOP;0,09687000;0,09749000;60,22000000;60,60000000
15/04/2025;735;A;PHP;0,10350000;0,10350000;56,70600000;56,73300000
15/04/2025;741;A;MXN;0,29370000;0,29390000;19,97800000;19,98400000
15/04/2025;745;A;UYU;0,13850000;0,13860000;42,35000000;42,38000000
15/04/2025;755;B;BWP;0,42260000;0,42620000;0,07200000;0,07260000
15/04/2025;760;A;MWK;0,00335400;0,00341900;1717,02000000;1750,32000000
15/04/2025;766;A;ZMW;0,20680000;0,20720000;28,33500000;28,38500000
15/04/2025;770;A;GTQ;0,76090000;0,76290000;7,69500000;7,71500000
15/04/2025;775;A;MMK;0,00278700;0,00280400;2093,70000000;2106,30000000
15/04/2025;778;B;PGK;1,39590000;1,49000000;0,23780000;0,25380000
15/04/2025;780;A;LAK;0,00026960;0,00027250;21542,00000000;21772,00000000
15/04/2025;785;A;ZAR;0,30870000;0,30920000;18,98420000;19,01420000
15/04/2025;795;A;CNY;0,80240000;0,80260000;7,31500000;7,31600000
15/04/2025;796;A;CNH;0,80120000;0,80140000;7,32600000;7,32660000
15/04/2025;800;A;QAR;1,60820000;1,61260000;3,64060000;3,65020000
15/04/2025;805;A;OMR;15,24310000;15,25250000;0,38490000;0,38510000
15/04/2025;810;A;YER;0,02391000;0,02396000;245,02000000;245,52000000
15/04/2025;815;A;IRR;0,00013970;0,00013980;42000,00000000;42005,00000000
15/04/2025;820;A;SAR;1,56430000;1,56460000;3,75230000;3,75250000
15/04/2025;825;A;KHR;0,00146200;0,00147000;3995,00000000;4015,00000000
15/04/2025;828;A;MYR;1,32960000;1,33120000;4,41000000;4,41500000
15/04/2025;830;A;RUB;0,07111000;0,07112000;82,54550000;82,55450000
15/04/2025;831;A;BYN;1,79020000;1,79750000;3,26610000;3,27910000
15/04/2025;835;A;TJS;0,53900000;0,54360000;10,80000000;10,89000000
15/04/2025;840;A;MUR;0,12970000;0,13060000;44,95000000;45,25000000
15/04/2025;845;A;NPR;0,04277000;0,04278000;137,24000000;137,25000000
15/04/2025;850;A;SCR;0,41000000;0,41010000;14,31520000;14,31560000
15/04/2025;855;A;LKR;0,01968000;0,01971000;297,90000000;298,30000000
15/04/2025;860;A;INR;0,06847000;0,06852000;85,68100000;85,73600000
15/04/2025;865;A;IDR;0,00034900;0,00034920;16810,00000000;16820,00000000
15/04/2025;870;A;MVR;0,37870000;0,38070000;15,42000000;15,50000000
15/04/2025;875;A;PKR;0,02092000;0,02093000;280,55000000;280,60000000
15/04/2025;880;A;ILS;1,59410000;1,59590000;3,67870000;3,68250000
15/04/2025;892;A;KGS;0,06708000;0,06713000;87,45000000;87,50430000
15/04/2025;893;A;UZS;0,00045200;0,00045240;12975,89000000;12985,89000000
15/04/2025;905;A;BDT;0,04812000;0,04852000;121,00000000;122,00000000
15/04/2025;912;B;WST;2,04980000;2,14990000;0,34920000;0,36620000
15/04/2025;913;A;KZT;0,01132000;0,01133000;517,95000000;518,50000000
15/04/2025;915;A;MNT;0,00165500;0,00165800;3541,00000000;3547,00000000
15/04/2025;920;A;VUV;0,04698000;0,04898000;119,85000000;124,95000000
15/04/2025;930;A;KRW;0,00411100;0,00411500;1426,55000000;1428,00000000
15/04/2025;946;A;TZS;0,00217400;0,00223200;2630,00000000;2700,00000000
15/04/2025;950;A;KES;0,04517000;0,04535000;129,45000000;129,95000000
15/04/2025;955;A;UGX;0,00159900;0,00160400;3661,00000000;3671,00000000
15/04/2025;960;A;SOS;0,01021000;0,01034000;568,00000000;575,00000000
15/04/2025;975;A;PLN;1,54390000;1,54480000;3,80040000;3,80210000
15/04/2025;978;B;EUR;6,62620000;6,62800000;1,12880000;1,12900000
15/04/2025;998;A;XAU;607,92250000;607,98470000;0,00965600;0,00965600

[2025-07-07T14:34:41.375+0000] {taskinstance.py:441} INFO - ::group::Post task execution logs
[2025-07-07T14:34:41.429+0000] {taskinstance.py:1206} INFO - Marking task as SUCCESS. dag_id=fin_cotacoes_bcb_classic, task_id=extract, run_id=scheduled__2025-04-15T00:00:00+00:00, execution_date=20250415T000000, start_date=20250707T143440, end_date=20250707T143441
[2025-07-07T14:34:41.850+0000] {local_task_job_runner.py:240} INFO - Task exited with return code 0
[2025-07-07T14:34:41.866+0000] {local_task_job_runner.py:222} INFO - ::endgroup::
[2025-07-07T15:12:06.269+0000] {local_task_job_runner.py:120} INFO - ::group::Pre task execution logs
[2025-07-07T15:12:06.392+0000] {taskinstance.py:2076} INFO - Dependencies all met for dep_context=non-requeueable deps ti=<TaskInstance: fin_cotacoes_bcb_classic.extract scheduled__2025-04-15T00:00:00+00:00 [queued]>
[2025-07-07T15:12:06.417+0000] {taskinstance.py:2076} INFO - Dependencies all met for dep_context=requeueable deps ti=<TaskInstance: fin_cotacoes_bcb_classic.extract scheduled__2025-04-15T00:00:00+00:00 [queued]>
[2025-07-07T15:12:06.418+0000] {taskinstance.py:2306} INFO - Starting attempt 1 of 2
[2025-07-07T15:12:06.454+0000] {taskinstance.py:2330} INFO - Executing <Task(PythonOperator): extract> on 2025-04-15 00:00:00+00:00
[2025-07-07T15:12:06.482+0000] {logging_mixin.py:188} WARNING - /home/***/.local/lib/python3.12/site-packages/***/task/task_runner/standard_task_runner.py:61 DeprecationWarning: This process (pid=103546) is multi-threaded, use of fork() may lead to deadlocks in the child.
[2025-07-07T15:12:06.483+0000] {standard_task_runner.py:63} INFO - Started process 103676 to run task
[2025-07-07T15:12:06.477+0000] {standard_task_runner.py:90} INFO - Running: ['***', 'tasks', 'run', 'fin_cotacoes_bcb_classic', 'extract', 'scheduled__2025-04-15T00:00:00+00:00', '--job-id', '4177', '--raw', '--subdir', 'DAGS_FOLDER/cotacoes.py', '--cfg-path', '/tmp/tmpx3yabiub']
[2025-07-07T15:12:06.501+0000] {standard_task_runner.py:91} INFO - Job 4177: Subtask extract
[2025-07-07T15:12:06.660+0000] {task_command.py:426} INFO - Running <TaskInstance: fin_cotacoes_bcb_classic.extract scheduled__2025-04-15T00:00:00+00:00 [running]> on host bc96ca91d307
[2025-07-07T15:12:06.991+0000] {taskinstance.py:2648} INFO - Exporting env vars: AIRFLOW_CTX_DAG_OWNER='***' AIRFLOW_CTX_DAG_ID='fin_cotacoes_bcb_classic' AIRFLOW_CTX_TASK_ID='extract' AIRFLOW_CTX_EXECUTION_DATE='2025-04-15T00:00:00+00:00' AIRFLOW_CTX_TRY_NUMBER='1' AIRFLOW_CTX_DAG_RUN_ID='scheduled__2025-04-15T00:00:00+00:00'
[2025-07-07T15:12:06.994+0000] {taskinstance.py:430} INFO - ::endgroup::
[2025-07-07T15:12:06.995+0000] {cotacoes.py:35} INFO - Iniciando extração da URL: https://www4.bcb.gov.br/Download/fechamento/20250415.csv
[2025-07-07T15:12:07.412+0000] {cotacoes.py:41} INFO - Extração concluída com sucesso.
[2025-07-07T15:12:07.414+0000] {python.py:237} INFO - Done. Returned value was: 15/04/2025;005;A;AFN;0,08081000;0,08104000;72,44000000;72,64000000
15/04/2025;009;A;ETB;0,04330000;0,04497000;130,55330000;135,55330000
15/04/2025;015;A;THB;0,17480000;0,17490000;33,56000000;33,58000000
15/04/2025;020;A;PAB;5,87010000;5,87070000;1,00000000;1,00000000
15/04/2025;027;A;VES;0,07469000;0,07489000;78,39490000;78,59140000
15/04/2025;030;A;BOB;0,83740000;0,85580000;6,86000000;7,01000000
15/04/2025;035;A;GHS;0,37790000;0,38030000;15,43500000;15,53500000
15/04/2025;040;A;CRC;0,01154000;0,01169000;502,36000000;508,51000000
15/04/2025;045;A;SVC;0,67010000;0,67100000;8,74950000;8,75950000
15/04/2025;051;A;NIO;0,15870000;0,16040000;36,60000000;37,00000000
15/04/2025;055;A;DKK;0,88780000;0,88800000;6,61150000;6,61200000
15/04/2025;060;A;ISK;0,04556000;0,04566000;128,57000000;128,84000000
15/04/2025;065;A;NOK;0,55240000;0,55290000;10,61740000;10,62720000
15/04/2025;070;A;SEK;0,59520000;0,59550000;9,85830000;9,86220000
15/04/2025;075;A;CZK;0,26430000;0,26450000;22,19700000;22,21000000
15/04/2025;090;A;GMD;0,08041000;0,08114000;72,35000000;73,00000000
15/04/2025;095;A;DZD;0,04390000;0,04441000;132,19460000;133,71720000
15/04/2025;100;A;KWD;19,11460000;19,15400000;0,30650000;0,30710000
15/04/2025;105;A;BHD;15,56640000;15,58040000;0,37680000;0,37710000
15/04/2025;115;A;IQD;0,00447800;0,00448500;1309,00000000;1311,00000000
15/04/2025;125;A;JOD;8,26770000;8,29190000;0,70800000;0,71000000
15/04/2025;130;A;LYD;1,06900000;1,07460000;5,46340000;5,49110000
15/04/2025;132;A;MKD;0,10730000;0,10820000;54,24000000;54,73000000
15/04/2025;133;A;RSD;0,05651000;0,05656000;103,80000000;103,88000000
15/04/2025;134;A;SDG;0,00974900;0,00980400;598,80020000;602,14120000
15/04/2025;135;A;TND;1,94880000;1,94990000;3,01070000;3,01220000
15/04/2025;136;A;SSP;0,00129900;0,00132800;4420,00000000;4520,00000000
15/04/2025;138;B;SDR;7,94520000;7,94600000;1,35350000;1,35350000
15/04/2025;139;A;MAD;0,63030000;0,63070000;9,30800000;9,31300000
15/04/2025;145;A;AED;1,59810000;1,59840000;3,67290000;3,67320000
15/04/2025;149;A;STN;0,26500000;0,27050000;21,70630000;22,15130000
15/04/2025;150;B;AUD;3,73040000;3,73380000;0,63550000;0,63600000
15/04/2025;155;A;BSD;5,87010000;5,87070000;1,00000000;1,00000000
15/04/2025;160;A;BMD;5,87010000;5,87070000;1,00000000;1,00000000
15/04/2025;165;A;CAD;4,20890000;4,21020000;1,39440000;1,39470000
15/04/2025;170;A;GYD;0,02789000;0,02823000;207,98000000;210,45000000
15/04/2025;173;A;NAD;0,30890000;0,30920000;18,98800000;19,00200000
15/04/2025;175;A;BBD;2,87740000;2,93810000;1,99810000;2,04010000
15/04/2025;180;A;BZD;2,91000000;2,93510000;2,00020000;2,01720000
15/04/2025;185;A;BND;4,45040000;4,45390000;1,31810000;1,31900000
15/04/2025;190;A;KYD;7,03010000;7,09450000;0,82750000;0,83500000
15/04/2025;195;A;SGD;4,45040000;4,45390000;1,31810000;1,31900000
15/04/2025;197;B;CLF;236,56500000;236,58920000;40,30000000;40,30000000
15/04/2025;200;B;FJD;2,53590000;2,58370000;0,43200000;0,44010000
15/04/2025;205;A;HKD;0,75670000;0,75680000;7,75770000;7,75790000
15/04/2025;210;A;TTD;0,86000000;0,86890000;6,75670000;6,82600000
15/04/2025;215;A;XCD;2,15810000;2,18240000;2,69000000;2,72000000
15/04/2025;220;A;USD;5,87010000;5,87070000;1,00000000;1,00000000
15/04/2025;230;A;JMD;0,03694000;0,03737000;157,11000000;158,91000000
15/04/2025;235;A;LRD;0,02906000;0,02965000;198,00000000;202,00000000
15/04/2025;245;B;NZD;3,47160000;3,47430000;0,59140000;0,59180000
15/04/2025;250;B;SBD;0,67920000;0,72620000;0,11570000;0,12370000
15/04/2025;255;A;SRD;0,15870000;0,16220000;36,20000000;37,00000000
15/04/2025;260;A;VND;0,00022710;0,00022760;25790,00000000;25850,00000000
15/04/2025;275;A;AMD;0,01499000;0,01507000;389,68000000;391,68000000
15/04/2025;295;A;CVE;0,05955000;0,06011000;97,67000000;98,58000000
15/04/2025;325;A;ANG;3,22530000;3,28980000;1,78450000;1,82000000
15/04/2025;326;A;XCG;3,22530000;3,28980000;1,78450000;1,82000000
15/04/2025;328;A;AWG;3,19030000;3,29810000;1,78000000;1,84000000
15/04/2025;345;A;HUF;0,01623000;0,01624000;361,42000000;361,65000000
15/04/2025;363;A;CDF;0,00199000;0,00205200;2861,00000000;2950,00000000
15/04/2025;365;A;BIF;0,00194700;0,00200300;2931,05000000;3015,00000000
15/04/2025;368;A;KMF;0,01345000;0,01351000;434,50000000;436,50000000
15/04/2025;370;A;XAF;0,00984500;0,01011000;580,96000000;596,27000000
15/04/2025;372;A;XOF;0,01008000;0,01021000;575,25000000;582,25000000
15/04/2025;380;A;XPF;0,05520000;0,05569000;105,41000000;106,34000000
15/04/2025;390;A;DJF;0,03288000;0,03306000;177,60000000;178,55000000
15/04/2025;398;A;GNF;0,00067470;0,00068180;8611,00000000;8700,00000000
15/04/2025;406;A;MGA;0,00127200;0,00128900;4552,90000000;4614,90000000
15/04/2025;420;A;RWF;0,00413700;0,00418700;1402,00000000;1419,00000000
15/04/2025;425;A;CHF;7,14820000;7,15420000;0,82060000;0,82120000
15/04/2025;440;A;HTG;0,04482000;0,04512000;130,10280000;130,97690000
15/04/2025;450;A;PYG;0,00073340;0,00073410;7997,00000000;8004,28000000
15/04/2025;460;A;UAH;0,14250000;0,14260000;41,16000000;41,20000000
15/04/2025;470;A;JPY;0,04101000;0,04103000;143,09000000;143,14000000
15/04/2025;482;A;GEL;2,11150000;2,15830000;2,72000000;2,78000000
15/04/2025;490;A;ALL;0,06633000;0,06688000;87,78000000;88,50000000
15/04/2025;495;A;HNL;0,22400000;0,22890000;25,64880000;26,20000000
15/04/2025;500;A;SLL;0,00025620;0,00025880;22683,00000000;22908,00000000
15/04/2025;503;A;MDL;0,34170000;0,34370000;17,08000000;17,18000000
15/04/2025;506;A;RON;1,33100000;1,33180000;4,40810000;4,41020000
15/04/2025;510;A;BGN;3,38800000;3,38900000;1,73230000;1,73260000
15/04/2025;530;B;GIP;7,74560000;7,75230000;1,31950000;1,32050000
15/04/2025;535;A;EGP;0,11500000;0,11530000;50,93000000;51,03000000
15/04/2025;540;B;GBP;7,75910000;7,76280000;1,32180000;1,32230000
15/04/2025;545;B;FKP;7,74560000;7,75230000;1,31950000;1,32050000
15/04/2025;560;A;LBP;0,00006540;0,00006560;89500,00000000;89700,00000000
15/04/2025;570;B;SHP;7,75790000;7,76050000;1,32160000;1,32190000
15/04/2025;575;A;SYP;0,00045120;0,00045160;13000,00000000;13010,00000000
15/04/2025;585;A;SZL;0,30890000;0,30900000;19,00000000;19,00300000
15/04/2025;603;A;LSL;0,30890000;0,30900000;19,00000000;19,00300000
15/04/2025;608;A;TMT;1,67500000;1,68000000;3,49450000;3,50450000
15/04/2025;622;A;MZN;0,09095000;0,09279000;63,27000000;64,54000000
15/04/2025;625;A;ERN;0,38750000;0,39140000;15,00000000;15,15000000
15/04/2025;630;A;NGN;0,00365000;0,00367000;1599,79000000;1608,47000000
15/04/2025;635;A;AOA;0,00631000;0,00643700;912,00000000;930,24000000
15/04/2025;640;A;TWD;0,18060000;0,18080000;32,47100000;32,50100000
15/04/2025;642;A;TRY;0,15410000;0,15410000;38,09130000;38,10340000
15/04/2025;660;A;PEN;1,56540000;1,56970000;3,74000000;3,75000000
15/04/2025;665;A;BTN;0,06843000;0,06853000;85,66800000;85,77700000
15/04/2025;670;A;MRO;0,01635000;0,01649000;356,00000000;359,00000000
15/04/2025;671;A;MRU;0,14810000;0,14860000;39,52000000;39,64000000
15/04/2025;680;B;TOP;2,37620000;2,52320000;0,40480000;0,42980000
15/04/2025;685;A;MOP;0,73360000;0,73480000;7,99000000;8,00200000
15/04/2025;706;A;ARS;0,00488800;0,00490000;1198,00000000;1201,00000000
15/04/2025;715;A;CLP;0,00606900;0,00607200;966,90000000;967,20000000
15/04/2025;720;A;COP;0,00134800;0,00135000;4348,69000000;4353,37000000
15/04/2025;721;B;COU;0,51250000;0,51250000;0,08730000;0,08730000
15/04/2025;725;A;CUP;0,24460000;0,24460000;24,00000000;24,00000000
15/04/2025;730;A;DOP;0,09687000;0,09749000;60,22000000;60,60000000
15/04/2025;735;A;PHP;0,10350000;0,10350000;56,70600000;56,73300000
15/04/2025;741;A;MXN;0,29370000;0,29390000;19,97800000;19,98400000
15/04/2025;745;A;UYU;0,13850000;0,13860000;42,35000000;42,38000000
15/04/2025;755;B;BWP;0,42260000;0,42620000;0,07200000;0,07260000
15/04/2025;760;A;MWK;0,00335400;0,00341900;1717,02000000;1750,32000000
15/04/2025;766;A;ZMW;0,20680000;0,20720000;28,33500000;28,38500000
15/04/2025;770;A;GTQ;0,76090000;0,76290000;7,69500000;7,71500000
15/04/2025;775;A;MMK;0,00278700;0,00280400;2093,70000000;2106,30000000
15/04/2025;778;B;PGK;1,39590000;1,49000000;0,23780000;0,25380000
15/04/2025;780;A;LAK;0,00026960;0,00027250;21542,00000000;21772,00000000
15/04/2025;785;A;ZAR;0,30870000;0,30920000;18,98420000;19,01420000
15/04/2025;795;A;CNY;0,80240000;0,80260000;7,31500000;7,31600000
15/04/2025;796;A;CNH;0,80120000;0,80140000;7,32600000;7,32660000
15/04/2025;800;A;QAR;1,60820000;1,61260000;3,64060000;3,65020000
15/04/2025;805;A;OMR;15,24310000;15,25250000;0,38490000;0,38510000
15/04/2025;810;A;YER;0,02391000;0,02396000;245,02000000;245,52000000
15/04/2025;815;A;IRR;0,00013970;0,00013980;42000,00000000;42005,00000000
15/04/2025;820;A;SAR;1,56430000;1,56460000;3,75230000;3,75250000
15/04/2025;825;A;KHR;0,00146200;0,00147000;3995,00000000;4015,00000000
15/04/2025;828;A;MYR;1,32960000;1,33120000;4,41000000;4,41500000
15/04/2025;830;A;RUB;0,07111000;0,07112000;82,54550000;82,55450000
15/04/2025;831;A;BYN;1,79020000;1,79750000;3,26610000;3,27910000
15/04/2025;835;A;TJS;0,53900000;0,54360000;10,80000000;10,89000000
15/04/2025;840;A;MUR;0,12970000;0,13060000;44,95000000;45,25000000
15/04/2025;845;A;NPR;0,04277000;0,04278000;137,24000000;137,25000000
15/04/2025;850;A;SCR;0,41000000;0,41010000;14,31520000;14,31560000
15/04/2025;855;A;LKR;0,01968000;0,01971000;297,90000000;298,30000000
15/04/2025;860;A;INR;0,06847000;0,06852000;85,68100000;85,73600000
15/04/2025;865;A;IDR;0,00034900;0,00034920;16810,00000000;16820,00000000
15/04/2025;870;A;MVR;0,37870000;0,38070000;15,42000000;15,50000000
15/04/2025;875;A;PKR;0,02092000;0,02093000;280,55000000;280,60000000
15/04/2025;880;A;ILS;1,59410000;1,59590000;3,67870000;3,68250000
15/04/2025;892;A;KGS;0,06708000;0,06713000;87,45000000;87,50430000
15/04/2025;893;A;UZS;0,00045200;0,00045240;12975,89000000;12985,89000000
15/04/2025;905;A;BDT;0,04812000;0,04852000;121,00000000;122,00000000
15/04/2025;912;B;WST;2,04980000;2,14990000;0,34920000;0,36620000
15/04/2025;913;A;KZT;0,01132000;0,01133000;517,95000000;518,50000000
15/04/2025;915;A;MNT;0,00165500;0,00165800;3541,00000000;3547,00000000
15/04/2025;920;A;VUV;0,04698000;0,04898000;119,85000000;124,95000000
15/04/2025;930;A;KRW;0,00411100;0,00411500;1426,55000000;1428,00000000
15/04/2025;946;A;TZS;0,00217400;0,00223200;2630,00000000;2700,00000000
15/04/2025;950;A;KES;0,04517000;0,04535000;129,45000000;129,95000000
15/04/2025;955;A;UGX;0,00159900;0,00160400;3661,00000000;3671,00000000
15/04/2025;960;A;SOS;0,01021000;0,01034000;568,00000000;575,00000000
15/04/2025;975;A;PLN;1,54390000;1,54480000;3,80040000;3,80210000
15/04/2025;978;B;EUR;6,62620000;6,62800000;1,12880000;1,12900000
15/04/2025;998;A;XAU;607,92250000;607,98470000;0,00965600;0,00965600

[2025-07-07T15:12:07.422+0000] {taskinstance.py:441} INFO - ::group::Post task execution logs
[2025-07-07T15:12:07.493+0000] {taskinstance.py:1206} INFO - Marking task as SUCCESS. dag_id=fin_cotacoes_bcb_classic, task_id=extract, run_id=scheduled__2025-04-15T00:00:00+00:00, execution_date=20250415T000000, start_date=20250707T151206, end_date=20250707T151207
[2025-07-07T15:12:07.594+0000] {local_task_job_runner.py:240} INFO - Task exited with return code 0
[2025-07-07T15:12:07.654+0000] {taskinstance.py:3503} INFO - 1 downstream tasks scheduled from follow-on schedule check
[2025-07-07T15:12:07.655+0000] {local_task_job_runner.py:222} INFO - ::endgroup::
