[2025-07-06T20:00:44.443+0000] {local_task_job_runner.py:120} INFO - ::group::Pre task execution logs
[2025-07-06T20:00:44.555+0000] {taskinstance.py:2076} INFO - Dependencies all met for dep_context=non-requeueable deps ti=<TaskInstance: fin_cotacoes_bcb_classic.extract scheduled__2025-05-14T00:00:00+00:00 [queued]>
[2025-07-06T20:00:44.573+0000] {taskinstance.py:2076} INFO - Dependencies all met for dep_context=requeueable deps ti=<TaskInstance: fin_cotacoes_bcb_classic.extract scheduled__2025-05-14T00:00:00+00:00 [queued]>
[2025-07-06T20:00:44.573+0000] {taskinstance.py:2306} INFO - Starting attempt 1 of 2
[2025-07-06T20:00:44.950+0000] {taskinstance.py:2330} INFO - Executing <Task(PythonOperator): extract> on 2025-05-14 00:00:00+00:00
[2025-07-06T20:00:44.984+0000] {standard_task_runner.py:90} INFO - Running: ['***', 'tasks', 'run', 'fin_cotacoes_bcb_classic', 'extract', 'scheduled__2025-05-14T00:00:00+00:00', '--job-id', '1317', '--raw', '--subdir', 'DAGS_FOLDER/cotacoes.py', '--cfg-path', '/tmp/tmpbeii014r']
[2025-07-06T20:00:44.988+0000] {standard_task_runner.py:91} INFO - Job 1317: Subtask extract
[2025-07-06T20:00:44.982+0000] {logging_mixin.py:188} WARNING - /home/***/.local/lib/python3.12/site-packages/***/task/task_runner/standard_task_runner.py:61 DeprecationWarning: This process (pid=17045) is multi-threaded, use of fork() may lead to deadlocks in the child.
[2025-07-06T20:00:44.993+0000] {standard_task_runner.py:63} INFO - Started process 17073 to run task
[2025-07-06T20:00:45.108+0000] {task_command.py:426} INFO - Running <TaskInstance: fin_cotacoes_bcb_classic.extract scheduled__2025-05-14T00:00:00+00:00 [running]> on host 20adb53d65c4
[2025-07-06T20:00:45.285+0000] {taskinstance.py:2648} INFO - Exporting env vars: AIRFLOW_CTX_DAG_OWNER='***' AIRFLOW_CTX_DAG_ID='fin_cotacoes_bcb_classic' AIRFLOW_CTX_TASK_ID='extract' AIRFLOW_CTX_EXECUTION_DATE='2025-05-14T00:00:00+00:00' AIRFLOW_CTX_TRY_NUMBER='1' AIRFLOW_CTX_DAG_RUN_ID='scheduled__2025-05-14T00:00:00+00:00'
[2025-07-06T20:00:45.286+0000] {taskinstance.py:430} INFO - ::endgroup::
[2025-07-06T20:00:45.287+0000] {cotacoes.py:37} INFO - Iniciando extração da URL: https://www4.bcb.gov.br/Download/fechamento/20250514.csv
[2025-07-06T20:00:45.656+0000] {cotacoes.py:43} INFO - Extração concluída com sucesso.
[2025-07-06T20:00:45.658+0000] {python.py:237} INFO - Done. Returned value was: 14/05/2025;005;A;AFN;0,07995000;0,08019000;69,96000000;70,16000000
14/05/2025;009;A;ETB;0,04069000;0,04223000;132,84100000;137,84100000
14/05/2025;015;A;THB;0,16770000;0,16790000;33,41000000;33,45000000
14/05/2025;020;A;PAB;5,60940000;5,61000000;1,00000000;1,00000000
14/05/2025;027;A;VES;0,05994000;0,06010000;93,34570000;93,57960000
14/05/2025;030;A;BOB;0,80250000;0,81660000;6,87000000;6,99000000
14/05/2025;035;A;GHS;0,44880000;0,45240000;12,40000000;12,50000000
14/05/2025;040;A;CRC;0,01096000;0,01113000;503,99000000;511,80000000
14/05/2025;045;A;SVC;0,64040000;0,64120000;8,74980000;8,75980000
14/05/2025;051;A;NIO;0,15160000;0,15330000;36,60000000;37,00000000
14/05/2025;055;A;DKK;0,84240000;0,84250000;6,65850000;6,65900000
14/05/2025;060;A;ISK;0,04329000;0,04339000;129,30000000;129,59000000
14/05/2025;065;A;NOK;0,54110000;0,54210000;10,34870000;10,36640000
14/05/2025;070;A;SEK;0,57630000;0,57730000;9,71800000;9,73380000
14/05/2025;075;A;CZK;0,25210000;0,25230000;22,23900000;22,25000000
14/05/2025;090;A;GMD;0,07684000;0,07749000;72,40000000;73,00000000
14/05/2025;095;A;DZD;0,04207000;0,04225000;132,77660000;133,32380000
14/05/2025;100;A;KWD;18,21830000;18,24980000;0,30740000;0,30790000
14/05/2025;105;A;BHD;14,87510000;14,88060000;0,37700000;0,37710000
14/05/2025;115;A;IQD;0,00427900;0,00428600;1309,00000000;1311,00000000
14/05/2025;125;A;JOD;7,90060000;7,92370000;0,70800000;0,71000000
14/05/2025;130;A;LYD;1,01440000;1,02000000;5,50000000;5,53000000
14/05/2025;132;A;MKD;0,10190000;0,10280000;54,59000000;55,05000000
14/05/2025;133;A;RSD;0,05355000;0,05371000;104,45000000;104,76000000
14/05/2025;134;A;SDG;0,00931500;0,00936800;598,85020000;602,19120000
14/05/2025;135;A;TND;1,85360000;1,86490000;3,00820000;3,02630000
14/05/2025;136;A;SSP;0,00122900;0,00126600;4433,07140000;4563,07140000
14/05/2025;138;B;SDR;7,57660000;7,57740000;1,35070000;1,35070000
14/05/2025;139;A;MAD;0,60360000;0,60400000;9,28800000;9,29280000
14/05/2025;145;A;AED;1,52710000;1,52740000;3,67290000;3,67320000
14/05/2025;149;A;STN;0,25140000;0,25660000;21,85930000;22,30940000
14/05/2025;150;B;AUD;3,61530000;3,61680000;0,64450000;0,64470000
14/05/2025;155;A;BSD;5,60940000;5,61000000;1,00000000;1,00000000
14/05/2025;160;A;BMD;5,60940000;5,61000000;1,00000000;1,00000000
14/05/2025;165;A;CAD;4,01620000;4,01780000;1,39630000;1,39670000
14/05/2025;170;A;GYD;0,02665000;0,02697000;207,98000000;210,45000000
14/05/2025;173;A;NAD;0,30740000;0,30770000;18,23100000;18,24900000
14/05/2025;175;A;BBD;2,74960000;2,80770000;1,99810000;2,04010000
14/05/2025;180;A;BZD;2,78080000;2,80470000;2,00020000;2,01720000
14/05/2025;185;A;BND;4,31530000;4,31870000;1,29900000;1,29990000
14/05/2025;190;A;KYD;6,71780000;6,77950000;0,82750000;0,83500000
14/05/2025;195;A;SGD;4,31530000;4,31870000;1,29900000;1,29990000
14/05/2025;197;B;CLF;233,41840000;233,44330000;41,61200000;41,61200000
14/05/2025;200;B;FJD;2,44400000;2,50650000;0,43570000;0,44680000
14/05/2025;205;A;HKD;0,71860000;0,71870000;7,80620000;7,80630000
14/05/2025;210;A;TTD;0,82180000;0,83040000;6,75570000;6,82600000
14/05/2025;215;A;XCD;2,06230000;2,08550000;2,69000000;2,72000000
14/05/2025;220;A;USD;5,60940000;5,61000000;1,00000000;1,00000000
14/05/2025;230;A;JMD;0,03499000;0,03539000;158,51000000;160,31000000
14/05/2025;235;A;LRD;0,02777000;0,02833000;198,00000000;202,00000000
14/05/2025;245;B;NZD;3,31850000;3,32110000;0,59160000;0,59200000
14/05/2025;250;B;SBD;0,62540000;0,69170000;0,11150000;0,12330000
14/05/2025;255;A;SRD;0,15260000;0,15600000;35,96400000;36,74900000
14/05/2025;260;A;VND;0,00021630;0,00021640;25924,00000000;25936,00000000
14/05/2025;275;A;AMD;0,01431000;0,01450000;387,00000000;392,00000000
14/05/2025;295;A;CVE;0,05650000;0,05702000;98,38000000;99,29000000
14/05/2025;325;A;ANG;3,08210000;3,14370000;1,78450000;1,82000000
14/05/2025;326;A;XCG;3,08210000;3,14370000;1,78450000;1,82000000
14/05/2025;328;A;AWG;3,04860000;3,15170000;1,78000000;1,84000000
14/05/2025;345;A;HUF;0,01558000;0,01559000;359,75000000;359,93000000
14/05/2025;363;A;CDF;0,00190200;0,00196500;2855,00000000;2950,00000000
14/05/2025;365;A;BIF;0,00186100;0,00191100;2935,75000000;3015,00000000
14/05/2025;368;A;KMF;0,01272000;0,01275000;440,00000000;441,00000000
14/05/2025;370;A;XAF;0,00930800;0,00958600;585,26000000;602,65000000
14/05/2025;372;A;XOF;0,00970500;0,00977400;574,00000000;578,00000000
14/05/2025;380;A;XPF;0,05238000;0,05284000;106,16000000;107,10000000
14/05/2025;390;A;DJF;0,03142000;0,03159000;177,60000000;178,55000000
14/05/2025;398;A;GNF;0,00064480;0,00065090;8619,00000000;8700,00000000
14/05/2025;406;A;MGA;0,00124400;0,00126100;4447,31000000;4509,76000000
14/05/2025;420;A;RWF;0,00390900;0,00399300;1405,00000000;1435,00000000
14/05/2025;425;A;CHF;6,67790000;6,68250000;0,83950000;0,84000000
14/05/2025;440;A;HTG;0,04279000;0,04296000;130,60000000;131,10000000
14/05/2025;450;A;PYG;0,00070220;0,00070300;7979,60000000;7988,38000000
14/05/2025;460;A;UAH;0,13520000;0,13530000;41,47400000;41,50100000
14/05/2025;470;A;JPY;0,03828000;0,03828000;146,54000000;146,55000000
14/05/2025;482;A;GEL;2,02510000;2,06860000;2,71200000;2,77000000
14/05/2025;490;A;ALL;0,06370000;0,06396000;87,71000000;88,06000000
14/05/2025;495;A;HNL;0,21410000;0,21730000;25,81510000;26,20000000
14/05/2025;500;A;SLL;0,00024490;0,00024730;22683,00000000;22908,00000000
14/05/2025;503;A;MDL;0,31910000;0,32350000;17,34000000;17,58000000
14/05/2025;506;A;RON;1,23140000;1,23220000;4,55290000;4,55520000
14/05/2025;510;A;BGN;3,21440000;3,21560000;1,74460000;1,74510000
14/05/2025;530;B;GIP;7,45770000;7,46410000;1,32950000;1,33050000
14/05/2025;535;A;EGP;0,11120000;0,11140000;50,34000000;50,44000000
14/05/2025;540;B;GBP;7,45940000;7,46300000;1,32980000;1,33030000
14/05/2025;545;B;FKP;7,45770000;7,46410000;1,32950000;1,33050000
14/05/2025;560;A;LBP;0,00006250;0,00006270;89500,00000000;89700,00000000
14/05/2025;570;B;SHP;7,46110000;7,46350000;1,33010000;1,33040000
14/05/2025;575;A;SYP;0,00043120;0,00043150;13000,00000000;13010,00000000
14/05/2025;585;A;SZL;0,30730000;0,30780000;18,22400000;18,25600000
14/05/2025;603;A;LSL;0,30750000;0,30760000;18,24030000;18,24320000
14/05/2025;608;A;TMT;1,60060000;1,60540000;3,49450000;3,50450000
14/05/2025;622;A;MZN;0,08691000;0,08867000;63,27000000;64,54000000
14/05/2025;625;A;ERN;0,37030000;0,37400000;15,00000000;15,15000000
14/05/2025;630;A;NGN;0,00349900;0,00351100;1597,67000000;1603,14000000
14/05/2025;635;A;AOA;0,00608400;0,00615100;912,00000000;922,00000000
14/05/2025;640;A;TWD;0,18500000;0,18520000;30,29000000;30,32000000
14/05/2025;642;A;TRY;0,14460000;0,14480000;38,74500000;38,78080000
14/05/2025;660;A;PEN;1,52930000;1,53110000;3,66400000;3,66800000
14/05/2025;665;A;BTN;0,06574000;0,06579000;85,27400000;85,32900000
14/05/2025;670;A;MRO;0,01563000;0,01576000;356,00000000;359,00000000
14/05/2025;671;A;MRU;0,14120000;0,14170000;39,60000000;39,72000000
14/05/2025;680;B;TOP;2,30150000;2,44200000;0,41030000;0,43530000
14/05/2025;685;A;MOP;0,69700000;0,69780000;8,04000000;8,04800000
14/05/2025;706;A;ARS;0,00496400;0,00497300;1128,00000000;1130,00000000
14/05/2025;715;A;CLP;0,00596300;0,00596700;940,17000000;940,76000000
14/05/2025;720;A;COP;0,00133700;0,00133800;4192,75000000;4196,25000000
14/05/2025;721;B;COU;0,49920000;0,49930000;0,08900000;0,08900000
14/05/2025;725;A;CUP;0,23370000;0,23380000;24,00000000;24,00000000
14/05/2025;730;A;DOP;0,09491000;0,09590000;58,50000000;59,10000000
14/05/2025;735;A;PHP;0,10050000;0,10060000;55,78800000;55,81500000
14/05/2025;741;A;MXN;0,28970000;0,28990000;19,34950000;19,36000000
14/05/2025;745;A;UYU;0,13460000;0,13470000;41,64000000;41,68000000
14/05/2025;755;B;BWP;0,41000000;0,41400000;0,07310000;0,07380000
14/05/2025;760;A;MWK;0,00320500;0,00326700;1717,02000000;1750,32000000
14/05/2025;766;A;ZMW;0,21050000;0,21090000;26,60000000;26,65000000
14/05/2025;770;A;GTQ;0,72920000;0,73110000;7,67300000;7,69300000
14/05/2025;775;A;MMK;0,00266300;0,00268000;2093,70000000;2106,30000000
14/05/2025;778;B;PGK;1,32940000;1,37160000;0,23700000;0,24450000
14/05/2025;780;A;LAK;0,00025790;0,00026110;21490,00000000;21750,00000000
14/05/2025;785;A;ZAR;0,30750000;0,30760000;18,23930000;18,24370000
14/05/2025;795;A;CNY;0,77810000;0,77830000;7,20800000;7,20900000
14/05/2025;796;A;CNH;0,77850000;0,77870000;7,20450000;7,20520000
14/05/2025;800;A;QAR;1,53760000;1,54050000;3,64170000;3,64810000
14/05/2025;805;A;OMR;14,56610000;14,57520000;0,38490000;0,38510000
14/05/2025;810;A;YER;0,02294000;0,02300000;243,90000000;244,50000000
14/05/2025;815;A;IRR;0,00013290;0,00013350;42020,00000000;42200,00000000
14/05/2025;820;A;SAR;1,49550000;1,49570000;3,75070000;3,75090000
14/05/2025;825;A;KHR;0,00138700;0,00140500;3994,00000000;4044,00000000
14/05/2025;828;A;MYR;1,30600000;1,30920000;4,28500000;4,29500000
14/05/2025;830;A;RUB;0,06990000;0,06991000;80,24550000;80,25450000
14/05/2025;831;A;BYN;1,71020000;1,72090000;3,26000000;3,28000000
14/05/2025;835;A;TJS;0,53780000;0,54470000;10,30000000;10,43000000
14/05/2025;840;A;MUR;0,12180000;0,12260000;45,75000000;46,05000000
14/05/2025;845;A;NPR;0,04111000;0,04112000;136,43000000;136,45000000
14/05/2025;850;A;SCR;0,38030000;0,39370000;14,25000000;14,75000000
14/05/2025;855;A;LKR;0,01878000;0,01879000;298,60000000;298,70000000
14/05/2025;860;A;INR;0,06568000;0,06571000;85,38000000;85,40000000
14/05/2025;865;A;IDR;0,00033880;0,00033910;16545,00000000;16555,00000000
14/05/2025;870;A;MVR;0,36190000;0,36380000;15,42000000;15,50000000
14/05/2025;875;A;PKR;0,01989000;0,01993000;281,50000000;282,00000000
14/05/2025;880;A;ILS;1,58210000;1,58450000;3,54060000;3,54560000
14/05/2025;892;A;KGS;0,06410000;0,06415000;87,45000000;87,50430000
14/05/2025;893;A;UZS;0,00043270;0,00043470;12905,00000000;12965,00000000
14/05/2025;905;A;BDT;0,04598000;0,04636000;121,00000000;122,00000000
14/05/2025;912;B;WST;1,97340000;2,09700000;0,35180000;0,37380000
14/05/2025;913;A;KZT;0,01103000;0,01105000;507,85000000;508,39000000
14/05/2025;915;A;MNT;0,00156000;0,00157200;3569,00000000;3596,00000000
14/05/2025;920;A;VUV;0,04598000;0,04675000;120,00000000;122,00000000
14/05/2025;930;A;KRW;0,00400800;0,00401100;1398,64000000;1399,73000000
14/05/2025;946;A;TZS;0,00205900;0,00209700;2675,00000000;2725,00000000
14/05/2025;950;A;KES;0,04332000;0,04349000;129,00000000;129,50000000
14/05/2025;955;A;UGX;0,00153400;0,00153800;3648,00000000;3658,00000000
14/05/2025;960;A;SOS;0,00975600;0,00987700;568,00000000;575,00000000
14/05/2025;975;A;PLN;1,48530000;1,48630000;3,77450000;3,77650000
14/05/2025;978;B;EUR;6,28530000;6,28660000;1,12050000;1,12060000
14/05/2025;998;A;XAU;574,02780000;574,08920000;0,00977200;0,00977200

[2025-07-06T20:00:45.666+0000] {taskinstance.py:441} INFO - ::group::Post task execution logs
[2025-07-06T20:00:45.734+0000] {taskinstance.py:1206} INFO - Marking task as SUCCESS. dag_id=fin_cotacoes_bcb_classic, task_id=extract, run_id=scheduled__2025-05-14T00:00:00+00:00, execution_date=20250514T000000, start_date=20250706T200044, end_date=20250706T200045
[2025-07-06T20:00:45.982+0000] {local_task_job_runner.py:240} INFO - Task exited with return code 0
[2025-07-06T20:00:46.014+0000] {logging_mixin.py:188} WARNING - /home/***/.local/lib/python3.12/site-packages/***/models/baseoperator.py:1297 AirflowProviderDeprecationWarning: Call to deprecated class PostgresOperator. (Please use `***.providers.common.sql.operators.sql.SQLExecuteQueryOperator`.Also, you can provide `hook_params={'schema': <database>}`.)
[2025-07-06T20:00:46.066+0000] {taskinstance.py:3503} INFO - 1 downstream tasks scheduled from follow-on schedule check
[2025-07-06T20:00:46.073+0000] {local_task_job_runner.py:222} INFO - ::endgroup::
[2025-07-07T14:35:14.864+0000] {local_task_job_runner.py:120} INFO - ::group::Pre task execution logs
[2025-07-07T14:35:14.979+0000] {taskinstance.py:2076} INFO - Dependencies all met for dep_context=non-requeueable deps ti=<TaskInstance: fin_cotacoes_bcb_classic.extract scheduled__2025-05-14T00:00:00+00:00 [queued]>
[2025-07-07T14:35:15.004+0000] {taskinstance.py:2076} INFO - Dependencies all met for dep_context=requeueable deps ti=<TaskInstance: fin_cotacoes_bcb_classic.extract scheduled__2025-05-14T00:00:00+00:00 [queued]>
[2025-07-07T14:35:15.004+0000] {taskinstance.py:2306} INFO - Starting attempt 1 of 2
[2025-07-07T14:35:15.030+0000] {taskinstance.py:2330} INFO - Executing <Task(PythonOperator): extract> on 2025-05-14 00:00:00+00:00
[2025-07-07T14:35:15.053+0000] {logging_mixin.py:188} WARNING - /home/***/.local/lib/python3.12/site-packages/***/task/task_runner/standard_task_runner.py:61 DeprecationWarning: This process (pid=79487) is multi-threaded, use of fork() may lead to deadlocks in the child.
[2025-07-07T14:35:15.055+0000] {standard_task_runner.py:63} INFO - Started process 79520 to run task
[2025-07-07T14:35:15.054+0000] {standard_task_runner.py:90} INFO - Running: ['***', 'tasks', 'run', 'fin_cotacoes_bcb_classic', 'extract', 'scheduled__2025-05-14T00:00:00+00:00', '--job-id', '2576', '--raw', '--subdir', 'DAGS_FOLDER/cotacoes.py', '--cfg-path', '/tmp/tmpvh1lger5']
[2025-07-07T14:35:15.057+0000] {standard_task_runner.py:91} INFO - Job 2576: Subtask extract
[2025-07-07T14:35:15.144+0000] {task_command.py:426} INFO - Running <TaskInstance: fin_cotacoes_bcb_classic.extract scheduled__2025-05-14T00:00:00+00:00 [running]> on host bc96ca91d307
[2025-07-07T14:35:15.378+0000] {taskinstance.py:2648} INFO - Exporting env vars: AIRFLOW_CTX_DAG_OWNER='***' AIRFLOW_CTX_DAG_ID='fin_cotacoes_bcb_classic' AIRFLOW_CTX_TASK_ID='extract' AIRFLOW_CTX_EXECUTION_DATE='2025-05-14T00:00:00+00:00' AIRFLOW_CTX_TRY_NUMBER='1' AIRFLOW_CTX_DAG_RUN_ID='scheduled__2025-05-14T00:00:00+00:00'
[2025-07-07T14:35:15.380+0000] {taskinstance.py:430} INFO - ::endgroup::
[2025-07-07T14:35:15.380+0000] {cotacoes.py:35} INFO - Iniciando extração da URL: https://www4.bcb.gov.br/Download/fechamento/20250514.csv
[2025-07-07T14:35:15.716+0000] {cotacoes.py:41} INFO - Extração concluída com sucesso.
[2025-07-07T14:35:15.718+0000] {python.py:237} INFO - Done. Returned value was: 14/05/2025;005;A;AFN;0,07995000;0,08019000;69,96000000;70,16000000
14/05/2025;009;A;ETB;0,04069000;0,04223000;132,84100000;137,84100000
14/05/2025;015;A;THB;0,16770000;0,16790000;33,41000000;33,45000000
14/05/2025;020;A;PAB;5,60940000;5,61000000;1,00000000;1,00000000
14/05/2025;027;A;VES;0,05994000;0,06010000;93,34570000;93,57960000
14/05/2025;030;A;BOB;0,80250000;0,81660000;6,87000000;6,99000000
14/05/2025;035;A;GHS;0,44880000;0,45240000;12,40000000;12,50000000
14/05/2025;040;A;CRC;0,01096000;0,01113000;503,99000000;511,80000000
14/05/2025;045;A;SVC;0,64040000;0,64120000;8,74980000;8,75980000
14/05/2025;051;A;NIO;0,15160000;0,15330000;36,60000000;37,00000000
14/05/2025;055;A;DKK;0,84240000;0,84250000;6,65850000;6,65900000
14/05/2025;060;A;ISK;0,04329000;0,04339000;129,30000000;129,59000000
14/05/2025;065;A;NOK;0,54110000;0,54210000;10,34870000;10,36640000
14/05/2025;070;A;SEK;0,57630000;0,57730000;9,71800000;9,73380000
14/05/2025;075;A;CZK;0,25210000;0,25230000;22,23900000;22,25000000
14/05/2025;090;A;GMD;0,07684000;0,07749000;72,40000000;73,00000000
14/05/2025;095;A;DZD;0,04207000;0,04225000;132,77660000;133,32380000
14/05/2025;100;A;KWD;18,21830000;18,24980000;0,30740000;0,30790000
14/05/2025;105;A;BHD;14,87510000;14,88060000;0,37700000;0,37710000
14/05/2025;115;A;IQD;0,00427900;0,00428600;1309,00000000;1311,00000000
14/05/2025;125;A;JOD;7,90060000;7,92370000;0,70800000;0,71000000
14/05/2025;130;A;LYD;1,01440000;1,02000000;5,50000000;5,53000000
14/05/2025;132;A;MKD;0,10190000;0,10280000;54,59000000;55,05000000
14/05/2025;133;A;RSD;0,05355000;0,05371000;104,45000000;104,76000000
14/05/2025;134;A;SDG;0,00931500;0,00936800;598,85020000;602,19120000
14/05/2025;135;A;TND;1,85360000;1,86490000;3,00820000;3,02630000
14/05/2025;136;A;SSP;0,00122900;0,00126600;4433,07140000;4563,07140000
14/05/2025;138;B;SDR;7,57660000;7,57740000;1,35070000;1,35070000
14/05/2025;139;A;MAD;0,60360000;0,60400000;9,28800000;9,29280000
14/05/2025;145;A;AED;1,52710000;1,52740000;3,67290000;3,67320000
14/05/2025;149;A;STN;0,25140000;0,25660000;21,85930000;22,30940000
14/05/2025;150;B;AUD;3,61530000;3,61680000;0,64450000;0,64470000
14/05/2025;155;A;BSD;5,60940000;5,61000000;1,00000000;1,00000000
14/05/2025;160;A;BMD;5,60940000;5,61000000;1,00000000;1,00000000
14/05/2025;165;A;CAD;4,01620000;4,01780000;1,39630000;1,39670000
14/05/2025;170;A;GYD;0,02665000;0,02697000;207,98000000;210,45000000
14/05/2025;173;A;NAD;0,30740000;0,30770000;18,23100000;18,24900000
14/05/2025;175;A;BBD;2,74960000;2,80770000;1,99810000;2,04010000
14/05/2025;180;A;BZD;2,78080000;2,80470000;2,00020000;2,01720000
14/05/2025;185;A;BND;4,31530000;4,31870000;1,29900000;1,29990000
14/05/2025;190;A;KYD;6,71780000;6,77950000;0,82750000;0,83500000
14/05/2025;195;A;SGD;4,31530000;4,31870000;1,29900000;1,29990000
14/05/2025;197;B;CLF;233,41840000;233,44330000;41,61200000;41,61200000
14/05/2025;200;B;FJD;2,44400000;2,50650000;0,43570000;0,44680000
14/05/2025;205;A;HKD;0,71860000;0,71870000;7,80620000;7,80630000
14/05/2025;210;A;TTD;0,82180000;0,83040000;6,75570000;6,82600000
14/05/2025;215;A;XCD;2,06230000;2,08550000;2,69000000;2,72000000
14/05/2025;220;A;USD;5,60940000;5,61000000;1,00000000;1,00000000
14/05/2025;230;A;JMD;0,03499000;0,03539000;158,51000000;160,31000000
14/05/2025;235;A;LRD;0,02777000;0,02833000;198,00000000;202,00000000
14/05/2025;245;B;NZD;3,31850000;3,32110000;0,59160000;0,59200000
14/05/2025;250;B;SBD;0,62540000;0,69170000;0,11150000;0,12330000
14/05/2025;255;A;SRD;0,15260000;0,15600000;35,96400000;36,74900000
14/05/2025;260;A;VND;0,00021630;0,00021640;25924,00000000;25936,00000000
14/05/2025;275;A;AMD;0,01431000;0,01450000;387,00000000;392,00000000
14/05/2025;295;A;CVE;0,05650000;0,05702000;98,38000000;99,29000000
14/05/2025;325;A;ANG;3,08210000;3,14370000;1,78450000;1,82000000
14/05/2025;326;A;XCG;3,08210000;3,14370000;1,78450000;1,82000000
14/05/2025;328;A;AWG;3,04860000;3,15170000;1,78000000;1,84000000
14/05/2025;345;A;HUF;0,01558000;0,01559000;359,75000000;359,93000000
14/05/2025;363;A;CDF;0,00190200;0,00196500;2855,00000000;2950,00000000
14/05/2025;365;A;BIF;0,00186100;0,00191100;2935,75000000;3015,00000000
14/05/2025;368;A;KMF;0,01272000;0,01275000;440,00000000;441,00000000
14/05/2025;370;A;XAF;0,00930800;0,00958600;585,26000000;602,65000000
14/05/2025;372;A;XOF;0,00970500;0,00977400;574,00000000;578,00000000
14/05/2025;380;A;XPF;0,05238000;0,05284000;106,16000000;107,10000000
14/05/2025;390;A;DJF;0,03142000;0,03159000;177,60000000;178,55000000
14/05/2025;398;A;GNF;0,00064480;0,00065090;8619,00000000;8700,00000000
14/05/2025;406;A;MGA;0,00124400;0,00126100;4447,31000000;4509,76000000
14/05/2025;420;A;RWF;0,00390900;0,00399300;1405,00000000;1435,00000000
14/05/2025;425;A;CHF;6,67790000;6,68250000;0,83950000;0,84000000
14/05/2025;440;A;HTG;0,04279000;0,04296000;130,60000000;131,10000000
14/05/2025;450;A;PYG;0,00070220;0,00070300;7979,60000000;7988,38000000
14/05/2025;460;A;UAH;0,13520000;0,13530000;41,47400000;41,50100000
14/05/2025;470;A;JPY;0,03828000;0,03828000;146,54000000;146,55000000
14/05/2025;482;A;GEL;2,02510000;2,06860000;2,71200000;2,77000000
14/05/2025;490;A;ALL;0,06370000;0,06396000;87,71000000;88,06000000
14/05/2025;495;A;HNL;0,21410000;0,21730000;25,81510000;26,20000000
14/05/2025;500;A;SLL;0,00024490;0,00024730;22683,00000000;22908,00000000
14/05/2025;503;A;MDL;0,31910000;0,32350000;17,34000000;17,58000000
14/05/2025;506;A;RON;1,23140000;1,23220000;4,55290000;4,55520000
14/05/2025;510;A;BGN;3,21440000;3,21560000;1,74460000;1,74510000
14/05/2025;530;B;GIP;7,45770000;7,46410000;1,32950000;1,33050000
14/05/2025;535;A;EGP;0,11120000;0,11140000;50,34000000;50,44000000
14/05/2025;540;B;GBP;7,45940000;7,46300000;1,32980000;1,33030000
14/05/2025;545;B;FKP;7,45770000;7,46410000;1,32950000;1,33050000
14/05/2025;560;A;LBP;0,00006250;0,00006270;89500,00000000;89700,00000000
14/05/2025;570;B;SHP;7,46110000;7,46350000;1,33010000;1,33040000
14/05/2025;575;A;SYP;0,00043120;0,00043150;13000,00000000;13010,00000000
14/05/2025;585;A;SZL;0,30730000;0,30780000;18,22400000;18,25600000
14/05/2025;603;A;LSL;0,30750000;0,30760000;18,24030000;18,24320000
14/05/2025;608;A;TMT;1,60060000;1,60540000;3,49450000;3,50450000
14/05/2025;622;A;MZN;0,08691000;0,08867000;63,27000000;64,54000000
14/05/2025;625;A;ERN;0,37030000;0,37400000;15,00000000;15,15000000
14/05/2025;630;A;NGN;0,00349900;0,00351100;1597,67000000;1603,14000000
14/05/2025;635;A;AOA;0,00608400;0,00615100;912,00000000;922,00000000
14/05/2025;640;A;TWD;0,18500000;0,18520000;30,29000000;30,32000000
14/05/2025;642;A;TRY;0,14460000;0,14480000;38,74500000;38,78080000
14/05/2025;660;A;PEN;1,52930000;1,53110000;3,66400000;3,66800000
14/05/2025;665;A;BTN;0,06574000;0,06579000;85,27400000;85,32900000
14/05/2025;670;A;MRO;0,01563000;0,01576000;356,00000000;359,00000000
14/05/2025;671;A;MRU;0,14120000;0,14170000;39,60000000;39,72000000
14/05/2025;680;B;TOP;2,30150000;2,44200000;0,41030000;0,43530000
14/05/2025;685;A;MOP;0,69700000;0,69780000;8,04000000;8,04800000
14/05/2025;706;A;ARS;0,00496400;0,00497300;1128,00000000;1130,00000000
14/05/2025;715;A;CLP;0,00596300;0,00596700;940,17000000;940,76000000
14/05/2025;720;A;COP;0,00133700;0,00133800;4192,75000000;4196,25000000
14/05/2025;721;B;COU;0,49920000;0,49930000;0,08900000;0,08900000
14/05/2025;725;A;CUP;0,23370000;0,23380000;24,00000000;24,00000000
14/05/2025;730;A;DOP;0,09491000;0,09590000;58,50000000;59,10000000
14/05/2025;735;A;PHP;0,10050000;0,10060000;55,78800000;55,81500000
14/05/2025;741;A;MXN;0,28970000;0,28990000;19,34950000;19,36000000
14/05/2025;745;A;UYU;0,13460000;0,13470000;41,64000000;41,68000000
14/05/2025;755;B;BWP;0,41000000;0,41400000;0,07310000;0,07380000
14/05/2025;760;A;MWK;0,00320500;0,00326700;1717,02000000;1750,32000000
14/05/2025;766;A;ZMW;0,21050000;0,21090000;26,60000000;26,65000000
14/05/2025;770;A;GTQ;0,72920000;0,73110000;7,67300000;7,69300000
14/05/2025;775;A;MMK;0,00266300;0,00268000;2093,70000000;2106,30000000
14/05/2025;778;B;PGK;1,32940000;1,37160000;0,23700000;0,24450000
14/05/2025;780;A;LAK;0,00025790;0,00026110;21490,00000000;21750,00000000
14/05/2025;785;A;ZAR;0,30750000;0,30760000;18,23930000;18,24370000
14/05/2025;795;A;CNY;0,77810000;0,77830000;7,20800000;7,20900000
14/05/2025;796;A;CNH;0,77850000;0,77870000;7,20450000;7,20520000
14/05/2025;800;A;QAR;1,53760000;1,54050000;3,64170000;3,64810000
14/05/2025;805;A;OMR;14,56610000;14,57520000;0,38490000;0,38510000
14/05/2025;810;A;YER;0,02294000;0,02300000;243,90000000;244,50000000
14/05/2025;815;A;IRR;0,00013290;0,00013350;42020,00000000;42200,00000000
14/05/2025;820;A;SAR;1,49550000;1,49570000;3,75070000;3,75090000
14/05/2025;825;A;KHR;0,00138700;0,00140500;3994,00000000;4044,00000000
14/05/2025;828;A;MYR;1,30600000;1,30920000;4,28500000;4,29500000
14/05/2025;830;A;RUB;0,06990000;0,06991000;80,24550000;80,25450000
14/05/2025;831;A;BYN;1,71020000;1,72090000;3,26000000;3,28000000
14/05/2025;835;A;TJS;0,53780000;0,54470000;10,30000000;10,43000000
14/05/2025;840;A;MUR;0,12180000;0,12260000;45,75000000;46,05000000
14/05/2025;845;A;NPR;0,04111000;0,04112000;136,43000000;136,45000000
14/05/2025;850;A;SCR;0,38030000;0,39370000;14,25000000;14,75000000
14/05/2025;855;A;LKR;0,01878000;0,01879000;298,60000000;298,70000000
14/05/2025;860;A;INR;0,06568000;0,06571000;85,38000000;85,40000000
14/05/2025;865;A;IDR;0,00033880;0,00033910;16545,00000000;16555,00000000
14/05/2025;870;A;MVR;0,36190000;0,36380000;15,42000000;15,50000000
14/05/2025;875;A;PKR;0,01989000;0,01993000;281,50000000;282,00000000
14/05/2025;880;A;ILS;1,58210000;1,58450000;3,54060000;3,54560000
14/05/2025;892;A;KGS;0,06410000;0,06415000;87,45000000;87,50430000
14/05/2025;893;A;UZS;0,00043270;0,00043470;12905,00000000;12965,00000000
14/05/2025;905;A;BDT;0,04598000;0,04636000;121,00000000;122,00000000
14/05/2025;912;B;WST;1,97340000;2,09700000;0,35180000;0,37380000
14/05/2025;913;A;KZT;0,01103000;0,01105000;507,85000000;508,39000000
14/05/2025;915;A;MNT;0,00156000;0,00157200;3569,00000000;3596,00000000
14/05/2025;920;A;VUV;0,04598000;0,04675000;120,00000000;122,00000000
14/05/2025;930;A;KRW;0,00400800;0,00401100;1398,64000000;1399,73000000
14/05/2025;946;A;TZS;0,00205900;0,00209700;2675,00000000;2725,00000000
14/05/2025;950;A;KES;0,04332000;0,04349000;129,00000000;129,50000000
14/05/2025;955;A;UGX;0,00153400;0,00153800;3648,00000000;3658,00000000
14/05/2025;960;A;SOS;0,00975600;0,00987700;568,00000000;575,00000000
14/05/2025;975;A;PLN;1,48530000;1,48630000;3,77450000;3,77650000
14/05/2025;978;B;EUR;6,28530000;6,28660000;1,12050000;1,12060000
14/05/2025;998;A;XAU;574,02780000;574,08920000;0,00977200;0,00977200

[2025-07-07T14:35:15.729+0000] {taskinstance.py:441} INFO - ::group::Post task execution logs
[2025-07-07T14:35:15.776+0000] {taskinstance.py:1206} INFO - Marking task as SUCCESS. dag_id=fin_cotacoes_bcb_classic, task_id=extract, run_id=scheduled__2025-05-14T00:00:00+00:00, execution_date=20250514T000000, start_date=20250707T143514, end_date=20250707T143515
[2025-07-07T14:35:15.842+0000] {local_task_job_runner.py:240} INFO - Task exited with return code 0
[2025-07-07T14:35:15.889+0000] {taskinstance.py:3503} INFO - 1 downstream tasks scheduled from follow-on schedule check
[2025-07-07T14:35:15.893+0000] {local_task_job_runner.py:222} INFO - ::endgroup::
[2025-07-07T15:12:28.631+0000] {local_task_job_runner.py:120} INFO - ::group::Pre task execution logs
[2025-07-07T15:12:28.750+0000] {taskinstance.py:2076} INFO - Dependencies all met for dep_context=non-requeueable deps ti=<TaskInstance: fin_cotacoes_bcb_classic.extract scheduled__2025-05-14T00:00:00+00:00 [queued]>
[2025-07-07T15:12:28.771+0000] {taskinstance.py:2076} INFO - Dependencies all met for dep_context=requeueable deps ti=<TaskInstance: fin_cotacoes_bcb_classic.extract scheduled__2025-05-14T00:00:00+00:00 [queued]>
[2025-07-07T15:12:28.772+0000] {taskinstance.py:2306} INFO - Starting attempt 1 of 2
[2025-07-07T15:12:28.807+0000] {taskinstance.py:2330} INFO - Executing <Task(PythonOperator): extract> on 2025-05-14 00:00:00+00:00
[2025-07-07T15:12:28.831+0000] {logging_mixin.py:188} WARNING - /home/***/.local/lib/python3.12/site-packages/***/task/task_runner/standard_task_runner.py:61 DeprecationWarning: This process (pid=103971) is multi-threaded, use of fork() may lead to deadlocks in the child.
[2025-07-07T15:12:28.832+0000] {standard_task_runner.py:63} INFO - Started process 104013 to run task
[2025-07-07T15:12:28.843+0000] {standard_task_runner.py:90} INFO - Running: ['***', 'tasks', 'run', 'fin_cotacoes_bcb_classic', 'extract', 'scheduled__2025-05-14T00:00:00+00:00', '--job-id', '4241', '--raw', '--subdir', 'DAGS_FOLDER/cotacoes.py', '--cfg-path', '/tmp/tmpb487f_jb']
[2025-07-07T15:12:28.852+0000] {standard_task_runner.py:91} INFO - Job 4241: Subtask extract
[2025-07-07T15:12:28.975+0000] {task_command.py:426} INFO - Running <TaskInstance: fin_cotacoes_bcb_classic.extract scheduled__2025-05-14T00:00:00+00:00 [running]> on host bc96ca91d307
[2025-07-07T15:12:29.262+0000] {taskinstance.py:2648} INFO - Exporting env vars: AIRFLOW_CTX_DAG_OWNER='***' AIRFLOW_CTX_DAG_ID='fin_cotacoes_bcb_classic' AIRFLOW_CTX_TASK_ID='extract' AIRFLOW_CTX_EXECUTION_DATE='2025-05-14T00:00:00+00:00' AIRFLOW_CTX_TRY_NUMBER='1' AIRFLOW_CTX_DAG_RUN_ID='scheduled__2025-05-14T00:00:00+00:00'
[2025-07-07T15:12:29.263+0000] {taskinstance.py:430} INFO - ::endgroup::
[2025-07-07T15:12:29.264+0000] {cotacoes.py:35} INFO - Iniciando extração da URL: https://www4.bcb.gov.br/Download/fechamento/20250514.csv
[2025-07-07T15:12:29.735+0000] {cotacoes.py:41} INFO - Extração concluída com sucesso.
[2025-07-07T15:12:29.737+0000] {python.py:237} INFO - Done. Returned value was: 14/05/2025;005;A;AFN;0,07995000;0,08019000;69,96000000;70,16000000
14/05/2025;009;A;ETB;0,04069000;0,04223000;132,84100000;137,84100000
14/05/2025;015;A;THB;0,16770000;0,16790000;33,41000000;33,45000000
14/05/2025;020;A;PAB;5,60940000;5,61000000;1,00000000;1,00000000
14/05/2025;027;A;VES;0,05994000;0,06010000;93,34570000;93,57960000
14/05/2025;030;A;BOB;0,80250000;0,81660000;6,87000000;6,99000000
14/05/2025;035;A;GHS;0,44880000;0,45240000;12,40000000;12,50000000
14/05/2025;040;A;CRC;0,01096000;0,01113000;503,99000000;511,80000000
14/05/2025;045;A;SVC;0,64040000;0,64120000;8,74980000;8,75980000
14/05/2025;051;A;NIO;0,15160000;0,15330000;36,60000000;37,00000000
14/05/2025;055;A;DKK;0,84240000;0,84250000;6,65850000;6,65900000
14/05/2025;060;A;ISK;0,04329000;0,04339000;129,30000000;129,59000000
14/05/2025;065;A;NOK;0,54110000;0,54210000;10,34870000;10,36640000
14/05/2025;070;A;SEK;0,57630000;0,57730000;9,71800000;9,73380000
14/05/2025;075;A;CZK;0,25210000;0,25230000;22,23900000;22,25000000
14/05/2025;090;A;GMD;0,07684000;0,07749000;72,40000000;73,00000000
14/05/2025;095;A;DZD;0,04207000;0,04225000;132,77660000;133,32380000
14/05/2025;100;A;KWD;18,21830000;18,24980000;0,30740000;0,30790000
14/05/2025;105;A;BHD;14,87510000;14,88060000;0,37700000;0,37710000
14/05/2025;115;A;IQD;0,00427900;0,00428600;1309,00000000;1311,00000000
14/05/2025;125;A;JOD;7,90060000;7,92370000;0,70800000;0,71000000
14/05/2025;130;A;LYD;1,01440000;1,02000000;5,50000000;5,53000000
14/05/2025;132;A;MKD;0,10190000;0,10280000;54,59000000;55,05000000
14/05/2025;133;A;RSD;0,05355000;0,05371000;104,45000000;104,76000000
14/05/2025;134;A;SDG;0,00931500;0,00936800;598,85020000;602,19120000
14/05/2025;135;A;TND;1,85360000;1,86490000;3,00820000;3,02630000
14/05/2025;136;A;SSP;0,00122900;0,00126600;4433,07140000;4563,07140000
14/05/2025;138;B;SDR;7,57660000;7,57740000;1,35070000;1,35070000
14/05/2025;139;A;MAD;0,60360000;0,60400000;9,28800000;9,29280000
14/05/2025;145;A;AED;1,52710000;1,52740000;3,67290000;3,67320000
14/05/2025;149;A;STN;0,25140000;0,25660000;21,85930000;22,30940000
14/05/2025;150;B;AUD;3,61530000;3,61680000;0,64450000;0,64470000
14/05/2025;155;A;BSD;5,60940000;5,61000000;1,00000000;1,00000000
14/05/2025;160;A;BMD;5,60940000;5,61000000;1,00000000;1,00000000
14/05/2025;165;A;CAD;4,01620000;4,01780000;1,39630000;1,39670000
14/05/2025;170;A;GYD;0,02665000;0,02697000;207,98000000;210,45000000
14/05/2025;173;A;NAD;0,30740000;0,30770000;18,23100000;18,24900000
14/05/2025;175;A;BBD;2,74960000;2,80770000;1,99810000;2,04010000
14/05/2025;180;A;BZD;2,78080000;2,80470000;2,00020000;2,01720000
14/05/2025;185;A;BND;4,31530000;4,31870000;1,29900000;1,29990000
14/05/2025;190;A;KYD;6,71780000;6,77950000;0,82750000;0,83500000
14/05/2025;195;A;SGD;4,31530000;4,31870000;1,29900000;1,29990000
14/05/2025;197;B;CLF;233,41840000;233,44330000;41,61200000;41,61200000
14/05/2025;200;B;FJD;2,44400000;2,50650000;0,43570000;0,44680000
14/05/2025;205;A;HKD;0,71860000;0,71870000;7,80620000;7,80630000
14/05/2025;210;A;TTD;0,82180000;0,83040000;6,75570000;6,82600000
14/05/2025;215;A;XCD;2,06230000;2,08550000;2,69000000;2,72000000
14/05/2025;220;A;USD;5,60940000;5,61000000;1,00000000;1,00000000
14/05/2025;230;A;JMD;0,03499000;0,03539000;158,51000000;160,31000000
14/05/2025;235;A;LRD;0,02777000;0,02833000;198,00000000;202,00000000
14/05/2025;245;B;NZD;3,31850000;3,32110000;0,59160000;0,59200000
14/05/2025;250;B;SBD;0,62540000;0,69170000;0,11150000;0,12330000
14/05/2025;255;A;SRD;0,15260000;0,15600000;35,96400000;36,74900000
14/05/2025;260;A;VND;0,00021630;0,00021640;25924,00000000;25936,00000000
14/05/2025;275;A;AMD;0,01431000;0,01450000;387,00000000;392,00000000
14/05/2025;295;A;CVE;0,05650000;0,05702000;98,38000000;99,29000000
14/05/2025;325;A;ANG;3,08210000;3,14370000;1,78450000;1,82000000
14/05/2025;326;A;XCG;3,08210000;3,14370000;1,78450000;1,82000000
14/05/2025;328;A;AWG;3,04860000;3,15170000;1,78000000;1,84000000
14/05/2025;345;A;HUF;0,01558000;0,01559000;359,75000000;359,93000000
14/05/2025;363;A;CDF;0,00190200;0,00196500;2855,00000000;2950,00000000
14/05/2025;365;A;BIF;0,00186100;0,00191100;2935,75000000;3015,00000000
14/05/2025;368;A;KMF;0,01272000;0,01275000;440,00000000;441,00000000
14/05/2025;370;A;XAF;0,00930800;0,00958600;585,26000000;602,65000000
14/05/2025;372;A;XOF;0,00970500;0,00977400;574,00000000;578,00000000
14/05/2025;380;A;XPF;0,05238000;0,05284000;106,16000000;107,10000000
14/05/2025;390;A;DJF;0,03142000;0,03159000;177,60000000;178,55000000
14/05/2025;398;A;GNF;0,00064480;0,00065090;8619,00000000;8700,00000000
14/05/2025;406;A;MGA;0,00124400;0,00126100;4447,31000000;4509,76000000
14/05/2025;420;A;RWF;0,00390900;0,00399300;1405,00000000;1435,00000000
14/05/2025;425;A;CHF;6,67790000;6,68250000;0,83950000;0,84000000
14/05/2025;440;A;HTG;0,04279000;0,04296000;130,60000000;131,10000000
14/05/2025;450;A;PYG;0,00070220;0,00070300;7979,60000000;7988,38000000
14/05/2025;460;A;UAH;0,13520000;0,13530000;41,47400000;41,50100000
14/05/2025;470;A;JPY;0,03828000;0,03828000;146,54000000;146,55000000
14/05/2025;482;A;GEL;2,02510000;2,06860000;2,71200000;2,77000000
14/05/2025;490;A;ALL;0,06370000;0,06396000;87,71000000;88,06000000
14/05/2025;495;A;HNL;0,21410000;0,21730000;25,81510000;26,20000000
14/05/2025;500;A;SLL;0,00024490;0,00024730;22683,00000000;22908,00000000
14/05/2025;503;A;MDL;0,31910000;0,32350000;17,34000000;17,58000000
14/05/2025;506;A;RON;1,23140000;1,23220000;4,55290000;4,55520000
14/05/2025;510;A;BGN;3,21440000;3,21560000;1,74460000;1,74510000
14/05/2025;530;B;GIP;7,45770000;7,46410000;1,32950000;1,33050000
14/05/2025;535;A;EGP;0,11120000;0,11140000;50,34000000;50,44000000
14/05/2025;540;B;GBP;7,45940000;7,46300000;1,32980000;1,33030000
14/05/2025;545;B;FKP;7,45770000;7,46410000;1,32950000;1,33050000
14/05/2025;560;A;LBP;0,00006250;0,00006270;89500,00000000;89700,00000000
14/05/2025;570;B;SHP;7,46110000;7,46350000;1,33010000;1,33040000
14/05/2025;575;A;SYP;0,00043120;0,00043150;13000,00000000;13010,00000000
14/05/2025;585;A;SZL;0,30730000;0,30780000;18,22400000;18,25600000
14/05/2025;603;A;LSL;0,30750000;0,30760000;18,24030000;18,24320000
14/05/2025;608;A;TMT;1,60060000;1,60540000;3,49450000;3,50450000
14/05/2025;622;A;MZN;0,08691000;0,08867000;63,27000000;64,54000000
14/05/2025;625;A;ERN;0,37030000;0,37400000;15,00000000;15,15000000
14/05/2025;630;A;NGN;0,00349900;0,00351100;1597,67000000;1603,14000000
14/05/2025;635;A;AOA;0,00608400;0,00615100;912,00000000;922,00000000
14/05/2025;640;A;TWD;0,18500000;0,18520000;30,29000000;30,32000000
14/05/2025;642;A;TRY;0,14460000;0,14480000;38,74500000;38,78080000
14/05/2025;660;A;PEN;1,52930000;1,53110000;3,66400000;3,66800000
14/05/2025;665;A;BTN;0,06574000;0,06579000;85,27400000;85,32900000
14/05/2025;670;A;MRO;0,01563000;0,01576000;356,00000000;359,00000000
14/05/2025;671;A;MRU;0,14120000;0,14170000;39,60000000;39,72000000
14/05/2025;680;B;TOP;2,30150000;2,44200000;0,41030000;0,43530000
14/05/2025;685;A;MOP;0,69700000;0,69780000;8,04000000;8,04800000
14/05/2025;706;A;ARS;0,00496400;0,00497300;1128,00000000;1130,00000000
14/05/2025;715;A;CLP;0,00596300;0,00596700;940,17000000;940,76000000
14/05/2025;720;A;COP;0,00133700;0,00133800;4192,75000000;4196,25000000
14/05/2025;721;B;COU;0,49920000;0,49930000;0,08900000;0,08900000
14/05/2025;725;A;CUP;0,23370000;0,23380000;24,00000000;24,00000000
14/05/2025;730;A;DOP;0,09491000;0,09590000;58,50000000;59,10000000
14/05/2025;735;A;PHP;0,10050000;0,10060000;55,78800000;55,81500000
14/05/2025;741;A;MXN;0,28970000;0,28990000;19,34950000;19,36000000
14/05/2025;745;A;UYU;0,13460000;0,13470000;41,64000000;41,68000000
14/05/2025;755;B;BWP;0,41000000;0,41400000;0,07310000;0,07380000
14/05/2025;760;A;MWK;0,00320500;0,00326700;1717,02000000;1750,32000000
14/05/2025;766;A;ZMW;0,21050000;0,21090000;26,60000000;26,65000000
14/05/2025;770;A;GTQ;0,72920000;0,73110000;7,67300000;7,69300000
14/05/2025;775;A;MMK;0,00266300;0,00268000;2093,70000000;2106,30000000
14/05/2025;778;B;PGK;1,32940000;1,37160000;0,23700000;0,24450000
14/05/2025;780;A;LAK;0,00025790;0,00026110;21490,00000000;21750,00000000
14/05/2025;785;A;ZAR;0,30750000;0,30760000;18,23930000;18,24370000
14/05/2025;795;A;CNY;0,77810000;0,77830000;7,20800000;7,20900000
14/05/2025;796;A;CNH;0,77850000;0,77870000;7,20450000;7,20520000
14/05/2025;800;A;QAR;1,53760000;1,54050000;3,64170000;3,64810000
14/05/2025;805;A;OMR;14,56610000;14,57520000;0,38490000;0,38510000
14/05/2025;810;A;YER;0,02294000;0,02300000;243,90000000;244,50000000
14/05/2025;815;A;IRR;0,00013290;0,00013350;42020,00000000;42200,00000000
14/05/2025;820;A;SAR;1,49550000;1,49570000;3,75070000;3,75090000
14/05/2025;825;A;KHR;0,00138700;0,00140500;3994,00000000;4044,00000000
14/05/2025;828;A;MYR;1,30600000;1,30920000;4,28500000;4,29500000
14/05/2025;830;A;RUB;0,06990000;0,06991000;80,24550000;80,25450000
14/05/2025;831;A;BYN;1,71020000;1,72090000;3,26000000;3,28000000
14/05/2025;835;A;TJS;0,53780000;0,54470000;10,30000000;10,43000000
14/05/2025;840;A;MUR;0,12180000;0,12260000;45,75000000;46,05000000
14/05/2025;845;A;NPR;0,04111000;0,04112000;136,43000000;136,45000000
14/05/2025;850;A;SCR;0,38030000;0,39370000;14,25000000;14,75000000
14/05/2025;855;A;LKR;0,01878000;0,01879000;298,60000000;298,70000000
14/05/2025;860;A;INR;0,06568000;0,06571000;85,38000000;85,40000000
14/05/2025;865;A;IDR;0,00033880;0,00033910;16545,00000000;16555,00000000
14/05/2025;870;A;MVR;0,36190000;0,36380000;15,42000000;15,50000000
14/05/2025;875;A;PKR;0,01989000;0,01993000;281,50000000;282,00000000
14/05/2025;880;A;ILS;1,58210000;1,58450000;3,54060000;3,54560000
14/05/2025;892;A;KGS;0,06410000;0,06415000;87,45000000;87,50430000
14/05/2025;893;A;UZS;0,00043270;0,00043470;12905,00000000;12965,00000000
14/05/2025;905;A;BDT;0,04598000;0,04636000;121,00000000;122,00000000
14/05/2025;912;B;WST;1,97340000;2,09700000;0,35180000;0,37380000
14/05/2025;913;A;KZT;0,01103000;0,01105000;507,85000000;508,39000000
14/05/2025;915;A;MNT;0,00156000;0,00157200;3569,00000000;3596,00000000
14/05/2025;920;A;VUV;0,04598000;0,04675000;120,00000000;122,00000000
14/05/2025;930;A;KRW;0,00400800;0,00401100;1398,64000000;1399,73000000
14/05/2025;946;A;TZS;0,00205900;0,00209700;2675,00000000;2725,00000000
14/05/2025;950;A;KES;0,04332000;0,04349000;129,00000000;129,50000000
14/05/2025;955;A;UGX;0,00153400;0,00153800;3648,00000000;3658,00000000
14/05/2025;960;A;SOS;0,00975600;0,00987700;568,00000000;575,00000000
14/05/2025;975;A;PLN;1,48530000;1,48630000;3,77450000;3,77650000
14/05/2025;978;B;EUR;6,28530000;6,28660000;1,12050000;1,12060000
14/05/2025;998;A;XAU;574,02780000;574,08920000;0,00977200;0,00977200

[2025-07-07T15:12:29.738+0000] {taskinstance.py:441} INFO - ::group::Post task execution logs
[2025-07-07T15:12:29.830+0000] {taskinstance.py:1206} INFO - Marking task as SUCCESS. dag_id=fin_cotacoes_bcb_classic, task_id=extract, run_id=scheduled__2025-05-14T00:00:00+00:00, execution_date=20250514T000000, start_date=20250707T151228, end_date=20250707T151229
[2025-07-07T15:12:30.162+0000] {local_task_job_runner.py:240} INFO - Task exited with return code 0
[2025-07-07T15:12:30.248+0000] {taskinstance.py:3503} INFO - 0 downstream tasks scheduled from follow-on schedule check
[2025-07-07T15:12:30.253+0000] {local_task_job_runner.py:222} INFO - ::endgroup::
