[2025-07-07T14:36:09.647+0000] {local_task_job_runner.py:120} INFO - ::group::Pre task execution logs
[2025-07-07T14:36:09.750+0000] {taskinstance.py:2076} INFO - Dependencies all met for dep_context=non-requeueable deps ti=<TaskInstance: fin_cotacoes_bcb_classic.transform_and_load scheduled__2025-06-21T00:00:00+00:00 [queued]>
[2025-07-07T14:36:09.771+0000] {taskinstance.py:2076} INFO - Dependencies all met for dep_context=requeueable deps ti=<TaskInstance: fin_cotacoes_bcb_classic.transform_and_load scheduled__2025-06-21T00:00:00+00:00 [queued]>
[2025-07-07T14:36:09.772+0000] {taskinstance.py:2306} INFO - Starting attempt 1 of 2
[2025-07-07T14:36:09.835+0000] {taskinstance.py:2330} INFO - Executing <Task(PythonOperator): transform_and_load> on 2025-06-21 00:00:00+00:00
[2025-07-07T14:36:09.862+0000] {standard_task_runner.py:90} INFO - Running: ['***', 'tasks', 'run', 'fin_cotacoes_bcb_classic', 'transform_and_load', 'scheduled__2025-06-21T00:00:00+00:00', '--job-id', '2713', '--raw', '--subdir', 'DAGS_FOLDER/cotacoes.py', '--cfg-path', '/tmp/tmph8fjg_jt']
[2025-07-07T14:36:09.864+0000] {standard_task_runner.py:91} INFO - Job 2713: Subtask transform_and_load
[2025-07-07T14:36:09.873+0000] {logging_mixin.py:188} WARNING - /home/***/.local/lib/python3.12/site-packages/***/task/task_runner/standard_task_runner.py:61 DeprecationWarning: This process (pid=80304) is multi-threaded, use of fork() may lead to deadlocks in the child.
[2025-07-07T14:36:09.874+0000] {standard_task_runner.py:63} INFO - Started process 80380 to run task
[2025-07-07T14:36:09.987+0000] {task_command.py:426} INFO - Running <TaskInstance: fin_cotacoes_bcb_classic.transform_and_load scheduled__2025-06-21T00:00:00+00:00 [running]> on host bc96ca91d307
[2025-07-07T14:36:10.205+0000] {taskinstance.py:2648} INFO - Exporting env vars: AIRFLOW_CTX_DAG_OWNER='***' AIRFLOW_CTX_DAG_ID='fin_cotacoes_bcb_classic' AIRFLOW_CTX_TASK_ID='transform_and_load' AIRFLOW_CTX_EXECUTION_DATE='2025-06-21T00:00:00+00:00' AIRFLOW_CTX_TRY_NUMBER='1' AIRFLOW_CTX_DAG_RUN_ID='scheduled__2025-06-21T00:00:00+00:00'
[2025-07-07T14:36:10.208+0000] {taskinstance.py:430} INFO - ::endgroup::
[2025-07-07T14:36:10.245+0000] {cotacoes.py:91} WARNING - Nenhum dado recebido da tarefa de extração. Pulando transformação e carga.
[2025-07-07T14:36:10.245+0000] {python.py:237} INFO - Done. Returned value was: None
[2025-07-07T14:36:10.245+0000] {taskinstance.py:441} INFO - ::group::Post task execution logs
[2025-07-07T14:36:10.261+0000] {taskinstance.py:1206} INFO - Marking task as SUCCESS. dag_id=fin_cotacoes_bcb_classic, task_id=transform_and_load, run_id=scheduled__2025-06-21T00:00:00+00:00, execution_date=20250621T000000, start_date=20250707T143609, end_date=20250707T143610
[2025-07-07T14:36:10.341+0000] {local_task_job_runner.py:240} INFO - Task exited with return code 0
[2025-07-07T14:36:10.359+0000] {local_task_job_runner.py:222} INFO - ::endgroup::
[2025-07-07T15:13:26.926+0000] {local_task_job_runner.py:120} INFO - ::group::Pre task execution logs
[2025-07-07T15:13:26.993+0000] {taskinstance.py:2076} INFO - Dependencies all met for dep_context=non-requeueable deps ti=<TaskInstance: fin_cotacoes_bcb_classic.transform_and_load scheduled__2025-06-21T00:00:00+00:00 [queued]>
[2025-07-07T15:13:27.011+0000] {taskinstance.py:2076} INFO - Dependencies all met for dep_context=requeueable deps ti=<TaskInstance: fin_cotacoes_bcb_classic.transform_and_load scheduled__2025-06-21T00:00:00+00:00 [queued]>
[2025-07-07T15:13:27.011+0000] {taskinstance.py:2306} INFO - Starting attempt 1 of 2
[2025-07-07T15:13:27.038+0000] {taskinstance.py:2330} INFO - Executing <Task(PythonOperator): transform_and_load> on 2025-06-21 00:00:00+00:00
[2025-07-07T15:13:27.060+0000] {standard_task_runner.py:90} INFO - Running: ['***', 'tasks', 'run', 'fin_cotacoes_bcb_classic', 'transform_and_load', 'scheduled__2025-06-21T00:00:00+00:00', '--job-id', '4395', '--raw', '--subdir', 'DAGS_FOLDER/cotacoes.py', '--cfg-path', '/tmp/tmph3pm0cek']
[2025-07-07T15:13:27.062+0000] {standard_task_runner.py:91} INFO - Job 4395: Subtask transform_and_load
[2025-07-07T15:13:27.061+0000] {logging_mixin.py:188} WARNING - /home/***/.local/lib/python3.12/site-packages/***/task/task_runner/standard_task_runner.py:61 DeprecationWarning: This process (pid=104941) is multi-threaded, use of fork() may lead to deadlocks in the child.
[2025-07-07T15:13:27.065+0000] {standard_task_runner.py:63} INFO - Started process 104972 to run task
[2025-07-07T15:13:27.191+0000] {task_command.py:426} INFO - Running <TaskInstance: fin_cotacoes_bcb_classic.transform_and_load scheduled__2025-06-21T00:00:00+00:00 [running]> on host bc96ca91d307
[2025-07-07T15:13:27.407+0000] {taskinstance.py:2648} INFO - Exporting env vars: AIRFLOW_CTX_DAG_OWNER='***' AIRFLOW_CTX_DAG_ID='fin_cotacoes_bcb_classic' AIRFLOW_CTX_TASK_ID='transform_and_load' AIRFLOW_CTX_EXECUTION_DATE='2025-06-21T00:00:00+00:00' AIRFLOW_CTX_TRY_NUMBER='1' AIRFLOW_CTX_DAG_RUN_ID='scheduled__2025-06-21T00:00:00+00:00'
[2025-07-07T15:13:27.409+0000] {taskinstance.py:430} INFO - ::endgroup::
[2025-07-07T15:13:27.428+0000] {cotacoes.py:91} WARNING - Nenhum dado recebido da tarefa de extração. Pulando transformação e carga.
[2025-07-07T15:13:27.429+0000] {python.py:237} INFO - Done. Returned value was: None
[2025-07-07T15:13:27.430+0000] {taskinstance.py:441} INFO - ::group::Post task execution logs
[2025-07-07T15:13:27.446+0000] {taskinstance.py:1206} INFO - Marking task as SUCCESS. dag_id=fin_cotacoes_bcb_classic, task_id=transform_and_load, run_id=scheduled__2025-06-21T00:00:00+00:00, execution_date=20250621T000000, start_date=20250707T151326, end_date=20250707T151327
[2025-07-07T15:13:27.621+0000] {local_task_job_runner.py:240} INFO - Task exited with return code 0
[2025-07-07T15:13:27.650+0000] {taskinstance.py:3503} INFO - 0 downstream tasks scheduled from follow-on schedule check
[2025-07-07T15:13:27.659+0000] {local_task_job_runner.py:222} INFO - ::endgroup::
