[2025-07-07T14:33:41.700+0000] {local_task_job_runner.py:120} INFO - ::group::Pre task execution logs
[2025-07-07T14:33:41.856+0000] {taskinstance.py:2076} INFO - Dependencies all met for dep_context=non-requeueable deps ti=<TaskInstance: fin_cotacoes_bcb_classic.create_table_postgres scheduled__2025-02-27T00:00:00+00:00 [queued]>
[2025-07-07T14:33:41.926+0000] {taskinstance.py:2076} INFO - Dependencies all met for dep_context=requeueable deps ti=<TaskInstance: fin_cotacoes_bcb_classic.create_table_postgres scheduled__2025-02-27T00:00:00+00:00 [queued]>
[2025-07-07T14:33:41.926+0000] {taskinstance.py:2306} INFO - Starting attempt 1 of 2
[2025-07-07T14:33:42.256+0000] {taskinstance.py:2330} INFO - Executing <Task(SQLExecuteQueryOperator): create_table_postgres> on 2025-02-27 00:00:00+00:00
[2025-07-07T14:33:42.301+0000] {standard_task_runner.py:90} INFO - Running: ['***', 'tasks', 'run', 'fin_cotacoes_bcb_classic', 'create_table_postgres', 'scheduled__2025-02-27T00:00:00+00:00', '--job-id', '2344', '--raw', '--subdir', 'DAGS_FOLDER/cotacoes.py', '--cfg-path', '/tmp/tmpmqowp2r6']
[2025-07-07T14:33:42.309+0000] {standard_task_runner.py:91} INFO - Job 2344: Subtask create_table_postgres
[2025-07-07T14:33:42.302+0000] {logging_mixin.py:188} WARNING - /home/***/.local/lib/python3.12/site-packages/***/task/task_runner/standard_task_runner.py:61 DeprecationWarning: This process (pid=77942) is multi-threaded, use of fork() may lead to deadlocks in the child.
[2025-07-07T14:33:42.313+0000] {standard_task_runner.py:63} INFO - Started process 78016 to run task
[2025-07-07T14:33:42.474+0000] {task_command.py:426} INFO - Running <TaskInstance: fin_cotacoes_bcb_classic.create_table_postgres scheduled__2025-02-27T00:00:00+00:00 [running]> on host bc96ca91d307
[2025-07-07T14:33:42.731+0000] {taskinstance.py:2648} INFO - Exporting env vars: AIRFLOW_CTX_DAG_OWNER='***' AIRFLOW_CTX_DAG_ID='fin_cotacoes_bcb_classic' AIRFLOW_CTX_TASK_ID='create_table_postgres' AIRFLOW_CTX_EXECUTION_DATE='2025-02-27T00:00:00+00:00' AIRFLOW_CTX_TRY_NUMBER='1' AIRFLOW_CTX_DAG_RUN_ID='scheduled__2025-02-27T00:00:00+00:00'
[2025-07-07T14:33:42.733+0000] {taskinstance.py:430} INFO - ::endgroup::
[2025-07-07T14:33:42.733+0000] {sql.py:276} INFO - Executing: 
CREATE TABLE IF NOT EXISTS cotacoes (
    dt_fechamento DATE,
    cod_moeda TEXT,
    tipo_moeda TEXT,
    desc_moeda TEXT,
    taxa_compra REAL,
    taxa_venda REAL,
    paridade_compra REAL,
    paridade_venda REAL,
    data_processamento TIMESTAMP,
    CONSTRAINT table_pk PRIMARY KEY (dt_fechamento, cod_moeda)
);
[2025-07-07T14:33:42.754+0000] {base.py:84} INFO - Using connection ID '***-postgres' for task execution.
[2025-07-07T14:33:42.773+0000] {base.py:84} INFO - Using connection ID '***-postgres' for task execution.
[2025-07-07T14:33:42.781+0000] {sql.py:487} INFO - Running statement: 
CREATE TABLE IF NOT EXISTS cotacoes (
    dt_fechamento DATE,
    cod_moeda TEXT,
    tipo_moeda TEXT,
    desc_moeda TEXT,
    taxa_compra REAL,
    taxa_venda REAL,
    paridade_compra REAL,
    paridade_venda REAL,
    data_processamento TIMESTAMP,
    CONSTRAINT table_pk PRIMARY KEY (dt_fechamento, cod_moeda)
);, parameters: None
[2025-07-07T14:33:42.785+0000] {taskinstance.py:441} INFO - ::group::Post task execution logs
[2025-07-07T14:33:42.802+0000] {taskinstance.py:1206} INFO - Marking task as SUCCESS. dag_id=fin_cotacoes_bcb_classic, task_id=create_table_postgres, run_id=scheduled__2025-02-27T00:00:00+00:00, execution_date=20250227T000000, start_date=20250707T143341, end_date=20250707T143342
[2025-07-07T14:33:42.871+0000] {local_task_job_runner.py:240} INFO - Task exited with return code 0
[2025-07-07T14:33:43.011+0000] {taskinstance.py:3503} INFO - 0 downstream tasks scheduled from follow-on schedule check
[2025-07-07T14:33:43.023+0000] {local_task_job_runner.py:222} INFO - ::endgroup::
[2025-07-07T15:11:11.401+0000] {local_task_job_runner.py:120} INFO - ::group::Pre task execution logs
[2025-07-07T15:11:11.483+0000] {taskinstance.py:2076} INFO - Dependencies all met for dep_context=non-requeueable deps ti=<TaskInstance: fin_cotacoes_bcb_classic.create_table_postgres scheduled__2025-02-27T00:00:00+00:00 [queued]>
[2025-07-07T15:11:11.504+0000] {taskinstance.py:2076} INFO - Dependencies all met for dep_context=requeueable deps ti=<TaskInstance: fin_cotacoes_bcb_classic.create_table_postgres scheduled__2025-02-27T00:00:00+00:00 [queued]>
[2025-07-07T15:11:11.506+0000] {taskinstance.py:2306} INFO - Starting attempt 1 of 2
[2025-07-07T15:11:11.538+0000] {taskinstance.py:2330} INFO - Executing <Task(SQLExecuteQueryOperator): create_table_postgres> on 2025-02-27 00:00:00+00:00
[2025-07-07T15:11:11.563+0000] {logging_mixin.py:188} WARNING - /home/***/.local/lib/python3.12/site-packages/***/task/task_runner/standard_task_runner.py:61 DeprecationWarning: This process (pid=102742) is multi-threaded, use of fork() may lead to deadlocks in the child.
[2025-07-07T15:11:11.564+0000] {standard_task_runner.py:63} INFO - Started process 102788 to run task
[2025-07-07T15:11:11.556+0000] {standard_task_runner.py:90} INFO - Running: ['***', 'tasks', 'run', 'fin_cotacoes_bcb_classic', 'create_table_postgres', 'scheduled__2025-02-27T00:00:00+00:00', '--job-id', '4034', '--raw', '--subdir', 'DAGS_FOLDER/cotacoes.py', '--cfg-path', '/tmp/tmp6m5owk_3']
[2025-07-07T15:11:11.574+0000] {standard_task_runner.py:91} INFO - Job 4034: Subtask create_table_postgres
[2025-07-07T15:11:11.688+0000] {task_command.py:426} INFO - Running <TaskInstance: fin_cotacoes_bcb_classic.create_table_postgres scheduled__2025-02-27T00:00:00+00:00 [running]> on host bc96ca91d307
[2025-07-07T15:11:11.972+0000] {taskinstance.py:2648} INFO - Exporting env vars: AIRFLOW_CTX_DAG_OWNER='***' AIRFLOW_CTX_DAG_ID='fin_cotacoes_bcb_classic' AIRFLOW_CTX_TASK_ID='create_table_postgres' AIRFLOW_CTX_EXECUTION_DATE='2025-02-27T00:00:00+00:00' AIRFLOW_CTX_TRY_NUMBER='1' AIRFLOW_CTX_DAG_RUN_ID='scheduled__2025-02-27T00:00:00+00:00'
[2025-07-07T15:11:11.973+0000] {taskinstance.py:430} INFO - ::endgroup::
[2025-07-07T15:11:11.973+0000] {sql.py:276} INFO - Executing: 
CREATE TABLE IF NOT EXISTS cotacoes (
    dt_fechamento DATE,
    cod_moeda TEXT,
    tipo_moeda TEXT,
    desc_moeda TEXT,
    taxa_compra REAL,
    taxa_venda REAL,
    paridade_compra REAL,
    paridade_venda REAL,
    data_processamento TIMESTAMP,
    CONSTRAINT table_pk PRIMARY KEY (dt_fechamento, cod_moeda)
);
[2025-07-07T15:11:11.996+0000] {base.py:84} INFO - Using connection ID '***-postgres' for task execution.
[2025-07-07T15:11:12.019+0000] {base.py:84} INFO - Using connection ID '***-postgres' for task execution.
[2025-07-07T15:11:12.031+0000] {sql.py:487} INFO - Running statement: 
CREATE TABLE IF NOT EXISTS cotacoes (
    dt_fechamento DATE,
    cod_moeda TEXT,
    tipo_moeda TEXT,
    desc_moeda TEXT,
    taxa_compra REAL,
    taxa_venda REAL,
    paridade_compra REAL,
    paridade_venda REAL,
    data_processamento TIMESTAMP,
    CONSTRAINT table_pk PRIMARY KEY (dt_fechamento, cod_moeda)
);, parameters: None
[2025-07-07T15:11:12.038+0000] {taskinstance.py:441} INFO - ::group::Post task execution logs
[2025-07-07T15:11:12.056+0000] {taskinstance.py:1206} INFO - Marking task as SUCCESS. dag_id=fin_cotacoes_bcb_classic, task_id=create_table_postgres, run_id=scheduled__2025-02-27T00:00:00+00:00, execution_date=20250227T000000, start_date=20250707T151111, end_date=20250707T151112
[2025-07-07T15:11:12.154+0000] {local_task_job_runner.py:240} INFO - Task exited with return code 0
[2025-07-07T15:11:12.321+0000] {taskinstance.py:3503} INFO - 0 downstream tasks scheduled from follow-on schedule check
[2025-07-07T15:11:12.326+0000] {local_task_job_runner.py:222} INFO - ::endgroup::
