[2025-07-06T19:39:29.221+0000] {local_task_job_runner.py:120} INFO - ::group::Pre task execution logs
[2025-07-06T19:39:29.282+0000] {taskinstance.py:2076} INFO - Dependencies all met for dep_context=non-requeueable deps ti=<TaskInstance: fin_cotacoes_bcb_classic.extract scheduled__2025-03-15T00:00:00+00:00 [queued]>
[2025-07-06T19:39:29.301+0000] {taskinstance.py:2076} INFO - Dependencies all met for dep_context=requeueable deps ti=<TaskInstance: fin_cotacoes_bcb_classic.extract scheduled__2025-03-15T00:00:00+00:00 [queued]>
[2025-07-06T19:39:29.301+0000] {taskinstance.py:2306} INFO - Starting attempt 1 of 2
[2025-07-06T19:39:29.340+0000] {taskinstance.py:2330} INFO - Executing <Task(PythonOperator): extract> on 2025-03-15 00:00:00+00:00
[2025-07-06T19:39:29.385+0000] {logging_mixin.py:188} WARNING - /home/***/.local/lib/python3.12/site-packages/***/task/task_runner/standard_task_runner.py:61 DeprecationWarning: This process (pid=5232) is multi-threaded, use of fork() may lead to deadlocks in the child.
[2025-07-06T19:39:29.384+0000] {standard_task_runner.py:90} INFO - Running: ['***', 'tasks', 'run', 'fin_cotacoes_bcb_classic', 'extract', 'scheduled__2025-03-15T00:00:00+00:00', '--job-id', '1128', '--raw', '--subdir', 'DAGS_FOLDER/cotacoes.py', '--cfg-path', '/tmp/tmpyklwyqq4']
[2025-07-06T19:39:29.386+0000] {standard_task_runner.py:63} INFO - Started process 5292 to run task
[2025-07-06T19:39:29.386+0000] {standard_task_runner.py:91} INFO - Job 1128: Subtask extract
[2025-07-06T19:39:29.554+0000] {task_command.py:426} INFO - Running <TaskInstance: fin_cotacoes_bcb_classic.extract scheduled__2025-03-15T00:00:00+00:00 [running]> on host 20adb53d65c4
[2025-07-06T19:39:29.755+0000] {taskinstance.py:2648} INFO - Exporting env vars: AIRFLOW_CTX_DAG_OWNER='***' AIRFLOW_CTX_DAG_ID='fin_cotacoes_bcb_classic' AIRFLOW_CTX_TASK_ID='extract' AIRFLOW_CTX_EXECUTION_DATE='2025-03-15T00:00:00+00:00' AIRFLOW_CTX_TRY_NUMBER='1' AIRFLOW_CTX_DAG_RUN_ID='scheduled__2025-03-15T00:00:00+00:00'
[2025-07-06T19:39:29.756+0000] {taskinstance.py:430} INFO - ::endgroup::
[2025-07-06T19:39:29.757+0000] {cotacoes.py:37} INFO - Iniciando extração da URL: https://www4.bcb.gov.br/Download/fechamento/20250315.csv
[2025-07-06T19:39:29.989+0000] {cotacoes.py:46} ERROR - Erro ao acessar a URL: 404 Client Error: Not Found for url: https://www4.bcb.gov.br/Download/fechamento/20250315.csv
[2025-07-06T19:39:29.996+0000] {python.py:237} INFO - Done. Returned value was: None
[2025-07-06T19:39:29.997+0000] {taskinstance.py:441} INFO - ::group::Post task execution logs
[2025-07-06T19:39:30.015+0000] {taskinstance.py:1206} INFO - Marking task as SUCCESS. dag_id=fin_cotacoes_bcb_classic, task_id=extract, run_id=scheduled__2025-03-15T00:00:00+00:00, execution_date=20250315T000000, start_date=20250706T193929, end_date=20250706T193930
[2025-07-06T19:39:30.260+0000] {local_task_job_runner.py:240} INFO - Task exited with return code 0
[2025-07-06T19:39:30.287+0000] {local_task_job_runner.py:222} INFO - ::endgroup::
[2025-07-07T14:31:01.469+0000] {local_task_job_runner.py:120} INFO - ::group::Pre task execution logs
[2025-07-07T14:31:01.580+0000] {taskinstance.py:2076} INFO - Dependencies all met for dep_context=non-requeueable deps ti=<TaskInstance: fin_cotacoes_bcb_classic.extract scheduled__2025-03-15T00:00:00+00:00 [queued]>
[2025-07-07T14:31:01.598+0000] {taskinstance.py:2076} INFO - Dependencies all met for dep_context=requeueable deps ti=<TaskInstance: fin_cotacoes_bcb_classic.extract scheduled__2025-03-15T00:00:00+00:00 [queued]>
[2025-07-07T14:31:01.598+0000] {taskinstance.py:2306} INFO - Starting attempt 1 of 2
[2025-07-07T14:31:01.623+0000] {taskinstance.py:2330} INFO - Executing <Task(PythonOperator): extract> on 2025-03-15 00:00:00+00:00
[2025-07-07T14:31:01.650+0000] {logging_mixin.py:188} WARNING - /home/***/.local/lib/python3.12/site-packages/***/task/task_runner/standard_task_runner.py:61 DeprecationWarning: This process (pid=75919) is multi-threaded, use of fork() may lead to deadlocks in the child.
[2025-07-07T14:31:01.652+0000] {standard_task_runner.py:63} INFO - Started process 76009 to run task
[2025-07-07T14:31:01.650+0000] {standard_task_runner.py:90} INFO - Running: ['***', 'tasks', 'run', 'fin_cotacoes_bcb_classic', 'extract', 'scheduled__2025-03-15T00:00:00+00:00', '--job-id', '2150', '--raw', '--subdir', 'DAGS_FOLDER/cotacoes.py', '--cfg-path', '/tmp/tmp0ss7egwj']
[2025-07-07T14:31:01.655+0000] {standard_task_runner.py:91} INFO - Job 2150: Subtask extract
[2025-07-07T14:31:01.774+0000] {task_command.py:426} INFO - Running <TaskInstance: fin_cotacoes_bcb_classic.extract scheduled__2025-03-15T00:00:00+00:00 [running]> on host bc96ca91d307
[2025-07-07T14:31:02.037+0000] {taskinstance.py:2648} INFO - Exporting env vars: AIRFLOW_CTX_DAG_OWNER='***' AIRFLOW_CTX_DAG_ID='fin_cotacoes_bcb_classic' AIRFLOW_CTX_TASK_ID='extract' AIRFLOW_CTX_EXECUTION_DATE='2025-03-15T00:00:00+00:00' AIRFLOW_CTX_TRY_NUMBER='1' AIRFLOW_CTX_DAG_RUN_ID='scheduled__2025-03-15T00:00:00+00:00'
[2025-07-07T14:31:02.038+0000] {taskinstance.py:430} INFO - ::endgroup::
[2025-07-07T14:31:02.039+0000] {cotacoes.py:35} INFO - Iniciando extração da URL: https://www4.bcb.gov.br/Download/fechamento/20250315.csv
[2025-07-07T14:31:02.372+0000] {cotacoes.py:46} WARNING - Não foi possível extrair dados da URL (pode ser um dia sem cotação): 404 Client Error: Not Found for url: https://www4.bcb.gov.br/Download/fechamento/20250315.csv
[2025-07-07T14:31:02.373+0000] {python.py:237} INFO - Done. Returned value was: None
[2025-07-07T14:31:02.374+0000] {taskinstance.py:441} INFO - ::group::Post task execution logs
[2025-07-07T14:31:02.402+0000] {taskinstance.py:1206} INFO - Marking task as SUCCESS. dag_id=fin_cotacoes_bcb_classic, task_id=extract, run_id=scheduled__2025-03-15T00:00:00+00:00, execution_date=20250315T000000, start_date=20250707T143101, end_date=20250707T143102
[2025-07-07T14:31:02.494+0000] {local_task_job_runner.py:240} INFO - Task exited with return code 0
[2025-07-07T14:31:02.590+0000] {taskinstance.py:3503} INFO - 1 downstream tasks scheduled from follow-on schedule check
[2025-07-07T14:31:02.595+0000] {local_task_job_runner.py:222} INFO - ::endgroup::
[2025-07-07T14:34:04.411+0000] {local_task_job_runner.py:120} INFO - ::group::Pre task execution logs
[2025-07-07T14:34:04.508+0000] {taskinstance.py:2076} INFO - Dependencies all met for dep_context=non-requeueable deps ti=<TaskInstance: fin_cotacoes_bcb_classic.extract scheduled__2025-03-15T00:00:00+00:00 [queued]>
[2025-07-07T14:34:04.545+0000] {taskinstance.py:2076} INFO - Dependencies all met for dep_context=requeueable deps ti=<TaskInstance: fin_cotacoes_bcb_classic.extract scheduled__2025-03-15T00:00:00+00:00 [queued]>
[2025-07-07T14:34:04.546+0000] {taskinstance.py:2306} INFO - Starting attempt 1 of 2
[2025-07-07T14:34:04.579+0000] {taskinstance.py:2330} INFO - Executing <Task(PythonOperator): extract> on 2025-03-15 00:00:00+00:00
[2025-07-07T14:34:04.608+0000] {logging_mixin.py:188} WARNING - /home/***/.local/lib/python3.12/site-packages/***/task/task_runner/standard_task_runner.py:61 DeprecationWarning: This process (pid=78225) is multi-threaded, use of fork() may lead to deadlocks in the child.
[2025-07-07T14:34:04.620+0000] {standard_task_runner.py:63} INFO - Started process 78329 to run task
[2025-07-07T14:34:04.628+0000] {standard_task_runner.py:90} INFO - Running: ['***', 'tasks', 'run', 'fin_cotacoes_bcb_classic', 'extract', 'scheduled__2025-03-15T00:00:00+00:00', '--job-id', '2393', '--raw', '--subdir', 'DAGS_FOLDER/cotacoes.py', '--cfg-path', '/tmp/tmpmrd151a1']
[2025-07-07T14:34:04.630+0000] {standard_task_runner.py:91} INFO - Job 2393: Subtask extract
[2025-07-07T14:34:04.782+0000] {task_command.py:426} INFO - Running <TaskInstance: fin_cotacoes_bcb_classic.extract scheduled__2025-03-15T00:00:00+00:00 [running]> on host bc96ca91d307
[2025-07-07T14:34:05.081+0000] {taskinstance.py:2648} INFO - Exporting env vars: AIRFLOW_CTX_DAG_OWNER='***' AIRFLOW_CTX_DAG_ID='fin_cotacoes_bcb_classic' AIRFLOW_CTX_TASK_ID='extract' AIRFLOW_CTX_EXECUTION_DATE='2025-03-15T00:00:00+00:00' AIRFLOW_CTX_TRY_NUMBER='1' AIRFLOW_CTX_DAG_RUN_ID='scheduled__2025-03-15T00:00:00+00:00'
[2025-07-07T14:34:05.082+0000] {taskinstance.py:430} INFO - ::endgroup::
[2025-07-07T14:34:05.083+0000] {cotacoes.py:35} INFO - Iniciando extração da URL: https://www4.bcb.gov.br/Download/fechamento/20250315.csv
[2025-07-07T14:34:05.482+0000] {cotacoes.py:46} WARNING - Não foi possível extrair dados da URL (pode ser um dia sem cotação): 404 Client Error: Not Found for url: https://www4.bcb.gov.br/Download/fechamento/20250315.csv
[2025-07-07T14:34:05.487+0000] {python.py:237} INFO - Done. Returned value was: None
[2025-07-07T14:34:05.488+0000] {taskinstance.py:441} INFO - ::group::Post task execution logs
[2025-07-07T14:34:05.514+0000] {taskinstance.py:1206} INFO - Marking task as SUCCESS. dag_id=fin_cotacoes_bcb_classic, task_id=extract, run_id=scheduled__2025-03-15T00:00:00+00:00, execution_date=20250315T000000, start_date=20250707T143404, end_date=20250707T143405
[2025-07-07T14:34:05.577+0000] {local_task_job_runner.py:240} INFO - Task exited with return code 0
[2025-07-07T14:34:05.599+0000] {local_task_job_runner.py:222} INFO - ::endgroup::
[2025-07-07T15:11:26.824+0000] {local_task_job_runner.py:120} INFO - ::group::Pre task execution logs
[2025-07-07T15:11:26.920+0000] {taskinstance.py:2076} INFO - Dependencies all met for dep_context=non-requeueable deps ti=<TaskInstance: fin_cotacoes_bcb_classic.extract scheduled__2025-03-15T00:00:00+00:00 [queued]>
[2025-07-07T15:11:26.955+0000] {taskinstance.py:2076} INFO - Dependencies all met for dep_context=requeueable deps ti=<TaskInstance: fin_cotacoes_bcb_classic.extract scheduled__2025-03-15T00:00:00+00:00 [queued]>
[2025-07-07T15:11:26.955+0000] {taskinstance.py:2306} INFO - Starting attempt 1 of 2
[2025-07-07T15:11:27.014+0000] {taskinstance.py:2330} INFO - Executing <Task(PythonOperator): extract> on 2025-03-15 00:00:00+00:00
[2025-07-07T15:11:27.063+0000] {logging_mixin.py:188} WARNING - /home/***/.local/lib/python3.12/site-packages/***/task/task_runner/standard_task_runner.py:61 DeprecationWarning: This process (pid=102935) is multi-threaded, use of fork() may lead to deadlocks in the child.
[2025-07-07T15:11:27.064+0000] {standard_task_runner.py:63} INFO - Started process 102984 to run task
[2025-07-07T15:11:27.053+0000] {standard_task_runner.py:90} INFO - Running: ['***', 'tasks', 'run', 'fin_cotacoes_bcb_classic', 'extract', 'scheduled__2025-03-15T00:00:00+00:00', '--job-id', '4078', '--raw', '--subdir', 'DAGS_FOLDER/cotacoes.py', '--cfg-path', '/tmp/tmpnlrh5ox6']
[2025-07-07T15:11:27.068+0000] {standard_task_runner.py:91} INFO - Job 4078: Subtask extract
[2025-07-07T15:11:27.216+0000] {task_command.py:426} INFO - Running <TaskInstance: fin_cotacoes_bcb_classic.extract scheduled__2025-03-15T00:00:00+00:00 [running]> on host bc96ca91d307
[2025-07-07T15:11:27.598+0000] {taskinstance.py:2648} INFO - Exporting env vars: AIRFLOW_CTX_DAG_OWNER='***' AIRFLOW_CTX_DAG_ID='fin_cotacoes_bcb_classic' AIRFLOW_CTX_TASK_ID='extract' AIRFLOW_CTX_EXECUTION_DATE='2025-03-15T00:00:00+00:00' AIRFLOW_CTX_TRY_NUMBER='1' AIRFLOW_CTX_DAG_RUN_ID='scheduled__2025-03-15T00:00:00+00:00'
[2025-07-07T15:11:27.599+0000] {taskinstance.py:430} INFO - ::endgroup::
[2025-07-07T15:11:27.600+0000] {cotacoes.py:35} INFO - Iniciando extração da URL: https://www4.bcb.gov.br/Download/fechamento/20250315.csv
[2025-07-07T15:11:28.054+0000] {cotacoes.py:46} WARNING - Não foi possível extrair dados da URL (pode ser um dia sem cotação): 404 Client Error: Not Found for url: https://www4.bcb.gov.br/Download/fechamento/20250315.csv
[2025-07-07T15:11:28.056+0000] {python.py:237} INFO - Done. Returned value was: None
[2025-07-07T15:11:28.056+0000] {taskinstance.py:441} INFO - ::group::Post task execution logs
[2025-07-07T15:11:28.152+0000] {taskinstance.py:1206} INFO - Marking task as SUCCESS. dag_id=fin_cotacoes_bcb_classic, task_id=extract, run_id=scheduled__2025-03-15T00:00:00+00:00, execution_date=20250315T000000, start_date=20250707T151126, end_date=20250707T151128
[2025-07-07T15:11:28.646+0000] {local_task_job_runner.py:240} INFO - Task exited with return code 0
[2025-07-07T15:11:28.814+0000] {taskinstance.py:3503} INFO - 1 downstream tasks scheduled from follow-on schedule check
[2025-07-07T15:11:28.823+0000] {local_task_job_runner.py:222} INFO - ::endgroup::
