[2025-07-07T14:35:51.917+0000] {local_task_job_runner.py:120} INFO - ::group::Pre task execution logs
[2025-07-07T14:35:51.996+0000] {taskinstance.py:2076} INFO - Dependencies all met for dep_context=non-requeueable deps ti=<TaskInstance: fin_cotacoes_bcb_classic.transform_and_load scheduled__2025-06-06T00:00:00+00:00 [queued]>
[2025-07-07T14:35:52.015+0000] {taskinstance.py:2076} INFO - Dependencies all met for dep_context=requeueable deps ti=<TaskInstance: fin_cotacoes_bcb_classic.transform_and_load scheduled__2025-06-06T00:00:00+00:00 [queued]>
[2025-07-07T14:35:52.016+0000] {taskinstance.py:2306} INFO - Starting attempt 1 of 2
[2025-07-07T14:35:52.033+0000] {taskinstance.py:2330} INFO - Executing <Task(PythonOperator): transform_and_load> on 2025-06-06 00:00:00+00:00
[2025-07-07T14:35:52.063+0000] {standard_task_runner.py:90} INFO - Running: ['***', 'tasks', 'run', 'fin_cotacoes_bcb_classic', 'transform_and_load', 'scheduled__2025-06-06T00:00:00+00:00', '--job-id', '2671', '--raw', '--subdir', 'DAGS_FOLDER/cotacoes.py', '--cfg-path', '/tmp/tmpd3hq2h1u']
[2025-07-07T14:35:52.066+0000] {standard_task_runner.py:91} INFO - Job 2671: Subtask transform_and_load
[2025-07-07T14:35:52.063+0000] {logging_mixin.py:188} WARNING - /home/***/.local/lib/python3.12/site-packages/***/task/task_runner/standard_task_runner.py:61 DeprecationWarning: This process (pid=80044) is multi-threaded, use of fork() may lead to deadlocks in the child.
[2025-07-07T14:35:52.071+0000] {standard_task_runner.py:63} INFO - Started process 80091 to run task
[2025-07-07T14:35:52.142+0000] {task_command.py:426} INFO - Running <TaskInstance: fin_cotacoes_bcb_classic.transform_and_load scheduled__2025-06-06T00:00:00+00:00 [running]> on host bc96ca91d307
[2025-07-07T14:35:52.303+0000] {taskinstance.py:2648} INFO - Exporting env vars: AIRFLOW_CTX_DAG_OWNER='***' AIRFLOW_CTX_DAG_ID='fin_cotacoes_bcb_classic' AIRFLOW_CTX_TASK_ID='transform_and_load' AIRFLOW_CTX_EXECUTION_DATE='2025-06-06T00:00:00+00:00' AIRFLOW_CTX_TRY_NUMBER='1' AIRFLOW_CTX_DAG_RUN_ID='scheduled__2025-06-06T00:00:00+00:00'
[2025-07-07T14:35:52.304+0000] {taskinstance.py:430} INFO - ::endgroup::
[2025-07-07T14:35:52.339+0000] {cotacoes.py:109} INFO - DataFrame transformado com 157 linhas.
[2025-07-07T14:35:52.354+0000] {base.py:84} INFO - Using connection ID '***-postgres' for task execution.
[2025-07-07T14:35:52.374+0000] {base.py:84} INFO - Using connection ID '***-postgres' for task execution.
[2025-07-07T14:35:52.419+0000] {sql.py:598} INFO - Loaded 157 rows into cotacoes so far
[2025-07-07T14:35:52.421+0000] {sql.py:611} INFO - Done loading. Loaded a total of 157 rows into cotacoes
[2025-07-07T14:35:52.421+0000] {cotacoes.py:124} INFO - Carregados/Atualizados 157 registros na tabela cotacoes.
[2025-07-07T14:35:52.422+0000] {python.py:237} INFO - Done. Returned value was: None
[2025-07-07T14:35:52.422+0000] {taskinstance.py:441} INFO - ::group::Post task execution logs
[2025-07-07T14:35:52.438+0000] {taskinstance.py:1206} INFO - Marking task as SUCCESS. dag_id=fin_cotacoes_bcb_classic, task_id=transform_and_load, run_id=scheduled__2025-06-06T00:00:00+00:00, execution_date=20250606T000000, start_date=20250707T143551, end_date=20250707T143552
[2025-07-07T14:35:52.497+0000] {local_task_job_runner.py:240} INFO - Task exited with return code 0
[2025-07-07T14:35:52.528+0000] {taskinstance.py:3503} INFO - 0 downstream tasks scheduled from follow-on schedule check
[2025-07-07T14:35:52.530+0000] {local_task_job_runner.py:222} INFO - ::endgroup::
[2025-07-07T15:13:11.918+0000] {local_task_job_runner.py:120} INFO - ::group::Pre task execution logs
[2025-07-07T15:13:12.016+0000] {taskinstance.py:2076} INFO - Dependencies all met for dep_context=non-requeueable deps ti=<TaskInstance: fin_cotacoes_bcb_classic.transform_and_load scheduled__2025-06-06T00:00:00+00:00 [queued]>
[2025-07-07T15:13:12.040+0000] {taskinstance.py:2076} INFO - Dependencies all met for dep_context=requeueable deps ti=<TaskInstance: fin_cotacoes_bcb_classic.transform_and_load scheduled__2025-06-06T00:00:00+00:00 [queued]>
[2025-07-07T15:13:12.040+0000] {taskinstance.py:2306} INFO - Starting attempt 1 of 2
[2025-07-07T15:13:12.076+0000] {taskinstance.py:2330} INFO - Executing <Task(PythonOperator): transform_and_load> on 2025-06-06 00:00:00+00:00
[2025-07-07T15:13:12.105+0000] {standard_task_runner.py:90} INFO - Running: ['***', 'tasks', 'run', 'fin_cotacoes_bcb_classic', 'transform_and_load', 'scheduled__2025-06-06T00:00:00+00:00', '--job-id', '4355', '--raw', '--subdir', 'DAGS_FOLDER/cotacoes.py', '--cfg-path', '/tmp/tmpwycken2e']
[2025-07-07T15:13:12.107+0000] {standard_task_runner.py:91} INFO - Job 4355: Subtask transform_and_load
[2025-07-07T15:13:12.125+0000] {logging_mixin.py:188} WARNING - /home/***/.local/lib/python3.12/site-packages/***/task/task_runner/standard_task_runner.py:61 DeprecationWarning: This process (pid=104698) is multi-threaded, use of fork() may lead to deadlocks in the child.
[2025-07-07T15:13:12.126+0000] {standard_task_runner.py:63} INFO - Started process 104790 to run task
[2025-07-07T15:13:12.236+0000] {task_command.py:426} INFO - Running <TaskInstance: fin_cotacoes_bcb_classic.transform_and_load scheduled__2025-06-06T00:00:00+00:00 [running]> on host bc96ca91d307
[2025-07-07T15:13:12.517+0000] {taskinstance.py:2648} INFO - Exporting env vars: AIRFLOW_CTX_DAG_OWNER='***' AIRFLOW_CTX_DAG_ID='fin_cotacoes_bcb_classic' AIRFLOW_CTX_TASK_ID='transform_and_load' AIRFLOW_CTX_EXECUTION_DATE='2025-06-06T00:00:00+00:00' AIRFLOW_CTX_TRY_NUMBER='1' AIRFLOW_CTX_DAG_RUN_ID='scheduled__2025-06-06T00:00:00+00:00'
[2025-07-07T15:13:12.518+0000] {taskinstance.py:430} INFO - ::endgroup::
[2025-07-07T15:13:12.592+0000] {cotacoes.py:109} INFO - DataFrame transformado com 157 linhas.
[2025-07-07T15:13:12.614+0000] {base.py:84} INFO - Using connection ID '***-postgres' for task execution.
[2025-07-07T15:13:12.639+0000] {base.py:84} INFO - Using connection ID '***-postgres' for task execution.
[2025-07-07T15:13:12.763+0000] {sql.py:598} INFO - Loaded 157 rows into cotacoes so far
[2025-07-07T15:13:12.763+0000] {sql.py:611} INFO - Done loading. Loaded a total of 157 rows into cotacoes
[2025-07-07T15:13:12.764+0000] {cotacoes.py:124} INFO - Carregados/Atualizados 157 registros na tabela cotacoes.
[2025-07-07T15:13:12.764+0000] {python.py:237} INFO - Done. Returned value was: None
[2025-07-07T15:13:12.764+0000] {taskinstance.py:441} INFO - ::group::Post task execution logs
[2025-07-07T15:13:12.801+0000] {taskinstance.py:1206} INFO - Marking task as SUCCESS. dag_id=fin_cotacoes_bcb_classic, task_id=transform_and_load, run_id=scheduled__2025-06-06T00:00:00+00:00, execution_date=20250606T000000, start_date=20250707T151312, end_date=20250707T151312
[2025-07-07T15:13:12.859+0000] {local_task_job_runner.py:240} INFO - Task exited with return code 0
[2025-07-07T15:13:12.928+0000] {taskinstance.py:3503} INFO - 0 downstream tasks scheduled from follow-on schedule check
[2025-07-07T15:13:12.934+0000] {local_task_job_runner.py:222} INFO - ::endgroup::
