[2025-07-07T14:35:02.105+0000] {local_task_job_runner.py:120} INFO - ::group::Pre task execution logs
[2025-07-07T14:35:02.224+0000] {taskinstance.py:2076} INFO - Dependencies all met for dep_context=non-requeueable deps ti=<TaskInstance: fin_cotacoes_bcb_classic.transform_and_load scheduled__2025-04-21T00:00:00+00:00 [queued]>
[2025-07-07T14:35:02.246+0000] {taskinstance.py:2076} INFO - Dependencies all met for dep_context=requeueable deps ti=<TaskInstance: fin_cotacoes_bcb_classic.transform_and_load scheduled__2025-04-21T00:00:00+00:00 [queued]>
[2025-07-07T14:35:02.246+0000] {taskinstance.py:2306} INFO - Starting attempt 1 of 2
[2025-07-07T14:35:02.453+0000] {taskinstance.py:2330} INFO - Executing <Task(PythonOperator): transform_and_load> on 2025-04-21 00:00:00+00:00
[2025-07-07T14:35:02.483+0000] {logging_mixin.py:188} WARNING - /home/***/.local/lib/python3.12/site-packages/***/task/task_runner/standard_task_runner.py:61 DeprecationWarning: This process (pid=79209) is multi-threaded, use of fork() may lead to deadlocks in the child.
[2025-07-07T14:35:02.484+0000] {standard_task_runner.py:63} INFO - Started process 79274 to run task
[2025-07-07T14:35:02.492+0000] {standard_task_runner.py:90} INFO - Running: ['***', 'tasks', 'run', 'fin_cotacoes_bcb_classic', 'transform_and_load', 'scheduled__2025-04-21T00:00:00+00:00', '--job-id', '2541', '--raw', '--subdir', 'DAGS_FOLDER/cotacoes.py', '--cfg-path', '/tmp/tmp8g3v85ep']
[2025-07-07T14:35:02.506+0000] {standard_task_runner.py:91} INFO - Job 2541: Subtask transform_and_load
[2025-07-07T14:35:02.648+0000] {task_command.py:426} INFO - Running <TaskInstance: fin_cotacoes_bcb_classic.transform_and_load scheduled__2025-04-21T00:00:00+00:00 [running]> on host bc96ca91d307
[2025-07-07T14:35:02.852+0000] {taskinstance.py:2648} INFO - Exporting env vars: AIRFLOW_CTX_DAG_OWNER='***' AIRFLOW_CTX_DAG_ID='fin_cotacoes_bcb_classic' AIRFLOW_CTX_TASK_ID='transform_and_load' AIRFLOW_CTX_EXECUTION_DATE='2025-04-21T00:00:00+00:00' AIRFLOW_CTX_TRY_NUMBER='1' AIRFLOW_CTX_DAG_RUN_ID='scheduled__2025-04-21T00:00:00+00:00'
[2025-07-07T14:35:02.854+0000] {taskinstance.py:430} INFO - ::endgroup::
[2025-07-07T14:35:02.869+0000] {cotacoes.py:91} WARNING - Nenhum dado recebido da tarefa de extração. Pulando transformação e carga.
[2025-07-07T14:35:02.869+0000] {python.py:237} INFO - Done. Returned value was: None
[2025-07-07T14:35:02.869+0000] {taskinstance.py:441} INFO - ::group::Post task execution logs
[2025-07-07T14:35:02.890+0000] {taskinstance.py:1206} INFO - Marking task as SUCCESS. dag_id=fin_cotacoes_bcb_classic, task_id=transform_and_load, run_id=scheduled__2025-04-21T00:00:00+00:00, execution_date=20250421T000000, start_date=20250707T143502, end_date=20250707T143502
[2025-07-07T14:35:02.945+0000] {local_task_job_runner.py:240} INFO - Task exited with return code 0
[2025-07-07T14:35:02.982+0000] {local_task_job_runner.py:222} INFO - ::endgroup::
[2025-07-07T15:12:16.561+0000] {local_task_job_runner.py:120} INFO - ::group::Pre task execution logs
[2025-07-07T15:12:16.627+0000] {taskinstance.py:2076} INFO - Dependencies all met for dep_context=non-requeueable deps ti=<TaskInstance: fin_cotacoes_bcb_classic.transform_and_load scheduled__2025-04-21T00:00:00+00:00 [queued]>
[2025-07-07T15:12:16.653+0000] {taskinstance.py:2076} INFO - Dependencies all met for dep_context=requeueable deps ti=<TaskInstance: fin_cotacoes_bcb_classic.transform_and_load scheduled__2025-04-21T00:00:00+00:00 [queued]>
[2025-07-07T15:12:16.655+0000] {taskinstance.py:2306} INFO - Starting attempt 1 of 2
[2025-07-07T15:12:16.692+0000] {taskinstance.py:2330} INFO - Executing <Task(PythonOperator): transform_and_load> on 2025-04-21 00:00:00+00:00
[2025-07-07T15:12:16.720+0000] {logging_mixin.py:188} WARNING - /home/***/.local/lib/python3.12/site-packages/***/task/task_runner/standard_task_runner.py:61 DeprecationWarning: This process (pid=103813) is multi-threaded, use of fork() may lead to deadlocks in the child.
[2025-07-07T15:12:16.721+0000] {standard_task_runner.py:63} INFO - Started process 103869 to run task
[2025-07-07T15:12:16.721+0000] {standard_task_runner.py:90} INFO - Running: ['***', 'tasks', 'run', 'fin_cotacoes_bcb_classic', 'transform_and_load', 'scheduled__2025-04-21T00:00:00+00:00', '--job-id', '4207', '--raw', '--subdir', 'DAGS_FOLDER/cotacoes.py', '--cfg-path', '/tmp/tmp7ea6i_tb']
[2025-07-07T15:12:16.727+0000] {standard_task_runner.py:91} INFO - Job 4207: Subtask transform_and_load
[2025-07-07T15:12:16.954+0000] {task_command.py:426} INFO - Running <TaskInstance: fin_cotacoes_bcb_classic.transform_and_load scheduled__2025-04-21T00:00:00+00:00 [running]> on host bc96ca91d307
[2025-07-07T15:12:17.281+0000] {taskinstance.py:2648} INFO - Exporting env vars: AIRFLOW_CTX_DAG_OWNER='***' AIRFLOW_CTX_DAG_ID='fin_cotacoes_bcb_classic' AIRFLOW_CTX_TASK_ID='transform_and_load' AIRFLOW_CTX_EXECUTION_DATE='2025-04-21T00:00:00+00:00' AIRFLOW_CTX_TRY_NUMBER='1' AIRFLOW_CTX_DAG_RUN_ID='scheduled__2025-04-21T00:00:00+00:00'
[2025-07-07T15:12:17.283+0000] {taskinstance.py:430} INFO - ::endgroup::
[2025-07-07T15:12:17.311+0000] {cotacoes.py:91} WARNING - Nenhum dado recebido da tarefa de extração. Pulando transformação e carga.
[2025-07-07T15:12:17.311+0000] {python.py:237} INFO - Done. Returned value was: None
[2025-07-07T15:12:17.311+0000] {taskinstance.py:441} INFO - ::group::Post task execution logs
[2025-07-07T15:12:17.327+0000] {taskinstance.py:1206} INFO - Marking task as SUCCESS. dag_id=fin_cotacoes_bcb_classic, task_id=transform_and_load, run_id=scheduled__2025-04-21T00:00:00+00:00, execution_date=20250421T000000, start_date=20250707T151216, end_date=20250707T151217
[2025-07-07T15:12:17.375+0000] {local_task_job_runner.py:240} INFO - Task exited with return code 0
[2025-07-07T15:12:17.425+0000] {taskinstance.py:3503} INFO - 0 downstream tasks scheduled from follow-on schedule check
[2025-07-07T15:12:17.431+0000] {local_task_job_runner.py:222} INFO - ::endgroup::
