[2025-07-07T14:36:11.934+0000] {local_task_job_runner.py:120} INFO - ::group::Pre task execution logs
[2025-07-07T14:36:11.986+0000] {taskinstance.py:2076} INFO - Dependencies all met for dep_context=non-requeueable deps ti=<TaskInstance: fin_cotacoes_bcb_classic.transform_and_load scheduled__2025-06-29T00:00:00+00:00 [queued]>
[2025-07-07T14:36:11.999+0000] {taskinstance.py:2076} INFO - Dependencies all met for dep_context=requeueable deps ti=<TaskInstance: fin_cotacoes_bcb_classic.transform_and_load scheduled__2025-06-29T00:00:00+00:00 [queued]>
[2025-07-07T14:36:12.000+0000] {taskinstance.py:2306} INFO - Starting attempt 1 of 2
[2025-07-07T14:36:12.026+0000] {taskinstance.py:2330} INFO - Executing <Task(PythonOperator): transform_and_load> on 2025-06-29 00:00:00+00:00
[2025-07-07T14:36:12.040+0000] {logging_mixin.py:188} WARNING - /home/***/.local/lib/python3.12/site-packages/***/task/task_runner/standard_task_runner.py:61 DeprecationWarning: This process (pid=80354) is multi-threaded, use of fork() may lead to deadlocks in the child.
[2025-07-07T14:36:12.041+0000] {standard_task_runner.py:63} INFO - Started process 80440 to run task
[2025-07-07T14:36:12.040+0000] {standard_task_runner.py:90} INFO - Running: ['***', 'tasks', 'run', 'fin_cotacoes_bcb_classic', 'transform_and_load', 'scheduled__2025-06-29T00:00:00+00:00', '--job-id', '2725', '--raw', '--subdir', 'DAGS_FOLDER/cotacoes.py', '--cfg-path', '/tmp/tmphg_4o7sp']
[2025-07-07T14:36:12.044+0000] {standard_task_runner.py:91} INFO - Job 2725: Subtask transform_and_load
[2025-07-07T14:36:12.158+0000] {task_command.py:426} INFO - Running <TaskInstance: fin_cotacoes_bcb_classic.transform_and_load scheduled__2025-06-29T00:00:00+00:00 [running]> on host bc96ca91d307
[2025-07-07T14:36:12.353+0000] {taskinstance.py:2648} INFO - Exporting env vars: AIRFLOW_CTX_DAG_OWNER='***' AIRFLOW_CTX_DAG_ID='fin_cotacoes_bcb_classic' AIRFLOW_CTX_TASK_ID='transform_and_load' AIRFLOW_CTX_EXECUTION_DATE='2025-06-29T00:00:00+00:00' AIRFLOW_CTX_TRY_NUMBER='1' AIRFLOW_CTX_DAG_RUN_ID='scheduled__2025-06-29T00:00:00+00:00'
[2025-07-07T14:36:12.355+0000] {taskinstance.py:430} INFO - ::endgroup::
[2025-07-07T14:36:12.368+0000] {cotacoes.py:91} WARNING - Nenhum dado recebido da tarefa de extração. Pulando transformação e carga.
[2025-07-07T14:36:12.369+0000] {python.py:237} INFO - Done. Returned value was: None
[2025-07-07T14:36:12.369+0000] {taskinstance.py:441} INFO - ::group::Post task execution logs
[2025-07-07T14:36:12.381+0000] {taskinstance.py:1206} INFO - Marking task as SUCCESS. dag_id=fin_cotacoes_bcb_classic, task_id=transform_and_load, run_id=scheduled__2025-06-29T00:00:00+00:00, execution_date=20250629T000000, start_date=20250707T143611, end_date=20250707T143612
[2025-07-07T14:36:12.429+0000] {local_task_job_runner.py:240} INFO - Task exited with return code 0
[2025-07-07T14:36:12.449+0000] {taskinstance.py:3503} INFO - 0 downstream tasks scheduled from follow-on schedule check
[2025-07-07T14:36:12.450+0000] {local_task_job_runner.py:222} INFO - ::endgroup::
[2025-07-07T15:13:28.835+0000] {local_task_job_runner.py:120} INFO - ::group::Pre task execution logs
[2025-07-07T15:13:28.885+0000] {taskinstance.py:2076} INFO - Dependencies all met for dep_context=non-requeueable deps ti=<TaskInstance: fin_cotacoes_bcb_classic.transform_and_load scheduled__2025-06-29T00:00:00+00:00 [queued]>
[2025-07-07T15:13:28.895+0000] {taskinstance.py:2076} INFO - Dependencies all met for dep_context=requeueable deps ti=<TaskInstance: fin_cotacoes_bcb_classic.transform_and_load scheduled__2025-06-29T00:00:00+00:00 [queued]>
[2025-07-07T15:13:28.895+0000] {taskinstance.py:2306} INFO - Starting attempt 1 of 2
[2025-07-07T15:13:28.925+0000] {taskinstance.py:2330} INFO - Executing <Task(PythonOperator): transform_and_load> on 2025-06-29 00:00:00+00:00
[2025-07-07T15:13:28.937+0000] {logging_mixin.py:188} WARNING - /home/***/.local/lib/python3.12/site-packages/***/task/task_runner/standard_task_runner.py:61 DeprecationWarning: This process (pid=104977) is multi-threaded, use of fork() may lead to deadlocks in the child.
[2025-07-07T15:13:28.937+0000] {standard_task_runner.py:90} INFO - Running: ['***', 'tasks', 'run', 'fin_cotacoes_bcb_classic', 'transform_and_load', 'scheduled__2025-06-29T00:00:00+00:00', '--job-id', '4400', '--raw', '--subdir', 'DAGS_FOLDER/cotacoes.py', '--cfg-path', '/tmp/tmpk8mp6r_a']
[2025-07-07T15:13:28.940+0000] {standard_task_runner.py:91} INFO - Job 4400: Subtask transform_and_load
[2025-07-07T15:13:28.940+0000] {standard_task_runner.py:63} INFO - Started process 105003 to run task
[2025-07-07T15:13:29.015+0000] {task_command.py:426} INFO - Running <TaskInstance: fin_cotacoes_bcb_classic.transform_and_load scheduled__2025-06-29T00:00:00+00:00 [running]> on host bc96ca91d307
[2025-07-07T15:13:29.118+0000] {taskinstance.py:2648} INFO - Exporting env vars: AIRFLOW_CTX_DAG_OWNER='***' AIRFLOW_CTX_DAG_ID='fin_cotacoes_bcb_classic' AIRFLOW_CTX_TASK_ID='transform_and_load' AIRFLOW_CTX_EXECUTION_DATE='2025-06-29T00:00:00+00:00' AIRFLOW_CTX_TRY_NUMBER='1' AIRFLOW_CTX_DAG_RUN_ID='scheduled__2025-06-29T00:00:00+00:00'
[2025-07-07T15:13:29.120+0000] {taskinstance.py:430} INFO - ::endgroup::
[2025-07-07T15:13:29.133+0000] {cotacoes.py:91} WARNING - Nenhum dado recebido da tarefa de extração. Pulando transformação e carga.
[2025-07-07T15:13:29.133+0000] {python.py:237} INFO - Done. Returned value was: None
[2025-07-07T15:13:29.133+0000] {taskinstance.py:441} INFO - ::group::Post task execution logs
[2025-07-07T15:13:29.143+0000] {taskinstance.py:1206} INFO - Marking task as SUCCESS. dag_id=fin_cotacoes_bcb_classic, task_id=transform_and_load, run_id=scheduled__2025-06-29T00:00:00+00:00, execution_date=20250629T000000, start_date=20250707T151328, end_date=20250707T151329
[2025-07-07T15:13:29.194+0000] {local_task_job_runner.py:240} INFO - Task exited with return code 0
[2025-07-07T15:13:29.212+0000] {taskinstance.py:3503} INFO - 0 downstream tasks scheduled from follow-on schedule check
[2025-07-07T15:13:29.213+0000] {local_task_job_runner.py:222} INFO - ::endgroup::
