[2025-07-07T14:34:54.650+0000] {local_task_job_runner.py:120} INFO - ::group::Pre task execution logs
[2025-07-07T14:34:54.854+0000] {taskinstance.py:2076} INFO - Dependencies all met for dep_context=non-requeueable deps ti=<TaskInstance: fin_cotacoes_bcb_classic.create_table_postgres scheduled__2025-04-23T00:00:00+00:00 [queued]>
[2025-07-07T14:34:54.875+0000] {taskinstance.py:2076} INFO - Dependencies all met for dep_context=requeueable deps ti=<TaskInstance: fin_cotacoes_bcb_classic.create_table_postgres scheduled__2025-04-23T00:00:00+00:00 [queued]>
[2025-07-07T14:34:54.876+0000] {taskinstance.py:2306} INFO - Starting attempt 1 of 2
[2025-07-07T14:34:54.912+0000] {taskinstance.py:2330} INFO - Executing <Task(SQLExecuteQueryOperator): create_table_postgres> on 2025-04-23 00:00:00+00:00
[2025-07-07T14:34:54.930+0000] {standard_task_runner.py:90} INFO - Running: ['***', 'tasks', 'run', 'fin_cotacoes_bcb_classic', 'create_table_postgres', 'scheduled__2025-04-23T00:00:00+00:00', '--job-id', '2521', '--raw', '--subdir', 'DAGS_FOLDER/cotacoes.py', '--cfg-path', '/tmp/tmphxuir4fl']
[2025-07-07T14:34:54.929+0000] {logging_mixin.py:188} WARNING - /home/***/.local/lib/python3.12/site-packages/***/task/task_runner/standard_task_runner.py:61 DeprecationWarning: This process (pid=79069) is multi-threaded, use of fork() may lead to deadlocks in the child.
[2025-07-07T14:34:54.941+0000] {standard_task_runner.py:91} INFO - Job 2521: Subtask create_table_postgres
[2025-07-07T14:34:54.942+0000] {standard_task_runner.py:63} INFO - Started process 79128 to run task
[2025-07-07T14:34:55.100+0000] {task_command.py:426} INFO - Running <TaskInstance: fin_cotacoes_bcb_classic.create_table_postgres scheduled__2025-04-23T00:00:00+00:00 [running]> on host bc96ca91d307
[2025-07-07T14:34:55.358+0000] {taskinstance.py:2648} INFO - Exporting env vars: AIRFLOW_CTX_DAG_OWNER='***' AIRFLOW_CTX_DAG_ID='fin_cotacoes_bcb_classic' AIRFLOW_CTX_TASK_ID='create_table_postgres' AIRFLOW_CTX_EXECUTION_DATE='2025-04-23T00:00:00+00:00' AIRFLOW_CTX_TRY_NUMBER='1' AIRFLOW_CTX_DAG_RUN_ID='scheduled__2025-04-23T00:00:00+00:00'
[2025-07-07T14:34:55.360+0000] {taskinstance.py:430} INFO - ::endgroup::
[2025-07-07T14:34:55.360+0000] {sql.py:276} INFO - Executing: 
CREATE TABLE IF NOT EXISTS cotacoes (
    dt_fechamento DATE,
    cod_moeda TEXT,
    tipo_moeda TEXT,
    desc_moeda TEXT,
    taxa_compra REAL,
    taxa_venda REAL,
    paridade_compra REAL,
    paridade_venda REAL,
    data_processamento TIMESTAMP,
    CONSTRAINT table_pk PRIMARY KEY (dt_fechamento, cod_moeda)
);
[2025-07-07T14:34:55.406+0000] {base.py:84} INFO - Using connection ID '***-postgres' for task execution.
[2025-07-07T14:34:55.437+0000] {base.py:84} INFO - Using connection ID '***-postgres' for task execution.
[2025-07-07T14:34:55.446+0000] {sql.py:487} INFO - Running statement: 
CREATE TABLE IF NOT EXISTS cotacoes (
    dt_fechamento DATE,
    cod_moeda TEXT,
    tipo_moeda TEXT,
    desc_moeda TEXT,
    taxa_compra REAL,
    taxa_venda REAL,
    paridade_compra REAL,
    paridade_venda REAL,
    data_processamento TIMESTAMP,
    CONSTRAINT table_pk PRIMARY KEY (dt_fechamento, cod_moeda)
);, parameters: None
[2025-07-07T14:34:55.449+0000] {taskinstance.py:441} INFO - ::group::Post task execution logs
[2025-07-07T14:34:55.468+0000] {taskinstance.py:1206} INFO - Marking task as SUCCESS. dag_id=fin_cotacoes_bcb_classic, task_id=create_table_postgres, run_id=scheduled__2025-04-23T00:00:00+00:00, execution_date=20250423T000000, start_date=20250707T143454, end_date=20250707T143455
[2025-07-07T14:34:55.533+0000] {local_task_job_runner.py:240} INFO - Task exited with return code 0
[2025-07-07T14:34:55.582+0000] {local_task_job_runner.py:222} INFO - ::endgroup::
[2025-07-07T15:12:11.723+0000] {local_task_job_runner.py:120} INFO - ::group::Pre task execution logs
[2025-07-07T15:12:11.839+0000] {taskinstance.py:2076} INFO - Dependencies all met for dep_context=non-requeueable deps ti=<TaskInstance: fin_cotacoes_bcb_classic.create_table_postgres scheduled__2025-04-23T00:00:00+00:00 [queued]>
[2025-07-07T15:12:11.864+0000] {taskinstance.py:2076} INFO - Dependencies all met for dep_context=requeueable deps ti=<TaskInstance: fin_cotacoes_bcb_classic.create_table_postgres scheduled__2025-04-23T00:00:00+00:00 [queued]>
[2025-07-07T15:12:11.864+0000] {taskinstance.py:2306} INFO - Starting attempt 1 of 2
[2025-07-07T15:12:11.928+0000] {taskinstance.py:2330} INFO - Executing <Task(SQLExecuteQueryOperator): create_table_postgres> on 2025-04-23 00:00:00+00:00
[2025-07-07T15:12:11.958+0000] {standard_task_runner.py:90} INFO - Running: ['***', 'tasks', 'run', 'fin_cotacoes_bcb_classic', 'create_table_postgres', 'scheduled__2025-04-23T00:00:00+00:00', '--job-id', '4193', '--raw', '--subdir', 'DAGS_FOLDER/cotacoes.py', '--cfg-path', '/tmp/tmpkqyfni89']
[2025-07-07T15:12:11.969+0000] {standard_task_runner.py:91} INFO - Job 4193: Subtask create_table_postgres
[2025-07-07T15:12:11.968+0000] {logging_mixin.py:188} WARNING - /home/***/.local/lib/python3.12/site-packages/***/task/task_runner/standard_task_runner.py:61 DeprecationWarning: This process (pid=103716) is multi-threaded, use of fork() may lead to deadlocks in the child.
[2025-07-07T15:12:11.969+0000] {standard_task_runner.py:63} INFO - Started process 103794 to run task
[2025-07-07T15:12:12.138+0000] {task_command.py:426} INFO - Running <TaskInstance: fin_cotacoes_bcb_classic.create_table_postgres scheduled__2025-04-23T00:00:00+00:00 [running]> on host bc96ca91d307
[2025-07-07T15:12:12.528+0000] {taskinstance.py:2648} INFO - Exporting env vars: AIRFLOW_CTX_DAG_OWNER='***' AIRFLOW_CTX_DAG_ID='fin_cotacoes_bcb_classic' AIRFLOW_CTX_TASK_ID='create_table_postgres' AIRFLOW_CTX_EXECUTION_DATE='2025-04-23T00:00:00+00:00' AIRFLOW_CTX_TRY_NUMBER='1' AIRFLOW_CTX_DAG_RUN_ID='scheduled__2025-04-23T00:00:00+00:00'
[2025-07-07T15:12:12.530+0000] {taskinstance.py:430} INFO - ::endgroup::
[2025-07-07T15:12:12.530+0000] {sql.py:276} INFO - Executing: 
CREATE TABLE IF NOT EXISTS cotacoes (
    dt_fechamento DATE,
    cod_moeda TEXT,
    tipo_moeda TEXT,
    desc_moeda TEXT,
    taxa_compra REAL,
    taxa_venda REAL,
    paridade_compra REAL,
    paridade_venda REAL,
    data_processamento TIMESTAMP,
    CONSTRAINT table_pk PRIMARY KEY (dt_fechamento, cod_moeda)
);
[2025-07-07T15:12:12.562+0000] {base.py:84} INFO - Using connection ID '***-postgres' for task execution.
[2025-07-07T15:12:12.603+0000] {base.py:84} INFO - Using connection ID '***-postgres' for task execution.
[2025-07-07T15:12:12.611+0000] {sql.py:487} INFO - Running statement: 
CREATE TABLE IF NOT EXISTS cotacoes (
    dt_fechamento DATE,
    cod_moeda TEXT,
    tipo_moeda TEXT,
    desc_moeda TEXT,
    taxa_compra REAL,
    taxa_venda REAL,
    paridade_compra REAL,
    paridade_venda REAL,
    data_processamento TIMESTAMP,
    CONSTRAINT table_pk PRIMARY KEY (dt_fechamento, cod_moeda)
);, parameters: None
[2025-07-07T15:12:12.615+0000] {taskinstance.py:441} INFO - ::group::Post task execution logs
[2025-07-07T15:12:12.636+0000] {taskinstance.py:1206} INFO - Marking task as SUCCESS. dag_id=fin_cotacoes_bcb_classic, task_id=create_table_postgres, run_id=scheduled__2025-04-23T00:00:00+00:00, execution_date=20250423T000000, start_date=20250707T151211, end_date=20250707T151212
[2025-07-07T15:12:12.724+0000] {local_task_job_runner.py:240} INFO - Task exited with return code 0
[2025-07-07T15:12:12.753+0000] {local_task_job_runner.py:222} INFO - ::endgroup::
