[2025-07-07T14:32:51.690+0000] {local_task_job_runner.py:120} INFO - ::group::Pre task execution logs
[2025-07-07T14:32:51.737+0000] {taskinstance.py:2076} INFO - Dependencies all met for dep_context=non-requeueable deps ti=<TaskInstance: fin_cotacoes_bcb_classic.transform_and_load scheduled__2025-01-06T00:00:00+00:00 [queued]>
[2025-07-07T14:32:51.752+0000] {taskinstance.py:2076} INFO - Dependencies all met for dep_context=requeueable deps ti=<TaskInstance: fin_cotacoes_bcb_classic.transform_and_load scheduled__2025-01-06T00:00:00+00:00 [queued]>
[2025-07-07T14:32:51.753+0000] {taskinstance.py:2306} INFO - Starting attempt 1 of 2
[2025-07-07T14:32:51.773+0000] {taskinstance.py:2330} INFO - Executing <Task(PythonOperator): transform_and_load> on 2025-01-06 00:00:00+00:00
[2025-07-07T14:32:51.789+0000] {logging_mixin.py:188} WARNING - /home/***/.local/lib/python3.12/site-packages/***/task/task_runner/standard_task_runner.py:61 DeprecationWarning: This process (pid=77095) is multi-threaded, use of fork() may lead to deadlocks in the child.
[2025-07-07T14:32:51.791+0000] {standard_task_runner.py:63} INFO - Started process 77150 to run task
[2025-07-07T14:32:51.786+0000] {standard_task_runner.py:90} INFO - Running: ['***', 'tasks', 'run', 'fin_cotacoes_bcb_classic', 'transform_and_load', 'scheduled__2025-01-06T00:00:00+00:00', '--job-id', '2218', '--raw', '--subdir', 'DAGS_FOLDER/cotacoes.py', '--cfg-path', '/tmp/tmpph3lsd8i']
[2025-07-07T14:32:51.792+0000] {standard_task_runner.py:91} INFO - Job 2218: Subtask transform_and_load
[2025-07-07T14:32:51.865+0000] {task_command.py:426} INFO - Running <TaskInstance: fin_cotacoes_bcb_classic.transform_and_load scheduled__2025-01-06T00:00:00+00:00 [running]> on host bc96ca91d307
[2025-07-07T14:32:52.063+0000] {taskinstance.py:2648} INFO - Exporting env vars: AIRFLOW_CTX_DAG_OWNER='***' AIRFLOW_CTX_DAG_ID='fin_cotacoes_bcb_classic' AIRFLOW_CTX_TASK_ID='transform_and_load' AIRFLOW_CTX_EXECUTION_DATE='2025-01-06T00:00:00+00:00' AIRFLOW_CTX_TRY_NUMBER='1' AIRFLOW_CTX_DAG_RUN_ID='scheduled__2025-01-06T00:00:00+00:00'
[2025-07-07T14:32:52.064+0000] {taskinstance.py:430} INFO - ::endgroup::
[2025-07-07T14:32:52.135+0000] {cotacoes.py:109} INFO - DataFrame transformado com 156 linhas.
[2025-07-07T14:32:52.172+0000] {base.py:84} INFO - Using connection ID '***-postgres' for task execution.
[2025-07-07T14:32:52.209+0000] {base.py:84} INFO - Using connection ID '***-postgres' for task execution.
[2025-07-07T14:32:52.322+0000] {sql.py:598} INFO - Loaded 156 rows into cotacoes so far
[2025-07-07T14:32:52.326+0000] {sql.py:611} INFO - Done loading. Loaded a total of 156 rows into cotacoes
[2025-07-07T14:32:52.326+0000] {cotacoes.py:124} INFO - Carregados/Atualizados 156 registros na tabela cotacoes.
[2025-07-07T14:32:52.326+0000] {python.py:237} INFO - Done. Returned value was: None
[2025-07-07T14:32:52.327+0000] {taskinstance.py:441} INFO - ::group::Post task execution logs
[2025-07-07T14:32:52.346+0000] {taskinstance.py:1206} INFO - Marking task as SUCCESS. dag_id=fin_cotacoes_bcb_classic, task_id=transform_and_load, run_id=scheduled__2025-01-06T00:00:00+00:00, execution_date=20250106T000000, start_date=20250707T143251, end_date=20250707T143252
[2025-07-07T14:32:52.538+0000] {local_task_job_runner.py:240} INFO - Task exited with return code 0
[2025-07-07T14:32:52.583+0000] {taskinstance.py:3503} INFO - 0 downstream tasks scheduled from follow-on schedule check
[2025-07-07T14:32:52.586+0000] {local_task_job_runner.py:222} INFO - ::endgroup::
[2025-07-07T15:10:09.533+0000] {local_task_job_runner.py:120} INFO - ::group::Pre task execution logs
[2025-07-07T15:10:09.590+0000] {taskinstance.py:2076} INFO - Dependencies all met for dep_context=non-requeueable deps ti=<TaskInstance: fin_cotacoes_bcb_classic.transform_and_load scheduled__2025-01-06T00:00:00+00:00 [queued]>
[2025-07-07T15:10:09.601+0000] {taskinstance.py:2076} INFO - Dependencies all met for dep_context=requeueable deps ti=<TaskInstance: fin_cotacoes_bcb_classic.transform_and_load scheduled__2025-01-06T00:00:00+00:00 [queued]>
[2025-07-07T15:10:09.601+0000] {taskinstance.py:2306} INFO - Starting attempt 1 of 2
[2025-07-07T15:10:09.650+0000] {taskinstance.py:2330} INFO - Executing <Task(PythonOperator): transform_and_load> on 2025-01-06 00:00:00+00:00
[2025-07-07T15:10:09.661+0000] {logging_mixin.py:188} WARNING - /home/***/.local/lib/python3.12/site-packages/***/task/task_runner/standard_task_runner.py:61 DeprecationWarning: This process (pid=101751) is multi-threaded, use of fork() may lead to deadlocks in the child.
[2025-07-07T15:10:09.661+0000] {standard_task_runner.py:90} INFO - Running: ['***', 'tasks', 'run', 'fin_cotacoes_bcb_classic', 'transform_and_load', 'scheduled__2025-01-06T00:00:00+00:00', '--job-id', '3883', '--raw', '--subdir', 'DAGS_FOLDER/cotacoes.py', '--cfg-path', '/tmp/tmpr7o63ln4']
[2025-07-07T15:10:09.662+0000] {standard_task_runner.py:63} INFO - Started process 101774 to run task
[2025-07-07T15:10:09.662+0000] {standard_task_runner.py:91} INFO - Job 3883: Subtask transform_and_load
[2025-07-07T15:10:09.719+0000] {task_command.py:426} INFO - Running <TaskInstance: fin_cotacoes_bcb_classic.transform_and_load scheduled__2025-01-06T00:00:00+00:00 [running]> on host bc96ca91d307
[2025-07-07T15:10:09.821+0000] {taskinstance.py:2648} INFO - Exporting env vars: AIRFLOW_CTX_DAG_OWNER='***' AIRFLOW_CTX_DAG_ID='fin_cotacoes_bcb_classic' AIRFLOW_CTX_TASK_ID='transform_and_load' AIRFLOW_CTX_EXECUTION_DATE='2025-01-06T00:00:00+00:00' AIRFLOW_CTX_TRY_NUMBER='1' AIRFLOW_CTX_DAG_RUN_ID='scheduled__2025-01-06T00:00:00+00:00'
[2025-07-07T15:10:09.823+0000] {taskinstance.py:430} INFO - ::endgroup::
[2025-07-07T15:10:09.848+0000] {cotacoes.py:109} INFO - DataFrame transformado com 156 linhas.
[2025-07-07T15:10:09.858+0000] {base.py:84} INFO - Using connection ID '***-postgres' for task execution.
[2025-07-07T15:10:09.869+0000] {base.py:84} INFO - Using connection ID '***-postgres' for task execution.
[2025-07-07T15:10:09.911+0000] {sql.py:598} INFO - Loaded 156 rows into cotacoes so far
[2025-07-07T15:10:09.911+0000] {sql.py:611} INFO - Done loading. Loaded a total of 156 rows into cotacoes
[2025-07-07T15:10:09.911+0000] {cotacoes.py:124} INFO - Carregados/Atualizados 156 registros na tabela cotacoes.
[2025-07-07T15:10:09.912+0000] {python.py:237} INFO - Done. Returned value was: None
[2025-07-07T15:10:09.912+0000] {taskinstance.py:441} INFO - ::group::Post task execution logs
[2025-07-07T15:10:09.923+0000] {taskinstance.py:1206} INFO - Marking task as SUCCESS. dag_id=fin_cotacoes_bcb_classic, task_id=transform_and_load, run_id=scheduled__2025-01-06T00:00:00+00:00, execution_date=20250106T000000, start_date=20250707T151009, end_date=20250707T151009
[2025-07-07T15:10:09.956+0000] {local_task_job_runner.py:240} INFO - Task exited with return code 0
[2025-07-07T15:10:09.978+0000] {taskinstance.py:3503} INFO - 0 downstream tasks scheduled from follow-on schedule check
[2025-07-07T15:10:09.979+0000] {local_task_job_runner.py:222} INFO - ::endgroup::
