[2025-07-07T12:12:10.677+0000] {local_task_job_runner.py:120} INFO - ::group::Pre task execution logs
[2025-07-07T12:12:10.751+0000] {taskinstance.py:2076} INFO - Dependencies all met for dep_context=non-requeueable deps ti=<TaskInstance: fin_cotacoes_bcb_classic.extract scheduled__2025-07-03T00:00:00+00:00 [queued]>
[2025-07-07T12:12:10.775+0000] {taskinstance.py:2076} INFO - Dependencies all met for dep_context=requeueable deps ti=<TaskInstance: fin_cotacoes_bcb_classic.extract scheduled__2025-07-03T00:00:00+00:00 [queued]>
[2025-07-07T12:12:10.775+0000] {taskinstance.py:2306} INFO - Starting attempt 1 of 2
[2025-07-07T12:12:11.286+0000] {taskinstance.py:2330} INFO - Executing <Task(PythonOperator): extract> on 2025-07-03 00:00:00+00:00
[2025-07-07T12:12:11.309+0000] {standard_task_runner.py:90} INFO - Running: ['***', 'tasks', 'run', 'fin_cotacoes_bcb_classic', 'extract', 'scheduled__2025-07-03T00:00:00+00:00', '--job-id', '1467', '--raw', '--subdir', 'DAGS_FOLDER/cotacoes.py', '--cfg-path', '/tmp/tmpxr9avkxt']
[2025-07-07T12:12:11.326+0000] {standard_task_runner.py:91} INFO - Job 1467: Subtask extract
[2025-07-07T12:12:11.342+0000] {logging_mixin.py:188} WARNING - /home/***/.local/lib/python3.12/site-packages/***/task/task_runner/standard_task_runner.py:61 DeprecationWarning: This process (pid=562) is multi-threaded, use of fork() may lead to deadlocks in the child.
[2025-07-07T12:12:11.349+0000] {standard_task_runner.py:63} INFO - Started process 591 to run task
[2025-07-07T12:12:11.451+0000] {task_command.py:426} INFO - Running <TaskInstance: fin_cotacoes_bcb_classic.extract scheduled__2025-07-03T00:00:00+00:00 [running]> on host bc96ca91d307
[2025-07-07T12:12:11.687+0000] {taskinstance.py:2648} INFO - Exporting env vars: AIRFLOW_CTX_DAG_OWNER='***' AIRFLOW_CTX_DAG_ID='fin_cotacoes_bcb_classic' AIRFLOW_CTX_TASK_ID='extract' AIRFLOW_CTX_EXECUTION_DATE='2025-07-03T00:00:00+00:00' AIRFLOW_CTX_TRY_NUMBER='1' AIRFLOW_CTX_DAG_RUN_ID='scheduled__2025-07-03T00:00:00+00:00'
[2025-07-07T12:12:11.688+0000] {taskinstance.py:430} INFO - ::endgroup::
[2025-07-07T12:12:11.689+0000] {cotacoes.py:37} INFO - Iniciando extração da URL: https://www4.bcb.gov.br/Download/fechamento/20250703.csv
[2025-07-07T12:12:12.101+0000] {cotacoes.py:43} INFO - Extração concluída com sucesso.
[2025-07-07T12:12:12.102+0000] {python.py:237} INFO - Done. Returned value was: 03/07/2025;005;A;AFN;0,07745000;0,07777000;69,70000000;69,98000000
03/07/2025;009;A;ETB;0,03836000;0,03982000;136,14800000;141,29800000
03/07/2025;015;A;THB;0,16690000;0,16750000;32,37000000;32,48000000
03/07/2025;020;A;PAB;5,42020000;5,42080000;1,00000000;1,00000000
03/07/2025;027;A;VES;0,04938000;0,04951000;109,49800000;109,77240000
03/07/2025;030;A;BOB;0,77540000;0,79140000;6,85000000;6,99000000
03/07/2025;035;A;GHS;0,52120000;0,52630000;10,30000000;10,40000000
03/07/2025;040;A;CRC;0,01069000;0,01076000;503,90000000;507,20000000
03/07/2025;045;A;SVC;0,61870000;0,62020000;8,74080000;8,76040000
03/07/2025;051;A;NIO;0,14650000;0,14810000;36,60000000;37,00000000
03/07/2025;055;A;DKK;0,85400000;0,85420000;6,34610000;6,34660000
03/07/2025;060;A;ISK;0,04472000;0,04479000;121,02000000;121,20000000
03/07/2025;065;A;NOK;0,53810000;0,53900000;10,05680000;10,07300000
03/07/2025;070;A;SEK;0,56590000;0,56690000;9,56260000;9,57840000
03/07/2025;075;A;CZK;0,25870000;0,25890000;20,94100000;20,95200000
03/07/2025;090;A;GMD;0,07425000;0,07482000;72,45000000;73,00000000
03/07/2025;095;A;DZD;0,04155000;0,04195000;129,23400000;130,45850000
03/07/2025;100;A;KWD;17,74790000;17,75570000;0,30530000;0,30540000
03/07/2025;105;A;BHD;14,37720000;14,37880000;0,37700000;0,37700000
03/07/2025;115;A;IQD;0,00413400;0,00414100;1309,00000000;1311,00000000
03/07/2025;125;A;JOD;7,63410000;7,65650000;0,70800000;0,71000000
03/07/2025;130;A;LYD;0,99450000;1,00010000;5,42000000;5,45000000
03/07/2025;132;A;MKD;0,10310000;0,10400000;52,11000000;52,59000000
03/07/2025;133;A;RSD;0,05431000;0,05447000;99,52000000;99,80000000
03/07/2025;134;A;SDG;0,00900100;0,00905200;598,85020000;602,19120000
03/07/2025;135;A;TND;1,87160000;1,89210000;2,86500000;2,89600000
03/07/2025;136;A;SSP;0,00118200;0,00121600;4456,33980000;4586,33980000
03/07/2025;138;B;SDR;7,46090000;7,46170000;1,37650000;1,37650000
03/07/2025;139;A;MAD;0,60190000;0,60280000;8,99290000;9,00490000
03/07/2025;145;A;AED;1,47550000;1,47600000;3,67260000;3,67340000
03/07/2025;149;A;STN;0,25490000;0,26010000;20,83860000;21,26750000
03/07/2025;150;B;AUD;3,56220000;3,56420000;0,65720000;0,65750000
03/07/2025;155;A;BSD;5,42020000;5,42080000;1,00000000;1,00000000
03/07/2025;160;A;BMD;5,42020000;5,42080000;1,00000000;1,00000000
03/07/2025;165;A;CAD;3,99720000;3,99820000;1,35580000;1,35600000
03/07/2025;170;A;GYD;0,02576000;0,02606000;207,98000000;210,45000000
03/07/2025;173;A;NAD;0,30980000;0,30990000;17,49360000;17,49660000
03/07/2025;175;A;BBD;2,69630000;2,71450000;1,99700000;2,01020000
03/07/2025;180;A;BZD;2,69660000;2,71040000;2,00000000;2,01000000
03/07/2025;185;A;BND;4,25110000;4,25430000;1,27420000;1,27500000
03/07/2025;190;A;KYD;6,49130000;6,55080000;0,82750000;0,83500000
03/07/2025;195;A;SGD;4,25110000;4,25430000;1,27420000;1,27500000
03/07/2025;197;B;CLF;229,28530000;229,31070000;42,30200000;42,30200000
03/07/2025;200;B;FJD;2,39300000;2,45350000;0,44150000;0,45260000
03/07/2025;205;A;HKD;0,69040000;0,69060000;7,84940000;7,85060000
03/07/2025;210;A;TTD;0,79410000;0,80440000;6,73860000;6,82600000
03/07/2025;215;A;XCD;1,99270000;2,01520000;2,69000000;2,72000000
03/07/2025;220;A;USD;5,42020000;5,42080000;1,00000000;1,00000000
03/07/2025;230;A;JMD;0,03376000;0,03413000;158,85000000;160,53000000
03/07/2025;235;A;LRD;0,02683000;0,02724000;199,00000000;202,00000000
03/07/2025;245;B;NZD;3,28740000;3,28990000;0,60650000;0,60690000
03/07/2025;250;B;SBD;0,60220000;0,66620000;0,11110000;0,12290000
03/07/2025;255;A;SRD;0,14500000;0,14650000;37,00000000;37,37000000
03/07/2025;260;A;VND;0,00020670;0,00020710;26175,00000000;26225,00000000
03/07/2025;275;A;AMD;0,01404000;0,01415000;383,00000000;386,00000000
03/07/2025;295;A;CVE;0,05727000;0,05780000;93,79000000;94,65000000
03/07/2025;326;A;XCG;2,97810000;3,03770000;1,78450000;1,82000000
03/07/2025;328;A;AWG;2,94580000;3,04540000;1,78000000;1,84000000
03/07/2025;345;A;HUF;0,01597000;0,01598000;339,15000000;339,39000000
03/07/2025;363;A;CDF;0,00183700;0,00188800;2872,00000000;2950,00000000
03/07/2025;365;A;BIF;0,00179800;0,00184200;2943,00000000;3015,00000000
03/07/2025;368;A;KMF;0,01294000;0,01300000;417,00000000;419,00000000
03/07/2025;370;A;XAF;0,00937000;0,00971800;557,83000000;578,46000000
03/07/2025;372;A;XOF;0,00969600;0,00978500;554,00000000;559,00000000
03/07/2025;380;A;XPF;0,05309000;0,05357000;101,20000000;102,10000000
03/07/2025;390;A;DJF;0,03036000;0,03052000;177,60000000;178,55000000
03/07/2025;398;A;GNF;0,00062300;0,00062730;8641,00000000;8700,00000000
03/07/2025;406;A;MGA;0,00122100;0,00124000;4371,49000000;4439,53000000
03/07/2025;420;A;RWF;0,00376600;0,00379700;1427,62000000;1439,38000000
03/07/2025;425;A;CHF;6,81610000;6,81780000;0,79510000;0,79520000
03/07/2025;440;A;HTG;0,04114000;0,04143000;130,85000000;131,75000000
03/07/2025;450;A;PYG;0,00067650;0,00068380;7927,00000000;8012,00000000
03/07/2025;460;A;UAH;0,12970000;0,12990000;41,74000000;41,80000000
03/07/2025;470;A;JPY;0,03739000;0,03740000;144,95000000;144,97000000
03/07/2025;482;A;GEL;1,97310000;2,01590000;2,68900000;2,74700000
03/07/2025;490;A;ALL;0,06464000;0,06547000;82,80000000;83,85000000
03/07/2025;495;A;HNL;0,20690000;0,20810000;26,05310000;26,20000000
03/07/2025;500;A;SLL;0,00023660;0,00023900;22683,00000000;22908,00000000
03/07/2025;503;A;MDL;0,32170000;0,32410000;16,72370000;16,84770000
03/07/2025;506;A;RON;1,25950000;1,26030000;4,30130000;4,30340000
03/07/2025;510;A;BGN;3,25690000;3,25830000;1,66370000;1,66420000
03/07/2025;530;B;GIP;7,39860000;7,39990000;1,36500000;1,36510000
03/07/2025;535;A;EGP;0,10970000;0,11000000;49,30000000;49,40000000
03/07/2025;540;B;GBP;7,39970000;7,40160000;1,36520000;1,36540000
03/07/2025;545;B;FKP;7,39860000;7,39990000;1,36500000;1,36510000
03/07/2025;560;A;LBP;0,00006040;0,00006060;89500,00000000;89700,00000000
03/07/2025;570;B;SHP;7,39860000;7,40100000;1,36500000;1,36530000
03/07/2025;575;A;SYP;0,00041660;0,00041700;13000,00000000;13010,00000000
03/07/2025;585;A;SZL;0,30980000;0,30990000;17,49360000;17,49660000
03/07/2025;603;A;LSL;0,30980000;0,30990000;17,49360000;17,49660000
03/07/2025;608;A;TMT;1,54660000;1,55120000;3,49450000;3,50450000
03/07/2025;622;A;MZN;0,08398000;0,08568000;63,27000000;64,54000000
03/07/2025;625;A;ERN;0,35780000;0,36140000;15,00000000;15,15000000
03/07/2025;630;A;NGN;0,00353100;0,00354900;1527,32000000;1534,97000000
03/07/2025;635;A;AOA;0,00582600;0,00594400;911,95500000;930,33100000
03/07/2025;640;A;TWD;0,18750000;0,18770000;28,87600000;28,90600000
03/07/2025;642;A;TRY;0,13610000;0,13610000;39,81920000;39,82890000
03/07/2025;660;A;PEN;1,53030000;1,53130000;3,54000000;3,54200000
03/07/2025;665;A;BTN;0,06339000;0,06347000;85,41100000;85,50500000
03/07/2025;670;A;MRO;0,01510000;0,01523000;356,00000000;359,00000000
03/07/2025;671;A;MRU;0,13650000;0,13700000;39,58000000;39,69900000
03/07/2025;680;B;TOP;2,22720000;2,36290000;0,41090000;0,43590000
03/07/2025;685;A;MOP;0,66940000;0,67050000;8,08500000;8,09700000
03/07/2025;706;A;ARS;0,00442500;0,00442900;1224,00000000;1225,00000000
03/07/2025;715;A;CLP;0,00583800;0,00584100;927,99000000;928,45000000
03/07/2025;720;A;COP;0,00137000;0,00137000;3956,29000000;3956,80000000
03/07/2025;721;B;COU;0,53060000;0,53070000;0,09790000;0,09790000
03/07/2025;725;A;CUP;0,22580000;0,22590000;24,00000000;24,00000000
03/07/2025;730;A;DOP;0,09019000;0,09101000;59,56000000;60,10000000
03/07/2025;735;A;PHP;0,09615000;0,09620000;56,35100000;56,37300000
03/07/2025;741;A;MXN;0,29060000;0,29080000;18,64100000;18,65200000
03/07/2025;745;A;UYU;0,13500000;0,13540000;40,03000000;40,15000000
03/07/2025;755;B;BWP;0,40760000;0,40980000;0,07520000;0,07560000
03/07/2025;760;A;MWK;0,00309700;0,00315700;1717,02000000;1750,32000000
03/07/2025;766;A;ZMW;0,22350000;0,22400000;24,20000000;24,25000000
03/07/2025;770;A;GTQ;0,70400000;0,70590000;7,67900000;7,69900000
03/07/2025;775;A;MMK;0,00257300;0,00258900;2093,70000000;2106,30000000
03/07/2025;778;B;PGK;1,26830000;1,36060000;0,23400000;0,25100000
03/07/2025;780;A;LAK;0,00025000;0,00025300;21425,00000000;21680,00000000
03/07/2025;785;A;ZAR;0,30980000;0,31000000;17,48480000;17,49440000
03/07/2025;795;A;CNY;0,75600000;0,75620000;7,16840000;7,16990000
03/07/2025;796;A;CNH;0,75600000;0,75610000;7,16950000;7,16960000
03/07/2025;800;A;QAR;1,48620000;1,48830000;3,64230000;3,64710000
03/07/2025;805;A;OMR;14,07840000;14,08000000;0,38500000;0,38500000
03/07/2025;810;A;YER;0,02235000;0,02240000;242,00000000;242,50000000
03/07/2025;815;A;IRR;0,00012840;0,00012910;42000,00000000;42200,00000000
03/07/2025;820;A;SAR;1,44520000;1,44550000;3,75020000;3,75040000
03/07/2025;825;A;KHR;0,00134300;0,00135400;4003,00000000;4035,50000000
03/07/2025;828;A;MYR;1,28290000;1,28450000;4,22000000;4,22500000
03/07/2025;830;A;RUB;0,06854000;0,06856000;79,07050000;79,07950000
03/07/2025;831;A;BYN;1,65300000;1,65970000;3,26610000;3,27910000
03/07/2025;835;A;TJS;0,55030000;0,55880000;9,70000000;9,85000000
03/07/2025;840;A;MUR;0,12040000;0,12120000;44,72000000;45,02000000
03/07/2025;845;A;NPR;0,03971000;0,03971000;136,50000000;136,51000000
03/07/2025;850;A;SCR;0,38430000;0,38440000;14,10360000;14,10400000
03/07/2025;855;A;LKR;0,01807000;0,01808000;299,90000000;299,95000000
03/07/2025;860;A;INR;0,06342000;0,06347000;85,40500000;85,46000000
03/07/2025;865;A;IDR;0,00033470;0,00033490;16185,00000000;16195,00000000
03/07/2025;870;A;MVR;0,34970000;0,35150000;15,42000000;15,50000000
03/07/2025;875;A;PKR;0,01909000;0,01912000;283,50000000;284,00000000
03/07/2025;880;A;ILS;1,62640000;1,62770000;3,33040000;3,33270000
03/07/2025;892;A;KGS;0,06194000;0,06199000;87,45000000;87,50430000
03/07/2025;893;A;UZS;0,00042880;0,00043120;12570,00000000;12640,00000000
03/07/2025;905;A;BDT;0,04416000;0,04422000;122,60000000;122,75000000
03/07/2025;912;B;WST;2,03260000;2,12500000;0,37500000;0,39200000
03/07/2025;913;A;KZT;0,01043000;0,01044000;519,00000000;519,92000000
03/07/2025;915;A;MNT;0,00150500;0,00151600;3576,00000000;3601,00000000
03/07/2025;920;A;VUV;0,04407000;0,04633000;117,00000000;123,00000000
03/07/2025;930;A;KRW;0,00397100;0,00397200;1364,66000000;1364,98000000
03/07/2025;946;A;TZS;0,00203000;0,00207700;2610,00000000;2670,00000000
03/07/2025;950;A;KES;0,04189000;0,04202000;129,00000000;129,40000000
03/07/2025;955;A;UGX;0,00150900;0,00151300;3582,00000000;3592,00000000
03/07/2025;960;A;SOS;0,00942600;0,00954400;568,00000000;575,00000000
03/07/2025;975;A;PLN;1,50190000;1,50240000;3,60800000;3,60900000
03/07/2025;978;B;EUR;6,37250000;6,37380000;1,17570000;1,17580000
03/07/2025;998;A;XAU;579,88660000;579,95080000;0,00934700;0,00934700

[2025-07-07T12:12:12.103+0000] {taskinstance.py:441} INFO - ::group::Post task execution logs
[2025-07-07T12:12:12.164+0000] {taskinstance.py:1206} INFO - Marking task as SUCCESS. dag_id=fin_cotacoes_bcb_classic, task_id=extract, run_id=scheduled__2025-07-03T00:00:00+00:00, execution_date=20250703T000000, start_date=20250707T121210, end_date=20250707T121212
[2025-07-07T12:12:12.230+0000] {local_task_job_runner.py:240} INFO - Task exited with return code 0
[2025-07-07T12:12:12.268+0000] {logging_mixin.py:188} WARNING - /home/***/.local/lib/python3.12/site-packages/***/models/baseoperator.py:1297 AirflowProviderDeprecationWarning: Call to deprecated class PostgresOperator. (Please use `***.providers.common.sql.operators.sql.SQLExecuteQueryOperator`.Also, you can provide `hook_params={'schema': <database>}`.)
[2025-07-07T12:12:12.331+0000] {taskinstance.py:3503} INFO - 1 downstream tasks scheduled from follow-on schedule check
[2025-07-07T12:12:12.338+0000] {local_task_job_runner.py:222} INFO - ::endgroup::
[2025-07-07T14:36:18.280+0000] {local_task_job_runner.py:120} INFO - ::group::Pre task execution logs
[2025-07-07T14:36:18.361+0000] {taskinstance.py:2076} INFO - Dependencies all met for dep_context=non-requeueable deps ti=<TaskInstance: fin_cotacoes_bcb_classic.extract scheduled__2025-07-03T00:00:00+00:00 [queued]>
[2025-07-07T14:36:18.378+0000] {taskinstance.py:2076} INFO - Dependencies all met for dep_context=requeueable deps ti=<TaskInstance: fin_cotacoes_bcb_classic.extract scheduled__2025-07-03T00:00:00+00:00 [queued]>
[2025-07-07T14:36:18.379+0000] {taskinstance.py:2306} INFO - Starting attempt 1 of 2
[2025-07-07T14:36:18.419+0000] {taskinstance.py:2330} INFO - Executing <Task(PythonOperator): extract> on 2025-07-03 00:00:00+00:00
[2025-07-07T14:36:18.442+0000] {standard_task_runner.py:90} INFO - Running: ['***', 'tasks', 'run', 'fin_cotacoes_bcb_classic', 'extract', 'scheduled__2025-07-03T00:00:00+00:00', '--job-id', '2731', '--raw', '--subdir', 'DAGS_FOLDER/cotacoes.py', '--cfg-path', '/tmp/tmp2eniprh4']
[2025-07-07T14:36:18.444+0000] {standard_task_runner.py:91} INFO - Job 2731: Subtask extract
[2025-07-07T14:36:18.448+0000] {logging_mixin.py:188} WARNING - /home/***/.local/lib/python3.12/site-packages/***/task/task_runner/standard_task_runner.py:61 DeprecationWarning: This process (pid=80493) is multi-threaded, use of fork() may lead to deadlocks in the child.
[2025-07-07T14:36:18.451+0000] {standard_task_runner.py:63} INFO - Started process 80514 to run task
[2025-07-07T14:36:18.589+0000] {task_command.py:426} INFO - Running <TaskInstance: fin_cotacoes_bcb_classic.extract scheduled__2025-07-03T00:00:00+00:00 [running]> on host bc96ca91d307
[2025-07-07T14:36:18.777+0000] {taskinstance.py:2648} INFO - Exporting env vars: AIRFLOW_CTX_DAG_OWNER='***' AIRFLOW_CTX_DAG_ID='fin_cotacoes_bcb_classic' AIRFLOW_CTX_TASK_ID='extract' AIRFLOW_CTX_EXECUTION_DATE='2025-07-03T00:00:00+00:00' AIRFLOW_CTX_TRY_NUMBER='1' AIRFLOW_CTX_DAG_RUN_ID='scheduled__2025-07-03T00:00:00+00:00'
[2025-07-07T14:36:18.779+0000] {taskinstance.py:430} INFO - ::endgroup::
[2025-07-07T14:36:18.780+0000] {cotacoes.py:35} INFO - Iniciando extração da URL: https://www4.bcb.gov.br/Download/fechamento/20250703.csv
[2025-07-07T14:36:19.041+0000] {cotacoes.py:41} INFO - Extração concluída com sucesso.
[2025-07-07T14:36:19.047+0000] {python.py:237} INFO - Done. Returned value was: 03/07/2025;005;A;AFN;0,07745000;0,07777000;69,70000000;69,98000000
03/07/2025;009;A;ETB;0,03836000;0,03982000;136,14800000;141,29800000
03/07/2025;015;A;THB;0,16690000;0,16750000;32,37000000;32,48000000
03/07/2025;020;A;PAB;5,42020000;5,42080000;1,00000000;1,00000000
03/07/2025;027;A;VES;0,04938000;0,04951000;109,49800000;109,77240000
03/07/2025;030;A;BOB;0,77540000;0,79140000;6,85000000;6,99000000
03/07/2025;035;A;GHS;0,52120000;0,52630000;10,30000000;10,40000000
03/07/2025;040;A;CRC;0,01069000;0,01076000;503,90000000;507,20000000
03/07/2025;045;A;SVC;0,61870000;0,62020000;8,74080000;8,76040000
03/07/2025;051;A;NIO;0,14650000;0,14810000;36,60000000;37,00000000
03/07/2025;055;A;DKK;0,85400000;0,85420000;6,34610000;6,34660000
03/07/2025;060;A;ISK;0,04472000;0,04479000;121,02000000;121,20000000
03/07/2025;065;A;NOK;0,53810000;0,53900000;10,05680000;10,07300000
03/07/2025;070;A;SEK;0,56590000;0,56690000;9,56260000;9,57840000
03/07/2025;075;A;CZK;0,25870000;0,25890000;20,94100000;20,95200000
03/07/2025;090;A;GMD;0,07425000;0,07482000;72,45000000;73,00000000
03/07/2025;095;A;DZD;0,04155000;0,04195000;129,23400000;130,45850000
03/07/2025;100;A;KWD;17,74790000;17,75570000;0,30530000;0,30540000
03/07/2025;105;A;BHD;14,37720000;14,37880000;0,37700000;0,37700000
03/07/2025;115;A;IQD;0,00413400;0,00414100;1309,00000000;1311,00000000
03/07/2025;125;A;JOD;7,63410000;7,65650000;0,70800000;0,71000000
03/07/2025;130;A;LYD;0,99450000;1,00010000;5,42000000;5,45000000
03/07/2025;132;A;MKD;0,10310000;0,10400000;52,11000000;52,59000000
03/07/2025;133;A;RSD;0,05431000;0,05447000;99,52000000;99,80000000
03/07/2025;134;A;SDG;0,00900100;0,00905200;598,85020000;602,19120000
03/07/2025;135;A;TND;1,87160000;1,89210000;2,86500000;2,89600000
03/07/2025;136;A;SSP;0,00118200;0,00121600;4456,33980000;4586,33980000
03/07/2025;138;B;SDR;7,46090000;7,46170000;1,37650000;1,37650000
03/07/2025;139;A;MAD;0,60190000;0,60280000;8,99290000;9,00490000
03/07/2025;145;A;AED;1,47550000;1,47600000;3,67260000;3,67340000
03/07/2025;149;A;STN;0,25490000;0,26010000;20,83860000;21,26750000
03/07/2025;150;B;AUD;3,56220000;3,56420000;0,65720000;0,65750000
03/07/2025;155;A;BSD;5,42020000;5,42080000;1,00000000;1,00000000
03/07/2025;160;A;BMD;5,42020000;5,42080000;1,00000000;1,00000000
03/07/2025;165;A;CAD;3,99720000;3,99820000;1,35580000;1,35600000
03/07/2025;170;A;GYD;0,02576000;0,02606000;207,98000000;210,45000000
03/07/2025;173;A;NAD;0,30980000;0,30990000;17,49360000;17,49660000
03/07/2025;175;A;BBD;2,69630000;2,71450000;1,99700000;2,01020000
03/07/2025;180;A;BZD;2,69660000;2,71040000;2,00000000;2,01000000
03/07/2025;185;A;BND;4,25110000;4,25430000;1,27420000;1,27500000
03/07/2025;190;A;KYD;6,49130000;6,55080000;0,82750000;0,83500000
03/07/2025;195;A;SGD;4,25110000;4,25430000;1,27420000;1,27500000
03/07/2025;197;B;CLF;229,28530000;229,31070000;42,30200000;42,30200000
03/07/2025;200;B;FJD;2,39300000;2,45350000;0,44150000;0,45260000
03/07/2025;205;A;HKD;0,69040000;0,69060000;7,84940000;7,85060000
03/07/2025;210;A;TTD;0,79410000;0,80440000;6,73860000;6,82600000
03/07/2025;215;A;XCD;1,99270000;2,01520000;2,69000000;2,72000000
03/07/2025;220;A;USD;5,42020000;5,42080000;1,00000000;1,00000000
03/07/2025;230;A;JMD;0,03376000;0,03413000;158,85000000;160,53000000
03/07/2025;235;A;LRD;0,02683000;0,02724000;199,00000000;202,00000000
03/07/2025;245;B;NZD;3,28740000;3,28990000;0,60650000;0,60690000
03/07/2025;250;B;SBD;0,60220000;0,66620000;0,11110000;0,12290000
03/07/2025;255;A;SRD;0,14500000;0,14650000;37,00000000;37,37000000
03/07/2025;260;A;VND;0,00020670;0,00020710;26175,00000000;26225,00000000
03/07/2025;275;A;AMD;0,01404000;0,01415000;383,00000000;386,00000000
03/07/2025;295;A;CVE;0,05727000;0,05780000;93,79000000;94,65000000
03/07/2025;326;A;XCG;2,97810000;3,03770000;1,78450000;1,82000000
03/07/2025;328;A;AWG;2,94580000;3,04540000;1,78000000;1,84000000
03/07/2025;345;A;HUF;0,01597000;0,01598000;339,15000000;339,39000000
03/07/2025;363;A;CDF;0,00183700;0,00188800;2872,00000000;2950,00000000
03/07/2025;365;A;BIF;0,00179800;0,00184200;2943,00000000;3015,00000000
03/07/2025;368;A;KMF;0,01294000;0,01300000;417,00000000;419,00000000
03/07/2025;370;A;XAF;0,00937000;0,00971800;557,83000000;578,46000000
03/07/2025;372;A;XOF;0,00969600;0,00978500;554,00000000;559,00000000
03/07/2025;380;A;XPF;0,05309000;0,05357000;101,20000000;102,10000000
03/07/2025;390;A;DJF;0,03036000;0,03052000;177,60000000;178,55000000
03/07/2025;398;A;GNF;0,00062300;0,00062730;8641,00000000;8700,00000000
03/07/2025;406;A;MGA;0,00122100;0,00124000;4371,49000000;4439,53000000
03/07/2025;420;A;RWF;0,00376600;0,00379700;1427,62000000;1439,38000000
03/07/2025;425;A;CHF;6,81610000;6,81780000;0,79510000;0,79520000
03/07/2025;440;A;HTG;0,04114000;0,04143000;130,85000000;131,75000000
03/07/2025;450;A;PYG;0,00067650;0,00068380;7927,00000000;8012,00000000
03/07/2025;460;A;UAH;0,12970000;0,12990000;41,74000000;41,80000000
03/07/2025;470;A;JPY;0,03739000;0,03740000;144,95000000;144,97000000
03/07/2025;482;A;GEL;1,97310000;2,01590000;2,68900000;2,74700000
03/07/2025;490;A;ALL;0,06464000;0,06547000;82,80000000;83,85000000
03/07/2025;495;A;HNL;0,20690000;0,20810000;26,05310000;26,20000000
03/07/2025;500;A;SLL;0,00023660;0,00023900;22683,00000000;22908,00000000
03/07/2025;503;A;MDL;0,32170000;0,32410000;16,72370000;16,84770000
03/07/2025;506;A;RON;1,25950000;1,26030000;4,30130000;4,30340000
03/07/2025;510;A;BGN;3,25690000;3,25830000;1,66370000;1,66420000
03/07/2025;530;B;GIP;7,39860000;7,39990000;1,36500000;1,36510000
03/07/2025;535;A;EGP;0,10970000;0,11000000;49,30000000;49,40000000
03/07/2025;540;B;GBP;7,39970000;7,40160000;1,36520000;1,36540000
03/07/2025;545;B;FKP;7,39860000;7,39990000;1,36500000;1,36510000
03/07/2025;560;A;LBP;0,00006040;0,00006060;89500,00000000;89700,00000000
03/07/2025;570;B;SHP;7,39860000;7,40100000;1,36500000;1,36530000
03/07/2025;575;A;SYP;0,00041660;0,00041700;13000,00000000;13010,00000000
03/07/2025;585;A;SZL;0,30980000;0,30990000;17,49360000;17,49660000
03/07/2025;603;A;LSL;0,30980000;0,30990000;17,49360000;17,49660000
03/07/2025;608;A;TMT;1,54660000;1,55120000;3,49450000;3,50450000
03/07/2025;622;A;MZN;0,08398000;0,08568000;63,27000000;64,54000000
03/07/2025;625;A;ERN;0,35780000;0,36140000;15,00000000;15,15000000
03/07/2025;630;A;NGN;0,00353100;0,00354900;1527,32000000;1534,97000000
03/07/2025;635;A;AOA;0,00582600;0,00594400;911,95500000;930,33100000
03/07/2025;640;A;TWD;0,18750000;0,18770000;28,87600000;28,90600000
03/07/2025;642;A;TRY;0,13610000;0,13610000;39,81920000;39,82890000
03/07/2025;660;A;PEN;1,53030000;1,53130000;3,54000000;3,54200000
03/07/2025;665;A;BTN;0,06339000;0,06347000;85,41100000;85,50500000
03/07/2025;670;A;MRO;0,01510000;0,01523000;356,00000000;359,00000000
03/07/2025;671;A;MRU;0,13650000;0,13700000;39,58000000;39,69900000
03/07/2025;680;B;TOP;2,22720000;2,36290000;0,41090000;0,43590000
03/07/2025;685;A;MOP;0,66940000;0,67050000;8,08500000;8,09700000
03/07/2025;706;A;ARS;0,00442500;0,00442900;1224,00000000;1225,00000000
03/07/2025;715;A;CLP;0,00583800;0,00584100;927,99000000;928,45000000
03/07/2025;720;A;COP;0,00137000;0,00137000;3956,29000000;3956,80000000
03/07/2025;721;B;COU;0,53060000;0,53070000;0,09790000;0,09790000
03/07/2025;725;A;CUP;0,22580000;0,22590000;24,00000000;24,00000000
03/07/2025;730;A;DOP;0,09019000;0,09101000;59,56000000;60,10000000
03/07/2025;735;A;PHP;0,09615000;0,09620000;56,35100000;56,37300000
03/07/2025;741;A;MXN;0,29060000;0,29080000;18,64100000;18,65200000
03/07/2025;745;A;UYU;0,13500000;0,13540000;40,03000000;40,15000000
03/07/2025;755;B;BWP;0,40760000;0,40980000;0,07520000;0,07560000
03/07/2025;760;A;MWK;0,00309700;0,00315700;1717,02000000;1750,32000000
03/07/2025;766;A;ZMW;0,22350000;0,22400000;24,20000000;24,25000000
03/07/2025;770;A;GTQ;0,70400000;0,70590000;7,67900000;7,69900000
03/07/2025;775;A;MMK;0,00257300;0,00258900;2093,70000000;2106,30000000
03/07/2025;778;B;PGK;1,26830000;1,36060000;0,23400000;0,25100000
03/07/2025;780;A;LAK;0,00025000;0,00025300;21425,00000000;21680,00000000
03/07/2025;785;A;ZAR;0,30980000;0,31000000;17,48480000;17,49440000
03/07/2025;795;A;CNY;0,75600000;0,75620000;7,16840000;7,16990000
03/07/2025;796;A;CNH;0,75600000;0,75610000;7,16950000;7,16960000
03/07/2025;800;A;QAR;1,48620000;1,48830000;3,64230000;3,64710000
03/07/2025;805;A;OMR;14,07840000;14,08000000;0,38500000;0,38500000
03/07/2025;810;A;YER;0,02235000;0,02240000;242,00000000;242,50000000
03/07/2025;815;A;IRR;0,00012840;0,00012910;42000,00000000;42200,00000000
03/07/2025;820;A;SAR;1,44520000;1,44550000;3,75020000;3,75040000
03/07/2025;825;A;KHR;0,00134300;0,00135400;4003,00000000;4035,50000000
03/07/2025;828;A;MYR;1,28290000;1,28450000;4,22000000;4,22500000
03/07/2025;830;A;RUB;0,06854000;0,06856000;79,07050000;79,07950000
03/07/2025;831;A;BYN;1,65300000;1,65970000;3,26610000;3,27910000
03/07/2025;835;A;TJS;0,55030000;0,55880000;9,70000000;9,85000000
03/07/2025;840;A;MUR;0,12040000;0,12120000;44,72000000;45,02000000
03/07/2025;845;A;NPR;0,03971000;0,03971000;136,50000000;136,51000000
03/07/2025;850;A;SCR;0,38430000;0,38440000;14,10360000;14,10400000
03/07/2025;855;A;LKR;0,01807000;0,01808000;299,90000000;299,95000000
03/07/2025;860;A;INR;0,06342000;0,06347000;85,40500000;85,46000000
03/07/2025;865;A;IDR;0,00033470;0,00033490;16185,00000000;16195,00000000
03/07/2025;870;A;MVR;0,34970000;0,35150000;15,42000000;15,50000000
03/07/2025;875;A;PKR;0,01909000;0,01912000;283,50000000;284,00000000
03/07/2025;880;A;ILS;1,62640000;1,62770000;3,33040000;3,33270000
03/07/2025;892;A;KGS;0,06194000;0,06199000;87,45000000;87,50430000
03/07/2025;893;A;UZS;0,00042880;0,00043120;12570,00000000;12640,00000000
03/07/2025;905;A;BDT;0,04416000;0,04422000;122,60000000;122,75000000
03/07/2025;912;B;WST;2,03260000;2,12500000;0,37500000;0,39200000
03/07/2025;913;A;KZT;0,01043000;0,01044000;519,00000000;519,92000000
03/07/2025;915;A;MNT;0,00150500;0,00151600;3576,00000000;3601,00000000
03/07/2025;920;A;VUV;0,04407000;0,04633000;117,00000000;123,00000000
03/07/2025;930;A;KRW;0,00397100;0,00397200;1364,66000000;1364,98000000
03/07/2025;946;A;TZS;0,00203000;0,00207700;2610,00000000;2670,00000000
03/07/2025;950;A;KES;0,04189000;0,04202000;129,00000000;129,40000000
03/07/2025;955;A;UGX;0,00150900;0,00151300;3582,00000000;3592,00000000
03/07/2025;960;A;SOS;0,00942600;0,00954400;568,00000000;575,00000000
03/07/2025;975;A;PLN;1,50190000;1,50240000;3,60800000;3,60900000
03/07/2025;978;B;EUR;6,37250000;6,37380000;1,17570000;1,17580000
03/07/2025;998;A;XAU;579,88660000;579,95080000;0,00934700;0,00934700

[2025-07-07T14:36:19.048+0000] {taskinstance.py:441} INFO - ::group::Post task execution logs
[2025-07-07T14:36:19.087+0000] {taskinstance.py:1206} INFO - Marking task as SUCCESS. dag_id=fin_cotacoes_bcb_classic, task_id=extract, run_id=scheduled__2025-07-03T00:00:00+00:00, execution_date=20250703T000000, start_date=20250707T143618, end_date=20250707T143619
[2025-07-07T14:36:19.118+0000] {local_task_job_runner.py:240} INFO - Task exited with return code 0
[2025-07-07T14:36:19.184+0000] {taskinstance.py:3503} INFO - 1 downstream tasks scheduled from follow-on schedule check
[2025-07-07T14:36:19.190+0000] {local_task_job_runner.py:222} INFO - ::endgroup::
[2025-07-07T15:13:36.411+0000] {local_task_job_runner.py:120} INFO - ::group::Pre task execution logs
[2025-07-07T15:13:36.479+0000] {taskinstance.py:2076} INFO - Dependencies all met for dep_context=non-requeueable deps ti=<TaskInstance: fin_cotacoes_bcb_classic.extract scheduled__2025-07-03T00:00:00+00:00 [queued]>
[2025-07-07T15:13:36.503+0000] {taskinstance.py:2076} INFO - Dependencies all met for dep_context=requeueable deps ti=<TaskInstance: fin_cotacoes_bcb_classic.extract scheduled__2025-07-03T00:00:00+00:00 [queued]>
[2025-07-07T15:13:36.503+0000] {taskinstance.py:2306} INFO - Starting attempt 1 of 2
[2025-07-07T15:13:36.553+0000] {taskinstance.py:2330} INFO - Executing <Task(PythonOperator): extract> on 2025-07-03 00:00:00+00:00
[2025-07-07T15:13:36.577+0000] {logging_mixin.py:188} WARNING - /home/***/.local/lib/python3.12/site-packages/***/task/task_runner/standard_task_runner.py:61 DeprecationWarning: This process (pid=105060) is multi-threaded, use of fork() may lead to deadlocks in the child.
[2025-07-07T15:13:36.578+0000] {standard_task_runner.py:63} INFO - Started process 105106 to run task
[2025-07-07T15:13:36.576+0000] {standard_task_runner.py:90} INFO - Running: ['***', 'tasks', 'run', 'fin_cotacoes_bcb_classic', 'extract', 'scheduled__2025-07-03T00:00:00+00:00', '--job-id', '4410', '--raw', '--subdir', 'DAGS_FOLDER/cotacoes.py', '--cfg-path', '/tmp/tmpcim4f2gb']
[2025-07-07T15:13:36.581+0000] {standard_task_runner.py:91} INFO - Job 4410: Subtask extract
[2025-07-07T15:13:36.700+0000] {task_command.py:426} INFO - Running <TaskInstance: fin_cotacoes_bcb_classic.extract scheduled__2025-07-03T00:00:00+00:00 [running]> on host bc96ca91d307
[2025-07-07T15:13:36.924+0000] {taskinstance.py:2648} INFO - Exporting env vars: AIRFLOW_CTX_DAG_OWNER='***' AIRFLOW_CTX_DAG_ID='fin_cotacoes_bcb_classic' AIRFLOW_CTX_TASK_ID='extract' AIRFLOW_CTX_EXECUTION_DATE='2025-07-03T00:00:00+00:00' AIRFLOW_CTX_TRY_NUMBER='1' AIRFLOW_CTX_DAG_RUN_ID='scheduled__2025-07-03T00:00:00+00:00'
[2025-07-07T15:13:36.925+0000] {taskinstance.py:430} INFO - ::endgroup::
[2025-07-07T15:13:36.926+0000] {cotacoes.py:35} INFO - Iniciando extração da URL: https://www4.bcb.gov.br/Download/fechamento/20250703.csv
[2025-07-07T15:13:37.139+0000] {cotacoes.py:41} INFO - Extração concluída com sucesso.
[2025-07-07T15:13:37.150+0000] {python.py:237} INFO - Done. Returned value was: 03/07/2025;005;A;AFN;0,07745000;0,07777000;69,70000000;69,98000000
03/07/2025;009;A;ETB;0,03836000;0,03982000;136,14800000;141,29800000
03/07/2025;015;A;THB;0,16690000;0,16750000;32,37000000;32,48000000
03/07/2025;020;A;PAB;5,42020000;5,42080000;1,00000000;1,00000000
03/07/2025;027;A;VES;0,04938000;0,04951000;109,49800000;109,77240000
03/07/2025;030;A;BOB;0,77540000;0,79140000;6,85000000;6,99000000
03/07/2025;035;A;GHS;0,52120000;0,52630000;10,30000000;10,40000000
03/07/2025;040;A;CRC;0,01069000;0,01076000;503,90000000;507,20000000
03/07/2025;045;A;SVC;0,61870000;0,62020000;8,74080000;8,76040000
03/07/2025;051;A;NIO;0,14650000;0,14810000;36,60000000;37,00000000
03/07/2025;055;A;DKK;0,85400000;0,85420000;6,34610000;6,34660000
03/07/2025;060;A;ISK;0,04472000;0,04479000;121,02000000;121,20000000
03/07/2025;065;A;NOK;0,53810000;0,53900000;10,05680000;10,07300000
03/07/2025;070;A;SEK;0,56590000;0,56690000;9,56260000;9,57840000
03/07/2025;075;A;CZK;0,25870000;0,25890000;20,94100000;20,95200000
03/07/2025;090;A;GMD;0,07425000;0,07482000;72,45000000;73,00000000
03/07/2025;095;A;DZD;0,04155000;0,04195000;129,23400000;130,45850000
03/07/2025;100;A;KWD;17,74790000;17,75570000;0,30530000;0,30540000
03/07/2025;105;A;BHD;14,37720000;14,37880000;0,37700000;0,37700000
03/07/2025;115;A;IQD;0,00413400;0,00414100;1309,00000000;1311,00000000
03/07/2025;125;A;JOD;7,63410000;7,65650000;0,70800000;0,71000000
03/07/2025;130;A;LYD;0,99450000;1,00010000;5,42000000;5,45000000
03/07/2025;132;A;MKD;0,10310000;0,10400000;52,11000000;52,59000000
03/07/2025;133;A;RSD;0,05431000;0,05447000;99,52000000;99,80000000
03/07/2025;134;A;SDG;0,00900100;0,00905200;598,85020000;602,19120000
03/07/2025;135;A;TND;1,87160000;1,89210000;2,86500000;2,89600000
03/07/2025;136;A;SSP;0,00118200;0,00121600;4456,33980000;4586,33980000
03/07/2025;138;B;SDR;7,46090000;7,46170000;1,37650000;1,37650000
03/07/2025;139;A;MAD;0,60190000;0,60280000;8,99290000;9,00490000
03/07/2025;145;A;AED;1,47550000;1,47600000;3,67260000;3,67340000
03/07/2025;149;A;STN;0,25490000;0,26010000;20,83860000;21,26750000
03/07/2025;150;B;AUD;3,56220000;3,56420000;0,65720000;0,65750000
03/07/2025;155;A;BSD;5,42020000;5,42080000;1,00000000;1,00000000
03/07/2025;160;A;BMD;5,42020000;5,42080000;1,00000000;1,00000000
03/07/2025;165;A;CAD;3,99720000;3,99820000;1,35580000;1,35600000
03/07/2025;170;A;GYD;0,02576000;0,02606000;207,98000000;210,45000000
03/07/2025;173;A;NAD;0,30980000;0,30990000;17,49360000;17,49660000
03/07/2025;175;A;BBD;2,69630000;2,71450000;1,99700000;2,01020000
03/07/2025;180;A;BZD;2,69660000;2,71040000;2,00000000;2,01000000
03/07/2025;185;A;BND;4,25110000;4,25430000;1,27420000;1,27500000
03/07/2025;190;A;KYD;6,49130000;6,55080000;0,82750000;0,83500000
03/07/2025;195;A;SGD;4,25110000;4,25430000;1,27420000;1,27500000
03/07/2025;197;B;CLF;229,28530000;229,31070000;42,30200000;42,30200000
03/07/2025;200;B;FJD;2,39300000;2,45350000;0,44150000;0,45260000
03/07/2025;205;A;HKD;0,69040000;0,69060000;7,84940000;7,85060000
03/07/2025;210;A;TTD;0,79410000;0,80440000;6,73860000;6,82600000
03/07/2025;215;A;XCD;1,99270000;2,01520000;2,69000000;2,72000000
03/07/2025;220;A;USD;5,42020000;5,42080000;1,00000000;1,00000000
03/07/2025;230;A;JMD;0,03376000;0,03413000;158,85000000;160,53000000
03/07/2025;235;A;LRD;0,02683000;0,02724000;199,00000000;202,00000000
03/07/2025;245;B;NZD;3,28740000;3,28990000;0,60650000;0,60690000
03/07/2025;250;B;SBD;0,60220000;0,66620000;0,11110000;0,12290000
03/07/2025;255;A;SRD;0,14500000;0,14650000;37,00000000;37,37000000
03/07/2025;260;A;VND;0,00020670;0,00020710;26175,00000000;26225,00000000
03/07/2025;275;A;AMD;0,01404000;0,01415000;383,00000000;386,00000000
03/07/2025;295;A;CVE;0,05727000;0,05780000;93,79000000;94,65000000
03/07/2025;326;A;XCG;2,97810000;3,03770000;1,78450000;1,82000000
03/07/2025;328;A;AWG;2,94580000;3,04540000;1,78000000;1,84000000
03/07/2025;345;A;HUF;0,01597000;0,01598000;339,15000000;339,39000000
03/07/2025;363;A;CDF;0,00183700;0,00188800;2872,00000000;2950,00000000
03/07/2025;365;A;BIF;0,00179800;0,00184200;2943,00000000;3015,00000000
03/07/2025;368;A;KMF;0,01294000;0,01300000;417,00000000;419,00000000
03/07/2025;370;A;XAF;0,00937000;0,00971800;557,83000000;578,46000000
03/07/2025;372;A;XOF;0,00969600;0,00978500;554,00000000;559,00000000
03/07/2025;380;A;XPF;0,05309000;0,05357000;101,20000000;102,10000000
03/07/2025;390;A;DJF;0,03036000;0,03052000;177,60000000;178,55000000
03/07/2025;398;A;GNF;0,00062300;0,00062730;8641,00000000;8700,00000000
03/07/2025;406;A;MGA;0,00122100;0,00124000;4371,49000000;4439,53000000
03/07/2025;420;A;RWF;0,00376600;0,00379700;1427,62000000;1439,38000000
03/07/2025;425;A;CHF;6,81610000;6,81780000;0,79510000;0,79520000
03/07/2025;440;A;HTG;0,04114000;0,04143000;130,85000000;131,75000000
03/07/2025;450;A;PYG;0,00067650;0,00068380;7927,00000000;8012,00000000
03/07/2025;460;A;UAH;0,12970000;0,12990000;41,74000000;41,80000000
03/07/2025;470;A;JPY;0,03739000;0,03740000;144,95000000;144,97000000
03/07/2025;482;A;GEL;1,97310000;2,01590000;2,68900000;2,74700000
03/07/2025;490;A;ALL;0,06464000;0,06547000;82,80000000;83,85000000
03/07/2025;495;A;HNL;0,20690000;0,20810000;26,05310000;26,20000000
03/07/2025;500;A;SLL;0,00023660;0,00023900;22683,00000000;22908,00000000
03/07/2025;503;A;MDL;0,32170000;0,32410000;16,72370000;16,84770000
03/07/2025;506;A;RON;1,25950000;1,26030000;4,30130000;4,30340000
03/07/2025;510;A;BGN;3,25690000;3,25830000;1,66370000;1,66420000
03/07/2025;530;B;GIP;7,39860000;7,39990000;1,36500000;1,36510000
03/07/2025;535;A;EGP;0,10970000;0,11000000;49,30000000;49,40000000
03/07/2025;540;B;GBP;7,39970000;7,40160000;1,36520000;1,36540000
03/07/2025;545;B;FKP;7,39860000;7,39990000;1,36500000;1,36510000
03/07/2025;560;A;LBP;0,00006040;0,00006060;89500,00000000;89700,00000000
03/07/2025;570;B;SHP;7,39860000;7,40100000;1,36500000;1,36530000
03/07/2025;575;A;SYP;0,00041660;0,00041700;13000,00000000;13010,00000000
03/07/2025;585;A;SZL;0,30980000;0,30990000;17,49360000;17,49660000
03/07/2025;603;A;LSL;0,30980000;0,30990000;17,49360000;17,49660000
03/07/2025;608;A;TMT;1,54660000;1,55120000;3,49450000;3,50450000
03/07/2025;622;A;MZN;0,08398000;0,08568000;63,27000000;64,54000000
03/07/2025;625;A;ERN;0,35780000;0,36140000;15,00000000;15,15000000
03/07/2025;630;A;NGN;0,00353100;0,00354900;1527,32000000;1534,97000000
03/07/2025;635;A;AOA;0,00582600;0,00594400;911,95500000;930,33100000
03/07/2025;640;A;TWD;0,18750000;0,18770000;28,87600000;28,90600000
03/07/2025;642;A;TRY;0,13610000;0,13610000;39,81920000;39,82890000
03/07/2025;660;A;PEN;1,53030000;1,53130000;3,54000000;3,54200000
03/07/2025;665;A;BTN;0,06339000;0,06347000;85,41100000;85,50500000
03/07/2025;670;A;MRO;0,01510000;0,01523000;356,00000000;359,00000000
03/07/2025;671;A;MRU;0,13650000;0,13700000;39,58000000;39,69900000
03/07/2025;680;B;TOP;2,22720000;2,36290000;0,41090000;0,43590000
03/07/2025;685;A;MOP;0,66940000;0,67050000;8,08500000;8,09700000
03/07/2025;706;A;ARS;0,00442500;0,00442900;1224,00000000;1225,00000000
03/07/2025;715;A;CLP;0,00583800;0,00584100;927,99000000;928,45000000
03/07/2025;720;A;COP;0,00137000;0,00137000;3956,29000000;3956,80000000
03/07/2025;721;B;COU;0,53060000;0,53070000;0,09790000;0,09790000
03/07/2025;725;A;CUP;0,22580000;0,22590000;24,00000000;24,00000000
03/07/2025;730;A;DOP;0,09019000;0,09101000;59,56000000;60,10000000
03/07/2025;735;A;PHP;0,09615000;0,09620000;56,35100000;56,37300000
03/07/2025;741;A;MXN;0,29060000;0,29080000;18,64100000;18,65200000
03/07/2025;745;A;UYU;0,13500000;0,13540000;40,03000000;40,15000000
03/07/2025;755;B;BWP;0,40760000;0,40980000;0,07520000;0,07560000
03/07/2025;760;A;MWK;0,00309700;0,00315700;1717,02000000;1750,32000000
03/07/2025;766;A;ZMW;0,22350000;0,22400000;24,20000000;24,25000000
03/07/2025;770;A;GTQ;0,70400000;0,70590000;7,67900000;7,69900000
03/07/2025;775;A;MMK;0,00257300;0,00258900;2093,70000000;2106,30000000
03/07/2025;778;B;PGK;1,26830000;1,36060000;0,23400000;0,25100000
03/07/2025;780;A;LAK;0,00025000;0,00025300;21425,00000000;21680,00000000
03/07/2025;785;A;ZAR;0,30980000;0,31000000;17,48480000;17,49440000
03/07/2025;795;A;CNY;0,75600000;0,75620000;7,16840000;7,16990000
03/07/2025;796;A;CNH;0,75600000;0,75610000;7,16950000;7,16960000
03/07/2025;800;A;QAR;1,48620000;1,48830000;3,64230000;3,64710000
03/07/2025;805;A;OMR;14,07840000;14,08000000;0,38500000;0,38500000
03/07/2025;810;A;YER;0,02235000;0,02240000;242,00000000;242,50000000
03/07/2025;815;A;IRR;0,00012840;0,00012910;42000,00000000;42200,00000000
03/07/2025;820;A;SAR;1,44520000;1,44550000;3,75020000;3,75040000
03/07/2025;825;A;KHR;0,00134300;0,00135400;4003,00000000;4035,50000000
03/07/2025;828;A;MYR;1,28290000;1,28450000;4,22000000;4,22500000
03/07/2025;830;A;RUB;0,06854000;0,06856000;79,07050000;79,07950000
03/07/2025;831;A;BYN;1,65300000;1,65970000;3,26610000;3,27910000
03/07/2025;835;A;TJS;0,55030000;0,55880000;9,70000000;9,85000000
03/07/2025;840;A;MUR;0,12040000;0,12120000;44,72000000;45,02000000
03/07/2025;845;A;NPR;0,03971000;0,03971000;136,50000000;136,51000000
03/07/2025;850;A;SCR;0,38430000;0,38440000;14,10360000;14,10400000
03/07/2025;855;A;LKR;0,01807000;0,01808000;299,90000000;299,95000000
03/07/2025;860;A;INR;0,06342000;0,06347000;85,40500000;85,46000000
03/07/2025;865;A;IDR;0,00033470;0,00033490;16185,00000000;16195,00000000
03/07/2025;870;A;MVR;0,34970000;0,35150000;15,42000000;15,50000000
03/07/2025;875;A;PKR;0,01909000;0,01912000;283,50000000;284,00000000
03/07/2025;880;A;ILS;1,62640000;1,62770000;3,33040000;3,33270000
03/07/2025;892;A;KGS;0,06194000;0,06199000;87,45000000;87,50430000
03/07/2025;893;A;UZS;0,00042880;0,00043120;12570,00000000;12640,00000000
03/07/2025;905;A;BDT;0,04416000;0,04422000;122,60000000;122,75000000
03/07/2025;912;B;WST;2,03260000;2,12500000;0,37500000;0,39200000
03/07/2025;913;A;KZT;0,01043000;0,01044000;519,00000000;519,92000000
03/07/2025;915;A;MNT;0,00150500;0,00151600;3576,00000000;3601,00000000
03/07/2025;920;A;VUV;0,04407000;0,04633000;117,00000000;123,00000000
03/07/2025;930;A;KRW;0,00397100;0,00397200;1364,66000000;1364,98000000
03/07/2025;946;A;TZS;0,00203000;0,00207700;2610,00000000;2670,00000000
03/07/2025;950;A;KES;0,04189000;0,04202000;129,00000000;129,40000000
03/07/2025;955;A;UGX;0,00150900;0,00151300;3582,00000000;3592,00000000
03/07/2025;960;A;SOS;0,00942600;0,00954400;568,00000000;575,00000000
03/07/2025;975;A;PLN;1,50190000;1,50240000;3,60800000;3,60900000
03/07/2025;978;B;EUR;6,37250000;6,37380000;1,17570000;1,17580000
03/07/2025;998;A;XAU;579,88660000;579,95080000;0,00934700;0,00934700

[2025-07-07T15:13:37.150+0000] {taskinstance.py:441} INFO - ::group::Post task execution logs
[2025-07-07T15:13:37.203+0000] {taskinstance.py:1206} INFO - Marking task as SUCCESS. dag_id=fin_cotacoes_bcb_classic, task_id=extract, run_id=scheduled__2025-07-03T00:00:00+00:00, execution_date=20250703T000000, start_date=20250707T151336, end_date=20250707T151337
[2025-07-07T15:13:37.288+0000] {local_task_job_runner.py:240} INFO - Task exited with return code 0
[2025-07-07T15:13:37.371+0000] {taskinstance.py:3503} INFO - 1 downstream tasks scheduled from follow-on schedule check
[2025-07-07T15:13:37.374+0000] {local_task_job_runner.py:222} INFO - ::endgroup::
