[2025-07-06T19:44:40.492+0000] {local_task_job_runner.py:120} INFO - ::group::Pre task execution logs
[2025-07-06T19:44:40.561+0000] {taskinstance.py:2076} INFO - Dependencies all met for dep_context=non-requeueable deps ti=<TaskInstance: fin_cotacoes_bcb_classic.extract scheduled__2025-03-22T00:00:00+00:00 [queued]>
[2025-07-06T19:44:40.571+0000] {taskinstance.py:2076} INFO - Dependencies all met for dep_context=requeueable deps ti=<TaskInstance: fin_cotacoes_bcb_classic.extract scheduled__2025-03-22T00:00:00+00:00 [queued]>
[2025-07-06T19:44:40.572+0000] {taskinstance.py:2306} INFO - Starting attempt 1 of 2
[2025-07-06T19:44:40.828+0000] {taskinstance.py:2330} INFO - Executing <Task(PythonOperator): extract> on 2025-03-22 00:00:00+00:00
[2025-07-06T19:44:40.858+0000] {logging_mixin.py:188} WARNING - /home/***/.local/lib/python3.12/site-packages/***/task/task_runner/standard_task_runner.py:61 DeprecationWarning: This process (pid=8125) is multi-threaded, use of fork() may lead to deadlocks in the child.
[2025-07-06T19:44:40.858+0000] {standard_task_runner.py:90} INFO - Running: ['***', 'tasks', 'run', 'fin_cotacoes_bcb_classic', 'extract', 'scheduled__2025-03-22T00:00:00+00:00', '--job-id', '1169', '--raw', '--subdir', 'DAGS_FOLDER/cotacoes.py', '--cfg-path', '/tmp/tmpj_d326h4']
[2025-07-06T19:44:40.859+0000] {standard_task_runner.py:63} INFO - Started process 8205 to run task
[2025-07-06T19:44:40.860+0000] {standard_task_runner.py:91} INFO - Job 1169: Subtask extract
[2025-07-06T19:44:40.967+0000] {task_command.py:426} INFO - Running <TaskInstance: fin_cotacoes_bcb_classic.extract scheduled__2025-03-22T00:00:00+00:00 [running]> on host 20adb53d65c4
[2025-07-06T19:44:41.127+0000] {taskinstance.py:2648} INFO - Exporting env vars: AIRFLOW_CTX_DAG_OWNER='***' AIRFLOW_CTX_DAG_ID='fin_cotacoes_bcb_classic' AIRFLOW_CTX_TASK_ID='extract' AIRFLOW_CTX_EXECUTION_DATE='2025-03-22T00:00:00+00:00' AIRFLOW_CTX_TRY_NUMBER='1' AIRFLOW_CTX_DAG_RUN_ID='scheduled__2025-03-22T00:00:00+00:00'
[2025-07-06T19:44:41.129+0000] {taskinstance.py:430} INFO - ::endgroup::
[2025-07-06T19:44:41.129+0000] {cotacoes.py:37} INFO - Iniciando extração da URL: https://www4.bcb.gov.br/Download/fechamento/20250322.csv
[2025-07-06T19:44:41.390+0000] {cotacoes.py:46} ERROR - Erro ao acessar a URL: 404 Client Error: Not Found for url: https://www4.bcb.gov.br/Download/fechamento/20250322.csv
[2025-07-06T19:44:41.392+0000] {python.py:237} INFO - Done. Returned value was: None
[2025-07-06T19:44:41.395+0000] {taskinstance.py:441} INFO - ::group::Post task execution logs
[2025-07-06T19:44:41.410+0000] {taskinstance.py:1206} INFO - Marking task as SUCCESS. dag_id=fin_cotacoes_bcb_classic, task_id=extract, run_id=scheduled__2025-03-22T00:00:00+00:00, execution_date=20250322T000000, start_date=20250706T194440, end_date=20250706T194441
[2025-07-06T19:44:41.485+0000] {local_task_job_runner.py:240} INFO - Task exited with return code 0
[2025-07-06T19:44:41.518+0000] {logging_mixin.py:188} WARNING - /home/***/.local/lib/python3.12/site-packages/***/models/baseoperator.py:1297 AirflowProviderDeprecationWarning: Call to deprecated class PostgresOperator. (Please use `***.providers.common.sql.operators.sql.SQLExecuteQueryOperator`.Also, you can provide `hook_params={'schema': <database>}`.)
[2025-07-06T19:44:41.651+0000] {taskinstance.py:3503} INFO - 1 downstream tasks scheduled from follow-on schedule check
[2025-07-06T19:44:41.653+0000] {local_task_job_runner.py:222} INFO - ::endgroup::
[2025-07-07T14:31:04.478+0000] {local_task_job_runner.py:120} INFO - ::group::Pre task execution logs
[2025-07-07T14:31:04.604+0000] {taskinstance.py:2076} INFO - Dependencies all met for dep_context=non-requeueable deps ti=<TaskInstance: fin_cotacoes_bcb_classic.extract scheduled__2025-03-22T00:00:00+00:00 [queued]>
[2025-07-07T14:31:04.621+0000] {taskinstance.py:2076} INFO - Dependencies all met for dep_context=requeueable deps ti=<TaskInstance: fin_cotacoes_bcb_classic.extract scheduled__2025-03-22T00:00:00+00:00 [queued]>
[2025-07-07T14:31:04.621+0000] {taskinstance.py:2306} INFO - Starting attempt 1 of 2
[2025-07-07T14:31:04.657+0000] {taskinstance.py:2330} INFO - Executing <Task(PythonOperator): extract> on 2025-03-22 00:00:00+00:00
[2025-07-07T14:31:04.692+0000] {logging_mixin.py:188} WARNING - /home/***/.local/lib/python3.12/site-packages/***/task/task_runner/standard_task_runner.py:61 DeprecationWarning: This process (pid=76011) is multi-threaded, use of fork() may lead to deadlocks in the child.
[2025-07-07T14:31:04.693+0000] {standard_task_runner.py:63} INFO - Started process 76074 to run task
[2025-07-07T14:31:04.692+0000] {standard_task_runner.py:90} INFO - Running: ['***', 'tasks', 'run', 'fin_cotacoes_bcb_classic', 'extract', 'scheduled__2025-03-22T00:00:00+00:00', '--job-id', '2155', '--raw', '--subdir', 'DAGS_FOLDER/cotacoes.py', '--cfg-path', '/tmp/tmpfs9x6hfm']
[2025-07-07T14:31:04.699+0000] {standard_task_runner.py:91} INFO - Job 2155: Subtask extract
[2025-07-07T14:31:04.819+0000] {task_command.py:426} INFO - Running <TaskInstance: fin_cotacoes_bcb_classic.extract scheduled__2025-03-22T00:00:00+00:00 [running]> on host bc96ca91d307
[2025-07-07T14:31:05.016+0000] {taskinstance.py:2648} INFO - Exporting env vars: AIRFLOW_CTX_DAG_OWNER='***' AIRFLOW_CTX_DAG_ID='fin_cotacoes_bcb_classic' AIRFLOW_CTX_TASK_ID='extract' AIRFLOW_CTX_EXECUTION_DATE='2025-03-22T00:00:00+00:00' AIRFLOW_CTX_TRY_NUMBER='1' AIRFLOW_CTX_DAG_RUN_ID='scheduled__2025-03-22T00:00:00+00:00'
[2025-07-07T14:31:05.018+0000] {taskinstance.py:430} INFO - ::endgroup::
[2025-07-07T14:31:05.019+0000] {cotacoes.py:35} INFO - Iniciando extração da URL: https://www4.bcb.gov.br/Download/fechamento/20250322.csv
[2025-07-07T14:31:05.263+0000] {cotacoes.py:46} WARNING - Não foi possível extrair dados da URL (pode ser um dia sem cotação): 404 Client Error: Not Found for url: https://www4.bcb.gov.br/Download/fechamento/20250322.csv
[2025-07-07T14:31:05.268+0000] {python.py:237} INFO - Done. Returned value was: None
[2025-07-07T14:31:05.279+0000] {taskinstance.py:441} INFO - ::group::Post task execution logs
[2025-07-07T14:31:05.309+0000] {taskinstance.py:1206} INFO - Marking task as SUCCESS. dag_id=fin_cotacoes_bcb_classic, task_id=extract, run_id=scheduled__2025-03-22T00:00:00+00:00, execution_date=20250322T000000, start_date=20250707T143104, end_date=20250707T143105
[2025-07-07T14:31:05.403+0000] {local_task_job_runner.py:240} INFO - Task exited with return code 0
[2025-07-07T14:31:05.433+0000] {local_task_job_runner.py:222} INFO - ::endgroup::
[2025-07-07T14:34:14.553+0000] {local_task_job_runner.py:120} INFO - ::group::Pre task execution logs
[2025-07-07T14:34:14.666+0000] {taskinstance.py:2076} INFO - Dependencies all met for dep_context=non-requeueable deps ti=<TaskInstance: fin_cotacoes_bcb_classic.extract scheduled__2025-03-22T00:00:00+00:00 [queued]>
[2025-07-07T14:34:14.687+0000] {taskinstance.py:2076} INFO - Dependencies all met for dep_context=requeueable deps ti=<TaskInstance: fin_cotacoes_bcb_classic.extract scheduled__2025-03-22T00:00:00+00:00 [queued]>
[2025-07-07T14:34:14.688+0000] {taskinstance.py:2306} INFO - Starting attempt 1 of 2
[2025-07-07T14:34:14.728+0000] {taskinstance.py:2330} INFO - Executing <Task(PythonOperator): extract> on 2025-03-22 00:00:00+00:00
[2025-07-07T14:34:14.746+0000] {logging_mixin.py:188} WARNING - /home/***/.local/lib/python3.12/site-packages/***/task/task_runner/standard_task_runner.py:61 DeprecationWarning: This process (pid=78484) is multi-threaded, use of fork() may lead to deadlocks in the child.
[2025-07-07T14:34:14.751+0000] {standard_task_runner.py:63} INFO - Started process 78503 to run task
[2025-07-07T14:34:14.747+0000] {standard_task_runner.py:90} INFO - Running: ['***', 'tasks', 'run', 'fin_cotacoes_bcb_classic', 'extract', 'scheduled__2025-03-22T00:00:00+00:00', '--job-id', '2415', '--raw', '--subdir', 'DAGS_FOLDER/cotacoes.py', '--cfg-path', '/tmp/tmppr8hyocr']
[2025-07-07T14:34:14.777+0000] {standard_task_runner.py:91} INFO - Job 2415: Subtask extract
[2025-07-07T14:34:14.889+0000] {task_command.py:426} INFO - Running <TaskInstance: fin_cotacoes_bcb_classic.extract scheduled__2025-03-22T00:00:00+00:00 [running]> on host bc96ca91d307
[2025-07-07T14:34:15.136+0000] {taskinstance.py:2648} INFO - Exporting env vars: AIRFLOW_CTX_DAG_OWNER='***' AIRFLOW_CTX_DAG_ID='fin_cotacoes_bcb_classic' AIRFLOW_CTX_TASK_ID='extract' AIRFLOW_CTX_EXECUTION_DATE='2025-03-22T00:00:00+00:00' AIRFLOW_CTX_TRY_NUMBER='1' AIRFLOW_CTX_DAG_RUN_ID='scheduled__2025-03-22T00:00:00+00:00'
[2025-07-07T14:34:15.137+0000] {taskinstance.py:430} INFO - ::endgroup::
[2025-07-07T14:34:15.138+0000] {cotacoes.py:35} INFO - Iniciando extração da URL: https://www4.bcb.gov.br/Download/fechamento/20250322.csv
[2025-07-07T14:34:15.488+0000] {cotacoes.py:46} WARNING - Não foi possível extrair dados da URL (pode ser um dia sem cotação): 404 Client Error: Not Found for url: https://www4.bcb.gov.br/Download/fechamento/20250322.csv
[2025-07-07T14:34:15.490+0000] {python.py:237} INFO - Done. Returned value was: None
[2025-07-07T14:34:15.490+0000] {taskinstance.py:441} INFO - ::group::Post task execution logs
[2025-07-07T14:34:15.529+0000] {taskinstance.py:1206} INFO - Marking task as SUCCESS. dag_id=fin_cotacoes_bcb_classic, task_id=extract, run_id=scheduled__2025-03-22T00:00:00+00:00, execution_date=20250322T000000, start_date=20250707T143414, end_date=20250707T143415
[2025-07-07T14:34:15.583+0000] {local_task_job_runner.py:240} INFO - Task exited with return code 0
[2025-07-07T14:34:15.658+0000] {taskinstance.py:3503} INFO - 0 downstream tasks scheduled from follow-on schedule check
[2025-07-07T14:34:15.670+0000] {local_task_job_runner.py:222} INFO - ::endgroup::
[2025-07-07T15:11:33.622+0000] {local_task_job_runner.py:120} INFO - ::group::Pre task execution logs
[2025-07-07T15:11:33.696+0000] {taskinstance.py:2076} INFO - Dependencies all met for dep_context=non-requeueable deps ti=<TaskInstance: fin_cotacoes_bcb_classic.extract scheduled__2025-03-22T00:00:00+00:00 [queued]>
[2025-07-07T15:11:33.711+0000] {taskinstance.py:2076} INFO - Dependencies all met for dep_context=requeueable deps ti=<TaskInstance: fin_cotacoes_bcb_classic.extract scheduled__2025-03-22T00:00:00+00:00 [queued]>
[2025-07-07T15:11:33.712+0000] {taskinstance.py:2306} INFO - Starting attempt 1 of 2
[2025-07-07T15:11:33.751+0000] {taskinstance.py:2330} INFO - Executing <Task(PythonOperator): extract> on 2025-03-22 00:00:00+00:00
[2025-07-07T15:11:33.787+0000] {logging_mixin.py:188} WARNING - /home/***/.local/lib/python3.12/site-packages/***/task/task_runner/standard_task_runner.py:61 DeprecationWarning: This process (pid=103022) is multi-threaded, use of fork() may lead to deadlocks in the child.
[2025-07-07T15:11:33.788+0000] {standard_task_runner.py:63} INFO - Started process 103158 to run task
[2025-07-07T15:11:33.790+0000] {standard_task_runner.py:90} INFO - Running: ['***', 'tasks', 'run', 'fin_cotacoes_bcb_classic', 'extract', 'scheduled__2025-03-22T00:00:00+00:00', '--job-id', '4097', '--raw', '--subdir', 'DAGS_FOLDER/cotacoes.py', '--cfg-path', '/tmp/tmpe91hflsg']
[2025-07-07T15:11:33.791+0000] {standard_task_runner.py:91} INFO - Job 4097: Subtask extract
[2025-07-07T15:11:33.916+0000] {task_command.py:426} INFO - Running <TaskInstance: fin_cotacoes_bcb_classic.extract scheduled__2025-03-22T00:00:00+00:00 [running]> on host bc96ca91d307
[2025-07-07T15:11:34.174+0000] {taskinstance.py:2648} INFO - Exporting env vars: AIRFLOW_CTX_DAG_OWNER='***' AIRFLOW_CTX_DAG_ID='fin_cotacoes_bcb_classic' AIRFLOW_CTX_TASK_ID='extract' AIRFLOW_CTX_EXECUTION_DATE='2025-03-22T00:00:00+00:00' AIRFLOW_CTX_TRY_NUMBER='1' AIRFLOW_CTX_DAG_RUN_ID='scheduled__2025-03-22T00:00:00+00:00'
[2025-07-07T15:11:34.176+0000] {taskinstance.py:430} INFO - ::endgroup::
[2025-07-07T15:11:34.180+0000] {cotacoes.py:35} INFO - Iniciando extração da URL: https://www4.bcb.gov.br/Download/fechamento/20250322.csv
[2025-07-07T15:11:34.459+0000] {cotacoes.py:46} WARNING - Não foi possível extrair dados da URL (pode ser um dia sem cotação): 404 Client Error: Not Found for url: https://www4.bcb.gov.br/Download/fechamento/20250322.csv
[2025-07-07T15:11:34.467+0000] {python.py:237} INFO - Done. Returned value was: None
[2025-07-07T15:11:34.468+0000] {taskinstance.py:441} INFO - ::group::Post task execution logs
[2025-07-07T15:11:34.484+0000] {taskinstance.py:1206} INFO - Marking task as SUCCESS. dag_id=fin_cotacoes_bcb_classic, task_id=extract, run_id=scheduled__2025-03-22T00:00:00+00:00, execution_date=20250322T000000, start_date=20250707T151133, end_date=20250707T151134
[2025-07-07T15:11:34.553+0000] {local_task_job_runner.py:240} INFO - Task exited with return code 0
[2025-07-07T15:11:34.588+0000] {local_task_job_runner.py:222} INFO - ::endgroup::
