[2025-07-06T19:34:11.650+0000] {local_task_job_runner.py:120} INFO - ::group::Pre task execution logs
[2025-07-06T19:34:11.694+0000] {taskinstance.py:2076} INFO - Dependencies all met for dep_context=non-requeueable deps ti=<TaskInstance: fin_cotacoes_bcb_classic.extract scheduled__2025-02-24T00:00:00+00:00 [queued]>
[2025-07-06T19:34:11.707+0000] {taskinstance.py:2076} INFO - Dependencies all met for dep_context=requeueable deps ti=<TaskInstance: fin_cotacoes_bcb_classic.extract scheduled__2025-02-24T00:00:00+00:00 [queued]>
[2025-07-06T19:34:11.707+0000] {taskinstance.py:2306} INFO - Starting attempt 1 of 2
[2025-07-06T19:34:11.728+0000] {taskinstance.py:2330} INFO - Executing <Task(PythonOperator): extract> on 2025-02-24 00:00:00+00:00
[2025-07-06T19:34:11.747+0000] {standard_task_runner.py:90} INFO - Running: ['***', 'tasks', 'run', 'fin_cotacoes_bcb_classic', 'extract', 'scheduled__2025-02-24T00:00:00+00:00', '--job-id', '1078', '--raw', '--subdir', 'DAGS_FOLDER/cotacoes.py', '--cfg-path', '/tmp/tmpy8302c57']
[2025-07-06T19:34:11.752+0000] {standard_task_runner.py:91} INFO - Job 1078: Subtask extract
[2025-07-06T19:34:11.759+0000] {logging_mixin.py:188} WARNING - /home/***/.local/lib/python3.12/site-packages/***/task/task_runner/standard_task_runner.py:61 DeprecationWarning: This process (pid=2381) is multi-threaded, use of fork() may lead to deadlocks in the child.
[2025-07-06T19:34:11.766+0000] {standard_task_runner.py:63} INFO - Started process 2402 to run task
[2025-07-06T19:34:11.864+0000] {task_command.py:426} INFO - Running <TaskInstance: fin_cotacoes_bcb_classic.extract scheduled__2025-02-24T00:00:00+00:00 [running]> on host 20adb53d65c4
[2025-07-06T19:34:12.069+0000] {taskinstance.py:2648} INFO - Exporting env vars: AIRFLOW_CTX_DAG_OWNER='***' AIRFLOW_CTX_DAG_ID='fin_cotacoes_bcb_classic' AIRFLOW_CTX_TASK_ID='extract' AIRFLOW_CTX_EXECUTION_DATE='2025-02-24T00:00:00+00:00' AIRFLOW_CTX_TRY_NUMBER='1' AIRFLOW_CTX_DAG_RUN_ID='scheduled__2025-02-24T00:00:00+00:00'
[2025-07-06T19:34:12.070+0000] {taskinstance.py:430} INFO - ::endgroup::
[2025-07-06T19:34:12.071+0000] {cotacoes.py:37} INFO - Iniciando extração da URL: https://www4.bcb.gov.br/Download/fechamento/20250224.csv
[2025-07-06T19:34:12.433+0000] {cotacoes.py:43} INFO - Extração concluída com sucesso.
[2025-07-06T19:34:12.439+0000] {python.py:237} INFO - Done. Returned value was: 24/02/2025;005;A;AFN;0,07767000;0,07789000;73,51000000;73,71000000
24/02/2025;009;A;ETB;0,04373000;0,04547000;125,93090000;130,93090000
24/02/2025;015;A;THB;0,17070000;0,17080000;33,53000000;33,54000000
24/02/2025;020;A;PAB;5,72520000;5,72580000;1,00000000;1,00000000
24/02/2025;027;A;VES;0,09028000;0,09052000;63,25540000;63,41390000
24/02/2025;030;A;BOB;0,81670000;0,83470000;6,86000000;7,01000000
24/02/2025;035;A;GHS;0,36820000;0,37060000;15,45000000;15,55000000
24/02/2025;040;A;CRC;0,01122000;0,01136000;503,90000000;510,05000000
24/02/2025;045;A;SVC;0,65360000;0,65440000;8,74950000;8,75950000
24/02/2025;051;A;NIO;0,15470000;0,15640000;36,60000000;37,00000000
24/02/2025;055;A;DKK;0,80330000;0,80360000;7,12550000;7,12690000
24/02/2025;060;A;ISK;0,04126000;0,04135000;138,46000000;138,76000000
24/02/2025;065;A;NOK;0,51470000;0,51530000;11,11080000;11,12300000
24/02/2025;070;A;SEK;0,53710000;0,53760000;10,65100000;10,65960000
24/02/2025;075;A;CZK;0,23950000;0,23960000;23,89300000;23,90200000
24/02/2025;090;A;GMD;0,07843000;0,07936000;72,15000000;73,00000000
24/02/2025;095;A;DZD;0,04220000;0,04269000;134,13910000;135,65930000
24/02/2025;100;A;KWD;18,55820000;18,56010000;0,30850000;0,30850000
24/02/2025;105;A;BHD;15,19020000;15,19180000;0,37690000;0,37690000
24/02/2025;115;A;IQD;0,00436700;0,00437400;1309,00000000;1311,00000000
24/02/2025;125;A;JOD;8,06370000;8,07020000;0,70950000;0,71000000
24/02/2025;130;A;LYD;1,17080000;1,17630000;4,86750000;4,88980000
24/02/2025;132;A;MKD;0,09689000;0,09778000;58,56000000;59,09000000
24/02/2025;133;A;RSD;0,05115000;0,05119000;111,85000000;111,94000000
24/02/2025;134;A;SDG;0,00950700;0,00956100;598,85020000;602,19120000
24/02/2025;135;A;TND;1,80270000;1,80370000;3,17440000;3,17590000
24/02/2025;136;A;SSP;0,00127500;0,00130700;4381,12550000;4491,12550000
24/02/2025;138;B;SDR;7,51780000;7,51850000;1,31310000;1,31310000
24/02/2025;139;A;MAD;0,57460000;0,57590000;9,94320000;9,96320000
24/02/2025;145;A;AED;1,55870000;1,55910000;3,67260000;3,67310000
24/02/2025;149;A;STN;0,23970000;0,24470000;23,40240000;23,88230000
24/02/2025;150;B;AUD;3,63780000;3,63870000;0,63540000;0,63550000
24/02/2025;155;A;BSD;5,72520000;5,72580000;1,00000000;1,00000000
24/02/2025;160;A;BMD;5,72520000;5,72580000;1,00000000;1,00000000
24/02/2025;165;A;CAD;4,02160000;4,02290000;1,42330000;1,42360000
24/02/2025;170;A;GYD;0,02720000;0,02753000;207,98000000;210,45000000
24/02/2025;173;A;NAD;0,31170000;0,31210000;18,34800000;18,36600000
24/02/2025;175;A;BBD;2,80630000;2,86560000;1,99810000;2,04010000
24/02/2025;180;A;BZD;2,83820000;2,86260000;2,00020000;2,01720000
24/02/2025;185;A;BND;4,27830000;4,27910000;1,33810000;1,33820000
24/02/2025;190;A;KYD;6,85650000;6,91940000;0,82750000;0,83500000
24/02/2025;195;A;SGD;4,27830000;4,27910000;1,33810000;1,33820000
24/02/2025;197;B;CLF;233,11300000;233,13740000;40,71700000;40,71700000
24/02/2025;200;B;FJD;2,45550000;2,53370000;0,42890000;0,44250000
24/02/2025;205;A;HKD;0,73640000;0,73660000;7,77370000;7,77430000
24/02/2025;210;A;TTD;0,83870000;0,84620000;6,76630000;6,82600000
24/02/2025;215;A;XCD;2,10490000;2,12860000;2,69000000;2,72000000
24/02/2025;220;A;USD;5,72520000;5,72580000;1,00000000;1,00000000
24/02/2025;230;A;JMD;0,03610000;0,03651000;156,81000000;158,61000000
24/02/2025;235;A;LRD;0,02834000;0,02907000;197,00000000;202,00000000
24/02/2025;245;B;NZD;3,28630000;3,28720000;0,57400000;0,57410000
24/02/2025;250;B;SBD;0,63090000;0,69850000;0,11020000;0,12200000
24/02/2025;255;A;SRD;0,15940000;0,16300000;35,12200000;35,90700000
24/02/2025;260;A;VND;0,00022480;0,00022480;25468,00000000;25472,00000000
24/02/2025;275;A;AMD;0,01450000;0,01457000;392,90000000;394,90000000
24/02/2025;295;A;CVE;0,05386000;0,05436000;105,33000000;106,29000000
24/02/2025;325;A;ANG;3,14570000;3,20860000;1,78450000;1,82000000
24/02/2025;328;A;AWG;3,11150000;3,21670000;1,78000000;1,84000000
24/02/2025;345;A;HUF;0,01492000;0,01494000;383,36000000;383,78000000
24/02/2025;363;A;CDF;0,00199500;0,00200400;2857,00000000;2870,00000000
24/02/2025;365;A;BIF;0,00190800;0,00195900;2923,20000000;3000,00000000
24/02/2025;368;A;KMF;0,01213000;0,01218000;470,07000000;472,07000000
24/02/2025;370;A;XAF;0,00881000;0,00913800;626,57000000;649,84000000
24/02/2025;372;A;XOF;0,00913100;0,00923500;620,00000000;627,00000000
24/02/2025;380;A;XPF;0,04994000;0,05038000;113,65000000;114,65000000
24/02/2025;390;A;DJF;0,03207000;0,03224000;177,60000000;178,55000000
24/02/2025;398;A;GNF;0,00065920;0,00066510;8609,00000000;8685,00000000
24/02/2025;406;A;MGA;0,00120500;0,00121600;4709,36000000;4749,48000000
24/02/2025;420;A;RWF;0,00407000;0,00412100;1389,57000000;1406,57000000
24/02/2025;425;A;CHF;6,38190000;6,38540000;0,89670000;0,89710000
24/02/2025;440;A;HTG;0,04342000;0,04388000;130,50000000;131,85000000
24/02/2025;450;A;PYG;0,00072220;0,00072310;7917,99000000;7927,58000000
24/02/2025;460;A;UAH;0,13700000;0,13720000;41,73000000;41,79000000
24/02/2025;470;A;JPY;0,03834000;0,03835000;149,30000000;149,31000000
24/02/2025;482;A;GEL;2,00880000;2,05370000;2,78800000;2,85000000
24/02/2025;490;A;ALL;0,06028000;0,06088000;94,05000000;94,98000000
24/02/2025;495;A;HNL;0,22360000;0,22430000;25,53270000;25,60000000
24/02/2025;500;A;SLL;0,00024990;0,00025240;22683,00000000;22908,00000000
24/02/2025;503;A;MDL;0,30810000;0,30980000;18,48000000;18,58000000
24/02/2025;506;A;RON;1,20390000;1,20460000;4,75330000;4,75570000
24/02/2025;510;A;BGN;3,06410000;3,06540000;1,86790000;1,86850000
24/02/2025;530;B;GIP;7,24920000;7,25570000;1,26620000;1,26720000
24/02/2025;535;A;EGP;0,11300000;0,11330000;50,55000000;50,65000000
24/02/2025;540;B;GBP;7,22410000;7,22710000;1,26180000;1,26220000
24/02/2025;545;B;FKP;7,24920000;7,25570000;1,26620000;1,26720000
24/02/2025;560;A;LBP;0,00006380;0,00006400;89500,00000000;89700,00000000
24/02/2025;570;B;SHP;7,23320000;7,23970000;1,26340000;1,26440000
24/02/2025;575;A;SYP;0,00044010;0,00044040;13000,00000000;13010,00000000
24/02/2025;585;A;SZL;0,31180000;0,31190000;18,35710000;18,36000000
24/02/2025;603;A;LSL;0,31180000;0,31190000;18,35710000;18,36000000
24/02/2025;608;A;TMT;1,63360000;1,63840000;3,49470000;3,50470000
24/02/2025;622;A;MZN;0,08874000;0,09053000;63,25000000;64,52000000
24/02/2025;625;A;ERN;0,37790000;0,38170000;15,00000000;15,15000000
24/02/2025;630;A;NGN;0,00379200;0,00384300;1490,00000000;1510,00000000
24/02/2025;635;A;AOA;0,00615500;0,00627800;912,00000000;930,24000000
24/02/2025;640;A;TWD;0,17490000;0,17500000;32,72800000;32,73300000
24/02/2025;642;A;TRY;0,15680000;0,15780000;36,28400000;36,52400000
24/02/2025;660;A;PEN;1,55220000;1,55300000;3,68690000;3,68850000
24/02/2025;665;A;BTN;0,06600000;0,06609000;86,63400000;86,74300000
24/02/2025;670;A;MRO;0,01595000;0,01608000;356,00000000;359,00000000
24/02/2025;671;A;MRU;0,14350000;0,14390000;39,78100000;39,90000000
24/02/2025;680;B;TOP;2,32840000;2,47180000;0,40670000;0,43170000
24/02/2025;685;A;MOP;0,71390000;0,71510000;8,00700000;8,02000000
24/02/2025;706;A;ARS;0,00539900;0,00540000;1060,25000000;1060,50000000
24/02/2025;715;A;CLP;0,00604100;0,00604400;947,40000000;947,70000000
24/02/2025;720;A;COP;0,00139100;0,00139200;4114,38000000;4117,00000000
24/02/2025;721;B;COU;0,52610000;0,52620000;0,09190000;0,09190000
24/02/2025;725;A;CUP;0,23860000;0,23860000;24,00000000;24,00000000
24/02/2025;730;A;DOP;0,09154000;0,09211000;62,16000000;62,54000000
24/02/2025;735;A;PHP;0,09889000;0,09894000;57,87300000;57,89300000
24/02/2025;741;A;MXN;0,27980000;0,27990000;20,45340000;20,46390000
24/02/2025;745;A;UYU;0,13350000;0,13370000;42,84000000;42,88000000
24/02/2025;755;B;BWP;0,41390000;0,41740000;0,07230000;0,07290000
24/02/2025;760;A;MWK;0,00327100;0,00333500;1717,02000000;1750,32000000
24/02/2025;766;A;ZMW;0,20210000;0,20250000;28,27240000;28,32210000
24/02/2025;770;A;GTQ;0,74080000;0,74280000;7,70800000;7,72800000
24/02/2025;775;A;MMK;0,00271800;0,00273500;2093,70000000;2106,30000000
24/02/2025;778;B;PGK;1,38090000;1,42400000;0,24120000;0,24870000
24/02/2025;780;A;LAK;0,00026240;0,00026520;21592,00000000;21822,00000000
24/02/2025;785;A;ZAR;0,31170000;0,31210000;18,34860000;18,36860000
24/02/2025;795;A;CNY;0,78980000;0,79000000;7,24760000;7,24890000
24/02/2025;796;A;CNH;0,78970000;0,78990000;7,24900000;7,24940000
24/02/2025;800;A;QAR;1,56930000;1,57220000;3,64180000;3,64820000
24/02/2025;805;A;OMR;14,86680000;14,87220000;0,38500000;0,38510000
24/02/2025;810;A;YER;0,02313000;0,02318000;247,02000000;247,52000000
24/02/2025;815;A;IRR;0,00013630;0,00013630;42000,00000000;42005,00000000
24/02/2025;820;A;SAR;1,52660000;1,52700000;3,74980000;3,75030000
24/02/2025;825;A;KHR;0,00142400;0,00143100;4001,00000000;4021,00000000
24/02/2025;828;A;MYR;1,29730000;1,29900000;4,40800000;4,41300000
24/02/2025;830;A;RUB;0,06524000;0,06525000;87,74550000;87,75450000
24/02/2025;831;A;BYN;1,74600000;1,75310000;3,26610000;3,27910000
24/02/2025;835;A;TJS;0,52240000;0,52680000;10,87000000;10,96000000
24/02/2025;840;A;MUR;0,12340000;0,12420000;46,10000000;46,40000000
24/02/2025;845;A;NPR;0,04127000;0,04128000;138,71000000;138,73000000
24/02/2025;850;A;SCR;0,39720000;0,39730000;14,41260000;14,41300000
24/02/2025;855;A;LKR;0,01936000;0,01937000;295,55000000;295,70000000
24/02/2025;860;A;INR;0,06603000;0,06608000;86,65200000;86,70700000
24/02/2025;865;A;IDR;0,00035170;0,00035190;16270,00000000;16280,00000000
24/02/2025;870;A;MVR;0,36940000;0,37130000;15,42000000;15,50000000
24/02/2025;875;A;PKR;0,02047000;0,02048000;279,60000000;279,70000000
24/02/2025;880;A;ILS;1,59980000;1,60070000;3,57700000;3,57860000
24/02/2025;892;A;KGS;0,06543000;0,06548000;87,45000000;87,50430000
24/02/2025;893;A;UZS;0,00044360;0,00044400;12894,91000000;12904,91000000
24/02/2025;905;A;BDT;0,04693000;0,04732000;121,00000000;122,00000000
24/02/2025;912;B;WST;1,98380000;2,11000000;0,34650000;0,36850000
24/02/2025;913;A;KZT;0,01144000;0,01145000;500,04000000;500,59000000
24/02/2025;915;A;MNT;0,00165000;0,00165300;3463,00000000;3469,00000000
24/02/2025;920;A;VUV;0,04697000;0,04720000;121,30000000;121,90000000
24/02/2025;930;A;KRW;0,00400600;0,00400800;1428,73000000;1429,21000000
24/02/2025;946;A;TZS;0,00217700;0,00221900;2580,00000000;2630,00000000
24/02/2025;950;A;KES;0,04407000;0,04442000;128,90000000;129,90000000
24/02/2025;955;A;UGX;0,00155500;0,00156000;3671,00000000;3681,00000000
24/02/2025;960;A;SOS;0,00995700;0,01008000;568,00000000;575,00000000
24/02/2025;975;A;PLN;1,44620000;1,44660000;3,95800000;3,95890000
24/02/2025;978;B;EUR;5,99310000;5,99430000;1,04680000;1,04690000
24/02/2025;998;A;XAU;540,62320000;540,67990000;0,01059000;0,01059000

[2025-07-06T19:34:12.440+0000] {taskinstance.py:441} INFO - ::group::Post task execution logs
[2025-07-06T19:34:12.502+0000] {taskinstance.py:1206} INFO - Marking task as SUCCESS. dag_id=fin_cotacoes_bcb_classic, task_id=extract, run_id=scheduled__2025-02-24T00:00:00+00:00, execution_date=20250224T000000, start_date=20250706T193411, end_date=20250706T193412
[2025-07-06T19:34:12.565+0000] {local_task_job_runner.py:240} INFO - Task exited with return code 0
[2025-07-06T19:34:12.585+0000] {local_task_job_runner.py:222} INFO - ::endgroup::
[2025-07-07T14:25:28.744+0000] {local_task_job_runner.py:120} INFO - ::group::Pre task execution logs
[2025-07-07T14:25:28.828+0000] {taskinstance.py:2076} INFO - Dependencies all met for dep_context=non-requeueable deps ti=<TaskInstance: fin_cotacoes_bcb_classic.extract scheduled__2025-02-24T00:00:00+00:00 [queued]>
[2025-07-07T14:25:28.847+0000] {taskinstance.py:2076} INFO - Dependencies all met for dep_context=requeueable deps ti=<TaskInstance: fin_cotacoes_bcb_classic.extract scheduled__2025-02-24T00:00:00+00:00 [queued]>
[2025-07-07T14:25:28.848+0000] {taskinstance.py:2306} INFO - Starting attempt 1 of 2
[2025-07-07T14:25:29.138+0000] {taskinstance.py:2330} INFO - Executing <Task(PythonOperator): extract> on 2025-02-24 00:00:00+00:00
[2025-07-07T14:25:29.157+0000] {logging_mixin.py:188} WARNING - /home/***/.local/lib/python3.12/site-packages/***/task/task_runner/standard_task_runner.py:61 DeprecationWarning: This process (pid=72792) is multi-threaded, use of fork() may lead to deadlocks in the child.
[2025-07-07T14:25:29.164+0000] {standard_task_runner.py:63} INFO - Started process 72857 to run task
[2025-07-07T14:25:29.159+0000] {standard_task_runner.py:90} INFO - Running: ['***', 'tasks', 'run', 'fin_cotacoes_bcb_classic', 'extract', 'scheduled__2025-02-24T00:00:00+00:00', '--job-id', '2057', '--raw', '--subdir', 'DAGS_FOLDER/cotacoes.py', '--cfg-path', '/tmp/tmpyjlrvhh0']
[2025-07-07T14:25:29.165+0000] {standard_task_runner.py:91} INFO - Job 2057: Subtask extract
[2025-07-07T14:25:29.269+0000] {task_command.py:426} INFO - Running <TaskInstance: fin_cotacoes_bcb_classic.extract scheduled__2025-02-24T00:00:00+00:00 [running]> on host bc96ca91d307
[2025-07-07T14:25:29.438+0000] {taskinstance.py:2648} INFO - Exporting env vars: AIRFLOW_CTX_DAG_OWNER='***' AIRFLOW_CTX_DAG_ID='fin_cotacoes_bcb_classic' AIRFLOW_CTX_TASK_ID='extract' AIRFLOW_CTX_EXECUTION_DATE='2025-02-24T00:00:00+00:00' AIRFLOW_CTX_TRY_NUMBER='1' AIRFLOW_CTX_DAG_RUN_ID='scheduled__2025-02-24T00:00:00+00:00'
[2025-07-07T14:25:29.439+0000] {taskinstance.py:430} INFO - ::endgroup::
[2025-07-07T14:25:29.440+0000] {cotacoes.py:35} INFO - Iniciando extração da URL: https://www4.bcb.gov.br/Download/fechamento/20250224.csv
[2025-07-07T14:25:29.723+0000] {cotacoes.py:41} INFO - Extração concluída com sucesso.
[2025-07-07T14:25:29.725+0000] {python.py:237} INFO - Done. Returned value was: 24/02/2025;005;A;AFN;0,07767000;0,07789000;73,51000000;73,71000000
24/02/2025;009;A;ETB;0,04373000;0,04547000;125,93090000;130,93090000
24/02/2025;015;A;THB;0,17070000;0,17080000;33,53000000;33,54000000
24/02/2025;020;A;PAB;5,72520000;5,72580000;1,00000000;1,00000000
24/02/2025;027;A;VES;0,09028000;0,09052000;63,25540000;63,41390000
24/02/2025;030;A;BOB;0,81670000;0,83470000;6,86000000;7,01000000
24/02/2025;035;A;GHS;0,36820000;0,37060000;15,45000000;15,55000000
24/02/2025;040;A;CRC;0,01122000;0,01136000;503,90000000;510,05000000
24/02/2025;045;A;SVC;0,65360000;0,65440000;8,74950000;8,75950000
24/02/2025;051;A;NIO;0,15470000;0,15640000;36,60000000;37,00000000
24/02/2025;055;A;DKK;0,80330000;0,80360000;7,12550000;7,12690000
24/02/2025;060;A;ISK;0,04126000;0,04135000;138,46000000;138,76000000
24/02/2025;065;A;NOK;0,51470000;0,51530000;11,11080000;11,12300000
24/02/2025;070;A;SEK;0,53710000;0,53760000;10,65100000;10,65960000
24/02/2025;075;A;CZK;0,23950000;0,23960000;23,89300000;23,90200000
24/02/2025;090;A;GMD;0,07843000;0,07936000;72,15000000;73,00000000
24/02/2025;095;A;DZD;0,04220000;0,04269000;134,13910000;135,65930000
24/02/2025;100;A;KWD;18,55820000;18,56010000;0,30850000;0,30850000
24/02/2025;105;A;BHD;15,19020000;15,19180000;0,37690000;0,37690000
24/02/2025;115;A;IQD;0,00436700;0,00437400;1309,00000000;1311,00000000
24/02/2025;125;A;JOD;8,06370000;8,07020000;0,70950000;0,71000000
24/02/2025;130;A;LYD;1,17080000;1,17630000;4,86750000;4,88980000
24/02/2025;132;A;MKD;0,09689000;0,09778000;58,56000000;59,09000000
24/02/2025;133;A;RSD;0,05115000;0,05119000;111,85000000;111,94000000
24/02/2025;134;A;SDG;0,00950700;0,00956100;598,85020000;602,19120000
24/02/2025;135;A;TND;1,80270000;1,80370000;3,17440000;3,17590000
24/02/2025;136;A;SSP;0,00127500;0,00130700;4381,12550000;4491,12550000
24/02/2025;138;B;SDR;7,51780000;7,51850000;1,31310000;1,31310000
24/02/2025;139;A;MAD;0,57460000;0,57590000;9,94320000;9,96320000
24/02/2025;145;A;AED;1,55870000;1,55910000;3,67260000;3,67310000
24/02/2025;149;A;STN;0,23970000;0,24470000;23,40240000;23,88230000
24/02/2025;150;B;AUD;3,63780000;3,63870000;0,63540000;0,63550000
24/02/2025;155;A;BSD;5,72520000;5,72580000;1,00000000;1,00000000
24/02/2025;160;A;BMD;5,72520000;5,72580000;1,00000000;1,00000000
24/02/2025;165;A;CAD;4,02160000;4,02290000;1,42330000;1,42360000
24/02/2025;170;A;GYD;0,02720000;0,02753000;207,98000000;210,45000000
24/02/2025;173;A;NAD;0,31170000;0,31210000;18,34800000;18,36600000
24/02/2025;175;A;BBD;2,80630000;2,86560000;1,99810000;2,04010000
24/02/2025;180;A;BZD;2,83820000;2,86260000;2,00020000;2,01720000
24/02/2025;185;A;BND;4,27830000;4,27910000;1,33810000;1,33820000
24/02/2025;190;A;KYD;6,85650000;6,91940000;0,82750000;0,83500000
24/02/2025;195;A;SGD;4,27830000;4,27910000;1,33810000;1,33820000
24/02/2025;197;B;CLF;233,11300000;233,13740000;40,71700000;40,71700000
24/02/2025;200;B;FJD;2,45550000;2,53370000;0,42890000;0,44250000
24/02/2025;205;A;HKD;0,73640000;0,73660000;7,77370000;7,77430000
24/02/2025;210;A;TTD;0,83870000;0,84620000;6,76630000;6,82600000
24/02/2025;215;A;XCD;2,10490000;2,12860000;2,69000000;2,72000000
24/02/2025;220;A;USD;5,72520000;5,72580000;1,00000000;1,00000000
24/02/2025;230;A;JMD;0,03610000;0,03651000;156,81000000;158,61000000
24/02/2025;235;A;LRD;0,02834000;0,02907000;197,00000000;202,00000000
24/02/2025;245;B;NZD;3,28630000;3,28720000;0,57400000;0,57410000
24/02/2025;250;B;SBD;0,63090000;0,69850000;0,11020000;0,12200000
24/02/2025;255;A;SRD;0,15940000;0,16300000;35,12200000;35,90700000
24/02/2025;260;A;VND;0,00022480;0,00022480;25468,00000000;25472,00000000
24/02/2025;275;A;AMD;0,01450000;0,01457000;392,90000000;394,90000000
24/02/2025;295;A;CVE;0,05386000;0,05436000;105,33000000;106,29000000
24/02/2025;325;A;ANG;3,14570000;3,20860000;1,78450000;1,82000000
24/02/2025;328;A;AWG;3,11150000;3,21670000;1,78000000;1,84000000
24/02/2025;345;A;HUF;0,01492000;0,01494000;383,36000000;383,78000000
24/02/2025;363;A;CDF;0,00199500;0,00200400;2857,00000000;2870,00000000
24/02/2025;365;A;BIF;0,00190800;0,00195900;2923,20000000;3000,00000000
24/02/2025;368;A;KMF;0,01213000;0,01218000;470,07000000;472,07000000
24/02/2025;370;A;XAF;0,00881000;0,00913800;626,57000000;649,84000000
24/02/2025;372;A;XOF;0,00913100;0,00923500;620,00000000;627,00000000
24/02/2025;380;A;XPF;0,04994000;0,05038000;113,65000000;114,65000000
24/02/2025;390;A;DJF;0,03207000;0,03224000;177,60000000;178,55000000
24/02/2025;398;A;GNF;0,00065920;0,00066510;8609,00000000;8685,00000000
24/02/2025;406;A;MGA;0,00120500;0,00121600;4709,36000000;4749,48000000
24/02/2025;420;A;RWF;0,00407000;0,00412100;1389,57000000;1406,57000000
24/02/2025;425;A;CHF;6,38190000;6,38540000;0,89670000;0,89710000
24/02/2025;440;A;HTG;0,04342000;0,04388000;130,50000000;131,85000000
24/02/2025;450;A;PYG;0,00072220;0,00072310;7917,99000000;7927,58000000
24/02/2025;460;A;UAH;0,13700000;0,13720000;41,73000000;41,79000000
24/02/2025;470;A;JPY;0,03834000;0,03835000;149,30000000;149,31000000
24/02/2025;482;A;GEL;2,00880000;2,05370000;2,78800000;2,85000000
24/02/2025;490;A;ALL;0,06028000;0,06088000;94,05000000;94,98000000
24/02/2025;495;A;HNL;0,22360000;0,22430000;25,53270000;25,60000000
24/02/2025;500;A;SLL;0,00024990;0,00025240;22683,00000000;22908,00000000
24/02/2025;503;A;MDL;0,30810000;0,30980000;18,48000000;18,58000000
24/02/2025;506;A;RON;1,20390000;1,20460000;4,75330000;4,75570000
24/02/2025;510;A;BGN;3,06410000;3,06540000;1,86790000;1,86850000
24/02/2025;530;B;GIP;7,24920000;7,25570000;1,26620000;1,26720000
24/02/2025;535;A;EGP;0,11300000;0,11330000;50,55000000;50,65000000
24/02/2025;540;B;GBP;7,22410000;7,22710000;1,26180000;1,26220000
24/02/2025;545;B;FKP;7,24920000;7,25570000;1,26620000;1,26720000
24/02/2025;560;A;LBP;0,00006380;0,00006400;89500,00000000;89700,00000000
24/02/2025;570;B;SHP;7,23320000;7,23970000;1,26340000;1,26440000
24/02/2025;575;A;SYP;0,00044010;0,00044040;13000,00000000;13010,00000000
24/02/2025;585;A;SZL;0,31180000;0,31190000;18,35710000;18,36000000
24/02/2025;603;A;LSL;0,31180000;0,31190000;18,35710000;18,36000000
24/02/2025;608;A;TMT;1,63360000;1,63840000;3,49470000;3,50470000
24/02/2025;622;A;MZN;0,08874000;0,09053000;63,25000000;64,52000000
24/02/2025;625;A;ERN;0,37790000;0,38170000;15,00000000;15,15000000
24/02/2025;630;A;NGN;0,00379200;0,00384300;1490,00000000;1510,00000000
24/02/2025;635;A;AOA;0,00615500;0,00627800;912,00000000;930,24000000
24/02/2025;640;A;TWD;0,17490000;0,17500000;32,72800000;32,73300000
24/02/2025;642;A;TRY;0,15680000;0,15780000;36,28400000;36,52400000
24/02/2025;660;A;PEN;1,55220000;1,55300000;3,68690000;3,68850000
24/02/2025;665;A;BTN;0,06600000;0,06609000;86,63400000;86,74300000
24/02/2025;670;A;MRO;0,01595000;0,01608000;356,00000000;359,00000000
24/02/2025;671;A;MRU;0,14350000;0,14390000;39,78100000;39,90000000
24/02/2025;680;B;TOP;2,32840000;2,47180000;0,40670000;0,43170000
24/02/2025;685;A;MOP;0,71390000;0,71510000;8,00700000;8,02000000
24/02/2025;706;A;ARS;0,00539900;0,00540000;1060,25000000;1060,50000000
24/02/2025;715;A;CLP;0,00604100;0,00604400;947,40000000;947,70000000
24/02/2025;720;A;COP;0,00139100;0,00139200;4114,38000000;4117,00000000
24/02/2025;721;B;COU;0,52610000;0,52620000;0,09190000;0,09190000
24/02/2025;725;A;CUP;0,23860000;0,23860000;24,00000000;24,00000000
24/02/2025;730;A;DOP;0,09154000;0,09211000;62,16000000;62,54000000
24/02/2025;735;A;PHP;0,09889000;0,09894000;57,87300000;57,89300000
24/02/2025;741;A;MXN;0,27980000;0,27990000;20,45340000;20,46390000
24/02/2025;745;A;UYU;0,13350000;0,13370000;42,84000000;42,88000000
24/02/2025;755;B;BWP;0,41390000;0,41740000;0,07230000;0,07290000
24/02/2025;760;A;MWK;0,00327100;0,00333500;1717,02000000;1750,32000000
24/02/2025;766;A;ZMW;0,20210000;0,20250000;28,27240000;28,32210000
24/02/2025;770;A;GTQ;0,74080000;0,74280000;7,70800000;7,72800000
24/02/2025;775;A;MMK;0,00271800;0,00273500;2093,70000000;2106,30000000
24/02/2025;778;B;PGK;1,38090000;1,42400000;0,24120000;0,24870000
24/02/2025;780;A;LAK;0,00026240;0,00026520;21592,00000000;21822,00000000
24/02/2025;785;A;ZAR;0,31170000;0,31210000;18,34860000;18,36860000
24/02/2025;795;A;CNY;0,78980000;0,79000000;7,24760000;7,24890000
24/02/2025;796;A;CNH;0,78970000;0,78990000;7,24900000;7,24940000
24/02/2025;800;A;QAR;1,56930000;1,57220000;3,64180000;3,64820000
24/02/2025;805;A;OMR;14,86680000;14,87220000;0,38500000;0,38510000
24/02/2025;810;A;YER;0,02313000;0,02318000;247,02000000;247,52000000
24/02/2025;815;A;IRR;0,00013630;0,00013630;42000,00000000;42005,00000000
24/02/2025;820;A;SAR;1,52660000;1,52700000;3,74980000;3,75030000
24/02/2025;825;A;KHR;0,00142400;0,00143100;4001,00000000;4021,00000000
24/02/2025;828;A;MYR;1,29730000;1,29900000;4,40800000;4,41300000
24/02/2025;830;A;RUB;0,06524000;0,06525000;87,74550000;87,75450000
24/02/2025;831;A;BYN;1,74600000;1,75310000;3,26610000;3,27910000
24/02/2025;835;A;TJS;0,52240000;0,52680000;10,87000000;10,96000000
24/02/2025;840;A;MUR;0,12340000;0,12420000;46,10000000;46,40000000
24/02/2025;845;A;NPR;0,04127000;0,04128000;138,71000000;138,73000000
24/02/2025;850;A;SCR;0,39720000;0,39730000;14,41260000;14,41300000
24/02/2025;855;A;LKR;0,01936000;0,01937000;295,55000000;295,70000000
24/02/2025;860;A;INR;0,06603000;0,06608000;86,65200000;86,70700000
24/02/2025;865;A;IDR;0,00035170;0,00035190;16270,00000000;16280,00000000
24/02/2025;870;A;MVR;0,36940000;0,37130000;15,42000000;15,50000000
24/02/2025;875;A;PKR;0,02047000;0,02048000;279,60000000;279,70000000
24/02/2025;880;A;ILS;1,59980000;1,60070000;3,57700000;3,57860000
24/02/2025;892;A;KGS;0,06543000;0,06548000;87,45000000;87,50430000
24/02/2025;893;A;UZS;0,00044360;0,00044400;12894,91000000;12904,91000000
24/02/2025;905;A;BDT;0,04693000;0,04732000;121,00000000;122,00000000
24/02/2025;912;B;WST;1,98380000;2,11000000;0,34650000;0,36850000
24/02/2025;913;A;KZT;0,01144000;0,01145000;500,04000000;500,59000000
24/02/2025;915;A;MNT;0,00165000;0,00165300;3463,00000000;3469,00000000
24/02/2025;920;A;VUV;0,04697000;0,04720000;121,30000000;121,90000000
24/02/2025;930;A;KRW;0,00400600;0,00400800;1428,73000000;1429,21000000
24/02/2025;946;A;TZS;0,00217700;0,00221900;2580,00000000;2630,00000000
24/02/2025;950;A;KES;0,04407000;0,04442000;128,90000000;129,90000000
24/02/2025;955;A;UGX;0,00155500;0,00156000;3671,00000000;3681,00000000
24/02/2025;960;A;SOS;0,00995700;0,01008000;568,00000000;575,00000000
24/02/2025;975;A;PLN;1,44620000;1,44660000;3,95800000;3,95890000
24/02/2025;978;B;EUR;5,99310000;5,99430000;1,04680000;1,04690000
24/02/2025;998;A;XAU;540,62320000;540,67990000;0,01059000;0,01059000

[2025-07-07T14:25:29.731+0000] {taskinstance.py:441} INFO - ::group::Post task execution logs
[2025-07-07T14:25:29.770+0000] {taskinstance.py:1206} INFO - Marking task as SUCCESS. dag_id=fin_cotacoes_bcb_classic, task_id=extract, run_id=scheduled__2025-02-24T00:00:00+00:00, execution_date=20250224T000000, start_date=20250707T142528, end_date=20250707T142529
[2025-07-07T14:25:29.869+0000] {local_task_job_runner.py:240} INFO - Task exited with return code 0
[2025-07-07T14:25:29.936+0000] {taskinstance.py:3503} INFO - 1 downstream tasks scheduled from follow-on schedule check
[2025-07-07T14:25:29.944+0000] {local_task_job_runner.py:222} INFO - ::endgroup::
[2025-07-07T14:33:41.531+0000] {local_task_job_runner.py:120} INFO - ::group::Pre task execution logs
[2025-07-07T14:33:41.614+0000] {taskinstance.py:2076} INFO - Dependencies all met for dep_context=non-requeueable deps ti=<TaskInstance: fin_cotacoes_bcb_classic.extract scheduled__2025-02-24T00:00:00+00:00 [queued]>
[2025-07-07T14:33:41.639+0000] {taskinstance.py:2076} INFO - Dependencies all met for dep_context=requeueable deps ti=<TaskInstance: fin_cotacoes_bcb_classic.extract scheduled__2025-02-24T00:00:00+00:00 [queued]>
[2025-07-07T14:33:41.640+0000] {taskinstance.py:2306} INFO - Starting attempt 1 of 2
[2025-07-07T14:33:41.691+0000] {taskinstance.py:2330} INFO - Executing <Task(PythonOperator): extract> on 2025-02-24 00:00:00+00:00
[2025-07-07T14:33:41.725+0000] {standard_task_runner.py:90} INFO - Running: ['***', 'tasks', 'run', 'fin_cotacoes_bcb_classic', 'extract', 'scheduled__2025-02-24T00:00:00+00:00', '--job-id', '2342', '--raw', '--subdir', 'DAGS_FOLDER/cotacoes.py', '--cfg-path', '/tmp/tmpkis0gis4']
[2025-07-07T14:33:41.731+0000] {standard_task_runner.py:91} INFO - Job 2342: Subtask extract
[2025-07-07T14:33:41.729+0000] {logging_mixin.py:188} WARNING - /home/***/.local/lib/python3.12/site-packages/***/task/task_runner/standard_task_runner.py:61 DeprecationWarning: This process (pid=77914) is multi-threaded, use of fork() may lead to deadlocks in the child.
[2025-07-07T14:33:41.737+0000] {standard_task_runner.py:63} INFO - Started process 78009 to run task
[2025-07-07T14:33:41.949+0000] {task_command.py:426} INFO - Running <TaskInstance: fin_cotacoes_bcb_classic.extract scheduled__2025-02-24T00:00:00+00:00 [running]> on host bc96ca91d307
[2025-07-07T14:33:42.339+0000] {taskinstance.py:2648} INFO - Exporting env vars: AIRFLOW_CTX_DAG_OWNER='***' AIRFLOW_CTX_DAG_ID='fin_cotacoes_bcb_classic' AIRFLOW_CTX_TASK_ID='extract' AIRFLOW_CTX_EXECUTION_DATE='2025-02-24T00:00:00+00:00' AIRFLOW_CTX_TRY_NUMBER='1' AIRFLOW_CTX_DAG_RUN_ID='scheduled__2025-02-24T00:00:00+00:00'
[2025-07-07T14:33:42.340+0000] {taskinstance.py:430} INFO - ::endgroup::
[2025-07-07T14:33:42.341+0000] {cotacoes.py:35} INFO - Iniciando extração da URL: https://www4.bcb.gov.br/Download/fechamento/20250224.csv
[2025-07-07T14:33:42.798+0000] {cotacoes.py:41} INFO - Extração concluída com sucesso.
[2025-07-07T14:33:42.800+0000] {python.py:237} INFO - Done. Returned value was: 24/02/2025;005;A;AFN;0,07767000;0,07789000;73,51000000;73,71000000
24/02/2025;009;A;ETB;0,04373000;0,04547000;125,93090000;130,93090000
24/02/2025;015;A;THB;0,17070000;0,17080000;33,53000000;33,54000000
24/02/2025;020;A;PAB;5,72520000;5,72580000;1,00000000;1,00000000
24/02/2025;027;A;VES;0,09028000;0,09052000;63,25540000;63,41390000
24/02/2025;030;A;BOB;0,81670000;0,83470000;6,86000000;7,01000000
24/02/2025;035;A;GHS;0,36820000;0,37060000;15,45000000;15,55000000
24/02/2025;040;A;CRC;0,01122000;0,01136000;503,90000000;510,05000000
24/02/2025;045;A;SVC;0,65360000;0,65440000;8,74950000;8,75950000
24/02/2025;051;A;NIO;0,15470000;0,15640000;36,60000000;37,00000000
24/02/2025;055;A;DKK;0,80330000;0,80360000;7,12550000;7,12690000
24/02/2025;060;A;ISK;0,04126000;0,04135000;138,46000000;138,76000000
24/02/2025;065;A;NOK;0,51470000;0,51530000;11,11080000;11,12300000
24/02/2025;070;A;SEK;0,53710000;0,53760000;10,65100000;10,65960000
24/02/2025;075;A;CZK;0,23950000;0,23960000;23,89300000;23,90200000
24/02/2025;090;A;GMD;0,07843000;0,07936000;72,15000000;73,00000000
24/02/2025;095;A;DZD;0,04220000;0,04269000;134,13910000;135,65930000
24/02/2025;100;A;KWD;18,55820000;18,56010000;0,30850000;0,30850000
24/02/2025;105;A;BHD;15,19020000;15,19180000;0,37690000;0,37690000
24/02/2025;115;A;IQD;0,00436700;0,00437400;1309,00000000;1311,00000000
24/02/2025;125;A;JOD;8,06370000;8,07020000;0,70950000;0,71000000
24/02/2025;130;A;LYD;1,17080000;1,17630000;4,86750000;4,88980000
24/02/2025;132;A;MKD;0,09689000;0,09778000;58,56000000;59,09000000
24/02/2025;133;A;RSD;0,05115000;0,05119000;111,85000000;111,94000000
24/02/2025;134;A;SDG;0,00950700;0,00956100;598,85020000;602,19120000
24/02/2025;135;A;TND;1,80270000;1,80370000;3,17440000;3,17590000
24/02/2025;136;A;SSP;0,00127500;0,00130700;4381,12550000;4491,12550000
24/02/2025;138;B;SDR;7,51780000;7,51850000;1,31310000;1,31310000
24/02/2025;139;A;MAD;0,57460000;0,57590000;9,94320000;9,96320000
24/02/2025;145;A;AED;1,55870000;1,55910000;3,67260000;3,67310000
24/02/2025;149;A;STN;0,23970000;0,24470000;23,40240000;23,88230000
24/02/2025;150;B;AUD;3,63780000;3,63870000;0,63540000;0,63550000
24/02/2025;155;A;BSD;5,72520000;5,72580000;1,00000000;1,00000000
24/02/2025;160;A;BMD;5,72520000;5,72580000;1,00000000;1,00000000
24/02/2025;165;A;CAD;4,02160000;4,02290000;1,42330000;1,42360000
24/02/2025;170;A;GYD;0,02720000;0,02753000;207,98000000;210,45000000
24/02/2025;173;A;NAD;0,31170000;0,31210000;18,34800000;18,36600000
24/02/2025;175;A;BBD;2,80630000;2,86560000;1,99810000;2,04010000
24/02/2025;180;A;BZD;2,83820000;2,86260000;2,00020000;2,01720000
24/02/2025;185;A;BND;4,27830000;4,27910000;1,33810000;1,33820000
24/02/2025;190;A;KYD;6,85650000;6,91940000;0,82750000;0,83500000
24/02/2025;195;A;SGD;4,27830000;4,27910000;1,33810000;1,33820000
24/02/2025;197;B;CLF;233,11300000;233,13740000;40,71700000;40,71700000
24/02/2025;200;B;FJD;2,45550000;2,53370000;0,42890000;0,44250000
24/02/2025;205;A;HKD;0,73640000;0,73660000;7,77370000;7,77430000
24/02/2025;210;A;TTD;0,83870000;0,84620000;6,76630000;6,82600000
24/02/2025;215;A;XCD;2,10490000;2,12860000;2,69000000;2,72000000
24/02/2025;220;A;USD;5,72520000;5,72580000;1,00000000;1,00000000
24/02/2025;230;A;JMD;0,03610000;0,03651000;156,81000000;158,61000000
24/02/2025;235;A;LRD;0,02834000;0,02907000;197,00000000;202,00000000
24/02/2025;245;B;NZD;3,28630000;3,28720000;0,57400000;0,57410000
24/02/2025;250;B;SBD;0,63090000;0,69850000;0,11020000;0,12200000
24/02/2025;255;A;SRD;0,15940000;0,16300000;35,12200000;35,90700000
24/02/2025;260;A;VND;0,00022480;0,00022480;25468,00000000;25472,00000000
24/02/2025;275;A;AMD;0,01450000;0,01457000;392,90000000;394,90000000
24/02/2025;295;A;CVE;0,05386000;0,05436000;105,33000000;106,29000000
24/02/2025;325;A;ANG;3,14570000;3,20860000;1,78450000;1,82000000
24/02/2025;328;A;AWG;3,11150000;3,21670000;1,78000000;1,84000000
24/02/2025;345;A;HUF;0,01492000;0,01494000;383,36000000;383,78000000
24/02/2025;363;A;CDF;0,00199500;0,00200400;2857,00000000;2870,00000000
24/02/2025;365;A;BIF;0,00190800;0,00195900;2923,20000000;3000,00000000
24/02/2025;368;A;KMF;0,01213000;0,01218000;470,07000000;472,07000000
24/02/2025;370;A;XAF;0,00881000;0,00913800;626,57000000;649,84000000
24/02/2025;372;A;XOF;0,00913100;0,00923500;620,00000000;627,00000000
24/02/2025;380;A;XPF;0,04994000;0,05038000;113,65000000;114,65000000
24/02/2025;390;A;DJF;0,03207000;0,03224000;177,60000000;178,55000000
24/02/2025;398;A;GNF;0,00065920;0,00066510;8609,00000000;8685,00000000
24/02/2025;406;A;MGA;0,00120500;0,00121600;4709,36000000;4749,48000000
24/02/2025;420;A;RWF;0,00407000;0,00412100;1389,57000000;1406,57000000
24/02/2025;425;A;CHF;6,38190000;6,38540000;0,89670000;0,89710000
24/02/2025;440;A;HTG;0,04342000;0,04388000;130,50000000;131,85000000
24/02/2025;450;A;PYG;0,00072220;0,00072310;7917,99000000;7927,58000000
24/02/2025;460;A;UAH;0,13700000;0,13720000;41,73000000;41,79000000
24/02/2025;470;A;JPY;0,03834000;0,03835000;149,30000000;149,31000000
24/02/2025;482;A;GEL;2,00880000;2,05370000;2,78800000;2,85000000
24/02/2025;490;A;ALL;0,06028000;0,06088000;94,05000000;94,98000000
24/02/2025;495;A;HNL;0,22360000;0,22430000;25,53270000;25,60000000
24/02/2025;500;A;SLL;0,00024990;0,00025240;22683,00000000;22908,00000000
24/02/2025;503;A;MDL;0,30810000;0,30980000;18,48000000;18,58000000
24/02/2025;506;A;RON;1,20390000;1,20460000;4,75330000;4,75570000
24/02/2025;510;A;BGN;3,06410000;3,06540000;1,86790000;1,86850000
24/02/2025;530;B;GIP;7,24920000;7,25570000;1,26620000;1,26720000
24/02/2025;535;A;EGP;0,11300000;0,11330000;50,55000000;50,65000000
24/02/2025;540;B;GBP;7,22410000;7,22710000;1,26180000;1,26220000
24/02/2025;545;B;FKP;7,24920000;7,25570000;1,26620000;1,26720000
24/02/2025;560;A;LBP;0,00006380;0,00006400;89500,00000000;89700,00000000
24/02/2025;570;B;SHP;7,23320000;7,23970000;1,26340000;1,26440000
24/02/2025;575;A;SYP;0,00044010;0,00044040;13000,00000000;13010,00000000
24/02/2025;585;A;SZL;0,31180000;0,31190000;18,35710000;18,36000000
24/02/2025;603;A;LSL;0,31180000;0,31190000;18,35710000;18,36000000
24/02/2025;608;A;TMT;1,63360000;1,63840000;3,49470000;3,50470000
24/02/2025;622;A;MZN;0,08874000;0,09053000;63,25000000;64,52000000
24/02/2025;625;A;ERN;0,37790000;0,38170000;15,00000000;15,15000000
24/02/2025;630;A;NGN;0,00379200;0,00384300;1490,00000000;1510,00000000
24/02/2025;635;A;AOA;0,00615500;0,00627800;912,00000000;930,24000000
24/02/2025;640;A;TWD;0,17490000;0,17500000;32,72800000;32,73300000
24/02/2025;642;A;TRY;0,15680000;0,15780000;36,28400000;36,52400000
24/02/2025;660;A;PEN;1,55220000;1,55300000;3,68690000;3,68850000
24/02/2025;665;A;BTN;0,06600000;0,06609000;86,63400000;86,74300000
24/02/2025;670;A;MRO;0,01595000;0,01608000;356,00000000;359,00000000
24/02/2025;671;A;MRU;0,14350000;0,14390000;39,78100000;39,90000000
24/02/2025;680;B;TOP;2,32840000;2,47180000;0,40670000;0,43170000
24/02/2025;685;A;MOP;0,71390000;0,71510000;8,00700000;8,02000000
24/02/2025;706;A;ARS;0,00539900;0,00540000;1060,25000000;1060,50000000
24/02/2025;715;A;CLP;0,00604100;0,00604400;947,40000000;947,70000000
24/02/2025;720;A;COP;0,00139100;0,00139200;4114,38000000;4117,00000000
24/02/2025;721;B;COU;0,52610000;0,52620000;0,09190000;0,09190000
24/02/2025;725;A;CUP;0,23860000;0,23860000;24,00000000;24,00000000
24/02/2025;730;A;DOP;0,09154000;0,09211000;62,16000000;62,54000000
24/02/2025;735;A;PHP;0,09889000;0,09894000;57,87300000;57,89300000
24/02/2025;741;A;MXN;0,27980000;0,27990000;20,45340000;20,46390000
24/02/2025;745;A;UYU;0,13350000;0,13370000;42,84000000;42,88000000
24/02/2025;755;B;BWP;0,41390000;0,41740000;0,07230000;0,07290000
24/02/2025;760;A;MWK;0,00327100;0,00333500;1717,02000000;1750,32000000
24/02/2025;766;A;ZMW;0,20210000;0,20250000;28,27240000;28,32210000
24/02/2025;770;A;GTQ;0,74080000;0,74280000;7,70800000;7,72800000
24/02/2025;775;A;MMK;0,00271800;0,00273500;2093,70000000;2106,30000000
24/02/2025;778;B;PGK;1,38090000;1,42400000;0,24120000;0,24870000
24/02/2025;780;A;LAK;0,00026240;0,00026520;21592,00000000;21822,00000000
24/02/2025;785;A;ZAR;0,31170000;0,31210000;18,34860000;18,36860000
24/02/2025;795;A;CNY;0,78980000;0,79000000;7,24760000;7,24890000
24/02/2025;796;A;CNH;0,78970000;0,78990000;7,24900000;7,24940000
24/02/2025;800;A;QAR;1,56930000;1,57220000;3,64180000;3,64820000
24/02/2025;805;A;OMR;14,86680000;14,87220000;0,38500000;0,38510000
24/02/2025;810;A;YER;0,02313000;0,02318000;247,02000000;247,52000000
24/02/2025;815;A;IRR;0,00013630;0,00013630;42000,00000000;42005,00000000
24/02/2025;820;A;SAR;1,52660000;1,52700000;3,74980000;3,75030000
24/02/2025;825;A;KHR;0,00142400;0,00143100;4001,00000000;4021,00000000
24/02/2025;828;A;MYR;1,29730000;1,29900000;4,40800000;4,41300000
24/02/2025;830;A;RUB;0,06524000;0,06525000;87,74550000;87,75450000
24/02/2025;831;A;BYN;1,74600000;1,75310000;3,26610000;3,27910000
24/02/2025;835;A;TJS;0,52240000;0,52680000;10,87000000;10,96000000
24/02/2025;840;A;MUR;0,12340000;0,12420000;46,10000000;46,40000000
24/02/2025;845;A;NPR;0,04127000;0,04128000;138,71000000;138,73000000
24/02/2025;850;A;SCR;0,39720000;0,39730000;14,41260000;14,41300000
24/02/2025;855;A;LKR;0,01936000;0,01937000;295,55000000;295,70000000
24/02/2025;860;A;INR;0,06603000;0,06608000;86,65200000;86,70700000
24/02/2025;865;A;IDR;0,00035170;0,00035190;16270,00000000;16280,00000000
24/02/2025;870;A;MVR;0,36940000;0,37130000;15,42000000;15,50000000
24/02/2025;875;A;PKR;0,02047000;0,02048000;279,60000000;279,70000000
24/02/2025;880;A;ILS;1,59980000;1,60070000;3,57700000;3,57860000
24/02/2025;892;A;KGS;0,06543000;0,06548000;87,45000000;87,50430000
24/02/2025;893;A;UZS;0,00044360;0,00044400;12894,91000000;12904,91000000
24/02/2025;905;A;BDT;0,04693000;0,04732000;121,00000000;122,00000000
24/02/2025;912;B;WST;1,98380000;2,11000000;0,34650000;0,36850000
24/02/2025;913;A;KZT;0,01144000;0,01145000;500,04000000;500,59000000
24/02/2025;915;A;MNT;0,00165000;0,00165300;3463,00000000;3469,00000000
24/02/2025;920;A;VUV;0,04697000;0,04720000;121,30000000;121,90000000
24/02/2025;930;A;KRW;0,00400600;0,00400800;1428,73000000;1429,21000000
24/02/2025;946;A;TZS;0,00217700;0,00221900;2580,00000000;2630,00000000
24/02/2025;950;A;KES;0,04407000;0,04442000;128,90000000;129,90000000
24/02/2025;955;A;UGX;0,00155500;0,00156000;3671,00000000;3681,00000000
24/02/2025;960;A;SOS;0,00995700;0,01008000;568,00000000;575,00000000
24/02/2025;975;A;PLN;1,44620000;1,44660000;3,95800000;3,95890000
24/02/2025;978;B;EUR;5,99310000;5,99430000;1,04680000;1,04690000
24/02/2025;998;A;XAU;540,62320000;540,67990000;0,01059000;0,01059000

[2025-07-07T14:33:42.812+0000] {taskinstance.py:441} INFO - ::group::Post task execution logs
[2025-07-07T14:33:42.875+0000] {taskinstance.py:1206} INFO - Marking task as SUCCESS. dag_id=fin_cotacoes_bcb_classic, task_id=extract, run_id=scheduled__2025-02-24T00:00:00+00:00, execution_date=20250224T000000, start_date=20250707T143341, end_date=20250707T143342
[2025-07-07T14:33:42.978+0000] {local_task_job_runner.py:240} INFO - Task exited with return code 0
[2025-07-07T14:33:43.226+0000] {taskinstance.py:3503} INFO - 1 downstream tasks scheduled from follow-on schedule check
[2025-07-07T14:33:43.232+0000] {local_task_job_runner.py:222} INFO - ::endgroup::
[2025-07-07T15:11:00.297+0000] {local_task_job_runner.py:120} INFO - ::group::Pre task execution logs
[2025-07-07T15:11:00.437+0000] {taskinstance.py:2076} INFO - Dependencies all met for dep_context=non-requeueable deps ti=<TaskInstance: fin_cotacoes_bcb_classic.extract scheduled__2025-02-24T00:00:00+00:00 [queued]>
[2025-07-07T15:11:00.477+0000] {taskinstance.py:2076} INFO - Dependencies all met for dep_context=requeueable deps ti=<TaskInstance: fin_cotacoes_bcb_classic.extract scheduled__2025-02-24T00:00:00+00:00 [queued]>
[2025-07-07T15:11:00.477+0000] {taskinstance.py:2306} INFO - Starting attempt 1 of 2
[2025-07-07T15:11:00.565+0000] {taskinstance.py:2330} INFO - Executing <Task(PythonOperator): extract> on 2025-02-24 00:00:00+00:00
[2025-07-07T15:11:00.592+0000] {standard_task_runner.py:90} INFO - Running: ['***', 'tasks', 'run', 'fin_cotacoes_bcb_classic', 'extract', 'scheduled__2025-02-24T00:00:00+00:00', '--job-id', '4010', '--raw', '--subdir', 'DAGS_FOLDER/cotacoes.py', '--cfg-path', '/tmp/tmp7wyr2hdo']
[2025-07-07T15:11:00.597+0000] {standard_task_runner.py:91} INFO - Job 4010: Subtask extract
[2025-07-07T15:11:00.612+0000] {logging_mixin.py:188} WARNING - /home/***/.local/lib/python3.12/site-packages/***/task/task_runner/standard_task_runner.py:61 DeprecationWarning: This process (pid=102481) is multi-threaded, use of fork() may lead to deadlocks in the child.
[2025-07-07T15:11:00.613+0000] {standard_task_runner.py:63} INFO - Started process 102582 to run task
[2025-07-07T15:11:00.727+0000] {task_command.py:426} INFO - Running <TaskInstance: fin_cotacoes_bcb_classic.extract scheduled__2025-02-24T00:00:00+00:00 [running]> on host bc96ca91d307
[2025-07-07T15:11:01.056+0000] {taskinstance.py:2648} INFO - Exporting env vars: AIRFLOW_CTX_DAG_OWNER='***' AIRFLOW_CTX_DAG_ID='fin_cotacoes_bcb_classic' AIRFLOW_CTX_TASK_ID='extract' AIRFLOW_CTX_EXECUTION_DATE='2025-02-24T00:00:00+00:00' AIRFLOW_CTX_TRY_NUMBER='1' AIRFLOW_CTX_DAG_RUN_ID='scheduled__2025-02-24T00:00:00+00:00'
[2025-07-07T15:11:01.061+0000] {taskinstance.py:430} INFO - ::endgroup::
[2025-07-07T15:11:01.062+0000] {cotacoes.py:35} INFO - Iniciando extração da URL: https://www4.bcb.gov.br/Download/fechamento/20250224.csv
[2025-07-07T15:11:01.434+0000] {cotacoes.py:41} INFO - Extração concluída com sucesso.
[2025-07-07T15:11:01.436+0000] {python.py:237} INFO - Done. Returned value was: 24/02/2025;005;A;AFN;0,07767000;0,07789000;73,51000000;73,71000000
24/02/2025;009;A;ETB;0,04373000;0,04547000;125,93090000;130,93090000
24/02/2025;015;A;THB;0,17070000;0,17080000;33,53000000;33,54000000
24/02/2025;020;A;PAB;5,72520000;5,72580000;1,00000000;1,00000000
24/02/2025;027;A;VES;0,09028000;0,09052000;63,25540000;63,41390000
24/02/2025;030;A;BOB;0,81670000;0,83470000;6,86000000;7,01000000
24/02/2025;035;A;GHS;0,36820000;0,37060000;15,45000000;15,55000000
24/02/2025;040;A;CRC;0,01122000;0,01136000;503,90000000;510,05000000
24/02/2025;045;A;SVC;0,65360000;0,65440000;8,74950000;8,75950000
24/02/2025;051;A;NIO;0,15470000;0,15640000;36,60000000;37,00000000
24/02/2025;055;A;DKK;0,80330000;0,80360000;7,12550000;7,12690000
24/02/2025;060;A;ISK;0,04126000;0,04135000;138,46000000;138,76000000
24/02/2025;065;A;NOK;0,51470000;0,51530000;11,11080000;11,12300000
24/02/2025;070;A;SEK;0,53710000;0,53760000;10,65100000;10,65960000
24/02/2025;075;A;CZK;0,23950000;0,23960000;23,89300000;23,90200000
24/02/2025;090;A;GMD;0,07843000;0,07936000;72,15000000;73,00000000
24/02/2025;095;A;DZD;0,04220000;0,04269000;134,13910000;135,65930000
24/02/2025;100;A;KWD;18,55820000;18,56010000;0,30850000;0,30850000
24/02/2025;105;A;BHD;15,19020000;15,19180000;0,37690000;0,37690000
24/02/2025;115;A;IQD;0,00436700;0,00437400;1309,00000000;1311,00000000
24/02/2025;125;A;JOD;8,06370000;8,07020000;0,70950000;0,71000000
24/02/2025;130;A;LYD;1,17080000;1,17630000;4,86750000;4,88980000
24/02/2025;132;A;MKD;0,09689000;0,09778000;58,56000000;59,09000000
24/02/2025;133;A;RSD;0,05115000;0,05119000;111,85000000;111,94000000
24/02/2025;134;A;SDG;0,00950700;0,00956100;598,85020000;602,19120000
24/02/2025;135;A;TND;1,80270000;1,80370000;3,17440000;3,17590000
24/02/2025;136;A;SSP;0,00127500;0,00130700;4381,12550000;4491,12550000
24/02/2025;138;B;SDR;7,51780000;7,51850000;1,31310000;1,31310000
24/02/2025;139;A;MAD;0,57460000;0,57590000;9,94320000;9,96320000
24/02/2025;145;A;AED;1,55870000;1,55910000;3,67260000;3,67310000
24/02/2025;149;A;STN;0,23970000;0,24470000;23,40240000;23,88230000
24/02/2025;150;B;AUD;3,63780000;3,63870000;0,63540000;0,63550000
24/02/2025;155;A;BSD;5,72520000;5,72580000;1,00000000;1,00000000
24/02/2025;160;A;BMD;5,72520000;5,72580000;1,00000000;1,00000000
24/02/2025;165;A;CAD;4,02160000;4,02290000;1,42330000;1,42360000
24/02/2025;170;A;GYD;0,02720000;0,02753000;207,98000000;210,45000000
24/02/2025;173;A;NAD;0,31170000;0,31210000;18,34800000;18,36600000
24/02/2025;175;A;BBD;2,80630000;2,86560000;1,99810000;2,04010000
24/02/2025;180;A;BZD;2,83820000;2,86260000;2,00020000;2,01720000
24/02/2025;185;A;BND;4,27830000;4,27910000;1,33810000;1,33820000
24/02/2025;190;A;KYD;6,85650000;6,91940000;0,82750000;0,83500000
24/02/2025;195;A;SGD;4,27830000;4,27910000;1,33810000;1,33820000
24/02/2025;197;B;CLF;233,11300000;233,13740000;40,71700000;40,71700000
24/02/2025;200;B;FJD;2,45550000;2,53370000;0,42890000;0,44250000
24/02/2025;205;A;HKD;0,73640000;0,73660000;7,77370000;7,77430000
24/02/2025;210;A;TTD;0,83870000;0,84620000;6,76630000;6,82600000
24/02/2025;215;A;XCD;2,10490000;2,12860000;2,69000000;2,72000000
24/02/2025;220;A;USD;5,72520000;5,72580000;1,00000000;1,00000000
24/02/2025;230;A;JMD;0,03610000;0,03651000;156,81000000;158,61000000
24/02/2025;235;A;LRD;0,02834000;0,02907000;197,00000000;202,00000000
24/02/2025;245;B;NZD;3,28630000;3,28720000;0,57400000;0,57410000
24/02/2025;250;B;SBD;0,63090000;0,69850000;0,11020000;0,12200000
24/02/2025;255;A;SRD;0,15940000;0,16300000;35,12200000;35,90700000
24/02/2025;260;A;VND;0,00022480;0,00022480;25468,00000000;25472,00000000
24/02/2025;275;A;AMD;0,01450000;0,01457000;392,90000000;394,90000000
24/02/2025;295;A;CVE;0,05386000;0,05436000;105,33000000;106,29000000
24/02/2025;325;A;ANG;3,14570000;3,20860000;1,78450000;1,82000000
24/02/2025;328;A;AWG;3,11150000;3,21670000;1,78000000;1,84000000
24/02/2025;345;A;HUF;0,01492000;0,01494000;383,36000000;383,78000000
24/02/2025;363;A;CDF;0,00199500;0,00200400;2857,00000000;2870,00000000
24/02/2025;365;A;BIF;0,00190800;0,00195900;2923,20000000;3000,00000000
24/02/2025;368;A;KMF;0,01213000;0,01218000;470,07000000;472,07000000
24/02/2025;370;A;XAF;0,00881000;0,00913800;626,57000000;649,84000000
24/02/2025;372;A;XOF;0,00913100;0,00923500;620,00000000;627,00000000
24/02/2025;380;A;XPF;0,04994000;0,05038000;113,65000000;114,65000000
24/02/2025;390;A;DJF;0,03207000;0,03224000;177,60000000;178,55000000
24/02/2025;398;A;GNF;0,00065920;0,00066510;8609,00000000;8685,00000000
24/02/2025;406;A;MGA;0,00120500;0,00121600;4709,36000000;4749,48000000
24/02/2025;420;A;RWF;0,00407000;0,00412100;1389,57000000;1406,57000000
24/02/2025;425;A;CHF;6,38190000;6,38540000;0,89670000;0,89710000
24/02/2025;440;A;HTG;0,04342000;0,04388000;130,50000000;131,85000000
24/02/2025;450;A;PYG;0,00072220;0,00072310;7917,99000000;7927,58000000
24/02/2025;460;A;UAH;0,13700000;0,13720000;41,73000000;41,79000000
24/02/2025;470;A;JPY;0,03834000;0,03835000;149,30000000;149,31000000
24/02/2025;482;A;GEL;2,00880000;2,05370000;2,78800000;2,85000000
24/02/2025;490;A;ALL;0,06028000;0,06088000;94,05000000;94,98000000
24/02/2025;495;A;HNL;0,22360000;0,22430000;25,53270000;25,60000000
24/02/2025;500;A;SLL;0,00024990;0,00025240;22683,00000000;22908,00000000
24/02/2025;503;A;MDL;0,30810000;0,30980000;18,48000000;18,58000000
24/02/2025;506;A;RON;1,20390000;1,20460000;4,75330000;4,75570000
24/02/2025;510;A;BGN;3,06410000;3,06540000;1,86790000;1,86850000
24/02/2025;530;B;GIP;7,24920000;7,25570000;1,26620000;1,26720000
24/02/2025;535;A;EGP;0,11300000;0,11330000;50,55000000;50,65000000
24/02/2025;540;B;GBP;7,22410000;7,22710000;1,26180000;1,26220000
24/02/2025;545;B;FKP;7,24920000;7,25570000;1,26620000;1,26720000
24/02/2025;560;A;LBP;0,00006380;0,00006400;89500,00000000;89700,00000000
24/02/2025;570;B;SHP;7,23320000;7,23970000;1,26340000;1,26440000
24/02/2025;575;A;SYP;0,00044010;0,00044040;13000,00000000;13010,00000000
24/02/2025;585;A;SZL;0,31180000;0,31190000;18,35710000;18,36000000
24/02/2025;603;A;LSL;0,31180000;0,31190000;18,35710000;18,36000000
24/02/2025;608;A;TMT;1,63360000;1,63840000;3,49470000;3,50470000
24/02/2025;622;A;MZN;0,08874000;0,09053000;63,25000000;64,52000000
24/02/2025;625;A;ERN;0,37790000;0,38170000;15,00000000;15,15000000
24/02/2025;630;A;NGN;0,00379200;0,00384300;1490,00000000;1510,00000000
24/02/2025;635;A;AOA;0,00615500;0,00627800;912,00000000;930,24000000
24/02/2025;640;A;TWD;0,17490000;0,17500000;32,72800000;32,73300000
24/02/2025;642;A;TRY;0,15680000;0,15780000;36,28400000;36,52400000
24/02/2025;660;A;PEN;1,55220000;1,55300000;3,68690000;3,68850000
24/02/2025;665;A;BTN;0,06600000;0,06609000;86,63400000;86,74300000
24/02/2025;670;A;MRO;0,01595000;0,01608000;356,00000000;359,00000000
24/02/2025;671;A;MRU;0,14350000;0,14390000;39,78100000;39,90000000
24/02/2025;680;B;TOP;2,32840000;2,47180000;0,40670000;0,43170000
24/02/2025;685;A;MOP;0,71390000;0,71510000;8,00700000;8,02000000
24/02/2025;706;A;ARS;0,00539900;0,00540000;1060,25000000;1060,50000000
24/02/2025;715;A;CLP;0,00604100;0,00604400;947,40000000;947,70000000
24/02/2025;720;A;COP;0,00139100;0,00139200;4114,38000000;4117,00000000
24/02/2025;721;B;COU;0,52610000;0,52620000;0,09190000;0,09190000
24/02/2025;725;A;CUP;0,23860000;0,23860000;24,00000000;24,00000000
24/02/2025;730;A;DOP;0,09154000;0,09211000;62,16000000;62,54000000
24/02/2025;735;A;PHP;0,09889000;0,09894000;57,87300000;57,89300000
24/02/2025;741;A;MXN;0,27980000;0,27990000;20,45340000;20,46390000
24/02/2025;745;A;UYU;0,13350000;0,13370000;42,84000000;42,88000000
24/02/2025;755;B;BWP;0,41390000;0,41740000;0,07230000;0,07290000
24/02/2025;760;A;MWK;0,00327100;0,00333500;1717,02000000;1750,32000000
24/02/2025;766;A;ZMW;0,20210000;0,20250000;28,27240000;28,32210000
24/02/2025;770;A;GTQ;0,74080000;0,74280000;7,70800000;7,72800000
24/02/2025;775;A;MMK;0,00271800;0,00273500;2093,70000000;2106,30000000
24/02/2025;778;B;PGK;1,38090000;1,42400000;0,24120000;0,24870000
24/02/2025;780;A;LAK;0,00026240;0,00026520;21592,00000000;21822,00000000
24/02/2025;785;A;ZAR;0,31170000;0,31210000;18,34860000;18,36860000
24/02/2025;795;A;CNY;0,78980000;0,79000000;7,24760000;7,24890000
24/02/2025;796;A;CNH;0,78970000;0,78990000;7,24900000;7,24940000
24/02/2025;800;A;QAR;1,56930000;1,57220000;3,64180000;3,64820000
24/02/2025;805;A;OMR;14,86680000;14,87220000;0,38500000;0,38510000
24/02/2025;810;A;YER;0,02313000;0,02318000;247,02000000;247,52000000
24/02/2025;815;A;IRR;0,00013630;0,00013630;42000,00000000;42005,00000000
24/02/2025;820;A;SAR;1,52660000;1,52700000;3,74980000;3,75030000
24/02/2025;825;A;KHR;0,00142400;0,00143100;4001,00000000;4021,00000000
24/02/2025;828;A;MYR;1,29730000;1,29900000;4,40800000;4,41300000
24/02/2025;830;A;RUB;0,06524000;0,06525000;87,74550000;87,75450000
24/02/2025;831;A;BYN;1,74600000;1,75310000;3,26610000;3,27910000
24/02/2025;835;A;TJS;0,52240000;0,52680000;10,87000000;10,96000000
24/02/2025;840;A;MUR;0,12340000;0,12420000;46,10000000;46,40000000
24/02/2025;845;A;NPR;0,04127000;0,04128000;138,71000000;138,73000000
24/02/2025;850;A;SCR;0,39720000;0,39730000;14,41260000;14,41300000
24/02/2025;855;A;LKR;0,01936000;0,01937000;295,55000000;295,70000000
24/02/2025;860;A;INR;0,06603000;0,06608000;86,65200000;86,70700000
24/02/2025;865;A;IDR;0,00035170;0,00035190;16270,00000000;16280,00000000
24/02/2025;870;A;MVR;0,36940000;0,37130000;15,42000000;15,50000000
24/02/2025;875;A;PKR;0,02047000;0,02048000;279,60000000;279,70000000
24/02/2025;880;A;ILS;1,59980000;1,60070000;3,57700000;3,57860000
24/02/2025;892;A;KGS;0,06543000;0,06548000;87,45000000;87,50430000
24/02/2025;893;A;UZS;0,00044360;0,00044400;12894,91000000;12904,91000000
24/02/2025;905;A;BDT;0,04693000;0,04732000;121,00000000;122,00000000
24/02/2025;912;B;WST;1,98380000;2,11000000;0,34650000;0,36850000
24/02/2025;913;A;KZT;0,01144000;0,01145000;500,04000000;500,59000000
24/02/2025;915;A;MNT;0,00165000;0,00165300;3463,00000000;3469,00000000
24/02/2025;920;A;VUV;0,04697000;0,04720000;121,30000000;121,90000000
24/02/2025;930;A;KRW;0,00400600;0,00400800;1428,73000000;1429,21000000
24/02/2025;946;A;TZS;0,00217700;0,00221900;2580,00000000;2630,00000000
24/02/2025;950;A;KES;0,04407000;0,04442000;128,90000000;129,90000000
24/02/2025;955;A;UGX;0,00155500;0,00156000;3671,00000000;3681,00000000
24/02/2025;960;A;SOS;0,00995700;0,01008000;568,00000000;575,00000000
24/02/2025;975;A;PLN;1,44620000;1,44660000;3,95800000;3,95890000
24/02/2025;978;B;EUR;5,99310000;5,99430000;1,04680000;1,04690000
24/02/2025;998;A;XAU;540,62320000;540,67990000;0,01059000;0,01059000

[2025-07-07T15:11:01.446+0000] {taskinstance.py:441} INFO - ::group::Post task execution logs
[2025-07-07T15:11:01.527+0000] {taskinstance.py:1206} INFO - Marking task as SUCCESS. dag_id=fin_cotacoes_bcb_classic, task_id=extract, run_id=scheduled__2025-02-24T00:00:00+00:00, execution_date=20250224T000000, start_date=20250707T151100, end_date=20250707T151101
[2025-07-07T15:11:01.652+0000] {local_task_job_runner.py:240} INFO - Task exited with return code 0
[2025-07-07T15:11:01.762+0000] {taskinstance.py:3503} INFO - 0 downstream tasks scheduled from follow-on schedule check
[2025-07-07T15:11:01.780+0000] {local_task_job_runner.py:222} INFO - ::endgroup::
