[2025-07-07T14:31:10.839+0000] {local_task_job_runner.py:120} INFO - ::group::Pre task execution logs
[2025-07-07T14:31:10.884+0000] {taskinstance.py:2076} INFO - Dependencies all met for dep_context=non-requeueable deps ti=<TaskInstance: fin_cotacoes_bcb_classic.transform_and_load scheduled__2025-03-16T00:00:00+00:00 [queued]>
[2025-07-07T14:31:10.894+0000] {taskinstance.py:2076} INFO - Dependencies all met for dep_context=requeueable deps ti=<TaskInstance: fin_cotacoes_bcb_classic.transform_and_load scheduled__2025-03-16T00:00:00+00:00 [queued]>
[2025-07-07T14:31:10.895+0000] {taskinstance.py:2306} INFO - Starting attempt 1 of 2
[2025-07-07T14:31:10.921+0000] {taskinstance.py:2330} INFO - Executing <Task(PythonOperator): transform_and_load> on 2025-03-16 00:00:00+00:00
[2025-07-07T14:31:10.948+0000] {logging_mixin.py:188} WARNING - /home/***/.local/lib/python3.12/site-packages/***/task/task_runner/standard_task_runner.py:61 DeprecationWarning: This process (pid=76130) is multi-threaded, use of fork() may lead to deadlocks in the child.
[2025-07-07T14:31:10.949+0000] {standard_task_runner.py:63} INFO - Started process 76159 to run task
[2025-07-07T14:31:10.948+0000] {standard_task_runner.py:90} INFO - Running: ['***', 'tasks', 'run', 'fin_cotacoes_bcb_classic', 'transform_and_load', 'scheduled__2025-03-16T00:00:00+00:00', '--job-id', '2175', '--raw', '--subdir', 'DAGS_FOLDER/cotacoes.py', '--cfg-path', '/tmp/tmpzxfeapzb']
[2025-07-07T14:31:10.949+0000] {standard_task_runner.py:91} INFO - Job 2175: Subtask transform_and_load
[2025-07-07T14:31:11.101+0000] {task_command.py:426} INFO - Running <TaskInstance: fin_cotacoes_bcb_classic.transform_and_load scheduled__2025-03-16T00:00:00+00:00 [running]> on host bc96ca91d307
[2025-07-07T14:31:11.349+0000] {taskinstance.py:2648} INFO - Exporting env vars: AIRFLOW_CTX_DAG_OWNER='***' AIRFLOW_CTX_DAG_ID='fin_cotacoes_bcb_classic' AIRFLOW_CTX_TASK_ID='transform_and_load' AIRFLOW_CTX_EXECUTION_DATE='2025-03-16T00:00:00+00:00' AIRFLOW_CTX_TRY_NUMBER='1' AIRFLOW_CTX_DAG_RUN_ID='scheduled__2025-03-16T00:00:00+00:00'
[2025-07-07T14:31:11.351+0000] {taskinstance.py:430} INFO - ::endgroup::
[2025-07-07T14:31:11.382+0000] {cotacoes.py:91} WARNING - Nenhum dado recebido da tarefa de extração. Pulando transformação e carga.
[2025-07-07T14:31:11.382+0000] {python.py:237} INFO - Done. Returned value was: None
[2025-07-07T14:31:11.382+0000] {taskinstance.py:441} INFO - ::group::Post task execution logs
[2025-07-07T14:31:11.399+0000] {taskinstance.py:1206} INFO - Marking task as SUCCESS. dag_id=fin_cotacoes_bcb_classic, task_id=transform_and_load, run_id=scheduled__2025-03-16T00:00:00+00:00, execution_date=20250316T000000, start_date=20250707T143110, end_date=20250707T143111
[2025-07-07T14:31:11.445+0000] {local_task_job_runner.py:240} INFO - Task exited with return code 0
[2025-07-07T14:31:11.505+0000] {taskinstance.py:3503} INFO - 0 downstream tasks scheduled from follow-on schedule check
[2025-07-07T14:31:11.507+0000] {local_task_job_runner.py:222} INFO - ::endgroup::
[2025-07-07T14:34:09.331+0000] {local_task_job_runner.py:120} INFO - ::group::Pre task execution logs
[2025-07-07T14:34:09.370+0000] {taskinstance.py:2076} INFO - Dependencies all met for dep_context=non-requeueable deps ti=<TaskInstance: fin_cotacoes_bcb_classic.transform_and_load scheduled__2025-03-16T00:00:00+00:00 [queued]>
[2025-07-07T14:34:09.379+0000] {taskinstance.py:2076} INFO - Dependencies all met for dep_context=requeueable deps ti=<TaskInstance: fin_cotacoes_bcb_classic.transform_and_load scheduled__2025-03-16T00:00:00+00:00 [queued]>
[2025-07-07T14:34:09.379+0000] {taskinstance.py:2306} INFO - Starting attempt 1 of 2
[2025-07-07T14:34:09.393+0000] {taskinstance.py:2330} INFO - Executing <Task(PythonOperator): transform_and_load> on 2025-03-16 00:00:00+00:00
[2025-07-07T14:34:09.402+0000] {logging_mixin.py:188} WARNING - /home/***/.local/lib/python3.12/site-packages/***/task/task_runner/standard_task_runner.py:61 DeprecationWarning: This process (pid=78380) is multi-threaded, use of fork() may lead to deadlocks in the child.
[2025-07-07T14:34:09.402+0000] {standard_task_runner.py:90} INFO - Running: ['***', 'tasks', 'run', 'fin_cotacoes_bcb_classic', 'transform_and_load', 'scheduled__2025-03-16T00:00:00+00:00', '--job-id', '2412', '--raw', '--subdir', 'DAGS_FOLDER/cotacoes.py', '--cfg-path', '/tmp/tmpm28t1ixw']
[2025-07-07T14:34:09.403+0000] {standard_task_runner.py:63} INFO - Started process 78468 to run task
[2025-07-07T14:34:09.403+0000] {standard_task_runner.py:91} INFO - Job 2412: Subtask transform_and_load
[2025-07-07T14:34:09.458+0000] {task_command.py:426} INFO - Running <TaskInstance: fin_cotacoes_bcb_classic.transform_and_load scheduled__2025-03-16T00:00:00+00:00 [running]> on host bc96ca91d307
[2025-07-07T14:34:09.547+0000] {taskinstance.py:2648} INFO - Exporting env vars: AIRFLOW_CTX_DAG_OWNER='***' AIRFLOW_CTX_DAG_ID='fin_cotacoes_bcb_classic' AIRFLOW_CTX_TASK_ID='transform_and_load' AIRFLOW_CTX_EXECUTION_DATE='2025-03-16T00:00:00+00:00' AIRFLOW_CTX_TRY_NUMBER='1' AIRFLOW_CTX_DAG_RUN_ID='scheduled__2025-03-16T00:00:00+00:00'
[2025-07-07T14:34:09.549+0000] {taskinstance.py:430} INFO - ::endgroup::
[2025-07-07T14:34:09.557+0000] {cotacoes.py:91} WARNING - Nenhum dado recebido da tarefa de extração. Pulando transformação e carga.
[2025-07-07T14:34:09.557+0000] {python.py:237} INFO - Done. Returned value was: None
[2025-07-07T14:34:09.557+0000] {taskinstance.py:441} INFO - ::group::Post task execution logs
[2025-07-07T14:34:09.564+0000] {taskinstance.py:1206} INFO - Marking task as SUCCESS. dag_id=fin_cotacoes_bcb_classic, task_id=transform_and_load, run_id=scheduled__2025-03-16T00:00:00+00:00, execution_date=20250316T000000, start_date=20250707T143409, end_date=20250707T143409
[2025-07-07T14:34:09.617+0000] {local_task_job_runner.py:240} INFO - Task exited with return code 0
[2025-07-07T14:34:09.633+0000] {taskinstance.py:3503} INFO - 0 downstream tasks scheduled from follow-on schedule check
[2025-07-07T14:34:09.635+0000] {local_task_job_runner.py:222} INFO - ::endgroup::
[2025-07-07T15:11:38.567+0000] {local_task_job_runner.py:120} INFO - ::group::Pre task execution logs
[2025-07-07T15:11:38.700+0000] {taskinstance.py:2076} INFO - Dependencies all met for dep_context=non-requeueable deps ti=<TaskInstance: fin_cotacoes_bcb_classic.transform_and_load scheduled__2025-03-16T00:00:00+00:00 [queued]>
[2025-07-07T15:11:38.741+0000] {taskinstance.py:2076} INFO - Dependencies all met for dep_context=requeueable deps ti=<TaskInstance: fin_cotacoes_bcb_classic.transform_and_load scheduled__2025-03-16T00:00:00+00:00 [queued]>
[2025-07-07T15:11:38.741+0000] {taskinstance.py:2306} INFO - Starting attempt 1 of 2
[2025-07-07T15:11:38.784+0000] {taskinstance.py:2330} INFO - Executing <Task(PythonOperator): transform_and_load> on 2025-03-16 00:00:00+00:00
[2025-07-07T15:11:38.809+0000] {logging_mixin.py:188} WARNING - /home/***/.local/lib/python3.12/site-packages/***/task/task_runner/standard_task_runner.py:61 DeprecationWarning: This process (pid=103165) is multi-threaded, use of fork() may lead to deadlocks in the child.
[2025-07-07T15:11:38.809+0000] {standard_task_runner.py:90} INFO - Running: ['***', 'tasks', 'run', 'fin_cotacoes_bcb_classic', 'transform_and_load', 'scheduled__2025-03-16T00:00:00+00:00', '--job-id', '4110', '--raw', '--subdir', 'DAGS_FOLDER/cotacoes.py', '--cfg-path', '/tmp/tmpdl7xhalr']
[2025-07-07T15:11:38.810+0000] {standard_task_runner.py:63} INFO - Started process 103259 to run task
[2025-07-07T15:11:38.810+0000] {standard_task_runner.py:91} INFO - Job 4110: Subtask transform_and_load
[2025-07-07T15:11:38.945+0000] {task_command.py:426} INFO - Running <TaskInstance: fin_cotacoes_bcb_classic.transform_and_load scheduled__2025-03-16T00:00:00+00:00 [running]> on host bc96ca91d307
[2025-07-07T15:11:39.216+0000] {taskinstance.py:2648} INFO - Exporting env vars: AIRFLOW_CTX_DAG_OWNER='***' AIRFLOW_CTX_DAG_ID='fin_cotacoes_bcb_classic' AIRFLOW_CTX_TASK_ID='transform_and_load' AIRFLOW_CTX_EXECUTION_DATE='2025-03-16T00:00:00+00:00' AIRFLOW_CTX_TRY_NUMBER='1' AIRFLOW_CTX_DAG_RUN_ID='scheduled__2025-03-16T00:00:00+00:00'
[2025-07-07T15:11:39.217+0000] {taskinstance.py:430} INFO - ::endgroup::
[2025-07-07T15:11:39.245+0000] {cotacoes.py:91} WARNING - Nenhum dado recebido da tarefa de extração. Pulando transformação e carga.
[2025-07-07T15:11:39.245+0000] {python.py:237} INFO - Done. Returned value was: None
[2025-07-07T15:11:39.245+0000] {taskinstance.py:441} INFO - ::group::Post task execution logs
[2025-07-07T15:11:39.267+0000] {taskinstance.py:1206} INFO - Marking task as SUCCESS. dag_id=fin_cotacoes_bcb_classic, task_id=transform_and_load, run_id=scheduled__2025-03-16T00:00:00+00:00, execution_date=20250316T000000, start_date=20250707T151138, end_date=20250707T151139
[2025-07-07T15:11:39.321+0000] {local_task_job_runner.py:240} INFO - Task exited with return code 0
[2025-07-07T15:11:39.345+0000] {local_task_job_runner.py:222} INFO - ::endgroup::
