[2025-07-07T14:32:45.656+0000] {local_task_job_runner.py:120} INFO - ::group::Pre task execution logs
[2025-07-07T14:32:45.744+0000] {taskinstance.py:2076} INFO - Dependencies all met for dep_context=non-requeueable deps ti=<TaskInstance: fin_cotacoes_bcb_classic.create_table_postgres scheduled__2025-01-10T00:00:00+00:00 [queued]>
[2025-07-07T14:32:45.769+0000] {taskinstance.py:2076} INFO - Dependencies all met for dep_context=requeueable deps ti=<TaskInstance: fin_cotacoes_bcb_classic.create_table_postgres scheduled__2025-01-10T00:00:00+00:00 [queued]>
[2025-07-07T14:32:45.770+0000] {taskinstance.py:2306} INFO - Starting attempt 1 of 2
[2025-07-07T14:32:45.826+0000] {taskinstance.py:2330} INFO - Executing <Task(SQLExecuteQueryOperator): create_table_postgres> on 2025-01-10 00:00:00+00:00
[2025-07-07T14:32:45.839+0000] {logging_mixin.py:188} WARNING - /home/***/.local/lib/python3.12/site-packages/***/task/task_runner/standard_task_runner.py:61 DeprecationWarning: This process (pid=77013) is multi-threaded, use of fork() may lead to deadlocks in the child.
[2025-07-07T14:32:45.840+0000] {standard_task_runner.py:63} INFO - Started process 77065 to run task
[2025-07-07T14:32:45.839+0000] {standard_task_runner.py:90} INFO - Running: ['***', 'tasks', 'run', 'fin_cotacoes_bcb_classic', 'create_table_postgres', 'scheduled__2025-01-10T00:00:00+00:00', '--job-id', '2201', '--raw', '--subdir', 'DAGS_FOLDER/cotacoes.py', '--cfg-path', '/tmp/tmpv7el8vvh']
[2025-07-07T14:32:45.847+0000] {standard_task_runner.py:91} INFO - Job 2201: Subtask create_table_postgres
[2025-07-07T14:32:45.999+0000] {task_command.py:426} INFO - Running <TaskInstance: fin_cotacoes_bcb_classic.create_table_postgres scheduled__2025-01-10T00:00:00+00:00 [running]> on host bc96ca91d307
[2025-07-07T14:32:46.205+0000] {taskinstance.py:2648} INFO - Exporting env vars: AIRFLOW_CTX_DAG_OWNER='***' AIRFLOW_CTX_DAG_ID='fin_cotacoes_bcb_classic' AIRFLOW_CTX_TASK_ID='create_table_postgres' AIRFLOW_CTX_EXECUTION_DATE='2025-01-10T00:00:00+00:00' AIRFLOW_CTX_TRY_NUMBER='1' AIRFLOW_CTX_DAG_RUN_ID='scheduled__2025-01-10T00:00:00+00:00'
[2025-07-07T14:32:46.207+0000] {taskinstance.py:430} INFO - ::endgroup::
[2025-07-07T14:32:46.207+0000] {sql.py:276} INFO - Executing: 
CREATE TABLE IF NOT EXISTS cotacoes (
    dt_fechamento DATE,
    cod_moeda TEXT,
    tipo_moeda TEXT,
    desc_moeda TEXT,
    taxa_compra REAL,
    taxa_venda REAL,
    paridade_compra REAL,
    paridade_venda REAL,
    data_processamento TIMESTAMP,
    CONSTRAINT table_pk PRIMARY KEY (dt_fechamento, cod_moeda)
);
[2025-07-07T14:32:46.238+0000] {base.py:84} INFO - Using connection ID '***-postgres' for task execution.
[2025-07-07T14:32:46.271+0000] {base.py:84} INFO - Using connection ID '***-postgres' for task execution.
[2025-07-07T14:32:46.284+0000] {sql.py:487} INFO - Running statement: 
CREATE TABLE IF NOT EXISTS cotacoes (
    dt_fechamento DATE,
    cod_moeda TEXT,
    tipo_moeda TEXT,
    desc_moeda TEXT,
    taxa_compra REAL,
    taxa_venda REAL,
    paridade_compra REAL,
    paridade_venda REAL,
    data_processamento TIMESTAMP,
    CONSTRAINT table_pk PRIMARY KEY (dt_fechamento, cod_moeda)
);, parameters: None
[2025-07-07T14:32:46.286+0000] {taskinstance.py:441} INFO - ::group::Post task execution logs
[2025-07-07T14:32:46.308+0000] {taskinstance.py:1206} INFO - Marking task as SUCCESS. dag_id=fin_cotacoes_bcb_classic, task_id=create_table_postgres, run_id=scheduled__2025-01-10T00:00:00+00:00, execution_date=20250110T000000, start_date=20250707T143245, end_date=20250707T143246
[2025-07-07T14:32:46.381+0000] {local_task_job_runner.py:240} INFO - Task exited with return code 0
[2025-07-07T14:32:46.442+0000] {taskinstance.py:3503} INFO - 0 downstream tasks scheduled from follow-on schedule check
[2025-07-07T14:32:46.454+0000] {local_task_job_runner.py:222} INFO - ::endgroup::
[2025-07-07T15:10:15.975+0000] {local_task_job_runner.py:120} INFO - ::group::Pre task execution logs
[2025-07-07T15:10:16.106+0000] {taskinstance.py:2076} INFO - Dependencies all met for dep_context=non-requeueable deps ti=<TaskInstance: fin_cotacoes_bcb_classic.create_table_postgres scheduled__2025-01-10T00:00:00+00:00 [queued]>
[2025-07-07T15:10:16.155+0000] {taskinstance.py:2076} INFO - Dependencies all met for dep_context=requeueable deps ti=<TaskInstance: fin_cotacoes_bcb_classic.create_table_postgres scheduled__2025-01-10T00:00:00+00:00 [queued]>
[2025-07-07T15:10:16.156+0000] {taskinstance.py:2306} INFO - Starting attempt 1 of 2
[2025-07-07T15:10:16.192+0000] {taskinstance.py:2330} INFO - Executing <Task(SQLExecuteQueryOperator): create_table_postgres> on 2025-01-10 00:00:00+00:00
[2025-07-07T15:10:16.217+0000] {logging_mixin.py:188} WARNING - /home/***/.local/lib/python3.12/site-packages/***/task/task_runner/standard_task_runner.py:61 DeprecationWarning: This process (pid=101801) is multi-threaded, use of fork() may lead to deadlocks in the child.
[2025-07-07T15:10:16.218+0000] {standard_task_runner.py:63} INFO - Started process 101859 to run task
[2025-07-07T15:10:16.237+0000] {standard_task_runner.py:90} INFO - Running: ['***', 'tasks', 'run', 'fin_cotacoes_bcb_classic', 'create_table_postgres', 'scheduled__2025-01-10T00:00:00+00:00', '--job-id', '3893', '--raw', '--subdir', 'DAGS_FOLDER/cotacoes.py', '--cfg-path', '/tmp/tmphfwtnbjj']
[2025-07-07T15:10:16.238+0000] {standard_task_runner.py:91} INFO - Job 3893: Subtask create_table_postgres
[2025-07-07T15:10:16.387+0000] {task_command.py:426} INFO - Running <TaskInstance: fin_cotacoes_bcb_classic.create_table_postgres scheduled__2025-01-10T00:00:00+00:00 [running]> on host bc96ca91d307
[2025-07-07T15:10:16.699+0000] {taskinstance.py:2648} INFO - Exporting env vars: AIRFLOW_CTX_DAG_OWNER='***' AIRFLOW_CTX_DAG_ID='fin_cotacoes_bcb_classic' AIRFLOW_CTX_TASK_ID='create_table_postgres' AIRFLOW_CTX_EXECUTION_DATE='2025-01-10T00:00:00+00:00' AIRFLOW_CTX_TRY_NUMBER='1' AIRFLOW_CTX_DAG_RUN_ID='scheduled__2025-01-10T00:00:00+00:00'
[2025-07-07T15:10:16.700+0000] {taskinstance.py:430} INFO - ::endgroup::
[2025-07-07T15:10:16.700+0000] {sql.py:276} INFO - Executing: 
CREATE TABLE IF NOT EXISTS cotacoes (
    dt_fechamento DATE,
    cod_moeda TEXT,
    tipo_moeda TEXT,
    desc_moeda TEXT,
    taxa_compra REAL,
    taxa_venda REAL,
    paridade_compra REAL,
    paridade_venda REAL,
    data_processamento TIMESTAMP,
    CONSTRAINT table_pk PRIMARY KEY (dt_fechamento, cod_moeda)
);
[2025-07-07T15:10:16.720+0000] {base.py:84} INFO - Using connection ID '***-postgres' for task execution.
[2025-07-07T15:10:16.733+0000] {base.py:84} INFO - Using connection ID '***-postgres' for task execution.
[2025-07-07T15:10:16.740+0000] {sql.py:487} INFO - Running statement: 
CREATE TABLE IF NOT EXISTS cotacoes (
    dt_fechamento DATE,
    cod_moeda TEXT,
    tipo_moeda TEXT,
    desc_moeda TEXT,
    taxa_compra REAL,
    taxa_venda REAL,
    paridade_compra REAL,
    paridade_venda REAL,
    data_processamento TIMESTAMP,
    CONSTRAINT table_pk PRIMARY KEY (dt_fechamento, cod_moeda)
);, parameters: None
[2025-07-07T15:10:16.752+0000] {taskinstance.py:441} INFO - ::group::Post task execution logs
[2025-07-07T15:10:16.778+0000] {taskinstance.py:1206} INFO - Marking task as SUCCESS. dag_id=fin_cotacoes_bcb_classic, task_id=create_table_postgres, run_id=scheduled__2025-01-10T00:00:00+00:00, execution_date=20250110T000000, start_date=20250707T151016, end_date=20250707T151016
[2025-07-07T15:10:16.853+0000] {local_task_job_runner.py:240} INFO - Task exited with return code 0
[2025-07-07T15:10:16.929+0000] {taskinstance.py:3503} INFO - 1 downstream tasks scheduled from follow-on schedule check
[2025-07-07T15:10:16.933+0000] {local_task_job_runner.py:222} INFO - ::endgroup::
