[2025-07-07T14:35:51.113+0000] {local_task_job_runner.py:120} INFO - ::group::Pre task execution logs
[2025-07-07T14:35:51.211+0000] {taskinstance.py:2076} INFO - Dependencies all met for dep_context=non-requeueable deps ti=<TaskInstance: fin_cotacoes_bcb_classic.transform_and_load scheduled__2025-06-04T00:00:00+00:00 [queued]>
[2025-07-07T14:35:51.256+0000] {taskinstance.py:2076} INFO - Dependencies all met for dep_context=requeueable deps ti=<TaskInstance: fin_cotacoes_bcb_classic.transform_and_load scheduled__2025-06-04T00:00:00+00:00 [queued]>
[2025-07-07T14:35:51.256+0000] {taskinstance.py:2306} INFO - Starting attempt 1 of 2
[2025-07-07T14:35:51.308+0000] {taskinstance.py:2330} INFO - Executing <Task(PythonOperator): transform_and_load> on 2025-06-04 00:00:00+00:00
[2025-07-07T14:35:51.338+0000] {logging_mixin.py:188} WARNING - /home/***/.local/lib/python3.12/site-packages/***/task/task_runner/standard_task_runner.py:61 DeprecationWarning: This process (pid=80031) is multi-threaded, use of fork() may lead to deadlocks in the child.
[2025-07-07T14:35:51.339+0000] {standard_task_runner.py:90} INFO - Running: ['***', 'tasks', 'run', 'fin_cotacoes_bcb_classic', 'transform_and_load', 'scheduled__2025-06-04T00:00:00+00:00', '--job-id', '2669', '--raw', '--subdir', 'DAGS_FOLDER/cotacoes.py', '--cfg-path', '/tmp/tmpwixicnb_']
[2025-07-07T14:35:51.342+0000] {standard_task_runner.py:91} INFO - Job 2669: Subtask transform_and_load
[2025-07-07T14:35:51.342+0000] {standard_task_runner.py:63} INFO - Started process 80089 to run task
[2025-07-07T14:35:51.441+0000] {task_command.py:426} INFO - Running <TaskInstance: fin_cotacoes_bcb_classic.transform_and_load scheduled__2025-06-04T00:00:00+00:00 [running]> on host bc96ca91d307
[2025-07-07T14:35:51.665+0000] {taskinstance.py:2648} INFO - Exporting env vars: AIRFLOW_CTX_DAG_OWNER='***' AIRFLOW_CTX_DAG_ID='fin_cotacoes_bcb_classic' AIRFLOW_CTX_TASK_ID='transform_and_load' AIRFLOW_CTX_EXECUTION_DATE='2025-06-04T00:00:00+00:00' AIRFLOW_CTX_TRY_NUMBER='1' AIRFLOW_CTX_DAG_RUN_ID='scheduled__2025-06-04T00:00:00+00:00'
[2025-07-07T14:35:51.666+0000] {taskinstance.py:430} INFO - ::endgroup::
[2025-07-07T14:35:51.717+0000] {cotacoes.py:109} INFO - DataFrame transformado com 157 linhas.
[2025-07-07T14:35:51.747+0000] {base.py:84} INFO - Using connection ID '***-postgres' for task execution.
[2025-07-07T14:35:51.773+0000] {base.py:84} INFO - Using connection ID '***-postgres' for task execution.
[2025-07-07T14:35:51.872+0000] {sql.py:598} INFO - Loaded 157 rows into cotacoes so far
[2025-07-07T14:35:51.874+0000] {sql.py:611} INFO - Done loading. Loaded a total of 157 rows into cotacoes
[2025-07-07T14:35:51.874+0000] {cotacoes.py:124} INFO - Carregados/Atualizados 157 registros na tabela cotacoes.
[2025-07-07T14:35:51.875+0000] {python.py:237} INFO - Done. Returned value was: None
[2025-07-07T14:35:51.877+0000] {taskinstance.py:441} INFO - ::group::Post task execution logs
[2025-07-07T14:35:51.912+0000] {taskinstance.py:1206} INFO - Marking task as SUCCESS. dag_id=fin_cotacoes_bcb_classic, task_id=transform_and_load, run_id=scheduled__2025-06-04T00:00:00+00:00, execution_date=20250604T000000, start_date=20250707T143551, end_date=20250707T143551
[2025-07-07T14:35:51.969+0000] {local_task_job_runner.py:240} INFO - Task exited with return code 0
[2025-07-07T14:35:52.005+0000] {taskinstance.py:3503} INFO - 0 downstream tasks scheduled from follow-on schedule check
[2025-07-07T14:35:52.010+0000] {local_task_job_runner.py:222} INFO - ::endgroup::
[2025-07-07T15:13:12.158+0000] {local_task_job_runner.py:120} INFO - ::group::Pre task execution logs
[2025-07-07T15:13:12.268+0000] {taskinstance.py:2076} INFO - Dependencies all met for dep_context=non-requeueable deps ti=<TaskInstance: fin_cotacoes_bcb_classic.transform_and_load scheduled__2025-06-04T00:00:00+00:00 [queued]>
[2025-07-07T15:13:12.284+0000] {taskinstance.py:2076} INFO - Dependencies all met for dep_context=requeueable deps ti=<TaskInstance: fin_cotacoes_bcb_classic.transform_and_load scheduled__2025-06-04T00:00:00+00:00 [queued]>
[2025-07-07T15:13:12.284+0000] {taskinstance.py:2306} INFO - Starting attempt 1 of 2
[2025-07-07T15:13:12.324+0000] {taskinstance.py:2330} INFO - Executing <Task(PythonOperator): transform_and_load> on 2025-06-04 00:00:00+00:00
[2025-07-07T15:13:12.354+0000] {logging_mixin.py:188} WARNING - /home/***/.local/lib/python3.12/site-packages/***/task/task_runner/standard_task_runner.py:61 DeprecationWarning: This process (pid=104692) is multi-threaded, use of fork() may lead to deadlocks in the child.
[2025-07-07T15:13:12.356+0000] {standard_task_runner.py:63} INFO - Started process 104791 to run task
[2025-07-07T15:13:12.359+0000] {standard_task_runner.py:90} INFO - Running: ['***', 'tasks', 'run', 'fin_cotacoes_bcb_classic', 'transform_and_load', 'scheduled__2025-06-04T00:00:00+00:00', '--job-id', '4356', '--raw', '--subdir', 'DAGS_FOLDER/cotacoes.py', '--cfg-path', '/tmp/tmpt4zte7kp']
[2025-07-07T15:13:12.360+0000] {standard_task_runner.py:91} INFO - Job 4356: Subtask transform_and_load
[2025-07-07T15:13:12.495+0000] {task_command.py:426} INFO - Running <TaskInstance: fin_cotacoes_bcb_classic.transform_and_load scheduled__2025-06-04T00:00:00+00:00 [running]> on host bc96ca91d307
[2025-07-07T15:13:12.809+0000] {taskinstance.py:2648} INFO - Exporting env vars: AIRFLOW_CTX_DAG_OWNER='***' AIRFLOW_CTX_DAG_ID='fin_cotacoes_bcb_classic' AIRFLOW_CTX_TASK_ID='transform_and_load' AIRFLOW_CTX_EXECUTION_DATE='2025-06-04T00:00:00+00:00' AIRFLOW_CTX_TRY_NUMBER='1' AIRFLOW_CTX_DAG_RUN_ID='scheduled__2025-06-04T00:00:00+00:00'
[2025-07-07T15:13:12.810+0000] {taskinstance.py:430} INFO - ::endgroup::
[2025-07-07T15:13:12.953+0000] {cotacoes.py:109} INFO - DataFrame transformado com 157 linhas.
[2025-07-07T15:13:13.003+0000] {base.py:84} INFO - Using connection ID '***-postgres' for task execution.
[2025-07-07T15:13:13.045+0000] {base.py:84} INFO - Using connection ID '***-postgres' for task execution.
[2025-07-07T15:13:13.133+0000] {sql.py:598} INFO - Loaded 157 rows into cotacoes so far
[2025-07-07T15:13:13.137+0000] {sql.py:611} INFO - Done loading. Loaded a total of 157 rows into cotacoes
[2025-07-07T15:13:13.137+0000] {cotacoes.py:124} INFO - Carregados/Atualizados 157 registros na tabela cotacoes.
[2025-07-07T15:13:13.137+0000] {python.py:237} INFO - Done. Returned value was: None
[2025-07-07T15:13:13.138+0000] {taskinstance.py:441} INFO - ::group::Post task execution logs
[2025-07-07T15:13:13.152+0000] {taskinstance.py:1206} INFO - Marking task as SUCCESS. dag_id=fin_cotacoes_bcb_classic, task_id=transform_and_load, run_id=scheduled__2025-06-04T00:00:00+00:00, execution_date=20250604T000000, start_date=20250707T151312, end_date=20250707T151313
[2025-07-07T15:13:13.195+0000] {local_task_job_runner.py:240} INFO - Task exited with return code 0
[2025-07-07T15:13:13.239+0000] {taskinstance.py:3503} INFO - 0 downstream tasks scheduled from follow-on schedule check
[2025-07-07T15:13:13.245+0000] {local_task_job_runner.py:222} INFO - ::endgroup::
