[2025-07-06T19:18:30.996+0000] {local_task_job_runner.py:120} INFO - ::group::Pre task execution logs
[2025-07-06T19:18:31.073+0000] {taskinstance.py:2076} INFO - Dependencies all met for dep_context=non-requeueable deps ti=<TaskInstance: fin_cotacoes_bcb_classic.extract scheduled__2025-01-14T00:00:00+00:00 [queued]>
[2025-07-06T19:18:31.093+0000] {taskinstance.py:2076} INFO - Dependencies all met for dep_context=requeueable deps ti=<TaskInstance: fin_cotacoes_bcb_classic.extract scheduled__2025-01-14T00:00:00+00:00 [queued]>
[2025-07-06T19:18:31.093+0000] {taskinstance.py:2306} INFO - Starting attempt 1 of 2
[2025-07-06T19:18:31.151+0000] {taskinstance.py:2330} INFO - Executing <Task(PythonOperator): extract> on 2025-01-14 00:00:00+00:00
[2025-07-06T19:18:31.177+0000] {logging_mixin.py:188} WARNING - /home/***/.local/lib/python3.12/site-packages/***/task/task_runner/standard_task_runner.py:61 DeprecationWarning: This process (pid=17332) is multi-threaded, use of fork() may lead to deadlocks in the child.
[2025-07-06T19:18:31.178+0000] {standard_task_runner.py:63} INFO - Started process 17354 to run task
[2025-07-06T19:18:31.179+0000] {standard_task_runner.py:90} INFO - Running: ['***', 'tasks', 'run', 'fin_cotacoes_bcb_classic', 'extract', 'scheduled__2025-01-14T00:00:00+00:00', '--job-id', '943', '--raw', '--subdir', 'DAGS_FOLDER/cotacoes.py', '--cfg-path', '/tmp/tmp2oynk7hs']
[2025-07-06T19:18:31.183+0000] {standard_task_runner.py:91} INFO - Job 943: Subtask extract
[2025-07-06T19:18:31.287+0000] {task_command.py:426} INFO - Running <TaskInstance: fin_cotacoes_bcb_classic.extract scheduled__2025-01-14T00:00:00+00:00 [running]> on host 20adb53d65c4
[2025-07-06T19:18:31.462+0000] {taskinstance.py:2648} INFO - Exporting env vars: AIRFLOW_CTX_DAG_OWNER='***' AIRFLOW_CTX_DAG_ID='fin_cotacoes_bcb_classic' AIRFLOW_CTX_TASK_ID='extract' AIRFLOW_CTX_EXECUTION_DATE='2025-01-14T00:00:00+00:00' AIRFLOW_CTX_TRY_NUMBER='1' AIRFLOW_CTX_DAG_RUN_ID='scheduled__2025-01-14T00:00:00+00:00'
[2025-07-06T19:18:31.463+0000] {taskinstance.py:430} INFO - ::endgroup::
[2025-07-06T19:18:31.464+0000] {cotacoes.py:37} INFO - Iniciando extração da URL: https://www4.bcb.gov.br/Download/fechamento/20250114.csv
[2025-07-06T19:18:31.799+0000] {cotacoes.py:43} INFO - Extração concluída com sucesso.
[2025-07-06T19:18:31.800+0000] {python.py:237} INFO - Done. Returned value was: 14/01/2025;005;A;AFN;0,08378000;0,08402000;72,21000000;72,41000000
14/01/2025;009;A;ETB;0,04641000;0,04826000;125,72320000;130,72320000
14/01/2025;015;A;THB;0,17450000;0,17480000;34,70000000;34,76000000
14/01/2025;020;A;PAB;6,06650000;6,06710000;1,00000000;1,00000000
14/01/2025;027;A;VES;0,11260000;0,11290000;53,74440000;53,87910000
14/01/2025;030;A;BOB;0,86660000;0,88570000;6,85000000;7,00000000
14/01/2025;035;A;GHS;0,40850000;0,40990000;14,80000000;14,85000000
14/01/2025;040;A;CRC;0,01200000;0,01215000;499,42000000;505,57000000
14/01/2025;045;A;SVC;0,69260000;0,69340000;8,74950000;8,75950000
14/01/2025;051;A;NIO;0,16400000;0,16580000;36,60000000;37,00000000
14/01/2025;055;A;DKK;0,83700000;0,83710000;7,24780000;7,24830000
14/01/2025;060;A;ISK;0,04304000;0,04316000;140,57000000;140,95000000
14/01/2025;065;A;NOK;0,53250000;0,53320000;11,37840000;11,39230000
14/01/2025;070;A;SEK;0,54220000;0,54270000;11,17940000;11,18920000
14/01/2025;075;A;CZK;0,24710000;0,24720000;24,54000000;24,54800000
14/01/2025;090;A;GMD;0,08310000;0,08421000;72,05000000;73,00000000
14/01/2025;095;A;DZD;0,04454000;0,04472000;135,65380000;136,21260000
14/01/2025;100;A;KWD;19,63900000;19,67920000;0,30830000;0,30890000
14/01/2025;105;A;BHD;16,08720000;16,09740000;0,37690000;0,37710000
14/01/2025;115;A;IQD;0,00462700;0,00463500;1309,00000000;1311,00000000
14/01/2025;125;A;JOD;8,54440000;8,54880000;0,70970000;0,71000000
14/01/2025;130;A;LYD;1,22200000;1,22770000;4,94200000;4,96430000
14/01/2025;132;A;MKD;0,10060000;0,10150000;59,77000000;60,28000000
14/01/2025;133;A;RSD;0,05322000;0,05342000;113,57000000;113,98000000
14/01/2025;134;A;SDG;0,01007000;0,01013000;598,85020000;602,19120000
14/01/2025;135;A;TND;1,88030000;1,88230000;3,22330000;3,22630000
14/01/2025;136;A;SSP;0,00148000;0,00151700;4000,00000000;4100,00000000
14/01/2025;138;B;SDR;7,85610000;7,85690000;1,29500000;1,29500000
14/01/2025;139;A;MAD;0,60200000;0,60330000;10,05710000;10,07710000
14/01/2025;145;A;AED;1,65150000;1,65190000;3,67280000;3,67330000
14/01/2025;149;A;STN;0,24980000;0,25490000;23,79790000;24,28590000
14/01/2025;150;B;AUD;3,75820000;3,75920000;0,61950000;0,61960000
14/01/2025;155;A;BSD;6,06650000;6,06710000;1,00000000;1,00000000
14/01/2025;160;A;BMD;6,06650000;6,06710000;1,00000000;1,00000000
14/01/2025;165;A;CAD;4,22580000;4,22710000;1,43530000;1,43560000
14/01/2025;170;A;GYD;0,02883000;0,02917000;207,98000000;210,45000000
14/01/2025;173;A;NAD;0,32040000;0,32070000;18,92100000;18,93400000
14/01/2025;175;A;BBD;2,97360000;3,03640000;1,99810000;2,04010000
14/01/2025;180;A;BZD;3,00740000;3,03320000;2,00020000;2,01720000
14/01/2025;185;A;BND;4,43430000;4,43660000;1,36750000;1,36810000
14/01/2025;190;A;KYD;7,26530000;7,33180000;0,82750000;0,83500000
14/01/2025;195;A;SGD;4,43390000;4,43700000;1,36740000;1,36820000
14/01/2025;197;B;CLF;232,56530000;232,58830000;38,33600000;38,33600000
14/01/2025;200;B;FJD;2,56310000;2,64590000;0,42250000;0,43610000
14/01/2025;205;A;HKD;0,77900000;0,77920000;7,78630000;7,78740000
14/01/2025;210;A;TTD;0,88870000;0,89730000;6,76140000;6,82600000
14/01/2025;215;A;XCD;2,23030000;2,25540000;2,69000000;2,72000000
14/01/2025;220;A;USD;6,06650000;6,06710000;1,00000000;1,00000000
14/01/2025;230;A;JMD;0,03859000;0,03904000;155,41000000;157,21000000
14/01/2025;235;A;LRD;0,03193000;0,03227000;188,00000000;190,00000000
14/01/2025;245;B;NZD;3,39970000;3,40060000;0,56040000;0,56050000
14/01/2025;250;B;SBD;0,67940000;0,75230000;0,11200000;0,12400000
14/01/2025;255;A;SRD;0,17070000;0,17450000;34,76000000;35,54500000
14/01/2025;260;A;VND;0,00023880;0,00023910;25380,00000000;25400,00000000
14/01/2025;275;A;AMD;0,01502000;0,01531000;396,25000000;404,00000000
14/01/2025;295;A;CVE;0,05613000;0,05665000;107,09000000;108,08000000
14/01/2025;325;A;ANG;3,33320000;3,39990000;1,78450000;1,82000000
14/01/2025;328;A;AWG;3,29700000;3,40850000;1,78000000;1,84000000
14/01/2025;345;A;HUF;0,01516000;0,01517000;399,97000000;400,20000000
14/01/2025;363;A;CDF;0,00211400;0,00214600;2827,00000000;2870,00000000
14/01/2025;365;A;BIF;0,00202200;0,00208000;2916,80000000;3000,00000000
14/01/2025;368;A;KMF;0,01260000;0,01266000;479,33000000;481,33000000
14/01/2025;370;A;XAF;0,00924800;0,00952400;637,04000000;656,01000000
14/01/2025;372;A;XOF;0,00943500;0,00954000;636,00000000;643,00000000
14/01/2025;380;A;XPF;0,05203000;0,05250000;115,57000000;116,59000000
14/01/2025;390;A;DJF;0,03398000;0,03416000;177,60000000;178,55000000
14/01/2025;398;A;GNF;0,00069850;0,00070480;8608,00000000;8685,00000000
14/01/2025;406;A;MGA;0,00129400;0,00130700;4643,25000000;4686,96000000
14/01/2025;420;A;RWF;0,00436500;0,00442000;1372,76000000;1389,76000000
14/01/2025;425;A;CHF;6,63220000;6,63650000;0,91420000;0,91470000
14/01/2025;440;A;HTG;0,04629000;0,04666000;130,02740000;131,06700000
14/01/2025;450;A;PYG;0,00076980;0,00077040;7875,19000000;7880,12000000
14/01/2025;460;A;UAH;0,14350000;0,14350000;42,27000000;42,29000000
14/01/2025;470;A;JPY;0,03840000;0,03841000;157,95000000;158,00000000
14/01/2025;482;A;GEL;2,10640000;2,15300000;2,81800000;2,88000000
14/01/2025;490;A;ALL;0,06323000;0,06386000;95,00000000;95,95000000
14/01/2025;495;A;HNL;0,23790000;0,23910000;25,37640000;25,50000000
14/01/2025;500;A;SLL;0,00026480;0,00026750;22683,00000000;22908,00000000
14/01/2025;503;A;MDL;0,32440000;0,32620000;18,59900000;18,69900000
14/01/2025;506;A;RON;1,25470000;1,25650000;4,82870000;4,83490000
14/01/2025;510;A;BGN;3,19270000;3,19370000;1,89970000;1,90010000
14/01/2025;530;B;GIP;7,36470000;7,37150000;1,21400000;1,21500000
14/01/2025;535;A;EGP;0,12010000;0,12040000;50,40000000;50,50000000
14/01/2025;540;B;GBP;7,39990000;7,40370000;1,21980000;1,22030000
14/01/2025;545;B;FKP;7,36470000;7,37150000;1,21400000;1,21500000
14/01/2025;560;A;LBP;0,00006770;0,00006780;89500,00000000;89600,00000000
14/01/2025;570;B;SHP;7,38230000;7,38910000;1,21690000;1,21790000
14/01/2025;575;A;SYP;0,00046630;0,00046670;13000,00000000;13010,00000000
14/01/2025;585;A;SZL;0,32010000;0,32070000;18,91780000;18,94980000
14/01/2025;603;A;LSL;0,32020000;0,32100000;18,90140000;18,94430000
14/01/2025;608;A;TMT;1,73100000;1,73610000;3,49470000;3,50470000
14/01/2025;622;A;MZN;0,09400000;0,09589000;63,27000000;64,54000000
14/01/2025;625;A;ERN;0,40040000;0,40450000;15,00000000;15,15000000
14/01/2025;630;A;NGN;0,00388000;0,00393100;1543,57000000;1563,57000000
14/01/2025;635;A;AOA;0,00651400;0,00665300;912,00000000;931,31500000
14/01/2025;640;A;TWD;0,18400000;0,18400000;32,97100000;32,97700000
14/01/2025;642;A;TRY;0,17090000;0,17100000;35,48690000;35,49030000
14/01/2025;660;A;PEN;1,60650000;1,60830000;3,77230000;3,77630000
14/01/2025;665;A;BTN;0,07005000;0,07010000;86,54400000;86,59900000
14/01/2025;670;A;MRO;0,01690000;0,01704000;356,00000000;359,00000000
14/01/2025;671;A;MRU;0,15280000;0,15320000;39,59000000;39,70900000
14/01/2025;680;B;TOP;2,43630000;2,58820000;0,40160000;0,42660000
14/01/2025;685;A;MOP;0,75560000;0,75650000;8,02000000;8,02900000
14/01/2025;706;A;ARS;0,00583000;0,00583400;1040,00000000;1040,50000000
14/01/2025;715;A;CLP;0,00605200;0,00605600;1001,82000000;1002,37000000
14/01/2025;720;A;COP;0,00141000;0,00141200;4297,38000000;4301,95000000
14/01/2025;721;B;COU;0,52410000;0,52420000;0,08640000;0,08640000
14/01/2025;725;A;CUP;0,25280000;0,25280000;24,00000000;24,00000000
14/01/2025;730;A;DOP;0,09845000;0,09907000;61,24000000;61,62000000
14/01/2025;735;A;PHP;0,10330000;0,10330000;58,73300000;58,75300000
14/01/2025;741;A;MXN;0,29610000;0,29630000;20,47730000;20,48780000
14/01/2025;745;A;UYU;0,13750000;0,13760000;44,08000000;44,11000000
14/01/2025;755;B;BWP;0,42890000;0,43380000;0,07070000;0,07150000
14/01/2025;760;A;MWK;0,00346600;0,00353400;1717,02000000;1750,32000000
14/01/2025;766;A;ZMW;0,21900000;0,21940000;27,65000000;27,70000000
14/01/2025;770;A;GTQ;0,78480000;0,78690000;7,71000000;7,73000000
14/01/2025;775;A;MMK;0,00288000;0,00289800;2093,70000000;2106,30000000
14/01/2025;778;B;PGK;1,46750000;1,51310000;0,24190000;0,24940000
14/01/2025;780;A;LAK;0,00027650;0,00027950;21710,00000000;21940,00000000
14/01/2025;785;A;ZAR;0,32040000;0,32050000;18,92960000;18,93510000
14/01/2025;795;A;CNY;0,82750000;0,82760000;7,33110000;7,33120000
14/01/2025;796;A;CNH;0,82590000;0,82600000;7,34490000;7,34530000
14/01/2025;800;A;QAR;1,66370000;1,66450000;3,64500000;3,64650000
14/01/2025;805;A;OMR;15,75310000;15,76280000;0,38490000;0,38510000
14/01/2025;810;A;YER;0,02436000;0,02441000;248,58000000;249,08000000
14/01/2025;815;A;IRR;0,00014440;0,00014450;42000,00000000;42005,00000000
14/01/2025;820;A;SAR;1,61610000;1,61640000;3,75350000;3,75370000
14/01/2025;825;A;KHR;0,00150000;0,00150800;4024,00000000;4044,00000000
14/01/2025;828;A;MYR;1,34510000;1,34820000;4,50000000;4,51000000
14/01/2025;830;A;RUB;0,05906000;0,05908000;102,70000000;102,72000000
14/01/2025;831;A;BYN;1,85010000;1,85760000;3,26610000;3,27910000
14/01/2025;835;A;TJS;0,55350000;0,55660000;10,90000000;10,96000000
14/01/2025;840;A;MUR;0,12860000;0,12940000;46,89000000;47,19000000
14/01/2025;845;A;NPR;0,04376000;0,04377000;138,61000000;138,62000000
14/01/2025;850;A;SCR;0,39380000;0,41410000;14,65300000;15,40330000
14/01/2025;855;A;LKR;0,02059000;0,02061000;294,40000000;294,70000000
14/01/2025;860;A;INR;0,07008000;0,07013000;86,50700000;86,56200000
14/01/2025;865;A;IDR;0,00037290;0,00037310;16260,00000000;16270,00000000
14/01/2025;870;A;MVR;0,39140000;0,39350000;15,42000000;15,50000000
14/01/2025;875;A;PKR;0,02176000;0,02178000;278,55000000;278,75000000
14/01/2025;880;A;ILS;1,67160000;1,67560000;3,62090000;3,62920000
14/01/2025;892;A;KGS;0,06934000;0,06939000;87,43590000;87,49020000
14/01/2025;893;A;UZS;0,00046750;0,00046790;12966,00000000;12976,00000000
14/01/2025;905;A;BDT;0,04973000;0,04983000;121,75000000;122,00000000
14/01/2025;912;B;WST;2,06560000;2,19930000;0,34050000;0,36250000
14/01/2025;913;A;KZT;0,01144000;0,01145000;529,95000000;530,15000000
14/01/2025;915;A;MNT;0,00176700;0,00177000;3427,00000000;3433,00000000
14/01/2025;920;A;VUV;0,04932000;0,05230000;116,00000000;123,00000000
14/01/2025;930;A;KRW;0,00415900;0,00416300;1457,50000000;1458,60000000
14/01/2025;946;A;TZS;0,00238800;0,00241700;2510,00000000;2540,00000000
14/01/2025;950;A;KES;0,04676000;0,04694000;129,25000000;129,75000000
14/01/2025;955;A;UGX;0,00163900;0,00164400;3691,00000000;3701,00000000
14/01/2025;960;A;SOS;0,01055000;0,01068000;568,00000000;575,00000000
14/01/2025;975;A;PLN;1,46310000;1,46360000;4,14520000;4,14620000
14/01/2025;978;B;EUR;6,24420000;6,24610000;1,02930000;1,02950000
14/01/2025;998;A;XAU;521,17700000;521,22850000;0,01164000;0,01164000

[2025-07-06T19:18:31.801+0000] {taskinstance.py:441} INFO - ::group::Post task execution logs
[2025-07-06T19:18:31.854+0000] {taskinstance.py:1206} INFO - Marking task as SUCCESS. dag_id=fin_cotacoes_bcb_classic, task_id=extract, run_id=scheduled__2025-01-14T00:00:00+00:00, execution_date=20250114T000000, start_date=20250706T191831, end_date=20250706T191831
[2025-07-06T19:18:31.931+0000] {local_task_job_runner.py:240} INFO - Task exited with return code 0
[2025-07-06T19:18:31.958+0000] {logging_mixin.py:188} WARNING - /home/***/.local/lib/python3.12/site-packages/***/models/baseoperator.py:1297 AirflowProviderDeprecationWarning: Call to deprecated class PostgresOperator. (Please use `***.providers.common.sql.operators.sql.SQLExecuteQueryOperator`.Also, you can provide `hook_params={'schema': <database>}`.)
[2025-07-06T19:18:31.984+0000] {taskinstance.py:3503} INFO - 1 downstream tasks scheduled from follow-on schedule check
[2025-07-06T19:18:31.992+0000] {local_task_job_runner.py:222} INFO - ::endgroup::
[2025-07-07T13:52:27.502+0000] {local_task_job_runner.py:120} INFO - ::group::Pre task execution logs
[2025-07-07T13:52:27.670+0000] {taskinstance.py:2076} INFO - Dependencies all met for dep_context=non-requeueable deps ti=<TaskInstance: fin_cotacoes_bcb_classic.extract scheduled__2025-01-14T00:00:00+00:00 [queued]>
[2025-07-07T13:52:27.699+0000] {taskinstance.py:2076} INFO - Dependencies all met for dep_context=requeueable deps ti=<TaskInstance: fin_cotacoes_bcb_classic.extract scheduled__2025-01-14T00:00:00+00:00 [queued]>
[2025-07-07T13:52:27.700+0000] {taskinstance.py:2306} INFO - Starting attempt 1 of 2
[2025-07-07T13:52:28.144+0000] {taskinstance.py:2330} INFO - Executing <Task(PythonOperator): extract> on 2025-01-14 00:00:00+00:00
[2025-07-07T13:52:28.175+0000] {logging_mixin.py:188} WARNING - /home/***/.local/lib/python3.12/site-packages/***/task/task_runner/standard_task_runner.py:61 DeprecationWarning: This process (pid=54199) is multi-threaded, use of fork() may lead to deadlocks in the child.
[2025-07-07T13:52:28.176+0000] {standard_task_runner.py:63} INFO - Started process 54283 to run task
[2025-07-07T13:52:28.178+0000] {standard_task_runner.py:90} INFO - Running: ['***', 'tasks', 'run', 'fin_cotacoes_bcb_classic', 'extract', 'scheduled__2025-01-14T00:00:00+00:00', '--job-id', '1679', '--raw', '--subdir', 'DAGS_FOLDER/cotacoes.py', '--cfg-path', '/tmp/tmphmdxkwt4']
[2025-07-07T13:52:28.182+0000] {standard_task_runner.py:91} INFO - Job 1679: Subtask extract
[2025-07-07T13:52:28.339+0000] {task_command.py:426} INFO - Running <TaskInstance: fin_cotacoes_bcb_classic.extract scheduled__2025-01-14T00:00:00+00:00 [running]> on host bc96ca91d307
[2025-07-07T13:52:28.627+0000] {taskinstance.py:2648} INFO - Exporting env vars: AIRFLOW_CTX_DAG_OWNER='***' AIRFLOW_CTX_DAG_ID='fin_cotacoes_bcb_classic' AIRFLOW_CTX_TASK_ID='extract' AIRFLOW_CTX_EXECUTION_DATE='2025-01-14T00:00:00+00:00' AIRFLOW_CTX_TRY_NUMBER='1' AIRFLOW_CTX_DAG_RUN_ID='scheduled__2025-01-14T00:00:00+00:00'
[2025-07-07T13:52:28.629+0000] {taskinstance.py:430} INFO - ::endgroup::
[2025-07-07T13:52:28.634+0000] {cotacoes.py:35} INFO - Iniciando extração da URL: https://www4.bcb.gov.br/Download/fechamento/20250114.csv
[2025-07-07T13:52:28.945+0000] {cotacoes.py:41} INFO - Extração concluída com sucesso.
[2025-07-07T13:52:28.947+0000] {python.py:237} INFO - Done. Returned value was: 14/01/2025;005;A;AFN;0,08378000;0,08402000;72,21000000;72,41000000
14/01/2025;009;A;ETB;0,04641000;0,04826000;125,72320000;130,72320000
14/01/2025;015;A;THB;0,17450000;0,17480000;34,70000000;34,76000000
14/01/2025;020;A;PAB;6,06650000;6,06710000;1,00000000;1,00000000
14/01/2025;027;A;VES;0,11260000;0,11290000;53,74440000;53,87910000
14/01/2025;030;A;BOB;0,86660000;0,88570000;6,85000000;7,00000000
14/01/2025;035;A;GHS;0,40850000;0,40990000;14,80000000;14,85000000
14/01/2025;040;A;CRC;0,01200000;0,01215000;499,42000000;505,57000000
14/01/2025;045;A;SVC;0,69260000;0,69340000;8,74950000;8,75950000
14/01/2025;051;A;NIO;0,16400000;0,16580000;36,60000000;37,00000000
14/01/2025;055;A;DKK;0,83700000;0,83710000;7,24780000;7,24830000
14/01/2025;060;A;ISK;0,04304000;0,04316000;140,57000000;140,95000000
14/01/2025;065;A;NOK;0,53250000;0,53320000;11,37840000;11,39230000
14/01/2025;070;A;SEK;0,54220000;0,54270000;11,17940000;11,18920000
14/01/2025;075;A;CZK;0,24710000;0,24720000;24,54000000;24,54800000
14/01/2025;090;A;GMD;0,08310000;0,08421000;72,05000000;73,00000000
14/01/2025;095;A;DZD;0,04454000;0,04472000;135,65380000;136,21260000
14/01/2025;100;A;KWD;19,63900000;19,67920000;0,30830000;0,30890000
14/01/2025;105;A;BHD;16,08720000;16,09740000;0,37690000;0,37710000
14/01/2025;115;A;IQD;0,00462700;0,00463500;1309,00000000;1311,00000000
14/01/2025;125;A;JOD;8,54440000;8,54880000;0,70970000;0,71000000
14/01/2025;130;A;LYD;1,22200000;1,22770000;4,94200000;4,96430000
14/01/2025;132;A;MKD;0,10060000;0,10150000;59,77000000;60,28000000
14/01/2025;133;A;RSD;0,05322000;0,05342000;113,57000000;113,98000000
14/01/2025;134;A;SDG;0,01007000;0,01013000;598,85020000;602,19120000
14/01/2025;135;A;TND;1,88030000;1,88230000;3,22330000;3,22630000
14/01/2025;136;A;SSP;0,00148000;0,00151700;4000,00000000;4100,00000000
14/01/2025;138;B;SDR;7,85610000;7,85690000;1,29500000;1,29500000
14/01/2025;139;A;MAD;0,60200000;0,60330000;10,05710000;10,07710000
14/01/2025;145;A;AED;1,65150000;1,65190000;3,67280000;3,67330000
14/01/2025;149;A;STN;0,24980000;0,25490000;23,79790000;24,28590000
14/01/2025;150;B;AUD;3,75820000;3,75920000;0,61950000;0,61960000
14/01/2025;155;A;BSD;6,06650000;6,06710000;1,00000000;1,00000000
14/01/2025;160;A;BMD;6,06650000;6,06710000;1,00000000;1,00000000
14/01/2025;165;A;CAD;4,22580000;4,22710000;1,43530000;1,43560000
14/01/2025;170;A;GYD;0,02883000;0,02917000;207,98000000;210,45000000
14/01/2025;173;A;NAD;0,32040000;0,32070000;18,92100000;18,93400000
14/01/2025;175;A;BBD;2,97360000;3,03640000;1,99810000;2,04010000
14/01/2025;180;A;BZD;3,00740000;3,03320000;2,00020000;2,01720000
14/01/2025;185;A;BND;4,43430000;4,43660000;1,36750000;1,36810000
14/01/2025;190;A;KYD;7,26530000;7,33180000;0,82750000;0,83500000
14/01/2025;195;A;SGD;4,43390000;4,43700000;1,36740000;1,36820000
14/01/2025;197;B;CLF;232,56530000;232,58830000;38,33600000;38,33600000
14/01/2025;200;B;FJD;2,56310000;2,64590000;0,42250000;0,43610000
14/01/2025;205;A;HKD;0,77900000;0,77920000;7,78630000;7,78740000
14/01/2025;210;A;TTD;0,88870000;0,89730000;6,76140000;6,82600000
14/01/2025;215;A;XCD;2,23030000;2,25540000;2,69000000;2,72000000
14/01/2025;220;A;USD;6,06650000;6,06710000;1,00000000;1,00000000
14/01/2025;230;A;JMD;0,03859000;0,03904000;155,41000000;157,21000000
14/01/2025;235;A;LRD;0,03193000;0,03227000;188,00000000;190,00000000
14/01/2025;245;B;NZD;3,39970000;3,40060000;0,56040000;0,56050000
14/01/2025;250;B;SBD;0,67940000;0,75230000;0,11200000;0,12400000
14/01/2025;255;A;SRD;0,17070000;0,17450000;34,76000000;35,54500000
14/01/2025;260;A;VND;0,00023880;0,00023910;25380,00000000;25400,00000000
14/01/2025;275;A;AMD;0,01502000;0,01531000;396,25000000;404,00000000
14/01/2025;295;A;CVE;0,05613000;0,05665000;107,09000000;108,08000000
14/01/2025;325;A;ANG;3,33320000;3,39990000;1,78450000;1,82000000
14/01/2025;328;A;AWG;3,29700000;3,40850000;1,78000000;1,84000000
14/01/2025;345;A;HUF;0,01516000;0,01517000;399,97000000;400,20000000
14/01/2025;363;A;CDF;0,00211400;0,00214600;2827,00000000;2870,00000000
14/01/2025;365;A;BIF;0,00202200;0,00208000;2916,80000000;3000,00000000
14/01/2025;368;A;KMF;0,01260000;0,01266000;479,33000000;481,33000000
14/01/2025;370;A;XAF;0,00924800;0,00952400;637,04000000;656,01000000
14/01/2025;372;A;XOF;0,00943500;0,00954000;636,00000000;643,00000000
14/01/2025;380;A;XPF;0,05203000;0,05250000;115,57000000;116,59000000
14/01/2025;390;A;DJF;0,03398000;0,03416000;177,60000000;178,55000000
14/01/2025;398;A;GNF;0,00069850;0,00070480;8608,00000000;8685,00000000
14/01/2025;406;A;MGA;0,00129400;0,00130700;4643,25000000;4686,96000000
14/01/2025;420;A;RWF;0,00436500;0,00442000;1372,76000000;1389,76000000
14/01/2025;425;A;CHF;6,63220000;6,63650000;0,91420000;0,91470000
14/01/2025;440;A;HTG;0,04629000;0,04666000;130,02740000;131,06700000
14/01/2025;450;A;PYG;0,00076980;0,00077040;7875,19000000;7880,12000000
14/01/2025;460;A;UAH;0,14350000;0,14350000;42,27000000;42,29000000
14/01/2025;470;A;JPY;0,03840000;0,03841000;157,95000000;158,00000000
14/01/2025;482;A;GEL;2,10640000;2,15300000;2,81800000;2,88000000
14/01/2025;490;A;ALL;0,06323000;0,06386000;95,00000000;95,95000000
14/01/2025;495;A;HNL;0,23790000;0,23910000;25,37640000;25,50000000
14/01/2025;500;A;SLL;0,00026480;0,00026750;22683,00000000;22908,00000000
14/01/2025;503;A;MDL;0,32440000;0,32620000;18,59900000;18,69900000
14/01/2025;506;A;RON;1,25470000;1,25650000;4,82870000;4,83490000
14/01/2025;510;A;BGN;3,19270000;3,19370000;1,89970000;1,90010000
14/01/2025;530;B;GIP;7,36470000;7,37150000;1,21400000;1,21500000
14/01/2025;535;A;EGP;0,12010000;0,12040000;50,40000000;50,50000000
14/01/2025;540;B;GBP;7,39990000;7,40370000;1,21980000;1,22030000
14/01/2025;545;B;FKP;7,36470000;7,37150000;1,21400000;1,21500000
14/01/2025;560;A;LBP;0,00006770;0,00006780;89500,00000000;89600,00000000
14/01/2025;570;B;SHP;7,38230000;7,38910000;1,21690000;1,21790000
14/01/2025;575;A;SYP;0,00046630;0,00046670;13000,00000000;13010,00000000
14/01/2025;585;A;SZL;0,32010000;0,32070000;18,91780000;18,94980000
14/01/2025;603;A;LSL;0,32020000;0,32100000;18,90140000;18,94430000
14/01/2025;608;A;TMT;1,73100000;1,73610000;3,49470000;3,50470000
14/01/2025;622;A;MZN;0,09400000;0,09589000;63,27000000;64,54000000
14/01/2025;625;A;ERN;0,40040000;0,40450000;15,00000000;15,15000000
14/01/2025;630;A;NGN;0,00388000;0,00393100;1543,57000000;1563,57000000
14/01/2025;635;A;AOA;0,00651400;0,00665300;912,00000000;931,31500000
14/01/2025;640;A;TWD;0,18400000;0,18400000;32,97100000;32,97700000
14/01/2025;642;A;TRY;0,17090000;0,17100000;35,48690000;35,49030000
14/01/2025;660;A;PEN;1,60650000;1,60830000;3,77230000;3,77630000
14/01/2025;665;A;BTN;0,07005000;0,07010000;86,54400000;86,59900000
14/01/2025;670;A;MRO;0,01690000;0,01704000;356,00000000;359,00000000
14/01/2025;671;A;MRU;0,15280000;0,15320000;39,59000000;39,70900000
14/01/2025;680;B;TOP;2,43630000;2,58820000;0,40160000;0,42660000
14/01/2025;685;A;MOP;0,75560000;0,75650000;8,02000000;8,02900000
14/01/2025;706;A;ARS;0,00583000;0,00583400;1040,00000000;1040,50000000
14/01/2025;715;A;CLP;0,00605200;0,00605600;1001,82000000;1002,37000000
14/01/2025;720;A;COP;0,00141000;0,00141200;4297,38000000;4301,95000000
14/01/2025;721;B;COU;0,52410000;0,52420000;0,08640000;0,08640000
14/01/2025;725;A;CUP;0,25280000;0,25280000;24,00000000;24,00000000
14/01/2025;730;A;DOP;0,09845000;0,09907000;61,24000000;61,62000000
14/01/2025;735;A;PHP;0,10330000;0,10330000;58,73300000;58,75300000
14/01/2025;741;A;MXN;0,29610000;0,29630000;20,47730000;20,48780000
14/01/2025;745;A;UYU;0,13750000;0,13760000;44,08000000;44,11000000
14/01/2025;755;B;BWP;0,42890000;0,43380000;0,07070000;0,07150000
14/01/2025;760;A;MWK;0,00346600;0,00353400;1717,02000000;1750,32000000
14/01/2025;766;A;ZMW;0,21900000;0,21940000;27,65000000;27,70000000
14/01/2025;770;A;GTQ;0,78480000;0,78690000;7,71000000;7,73000000
14/01/2025;775;A;MMK;0,00288000;0,00289800;2093,70000000;2106,30000000
14/01/2025;778;B;PGK;1,46750000;1,51310000;0,24190000;0,24940000
14/01/2025;780;A;LAK;0,00027650;0,00027950;21710,00000000;21940,00000000
14/01/2025;785;A;ZAR;0,32040000;0,32050000;18,92960000;18,93510000
14/01/2025;795;A;CNY;0,82750000;0,82760000;7,33110000;7,33120000
14/01/2025;796;A;CNH;0,82590000;0,82600000;7,34490000;7,34530000
14/01/2025;800;A;QAR;1,66370000;1,66450000;3,64500000;3,64650000
14/01/2025;805;A;OMR;15,75310000;15,76280000;0,38490000;0,38510000
14/01/2025;810;A;YER;0,02436000;0,02441000;248,58000000;249,08000000
14/01/2025;815;A;IRR;0,00014440;0,00014450;42000,00000000;42005,00000000
14/01/2025;820;A;SAR;1,61610000;1,61640000;3,75350000;3,75370000
14/01/2025;825;A;KHR;0,00150000;0,00150800;4024,00000000;4044,00000000
14/01/2025;828;A;MYR;1,34510000;1,34820000;4,50000000;4,51000000
14/01/2025;830;A;RUB;0,05906000;0,05908000;102,70000000;102,72000000
14/01/2025;831;A;BYN;1,85010000;1,85760000;3,26610000;3,27910000
14/01/2025;835;A;TJS;0,55350000;0,55660000;10,90000000;10,96000000
14/01/2025;840;A;MUR;0,12860000;0,12940000;46,89000000;47,19000000
14/01/2025;845;A;NPR;0,04376000;0,04377000;138,61000000;138,62000000
14/01/2025;850;A;SCR;0,39380000;0,41410000;14,65300000;15,40330000
14/01/2025;855;A;LKR;0,02059000;0,02061000;294,40000000;294,70000000
14/01/2025;860;A;INR;0,07008000;0,07013000;86,50700000;86,56200000
14/01/2025;865;A;IDR;0,00037290;0,00037310;16260,00000000;16270,00000000
14/01/2025;870;A;MVR;0,39140000;0,39350000;15,42000000;15,50000000
14/01/2025;875;A;PKR;0,02176000;0,02178000;278,55000000;278,75000000
14/01/2025;880;A;ILS;1,67160000;1,67560000;3,62090000;3,62920000
14/01/2025;892;A;KGS;0,06934000;0,06939000;87,43590000;87,49020000
14/01/2025;893;A;UZS;0,00046750;0,00046790;12966,00000000;12976,00000000
14/01/2025;905;A;BDT;0,04973000;0,04983000;121,75000000;122,00000000
14/01/2025;912;B;WST;2,06560000;2,19930000;0,34050000;0,36250000
14/01/2025;913;A;KZT;0,01144000;0,01145000;529,95000000;530,15000000
14/01/2025;915;A;MNT;0,00176700;0,00177000;3427,00000000;3433,00000000
14/01/2025;920;A;VUV;0,04932000;0,05230000;116,00000000;123,00000000
14/01/2025;930;A;KRW;0,00415900;0,00416300;1457,50000000;1458,60000000
14/01/2025;946;A;TZS;0,00238800;0,00241700;2510,00000000;2540,00000000
14/01/2025;950;A;KES;0,04676000;0,04694000;129,25000000;129,75000000
14/01/2025;955;A;UGX;0,00163900;0,00164400;3691,00000000;3701,00000000
14/01/2025;960;A;SOS;0,01055000;0,01068000;568,00000000;575,00000000
14/01/2025;975;A;PLN;1,46310000;1,46360000;4,14520000;4,14620000
14/01/2025;978;B;EUR;6,24420000;6,24610000;1,02930000;1,02950000
14/01/2025;998;A;XAU;521,17700000;521,22850000;0,01164000;0,01164000

[2025-07-07T13:52:28.954+0000] {taskinstance.py:441} INFO - ::group::Post task execution logs
[2025-07-07T13:52:29.004+0000] {taskinstance.py:1206} INFO - Marking task as SUCCESS. dag_id=fin_cotacoes_bcb_classic, task_id=extract, run_id=scheduled__2025-01-14T00:00:00+00:00, execution_date=20250114T000000, start_date=20250707T135227, end_date=20250707T135229
[2025-07-07T13:52:29.057+0000] {local_task_job_runner.py:240} INFO - Task exited with return code 0
[2025-07-07T13:52:29.080+0000] {local_task_job_runner.py:222} INFO - ::endgroup::
[2025-07-07T14:01:28.775+0000] {local_task_job_runner.py:120} INFO - ::group::Pre task execution logs
[2025-07-07T14:01:28.882+0000] {taskinstance.py:2076} INFO - Dependencies all met for dep_context=non-requeueable deps ti=<TaskInstance: fin_cotacoes_bcb_classic.extract scheduled__2025-01-14T00:00:00+00:00 [queued]>
[2025-07-07T14:01:28.891+0000] {taskinstance.py:2076} INFO - Dependencies all met for dep_context=requeueable deps ti=<TaskInstance: fin_cotacoes_bcb_classic.extract scheduled__2025-01-14T00:00:00+00:00 [queued]>
[2025-07-07T14:01:28.891+0000] {taskinstance.py:2306} INFO - Starting attempt 1 of 2
[2025-07-07T14:01:28.913+0000] {taskinstance.py:2330} INFO - Executing <Task(PythonOperator): extract> on 2025-01-14 00:00:00+00:00
[2025-07-07T14:01:28.933+0000] {standard_task_runner.py:90} INFO - Running: ['***', 'tasks', 'run', 'fin_cotacoes_bcb_classic', 'extract', 'scheduled__2025-01-14T00:00:00+00:00', '--job-id', '1773', '--raw', '--subdir', 'DAGS_FOLDER/cotacoes.py', '--cfg-path', '/tmp/tmpbi9xreqc']
[2025-07-07T14:01:28.938+0000] {standard_task_runner.py:91} INFO - Job 1773: Subtask extract
[2025-07-07T14:01:28.938+0000] {logging_mixin.py:188} WARNING - /home/***/.local/lib/python3.12/site-packages/***/task/task_runner/standard_task_runner.py:61 DeprecationWarning: This process (pid=59207) is multi-threaded, use of fork() may lead to deadlocks in the child.
[2025-07-07T14:01:28.939+0000] {standard_task_runner.py:63} INFO - Started process 59283 to run task
[2025-07-07T14:01:29.033+0000] {task_command.py:426} INFO - Running <TaskInstance: fin_cotacoes_bcb_classic.extract scheduled__2025-01-14T00:00:00+00:00 [running]> on host bc96ca91d307
[2025-07-07T14:01:29.302+0000] {taskinstance.py:2648} INFO - Exporting env vars: AIRFLOW_CTX_DAG_OWNER='***' AIRFLOW_CTX_DAG_ID='fin_cotacoes_bcb_classic' AIRFLOW_CTX_TASK_ID='extract' AIRFLOW_CTX_EXECUTION_DATE='2025-01-14T00:00:00+00:00' AIRFLOW_CTX_TRY_NUMBER='1' AIRFLOW_CTX_DAG_RUN_ID='scheduled__2025-01-14T00:00:00+00:00'
[2025-07-07T14:01:29.303+0000] {taskinstance.py:430} INFO - ::endgroup::
[2025-07-07T14:01:29.304+0000] {cotacoes.py:35} INFO - Iniciando extração da URL: https://www4.bcb.gov.br/Download/fechamento/20250114.csv
[2025-07-07T14:01:29.591+0000] {cotacoes.py:41} INFO - Extração concluída com sucesso.
[2025-07-07T14:01:29.599+0000] {python.py:237} INFO - Done. Returned value was: 14/01/2025;005;A;AFN;0,08378000;0,08402000;72,21000000;72,41000000
14/01/2025;009;A;ETB;0,04641000;0,04826000;125,72320000;130,72320000
14/01/2025;015;A;THB;0,17450000;0,17480000;34,70000000;34,76000000
14/01/2025;020;A;PAB;6,06650000;6,06710000;1,00000000;1,00000000
14/01/2025;027;A;VES;0,11260000;0,11290000;53,74440000;53,87910000
14/01/2025;030;A;BOB;0,86660000;0,88570000;6,85000000;7,00000000
14/01/2025;035;A;GHS;0,40850000;0,40990000;14,80000000;14,85000000
14/01/2025;040;A;CRC;0,01200000;0,01215000;499,42000000;505,57000000
14/01/2025;045;A;SVC;0,69260000;0,69340000;8,74950000;8,75950000
14/01/2025;051;A;NIO;0,16400000;0,16580000;36,60000000;37,00000000
14/01/2025;055;A;DKK;0,83700000;0,83710000;7,24780000;7,24830000
14/01/2025;060;A;ISK;0,04304000;0,04316000;140,57000000;140,95000000
14/01/2025;065;A;NOK;0,53250000;0,53320000;11,37840000;11,39230000
14/01/2025;070;A;SEK;0,54220000;0,54270000;11,17940000;11,18920000
14/01/2025;075;A;CZK;0,24710000;0,24720000;24,54000000;24,54800000
14/01/2025;090;A;GMD;0,08310000;0,08421000;72,05000000;73,00000000
14/01/2025;095;A;DZD;0,04454000;0,04472000;135,65380000;136,21260000
14/01/2025;100;A;KWD;19,63900000;19,67920000;0,30830000;0,30890000
14/01/2025;105;A;BHD;16,08720000;16,09740000;0,37690000;0,37710000
14/01/2025;115;A;IQD;0,00462700;0,00463500;1309,00000000;1311,00000000
14/01/2025;125;A;JOD;8,54440000;8,54880000;0,70970000;0,71000000
14/01/2025;130;A;LYD;1,22200000;1,22770000;4,94200000;4,96430000
14/01/2025;132;A;MKD;0,10060000;0,10150000;59,77000000;60,28000000
14/01/2025;133;A;RSD;0,05322000;0,05342000;113,57000000;113,98000000
14/01/2025;134;A;SDG;0,01007000;0,01013000;598,85020000;602,19120000
14/01/2025;135;A;TND;1,88030000;1,88230000;3,22330000;3,22630000
14/01/2025;136;A;SSP;0,00148000;0,00151700;4000,00000000;4100,00000000
14/01/2025;138;B;SDR;7,85610000;7,85690000;1,29500000;1,29500000
14/01/2025;139;A;MAD;0,60200000;0,60330000;10,05710000;10,07710000
14/01/2025;145;A;AED;1,65150000;1,65190000;3,67280000;3,67330000
14/01/2025;149;A;STN;0,24980000;0,25490000;23,79790000;24,28590000
14/01/2025;150;B;AUD;3,75820000;3,75920000;0,61950000;0,61960000
14/01/2025;155;A;BSD;6,06650000;6,06710000;1,00000000;1,00000000
14/01/2025;160;A;BMD;6,06650000;6,06710000;1,00000000;1,00000000
14/01/2025;165;A;CAD;4,22580000;4,22710000;1,43530000;1,43560000
14/01/2025;170;A;GYD;0,02883000;0,02917000;207,98000000;210,45000000
14/01/2025;173;A;NAD;0,32040000;0,32070000;18,92100000;18,93400000
14/01/2025;175;A;BBD;2,97360000;3,03640000;1,99810000;2,04010000
14/01/2025;180;A;BZD;3,00740000;3,03320000;2,00020000;2,01720000
14/01/2025;185;A;BND;4,43430000;4,43660000;1,36750000;1,36810000
14/01/2025;190;A;KYD;7,26530000;7,33180000;0,82750000;0,83500000
14/01/2025;195;A;SGD;4,43390000;4,43700000;1,36740000;1,36820000
14/01/2025;197;B;CLF;232,56530000;232,58830000;38,33600000;38,33600000
14/01/2025;200;B;FJD;2,56310000;2,64590000;0,42250000;0,43610000
14/01/2025;205;A;HKD;0,77900000;0,77920000;7,78630000;7,78740000
14/01/2025;210;A;TTD;0,88870000;0,89730000;6,76140000;6,82600000
14/01/2025;215;A;XCD;2,23030000;2,25540000;2,69000000;2,72000000
14/01/2025;220;A;USD;6,06650000;6,06710000;1,00000000;1,00000000
14/01/2025;230;A;JMD;0,03859000;0,03904000;155,41000000;157,21000000
14/01/2025;235;A;LRD;0,03193000;0,03227000;188,00000000;190,00000000
14/01/2025;245;B;NZD;3,39970000;3,40060000;0,56040000;0,56050000
14/01/2025;250;B;SBD;0,67940000;0,75230000;0,11200000;0,12400000
14/01/2025;255;A;SRD;0,17070000;0,17450000;34,76000000;35,54500000
14/01/2025;260;A;VND;0,00023880;0,00023910;25380,00000000;25400,00000000
14/01/2025;275;A;AMD;0,01502000;0,01531000;396,25000000;404,00000000
14/01/2025;295;A;CVE;0,05613000;0,05665000;107,09000000;108,08000000
14/01/2025;325;A;ANG;3,33320000;3,39990000;1,78450000;1,82000000
14/01/2025;328;A;AWG;3,29700000;3,40850000;1,78000000;1,84000000
14/01/2025;345;A;HUF;0,01516000;0,01517000;399,97000000;400,20000000
14/01/2025;363;A;CDF;0,00211400;0,00214600;2827,00000000;2870,00000000
14/01/2025;365;A;BIF;0,00202200;0,00208000;2916,80000000;3000,00000000
14/01/2025;368;A;KMF;0,01260000;0,01266000;479,33000000;481,33000000
14/01/2025;370;A;XAF;0,00924800;0,00952400;637,04000000;656,01000000
14/01/2025;372;A;XOF;0,00943500;0,00954000;636,00000000;643,00000000
14/01/2025;380;A;XPF;0,05203000;0,05250000;115,57000000;116,59000000
14/01/2025;390;A;DJF;0,03398000;0,03416000;177,60000000;178,55000000
14/01/2025;398;A;GNF;0,00069850;0,00070480;8608,00000000;8685,00000000
14/01/2025;406;A;MGA;0,00129400;0,00130700;4643,25000000;4686,96000000
14/01/2025;420;A;RWF;0,00436500;0,00442000;1372,76000000;1389,76000000
14/01/2025;425;A;CHF;6,63220000;6,63650000;0,91420000;0,91470000
14/01/2025;440;A;HTG;0,04629000;0,04666000;130,02740000;131,06700000
14/01/2025;450;A;PYG;0,00076980;0,00077040;7875,19000000;7880,12000000
14/01/2025;460;A;UAH;0,14350000;0,14350000;42,27000000;42,29000000
14/01/2025;470;A;JPY;0,03840000;0,03841000;157,95000000;158,00000000
14/01/2025;482;A;GEL;2,10640000;2,15300000;2,81800000;2,88000000
14/01/2025;490;A;ALL;0,06323000;0,06386000;95,00000000;95,95000000
14/01/2025;495;A;HNL;0,23790000;0,23910000;25,37640000;25,50000000
14/01/2025;500;A;SLL;0,00026480;0,00026750;22683,00000000;22908,00000000
14/01/2025;503;A;MDL;0,32440000;0,32620000;18,59900000;18,69900000
14/01/2025;506;A;RON;1,25470000;1,25650000;4,82870000;4,83490000
14/01/2025;510;A;BGN;3,19270000;3,19370000;1,89970000;1,90010000
14/01/2025;530;B;GIP;7,36470000;7,37150000;1,21400000;1,21500000
14/01/2025;535;A;EGP;0,12010000;0,12040000;50,40000000;50,50000000
14/01/2025;540;B;GBP;7,39990000;7,40370000;1,21980000;1,22030000
14/01/2025;545;B;FKP;7,36470000;7,37150000;1,21400000;1,21500000
14/01/2025;560;A;LBP;0,00006770;0,00006780;89500,00000000;89600,00000000
14/01/2025;570;B;SHP;7,38230000;7,38910000;1,21690000;1,21790000
14/01/2025;575;A;SYP;0,00046630;0,00046670;13000,00000000;13010,00000000
14/01/2025;585;A;SZL;0,32010000;0,32070000;18,91780000;18,94980000
14/01/2025;603;A;LSL;0,32020000;0,32100000;18,90140000;18,94430000
14/01/2025;608;A;TMT;1,73100000;1,73610000;3,49470000;3,50470000
14/01/2025;622;A;MZN;0,09400000;0,09589000;63,27000000;64,54000000
14/01/2025;625;A;ERN;0,40040000;0,40450000;15,00000000;15,15000000
14/01/2025;630;A;NGN;0,00388000;0,00393100;1543,57000000;1563,57000000
14/01/2025;635;A;AOA;0,00651400;0,00665300;912,00000000;931,31500000
14/01/2025;640;A;TWD;0,18400000;0,18400000;32,97100000;32,97700000
14/01/2025;642;A;TRY;0,17090000;0,17100000;35,48690000;35,49030000
14/01/2025;660;A;PEN;1,60650000;1,60830000;3,77230000;3,77630000
14/01/2025;665;A;BTN;0,07005000;0,07010000;86,54400000;86,59900000
14/01/2025;670;A;MRO;0,01690000;0,01704000;356,00000000;359,00000000
14/01/2025;671;A;MRU;0,15280000;0,15320000;39,59000000;39,70900000
14/01/2025;680;B;TOP;2,43630000;2,58820000;0,40160000;0,42660000
14/01/2025;685;A;MOP;0,75560000;0,75650000;8,02000000;8,02900000
14/01/2025;706;A;ARS;0,00583000;0,00583400;1040,00000000;1040,50000000
14/01/2025;715;A;CLP;0,00605200;0,00605600;1001,82000000;1002,37000000
14/01/2025;720;A;COP;0,00141000;0,00141200;4297,38000000;4301,95000000
14/01/2025;721;B;COU;0,52410000;0,52420000;0,08640000;0,08640000
14/01/2025;725;A;CUP;0,25280000;0,25280000;24,00000000;24,00000000
14/01/2025;730;A;DOP;0,09845000;0,09907000;61,24000000;61,62000000
14/01/2025;735;A;PHP;0,10330000;0,10330000;58,73300000;58,75300000
14/01/2025;741;A;MXN;0,29610000;0,29630000;20,47730000;20,48780000
14/01/2025;745;A;UYU;0,13750000;0,13760000;44,08000000;44,11000000
14/01/2025;755;B;BWP;0,42890000;0,43380000;0,07070000;0,07150000
14/01/2025;760;A;MWK;0,00346600;0,00353400;1717,02000000;1750,32000000
14/01/2025;766;A;ZMW;0,21900000;0,21940000;27,65000000;27,70000000
14/01/2025;770;A;GTQ;0,78480000;0,78690000;7,71000000;7,73000000
14/01/2025;775;A;MMK;0,00288000;0,00289800;2093,70000000;2106,30000000
14/01/2025;778;B;PGK;1,46750000;1,51310000;0,24190000;0,24940000
14/01/2025;780;A;LAK;0,00027650;0,00027950;21710,00000000;21940,00000000
14/01/2025;785;A;ZAR;0,32040000;0,32050000;18,92960000;18,93510000
14/01/2025;795;A;CNY;0,82750000;0,82760000;7,33110000;7,33120000
14/01/2025;796;A;CNH;0,82590000;0,82600000;7,34490000;7,34530000
14/01/2025;800;A;QAR;1,66370000;1,66450000;3,64500000;3,64650000
14/01/2025;805;A;OMR;15,75310000;15,76280000;0,38490000;0,38510000
14/01/2025;810;A;YER;0,02436000;0,02441000;248,58000000;249,08000000
14/01/2025;815;A;IRR;0,00014440;0,00014450;42000,00000000;42005,00000000
14/01/2025;820;A;SAR;1,61610000;1,61640000;3,75350000;3,75370000
14/01/2025;825;A;KHR;0,00150000;0,00150800;4024,00000000;4044,00000000
14/01/2025;828;A;MYR;1,34510000;1,34820000;4,50000000;4,51000000
14/01/2025;830;A;RUB;0,05906000;0,05908000;102,70000000;102,72000000
14/01/2025;831;A;BYN;1,85010000;1,85760000;3,26610000;3,27910000
14/01/2025;835;A;TJS;0,55350000;0,55660000;10,90000000;10,96000000
14/01/2025;840;A;MUR;0,12860000;0,12940000;46,89000000;47,19000000
14/01/2025;845;A;NPR;0,04376000;0,04377000;138,61000000;138,62000000
14/01/2025;850;A;SCR;0,39380000;0,41410000;14,65300000;15,40330000
14/01/2025;855;A;LKR;0,02059000;0,02061000;294,40000000;294,70000000
14/01/2025;860;A;INR;0,07008000;0,07013000;86,50700000;86,56200000
14/01/2025;865;A;IDR;0,00037290;0,00037310;16260,00000000;16270,00000000
14/01/2025;870;A;MVR;0,39140000;0,39350000;15,42000000;15,50000000
14/01/2025;875;A;PKR;0,02176000;0,02178000;278,55000000;278,75000000
14/01/2025;880;A;ILS;1,67160000;1,67560000;3,62090000;3,62920000
14/01/2025;892;A;KGS;0,06934000;0,06939000;87,43590000;87,49020000
14/01/2025;893;A;UZS;0,00046750;0,00046790;12966,00000000;12976,00000000
14/01/2025;905;A;BDT;0,04973000;0,04983000;121,75000000;122,00000000
14/01/2025;912;B;WST;2,06560000;2,19930000;0,34050000;0,36250000
14/01/2025;913;A;KZT;0,01144000;0,01145000;529,95000000;530,15000000
14/01/2025;915;A;MNT;0,00176700;0,00177000;3427,00000000;3433,00000000
14/01/2025;920;A;VUV;0,04932000;0,05230000;116,00000000;123,00000000
14/01/2025;930;A;KRW;0,00415900;0,00416300;1457,50000000;1458,60000000
14/01/2025;946;A;TZS;0,00238800;0,00241700;2510,00000000;2540,00000000
14/01/2025;950;A;KES;0,04676000;0,04694000;129,25000000;129,75000000
14/01/2025;955;A;UGX;0,00163900;0,00164400;3691,00000000;3701,00000000
14/01/2025;960;A;SOS;0,01055000;0,01068000;568,00000000;575,00000000
14/01/2025;975;A;PLN;1,46310000;1,46360000;4,14520000;4,14620000
14/01/2025;978;B;EUR;6,24420000;6,24610000;1,02930000;1,02950000
14/01/2025;998;A;XAU;521,17700000;521,22850000;0,01164000;0,01164000

[2025-07-07T14:01:29.610+0000] {taskinstance.py:441} INFO - ::group::Post task execution logs
[2025-07-07T14:01:29.663+0000] {taskinstance.py:1206} INFO - Marking task as SUCCESS. dag_id=fin_cotacoes_bcb_classic, task_id=extract, run_id=scheduled__2025-01-14T00:00:00+00:00, execution_date=20250114T000000, start_date=20250707T140128, end_date=20250707T140129
[2025-07-07T14:01:29.976+0000] {local_task_job_runner.py:240} INFO - Task exited with return code 0
[2025-07-07T14:01:30.081+0000] {taskinstance.py:3503} INFO - 1 downstream tasks scheduled from follow-on schedule check
[2025-07-07T14:01:30.086+0000] {local_task_job_runner.py:222} INFO - ::endgroup::
[2025-07-07T14:14:45.712+0000] {local_task_job_runner.py:120} INFO - ::group::Pre task execution logs
[2025-07-07T14:14:45.806+0000] {taskinstance.py:2076} INFO - Dependencies all met for dep_context=non-requeueable deps ti=<TaskInstance: fin_cotacoes_bcb_classic.extract scheduled__2025-01-14T00:00:00+00:00 [queued]>
[2025-07-07T14:14:45.843+0000] {taskinstance.py:2076} INFO - Dependencies all met for dep_context=requeueable deps ti=<TaskInstance: fin_cotacoes_bcb_classic.extract scheduled__2025-01-14T00:00:00+00:00 [queued]>
[2025-07-07T14:14:45.848+0000] {taskinstance.py:2306} INFO - Starting attempt 1 of 2
[2025-07-07T14:14:45.898+0000] {taskinstance.py:2330} INFO - Executing <Task(PythonOperator): extract> on 2025-01-14 00:00:00+00:00
[2025-07-07T14:14:45.933+0000] {logging_mixin.py:188} WARNING - /home/***/.local/lib/python3.12/site-packages/***/task/task_runner/standard_task_runner.py:61 DeprecationWarning: This process (pid=66699) is multi-threaded, use of fork() may lead to deadlocks in the child.
[2025-07-07T14:14:45.935+0000] {standard_task_runner.py:63} INFO - Started process 66758 to run task
[2025-07-07T14:14:45.928+0000] {standard_task_runner.py:90} INFO - Running: ['***', 'tasks', 'run', 'fin_cotacoes_bcb_classic', 'extract', 'scheduled__2025-01-14T00:00:00+00:00', '--job-id', '1916', '--raw', '--subdir', 'DAGS_FOLDER/cotacoes.py', '--cfg-path', '/tmp/tmpsf64k3jt']
[2025-07-07T14:14:45.936+0000] {standard_task_runner.py:91} INFO - Job 1916: Subtask extract
[2025-07-07T14:14:46.039+0000] {task_command.py:426} INFO - Running <TaskInstance: fin_cotacoes_bcb_classic.extract scheduled__2025-01-14T00:00:00+00:00 [running]> on host bc96ca91d307
[2025-07-07T14:14:46.238+0000] {taskinstance.py:2648} INFO - Exporting env vars: AIRFLOW_CTX_DAG_OWNER='***' AIRFLOW_CTX_DAG_ID='fin_cotacoes_bcb_classic' AIRFLOW_CTX_TASK_ID='extract' AIRFLOW_CTX_EXECUTION_DATE='2025-01-14T00:00:00+00:00' AIRFLOW_CTX_TRY_NUMBER='1' AIRFLOW_CTX_DAG_RUN_ID='scheduled__2025-01-14T00:00:00+00:00'
[2025-07-07T14:14:46.240+0000] {taskinstance.py:430} INFO - ::endgroup::
[2025-07-07T14:14:46.244+0000] {cotacoes.py:35} INFO - Iniciando extração da URL: https://www4.bcb.gov.br/Download/fechamento/20250114.csv
[2025-07-07T14:14:46.513+0000] {cotacoes.py:41} INFO - Extração concluída com sucesso.
[2025-07-07T14:14:46.518+0000] {python.py:237} INFO - Done. Returned value was: 14/01/2025;005;A;AFN;0,08378000;0,08402000;72,21000000;72,41000000
14/01/2025;009;A;ETB;0,04641000;0,04826000;125,72320000;130,72320000
14/01/2025;015;A;THB;0,17450000;0,17480000;34,70000000;34,76000000
14/01/2025;020;A;PAB;6,06650000;6,06710000;1,00000000;1,00000000
14/01/2025;027;A;VES;0,11260000;0,11290000;53,74440000;53,87910000
14/01/2025;030;A;BOB;0,86660000;0,88570000;6,85000000;7,00000000
14/01/2025;035;A;GHS;0,40850000;0,40990000;14,80000000;14,85000000
14/01/2025;040;A;CRC;0,01200000;0,01215000;499,42000000;505,57000000
14/01/2025;045;A;SVC;0,69260000;0,69340000;8,74950000;8,75950000
14/01/2025;051;A;NIO;0,16400000;0,16580000;36,60000000;37,00000000
14/01/2025;055;A;DKK;0,83700000;0,83710000;7,24780000;7,24830000
14/01/2025;060;A;ISK;0,04304000;0,04316000;140,57000000;140,95000000
14/01/2025;065;A;NOK;0,53250000;0,53320000;11,37840000;11,39230000
14/01/2025;070;A;SEK;0,54220000;0,54270000;11,17940000;11,18920000
14/01/2025;075;A;CZK;0,24710000;0,24720000;24,54000000;24,54800000
14/01/2025;090;A;GMD;0,08310000;0,08421000;72,05000000;73,00000000
14/01/2025;095;A;DZD;0,04454000;0,04472000;135,65380000;136,21260000
14/01/2025;100;A;KWD;19,63900000;19,67920000;0,30830000;0,30890000
14/01/2025;105;A;BHD;16,08720000;16,09740000;0,37690000;0,37710000
14/01/2025;115;A;IQD;0,00462700;0,00463500;1309,00000000;1311,00000000
14/01/2025;125;A;JOD;8,54440000;8,54880000;0,70970000;0,71000000
14/01/2025;130;A;LYD;1,22200000;1,22770000;4,94200000;4,96430000
14/01/2025;132;A;MKD;0,10060000;0,10150000;59,77000000;60,28000000
14/01/2025;133;A;RSD;0,05322000;0,05342000;113,57000000;113,98000000
14/01/2025;134;A;SDG;0,01007000;0,01013000;598,85020000;602,19120000
14/01/2025;135;A;TND;1,88030000;1,88230000;3,22330000;3,22630000
14/01/2025;136;A;SSP;0,00148000;0,00151700;4000,00000000;4100,00000000
14/01/2025;138;B;SDR;7,85610000;7,85690000;1,29500000;1,29500000
14/01/2025;139;A;MAD;0,60200000;0,60330000;10,05710000;10,07710000
14/01/2025;145;A;AED;1,65150000;1,65190000;3,67280000;3,67330000
14/01/2025;149;A;STN;0,24980000;0,25490000;23,79790000;24,28590000
14/01/2025;150;B;AUD;3,75820000;3,75920000;0,61950000;0,61960000
14/01/2025;155;A;BSD;6,06650000;6,06710000;1,00000000;1,00000000
14/01/2025;160;A;BMD;6,06650000;6,06710000;1,00000000;1,00000000
14/01/2025;165;A;CAD;4,22580000;4,22710000;1,43530000;1,43560000
14/01/2025;170;A;GYD;0,02883000;0,02917000;207,98000000;210,45000000
14/01/2025;173;A;NAD;0,32040000;0,32070000;18,92100000;18,93400000
14/01/2025;175;A;BBD;2,97360000;3,03640000;1,99810000;2,04010000
14/01/2025;180;A;BZD;3,00740000;3,03320000;2,00020000;2,01720000
14/01/2025;185;A;BND;4,43430000;4,43660000;1,36750000;1,36810000
14/01/2025;190;A;KYD;7,26530000;7,33180000;0,82750000;0,83500000
14/01/2025;195;A;SGD;4,43390000;4,43700000;1,36740000;1,36820000
14/01/2025;197;B;CLF;232,56530000;232,58830000;38,33600000;38,33600000
14/01/2025;200;B;FJD;2,56310000;2,64590000;0,42250000;0,43610000
14/01/2025;205;A;HKD;0,77900000;0,77920000;7,78630000;7,78740000
14/01/2025;210;A;TTD;0,88870000;0,89730000;6,76140000;6,82600000
14/01/2025;215;A;XCD;2,23030000;2,25540000;2,69000000;2,72000000
14/01/2025;220;A;USD;6,06650000;6,06710000;1,00000000;1,00000000
14/01/2025;230;A;JMD;0,03859000;0,03904000;155,41000000;157,21000000
14/01/2025;235;A;LRD;0,03193000;0,03227000;188,00000000;190,00000000
14/01/2025;245;B;NZD;3,39970000;3,40060000;0,56040000;0,56050000
14/01/2025;250;B;SBD;0,67940000;0,75230000;0,11200000;0,12400000
14/01/2025;255;A;SRD;0,17070000;0,17450000;34,76000000;35,54500000
14/01/2025;260;A;VND;0,00023880;0,00023910;25380,00000000;25400,00000000
14/01/2025;275;A;AMD;0,01502000;0,01531000;396,25000000;404,00000000
14/01/2025;295;A;CVE;0,05613000;0,05665000;107,09000000;108,08000000
14/01/2025;325;A;ANG;3,33320000;3,39990000;1,78450000;1,82000000
14/01/2025;328;A;AWG;3,29700000;3,40850000;1,78000000;1,84000000
14/01/2025;345;A;HUF;0,01516000;0,01517000;399,97000000;400,20000000
14/01/2025;363;A;CDF;0,00211400;0,00214600;2827,00000000;2870,00000000
14/01/2025;365;A;BIF;0,00202200;0,00208000;2916,80000000;3000,00000000
14/01/2025;368;A;KMF;0,01260000;0,01266000;479,33000000;481,33000000
14/01/2025;370;A;XAF;0,00924800;0,00952400;637,04000000;656,01000000
14/01/2025;372;A;XOF;0,00943500;0,00954000;636,00000000;643,00000000
14/01/2025;380;A;XPF;0,05203000;0,05250000;115,57000000;116,59000000
14/01/2025;390;A;DJF;0,03398000;0,03416000;177,60000000;178,55000000
14/01/2025;398;A;GNF;0,00069850;0,00070480;8608,00000000;8685,00000000
14/01/2025;406;A;MGA;0,00129400;0,00130700;4643,25000000;4686,96000000
14/01/2025;420;A;RWF;0,00436500;0,00442000;1372,76000000;1389,76000000
14/01/2025;425;A;CHF;6,63220000;6,63650000;0,91420000;0,91470000
14/01/2025;440;A;HTG;0,04629000;0,04666000;130,02740000;131,06700000
14/01/2025;450;A;PYG;0,00076980;0,00077040;7875,19000000;7880,12000000
14/01/2025;460;A;UAH;0,14350000;0,14350000;42,27000000;42,29000000
14/01/2025;470;A;JPY;0,03840000;0,03841000;157,95000000;158,00000000
14/01/2025;482;A;GEL;2,10640000;2,15300000;2,81800000;2,88000000
14/01/2025;490;A;ALL;0,06323000;0,06386000;95,00000000;95,95000000
14/01/2025;495;A;HNL;0,23790000;0,23910000;25,37640000;25,50000000
14/01/2025;500;A;SLL;0,00026480;0,00026750;22683,00000000;22908,00000000
14/01/2025;503;A;MDL;0,32440000;0,32620000;18,59900000;18,69900000
14/01/2025;506;A;RON;1,25470000;1,25650000;4,82870000;4,83490000
14/01/2025;510;A;BGN;3,19270000;3,19370000;1,89970000;1,90010000
14/01/2025;530;B;GIP;7,36470000;7,37150000;1,21400000;1,21500000
14/01/2025;535;A;EGP;0,12010000;0,12040000;50,40000000;50,50000000
14/01/2025;540;B;GBP;7,39990000;7,40370000;1,21980000;1,22030000
14/01/2025;545;B;FKP;7,36470000;7,37150000;1,21400000;1,21500000
14/01/2025;560;A;LBP;0,00006770;0,00006780;89500,00000000;89600,00000000
14/01/2025;570;B;SHP;7,38230000;7,38910000;1,21690000;1,21790000
14/01/2025;575;A;SYP;0,00046630;0,00046670;13000,00000000;13010,00000000
14/01/2025;585;A;SZL;0,32010000;0,32070000;18,91780000;18,94980000
14/01/2025;603;A;LSL;0,32020000;0,32100000;18,90140000;18,94430000
14/01/2025;608;A;TMT;1,73100000;1,73610000;3,49470000;3,50470000
14/01/2025;622;A;MZN;0,09400000;0,09589000;63,27000000;64,54000000
14/01/2025;625;A;ERN;0,40040000;0,40450000;15,00000000;15,15000000
14/01/2025;630;A;NGN;0,00388000;0,00393100;1543,57000000;1563,57000000
14/01/2025;635;A;AOA;0,00651400;0,00665300;912,00000000;931,31500000
14/01/2025;640;A;TWD;0,18400000;0,18400000;32,97100000;32,97700000
14/01/2025;642;A;TRY;0,17090000;0,17100000;35,48690000;35,49030000
14/01/2025;660;A;PEN;1,60650000;1,60830000;3,77230000;3,77630000
14/01/2025;665;A;BTN;0,07005000;0,07010000;86,54400000;86,59900000
14/01/2025;670;A;MRO;0,01690000;0,01704000;356,00000000;359,00000000
14/01/2025;671;A;MRU;0,15280000;0,15320000;39,59000000;39,70900000
14/01/2025;680;B;TOP;2,43630000;2,58820000;0,40160000;0,42660000
14/01/2025;685;A;MOP;0,75560000;0,75650000;8,02000000;8,02900000
14/01/2025;706;A;ARS;0,00583000;0,00583400;1040,00000000;1040,50000000
14/01/2025;715;A;CLP;0,00605200;0,00605600;1001,82000000;1002,37000000
14/01/2025;720;A;COP;0,00141000;0,00141200;4297,38000000;4301,95000000
14/01/2025;721;B;COU;0,52410000;0,52420000;0,08640000;0,08640000
14/01/2025;725;A;CUP;0,25280000;0,25280000;24,00000000;24,00000000
14/01/2025;730;A;DOP;0,09845000;0,09907000;61,24000000;61,62000000
14/01/2025;735;A;PHP;0,10330000;0,10330000;58,73300000;58,75300000
14/01/2025;741;A;MXN;0,29610000;0,29630000;20,47730000;20,48780000
14/01/2025;745;A;UYU;0,13750000;0,13760000;44,08000000;44,11000000
14/01/2025;755;B;BWP;0,42890000;0,43380000;0,07070000;0,07150000
14/01/2025;760;A;MWK;0,00346600;0,00353400;1717,02000000;1750,32000000
14/01/2025;766;A;ZMW;0,21900000;0,21940000;27,65000000;27,70000000
14/01/2025;770;A;GTQ;0,78480000;0,78690000;7,71000000;7,73000000
14/01/2025;775;A;MMK;0,00288000;0,00289800;2093,70000000;2106,30000000
14/01/2025;778;B;PGK;1,46750000;1,51310000;0,24190000;0,24940000
14/01/2025;780;A;LAK;0,00027650;0,00027950;21710,00000000;21940,00000000
14/01/2025;785;A;ZAR;0,32040000;0,32050000;18,92960000;18,93510000
14/01/2025;795;A;CNY;0,82750000;0,82760000;7,33110000;7,33120000
14/01/2025;796;A;CNH;0,82590000;0,82600000;7,34490000;7,34530000
14/01/2025;800;A;QAR;1,66370000;1,66450000;3,64500000;3,64650000
14/01/2025;805;A;OMR;15,75310000;15,76280000;0,38490000;0,38510000
14/01/2025;810;A;YER;0,02436000;0,02441000;248,58000000;249,08000000
14/01/2025;815;A;IRR;0,00014440;0,00014450;42000,00000000;42005,00000000
14/01/2025;820;A;SAR;1,61610000;1,61640000;3,75350000;3,75370000
14/01/2025;825;A;KHR;0,00150000;0,00150800;4024,00000000;4044,00000000
14/01/2025;828;A;MYR;1,34510000;1,34820000;4,50000000;4,51000000
14/01/2025;830;A;RUB;0,05906000;0,05908000;102,70000000;102,72000000
14/01/2025;831;A;BYN;1,85010000;1,85760000;3,26610000;3,27910000
14/01/2025;835;A;TJS;0,55350000;0,55660000;10,90000000;10,96000000
14/01/2025;840;A;MUR;0,12860000;0,12940000;46,89000000;47,19000000
14/01/2025;845;A;NPR;0,04376000;0,04377000;138,61000000;138,62000000
14/01/2025;850;A;SCR;0,39380000;0,41410000;14,65300000;15,40330000
14/01/2025;855;A;LKR;0,02059000;0,02061000;294,40000000;294,70000000
14/01/2025;860;A;INR;0,07008000;0,07013000;86,50700000;86,56200000
14/01/2025;865;A;IDR;0,00037290;0,00037310;16260,00000000;16270,00000000
14/01/2025;870;A;MVR;0,39140000;0,39350000;15,42000000;15,50000000
14/01/2025;875;A;PKR;0,02176000;0,02178000;278,55000000;278,75000000
14/01/2025;880;A;ILS;1,67160000;1,67560000;3,62090000;3,62920000
14/01/2025;892;A;KGS;0,06934000;0,06939000;87,43590000;87,49020000
14/01/2025;893;A;UZS;0,00046750;0,00046790;12966,00000000;12976,00000000
14/01/2025;905;A;BDT;0,04973000;0,04983000;121,75000000;122,00000000
14/01/2025;912;B;WST;2,06560000;2,19930000;0,34050000;0,36250000
14/01/2025;913;A;KZT;0,01144000;0,01145000;529,95000000;530,15000000
14/01/2025;915;A;MNT;0,00176700;0,00177000;3427,00000000;3433,00000000
14/01/2025;920;A;VUV;0,04932000;0,05230000;116,00000000;123,00000000
14/01/2025;930;A;KRW;0,00415900;0,00416300;1457,50000000;1458,60000000
14/01/2025;946;A;TZS;0,00238800;0,00241700;2510,00000000;2540,00000000
14/01/2025;950;A;KES;0,04676000;0,04694000;129,25000000;129,75000000
14/01/2025;955;A;UGX;0,00163900;0,00164400;3691,00000000;3701,00000000
14/01/2025;960;A;SOS;0,01055000;0,01068000;568,00000000;575,00000000
14/01/2025;975;A;PLN;1,46310000;1,46360000;4,14520000;4,14620000
14/01/2025;978;B;EUR;6,24420000;6,24610000;1,02930000;1,02950000
14/01/2025;998;A;XAU;521,17700000;521,22850000;0,01164000;0,01164000

[2025-07-07T14:14:46.519+0000] {taskinstance.py:441} INFO - ::group::Post task execution logs
[2025-07-07T14:14:46.570+0000] {taskinstance.py:1206} INFO - Marking task as SUCCESS. dag_id=fin_cotacoes_bcb_classic, task_id=extract, run_id=scheduled__2025-01-14T00:00:00+00:00, execution_date=20250114T000000, start_date=20250707T141445, end_date=20250707T141446
[2025-07-07T14:14:46.773+0000] {local_task_job_runner.py:240} INFO - Task exited with return code 0
[2025-07-07T14:14:46.866+0000] {taskinstance.py:3503} INFO - 1 downstream tasks scheduled from follow-on schedule check
[2025-07-07T14:14:46.869+0000] {local_task_job_runner.py:222} INFO - ::endgroup::
[2025-07-07T14:32:48.975+0000] {local_task_job_runner.py:120} INFO - ::group::Pre task execution logs
[2025-07-07T14:32:49.072+0000] {taskinstance.py:2076} INFO - Dependencies all met for dep_context=non-requeueable deps ti=<TaskInstance: fin_cotacoes_bcb_classic.extract scheduled__2025-01-14T00:00:00+00:00 [queued]>
[2025-07-07T14:32:49.086+0000] {taskinstance.py:2076} INFO - Dependencies all met for dep_context=requeueable deps ti=<TaskInstance: fin_cotacoes_bcb_classic.extract scheduled__2025-01-14T00:00:00+00:00 [queued]>
[2025-07-07T14:32:49.086+0000] {taskinstance.py:2306} INFO - Starting attempt 1 of 2
[2025-07-07T14:32:49.410+0000] {taskinstance.py:2330} INFO - Executing <Task(PythonOperator): extract> on 2025-01-14 00:00:00+00:00
[2025-07-07T14:32:49.442+0000] {logging_mixin.py:188} WARNING - /home/***/.local/lib/python3.12/site-packages/***/task/task_runner/standard_task_runner.py:61 DeprecationWarning: This process (pid=77064) is multi-threaded, use of fork() may lead to deadlocks in the child.
[2025-07-07T14:32:49.443+0000] {standard_task_runner.py:63} INFO - Started process 77111 to run task
[2025-07-07T14:32:49.461+0000] {standard_task_runner.py:90} INFO - Running: ['***', 'tasks', 'run', 'fin_cotacoes_bcb_classic', 'extract', 'scheduled__2025-01-14T00:00:00+00:00', '--job-id', '2211', '--raw', '--subdir', 'DAGS_FOLDER/cotacoes.py', '--cfg-path', '/tmp/tmp6ogtxxpi']
[2025-07-07T14:32:49.477+0000] {standard_task_runner.py:91} INFO - Job 2211: Subtask extract
[2025-07-07T14:32:49.602+0000] {task_command.py:426} INFO - Running <TaskInstance: fin_cotacoes_bcb_classic.extract scheduled__2025-01-14T00:00:00+00:00 [running]> on host bc96ca91d307
[2025-07-07T14:32:49.942+0000] {taskinstance.py:2648} INFO - Exporting env vars: AIRFLOW_CTX_DAG_OWNER='***' AIRFLOW_CTX_DAG_ID='fin_cotacoes_bcb_classic' AIRFLOW_CTX_TASK_ID='extract' AIRFLOW_CTX_EXECUTION_DATE='2025-01-14T00:00:00+00:00' AIRFLOW_CTX_TRY_NUMBER='1' AIRFLOW_CTX_DAG_RUN_ID='scheduled__2025-01-14T00:00:00+00:00'
[2025-07-07T14:32:49.943+0000] {taskinstance.py:430} INFO - ::endgroup::
[2025-07-07T14:32:49.944+0000] {cotacoes.py:35} INFO - Iniciando extração da URL: https://www4.bcb.gov.br/Download/fechamento/20250114.csv
[2025-07-07T14:32:50.224+0000] {cotacoes.py:41} INFO - Extração concluída com sucesso.
[2025-07-07T14:32:50.229+0000] {python.py:237} INFO - Done. Returned value was: 14/01/2025;005;A;AFN;0,08378000;0,08402000;72,21000000;72,41000000
14/01/2025;009;A;ETB;0,04641000;0,04826000;125,72320000;130,72320000
14/01/2025;015;A;THB;0,17450000;0,17480000;34,70000000;34,76000000
14/01/2025;020;A;PAB;6,06650000;6,06710000;1,00000000;1,00000000
14/01/2025;027;A;VES;0,11260000;0,11290000;53,74440000;53,87910000
14/01/2025;030;A;BOB;0,86660000;0,88570000;6,85000000;7,00000000
14/01/2025;035;A;GHS;0,40850000;0,40990000;14,80000000;14,85000000
14/01/2025;040;A;CRC;0,01200000;0,01215000;499,42000000;505,57000000
14/01/2025;045;A;SVC;0,69260000;0,69340000;8,74950000;8,75950000
14/01/2025;051;A;NIO;0,16400000;0,16580000;36,60000000;37,00000000
14/01/2025;055;A;DKK;0,83700000;0,83710000;7,24780000;7,24830000
14/01/2025;060;A;ISK;0,04304000;0,04316000;140,57000000;140,95000000
14/01/2025;065;A;NOK;0,53250000;0,53320000;11,37840000;11,39230000
14/01/2025;070;A;SEK;0,54220000;0,54270000;11,17940000;11,18920000
14/01/2025;075;A;CZK;0,24710000;0,24720000;24,54000000;24,54800000
14/01/2025;090;A;GMD;0,08310000;0,08421000;72,05000000;73,00000000
14/01/2025;095;A;DZD;0,04454000;0,04472000;135,65380000;136,21260000
14/01/2025;100;A;KWD;19,63900000;19,67920000;0,30830000;0,30890000
14/01/2025;105;A;BHD;16,08720000;16,09740000;0,37690000;0,37710000
14/01/2025;115;A;IQD;0,00462700;0,00463500;1309,00000000;1311,00000000
14/01/2025;125;A;JOD;8,54440000;8,54880000;0,70970000;0,71000000
14/01/2025;130;A;LYD;1,22200000;1,22770000;4,94200000;4,96430000
14/01/2025;132;A;MKD;0,10060000;0,10150000;59,77000000;60,28000000
14/01/2025;133;A;RSD;0,05322000;0,05342000;113,57000000;113,98000000
14/01/2025;134;A;SDG;0,01007000;0,01013000;598,85020000;602,19120000
14/01/2025;135;A;TND;1,88030000;1,88230000;3,22330000;3,22630000
14/01/2025;136;A;SSP;0,00148000;0,00151700;4000,00000000;4100,00000000
14/01/2025;138;B;SDR;7,85610000;7,85690000;1,29500000;1,29500000
14/01/2025;139;A;MAD;0,60200000;0,60330000;10,05710000;10,07710000
14/01/2025;145;A;AED;1,65150000;1,65190000;3,67280000;3,67330000
14/01/2025;149;A;STN;0,24980000;0,25490000;23,79790000;24,28590000
14/01/2025;150;B;AUD;3,75820000;3,75920000;0,61950000;0,61960000
14/01/2025;155;A;BSD;6,06650000;6,06710000;1,00000000;1,00000000
14/01/2025;160;A;BMD;6,06650000;6,06710000;1,00000000;1,00000000
14/01/2025;165;A;CAD;4,22580000;4,22710000;1,43530000;1,43560000
14/01/2025;170;A;GYD;0,02883000;0,02917000;207,98000000;210,45000000
14/01/2025;173;A;NAD;0,32040000;0,32070000;18,92100000;18,93400000
14/01/2025;175;A;BBD;2,97360000;3,03640000;1,99810000;2,04010000
14/01/2025;180;A;BZD;3,00740000;3,03320000;2,00020000;2,01720000
14/01/2025;185;A;BND;4,43430000;4,43660000;1,36750000;1,36810000
14/01/2025;190;A;KYD;7,26530000;7,33180000;0,82750000;0,83500000
14/01/2025;195;A;SGD;4,43390000;4,43700000;1,36740000;1,36820000
14/01/2025;197;B;CLF;232,56530000;232,58830000;38,33600000;38,33600000
14/01/2025;200;B;FJD;2,56310000;2,64590000;0,42250000;0,43610000
14/01/2025;205;A;HKD;0,77900000;0,77920000;7,78630000;7,78740000
14/01/2025;210;A;TTD;0,88870000;0,89730000;6,76140000;6,82600000
14/01/2025;215;A;XCD;2,23030000;2,25540000;2,69000000;2,72000000
14/01/2025;220;A;USD;6,06650000;6,06710000;1,00000000;1,00000000
14/01/2025;230;A;JMD;0,03859000;0,03904000;155,41000000;157,21000000
14/01/2025;235;A;LRD;0,03193000;0,03227000;188,00000000;190,00000000
14/01/2025;245;B;NZD;3,39970000;3,40060000;0,56040000;0,56050000
14/01/2025;250;B;SBD;0,67940000;0,75230000;0,11200000;0,12400000
14/01/2025;255;A;SRD;0,17070000;0,17450000;34,76000000;35,54500000
14/01/2025;260;A;VND;0,00023880;0,00023910;25380,00000000;25400,00000000
14/01/2025;275;A;AMD;0,01502000;0,01531000;396,25000000;404,00000000
14/01/2025;295;A;CVE;0,05613000;0,05665000;107,09000000;108,08000000
14/01/2025;325;A;ANG;3,33320000;3,39990000;1,78450000;1,82000000
14/01/2025;328;A;AWG;3,29700000;3,40850000;1,78000000;1,84000000
14/01/2025;345;A;HUF;0,01516000;0,01517000;399,97000000;400,20000000
14/01/2025;363;A;CDF;0,00211400;0,00214600;2827,00000000;2870,00000000
14/01/2025;365;A;BIF;0,00202200;0,00208000;2916,80000000;3000,00000000
14/01/2025;368;A;KMF;0,01260000;0,01266000;479,33000000;481,33000000
14/01/2025;370;A;XAF;0,00924800;0,00952400;637,04000000;656,01000000
14/01/2025;372;A;XOF;0,00943500;0,00954000;636,00000000;643,00000000
14/01/2025;380;A;XPF;0,05203000;0,05250000;115,57000000;116,59000000
14/01/2025;390;A;DJF;0,03398000;0,03416000;177,60000000;178,55000000
14/01/2025;398;A;GNF;0,00069850;0,00070480;8608,00000000;8685,00000000
14/01/2025;406;A;MGA;0,00129400;0,00130700;4643,25000000;4686,96000000
14/01/2025;420;A;RWF;0,00436500;0,00442000;1372,76000000;1389,76000000
14/01/2025;425;A;CHF;6,63220000;6,63650000;0,91420000;0,91470000
14/01/2025;440;A;HTG;0,04629000;0,04666000;130,02740000;131,06700000
14/01/2025;450;A;PYG;0,00076980;0,00077040;7875,19000000;7880,12000000
14/01/2025;460;A;UAH;0,14350000;0,14350000;42,27000000;42,29000000
14/01/2025;470;A;JPY;0,03840000;0,03841000;157,95000000;158,00000000
14/01/2025;482;A;GEL;2,10640000;2,15300000;2,81800000;2,88000000
14/01/2025;490;A;ALL;0,06323000;0,06386000;95,00000000;95,95000000
14/01/2025;495;A;HNL;0,23790000;0,23910000;25,37640000;25,50000000
14/01/2025;500;A;SLL;0,00026480;0,00026750;22683,00000000;22908,00000000
14/01/2025;503;A;MDL;0,32440000;0,32620000;18,59900000;18,69900000
14/01/2025;506;A;RON;1,25470000;1,25650000;4,82870000;4,83490000
14/01/2025;510;A;BGN;3,19270000;3,19370000;1,89970000;1,90010000
14/01/2025;530;B;GIP;7,36470000;7,37150000;1,21400000;1,21500000
14/01/2025;535;A;EGP;0,12010000;0,12040000;50,40000000;50,50000000
14/01/2025;540;B;GBP;7,39990000;7,40370000;1,21980000;1,22030000
14/01/2025;545;B;FKP;7,36470000;7,37150000;1,21400000;1,21500000
14/01/2025;560;A;LBP;0,00006770;0,00006780;89500,00000000;89600,00000000
14/01/2025;570;B;SHP;7,38230000;7,38910000;1,21690000;1,21790000
14/01/2025;575;A;SYP;0,00046630;0,00046670;13000,00000000;13010,00000000
14/01/2025;585;A;SZL;0,32010000;0,32070000;18,91780000;18,94980000
14/01/2025;603;A;LSL;0,32020000;0,32100000;18,90140000;18,94430000
14/01/2025;608;A;TMT;1,73100000;1,73610000;3,49470000;3,50470000
14/01/2025;622;A;MZN;0,09400000;0,09589000;63,27000000;64,54000000
14/01/2025;625;A;ERN;0,40040000;0,40450000;15,00000000;15,15000000
14/01/2025;630;A;NGN;0,00388000;0,00393100;1543,57000000;1563,57000000
14/01/2025;635;A;AOA;0,00651400;0,00665300;912,00000000;931,31500000
14/01/2025;640;A;TWD;0,18400000;0,18400000;32,97100000;32,97700000
14/01/2025;642;A;TRY;0,17090000;0,17100000;35,48690000;35,49030000
14/01/2025;660;A;PEN;1,60650000;1,60830000;3,77230000;3,77630000
14/01/2025;665;A;BTN;0,07005000;0,07010000;86,54400000;86,59900000
14/01/2025;670;A;MRO;0,01690000;0,01704000;356,00000000;359,00000000
14/01/2025;671;A;MRU;0,15280000;0,15320000;39,59000000;39,70900000
14/01/2025;680;B;TOP;2,43630000;2,58820000;0,40160000;0,42660000
14/01/2025;685;A;MOP;0,75560000;0,75650000;8,02000000;8,02900000
14/01/2025;706;A;ARS;0,00583000;0,00583400;1040,00000000;1040,50000000
14/01/2025;715;A;CLP;0,00605200;0,00605600;1001,82000000;1002,37000000
14/01/2025;720;A;COP;0,00141000;0,00141200;4297,38000000;4301,95000000
14/01/2025;721;B;COU;0,52410000;0,52420000;0,08640000;0,08640000
14/01/2025;725;A;CUP;0,25280000;0,25280000;24,00000000;24,00000000
14/01/2025;730;A;DOP;0,09845000;0,09907000;61,24000000;61,62000000
14/01/2025;735;A;PHP;0,10330000;0,10330000;58,73300000;58,75300000
14/01/2025;741;A;MXN;0,29610000;0,29630000;20,47730000;20,48780000
14/01/2025;745;A;UYU;0,13750000;0,13760000;44,08000000;44,11000000
14/01/2025;755;B;BWP;0,42890000;0,43380000;0,07070000;0,07150000
14/01/2025;760;A;MWK;0,00346600;0,00353400;1717,02000000;1750,32000000
14/01/2025;766;A;ZMW;0,21900000;0,21940000;27,65000000;27,70000000
14/01/2025;770;A;GTQ;0,78480000;0,78690000;7,71000000;7,73000000
14/01/2025;775;A;MMK;0,00288000;0,00289800;2093,70000000;2106,30000000
14/01/2025;778;B;PGK;1,46750000;1,51310000;0,24190000;0,24940000
14/01/2025;780;A;LAK;0,00027650;0,00027950;21710,00000000;21940,00000000
14/01/2025;785;A;ZAR;0,32040000;0,32050000;18,92960000;18,93510000
14/01/2025;795;A;CNY;0,82750000;0,82760000;7,33110000;7,33120000
14/01/2025;796;A;CNH;0,82590000;0,82600000;7,34490000;7,34530000
14/01/2025;800;A;QAR;1,66370000;1,66450000;3,64500000;3,64650000
14/01/2025;805;A;OMR;15,75310000;15,76280000;0,38490000;0,38510000
14/01/2025;810;A;YER;0,02436000;0,02441000;248,58000000;249,08000000
14/01/2025;815;A;IRR;0,00014440;0,00014450;42000,00000000;42005,00000000
14/01/2025;820;A;SAR;1,61610000;1,61640000;3,75350000;3,75370000
14/01/2025;825;A;KHR;0,00150000;0,00150800;4024,00000000;4044,00000000
14/01/2025;828;A;MYR;1,34510000;1,34820000;4,50000000;4,51000000
14/01/2025;830;A;RUB;0,05906000;0,05908000;102,70000000;102,72000000
14/01/2025;831;A;BYN;1,85010000;1,85760000;3,26610000;3,27910000
14/01/2025;835;A;TJS;0,55350000;0,55660000;10,90000000;10,96000000
14/01/2025;840;A;MUR;0,12860000;0,12940000;46,89000000;47,19000000
14/01/2025;845;A;NPR;0,04376000;0,04377000;138,61000000;138,62000000
14/01/2025;850;A;SCR;0,39380000;0,41410000;14,65300000;15,40330000
14/01/2025;855;A;LKR;0,02059000;0,02061000;294,40000000;294,70000000
14/01/2025;860;A;INR;0,07008000;0,07013000;86,50700000;86,56200000
14/01/2025;865;A;IDR;0,00037290;0,00037310;16260,00000000;16270,00000000
14/01/2025;870;A;MVR;0,39140000;0,39350000;15,42000000;15,50000000
14/01/2025;875;A;PKR;0,02176000;0,02178000;278,55000000;278,75000000
14/01/2025;880;A;ILS;1,67160000;1,67560000;3,62090000;3,62920000
14/01/2025;892;A;KGS;0,06934000;0,06939000;87,43590000;87,49020000
14/01/2025;893;A;UZS;0,00046750;0,00046790;12966,00000000;12976,00000000
14/01/2025;905;A;BDT;0,04973000;0,04983000;121,75000000;122,00000000
14/01/2025;912;B;WST;2,06560000;2,19930000;0,34050000;0,36250000
14/01/2025;913;A;KZT;0,01144000;0,01145000;529,95000000;530,15000000
14/01/2025;915;A;MNT;0,00176700;0,00177000;3427,00000000;3433,00000000
14/01/2025;920;A;VUV;0,04932000;0,05230000;116,00000000;123,00000000
14/01/2025;930;A;KRW;0,00415900;0,00416300;1457,50000000;1458,60000000
14/01/2025;946;A;TZS;0,00238800;0,00241700;2510,00000000;2540,00000000
14/01/2025;950;A;KES;0,04676000;0,04694000;129,25000000;129,75000000
14/01/2025;955;A;UGX;0,00163900;0,00164400;3691,00000000;3701,00000000
14/01/2025;960;A;SOS;0,01055000;0,01068000;568,00000000;575,00000000
14/01/2025;975;A;PLN;1,46310000;1,46360000;4,14520000;4,14620000
14/01/2025;978;B;EUR;6,24420000;6,24610000;1,02930000;1,02950000
14/01/2025;998;A;XAU;521,17700000;521,22850000;0,01164000;0,01164000

[2025-07-07T14:32:50.238+0000] {taskinstance.py:441} INFO - ::group::Post task execution logs
[2025-07-07T14:32:50.310+0000] {taskinstance.py:1206} INFO - Marking task as SUCCESS. dag_id=fin_cotacoes_bcb_classic, task_id=extract, run_id=scheduled__2025-01-14T00:00:00+00:00, execution_date=20250114T000000, start_date=20250707T143249, end_date=20250707T143250
[2025-07-07T14:32:50.799+0000] {local_task_job_runner.py:240} INFO - Task exited with return code 0
[2025-07-07T14:32:50.890+0000] {taskinstance.py:3503} INFO - 0 downstream tasks scheduled from follow-on schedule check
[2025-07-07T14:32:50.907+0000] {local_task_job_runner.py:222} INFO - ::endgroup::
[2025-07-07T15:10:16.765+0000] {local_task_job_runner.py:120} INFO - ::group::Pre task execution logs
[2025-07-07T15:10:16.874+0000] {taskinstance.py:2076} INFO - Dependencies all met for dep_context=non-requeueable deps ti=<TaskInstance: fin_cotacoes_bcb_classic.extract scheduled__2025-01-14T00:00:00+00:00 [queued]>
[2025-07-07T15:10:16.912+0000] {taskinstance.py:2076} INFO - Dependencies all met for dep_context=requeueable deps ti=<TaskInstance: fin_cotacoes_bcb_classic.extract scheduled__2025-01-14T00:00:00+00:00 [queued]>
[2025-07-07T15:10:16.913+0000] {taskinstance.py:2306} INFO - Starting attempt 1 of 2
[2025-07-07T15:10:16.977+0000] {taskinstance.py:2330} INFO - Executing <Task(PythonOperator): extract> on 2025-01-14 00:00:00+00:00
[2025-07-07T15:10:17.036+0000] {standard_task_runner.py:90} INFO - Running: ['***', 'tasks', 'run', 'fin_cotacoes_bcb_classic', 'extract', 'scheduled__2025-01-14T00:00:00+00:00', '--job-id', '3898', '--raw', '--subdir', 'DAGS_FOLDER/cotacoes.py', '--cfg-path', '/tmp/tmpm_8v1ufc']
[2025-07-07T15:10:17.038+0000] {standard_task_runner.py:91} INFO - Job 3898: Subtask extract
[2025-07-07T15:10:17.030+0000] {logging_mixin.py:188} WARNING - /home/***/.local/lib/python3.12/site-packages/***/task/task_runner/standard_task_runner.py:61 DeprecationWarning: This process (pid=101833) is multi-threaded, use of fork() may lead to deadlocks in the child.
[2025-07-07T15:10:17.041+0000] {standard_task_runner.py:63} INFO - Started process 101877 to run task
[2025-07-07T15:10:17.179+0000] {task_command.py:426} INFO - Running <TaskInstance: fin_cotacoes_bcb_classic.extract scheduled__2025-01-14T00:00:00+00:00 [running]> on host bc96ca91d307
[2025-07-07T15:10:17.430+0000] {taskinstance.py:2648} INFO - Exporting env vars: AIRFLOW_CTX_DAG_OWNER='***' AIRFLOW_CTX_DAG_ID='fin_cotacoes_bcb_classic' AIRFLOW_CTX_TASK_ID='extract' AIRFLOW_CTX_EXECUTION_DATE='2025-01-14T00:00:00+00:00' AIRFLOW_CTX_TRY_NUMBER='1' AIRFLOW_CTX_DAG_RUN_ID='scheduled__2025-01-14T00:00:00+00:00'
[2025-07-07T15:10:17.432+0000] {taskinstance.py:430} INFO - ::endgroup::
[2025-07-07T15:10:17.432+0000] {cotacoes.py:35} INFO - Iniciando extração da URL: https://www4.bcb.gov.br/Download/fechamento/20250114.csv
[2025-07-07T15:10:17.852+0000] {cotacoes.py:41} INFO - Extração concluída com sucesso.
[2025-07-07T15:10:17.868+0000] {python.py:237} INFO - Done. Returned value was: 14/01/2025;005;A;AFN;0,08378000;0,08402000;72,21000000;72,41000000
14/01/2025;009;A;ETB;0,04641000;0,04826000;125,72320000;130,72320000
14/01/2025;015;A;THB;0,17450000;0,17480000;34,70000000;34,76000000
14/01/2025;020;A;PAB;6,06650000;6,06710000;1,00000000;1,00000000
14/01/2025;027;A;VES;0,11260000;0,11290000;53,74440000;53,87910000
14/01/2025;030;A;BOB;0,86660000;0,88570000;6,85000000;7,00000000
14/01/2025;035;A;GHS;0,40850000;0,40990000;14,80000000;14,85000000
14/01/2025;040;A;CRC;0,01200000;0,01215000;499,42000000;505,57000000
14/01/2025;045;A;SVC;0,69260000;0,69340000;8,74950000;8,75950000
14/01/2025;051;A;NIO;0,16400000;0,16580000;36,60000000;37,00000000
14/01/2025;055;A;DKK;0,83700000;0,83710000;7,24780000;7,24830000
14/01/2025;060;A;ISK;0,04304000;0,04316000;140,57000000;140,95000000
14/01/2025;065;A;NOK;0,53250000;0,53320000;11,37840000;11,39230000
14/01/2025;070;A;SEK;0,54220000;0,54270000;11,17940000;11,18920000
14/01/2025;075;A;CZK;0,24710000;0,24720000;24,54000000;24,54800000
14/01/2025;090;A;GMD;0,08310000;0,08421000;72,05000000;73,00000000
14/01/2025;095;A;DZD;0,04454000;0,04472000;135,65380000;136,21260000
14/01/2025;100;A;KWD;19,63900000;19,67920000;0,30830000;0,30890000
14/01/2025;105;A;BHD;16,08720000;16,09740000;0,37690000;0,37710000
14/01/2025;115;A;IQD;0,00462700;0,00463500;1309,00000000;1311,00000000
14/01/2025;125;A;JOD;8,54440000;8,54880000;0,70970000;0,71000000
14/01/2025;130;A;LYD;1,22200000;1,22770000;4,94200000;4,96430000
14/01/2025;132;A;MKD;0,10060000;0,10150000;59,77000000;60,28000000
14/01/2025;133;A;RSD;0,05322000;0,05342000;113,57000000;113,98000000
14/01/2025;134;A;SDG;0,01007000;0,01013000;598,85020000;602,19120000
14/01/2025;135;A;TND;1,88030000;1,88230000;3,22330000;3,22630000
14/01/2025;136;A;SSP;0,00148000;0,00151700;4000,00000000;4100,00000000
14/01/2025;138;B;SDR;7,85610000;7,85690000;1,29500000;1,29500000
14/01/2025;139;A;MAD;0,60200000;0,60330000;10,05710000;10,07710000
14/01/2025;145;A;AED;1,65150000;1,65190000;3,67280000;3,67330000
14/01/2025;149;A;STN;0,24980000;0,25490000;23,79790000;24,28590000
14/01/2025;150;B;AUD;3,75820000;3,75920000;0,61950000;0,61960000
14/01/2025;155;A;BSD;6,06650000;6,06710000;1,00000000;1,00000000
14/01/2025;160;A;BMD;6,06650000;6,06710000;1,00000000;1,00000000
14/01/2025;165;A;CAD;4,22580000;4,22710000;1,43530000;1,43560000
14/01/2025;170;A;GYD;0,02883000;0,02917000;207,98000000;210,45000000
14/01/2025;173;A;NAD;0,32040000;0,32070000;18,92100000;18,93400000
14/01/2025;175;A;BBD;2,97360000;3,03640000;1,99810000;2,04010000
14/01/2025;180;A;BZD;3,00740000;3,03320000;2,00020000;2,01720000
14/01/2025;185;A;BND;4,43430000;4,43660000;1,36750000;1,36810000
14/01/2025;190;A;KYD;7,26530000;7,33180000;0,82750000;0,83500000
14/01/2025;195;A;SGD;4,43390000;4,43700000;1,36740000;1,36820000
14/01/2025;197;B;CLF;232,56530000;232,58830000;38,33600000;38,33600000
14/01/2025;200;B;FJD;2,56310000;2,64590000;0,42250000;0,43610000
14/01/2025;205;A;HKD;0,77900000;0,77920000;7,78630000;7,78740000
14/01/2025;210;A;TTD;0,88870000;0,89730000;6,76140000;6,82600000
14/01/2025;215;A;XCD;2,23030000;2,25540000;2,69000000;2,72000000
14/01/2025;220;A;USD;6,06650000;6,06710000;1,00000000;1,00000000
14/01/2025;230;A;JMD;0,03859000;0,03904000;155,41000000;157,21000000
14/01/2025;235;A;LRD;0,03193000;0,03227000;188,00000000;190,00000000
14/01/2025;245;B;NZD;3,39970000;3,40060000;0,56040000;0,56050000
14/01/2025;250;B;SBD;0,67940000;0,75230000;0,11200000;0,12400000
14/01/2025;255;A;SRD;0,17070000;0,17450000;34,76000000;35,54500000
14/01/2025;260;A;VND;0,00023880;0,00023910;25380,00000000;25400,00000000
14/01/2025;275;A;AMD;0,01502000;0,01531000;396,25000000;404,00000000
14/01/2025;295;A;CVE;0,05613000;0,05665000;107,09000000;108,08000000
14/01/2025;325;A;ANG;3,33320000;3,39990000;1,78450000;1,82000000
14/01/2025;328;A;AWG;3,29700000;3,40850000;1,78000000;1,84000000
14/01/2025;345;A;HUF;0,01516000;0,01517000;399,97000000;400,20000000
14/01/2025;363;A;CDF;0,00211400;0,00214600;2827,00000000;2870,00000000
14/01/2025;365;A;BIF;0,00202200;0,00208000;2916,80000000;3000,00000000
14/01/2025;368;A;KMF;0,01260000;0,01266000;479,33000000;481,33000000
14/01/2025;370;A;XAF;0,00924800;0,00952400;637,04000000;656,01000000
14/01/2025;372;A;XOF;0,00943500;0,00954000;636,00000000;643,00000000
14/01/2025;380;A;XPF;0,05203000;0,05250000;115,57000000;116,59000000
14/01/2025;390;A;DJF;0,03398000;0,03416000;177,60000000;178,55000000
14/01/2025;398;A;GNF;0,00069850;0,00070480;8608,00000000;8685,00000000
14/01/2025;406;A;MGA;0,00129400;0,00130700;4643,25000000;4686,96000000
14/01/2025;420;A;RWF;0,00436500;0,00442000;1372,76000000;1389,76000000
14/01/2025;425;A;CHF;6,63220000;6,63650000;0,91420000;0,91470000
14/01/2025;440;A;HTG;0,04629000;0,04666000;130,02740000;131,06700000
14/01/2025;450;A;PYG;0,00076980;0,00077040;7875,19000000;7880,12000000
14/01/2025;460;A;UAH;0,14350000;0,14350000;42,27000000;42,29000000
14/01/2025;470;A;JPY;0,03840000;0,03841000;157,95000000;158,00000000
14/01/2025;482;A;GEL;2,10640000;2,15300000;2,81800000;2,88000000
14/01/2025;490;A;ALL;0,06323000;0,06386000;95,00000000;95,95000000
14/01/2025;495;A;HNL;0,23790000;0,23910000;25,37640000;25,50000000
14/01/2025;500;A;SLL;0,00026480;0,00026750;22683,00000000;22908,00000000
14/01/2025;503;A;MDL;0,32440000;0,32620000;18,59900000;18,69900000
14/01/2025;506;A;RON;1,25470000;1,25650000;4,82870000;4,83490000
14/01/2025;510;A;BGN;3,19270000;3,19370000;1,89970000;1,90010000
14/01/2025;530;B;GIP;7,36470000;7,37150000;1,21400000;1,21500000
14/01/2025;535;A;EGP;0,12010000;0,12040000;50,40000000;50,50000000
14/01/2025;540;B;GBP;7,39990000;7,40370000;1,21980000;1,22030000
14/01/2025;545;B;FKP;7,36470000;7,37150000;1,21400000;1,21500000
14/01/2025;560;A;LBP;0,00006770;0,00006780;89500,00000000;89600,00000000
14/01/2025;570;B;SHP;7,38230000;7,38910000;1,21690000;1,21790000
14/01/2025;575;A;SYP;0,00046630;0,00046670;13000,00000000;13010,00000000
14/01/2025;585;A;SZL;0,32010000;0,32070000;18,91780000;18,94980000
14/01/2025;603;A;LSL;0,32020000;0,32100000;18,90140000;18,94430000
14/01/2025;608;A;TMT;1,73100000;1,73610000;3,49470000;3,50470000
14/01/2025;622;A;MZN;0,09400000;0,09589000;63,27000000;64,54000000
14/01/2025;625;A;ERN;0,40040000;0,40450000;15,00000000;15,15000000
14/01/2025;630;A;NGN;0,00388000;0,00393100;1543,57000000;1563,57000000
14/01/2025;635;A;AOA;0,00651400;0,00665300;912,00000000;931,31500000
14/01/2025;640;A;TWD;0,18400000;0,18400000;32,97100000;32,97700000
14/01/2025;642;A;TRY;0,17090000;0,17100000;35,48690000;35,49030000
14/01/2025;660;A;PEN;1,60650000;1,60830000;3,77230000;3,77630000
14/01/2025;665;A;BTN;0,07005000;0,07010000;86,54400000;86,59900000
14/01/2025;670;A;MRO;0,01690000;0,01704000;356,00000000;359,00000000
14/01/2025;671;A;MRU;0,15280000;0,15320000;39,59000000;39,70900000
14/01/2025;680;B;TOP;2,43630000;2,58820000;0,40160000;0,42660000
14/01/2025;685;A;MOP;0,75560000;0,75650000;8,02000000;8,02900000
14/01/2025;706;A;ARS;0,00583000;0,00583400;1040,00000000;1040,50000000
14/01/2025;715;A;CLP;0,00605200;0,00605600;1001,82000000;1002,37000000
14/01/2025;720;A;COP;0,00141000;0,00141200;4297,38000000;4301,95000000
14/01/2025;721;B;COU;0,52410000;0,52420000;0,08640000;0,08640000
14/01/2025;725;A;CUP;0,25280000;0,25280000;24,00000000;24,00000000
14/01/2025;730;A;DOP;0,09845000;0,09907000;61,24000000;61,62000000
14/01/2025;735;A;PHP;0,10330000;0,10330000;58,73300000;58,75300000
14/01/2025;741;A;MXN;0,29610000;0,29630000;20,47730000;20,48780000
14/01/2025;745;A;UYU;0,13750000;0,13760000;44,08000000;44,11000000
14/01/2025;755;B;BWP;0,42890000;0,43380000;0,07070000;0,07150000
14/01/2025;760;A;MWK;0,00346600;0,00353400;1717,02000000;1750,32000000
14/01/2025;766;A;ZMW;0,21900000;0,21940000;27,65000000;27,70000000
14/01/2025;770;A;GTQ;0,78480000;0,78690000;7,71000000;7,73000000
14/01/2025;775;A;MMK;0,00288000;0,00289800;2093,70000000;2106,30000000
14/01/2025;778;B;PGK;1,46750000;1,51310000;0,24190000;0,24940000
14/01/2025;780;A;LAK;0,00027650;0,00027950;21710,00000000;21940,00000000
14/01/2025;785;A;ZAR;0,32040000;0,32050000;18,92960000;18,93510000
14/01/2025;795;A;CNY;0,82750000;0,82760000;7,33110000;7,33120000
14/01/2025;796;A;CNH;0,82590000;0,82600000;7,34490000;7,34530000
14/01/2025;800;A;QAR;1,66370000;1,66450000;3,64500000;3,64650000
14/01/2025;805;A;OMR;15,75310000;15,76280000;0,38490000;0,38510000
14/01/2025;810;A;YER;0,02436000;0,02441000;248,58000000;249,08000000
14/01/2025;815;A;IRR;0,00014440;0,00014450;42000,00000000;42005,00000000
14/01/2025;820;A;SAR;1,61610000;1,61640000;3,75350000;3,75370000
14/01/2025;825;A;KHR;0,00150000;0,00150800;4024,00000000;4044,00000000
14/01/2025;828;A;MYR;1,34510000;1,34820000;4,50000000;4,51000000
14/01/2025;830;A;RUB;0,05906000;0,05908000;102,70000000;102,72000000
14/01/2025;831;A;BYN;1,85010000;1,85760000;3,26610000;3,27910000
14/01/2025;835;A;TJS;0,55350000;0,55660000;10,90000000;10,96000000
14/01/2025;840;A;MUR;0,12860000;0,12940000;46,89000000;47,19000000
14/01/2025;845;A;NPR;0,04376000;0,04377000;138,61000000;138,62000000
14/01/2025;850;A;SCR;0,39380000;0,41410000;14,65300000;15,40330000
14/01/2025;855;A;LKR;0,02059000;0,02061000;294,40000000;294,70000000
14/01/2025;860;A;INR;0,07008000;0,07013000;86,50700000;86,56200000
14/01/2025;865;A;IDR;0,00037290;0,00037310;16260,00000000;16270,00000000
14/01/2025;870;A;MVR;0,39140000;0,39350000;15,42000000;15,50000000
14/01/2025;875;A;PKR;0,02176000;0,02178000;278,55000000;278,75000000
14/01/2025;880;A;ILS;1,67160000;1,67560000;3,62090000;3,62920000
14/01/2025;892;A;KGS;0,06934000;0,06939000;87,43590000;87,49020000
14/01/2025;893;A;UZS;0,00046750;0,00046790;12966,00000000;12976,00000000
14/01/2025;905;A;BDT;0,04973000;0,04983000;121,75000000;122,00000000
14/01/2025;912;B;WST;2,06560000;2,19930000;0,34050000;0,36250000
14/01/2025;913;A;KZT;0,01144000;0,01145000;529,95000000;530,15000000
14/01/2025;915;A;MNT;0,00176700;0,00177000;3427,00000000;3433,00000000
14/01/2025;920;A;VUV;0,04932000;0,05230000;116,00000000;123,00000000
14/01/2025;930;A;KRW;0,00415900;0,00416300;1457,50000000;1458,60000000
14/01/2025;946;A;TZS;0,00238800;0,00241700;2510,00000000;2540,00000000
14/01/2025;950;A;KES;0,04676000;0,04694000;129,25000000;129,75000000
14/01/2025;955;A;UGX;0,00163900;0,00164400;3691,00000000;3701,00000000
14/01/2025;960;A;SOS;0,01055000;0,01068000;568,00000000;575,00000000
14/01/2025;975;A;PLN;1,46310000;1,46360000;4,14520000;4,14620000
14/01/2025;978;B;EUR;6,24420000;6,24610000;1,02930000;1,02950000
14/01/2025;998;A;XAU;521,17700000;521,22850000;0,01164000;0,01164000

[2025-07-07T15:10:17.869+0000] {taskinstance.py:441} INFO - ::group::Post task execution logs
[2025-07-07T15:10:18.007+0000] {taskinstance.py:1206} INFO - Marking task as SUCCESS. dag_id=fin_cotacoes_bcb_classic, task_id=extract, run_id=scheduled__2025-01-14T00:00:00+00:00, execution_date=20250114T000000, start_date=20250707T151016, end_date=20250707T151018
[2025-07-07T15:10:18.645+0000] {local_task_job_runner.py:240} INFO - Task exited with return code 0
[2025-07-07T15:10:18.680+0000] {local_task_job_runner.py:222} INFO - ::endgroup::
