[2025-07-07T14:35:29.985+0000] {local_task_job_runner.py:120} INFO - ::group::Pre task execution logs
[2025-07-07T14:35:30.072+0000] {taskinstance.py:2076} INFO - Dependencies all met for dep_context=non-requeueable deps ti=<TaskInstance: fin_cotacoes_bcb_classic.create_table_postgres scheduled__2025-05-26T00:00:00+00:00 [queued]>
[2025-07-07T14:35:30.092+0000] {taskinstance.py:2076} INFO - Dependencies all met for dep_context=requeueable deps ti=<TaskInstance: fin_cotacoes_bcb_classic.create_table_postgres scheduled__2025-05-26T00:00:00+00:00 [queued]>
[2025-07-07T14:35:30.092+0000] {taskinstance.py:2306} INFO - Starting attempt 1 of 2
[2025-07-07T14:35:30.127+0000] {taskinstance.py:2330} INFO - Executing <Task(SQLExecuteQueryOperator): create_table_postgres> on 2025-05-26 00:00:00+00:00
[2025-07-07T14:35:30.153+0000] {logging_mixin.py:188} WARNING - /home/***/.local/lib/python3.12/site-packages/***/task/task_runner/standard_task_runner.py:61 DeprecationWarning: This process (pid=79676) is multi-threaded, use of fork() may lead to deadlocks in the child.
[2025-07-07T14:35:30.154+0000] {standard_task_runner.py:63} INFO - Started process 79728 to run task
[2025-07-07T14:35:30.148+0000] {standard_task_runner.py:90} INFO - Running: ['***', 'tasks', 'run', 'fin_cotacoes_bcb_classic', 'create_table_postgres', 'scheduled__2025-05-26T00:00:00+00:00', '--job-id', '2613', '--raw', '--subdir', 'DAGS_FOLDER/cotacoes.py', '--cfg-path', '/tmp/tmpanavprb2']
[2025-07-07T14:35:30.158+0000] {standard_task_runner.py:91} INFO - Job 2613: Subtask create_table_postgres
[2025-07-07T14:35:30.320+0000] {task_command.py:426} INFO - Running <TaskInstance: fin_cotacoes_bcb_classic.create_table_postgres scheduled__2025-05-26T00:00:00+00:00 [running]> on host bc96ca91d307
[2025-07-07T14:35:30.509+0000] {taskinstance.py:2648} INFO - Exporting env vars: AIRFLOW_CTX_DAG_OWNER='***' AIRFLOW_CTX_DAG_ID='fin_cotacoes_bcb_classic' AIRFLOW_CTX_TASK_ID='create_table_postgres' AIRFLOW_CTX_EXECUTION_DATE='2025-05-26T00:00:00+00:00' AIRFLOW_CTX_TRY_NUMBER='1' AIRFLOW_CTX_DAG_RUN_ID='scheduled__2025-05-26T00:00:00+00:00'
[2025-07-07T14:35:30.513+0000] {taskinstance.py:430} INFO - ::endgroup::
[2025-07-07T14:35:30.514+0000] {sql.py:276} INFO - Executing: 
CREATE TABLE IF NOT EXISTS cotacoes (
    dt_fechamento DATE,
    cod_moeda TEXT,
    tipo_moeda TEXT,
    desc_moeda TEXT,
    taxa_compra REAL,
    taxa_venda REAL,
    paridade_compra REAL,
    paridade_venda REAL,
    data_processamento TIMESTAMP,
    CONSTRAINT table_pk PRIMARY KEY (dt_fechamento, cod_moeda)
);
[2025-07-07T14:35:30.531+0000] {base.py:84} INFO - Using connection ID '***-postgres' for task execution.
[2025-07-07T14:35:30.552+0000] {base.py:84} INFO - Using connection ID '***-postgres' for task execution.
[2025-07-07T14:35:30.561+0000] {sql.py:487} INFO - Running statement: 
CREATE TABLE IF NOT EXISTS cotacoes (
    dt_fechamento DATE,
    cod_moeda TEXT,
    tipo_moeda TEXT,
    desc_moeda TEXT,
    taxa_compra REAL,
    taxa_venda REAL,
    paridade_compra REAL,
    paridade_venda REAL,
    data_processamento TIMESTAMP,
    CONSTRAINT table_pk PRIMARY KEY (dt_fechamento, cod_moeda)
);, parameters: None
[2025-07-07T14:35:30.565+0000] {taskinstance.py:441} INFO - ::group::Post task execution logs
[2025-07-07T14:35:30.579+0000] {taskinstance.py:1206} INFO - Marking task as SUCCESS. dag_id=fin_cotacoes_bcb_classic, task_id=create_table_postgres, run_id=scheduled__2025-05-26T00:00:00+00:00, execution_date=20250526T000000, start_date=20250707T143530, end_date=20250707T143530
[2025-07-07T14:35:30.628+0000] {local_task_job_runner.py:240} INFO - Task exited with return code 0
[2025-07-07T14:35:30.650+0000] {local_task_job_runner.py:222} INFO - ::endgroup::
[2025-07-07T15:12:48.104+0000] {local_task_job_runner.py:120} INFO - ::group::Pre task execution logs
[2025-07-07T15:12:48.211+0000] {taskinstance.py:2076} INFO - Dependencies all met for dep_context=non-requeueable deps ti=<TaskInstance: fin_cotacoes_bcb_classic.create_table_postgres scheduled__2025-05-26T00:00:00+00:00 [queued]>
[2025-07-07T15:12:48.238+0000] {taskinstance.py:2076} INFO - Dependencies all met for dep_context=requeueable deps ti=<TaskInstance: fin_cotacoes_bcb_classic.create_table_postgres scheduled__2025-05-26T00:00:00+00:00 [queued]>
[2025-07-07T15:12:48.239+0000] {taskinstance.py:2306} INFO - Starting attempt 1 of 2
[2025-07-07T15:12:48.552+0000] {taskinstance.py:2330} INFO - Executing <Task(SQLExecuteQueryOperator): create_table_postgres> on 2025-05-26 00:00:00+00:00
[2025-07-07T15:12:48.583+0000] {standard_task_runner.py:90} INFO - Running: ['***', 'tasks', 'run', 'fin_cotacoes_bcb_classic', 'create_table_postgres', 'scheduled__2025-05-26T00:00:00+00:00', '--job-id', '4288', '--raw', '--subdir', 'DAGS_FOLDER/cotacoes.py', '--cfg-path', '/tmp/tmpr6v764un']
[2025-07-07T15:12:48.587+0000] {standard_task_runner.py:91} INFO - Job 4288: Subtask create_table_postgres
[2025-07-07T15:12:48.584+0000] {logging_mixin.py:188} WARNING - /home/***/.local/lib/python3.12/site-packages/***/task/task_runner/standard_task_runner.py:61 DeprecationWarning: This process (pid=104314) is multi-threaded, use of fork() may lead to deadlocks in the child.
[2025-07-07T15:12:48.588+0000] {standard_task_runner.py:63} INFO - Started process 104389 to run task
[2025-07-07T15:12:48.708+0000] {task_command.py:426} INFO - Running <TaskInstance: fin_cotacoes_bcb_classic.create_table_postgres scheduled__2025-05-26T00:00:00+00:00 [running]> on host bc96ca91d307
[2025-07-07T15:12:48.951+0000] {taskinstance.py:2648} INFO - Exporting env vars: AIRFLOW_CTX_DAG_OWNER='***' AIRFLOW_CTX_DAG_ID='fin_cotacoes_bcb_classic' AIRFLOW_CTX_TASK_ID='create_table_postgres' AIRFLOW_CTX_EXECUTION_DATE='2025-05-26T00:00:00+00:00' AIRFLOW_CTX_TRY_NUMBER='1' AIRFLOW_CTX_DAG_RUN_ID='scheduled__2025-05-26T00:00:00+00:00'
[2025-07-07T15:12:48.953+0000] {taskinstance.py:430} INFO - ::endgroup::
[2025-07-07T15:12:48.953+0000] {sql.py:276} INFO - Executing: 
CREATE TABLE IF NOT EXISTS cotacoes (
    dt_fechamento DATE,
    cod_moeda TEXT,
    tipo_moeda TEXT,
    desc_moeda TEXT,
    taxa_compra REAL,
    taxa_venda REAL,
    paridade_compra REAL,
    paridade_venda REAL,
    data_processamento TIMESTAMP,
    CONSTRAINT table_pk PRIMARY KEY (dt_fechamento, cod_moeda)
);
[2025-07-07T15:12:48.989+0000] {base.py:84} INFO - Using connection ID '***-postgres' for task execution.
[2025-07-07T15:12:49.010+0000] {base.py:84} INFO - Using connection ID '***-postgres' for task execution.
[2025-07-07T15:12:49.024+0000] {sql.py:487} INFO - Running statement: 
CREATE TABLE IF NOT EXISTS cotacoes (
    dt_fechamento DATE,
    cod_moeda TEXT,
    tipo_moeda TEXT,
    desc_moeda TEXT,
    taxa_compra REAL,
    taxa_venda REAL,
    paridade_compra REAL,
    paridade_venda REAL,
    data_processamento TIMESTAMP,
    CONSTRAINT table_pk PRIMARY KEY (dt_fechamento, cod_moeda)
);, parameters: None
[2025-07-07T15:12:49.027+0000] {taskinstance.py:441} INFO - ::group::Post task execution logs
[2025-07-07T15:12:49.055+0000] {taskinstance.py:1206} INFO - Marking task as SUCCESS. dag_id=fin_cotacoes_bcb_classic, task_id=create_table_postgres, run_id=scheduled__2025-05-26T00:00:00+00:00, execution_date=20250526T000000, start_date=20250707T151248, end_date=20250707T151249
[2025-07-07T15:12:49.131+0000] {local_task_job_runner.py:240} INFO - Task exited with return code 0
[2025-07-07T15:12:49.153+0000] {local_task_job_runner.py:222} INFO - ::endgroup::
