[2025-07-07T14:34:44.286+0000] {local_task_job_runner.py:120} INFO - ::group::Pre task execution logs
[2025-07-07T14:34:44.380+0000] {taskinstance.py:2076} INFO - Dependencies all met for dep_context=non-requeueable deps ti=<TaskInstance: fin_cotacoes_bcb_classic.transform_and_load scheduled__2025-04-06T00:00:00+00:00 [queued]>
[2025-07-07T14:34:44.415+0000] {taskinstance.py:2076} INFO - Dependencies all met for dep_context=requeueable deps ti=<TaskInstance: fin_cotacoes_bcb_classic.transform_and_load scheduled__2025-04-06T00:00:00+00:00 [queued]>
[2025-07-07T14:34:44.415+0000] {taskinstance.py:2306} INFO - Starting attempt 1 of 2
[2025-07-07T14:34:44.489+0000] {taskinstance.py:2330} INFO - Executing <Task(PythonOperator): transform_and_load> on 2025-04-06 00:00:00+00:00
[2025-07-07T14:34:44.516+0000] {logging_mixin.py:188} WARNING - /home/***/.local/lib/python3.12/site-packages/***/task/task_runner/standard_task_runner.py:61 DeprecationWarning: This process (pid=78953) is multi-threaded, use of fork() may lead to deadlocks in the child.
[2025-07-07T14:34:44.517+0000] {standard_task_runner.py:63} INFO - Started process 79009 to run task
[2025-07-07T14:34:44.510+0000] {standard_task_runner.py:90} INFO - Running: ['***', 'tasks', 'run', 'fin_cotacoes_bcb_classic', 'transform_and_load', 'scheduled__2025-04-06T00:00:00+00:00', '--job-id', '2497', '--raw', '--subdir', 'DAGS_FOLDER/cotacoes.py', '--cfg-path', '/tmp/tmpdd2ffamu']
[2025-07-07T14:34:44.518+0000] {standard_task_runner.py:91} INFO - Job 2497: Subtask transform_and_load
[2025-07-07T14:34:44.669+0000] {task_command.py:426} INFO - Running <TaskInstance: fin_cotacoes_bcb_classic.transform_and_load scheduled__2025-04-06T00:00:00+00:00 [running]> on host bc96ca91d307
[2025-07-07T14:34:44.948+0000] {taskinstance.py:2648} INFO - Exporting env vars: AIRFLOW_CTX_DAG_OWNER='***' AIRFLOW_CTX_DAG_ID='fin_cotacoes_bcb_classic' AIRFLOW_CTX_TASK_ID='transform_and_load' AIRFLOW_CTX_EXECUTION_DATE='2025-04-06T00:00:00+00:00' AIRFLOW_CTX_TRY_NUMBER='1' AIRFLOW_CTX_DAG_RUN_ID='scheduled__2025-04-06T00:00:00+00:00'
[2025-07-07T14:34:44.952+0000] {taskinstance.py:430} INFO - ::endgroup::
[2025-07-07T14:34:44.989+0000] {cotacoes.py:91} WARNING - Nenhum dado recebido da tarefa de extração. Pulando transformação e carga.
[2025-07-07T14:34:44.989+0000] {python.py:237} INFO - Done. Returned value was: None
[2025-07-07T14:34:44.989+0000] {taskinstance.py:441} INFO - ::group::Post task execution logs
[2025-07-07T14:34:45.017+0000] {taskinstance.py:1206} INFO - Marking task as SUCCESS. dag_id=fin_cotacoes_bcb_classic, task_id=transform_and_load, run_id=scheduled__2025-04-06T00:00:00+00:00, execution_date=20250406T000000, start_date=20250707T143444, end_date=20250707T143445
[2025-07-07T14:34:45.272+0000] {local_task_job_runner.py:240} INFO - Task exited with return code 0
[2025-07-07T14:34:45.349+0000] {taskinstance.py:3503} INFO - 0 downstream tasks scheduled from follow-on schedule check
[2025-07-07T14:34:45.359+0000] {local_task_job_runner.py:222} INFO - ::endgroup::
[2025-07-07T15:11:58.425+0000] {local_task_job_runner.py:120} INFO - ::group::Pre task execution logs
[2025-07-07T15:11:58.505+0000] {taskinstance.py:2076} INFO - Dependencies all met for dep_context=non-requeueable deps ti=<TaskInstance: fin_cotacoes_bcb_classic.transform_and_load scheduled__2025-04-06T00:00:00+00:00 [queued]>
[2025-07-07T15:11:58.533+0000] {taskinstance.py:2076} INFO - Dependencies all met for dep_context=requeueable deps ti=<TaskInstance: fin_cotacoes_bcb_classic.transform_and_load scheduled__2025-04-06T00:00:00+00:00 [queued]>
[2025-07-07T15:11:58.533+0000] {taskinstance.py:2306} INFO - Starting attempt 1 of 2
[2025-07-07T15:11:58.635+0000] {taskinstance.py:2330} INFO - Executing <Task(PythonOperator): transform_and_load> on 2025-04-06 00:00:00+00:00
[2025-07-07T15:11:58.672+0000] {logging_mixin.py:188} WARNING - /home/***/.local/lib/python3.12/site-packages/***/task/task_runner/standard_task_runner.py:61 DeprecationWarning: This process (pid=103450) is multi-threaded, use of fork() may lead to deadlocks in the child.
[2025-07-07T15:11:58.673+0000] {standard_task_runner.py:63} INFO - Started process 103510 to run task
[2025-07-07T15:11:58.675+0000] {standard_task_runner.py:90} INFO - Running: ['***', 'tasks', 'run', 'fin_cotacoes_bcb_classic', 'transform_and_load', 'scheduled__2025-04-06T00:00:00+00:00', '--job-id', '4164', '--raw', '--subdir', 'DAGS_FOLDER/cotacoes.py', '--cfg-path', '/tmp/tmphyuxrprf']
[2025-07-07T15:11:58.676+0000] {standard_task_runner.py:91} INFO - Job 4164: Subtask transform_and_load
[2025-07-07T15:11:58.830+0000] {task_command.py:426} INFO - Running <TaskInstance: fin_cotacoes_bcb_classic.transform_and_load scheduled__2025-04-06T00:00:00+00:00 [running]> on host bc96ca91d307
[2025-07-07T15:11:59.087+0000] {taskinstance.py:2648} INFO - Exporting env vars: AIRFLOW_CTX_DAG_OWNER='***' AIRFLOW_CTX_DAG_ID='fin_cotacoes_bcb_classic' AIRFLOW_CTX_TASK_ID='transform_and_load' AIRFLOW_CTX_EXECUTION_DATE='2025-04-06T00:00:00+00:00' AIRFLOW_CTX_TRY_NUMBER='1' AIRFLOW_CTX_DAG_RUN_ID='scheduled__2025-04-06T00:00:00+00:00'
[2025-07-07T15:11:59.089+0000] {taskinstance.py:430} INFO - ::endgroup::
[2025-07-07T15:11:59.112+0000] {cotacoes.py:91} WARNING - Nenhum dado recebido da tarefa de extração. Pulando transformação e carga.
[2025-07-07T15:11:59.112+0000] {python.py:237} INFO - Done. Returned value was: None
[2025-07-07T15:11:59.113+0000] {taskinstance.py:441} INFO - ::group::Post task execution logs
[2025-07-07T15:11:59.126+0000] {taskinstance.py:1206} INFO - Marking task as SUCCESS. dag_id=fin_cotacoes_bcb_classic, task_id=transform_and_load, run_id=scheduled__2025-04-06T00:00:00+00:00, execution_date=20250406T000000, start_date=20250707T151158, end_date=20250707T151159
[2025-07-07T15:11:59.192+0000] {local_task_job_runner.py:240} INFO - Task exited with return code 0
[2025-07-07T15:11:59.261+0000] {taskinstance.py:3503} INFO - 0 downstream tasks scheduled from follow-on schedule check
[2025-07-07T15:11:59.268+0000] {local_task_job_runner.py:222} INFO - ::endgroup::
