[2025-07-07T14:33:09.040+0000] {local_task_job_runner.py:120} INFO - ::group::Pre task execution logs
[2025-07-07T14:33:09.118+0000] {taskinstance.py:2076} INFO - Dependencies all met for dep_context=non-requeueable deps ti=<TaskInstance: fin_cotacoes_bcb_classic.transform_and_load scheduled__2025-01-22T00:00:00+00:00 [queued]>
[2025-07-07T14:33:09.140+0000] {taskinstance.py:2076} INFO - Dependencies all met for dep_context=requeueable deps ti=<TaskInstance: fin_cotacoes_bcb_classic.transform_and_load scheduled__2025-01-22T00:00:00+00:00 [queued]>
[2025-07-07T14:33:09.140+0000] {taskinstance.py:2306} INFO - Starting attempt 1 of 2
[2025-07-07T14:33:09.186+0000] {taskinstance.py:2330} INFO - Executing <Task(PythonOperator): transform_and_load> on 2025-01-22 00:00:00+00:00
[2025-07-07T14:33:09.215+0000] {standard_task_runner.py:90} INFO - Running: ['***', 'tasks', 'run', 'fin_cotacoes_bcb_classic', 'transform_and_load', 'scheduled__2025-01-22T00:00:00+00:00', '--job-id', '2270', '--raw', '--subdir', 'DAGS_FOLDER/cotacoes.py', '--cfg-path', '/tmp/tmp59z8ctn5']
[2025-07-07T14:33:09.217+0000] {standard_task_runner.py:91} INFO - Job 2270: Subtask transform_and_load
[2025-07-07T14:33:09.219+0000] {logging_mixin.py:188} WARNING - /home/***/.local/lib/python3.12/site-packages/***/task/task_runner/standard_task_runner.py:61 DeprecationWarning: This process (pid=77429) is multi-threaded, use of fork() may lead to deadlocks in the child.
[2025-07-07T14:33:09.220+0000] {standard_task_runner.py:63} INFO - Started process 77514 to run task
[2025-07-07T14:33:09.353+0000] {task_command.py:426} INFO - Running <TaskInstance: fin_cotacoes_bcb_classic.transform_and_load scheduled__2025-01-22T00:00:00+00:00 [running]> on host bc96ca91d307
[2025-07-07T14:33:09.571+0000] {taskinstance.py:2648} INFO - Exporting env vars: AIRFLOW_CTX_DAG_OWNER='***' AIRFLOW_CTX_DAG_ID='fin_cotacoes_bcb_classic' AIRFLOW_CTX_TASK_ID='transform_and_load' AIRFLOW_CTX_EXECUTION_DATE='2025-01-22T00:00:00+00:00' AIRFLOW_CTX_TRY_NUMBER='1' AIRFLOW_CTX_DAG_RUN_ID='scheduled__2025-01-22T00:00:00+00:00'
[2025-07-07T14:33:09.573+0000] {taskinstance.py:430} INFO - ::endgroup::
[2025-07-07T14:33:09.625+0000] {logging_mixin.py:188} WARNING - /opt/***/dags/cotacoes.py:104 UserWarning: Parsing dates in %d/%m/%Y format when dayfirst=False (the default) was specified. Pass `dayfirst=True` or specify a format to silence this warning.
[2025-07-07T14:33:09.632+0000] {cotacoes.py:109} INFO - DataFrame transformado com 156 linhas.
[2025-07-07T14:33:09.657+0000] {base.py:84} INFO - Using connection ID '***-postgres' for task execution.
[2025-07-07T14:33:09.681+0000] {base.py:84} INFO - Using connection ID '***-postgres' for task execution.
[2025-07-07T14:33:09.744+0000] {sql.py:598} INFO - Loaded 156 rows into cotacoes so far
[2025-07-07T14:33:09.748+0000] {sql.py:611} INFO - Done loading. Loaded a total of 156 rows into cotacoes
[2025-07-07T14:33:09.749+0000] {cotacoes.py:124} INFO - Carregados/Atualizados 156 registros na tabela cotacoes.
[2025-07-07T14:33:09.753+0000] {python.py:237} INFO - Done. Returned value was: None
[2025-07-07T14:33:09.754+0000] {taskinstance.py:441} INFO - ::group::Post task execution logs
[2025-07-07T14:33:09.773+0000] {taskinstance.py:1206} INFO - Marking task as SUCCESS. dag_id=fin_cotacoes_bcb_classic, task_id=transform_and_load, run_id=scheduled__2025-01-22T00:00:00+00:00, execution_date=20250122T000000, start_date=20250707T143309, end_date=20250707T143309
[2025-07-07T14:33:09.815+0000] {local_task_job_runner.py:240} INFO - Task exited with return code 0
[2025-07-07T14:33:09.839+0000] {taskinstance.py:3503} INFO - 0 downstream tasks scheduled from follow-on schedule check
[2025-07-07T14:33:09.842+0000] {local_task_job_runner.py:222} INFO - ::endgroup::
[2025-07-07T15:10:28.092+0000] {local_task_job_runner.py:120} INFO - ::group::Pre task execution logs
[2025-07-07T15:10:28.144+0000] {taskinstance.py:2076} INFO - Dependencies all met for dep_context=non-requeueable deps ti=<TaskInstance: fin_cotacoes_bcb_classic.transform_and_load scheduled__2025-01-22T00:00:00+00:00 [queued]>
[2025-07-07T15:10:28.155+0000] {taskinstance.py:2076} INFO - Dependencies all met for dep_context=requeueable deps ti=<TaskInstance: fin_cotacoes_bcb_classic.transform_and_load scheduled__2025-01-22T00:00:00+00:00 [queued]>
[2025-07-07T15:10:28.155+0000] {taskinstance.py:2306} INFO - Starting attempt 1 of 2
[2025-07-07T15:10:28.171+0000] {taskinstance.py:2330} INFO - Executing <Task(PythonOperator): transform_and_load> on 2025-01-22 00:00:00+00:00
[2025-07-07T15:10:28.183+0000] {logging_mixin.py:188} WARNING - /home/***/.local/lib/python3.12/site-packages/***/task/task_runner/standard_task_runner.py:61 DeprecationWarning: This process (pid=101982) is multi-threaded, use of fork() may lead to deadlocks in the child.
[2025-07-07T15:10:28.182+0000] {standard_task_runner.py:90} INFO - Running: ['***', 'tasks', 'run', 'fin_cotacoes_bcb_classic', 'transform_and_load', 'scheduled__2025-01-22T00:00:00+00:00', '--job-id', '3929', '--raw', '--subdir', 'DAGS_FOLDER/cotacoes.py', '--cfg-path', '/tmp/tmpmas32eed']
[2025-07-07T15:10:28.184+0000] {standard_task_runner.py:91} INFO - Job 3929: Subtask transform_and_load
[2025-07-07T15:10:28.184+0000] {standard_task_runner.py:63} INFO - Started process 102052 to run task
[2025-07-07T15:10:28.243+0000] {task_command.py:426} INFO - Running <TaskInstance: fin_cotacoes_bcb_classic.transform_and_load scheduled__2025-01-22T00:00:00+00:00 [running]> on host bc96ca91d307
[2025-07-07T15:10:28.330+0000] {taskinstance.py:2648} INFO - Exporting env vars: AIRFLOW_CTX_DAG_OWNER='***' AIRFLOW_CTX_DAG_ID='fin_cotacoes_bcb_classic' AIRFLOW_CTX_TASK_ID='transform_and_load' AIRFLOW_CTX_EXECUTION_DATE='2025-01-22T00:00:00+00:00' AIRFLOW_CTX_TRY_NUMBER='1' AIRFLOW_CTX_DAG_RUN_ID='scheduled__2025-01-22T00:00:00+00:00'
[2025-07-07T15:10:28.332+0000] {taskinstance.py:430} INFO - ::endgroup::
[2025-07-07T15:10:28.356+0000] {logging_mixin.py:188} WARNING - /opt/***/dags/cotacoes.py:104 UserWarning: Parsing dates in %d/%m/%Y format when dayfirst=False (the default) was specified. Pass `dayfirst=True` or specify a format to silence this warning.
[2025-07-07T15:10:28.360+0000] {cotacoes.py:109} INFO - DataFrame transformado com 156 linhas.
[2025-07-07T15:10:28.369+0000] {base.py:84} INFO - Using connection ID '***-postgres' for task execution.
[2025-07-07T15:10:28.382+0000] {base.py:84} INFO - Using connection ID '***-postgres' for task execution.
[2025-07-07T15:10:28.427+0000] {sql.py:598} INFO - Loaded 156 rows into cotacoes so far
[2025-07-07T15:10:28.427+0000] {sql.py:611} INFO - Done loading. Loaded a total of 156 rows into cotacoes
[2025-07-07T15:10:28.428+0000] {cotacoes.py:124} INFO - Carregados/Atualizados 156 registros na tabela cotacoes.
[2025-07-07T15:10:28.428+0000] {python.py:237} INFO - Done. Returned value was: None
[2025-07-07T15:10:28.428+0000] {taskinstance.py:441} INFO - ::group::Post task execution logs
[2025-07-07T15:10:28.440+0000] {taskinstance.py:1206} INFO - Marking task as SUCCESS. dag_id=fin_cotacoes_bcb_classic, task_id=transform_and_load, run_id=scheduled__2025-01-22T00:00:00+00:00, execution_date=20250122T000000, start_date=20250707T151028, end_date=20250707T151028
[2025-07-07T15:10:28.479+0000] {local_task_job_runner.py:240} INFO - Task exited with return code 0
[2025-07-07T15:10:28.498+0000] {taskinstance.py:3503} INFO - 0 downstream tasks scheduled from follow-on schedule check
[2025-07-07T15:10:28.499+0000] {local_task_job_runner.py:222} INFO - ::endgroup::
