[2025-07-06T20:00:43.651+0000] {local_task_job_runner.py:120} INFO - ::group::Pre task execution logs
[2025-07-06T20:00:43.758+0000] {taskinstance.py:2076} INFO - Dependencies all met for dep_context=non-requeueable deps ti=<TaskInstance: fin_cotacoes_bcb_classic.extract scheduled__2025-05-10T00:00:00+00:00 [queued]>
[2025-07-06T20:00:43.780+0000] {taskinstance.py:2076} INFO - Dependencies all met for dep_context=requeueable deps ti=<TaskInstance: fin_cotacoes_bcb_classic.extract scheduled__2025-05-10T00:00:00+00:00 [queued]>
[2025-07-06T20:00:43.780+0000] {taskinstance.py:2306} INFO - Starting attempt 1 of 2
[2025-07-06T20:00:43.932+0000] {taskinstance.py:2330} INFO - Executing <Task(PythonOperator): extract> on 2025-05-10 00:00:00+00:00
[2025-07-06T20:00:43.965+0000] {standard_task_runner.py:90} INFO - Running: ['***', 'tasks', 'run', 'fin_cotacoes_bcb_classic', 'extract', 'scheduled__2025-05-10T00:00:00+00:00', '--job-id', '1315', '--raw', '--subdir', 'DAGS_FOLDER/cotacoes.py', '--cfg-path', '/tmp/tmp268o6upg']
[2025-07-06T20:00:43.966+0000] {standard_task_runner.py:91} INFO - Job 1315: Subtask extract
[2025-07-06T20:00:43.974+0000] {logging_mixin.py:188} WARNING - /home/***/.local/lib/python3.12/site-packages/***/task/task_runner/standard_task_runner.py:61 DeprecationWarning: This process (pid=17037) is multi-threaded, use of fork() may lead to deadlocks in the child.
[2025-07-06T20:00:43.979+0000] {standard_task_runner.py:63} INFO - Started process 17063 to run task
[2025-07-06T20:00:44.126+0000] {task_command.py:426} INFO - Running <TaskInstance: fin_cotacoes_bcb_classic.extract scheduled__2025-05-10T00:00:00+00:00 [running]> on host 20adb53d65c4
[2025-07-06T20:00:44.351+0000] {taskinstance.py:2648} INFO - Exporting env vars: AIRFLOW_CTX_DAG_OWNER='***' AIRFLOW_CTX_DAG_ID='fin_cotacoes_bcb_classic' AIRFLOW_CTX_TASK_ID='extract' AIRFLOW_CTX_EXECUTION_DATE='2025-05-10T00:00:00+00:00' AIRFLOW_CTX_TRY_NUMBER='1' AIRFLOW_CTX_DAG_RUN_ID='scheduled__2025-05-10T00:00:00+00:00'
[2025-07-06T20:00:44.354+0000] {taskinstance.py:430} INFO - ::endgroup::
[2025-07-06T20:00:44.354+0000] {cotacoes.py:37} INFO - Iniciando extração da URL: https://www4.bcb.gov.br/Download/fechamento/20250510.csv
[2025-07-06T20:00:44.725+0000] {cotacoes.py:46} ERROR - Erro ao acessar a URL: 404 Client Error: Not Found for url: https://www4.bcb.gov.br/Download/fechamento/20250510.csv
[2025-07-06T20:00:44.727+0000] {python.py:237} INFO - Done. Returned value was: None
[2025-07-06T20:00:44.727+0000] {taskinstance.py:441} INFO - ::group::Post task execution logs
[2025-07-06T20:00:44.744+0000] {taskinstance.py:1206} INFO - Marking task as SUCCESS. dag_id=fin_cotacoes_bcb_classic, task_id=extract, run_id=scheduled__2025-05-10T00:00:00+00:00, execution_date=20250510T000000, start_date=20250706T200043, end_date=20250706T200044
[2025-07-06T20:00:45.013+0000] {local_task_job_runner.py:240} INFO - Task exited with return code 0
[2025-07-06T20:00:45.036+0000] {logging_mixin.py:188} WARNING - /home/***/.local/lib/python3.12/site-packages/***/models/baseoperator.py:1297 AirflowProviderDeprecationWarning: Call to deprecated class PostgresOperator. (Please use `***.providers.common.sql.operators.sql.SQLExecuteQueryOperator`.Also, you can provide `hook_params={'schema': <database>}`.)
[2025-07-06T20:00:45.097+0000] {taskinstance.py:3503} INFO - 1 downstream tasks scheduled from follow-on schedule check
[2025-07-06T20:00:45.101+0000] {local_task_job_runner.py:222} INFO - ::endgroup::
[2025-07-07T14:35:12.995+0000] {local_task_job_runner.py:120} INFO - ::group::Pre task execution logs
[2025-07-07T14:35:13.150+0000] {taskinstance.py:2076} INFO - Dependencies all met for dep_context=non-requeueable deps ti=<TaskInstance: fin_cotacoes_bcb_classic.extract scheduled__2025-05-10T00:00:00+00:00 [queued]>
[2025-07-07T14:35:13.188+0000] {taskinstance.py:2076} INFO - Dependencies all met for dep_context=requeueable deps ti=<TaskInstance: fin_cotacoes_bcb_classic.extract scheduled__2025-05-10T00:00:00+00:00 [queued]>
[2025-07-07T14:35:13.189+0000] {taskinstance.py:2306} INFO - Starting attempt 1 of 2
[2025-07-07T14:35:13.316+0000] {taskinstance.py:2330} INFO - Executing <Task(PythonOperator): extract> on 2025-05-10 00:00:00+00:00
[2025-07-07T14:35:13.352+0000] {standard_task_runner.py:90} INFO - Running: ['***', 'tasks', 'run', 'fin_cotacoes_bcb_classic', 'extract', 'scheduled__2025-05-10T00:00:00+00:00', '--job-id', '2570', '--raw', '--subdir', 'DAGS_FOLDER/cotacoes.py', '--cfg-path', '/tmp/tmpcj2dg9eu']
[2025-07-07T14:35:13.354+0000] {standard_task_runner.py:91} INFO - Job 2570: Subtask extract
[2025-07-07T14:35:13.359+0000] {logging_mixin.py:188} WARNING - /home/***/.local/lib/python3.12/site-packages/***/task/task_runner/standard_task_runner.py:61 DeprecationWarning: This process (pid=79393) is multi-threaded, use of fork() may lead to deadlocks in the child.
[2025-07-07T14:35:13.368+0000] {standard_task_runner.py:63} INFO - Started process 79491 to run task
[2025-07-07T14:35:13.523+0000] {task_command.py:426} INFO - Running <TaskInstance: fin_cotacoes_bcb_classic.extract scheduled__2025-05-10T00:00:00+00:00 [running]> on host bc96ca91d307
[2025-07-07T14:35:13.742+0000] {taskinstance.py:2648} INFO - Exporting env vars: AIRFLOW_CTX_DAG_OWNER='***' AIRFLOW_CTX_DAG_ID='fin_cotacoes_bcb_classic' AIRFLOW_CTX_TASK_ID='extract' AIRFLOW_CTX_EXECUTION_DATE='2025-05-10T00:00:00+00:00' AIRFLOW_CTX_TRY_NUMBER='1' AIRFLOW_CTX_DAG_RUN_ID='scheduled__2025-05-10T00:00:00+00:00'
[2025-07-07T14:35:13.743+0000] {taskinstance.py:430} INFO - ::endgroup::
[2025-07-07T14:35:13.744+0000] {cotacoes.py:35} INFO - Iniciando extração da URL: https://www4.bcb.gov.br/Download/fechamento/20250510.csv
[2025-07-07T14:35:13.947+0000] {cotacoes.py:46} WARNING - Não foi possível extrair dados da URL (pode ser um dia sem cotação): 404 Client Error: Not Found for url: https://www4.bcb.gov.br/Download/fechamento/20250510.csv
[2025-07-07T14:35:13.949+0000] {python.py:237} INFO - Done. Returned value was: None
[2025-07-07T14:35:13.950+0000] {taskinstance.py:441} INFO - ::group::Post task execution logs
[2025-07-07T14:35:13.962+0000] {taskinstance.py:1206} INFO - Marking task as SUCCESS. dag_id=fin_cotacoes_bcb_classic, task_id=extract, run_id=scheduled__2025-05-10T00:00:00+00:00, execution_date=20250510T000000, start_date=20250707T143513, end_date=20250707T143513
[2025-07-07T14:35:13.992+0000] {local_task_job_runner.py:240} INFO - Task exited with return code 0
[2025-07-07T14:35:14.027+0000] {taskinstance.py:3503} INFO - 0 downstream tasks scheduled from follow-on schedule check
[2025-07-07T14:35:14.028+0000] {local_task_job_runner.py:222} INFO - ::endgroup::
[2025-07-07T15:12:29.751+0000] {local_task_job_runner.py:120} INFO - ::group::Pre task execution logs
[2025-07-07T15:12:29.860+0000] {taskinstance.py:2076} INFO - Dependencies all met for dep_context=non-requeueable deps ti=<TaskInstance: fin_cotacoes_bcb_classic.extract scheduled__2025-05-10T00:00:00+00:00 [queued]>
[2025-07-07T15:12:29.885+0000] {taskinstance.py:2076} INFO - Dependencies all met for dep_context=requeueable deps ti=<TaskInstance: fin_cotacoes_bcb_classic.extract scheduled__2025-05-10T00:00:00+00:00 [queued]>
[2025-07-07T15:12:29.886+0000] {taskinstance.py:2306} INFO - Starting attempt 1 of 2
[2025-07-07T15:12:30.078+0000] {taskinstance.py:2330} INFO - Executing <Task(PythonOperator): extract> on 2025-05-10 00:00:00+00:00
[2025-07-07T15:12:30.127+0000] {logging_mixin.py:188} WARNING - /home/***/.local/lib/python3.12/site-packages/***/task/task_runner/standard_task_runner.py:61 DeprecationWarning: This process (pid=103951) is multi-threaded, use of fork() may lead to deadlocks in the child.
[2025-07-07T15:12:30.128+0000] {standard_task_runner.py:63} INFO - Started process 104034 to run task
[2025-07-07T15:12:30.155+0000] {standard_task_runner.py:90} INFO - Running: ['***', 'tasks', 'run', 'fin_cotacoes_bcb_classic', 'extract', 'scheduled__2025-05-10T00:00:00+00:00', '--job-id', '4245', '--raw', '--subdir', 'DAGS_FOLDER/cotacoes.py', '--cfg-path', '/tmp/tmpu230zcc2']
[2025-07-07T15:12:30.156+0000] {standard_task_runner.py:91} INFO - Job 4245: Subtask extract
[2025-07-07T15:12:30.329+0000] {task_command.py:426} INFO - Running <TaskInstance: fin_cotacoes_bcb_classic.extract scheduled__2025-05-10T00:00:00+00:00 [running]> on host bc96ca91d307
[2025-07-07T15:12:30.562+0000] {taskinstance.py:2648} INFO - Exporting env vars: AIRFLOW_CTX_DAG_OWNER='***' AIRFLOW_CTX_DAG_ID='fin_cotacoes_bcb_classic' AIRFLOW_CTX_TASK_ID='extract' AIRFLOW_CTX_EXECUTION_DATE='2025-05-10T00:00:00+00:00' AIRFLOW_CTX_TRY_NUMBER='1' AIRFLOW_CTX_DAG_RUN_ID='scheduled__2025-05-10T00:00:00+00:00'
[2025-07-07T15:12:30.563+0000] {taskinstance.py:430} INFO - ::endgroup::
[2025-07-07T15:12:30.564+0000] {cotacoes.py:35} INFO - Iniciando extração da URL: https://www4.bcb.gov.br/Download/fechamento/20250510.csv
[2025-07-07T15:12:30.844+0000] {cotacoes.py:46} WARNING - Não foi possível extrair dados da URL (pode ser um dia sem cotação): 404 Client Error: Not Found for url: https://www4.bcb.gov.br/Download/fechamento/20250510.csv
[2025-07-07T15:12:30.846+0000] {python.py:237} INFO - Done. Returned value was: None
[2025-07-07T15:12:30.870+0000] {taskinstance.py:441} INFO - ::group::Post task execution logs
[2025-07-07T15:12:30.896+0000] {taskinstance.py:1206} INFO - Marking task as SUCCESS. dag_id=fin_cotacoes_bcb_classic, task_id=extract, run_id=scheduled__2025-05-10T00:00:00+00:00, execution_date=20250510T000000, start_date=20250707T151229, end_date=20250707T151230
[2025-07-07T15:12:31.430+0000] {local_task_job_runner.py:240} INFO - Task exited with return code 0
[2025-07-07T15:12:31.509+0000] {taskinstance.py:3503} INFO - 1 downstream tasks scheduled from follow-on schedule check
[2025-07-07T15:12:31.513+0000] {local_task_job_runner.py:222} INFO - ::endgroup::
