[2025-07-05T19:34:03.574+0000] {local_task_job_runner.py:120} INFO - ::group::Pre task execution logs
[2025-07-05T19:34:03.653+0000] {taskinstance.py:2076} INFO - Dependencies all met for dep_context=non-requeueable deps ti=<TaskInstance: fin_cotacoes_bcb_classic.extract scheduled__2024-01-22T00:00:00+00:00 [queued]>
[2025-07-05T19:34:03.664+0000] {taskinstance.py:2076} INFO - Dependencies all met for dep_context=requeueable deps ti=<TaskInstance: fin_cotacoes_bcb_classic.extract scheduled__2024-01-22T00:00:00+00:00 [queued]>
[2025-07-05T19:34:03.664+0000] {taskinstance.py:2306} INFO - Starting attempt 1 of 2
[2025-07-05T19:34:03.687+0000] {taskinstance.py:2330} INFO - Executing <Task(PythonOperator): extract> on 2024-01-22 00:00:00+00:00
[2025-07-05T19:34:03.707+0000] {standard_task_runner.py:90} INFO - Running: ['***', 'tasks', 'run', 'fin_cotacoes_bcb_classic', 'extract', 'scheduled__2024-01-22T00:00:00+00:00', '--job-id', '204', '--raw', '--subdir', 'DAGS_FOLDER/cotacoes.py', '--cfg-path', '/tmp/tmptjok6tqj']
[2025-07-05T19:34:03.709+0000] {standard_task_runner.py:91} INFO - Job 204: Subtask extract
[2025-07-05T19:34:03.710+0000] {logging_mixin.py:188} WARNING - /home/***/.local/lib/python3.12/site-packages/***/task/task_runner/standard_task_runner.py:61 DeprecationWarning: This process (pid=4282) is multi-threaded, use of fork() may lead to deadlocks in the child.
[2025-07-05T19:34:03.711+0000] {standard_task_runner.py:63} INFO - Started process 4343 to run task
[2025-07-05T19:34:03.862+0000] {task_command.py:426} INFO - Running <TaskInstance: fin_cotacoes_bcb_classic.extract scheduled__2024-01-22T00:00:00+00:00 [running]> on host 20adb53d65c4
[2025-07-05T19:34:04.117+0000] {taskinstance.py:2648} INFO - Exporting env vars: AIRFLOW_CTX_DAG_OWNER='***' AIRFLOW_CTX_DAG_ID='fin_cotacoes_bcb_classic' AIRFLOW_CTX_TASK_ID='extract' AIRFLOW_CTX_EXECUTION_DATE='2024-01-22T00:00:00+00:00' AIRFLOW_CTX_TRY_NUMBER='1' AIRFLOW_CTX_DAG_RUN_ID='scheduled__2024-01-22T00:00:00+00:00'
[2025-07-05T19:34:04.119+0000] {taskinstance.py:430} INFO - ::endgroup::
[2025-07-05T19:34:04.119+0000] {cotacoes.py:32} WARNING - https://www4.bcb.gov.br/Download/fechamento/20240122.csv
[2025-07-05T19:34:04.376+0000] {python.py:237} INFO - Done. Returned value was: 22/01/2024;005;A;AFN;0,06802000;0,06822000;72,55000000;72,75000000
22/01/2024;009;A;ETB;0,08678000;0,08818000;56,12360000;57,02550000
22/01/2024;015;A;THB;0,13890000;0,13900000;35,60000000;35,63000000
22/01/2024;020;A;PAB;4,94840000;4,94900000;1,00000000;1,00000000
22/01/2024;027;A;VES;0,13690000;0,13730000;36,05550000;36,14590000
22/01/2024;030;A;BOB;0,70690000;0,72250000;6,85000000;7,00000000
22/01/2024;035;A;GHS;0,40760000;0,41100000;12,04000000;12,14000000
22/01/2024;040;A;CRC;0,00962700;0,00963800;513,50000000;514,00000000
22/01/2024;045;A;SVC;0,56490000;0,56560000;8,74950000;8,75950000
22/01/2024;051;A;NIO;0,13370000;0,13660000;36,24000000;37,00000000
22/01/2024;055;A;DKK;0,72220000;0,72230000;6,85170000;6,85230000
22/01/2024;060;A;ISK;0,03624000;0,03631000;136,28000000;136,56000000
22/01/2024;065;A;NOK;0,47090000;0,47110000;10,50460000;10,50770000
22/01/2024;070;A;SEK;0,47350000;0,47370000;10,44800000;10,45020000
22/01/2024;075;A;CZK;0,21720000;0,21740000;22,76900000;22,77900000
22/01/2024;090;A;GMD;0,07277000;0,07403000;66,85000000;68,00000000
22/01/2024;095;A;DZD;0,03677000;0,03692000;134,04010000;134,59240000
22/01/2024;100;A;KWD;16,08190000;16,08910000;0,30760000;0,30770000
22/01/2024;105;A;BHD;13,12570000;13,13080000;0,37690000;0,37700000
22/01/2024;115;A;IQD;0,00377500;0,00378100;1309,00000000;1311,00000000
22/01/2024;125;A;JOD;6,96960000;6,98320000;0,70870000;0,71000000
22/01/2024;130;A;LYD;1,02540000;1,03030000;4,80360000;4,82590000
22/01/2024;132;A;MKD;0,08723000;0,08797000;56,26000000;56,73000000
22/01/2024;133;A;RSD;0,04593000;0,04599000;107,62000000;107,74000000
22/01/2024;134;A;SDG;0,00822400;0,00827000;598,40020000;601,74120000
22/01/2024;135;A;TND;1,58650000;1,59700000;3,09900000;3,11900000
22/01/2024;136;A;SSP;0,00449600;0,00462300;1070,64410000;1100,64410000
22/01/2024;138;B;SDR;6,58880000;6,58960000;1,33150000;1,33150000
22/01/2024;139;A;MAD;0,49790000;0,49830000;9,93260000;9,93760000
22/01/2024;145;A;AED;1,34720000;1,34750000;3,67280000;3,67300000
22/01/2024;149;A;STN;0,21540000;0,21990000;22,50390000;22,97160000
22/01/2024;150;B;AUD;3,26000000;3,26240000;0,65880000;0,65920000
22/01/2024;155;A;BSD;4,94840000;4,94900000;1,00000000;1,00000000
22/01/2024;160;A;BMD;4,94840000;4,94900000;1,00000000;1,00000000
22/01/2024;165;A;CAD;3,67970000;3,68120000;1,34440000;1,34480000
22/01/2024;170;A;GYD;0,02351000;0,02380000;207,98000000;210,45000000
22/01/2024;173;A;NAD;0,25790000;0,25800000;19,18500000;19,18900000
22/01/2024;175;A;BBD;2,42560000;2,47690000;1,99810000;2,04010000
22/01/2024;180;A;BZD;2,43380000;2,47670000;1,99820000;2,03320000
22/01/2024;185;A;BND;3,68790000;3,68970000;1,34130000;1,34180000
22/01/2024;190;A;KYD;5,92620000;5,99880000;0,82500000;0,83500000
22/01/2024;195;A;SGD;3,68790000;3,68970000;1,34130000;1,34180000
22/01/2024;197;B;CLF;200,23700000;200,26130000;40,46500000;40,46500000
22/01/2024;200;B;FJD;2,16000000;2,21470000;0,43650000;0,44750000
22/01/2024;205;A;HKD;0,63290000;0,63300000;7,81790000;7,81800000
22/01/2024;210;A;TTD;0,72490000;0,73240000;6,75690000;6,82600000
22/01/2024;215;A;XCD;1,81930000;1,83300000;2,70000000;2,72000000
22/01/2024;220;A;USD;4,94840000;4,94900000;1,00000000;1,00000000
22/01/2024;230;A;JMD;0,03170000;0,03209000;154,21000000;156,08000000
22/01/2024;235;A;LRD;0,02538000;0,02605000;190,00000000;195,00000000
22/01/2024;245;B;NZD;3,01900000;3,02190000;0,61010000;0,61060000
22/01/2024;250;B;SBD;0,57600000;0,61070000;0,11640000;0,12340000
22/01/2024;255;A;SRD;0,13450000;0,13750000;36,00000000;36,78500000
22/01/2024;260;A;VND;0,00020130;0,00020160;24550,00000000;24580,00000000
22/01/2024;275;A;AMD;0,01218000;0,01225000;404,15000000;406,15000000
22/01/2024;295;A;CVE;0,04840000;0,04887000;101,27000000;102,23000000
22/01/2024;325;A;ANG;2,71890000;2,77330000;1,78450000;1,82000000
22/01/2024;328;A;AWG;2,68930000;2,78030000;1,78000000;1,84000000
22/01/2024;345;A;HUF;0,01405000;0,01406000;351,95000000;352,15000000
22/01/2024;363;A;CDF;0,00176700;0,00183100;2703,00000000;2800,00000000
22/01/2024;365;A;BIF;0,00172600;0,00174500;2836,44000000;2867,44000000
22/01/2024;368;A;KMF;0,01090000;0,01095000;451,84000000;453,84000000
22/01/2024;370;A;XAF;0,00796700;0,00821500;602,46000000;621,12000000
22/01/2024;372;A;XOF;0,00817200;0,00826900;598,50000000;605,50000000
22/01/2024;380;A;XPF;0,04488000;0,04529000;109,28000000;110,27000000
22/01/2024;390;A;DJF;0,02771000;0,02787000;177,55000000;178,55000000
22/01/2024;398;A;GNF;0,00056980;0,00058200;8504,00000000;8685,00000000
22/01/2024;406;A;MGA;0,00107600;0,00109400;4525,00000000;4600,00000000
22/01/2024;420;A;RWF;0,00387700;0,00393000;1259,40000000;1276,40000000
22/01/2024;425;A;CHF;5,69170000;5,69510000;0,86900000;0,86940000
22/01/2024;440;A;HTG;0,03738000;0,03773000;131,17650000;132,37690000
22/01/2024;450;A;PYG;0,00067690;0,00067770;7302,40000000;7309,96000000
22/01/2024;460;A;UAH;0,13210000;0,13230000;37,42060000;37,46800000
22/01/2024;470;A;JPY;0,03346000;0,03348000;147,84000000;147,87000000
22/01/2024;482;A;GEL;1,84500000;1,88030000;2,63200000;2,68200000
22/01/2024;490;A;ALL;0,05177000;0,05208000;95,03000000;95,58000000
22/01/2024;495;A;HNL;0,20030000;0,20110000;24,61000000;24,71000000
22/01/2024;500;A;SLL;0,00021600;0,00021820;22683,00000000;22908,00000000
22/01/2024;503;A;MDL;0,27880000;0,28040000;17,65000000;17,75000000
22/01/2024;506;A;RON;1,08150000;1,08280000;4,57070000;4,57570000
22/01/2024;510;A;BGN;2,75340000;2,75480000;1,79650000;1,79720000
22/01/2024;530;B;GIP;6,29040000;6,29610000;1,27120000;1,27220000
22/01/2024;535;A;EGP;0,15990000;0,16040000;30,85000000;30,95000000
22/01/2024;540;B;GBP;6,29440000;6,29560000;1,27200000;1,27210000
22/01/2024;545;B;FKP;6,29040000;6,29610000;1,27120000;1,27220000
22/01/2024;560;A;LBP;0,00032860;0,00032990;15000,00000000;15060,00000000
22/01/2024;570;B;SHP;6,29540000;6,30110000;1,27220000;1,27320000
22/01/2024;575;A;SYP;0,00038060;0,00038070;13000,00000000;13003,00000000
22/01/2024;585;A;SZL;0,25790000;0,25800000;19,18500000;19,18900000
22/01/2024;603;A;LSL;0,25790000;0,25820000;19,16520000;19,18790000
22/01/2024;608;A;TMT;1,41380000;1,41810000;3,49000000;3,50000000
22/01/2024;622;A;MZN;0,07680000;0,07827000;63,23000000;64,43000000
22/01/2024;625;A;ERN;0,32660000;0,32990000;15,00000000;15,15000000
22/01/2024;630;A;NGN;0,00554800;0,00556100;890,01000000;892,01000000
22/01/2024;635;A;AOA;0,00575400;0,00582900;849,00000000;860,00000000
22/01/2024;640;A;TWD;0,15770000;0,15780000;31,35800000;31,38800000
22/01/2024;642;A;TRY;0,16350000;0,16360000;30,25520000;30,26010000
22/01/2024;660;A;PEN;1,32210000;1,32240000;3,74240000;3,74290000
22/01/2024;665;A;BTN;0,05949000;0,05954000;83,12200000;83,17700000
22/01/2024;670;A;MRO;0,01378000;0,01390000;356,00000000;359,00000000
22/01/2024;671;A;MRU;0,12400000;0,12440000;39,79000000;39,91000000
22/01/2024;680;B;TOP;2,05510000;2,17900000;0,41530000;0,44030000
22/01/2024;685;A;MOP;0,61390000;0,61460000;8,05200000;8,06000000
22/01/2024;706;A;ARS;0,00602400;0,00602500;821,40000000;821,50000000
22/01/2024;715;A;CLP;0,00544300;0,00544800;908,40000000;909,10000000
22/01/2024;720;A;COP;0,00126400;0,00126600;3909,25000000;3914,75000000
22/01/2024;721;B;COU;0,45380000;0,45380000;0,09170000;0,09170000
22/01/2024;725;A;CUP;0,20620000;0,20620000;24,00000000;24,00000000
22/01/2024;730;A;DOP;0,08377000;0,08420000;58,78000000;59,07000000
22/01/2024;735;A;PHP;0,08793000;0,08797000;56,25500000;56,27500000
22/01/2024;741;A;MXN;0,28870000;0,28880000;17,13600000;17,14300000
22/01/2024;745;A;UYU;0,12660000;0,12670000;39,05000000;39,09000000
22/01/2024;755;B;BWP;0,35970000;0,36130000;0,07270000;0,07300000
22/01/2024;760;A;MWK;0,00291100;0,00296900;1666,74000000;1700,04000000
22/01/2024;766;A;ZMW;0,18650000;0,18690000;26,48190000;26,53140000
22/01/2024;770;A;GTQ;0,63170000;0,63340000;7,81300000;7,83300000
22/01/2024;775;A;MMK;0,00234900;0,00236400;2093,70000000;2106,30000000
22/01/2024;778;B;PGK;1,27970000;1,36890000;0,25860000;0,27660000
22/01/2024;780;A;LAK;0,00023860;0,00024010;20611,00000000;20736,00000000
22/01/2024;785;A;ZAR;0,25790000;0,25800000;19,18470000;19,19100000
22/01/2024;795;A;CNY;0,68790000;0,68810000;7,19200000;7,19370000
22/01/2024;796;A;CNH;0,68720000;0,68740000;7,19970000;7,20070000
22/01/2024;800;A;QAR;1,35680000;1,35780000;3,64500000;3,64700000
22/01/2024;805;A;OMR;12,84960000;12,85790000;0,38490000;0,38510000
22/01/2024;810;A;YER;0,01976000;0,01980000;249,98000000;250,48000000
22/01/2024;815;A;IRR;0,00011780;0,00011780;42000,00000000;42005,00000000
22/01/2024;820;A;SAR;1,31930000;1,31960000;3,75050000;3,75070000
22/01/2024;825;A;KHR;0,00121100;0,00121700;4066,00000000;4086,00000000
22/01/2024;828;A;MYR;1,04640000;1,04760000;4,72400000;4,72900000
22/01/2024;830;A;RUB;0,05608000;0,05631000;87,88100000;88,23700000
22/01/2024;831;A;BYN;1,50910000;1,51530000;3,26610000;3,27910000
22/01/2024;835;A;TJS;0,45270000;0,45490000;10,88000000;10,93000000
22/01/2024;840;A;MUR;0,11120000;0,11200000;44,19000000;44,49000000
22/01/2024;845;A;NPR;0,03723000;0,03724000;132,90000000;132,92000000
22/01/2024;850;A;SCR;0,33790000;0,35620000;13,89510000;14,64540000
22/01/2024;855;A;LKR;0,01546000;0,01548000;319,80000000;320,10000000
22/01/2024;860;A;INR;0,05952000;0,05957000;83,07700000;83,13200000
22/01/2024;865;A;IDR;0,00031640;0,00031660;15630,00000000;15640,00000000
22/01/2024;870;A;MVR;0,31930000;0,32090000;15,42000000;15,50000000
22/01/2024;875;A;PKR;0,01768000;0,01770000;279,60000000;279,90000000
22/01/2024;880;A;ILS;1,31370000;1,31600000;3,76070000;3,76670000
22/01/2024;892;A;KGS;0,05538000;0,05542000;89,30740000;89,36170000
22/01/2024;893;A;UZS;0,00039830;0,00039870;12413,01000000;12423,01000000
22/01/2024;905;A;BDT;0,04499000;0,04520000;109,50000000;110,00000000
22/01/2024;912;B;WST;1,75920000;1,86820000;0,35550000;0,37750000
22/01/2024;913;A;KZT;0,01105000;0,01106000;447,55000000;447,65000000
22/01/2024;915;A;MNT;0,00143400;0,00145600;3400,00000000;3450,00000000
22/01/2024;920;A;VUV;0,04007000;0,04183000;118,30000000;123,50000000
22/01/2024;930;A;KRW;0,00369200;0,00369300;1339,99000000;1340,32000000
22/01/2024;946;A;TZS;0,00196000;0,00196800;2515,00000000;2525,00000000
22/01/2024;950;A;KES;0,03036000;0,03055000;162,00000000;163,00000000
22/01/2024;955;A;UGX;0,00129500;0,00129900;3810,00000000;3820,00000000
22/01/2024;960;A;SOS;0,00860600;0,00871300;568,00000000;575,00000000
22/01/2024;975;A;PLN;1,23420000;1,23480000;4,00780000;4,00930000
22/01/2024;978;B;EUR;5,38630000;5,38750000;1,08850000;1,08860000
22/01/2024;998;A;XAU;321,95190000;321,99090000;0,01537000;0,01537000

[2025-07-05T19:34:04.377+0000] {taskinstance.py:441} INFO - ::group::Post task execution logs
[2025-07-05T19:34:04.475+0000] {taskinstance.py:1206} INFO - Marking task as SUCCESS. dag_id=fin_cotacoes_bcb_classic, task_id=extract, run_id=scheduled__2024-01-22T00:00:00+00:00, execution_date=20240122T000000, start_date=20250705T193403, end_date=20250705T193404
[2025-07-05T19:34:04.902+0000] {local_task_job_runner.py:240} INFO - Task exited with return code 0
[2025-07-05T19:34:04.951+0000] {logging_mixin.py:188} WARNING - /home/***/.local/lib/python3.12/site-packages/***/models/baseoperator.py:1297 AirflowProviderDeprecationWarning: Call to deprecated class PostgresOperator. (Please use `***.providers.common.sql.operators.sql.SQLExecuteQueryOperator`.Also, you can provide `hook_params={'schema': <database>}`.)
[2025-07-05T19:34:05.027+0000] {taskinstance.py:3503} INFO - 1 downstream tasks scheduled from follow-on schedule check
[2025-07-05T19:34:05.032+0000] {local_task_job_runner.py:222} INFO - ::endgroup::
[2025-07-07T15:03:10.680+0000] {local_task_job_runner.py:120} INFO - ::group::Pre task execution logs
[2025-07-07T15:03:10.974+0000] {taskinstance.py:2076} INFO - Dependencies all met for dep_context=non-requeueable deps ti=<TaskInstance: fin_cotacoes_bcb_classic.extract scheduled__2024-01-22T00:00:00+00:00 [queued]>
[2025-07-07T15:03:11.012+0000] {taskinstance.py:2076} INFO - Dependencies all met for dep_context=requeueable deps ti=<TaskInstance: fin_cotacoes_bcb_classic.extract scheduled__2024-01-22T00:00:00+00:00 [queued]>
[2025-07-07T15:03:11.012+0000] {taskinstance.py:2306} INFO - Starting attempt 1 of 2
[2025-07-07T15:03:11.251+0000] {taskinstance.py:2330} INFO - Executing <Task(PythonOperator): extract> on 2024-01-22 00:00:00+00:00
[2025-07-07T15:03:11.301+0000] {standard_task_runner.py:90} INFO - Running: ['***', 'tasks', 'run', 'fin_cotacoes_bcb_classic', 'extract', 'scheduled__2024-01-22T00:00:00+00:00', '--job-id', '2823', '--raw', '--subdir', 'DAGS_FOLDER/cotacoes.py', '--cfg-path', '/tmp/tmpmbodusmi']
[2025-07-07T15:03:11.303+0000] {standard_task_runner.py:91} INFO - Job 2823: Subtask extract
[2025-07-07T15:03:11.309+0000] {logging_mixin.py:188} WARNING - /home/***/.local/lib/python3.12/site-packages/***/task/task_runner/standard_task_runner.py:61 DeprecationWarning: This process (pid=94859) is multi-threaded, use of fork() may lead to deadlocks in the child.
[2025-07-07T15:03:11.310+0000] {standard_task_runner.py:63} INFO - Started process 95001 to run task
[2025-07-07T15:03:11.484+0000] {task_command.py:426} INFO - Running <TaskInstance: fin_cotacoes_bcb_classic.extract scheduled__2024-01-22T00:00:00+00:00 [running]> on host bc96ca91d307
[2025-07-07T15:03:11.731+0000] {taskinstance.py:2648} INFO - Exporting env vars: AIRFLOW_CTX_DAG_OWNER='***' AIRFLOW_CTX_DAG_ID='fin_cotacoes_bcb_classic' AIRFLOW_CTX_TASK_ID='extract' AIRFLOW_CTX_EXECUTION_DATE='2024-01-22T00:00:00+00:00' AIRFLOW_CTX_TRY_NUMBER='1' AIRFLOW_CTX_DAG_RUN_ID='scheduled__2024-01-22T00:00:00+00:00'
[2025-07-07T15:03:11.732+0000] {taskinstance.py:430} INFO - ::endgroup::
[2025-07-07T15:03:11.733+0000] {cotacoes.py:35} INFO - Iniciando extração da URL: https://www4.bcb.gov.br/Download/fechamento/20240122.csv
[2025-07-07T15:03:12.124+0000] {cotacoes.py:41} INFO - Extração concluída com sucesso.
[2025-07-07T15:03:12.129+0000] {python.py:237} INFO - Done. Returned value was: 22/01/2024;005;A;AFN;0,06802000;0,06822000;72,55000000;72,75000000
22/01/2024;009;A;ETB;0,08678000;0,08818000;56,12360000;57,02550000
22/01/2024;015;A;THB;0,13890000;0,13900000;35,60000000;35,63000000
22/01/2024;020;A;PAB;4,94840000;4,94900000;1,00000000;1,00000000
22/01/2024;027;A;VES;0,13690000;0,13730000;36,05550000;36,14590000
22/01/2024;030;A;BOB;0,70690000;0,72250000;6,85000000;7,00000000
22/01/2024;035;A;GHS;0,40760000;0,41100000;12,04000000;12,14000000
22/01/2024;040;A;CRC;0,00962700;0,00963800;513,50000000;514,00000000
22/01/2024;045;A;SVC;0,56490000;0,56560000;8,74950000;8,75950000
22/01/2024;051;A;NIO;0,13370000;0,13660000;36,24000000;37,00000000
22/01/2024;055;A;DKK;0,72220000;0,72230000;6,85170000;6,85230000
22/01/2024;060;A;ISK;0,03624000;0,03631000;136,28000000;136,56000000
22/01/2024;065;A;NOK;0,47090000;0,47110000;10,50460000;10,50770000
22/01/2024;070;A;SEK;0,47350000;0,47370000;10,44800000;10,45020000
22/01/2024;075;A;CZK;0,21720000;0,21740000;22,76900000;22,77900000
22/01/2024;090;A;GMD;0,07277000;0,07403000;66,85000000;68,00000000
22/01/2024;095;A;DZD;0,03677000;0,03692000;134,04010000;134,59240000
22/01/2024;100;A;KWD;16,08190000;16,08910000;0,30760000;0,30770000
22/01/2024;105;A;BHD;13,12570000;13,13080000;0,37690000;0,37700000
22/01/2024;115;A;IQD;0,00377500;0,00378100;1309,00000000;1311,00000000
22/01/2024;125;A;JOD;6,96960000;6,98320000;0,70870000;0,71000000
22/01/2024;130;A;LYD;1,02540000;1,03030000;4,80360000;4,82590000
22/01/2024;132;A;MKD;0,08723000;0,08797000;56,26000000;56,73000000
22/01/2024;133;A;RSD;0,04593000;0,04599000;107,62000000;107,74000000
22/01/2024;134;A;SDG;0,00822400;0,00827000;598,40020000;601,74120000
22/01/2024;135;A;TND;1,58650000;1,59700000;3,09900000;3,11900000
22/01/2024;136;A;SSP;0,00449600;0,00462300;1070,64410000;1100,64410000
22/01/2024;138;B;SDR;6,58880000;6,58960000;1,33150000;1,33150000
22/01/2024;139;A;MAD;0,49790000;0,49830000;9,93260000;9,93760000
22/01/2024;145;A;AED;1,34720000;1,34750000;3,67280000;3,67300000
22/01/2024;149;A;STN;0,21540000;0,21990000;22,50390000;22,97160000
22/01/2024;150;B;AUD;3,26000000;3,26240000;0,65880000;0,65920000
22/01/2024;155;A;BSD;4,94840000;4,94900000;1,00000000;1,00000000
22/01/2024;160;A;BMD;4,94840000;4,94900000;1,00000000;1,00000000
22/01/2024;165;A;CAD;3,67970000;3,68120000;1,34440000;1,34480000
22/01/2024;170;A;GYD;0,02351000;0,02380000;207,98000000;210,45000000
22/01/2024;173;A;NAD;0,25790000;0,25800000;19,18500000;19,18900000
22/01/2024;175;A;BBD;2,42560000;2,47690000;1,99810000;2,04010000
22/01/2024;180;A;BZD;2,43380000;2,47670000;1,99820000;2,03320000
22/01/2024;185;A;BND;3,68790000;3,68970000;1,34130000;1,34180000
22/01/2024;190;A;KYD;5,92620000;5,99880000;0,82500000;0,83500000
22/01/2024;195;A;SGD;3,68790000;3,68970000;1,34130000;1,34180000
22/01/2024;197;B;CLF;200,23700000;200,26130000;40,46500000;40,46500000
22/01/2024;200;B;FJD;2,16000000;2,21470000;0,43650000;0,44750000
22/01/2024;205;A;HKD;0,63290000;0,63300000;7,81790000;7,81800000
22/01/2024;210;A;TTD;0,72490000;0,73240000;6,75690000;6,82600000
22/01/2024;215;A;XCD;1,81930000;1,83300000;2,70000000;2,72000000
22/01/2024;220;A;USD;4,94840000;4,94900000;1,00000000;1,00000000
22/01/2024;230;A;JMD;0,03170000;0,03209000;154,21000000;156,08000000
22/01/2024;235;A;LRD;0,02538000;0,02605000;190,00000000;195,00000000
22/01/2024;245;B;NZD;3,01900000;3,02190000;0,61010000;0,61060000
22/01/2024;250;B;SBD;0,57600000;0,61070000;0,11640000;0,12340000
22/01/2024;255;A;SRD;0,13450000;0,13750000;36,00000000;36,78500000
22/01/2024;260;A;VND;0,00020130;0,00020160;24550,00000000;24580,00000000
22/01/2024;275;A;AMD;0,01218000;0,01225000;404,15000000;406,15000000
22/01/2024;295;A;CVE;0,04840000;0,04887000;101,27000000;102,23000000
22/01/2024;325;A;ANG;2,71890000;2,77330000;1,78450000;1,82000000
22/01/2024;328;A;AWG;2,68930000;2,78030000;1,78000000;1,84000000
22/01/2024;345;A;HUF;0,01405000;0,01406000;351,95000000;352,15000000
22/01/2024;363;A;CDF;0,00176700;0,00183100;2703,00000000;2800,00000000
22/01/2024;365;A;BIF;0,00172600;0,00174500;2836,44000000;2867,44000000
22/01/2024;368;A;KMF;0,01090000;0,01095000;451,84000000;453,84000000
22/01/2024;370;A;XAF;0,00796700;0,00821500;602,46000000;621,12000000
22/01/2024;372;A;XOF;0,00817200;0,00826900;598,50000000;605,50000000
22/01/2024;380;A;XPF;0,04488000;0,04529000;109,28000000;110,27000000
22/01/2024;390;A;DJF;0,02771000;0,02787000;177,55000000;178,55000000
22/01/2024;398;A;GNF;0,00056980;0,00058200;8504,00000000;8685,00000000
22/01/2024;406;A;MGA;0,00107600;0,00109400;4525,00000000;4600,00000000
22/01/2024;420;A;RWF;0,00387700;0,00393000;1259,40000000;1276,40000000
22/01/2024;425;A;CHF;5,69170000;5,69510000;0,86900000;0,86940000
22/01/2024;440;A;HTG;0,03738000;0,03773000;131,17650000;132,37690000
22/01/2024;450;A;PYG;0,00067690;0,00067770;7302,40000000;7309,96000000
22/01/2024;460;A;UAH;0,13210000;0,13230000;37,42060000;37,46800000
22/01/2024;470;A;JPY;0,03346000;0,03348000;147,84000000;147,87000000
22/01/2024;482;A;GEL;1,84500000;1,88030000;2,63200000;2,68200000
22/01/2024;490;A;ALL;0,05177000;0,05208000;95,03000000;95,58000000
22/01/2024;495;A;HNL;0,20030000;0,20110000;24,61000000;24,71000000
22/01/2024;500;A;SLL;0,00021600;0,00021820;22683,00000000;22908,00000000
22/01/2024;503;A;MDL;0,27880000;0,28040000;17,65000000;17,75000000
22/01/2024;506;A;RON;1,08150000;1,08280000;4,57070000;4,57570000
22/01/2024;510;A;BGN;2,75340000;2,75480000;1,79650000;1,79720000
22/01/2024;530;B;GIP;6,29040000;6,29610000;1,27120000;1,27220000
22/01/2024;535;A;EGP;0,15990000;0,16040000;30,85000000;30,95000000
22/01/2024;540;B;GBP;6,29440000;6,29560000;1,27200000;1,27210000
22/01/2024;545;B;FKP;6,29040000;6,29610000;1,27120000;1,27220000
22/01/2024;560;A;LBP;0,00032860;0,00032990;15000,00000000;15060,00000000
22/01/2024;570;B;SHP;6,29540000;6,30110000;1,27220000;1,27320000
22/01/2024;575;A;SYP;0,00038060;0,00038070;13000,00000000;13003,00000000
22/01/2024;585;A;SZL;0,25790000;0,25800000;19,18500000;19,18900000
22/01/2024;603;A;LSL;0,25790000;0,25820000;19,16520000;19,18790000
22/01/2024;608;A;TMT;1,41380000;1,41810000;3,49000000;3,50000000
22/01/2024;622;A;MZN;0,07680000;0,07827000;63,23000000;64,43000000
22/01/2024;625;A;ERN;0,32660000;0,32990000;15,00000000;15,15000000
22/01/2024;630;A;NGN;0,00554800;0,00556100;890,01000000;892,01000000
22/01/2024;635;A;AOA;0,00575400;0,00582900;849,00000000;860,00000000
22/01/2024;640;A;TWD;0,15770000;0,15780000;31,35800000;31,38800000
22/01/2024;642;A;TRY;0,16350000;0,16360000;30,25520000;30,26010000
22/01/2024;660;A;PEN;1,32210000;1,32240000;3,74240000;3,74290000
22/01/2024;665;A;BTN;0,05949000;0,05954000;83,12200000;83,17700000
22/01/2024;670;A;MRO;0,01378000;0,01390000;356,00000000;359,00000000
22/01/2024;671;A;MRU;0,12400000;0,12440000;39,79000000;39,91000000
22/01/2024;680;B;TOP;2,05510000;2,17900000;0,41530000;0,44030000
22/01/2024;685;A;MOP;0,61390000;0,61460000;8,05200000;8,06000000
22/01/2024;706;A;ARS;0,00602400;0,00602500;821,40000000;821,50000000
22/01/2024;715;A;CLP;0,00544300;0,00544800;908,40000000;909,10000000
22/01/2024;720;A;COP;0,00126400;0,00126600;3909,25000000;3914,75000000
22/01/2024;721;B;COU;0,45380000;0,45380000;0,09170000;0,09170000
22/01/2024;725;A;CUP;0,20620000;0,20620000;24,00000000;24,00000000
22/01/2024;730;A;DOP;0,08377000;0,08420000;58,78000000;59,07000000
22/01/2024;735;A;PHP;0,08793000;0,08797000;56,25500000;56,27500000
22/01/2024;741;A;MXN;0,28870000;0,28880000;17,13600000;17,14300000
22/01/2024;745;A;UYU;0,12660000;0,12670000;39,05000000;39,09000000
22/01/2024;755;B;BWP;0,35970000;0,36130000;0,07270000;0,07300000
22/01/2024;760;A;MWK;0,00291100;0,00296900;1666,74000000;1700,04000000
22/01/2024;766;A;ZMW;0,18650000;0,18690000;26,48190000;26,53140000
22/01/2024;770;A;GTQ;0,63170000;0,63340000;7,81300000;7,83300000
22/01/2024;775;A;MMK;0,00234900;0,00236400;2093,70000000;2106,30000000
22/01/2024;778;B;PGK;1,27970000;1,36890000;0,25860000;0,27660000
22/01/2024;780;A;LAK;0,00023860;0,00024010;20611,00000000;20736,00000000
22/01/2024;785;A;ZAR;0,25790000;0,25800000;19,18470000;19,19100000
22/01/2024;795;A;CNY;0,68790000;0,68810000;7,19200000;7,19370000
22/01/2024;796;A;CNH;0,68720000;0,68740000;7,19970000;7,20070000
22/01/2024;800;A;QAR;1,35680000;1,35780000;3,64500000;3,64700000
22/01/2024;805;A;OMR;12,84960000;12,85790000;0,38490000;0,38510000
22/01/2024;810;A;YER;0,01976000;0,01980000;249,98000000;250,48000000
22/01/2024;815;A;IRR;0,00011780;0,00011780;42000,00000000;42005,00000000
22/01/2024;820;A;SAR;1,31930000;1,31960000;3,75050000;3,75070000
22/01/2024;825;A;KHR;0,00121100;0,00121700;4066,00000000;4086,00000000
22/01/2024;828;A;MYR;1,04640000;1,04760000;4,72400000;4,72900000
22/01/2024;830;A;RUB;0,05608000;0,05631000;87,88100000;88,23700000
22/01/2024;831;A;BYN;1,50910000;1,51530000;3,26610000;3,27910000
22/01/2024;835;A;TJS;0,45270000;0,45490000;10,88000000;10,93000000
22/01/2024;840;A;MUR;0,11120000;0,11200000;44,19000000;44,49000000
22/01/2024;845;A;NPR;0,03723000;0,03724000;132,90000000;132,92000000
22/01/2024;850;A;SCR;0,33790000;0,35620000;13,89510000;14,64540000
22/01/2024;855;A;LKR;0,01546000;0,01548000;319,80000000;320,10000000
22/01/2024;860;A;INR;0,05952000;0,05957000;83,07700000;83,13200000
22/01/2024;865;A;IDR;0,00031640;0,00031660;15630,00000000;15640,00000000
22/01/2024;870;A;MVR;0,31930000;0,32090000;15,42000000;15,50000000
22/01/2024;875;A;PKR;0,01768000;0,01770000;279,60000000;279,90000000
22/01/2024;880;A;ILS;1,31370000;1,31600000;3,76070000;3,76670000
22/01/2024;892;A;KGS;0,05538000;0,05542000;89,30740000;89,36170000
22/01/2024;893;A;UZS;0,00039830;0,00039870;12413,01000000;12423,01000000
22/01/2024;905;A;BDT;0,04499000;0,04520000;109,50000000;110,00000000
22/01/2024;912;B;WST;1,75920000;1,86820000;0,35550000;0,37750000
22/01/2024;913;A;KZT;0,01105000;0,01106000;447,55000000;447,65000000
22/01/2024;915;A;MNT;0,00143400;0,00145600;3400,00000000;3450,00000000
22/01/2024;920;A;VUV;0,04007000;0,04183000;118,30000000;123,50000000
22/01/2024;930;A;KRW;0,00369200;0,00369300;1339,99000000;1340,32000000
22/01/2024;946;A;TZS;0,00196000;0,00196800;2515,00000000;2525,00000000
22/01/2024;950;A;KES;0,03036000;0,03055000;162,00000000;163,00000000
22/01/2024;955;A;UGX;0,00129500;0,00129900;3810,00000000;3820,00000000
22/01/2024;960;A;SOS;0,00860600;0,00871300;568,00000000;575,00000000
22/01/2024;975;A;PLN;1,23420000;1,23480000;4,00780000;4,00930000
22/01/2024;978;B;EUR;5,38630000;5,38750000;1,08850000;1,08860000
22/01/2024;998;A;XAU;321,95190000;321,99090000;0,01537000;0,01537000

[2025-07-07T15:03:12.130+0000] {taskinstance.py:441} INFO - ::group::Post task execution logs
[2025-07-07T15:03:12.179+0000] {taskinstance.py:1206} INFO - Marking task as SUCCESS. dag_id=fin_cotacoes_bcb_classic, task_id=extract, run_id=scheduled__2024-01-22T00:00:00+00:00, execution_date=20240122T000000, start_date=20250707T150310, end_date=20250707T150312
[2025-07-07T15:03:12.351+0000] {local_task_job_runner.py:240} INFO - Task exited with return code 0
[2025-07-07T15:03:12.403+0000] {taskinstance.py:3503} INFO - 1 downstream tasks scheduled from follow-on schedule check
[2025-07-07T15:03:12.410+0000] {local_task_job_runner.py:222} INFO - ::endgroup::
