[2025-07-07T13:47:16.054+0000] {local_task_job_runner.py:120} INFO - ::group::Pre task execution logs
[2025-07-07T13:47:16.089+0000] {taskinstance.py:2076} INFO - Dependencies all met for dep_context=non-requeueable deps ti=<TaskInstance: fin_cotacoes_bcb_classic.create_table_postgres scheduled__2024-01-27T00:00:00+00:00 [queued]>
[2025-07-07T13:47:16.101+0000] {taskinstance.py:2076} INFO - Dependencies all met for dep_context=requeueable deps ti=<TaskInstance: fin_cotacoes_bcb_classic.create_table_postgres scheduled__2024-01-27T00:00:00+00:00 [queued]>
[2025-07-07T13:47:16.101+0000] {taskinstance.py:2306} INFO - Starting attempt 1 of 2
[2025-07-07T13:47:16.114+0000] {taskinstance.py:2330} INFO - Executing <Task(SQLExecuteQueryOperator): create_table_postgres> on 2024-01-27 00:00:00+00:00
[2025-07-07T13:47:16.124+0000] {logging_mixin.py:188} WARNING - /home/***/.local/lib/python3.12/site-packages/***/task/task_runner/standard_task_runner.py:61 DeprecationWarning: This process (pid=51396) is multi-threaded, use of fork() may lead to deadlocks in the child.
[2025-07-07T13:47:16.124+0000] {standard_task_runner.py:90} INFO - Running: ['***', 'tasks', 'run', 'fin_cotacoes_bcb_classic', 'create_table_postgres', 'scheduled__2024-01-27T00:00:00+00:00', '--job-id', '1665', '--raw', '--subdir', 'DAGS_FOLDER/cotacoes.py', '--cfg-path', '/tmp/tmpq28vl5qd']
[2025-07-07T13:47:16.126+0000] {standard_task_runner.py:63} INFO - Started process 51426 to run task
[2025-07-07T13:47:16.126+0000] {standard_task_runner.py:91} INFO - Job 1665: Subtask create_table_postgres
[2025-07-07T13:47:16.192+0000] {task_command.py:426} INFO - Running <TaskInstance: fin_cotacoes_bcb_classic.create_table_postgres scheduled__2024-01-27T00:00:00+00:00 [running]> on host bc96ca91d307
[2025-07-07T13:47:16.286+0000] {taskinstance.py:2648} INFO - Exporting env vars: AIRFLOW_CTX_DAG_OWNER='***' AIRFLOW_CTX_DAG_ID='fin_cotacoes_bcb_classic' AIRFLOW_CTX_TASK_ID='create_table_postgres' AIRFLOW_CTX_EXECUTION_DATE='2024-01-27T00:00:00+00:00' AIRFLOW_CTX_TRY_NUMBER='1' AIRFLOW_CTX_DAG_RUN_ID='scheduled__2024-01-27T00:00:00+00:00'
[2025-07-07T13:47:16.288+0000] {taskinstance.py:430} INFO - ::endgroup::
[2025-07-07T13:47:16.288+0000] {sql.py:276} INFO - Executing: 
CREATE TABLE IF NOT EXISTS cotacoes (
    dt_fechamento DATE,
    cod_moeda TEXT,
    tipo_moeda TEXT,
    desc_moeda TEXT,
    taxa_compra REAL,
    taxa_venda REAL,
    paridade_compra REAL,
    paridade_venda REAL,
    data_processamento TIMESTAMP,
    CONSTRAINT table_pk PRIMARY KEY (dt_fechamento, cod_moeda)
);
[2025-07-07T13:47:16.299+0000] {base.py:84} INFO - Using connection ID '***-postgres' for task execution.
[2025-07-07T13:47:16.307+0000] {base.py:84} INFO - Using connection ID '***-postgres' for task execution.
[2025-07-07T13:47:16.320+0000] {taskinstance.py:441} INFO - ::group::Post task execution logs
[2025-07-07T13:47:16.320+0000] {taskinstance.py:2905} ERROR - Task failed with exception
Traceback (most recent call last):
  File "/home/airflow/.local/lib/python3.12/site-packages/airflow/models/taskinstance.py", line 465, in _execute_task
    result = _execute_callable(context=context, **execute_callable_kwargs)
             ^^^^^^^^^^^^^^^^^^^^^^^^^^^^^^^^^^^^^^^^^^^^^^^^^^^^^^^^^^^^^
  File "/home/airflow/.local/lib/python3.12/site-packages/airflow/models/taskinstance.py", line 432, in _execute_callable
    return execute_callable(context=context, **execute_callable_kwargs)
           ^^^^^^^^^^^^^^^^^^^^^^^^^^^^^^^^^^^^^^^^^^^^^^^^^^^^^^^^^^^^
  File "/home/airflow/.local/lib/python3.12/site-packages/airflow/models/baseoperator.py", line 401, in wrapper
    return func(self, *args, **kwargs)
           ^^^^^^^^^^^^^^^^^^^^^^^^^^^
  File "/home/airflow/.local/lib/python3.12/site-packages/airflow/providers/common/sql/operators/sql.py", line 282, in execute
    output = hook.run(
             ^^^^^^^^^
  File "/home/airflow/.local/lib/python3.12/site-packages/airflow/providers/common/sql/hooks/sql.py", line 431, in run
    with self._create_autocommit_connection(autocommit) as conn:
  File "/usr/local/lib/python3.12/contextlib.py", line 137, in __enter__
    return next(self.gen)
           ^^^^^^^^^^^^^^
  File "/home/airflow/.local/lib/python3.12/site-packages/airflow/providers/common/sql/hooks/sql.py", line 551, in _create_autocommit_connection
    with closing(self.get_conn()) as conn:
                 ^^^^^^^^^^^^^^^
  File "/home/airflow/.local/lib/python3.12/site-packages/airflow/providers/postgres/hooks/postgres.py", line 175, in get_conn
    self.conn = psycopg2.connect(**conn_args)
                ^^^^^^^^^^^^^^^^^^^^^^^^^^^^^
  File "/home/airflow/.local/lib/python3.12/site-packages/psycopg2/__init__.py", line 122, in connect
    conn = _connect(dsn, connection_factory=connection_factory, **kwasync)
           ^^^^^^^^^^^^^^^^^^^^^^^^^^^^^^^^^^^^^^^^^^^^^^^^^^^^^^^^^^^^^^^
psycopg2.OperationalError: could not translate host name "host.docker.internal" to address: Name or service not known

[2025-07-07T13:47:16.333+0000] {taskinstance.py:1206} INFO - Marking task as UP_FOR_RETRY. dag_id=fin_cotacoes_bcb_classic, task_id=create_table_postgres, run_id=scheduled__2024-01-27T00:00:00+00:00, execution_date=20240127T000000, start_date=20250707T134716, end_date=20250707T134716
[2025-07-07T13:47:16.345+0000] {standard_task_runner.py:110} ERROR - Failed to execute job 1665 for task create_table_postgres (could not translate host name "host.docker.internal" to address: Name or service not known
; 51426)
[2025-07-07T13:47:16.381+0000] {local_task_job_runner.py:240} INFO - Task exited with return code 1
[2025-07-07T13:47:16.405+0000] {taskinstance.py:3503} INFO - 0 downstream tasks scheduled from follow-on schedule check
[2025-07-07T13:47:16.406+0000] {local_task_job_runner.py:222} INFO - ::endgroup::
[2025-07-07T15:03:15.712+0000] {local_task_job_runner.py:120} INFO - ::group::Pre task execution logs
[2025-07-07T15:03:15.861+0000] {taskinstance.py:2076} INFO - Dependencies all met for dep_context=non-requeueable deps ti=<TaskInstance: fin_cotacoes_bcb_classic.create_table_postgres scheduled__2024-01-27T00:00:00+00:00 [queued]>
[2025-07-07T15:03:15.895+0000] {taskinstance.py:2076} INFO - Dependencies all met for dep_context=requeueable deps ti=<TaskInstance: fin_cotacoes_bcb_classic.create_table_postgres scheduled__2024-01-27T00:00:00+00:00 [queued]>
[2025-07-07T15:03:15.895+0000] {taskinstance.py:2306} INFO - Starting attempt 1 of 2
[2025-07-07T15:03:15.993+0000] {taskinstance.py:2330} INFO - Executing <Task(SQLExecuteQueryOperator): create_table_postgres> on 2024-01-27 00:00:00+00:00
[2025-07-07T15:03:16.041+0000] {logging_mixin.py:188} WARNING - /home/***/.local/lib/python3.12/site-packages/***/task/task_runner/standard_task_runner.py:61 DeprecationWarning: This process (pid=94960) is multi-threaded, use of fork() may lead to deadlocks in the child.
[2025-07-07T15:03:16.042+0000] {standard_task_runner.py:63} INFO - Started process 95073 to run task
[2025-07-07T15:03:16.031+0000] {standard_task_runner.py:90} INFO - Running: ['***', 'tasks', 'run', 'fin_cotacoes_bcb_classic', 'create_table_postgres', 'scheduled__2024-01-27T00:00:00+00:00', '--job-id', '2836', '--raw', '--subdir', 'DAGS_FOLDER/cotacoes.py', '--cfg-path', '/tmp/tmptbxj2prp']
[2025-07-07T15:03:16.049+0000] {standard_task_runner.py:91} INFO - Job 2836: Subtask create_table_postgres
[2025-07-07T15:03:16.222+0000] {task_command.py:426} INFO - Running <TaskInstance: fin_cotacoes_bcb_classic.create_table_postgres scheduled__2024-01-27T00:00:00+00:00 [running]> on host bc96ca91d307
[2025-07-07T15:03:16.507+0000] {taskinstance.py:2648} INFO - Exporting env vars: AIRFLOW_CTX_DAG_OWNER='***' AIRFLOW_CTX_DAG_ID='fin_cotacoes_bcb_classic' AIRFLOW_CTX_TASK_ID='create_table_postgres' AIRFLOW_CTX_EXECUTION_DATE='2024-01-27T00:00:00+00:00' AIRFLOW_CTX_TRY_NUMBER='1' AIRFLOW_CTX_DAG_RUN_ID='scheduled__2024-01-27T00:00:00+00:00'
[2025-07-07T15:03:16.508+0000] {taskinstance.py:430} INFO - ::endgroup::
[2025-07-07T15:03:16.509+0000] {sql.py:276} INFO - Executing: 
CREATE TABLE IF NOT EXISTS cotacoes (
    dt_fechamento DATE,
    cod_moeda TEXT,
    tipo_moeda TEXT,
    desc_moeda TEXT,
    taxa_compra REAL,
    taxa_venda REAL,
    paridade_compra REAL,
    paridade_venda REAL,
    data_processamento TIMESTAMP,
    CONSTRAINT table_pk PRIMARY KEY (dt_fechamento, cod_moeda)
);
[2025-07-07T15:03:16.554+0000] {base.py:84} INFO - Using connection ID '***-postgres' for task execution.
[2025-07-07T15:03:16.603+0000] {base.py:84} INFO - Using connection ID '***-postgres' for task execution.
[2025-07-07T15:03:16.620+0000] {sql.py:487} INFO - Running statement: 
CREATE TABLE IF NOT EXISTS cotacoes (
    dt_fechamento DATE,
    cod_moeda TEXT,
    tipo_moeda TEXT,
    desc_moeda TEXT,
    taxa_compra REAL,
    taxa_venda REAL,
    paridade_compra REAL,
    paridade_venda REAL,
    data_processamento TIMESTAMP,
    CONSTRAINT table_pk PRIMARY KEY (dt_fechamento, cod_moeda)
);, parameters: None
[2025-07-07T15:03:16.625+0000] {taskinstance.py:441} INFO - ::group::Post task execution logs
[2025-07-07T15:03:16.654+0000] {taskinstance.py:1206} INFO - Marking task as SUCCESS. dag_id=fin_cotacoes_bcb_classic, task_id=create_table_postgres, run_id=scheduled__2024-01-27T00:00:00+00:00, execution_date=20240127T000000, start_date=20250707T150315, end_date=20250707T150316
[2025-07-07T15:03:16.722+0000] {local_task_job_runner.py:240} INFO - Task exited with return code 0
[2025-07-07T15:03:16.811+0000] {taskinstance.py:3503} INFO - 1 downstream tasks scheduled from follow-on schedule check
[2025-07-07T15:03:16.812+0000] {local_task_job_runner.py:222} INFO - ::endgroup::
