[2025-07-06T19:50:15.975+0000] {local_task_job_runner.py:120} INFO - ::group::Pre task execution logs
[2025-07-06T19:50:16.071+0000] {taskinstance.py:2076} INFO - Dependencies all met for dep_context=non-requeueable deps ti=<TaskInstance: fin_cotacoes_bcb_classic.extract scheduled__2025-04-18T00:00:00+00:00 [queued]>
[2025-07-06T19:50:16.092+0000] {taskinstance.py:2076} INFO - Dependencies all met for dep_context=requeueable deps ti=<TaskInstance: fin_cotacoes_bcb_classic.extract scheduled__2025-04-18T00:00:00+00:00 [queued]>
[2025-07-06T19:50:16.093+0000] {taskinstance.py:2306} INFO - Starting attempt 1 of 2
[2025-07-06T19:50:16.126+0000] {taskinstance.py:2330} INFO - Executing <Task(PythonOperator): extract> on 2025-04-18 00:00:00+00:00
[2025-07-06T19:50:16.149+0000] {logging_mixin.py:188} WARNING - /home/***/.local/lib/python3.12/site-packages/***/task/task_runner/standard_task_runner.py:61 DeprecationWarning: This process (pid=11200) is multi-threaded, use of fork() may lead to deadlocks in the child.
[2025-07-06T19:50:16.151+0000] {standard_task_runner.py:63} INFO - Started process 11299 to run task
[2025-07-06T19:50:16.150+0000] {standard_task_runner.py:90} INFO - Running: ['***', 'tasks', 'run', 'fin_cotacoes_bcb_classic', 'extract', 'scheduled__2025-04-18T00:00:00+00:00', '--job-id', '1229', '--raw', '--subdir', 'DAGS_FOLDER/cotacoes.py', '--cfg-path', '/tmp/tmp91odqyoa']
[2025-07-06T19:50:16.153+0000] {standard_task_runner.py:91} INFO - Job 1229: Subtask extract
[2025-07-06T19:50:16.293+0000] {task_command.py:426} INFO - Running <TaskInstance: fin_cotacoes_bcb_classic.extract scheduled__2025-04-18T00:00:00+00:00 [running]> on host 20adb53d65c4
[2025-07-06T19:50:16.467+0000] {taskinstance.py:2648} INFO - Exporting env vars: AIRFLOW_CTX_DAG_OWNER='***' AIRFLOW_CTX_DAG_ID='fin_cotacoes_bcb_classic' AIRFLOW_CTX_TASK_ID='extract' AIRFLOW_CTX_EXECUTION_DATE='2025-04-18T00:00:00+00:00' AIRFLOW_CTX_TRY_NUMBER='1' AIRFLOW_CTX_DAG_RUN_ID='scheduled__2025-04-18T00:00:00+00:00'
[2025-07-06T19:50:16.469+0000] {taskinstance.py:430} INFO - ::endgroup::
[2025-07-06T19:50:16.469+0000] {cotacoes.py:37} INFO - Iniciando extração da URL: https://www4.bcb.gov.br/Download/fechamento/20250418.csv
[2025-07-06T19:50:16.734+0000] {cotacoes.py:46} ERROR - Erro ao acessar a URL: 404 Client Error: Not Found for url: https://www4.bcb.gov.br/Download/fechamento/20250418.csv
[2025-07-06T19:50:16.735+0000] {python.py:237} INFO - Done. Returned value was: None
[2025-07-06T19:50:16.736+0000] {taskinstance.py:441} INFO - ::group::Post task execution logs
[2025-07-06T19:50:16.760+0000] {taskinstance.py:1206} INFO - Marking task as SUCCESS. dag_id=fin_cotacoes_bcb_classic, task_id=extract, run_id=scheduled__2025-04-18T00:00:00+00:00, execution_date=20250418T000000, start_date=20250706T195016, end_date=20250706T195016
[2025-07-06T19:50:16.797+0000] {local_task_job_runner.py:240} INFO - Task exited with return code 0
[2025-07-06T19:50:16.834+0000] {logging_mixin.py:188} WARNING - /home/***/.local/lib/python3.12/site-packages/***/models/baseoperator.py:1297 AirflowProviderDeprecationWarning: Call to deprecated class PostgresOperator. (Please use `***.providers.common.sql.operators.sql.SQLExecuteQueryOperator`.Also, you can provide `hook_params={'schema': <database>}`.)
[2025-07-06T19:50:16.874+0000] {taskinstance.py:3503} INFO - 1 downstream tasks scheduled from follow-on schedule check
[2025-07-06T19:50:16.884+0000] {local_task_job_runner.py:222} INFO - ::endgroup::
[2025-07-07T14:34:42.014+0000] {local_task_job_runner.py:120} INFO - ::group::Pre task execution logs
[2025-07-07T14:34:42.096+0000] {taskinstance.py:2076} INFO - Dependencies all met for dep_context=non-requeueable deps ti=<TaskInstance: fin_cotacoes_bcb_classic.extract scheduled__2025-04-18T00:00:00+00:00 [queued]>
[2025-07-07T14:34:42.105+0000] {taskinstance.py:2076} INFO - Dependencies all met for dep_context=requeueable deps ti=<TaskInstance: fin_cotacoes_bcb_classic.extract scheduled__2025-04-18T00:00:00+00:00 [queued]>
[2025-07-07T14:34:42.106+0000] {taskinstance.py:2306} INFO - Starting attempt 1 of 2
[2025-07-07T14:34:42.366+0000] {taskinstance.py:2330} INFO - Executing <Task(PythonOperator): extract> on 2025-04-18 00:00:00+00:00
[2025-07-07T14:34:42.401+0000] {standard_task_runner.py:90} INFO - Running: ['***', 'tasks', 'run', 'fin_cotacoes_bcb_classic', 'extract', 'scheduled__2025-04-18T00:00:00+00:00', '--job-id', '2491', '--raw', '--subdir', 'DAGS_FOLDER/cotacoes.py', '--cfg-path', '/tmp/tmppqo8uwhz']
[2025-07-07T14:34:42.411+0000] {logging_mixin.py:188} WARNING - /home/***/.local/lib/python3.12/site-packages/***/task/task_runner/standard_task_runner.py:61 DeprecationWarning: This process (pid=78881) is multi-threaded, use of fork() may lead to deadlocks in the child.
[2025-07-07T14:34:42.416+0000] {standard_task_runner.py:63} INFO - Started process 78998 to run task
[2025-07-07T14:34:42.409+0000] {standard_task_runner.py:91} INFO - Job 2491: Subtask extract
[2025-07-07T14:34:42.590+0000] {task_command.py:426} INFO - Running <TaskInstance: fin_cotacoes_bcb_classic.extract scheduled__2025-04-18T00:00:00+00:00 [running]> on host bc96ca91d307
[2025-07-07T14:34:42.881+0000] {taskinstance.py:2648} INFO - Exporting env vars: AIRFLOW_CTX_DAG_OWNER='***' AIRFLOW_CTX_DAG_ID='fin_cotacoes_bcb_classic' AIRFLOW_CTX_TASK_ID='extract' AIRFLOW_CTX_EXECUTION_DATE='2025-04-18T00:00:00+00:00' AIRFLOW_CTX_TRY_NUMBER='1' AIRFLOW_CTX_DAG_RUN_ID='scheduled__2025-04-18T00:00:00+00:00'
[2025-07-07T14:34:42.885+0000] {taskinstance.py:430} INFO - ::endgroup::
[2025-07-07T14:34:42.886+0000] {cotacoes.py:35} INFO - Iniciando extração da URL: https://www4.bcb.gov.br/Download/fechamento/20250418.csv
[2025-07-07T14:34:43.180+0000] {cotacoes.py:46} WARNING - Não foi possível extrair dados da URL (pode ser um dia sem cotação): 404 Client Error: Not Found for url: https://www4.bcb.gov.br/Download/fechamento/20250418.csv
[2025-07-07T14:34:43.182+0000] {python.py:237} INFO - Done. Returned value was: None
[2025-07-07T14:34:43.185+0000] {taskinstance.py:441} INFO - ::group::Post task execution logs
[2025-07-07T14:34:43.202+0000] {taskinstance.py:1206} INFO - Marking task as SUCCESS. dag_id=fin_cotacoes_bcb_classic, task_id=extract, run_id=scheduled__2025-04-18T00:00:00+00:00, execution_date=20250418T000000, start_date=20250707T143442, end_date=20250707T143443
[2025-07-07T14:34:43.361+0000] {local_task_job_runner.py:240} INFO - Task exited with return code 0
[2025-07-07T14:34:43.444+0000] {taskinstance.py:3503} INFO - 0 downstream tasks scheduled from follow-on schedule check
[2025-07-07T14:34:43.458+0000] {local_task_job_runner.py:222} INFO - ::endgroup::
[2025-07-07T15:12:07.413+0000] {local_task_job_runner.py:120} INFO - ::group::Pre task execution logs
[2025-07-07T15:12:07.549+0000] {taskinstance.py:2076} INFO - Dependencies all met for dep_context=non-requeueable deps ti=<TaskInstance: fin_cotacoes_bcb_classic.extract scheduled__2025-04-18T00:00:00+00:00 [queued]>
[2025-07-07T15:12:07.564+0000] {taskinstance.py:2076} INFO - Dependencies all met for dep_context=requeueable deps ti=<TaskInstance: fin_cotacoes_bcb_classic.extract scheduled__2025-04-18T00:00:00+00:00 [queued]>
[2025-07-07T15:12:07.565+0000] {taskinstance.py:2306} INFO - Starting attempt 1 of 2
[2025-07-07T15:12:07.588+0000] {taskinstance.py:2330} INFO - Executing <Task(PythonOperator): extract> on 2025-04-18 00:00:00+00:00
[2025-07-07T15:12:07.615+0000] {standard_task_runner.py:90} INFO - Running: ['***', 'tasks', 'run', 'fin_cotacoes_bcb_classic', 'extract', 'scheduled__2025-04-18T00:00:00+00:00', '--job-id', '4182', '--raw', '--subdir', 'DAGS_FOLDER/cotacoes.py', '--cfg-path', '/tmp/tmp695k8e7p']
[2025-07-07T15:12:07.625+0000] {standard_task_runner.py:91} INFO - Job 4182: Subtask extract
[2025-07-07T15:12:07.625+0000] {logging_mixin.py:188} WARNING - /home/***/.local/lib/python3.12/site-packages/***/task/task_runner/standard_task_runner.py:61 DeprecationWarning: This process (pid=103569) is multi-threaded, use of fork() may lead to deadlocks in the child.
[2025-07-07T15:12:07.629+0000] {standard_task_runner.py:63} INFO - Started process 103700 to run task
[2025-07-07T15:12:07.742+0000] {task_command.py:426} INFO - Running <TaskInstance: fin_cotacoes_bcb_classic.extract scheduled__2025-04-18T00:00:00+00:00 [running]> on host bc96ca91d307
[2025-07-07T15:12:07.912+0000] {taskinstance.py:2648} INFO - Exporting env vars: AIRFLOW_CTX_DAG_OWNER='***' AIRFLOW_CTX_DAG_ID='fin_cotacoes_bcb_classic' AIRFLOW_CTX_TASK_ID='extract' AIRFLOW_CTX_EXECUTION_DATE='2025-04-18T00:00:00+00:00' AIRFLOW_CTX_TRY_NUMBER='1' AIRFLOW_CTX_DAG_RUN_ID='scheduled__2025-04-18T00:00:00+00:00'
[2025-07-07T15:12:07.914+0000] {taskinstance.py:430} INFO - ::endgroup::
[2025-07-07T15:12:07.915+0000] {cotacoes.py:35} INFO - Iniciando extração da URL: https://www4.bcb.gov.br/Download/fechamento/20250418.csv
[2025-07-07T15:12:08.374+0000] {cotacoes.py:46} WARNING - Não foi possível extrair dados da URL (pode ser um dia sem cotação): 404 Client Error: Not Found for url: https://www4.bcb.gov.br/Download/fechamento/20250418.csv
[2025-07-07T15:12:08.382+0000] {python.py:237} INFO - Done. Returned value was: None
[2025-07-07T15:12:08.383+0000] {taskinstance.py:441} INFO - ::group::Post task execution logs
[2025-07-07T15:12:08.405+0000] {taskinstance.py:1206} INFO - Marking task as SUCCESS. dag_id=fin_cotacoes_bcb_classic, task_id=extract, run_id=scheduled__2025-04-18T00:00:00+00:00, execution_date=20250418T000000, start_date=20250707T151207, end_date=20250707T151208
[2025-07-07T15:12:08.819+0000] {local_task_job_runner.py:240} INFO - Task exited with return code 0
[2025-07-07T15:12:08.879+0000] {taskinstance.py:3503} INFO - 1 downstream tasks scheduled from follow-on schedule check
[2025-07-07T15:12:08.888+0000] {local_task_job_runner.py:222} INFO - ::endgroup::
