[2025-07-07T14:35:49.236+0000] {local_task_job_runner.py:120} INFO - ::group::Pre task execution logs
[2025-07-07T14:35:49.356+0000] {taskinstance.py:2076} INFO - Dependencies all met for dep_context=non-requeueable deps ti=<TaskInstance: fin_cotacoes_bcb_classic.transform_and_load scheduled__2025-05-31T00:00:00+00:00 [queued]>
[2025-07-07T14:35:49.391+0000] {taskinstance.py:2076} INFO - Dependencies all met for dep_context=requeueable deps ti=<TaskInstance: fin_cotacoes_bcb_classic.transform_and_load scheduled__2025-05-31T00:00:00+00:00 [queued]>
[2025-07-07T14:35:49.392+0000] {taskinstance.py:2306} INFO - Starting attempt 1 of 2
[2025-07-07T14:35:49.593+0000] {taskinstance.py:2330} INFO - Executing <Task(PythonOperator): transform_and_load> on 2025-05-31 00:00:00+00:00
[2025-07-07T14:35:49.641+0000] {standard_task_runner.py:90} INFO - Running: ['***', 'tasks', 'run', 'fin_cotacoes_bcb_classic', 'transform_and_load', 'scheduled__2025-05-31T00:00:00+00:00', '--job-id', '2662', '--raw', '--subdir', 'DAGS_FOLDER/cotacoes.py', '--cfg-path', '/tmp/tmp27zthsme']
[2025-07-07T14:35:49.645+0000] {standard_task_runner.py:91} INFO - Job 2662: Subtask transform_and_load
[2025-07-07T14:35:49.651+0000] {logging_mixin.py:188} WARNING - /home/***/.local/lib/python3.12/site-packages/***/task/task_runner/standard_task_runner.py:61 DeprecationWarning: This process (pid=80001) is multi-threaded, use of fork() may lead to deadlocks in the child.
[2025-07-07T14:35:49.653+0000] {standard_task_runner.py:63} INFO - Started process 80059 to run task
[2025-07-07T14:35:49.798+0000] {task_command.py:426} INFO - Running <TaskInstance: fin_cotacoes_bcb_classic.transform_and_load scheduled__2025-05-31T00:00:00+00:00 [running]> on host bc96ca91d307
[2025-07-07T14:35:49.997+0000] {taskinstance.py:2648} INFO - Exporting env vars: AIRFLOW_CTX_DAG_OWNER='***' AIRFLOW_CTX_DAG_ID='fin_cotacoes_bcb_classic' AIRFLOW_CTX_TASK_ID='transform_and_load' AIRFLOW_CTX_EXECUTION_DATE='2025-05-31T00:00:00+00:00' AIRFLOW_CTX_TRY_NUMBER='1' AIRFLOW_CTX_DAG_RUN_ID='scheduled__2025-05-31T00:00:00+00:00'
[2025-07-07T14:35:49.998+0000] {taskinstance.py:430} INFO - ::endgroup::
[2025-07-07T14:35:50.017+0000] {cotacoes.py:91} WARNING - Nenhum dado recebido da tarefa de extração. Pulando transformação e carga.
[2025-07-07T14:35:50.018+0000] {python.py:237} INFO - Done. Returned value was: None
[2025-07-07T14:35:50.018+0000] {taskinstance.py:441} INFO - ::group::Post task execution logs
[2025-07-07T14:35:50.029+0000] {taskinstance.py:1206} INFO - Marking task as SUCCESS. dag_id=fin_cotacoes_bcb_classic, task_id=transform_and_load, run_id=scheduled__2025-05-31T00:00:00+00:00, execution_date=20250531T000000, start_date=20250707T143549, end_date=20250707T143550
[2025-07-07T14:35:50.123+0000] {local_task_job_runner.py:240} INFO - Task exited with return code 0
[2025-07-07T14:35:50.177+0000] {taskinstance.py:3503} INFO - 0 downstream tasks scheduled from follow-on schedule check
[2025-07-07T14:35:50.188+0000] {local_task_job_runner.py:222} INFO - ::endgroup::
[2025-07-07T15:12:55.700+0000] {local_task_job_runner.py:120} INFO - ::group::Pre task execution logs
[2025-07-07T15:12:55.722+0000] {taskinstance.py:2076} INFO - Dependencies all met for dep_context=non-requeueable deps ti=<TaskInstance: fin_cotacoes_bcb_classic.transform_and_load scheduled__2025-05-31T00:00:00+00:00 [queued]>
[2025-07-07T15:12:55.728+0000] {taskinstance.py:2076} INFO - Dependencies all met for dep_context=requeueable deps ti=<TaskInstance: fin_cotacoes_bcb_classic.transform_and_load scheduled__2025-05-31T00:00:00+00:00 [queued]>
[2025-07-07T15:12:55.728+0000] {taskinstance.py:2306} INFO - Starting attempt 1 of 2
[2025-07-07T15:12:55.736+0000] {taskinstance.py:2330} INFO - Executing <Task(PythonOperator): transform_and_load> on 2025-05-31 00:00:00+00:00
[2025-07-07T15:12:55.744+0000] {logging_mixin.py:188} WARNING - /home/***/.local/lib/python3.12/site-packages/***/task/task_runner/standard_task_runner.py:61 DeprecationWarning: This process (pid=104449) is multi-threaded, use of fork() may lead to deadlocks in the child.
[2025-07-07T15:12:55.744+0000] {standard_task_runner.py:90} INFO - Running: ['***', 'tasks', 'run', 'fin_cotacoes_bcb_classic', 'transform_and_load', 'scheduled__2025-05-31T00:00:00+00:00', '--job-id', '4314', '--raw', '--subdir', 'DAGS_FOLDER/cotacoes.py', '--cfg-path', '/tmp/tmpdphztxd4']
[2025-07-07T15:12:55.744+0000] {standard_task_runner.py:63} INFO - Started process 104455 to run task
[2025-07-07T15:12:55.744+0000] {standard_task_runner.py:91} INFO - Job 4314: Subtask transform_and_load
[2025-07-07T15:12:55.778+0000] {task_command.py:426} INFO - Running <TaskInstance: fin_cotacoes_bcb_classic.transform_and_load scheduled__2025-05-31T00:00:00+00:00 [running]> on host bc96ca91d307
[2025-07-07T15:12:55.840+0000] {taskinstance.py:2648} INFO - Exporting env vars: AIRFLOW_CTX_DAG_OWNER='***' AIRFLOW_CTX_DAG_ID='fin_cotacoes_bcb_classic' AIRFLOW_CTX_TASK_ID='transform_and_load' AIRFLOW_CTX_EXECUTION_DATE='2025-05-31T00:00:00+00:00' AIRFLOW_CTX_TRY_NUMBER='1' AIRFLOW_CTX_DAG_RUN_ID='scheduled__2025-05-31T00:00:00+00:00'
[2025-07-07T15:12:55.840+0000] {taskinstance.py:430} INFO - ::endgroup::
[2025-07-07T15:12:55.848+0000] {cotacoes.py:91} WARNING - Nenhum dado recebido da tarefa de extração. Pulando transformação e carga.
[2025-07-07T15:12:55.848+0000] {python.py:237} INFO - Done. Returned value was: None
[2025-07-07T15:12:55.848+0000] {taskinstance.py:441} INFO - ::group::Post task execution logs
[2025-07-07T15:12:55.854+0000] {taskinstance.py:1206} INFO - Marking task as SUCCESS. dag_id=fin_cotacoes_bcb_classic, task_id=transform_and_load, run_id=scheduled__2025-05-31T00:00:00+00:00, execution_date=20250531T000000, start_date=20250707T151255, end_date=20250707T151255
[2025-07-07T15:12:55.877+0000] {local_task_job_runner.py:240} INFO - Task exited with return code 0
[2025-07-07T15:12:55.891+0000] {taskinstance.py:3503} INFO - 0 downstream tasks scheduled from follow-on schedule check
[2025-07-07T15:12:55.892+0000] {local_task_job_runner.py:222} INFO - ::endgroup::
