[2025-07-06T19:34:13.018+0000] {local_task_job_runner.py:120} INFO - ::group::Pre task execution logs
[2025-07-06T19:34:13.107+0000] {taskinstance.py:2076} INFO - Dependencies all met for dep_context=non-requeueable deps ti=<TaskInstance: fin_cotacoes_bcb_classic.extract scheduled__2025-03-01T00:00:00+00:00 [queued]>
[2025-07-06T19:34:13.123+0000] {taskinstance.py:2076} INFO - Dependencies all met for dep_context=requeueable deps ti=<TaskInstance: fin_cotacoes_bcb_classic.extract scheduled__2025-03-01T00:00:00+00:00 [queued]>
[2025-07-06T19:34:13.123+0000] {taskinstance.py:2306} INFO - Starting attempt 1 of 2
[2025-07-06T19:34:13.154+0000] {taskinstance.py:2330} INFO - Executing <Task(PythonOperator): extract> on 2025-03-01 00:00:00+00:00
[2025-07-06T19:34:13.175+0000] {standard_task_runner.py:90} INFO - Running: ['***', 'tasks', 'run', 'fin_cotacoes_bcb_classic', 'extract', 'scheduled__2025-03-01T00:00:00+00:00', '--job-id', '1082', '--raw', '--subdir', 'DAGS_FOLDER/cotacoes.py', '--cfg-path', '/tmp/tmpnenjpbxu']
[2025-07-06T19:34:13.180+0000] {standard_task_runner.py:91} INFO - Job 1082: Subtask extract
[2025-07-06T19:34:13.190+0000] {logging_mixin.py:188} WARNING - /home/***/.local/lib/python3.12/site-packages/***/task/task_runner/standard_task_runner.py:61 DeprecationWarning: This process (pid=2399) is multi-threaded, use of fork() may lead to deadlocks in the child.
[2025-07-06T19:34:13.190+0000] {standard_task_runner.py:63} INFO - Started process 2420 to run task
[2025-07-06T19:34:13.321+0000] {task_command.py:426} INFO - Running <TaskInstance: fin_cotacoes_bcb_classic.extract scheduled__2025-03-01T00:00:00+00:00 [running]> on host 20adb53d65c4
[2025-07-06T19:34:13.543+0000] {taskinstance.py:2648} INFO - Exporting env vars: AIRFLOW_CTX_DAG_OWNER='***' AIRFLOW_CTX_DAG_ID='fin_cotacoes_bcb_classic' AIRFLOW_CTX_TASK_ID='extract' AIRFLOW_CTX_EXECUTION_DATE='2025-03-01T00:00:00+00:00' AIRFLOW_CTX_TRY_NUMBER='1' AIRFLOW_CTX_DAG_RUN_ID='scheduled__2025-03-01T00:00:00+00:00'
[2025-07-06T19:34:13.544+0000] {taskinstance.py:430} INFO - ::endgroup::
[2025-07-06T19:34:13.545+0000] {cotacoes.py:37} INFO - Iniciando extração da URL: https://www4.bcb.gov.br/Download/fechamento/20250301.csv
[2025-07-06T19:34:13.882+0000] {cotacoes.py:46} ERROR - Erro ao acessar a URL: 404 Client Error: Not Found for url: https://www4.bcb.gov.br/Download/fechamento/20250301.csv
[2025-07-06T19:34:13.884+0000] {python.py:237} INFO - Done. Returned value was: None
[2025-07-06T19:34:13.895+0000] {taskinstance.py:441} INFO - ::group::Post task execution logs
[2025-07-06T19:34:13.938+0000] {taskinstance.py:1206} INFO - Marking task as SUCCESS. dag_id=fin_cotacoes_bcb_classic, task_id=extract, run_id=scheduled__2025-03-01T00:00:00+00:00, execution_date=20250301T000000, start_date=20250706T193413, end_date=20250706T193413
[2025-07-06T19:34:14.614+0000] {local_task_job_runner.py:240} INFO - Task exited with return code 0
[2025-07-06T19:34:14.631+0000] {logging_mixin.py:188} WARNING - /home/***/.local/lib/python3.12/site-packages/***/models/baseoperator.py:1297 AirflowProviderDeprecationWarning: Call to deprecated class PostgresOperator. (Please use `***.providers.common.sql.operators.sql.SQLExecuteQueryOperator`.Also, you can provide `hook_params={'schema': <database>}`.)
[2025-07-06T19:34:14.671+0000] {taskinstance.py:3503} INFO - 1 downstream tasks scheduled from follow-on schedule check
[2025-07-06T19:34:14.675+0000] {local_task_job_runner.py:222} INFO - ::endgroup::
[2025-07-07T14:25:40.435+0000] {local_task_job_runner.py:120} INFO - ::group::Pre task execution logs
[2025-07-07T14:25:40.460+0000] {taskinstance.py:2076} INFO - Dependencies all met for dep_context=non-requeueable deps ti=<TaskInstance: fin_cotacoes_bcb_classic.extract scheduled__2025-03-01T00:00:00+00:00 [queued]>
[2025-07-07T14:25:40.467+0000] {taskinstance.py:2076} INFO - Dependencies all met for dep_context=requeueable deps ti=<TaskInstance: fin_cotacoes_bcb_classic.extract scheduled__2025-03-01T00:00:00+00:00 [queued]>
[2025-07-07T14:25:40.468+0000] {taskinstance.py:2306} INFO - Starting attempt 1 of 2
[2025-07-07T14:25:40.478+0000] {taskinstance.py:2330} INFO - Executing <Task(PythonOperator): extract> on 2025-03-01 00:00:00+00:00
[2025-07-07T14:25:40.487+0000] {standard_task_runner.py:90} INFO - Running: ['***', 'tasks', 'run', 'fin_cotacoes_bcb_classic', 'extract', 'scheduled__2025-03-01T00:00:00+00:00', '--job-id', '2085', '--raw', '--subdir', 'DAGS_FOLDER/cotacoes.py', '--cfg-path', '/tmp/tmpgobe1fj3']
[2025-07-07T14:25:40.487+0000] {logging_mixin.py:188} WARNING - /home/***/.local/lib/python3.12/site-packages/***/task/task_runner/standard_task_runner.py:61 DeprecationWarning: This process (pid=72944) is multi-threaded, use of fork() may lead to deadlocks in the child.
[2025-07-07T14:25:40.488+0000] {standard_task_runner.py:91} INFO - Job 2085: Subtask extract
[2025-07-07T14:25:40.488+0000] {standard_task_runner.py:63} INFO - Started process 72965 to run task
[2025-07-07T14:25:40.529+0000] {task_command.py:426} INFO - Running <TaskInstance: fin_cotacoes_bcb_classic.extract scheduled__2025-03-01T00:00:00+00:00 [running]> on host bc96ca91d307
[2025-07-07T14:25:40.614+0000] {taskinstance.py:2648} INFO - Exporting env vars: AIRFLOW_CTX_DAG_OWNER='***' AIRFLOW_CTX_DAG_ID='fin_cotacoes_bcb_classic' AIRFLOW_CTX_TASK_ID='extract' AIRFLOW_CTX_EXECUTION_DATE='2025-03-01T00:00:00+00:00' AIRFLOW_CTX_TRY_NUMBER='1' AIRFLOW_CTX_DAG_RUN_ID='scheduled__2025-03-01T00:00:00+00:00'
[2025-07-07T14:25:40.615+0000] {taskinstance.py:430} INFO - ::endgroup::
[2025-07-07T14:25:40.616+0000] {cotacoes.py:35} INFO - Iniciando extração da URL: https://www4.bcb.gov.br/Download/fechamento/20250301.csv
[2025-07-07T14:25:40.790+0000] {cotacoes.py:44} WARNING - Não foi possível extrair dados da URL (pode ser um dia sem cotação): 404 Client Error: Not Found for url: https://www4.bcb.gov.br/Download/fechamento/20250301.csv
[2025-07-07T14:25:40.791+0000] {python.py:237} INFO - Done. Returned value was: None
[2025-07-07T14:25:40.791+0000] {taskinstance.py:441} INFO - ::group::Post task execution logs
[2025-07-07T14:25:40.798+0000] {taskinstance.py:1206} INFO - Marking task as SUCCESS. dag_id=fin_cotacoes_bcb_classic, task_id=extract, run_id=scheduled__2025-03-01T00:00:00+00:00, execution_date=20250301T000000, start_date=20250707T142540, end_date=20250707T142540
[2025-07-07T14:25:40.822+0000] {local_task_job_runner.py:240} INFO - Task exited with return code 0
[2025-07-07T14:25:40.851+0000] {taskinstance.py:3503} INFO - 1 downstream tasks scheduled from follow-on schedule check
[2025-07-07T14:25:40.852+0000] {local_task_job_runner.py:222} INFO - ::endgroup::
[2025-07-07T14:33:43.788+0000] {local_task_job_runner.py:120} INFO - ::group::Pre task execution logs
[2025-07-07T14:33:43.876+0000] {taskinstance.py:2076} INFO - Dependencies all met for dep_context=non-requeueable deps ti=<TaskInstance: fin_cotacoes_bcb_classic.extract scheduled__2025-03-01T00:00:00+00:00 [queued]>
[2025-07-07T14:33:43.896+0000] {taskinstance.py:2076} INFO - Dependencies all met for dep_context=requeueable deps ti=<TaskInstance: fin_cotacoes_bcb_classic.extract scheduled__2025-03-01T00:00:00+00:00 [queued]>
[2025-07-07T14:33:43.898+0000] {taskinstance.py:2306} INFO - Starting attempt 1 of 2
[2025-07-07T14:33:44.287+0000] {taskinstance.py:2330} INFO - Executing <Task(PythonOperator): extract> on 2025-03-01 00:00:00+00:00
[2025-07-07T14:33:44.302+0000] {logging_mixin.py:188} WARNING - /home/***/.local/lib/python3.12/site-packages/***/task/task_runner/standard_task_runner.py:61 DeprecationWarning: This process (pid=77996) is multi-threaded, use of fork() may lead to deadlocks in the child.
[2025-07-07T14:33:44.304+0000] {standard_task_runner.py:63} INFO - Started process 78035 to run task
[2025-07-07T14:33:44.309+0000] {standard_task_runner.py:90} INFO - Running: ['***', 'tasks', 'run', 'fin_cotacoes_bcb_classic', 'extract', 'scheduled__2025-03-01T00:00:00+00:00', '--job-id', '2350', '--raw', '--subdir', 'DAGS_FOLDER/cotacoes.py', '--cfg-path', '/tmp/tmpo6jb0_xr']
[2025-07-07T14:33:44.333+0000] {standard_task_runner.py:91} INFO - Job 2350: Subtask extract
[2025-07-07T14:33:44.465+0000] {task_command.py:426} INFO - Running <TaskInstance: fin_cotacoes_bcb_classic.extract scheduled__2025-03-01T00:00:00+00:00 [running]> on host bc96ca91d307
[2025-07-07T14:33:44.739+0000] {taskinstance.py:2648} INFO - Exporting env vars: AIRFLOW_CTX_DAG_OWNER='***' AIRFLOW_CTX_DAG_ID='fin_cotacoes_bcb_classic' AIRFLOW_CTX_TASK_ID='extract' AIRFLOW_CTX_EXECUTION_DATE='2025-03-01T00:00:00+00:00' AIRFLOW_CTX_TRY_NUMBER='1' AIRFLOW_CTX_DAG_RUN_ID='scheduled__2025-03-01T00:00:00+00:00'
[2025-07-07T14:33:44.741+0000] {taskinstance.py:430} INFO - ::endgroup::
[2025-07-07T14:33:44.745+0000] {cotacoes.py:35} INFO - Iniciando extração da URL: https://www4.bcb.gov.br/Download/fechamento/20250301.csv
[2025-07-07T14:33:45.117+0000] {cotacoes.py:46} WARNING - Não foi possível extrair dados da URL (pode ser um dia sem cotação): 404 Client Error: Not Found for url: https://www4.bcb.gov.br/Download/fechamento/20250301.csv
[2025-07-07T14:33:45.118+0000] {python.py:237} INFO - Done. Returned value was: None
[2025-07-07T14:33:45.119+0000] {taskinstance.py:441} INFO - ::group::Post task execution logs
[2025-07-07T14:33:45.143+0000] {taskinstance.py:1206} INFO - Marking task as SUCCESS. dag_id=fin_cotacoes_bcb_classic, task_id=extract, run_id=scheduled__2025-03-01T00:00:00+00:00, execution_date=20250301T000000, start_date=20250707T143343, end_date=20250707T143345
[2025-07-07T14:33:45.229+0000] {local_task_job_runner.py:240} INFO - Task exited with return code 0
[2025-07-07T14:33:45.269+0000] {local_task_job_runner.py:222} INFO - ::endgroup::
[2025-07-07T15:11:11.876+0000] {local_task_job_runner.py:120} INFO - ::group::Pre task execution logs
[2025-07-07T15:11:11.958+0000] {taskinstance.py:2076} INFO - Dependencies all met for dep_context=non-requeueable deps ti=<TaskInstance: fin_cotacoes_bcb_classic.extract scheduled__2025-03-01T00:00:00+00:00 [queued]>
[2025-07-07T15:11:11.982+0000] {taskinstance.py:2076} INFO - Dependencies all met for dep_context=requeueable deps ti=<TaskInstance: fin_cotacoes_bcb_classic.extract scheduled__2025-03-01T00:00:00+00:00 [queued]>
[2025-07-07T15:11:11.982+0000] {taskinstance.py:2306} INFO - Starting attempt 1 of 2
[2025-07-07T15:11:12.022+0000] {taskinstance.py:2330} INFO - Executing <Task(PythonOperator): extract> on 2025-03-01 00:00:00+00:00
[2025-07-07T15:11:12.048+0000] {logging_mixin.py:188} WARNING - /home/***/.local/lib/python3.12/site-packages/***/task/task_runner/standard_task_runner.py:61 DeprecationWarning: This process (pid=102749) is multi-threaded, use of fork() may lead to deadlocks in the child.
[2025-07-07T15:11:12.049+0000] {standard_task_runner.py:63} INFO - Started process 102792 to run task
[2025-07-07T15:11:12.043+0000] {standard_task_runner.py:90} INFO - Running: ['***', 'tasks', 'run', 'fin_cotacoes_bcb_classic', 'extract', 'scheduled__2025-03-01T00:00:00+00:00', '--job-id', '4036', '--raw', '--subdir', 'DAGS_FOLDER/cotacoes.py', '--cfg-path', '/tmp/tmpgt4s54b8']
[2025-07-07T15:11:12.061+0000] {standard_task_runner.py:91} INFO - Job 4036: Subtask extract
[2025-07-07T15:11:12.165+0000] {task_command.py:426} INFO - Running <TaskInstance: fin_cotacoes_bcb_classic.extract scheduled__2025-03-01T00:00:00+00:00 [running]> on host bc96ca91d307
[2025-07-07T15:11:12.561+0000] {taskinstance.py:2648} INFO - Exporting env vars: AIRFLOW_CTX_DAG_OWNER='***' AIRFLOW_CTX_DAG_ID='fin_cotacoes_bcb_classic' AIRFLOW_CTX_TASK_ID='extract' AIRFLOW_CTX_EXECUTION_DATE='2025-03-01T00:00:00+00:00' AIRFLOW_CTX_TRY_NUMBER='1' AIRFLOW_CTX_DAG_RUN_ID='scheduled__2025-03-01T00:00:00+00:00'
[2025-07-07T15:11:12.562+0000] {taskinstance.py:430} INFO - ::endgroup::
[2025-07-07T15:11:12.562+0000] {cotacoes.py:35} INFO - Iniciando extração da URL: https://www4.bcb.gov.br/Download/fechamento/20250301.csv
[2025-07-07T15:11:12.901+0000] {cotacoes.py:46} WARNING - Não foi possível extrair dados da URL (pode ser um dia sem cotação): 404 Client Error: Not Found for url: https://www4.bcb.gov.br/Download/fechamento/20250301.csv
[2025-07-07T15:11:12.902+0000] {python.py:237} INFO - Done. Returned value was: None
[2025-07-07T15:11:12.903+0000] {taskinstance.py:441} INFO - ::group::Post task execution logs
[2025-07-07T15:11:12.929+0000] {taskinstance.py:1206} INFO - Marking task as SUCCESS. dag_id=fin_cotacoes_bcb_classic, task_id=extract, run_id=scheduled__2025-03-01T00:00:00+00:00, execution_date=20250301T000000, start_date=20250707T151111, end_date=20250707T151112
[2025-07-07T15:11:12.998+0000] {local_task_job_runner.py:240} INFO - Task exited with return code 0
[2025-07-07T15:11:13.049+0000] {taskinstance.py:3503} INFO - 0 downstream tasks scheduled from follow-on schedule check
[2025-07-07T15:11:13.061+0000] {local_task_job_runner.py:222} INFO - ::endgroup::
