[2025-07-06T19:39:32.963+0000] {local_task_job_runner.py:120} INFO - ::group::Pre task execution logs
[2025-07-06T19:39:33.048+0000] {taskinstance.py:2076} INFO - Dependencies all met for dep_context=non-requeueable deps ti=<TaskInstance: fin_cotacoes_bcb_classic.extract scheduled__2025-03-20T00:00:00+00:00 [queued]>
[2025-07-06T19:39:33.067+0000] {taskinstance.py:2076} INFO - Dependencies all met for dep_context=requeueable deps ti=<TaskInstance: fin_cotacoes_bcb_classic.extract scheduled__2025-03-20T00:00:00+00:00 [queued]>
[2025-07-06T19:39:33.067+0000] {taskinstance.py:2306} INFO - Starting attempt 1 of 2
[2025-07-06T19:39:33.102+0000] {taskinstance.py:2330} INFO - Executing <Task(PythonOperator): extract> on 2025-03-20 00:00:00+00:00
[2025-07-06T19:39:33.123+0000] {logging_mixin.py:188} WARNING - /home/***/.local/lib/python3.12/site-packages/***/task/task_runner/standard_task_runner.py:61 DeprecationWarning: This process (pid=5288) is multi-threaded, use of fork() may lead to deadlocks in the child.
[2025-07-06T19:39:33.124+0000] {standard_task_runner.py:63} INFO - Started process 5414 to run task
[2025-07-06T19:39:33.122+0000] {standard_task_runner.py:90} INFO - Running: ['***', 'tasks', 'run', 'fin_cotacoes_bcb_classic', 'extract', 'scheduled__2025-03-20T00:00:00+00:00', '--job-id', '1141', '--raw', '--subdir', 'DAGS_FOLDER/cotacoes.py', '--cfg-path', '/tmp/tmp2hvhbc5h']
[2025-07-06T19:39:33.128+0000] {standard_task_runner.py:91} INFO - Job 1141: Subtask extract
[2025-07-06T19:39:33.224+0000] {task_command.py:426} INFO - Running <TaskInstance: fin_cotacoes_bcb_classic.extract scheduled__2025-03-20T00:00:00+00:00 [running]> on host 20adb53d65c4
[2025-07-06T19:39:33.369+0000] {taskinstance.py:2648} INFO - Exporting env vars: AIRFLOW_CTX_DAG_OWNER='***' AIRFLOW_CTX_DAG_ID='fin_cotacoes_bcb_classic' AIRFLOW_CTX_TASK_ID='extract' AIRFLOW_CTX_EXECUTION_DATE='2025-03-20T00:00:00+00:00' AIRFLOW_CTX_TRY_NUMBER='1' AIRFLOW_CTX_DAG_RUN_ID='scheduled__2025-03-20T00:00:00+00:00'
[2025-07-06T19:39:33.370+0000] {taskinstance.py:430} INFO - ::endgroup::
[2025-07-06T19:39:33.371+0000] {cotacoes.py:37} INFO - Iniciando extração da URL: https://www4.bcb.gov.br/Download/fechamento/20250320.csv
[2025-07-06T19:39:33.623+0000] {cotacoes.py:43} INFO - Extração concluída com sucesso.
[2025-07-06T19:39:33.625+0000] {python.py:237} INFO - Done. Returned value was: 20/03/2025;005;A;AFN;0,08005000;0,08029000;70,53000000;70,73000000
20/03/2025;009;A;ETB;0,04214000;0,04377000;129,37940000;134,37940000
20/03/2025;015;A;THB;0,16770000;0,16790000;33,73000000;33,76000000
20/03/2025;020;A;PAB;5,66220000;5,66280000;1,00000000;1,00000000
20/03/2025;027;A;VES;0,08372000;0,08394000;67,46530000;67,63440000
20/03/2025;030;A;BOB;0,81120000;0,82550000;6,86000000;6,98000000
20/03/2025;035;A;GHS;0,36410000;0,36650000;15,45000000;15,55000000
20/03/2025;040;A;CRC;0,01132000;0,01144000;495,00000000;500,00000000
20/03/2025;045;A;SVC;0,64640000;0,64720000;8,74950000;8,75950000
20/03/2025;051;A;NIO;0,15300000;0,15470000;36,60000000;37,00000000
20/03/2025;055;A;DKK;0,82340000;0,82360000;6,87600000;6,87660000
20/03/2025;060;A;ISK;0,04252000;0,04262000;132,88000000;133,17000000
20/03/2025;065;A;NOK;0,53550000;0,53570000;10,57020000;10,57320000
20/03/2025;070;A;SEK;0,55810000;0,55830000;10,14260000;10,14480000
20/03/2025;075;A;CZK;0,24550000;0,24560000;23,05800000;23,06600000
20/03/2025;090;A;GMD;0,07756000;0,07843000;72,20000000;73,00000000
20/03/2025;095;A;DZD;0,04207000;0,04246000;133,37400000;134,59860000
20/03/2025;100;A;KWD;18,35990000;18,39770000;0,30780000;0,30840000
20/03/2025;105;A;BHD;15,01910000;15,02070000;0,37700000;0,37700000
20/03/2025;115;A;IQD;0,00431900;0,00432600;1309,00000000;1311,00000000
20/03/2025;125;A;JOD;7,97490000;7,99830000;0,70800000;0,71000000
20/03/2025;130;A;LYD;1,16990000;1,17980000;4,80000000;4,84000000
20/03/2025;132;A;MKD;0,09918000;0,10010000;56,59000000;57,09000000
20/03/2025;133;A;RSD;0,05236000;0,05245000;107,96000000;108,15000000
20/03/2025;134;A;SDG;0,00940300;0,00945600;598,85020000;602,19120000
20/03/2025;135;A;TND;1,82950000;1,83860000;3,08000000;3,09500000
20/03/2025;136;A;SSP;0,00125500;0,00128600;4402,52670000;4512,52670000
20/03/2025;138;B;SDR;7,53530000;7,53610000;1,33080000;1,33080000
20/03/2025;139;A;MAD;0,58630000;0,58760000;9,63720000;9,65720000
20/03/2025;145;A;AED;1,54160000;1,54190000;3,67260000;3,67290000
20/03/2025;149;A;STN;0,24560000;0,25070000;22,58480000;23,04990000
20/03/2025;150;B;AUD;3,56610000;3,56810000;0,62980000;0,63010000
20/03/2025;155;A;BSD;5,66220000;5,66280000;1,00000000;1,00000000
20/03/2025;160;A;BMD;5,66220000;5,66280000;1,00000000;1,00000000
20/03/2025;165;A;CAD;3,95100000;3,95230000;1,43280000;1,43310000
20/03/2025;170;A;GYD;0,02690000;0,02707000;209,19000000;210,47000000
20/03/2025;173;A;NAD;0,31210000;0,31240000;18,12700000;18,14500000
20/03/2025;175;A;BBD;2,77550000;2,83410000;1,99810000;2,04010000
20/03/2025;180;A;BZD;2,80700000;2,83110000;2,00020000;2,01720000
20/03/2025;185;A;BND;4,23790000;4,24050000;1,33540000;1,33610000
20/03/2025;190;A;KYD;6,78110000;6,84330000;0,82750000;0,83500000
20/03/2025;195;A;SGD;4,23820000;4,24020000;1,33550000;1,33600000
20/03/2025;197;B;CLF;237,01400000;237,03910000;41,85900000;41,85900000
20/03/2025;200;B;FJD;2,40130000;2,49790000;0,42410000;0,44110000
20/03/2025;205;A;HKD;0,72850000;0,72860000;7,77240000;7,77260000
20/03/2025;210;A;TTD;0,82950000;0,83690000;6,76620000;6,82600000
20/03/2025;215;A;XCD;2,08170000;2,10510000;2,69000000;2,72000000
20/03/2025;220;A;USD;5,66220000;5,66280000;1,00000000;1,00000000
20/03/2025;230;A;JMD;0,03561000;0,03653000;155,00000000;159,00000000
20/03/2025;235;A;LRD;0,02803000;0,02860000;198,00000000;202,00000000
20/03/2025;245;B;NZD;3,25460000;3,25670000;0,57480000;0,57510000
20/03/2025;250;B;SBD;0,65910000;0,69880000;0,11640000;0,12340000
20/03/2025;255;A;SRD;0,15210000;0,15540000;36,44600000;37,23100000
20/03/2025;260;A;VND;0,00022140;0,00022170;25545,00000000;25575,00000000
20/03/2025;275;A;AMD;0,01437000;0,01452000;390,00000000;394,00000000
20/03/2025;295;A;CVE;0,05519000;0,05571000;101,65000000;102,59000000
20/03/2025;325;A;ANG;3,11110000;3,17330000;1,78450000;1,82000000
20/03/2025;328;A;AWG;3,07730000;3,18130000;1,78000000;1,84000000
20/03/2025;345;A;HUF;0,01539000;0,01540000;367,66000000;367,80000000
20/03/2025;363;A;CDF;0,00197300;0,00198300;2855,50000000;2870,00000000
20/03/2025;365;A;BIF;0,00188700;0,00193500;2927,05000000;3000,00000000
20/03/2025;368;A;KMF;0,01250000;0,01253000;452,00000000;453,00000000
20/03/2025;370;A;XAF;0,00906600;0,00936400;604,74000000;624,59000000
20/03/2025;372;A;XOF;0,00937500;0,00945400;599,00000000;604,00000000
20/03/2025;380;A;XPF;0,05117000;0,05163000;109,68000000;110,65000000
20/03/2025;390;A;DJF;0,03171000;0,03189000;177,60000000;178,55000000
20/03/2025;398;A;GNF;0,00065200;0,00065770;8610,00000000;8685,00000000
20/03/2025;406;A;MGA;0,00119900;0,00121900;4646,87000000;4722,47000000
20/03/2025;420;A;RWF;0,00394600;0,00398800;1420,00000000;1435,00000000
20/03/2025;425;A;CHF;6,41390000;6,41750000;0,88240000;0,88280000
20/03/2025;440;A;HTG;0,04301000;0,04338000;130,55000000;131,65000000
20/03/2025;450;A;PYG;0,00070980;0,00071120;7962,01000000;7977,01000000
20/03/2025;460;A;UAH;0,13610000;0,13650000;41,49000000;41,59000000
20/03/2025;470;A;JPY;0,03804000;0,03805000;148,83000000;148,85000000
20/03/2025;482;A;GEL;2,02080000;2,06520000;2,74200000;2,80200000
20/03/2025;490;A;ALL;0,06178000;0,06216000;91,10000000;91,65000000
20/03/2025;495;A;HNL;0,22120000;0,22150000;25,56650000;25,60000000
20/03/2025;500;A;SLL;0,00024720;0,00024960;22683,00000000;22908,00000000
20/03/2025;503;A;MDL;0,31460000;0,31640000;17,90000000;18,00000000
20/03/2025;506;A;RON;1,23380000;1,23450000;4,58710000;4,58930000
20/03/2025;510;A;BGN;3,14010000;3,14110000;1,80280000;1,80320000
20/03/2025;530;B;GIP;7,35240000;7,35880000;1,29850000;1,29950000
20/03/2025;535;A;EGP;0,11190000;0,11210000;50,52000000;50,62000000
20/03/2025;540;B;GBP;7,34560000;7,34690000;1,29730000;1,29740000
20/03/2025;545;B;FKP;7,35240000;7,35880000;1,29850000;1,29950000
20/03/2025;560;A;LBP;0,00006320;0,00006330;89500,00000000;89600,00000000
20/03/2025;570;B;SHP;7,34330000;7,34580000;1,29690000;1,29720000
20/03/2025;575;A;SYP;0,00043520;0,00043560;13000,00000000;13010,00000000
20/03/2025;585;A;SZL;0,31210000;0,31220000;18,13640000;18,13940000
20/03/2025;603;A;LSL;0,31210000;0,31220000;18,13640000;18,13940000
20/03/2025;608;A;TMT;1,61560000;1,62040000;3,49470000;3,50470000
20/03/2025;622;A;MZN;0,08776000;0,08953000;63,25000000;64,52000000
20/03/2025;625;A;ERN;0,37370000;0,37750000;15,00000000;15,15000000
20/03/2025;630;A;NGN;0,00364100;0,00366500;1545,00000000;1555,00000000
20/03/2025;635;A;AOA;0,00608700;0,00620900;912,00000000;930,24000000
20/03/2025;640;A;TWD;0,17150000;0,17150000;33,01000000;33,01800000
20/03/2025;642;A;TRY;0,14920000;0,14930000;37,93800000;37,95370000
20/03/2025;660;A;PEN;1,56340000;1,56390000;3,62100000;3,62170000
20/03/2025;665;A;BTN;0,06555000;0,06564000;86,26800000;86,37700000
20/03/2025;670;A;MRO;0,01577000;0,01591000;356,00000000;359,00000000
20/03/2025;671;A;MRU;0,14230000;0,14280000;39,66000000;39,77900000
20/03/2025;680;B;TOP;2,29040000;2,43220000;0,40450000;0,42950000
20/03/2025;685;A;MOP;0,70620000;0,70740000;8,00500000;8,01800000
20/03/2025;706;A;ARS;0,00529600;0,00529700;1069,00000000;1069,25000000
20/03/2025;715;A;CLP;0,00610300;0,00610500;927,54000000;927,85000000
20/03/2025;720;A;COP;0,00135300;0,00135400;4181,93000000;4184,57000000
20/03/2025;721;B;COU;0,51130000;0,51140000;0,09030000;0,09030000
20/03/2025;725;A;CUP;0,23590000;0,23600000;24,00000000;24,00000000
20/03/2025;730;A;DOP;0,08931000;0,09003000;62,90000000;63,40000000
20/03/2025;735;A;PHP;0,09890000;0,09895000;57,22700000;57,25300000
20/03/2025;741;A;MXN;0,28110000;0,28130000;20,13280000;20,14330000
20/03/2025;745;A;UYU;0,13400000;0,13410000;42,24000000;42,27000000
20/03/2025;755;B;BWP;0,41330000;0,41730000;0,07300000;0,07370000
20/03/2025;760;A;MWK;0,00323500;0,00329800;1717,02000000;1750,32000000
20/03/2025;766;A;ZMW;0,19630000;0,19660000;28,80000000;28,85000000
20/03/2025;770;A;GTQ;0,73390000;0,73590000;7,69500000;7,71500000
20/03/2025;775;A;MMK;0,00268800;0,00270500;2093,70000000;2106,30000000
20/03/2025;778;B;PGK;1,35500000;1,39760000;0,23930000;0,24680000
20/03/2025;780;A;LAK;0,00026020;0,00026310;21520,00000000;21765,00000000
20/03/2025;785;A;ZAR;0,31180000;0,31240000;18,12810000;18,15690000
20/03/2025;795;A;CNY;0,78110000;0,78130000;7,24770000;7,24900000
20/03/2025;796;A;CNH;0,78050000;0,78060000;7,25460000;7,25490000
20/03/2025;800;A;QAR;1,55300000;1,55380000;3,64450000;3,64600000
20/03/2025;805;A;OMR;14,70320000;14,72000000;0,38470000;0,38510000
20/03/2025;810;A;YER;0,02297000;0,02304000;245,80000000;246,50000000
20/03/2025;815;A;IRR;0,00013420;0,00013470;42025,00000000;42200,00000000
20/03/2025;820;A;SAR;1,50950000;1,50970000;3,75090000;3,75110000
20/03/2025;825;A;KHR;0,00140600;0,00141500;4001,00000000;4026,00000000
20/03/2025;828;A;MYR;1,27870000;1,28000000;4,42400000;4,42800000
20/03/2025;830;A;RUB;0,06667000;0,06668000;84,92050000;84,92950000
20/03/2025;831;A;BYN;1,72630000;1,73710000;3,26000000;3,28000000
20/03/2025;835;A;TJS;0,51660000;0,52140000;10,86000000;10,96000000
20/03/2025;840;A;MUR;0,12540000;0,12630000;44,85000000;45,15000000
20/03/2025;845;A;NPR;0,04097000;0,04098000;138,19000000;138,20000000
20/03/2025;850;A;SCR;0,39440000;0,39440000;14,35750000;14,35790000
20/03/2025;855;A;LKR;0,01910000;0,01911000;296,40000000;296,50000000
20/03/2025;860;A;INR;0,06556000;0,06561000;86,30800000;86,36300000
20/03/2025;865;A;IDR;0,00034360;0,00034380;16470,00000000;16480,00000000
20/03/2025;870;A;MVR;0,36530000;0,36720000;15,42000000;15,50000000
20/03/2025;875;A;PKR;0,02019000;0,02022000;280,00000000;280,50000000
20/03/2025;880;A;ILS;1,53900000;1,54000000;3,67720000;3,67920000
20/03/2025;892;A;KGS;0,06503000;0,06508000;87,01500000;87,06930000
20/03/2025;893;A;UZS;0,00043710;0,00043950;12885,00000000;12955,00000000
20/03/2025;905;A;BDT;0,04641000;0,04680000;121,00000000;122,00000000
20/03/2025;912;B;WST;1,96990000;2,09470000;0,34790000;0,36990000
20/03/2025;913;A;KZT;0,01125000;0,01126000;502,84000000;503,39000000
20/03/2025;915;A;MNT;0,00162700;0,00163200;3470,00000000;3480,00000000
20/03/2025;920;A;VUV;0,04503000;0,04711000;120,20000000;125,75000000
20/03/2025;930;A;KRW;0,00385600;0,00385800;1467,77000000;1468,26000000
20/03/2025;946;A;TZS;0,00212100;0,00216100;2620,00000000;2670,00000000
20/03/2025;950;A;KES;0,04369000;0,04383000;129,20000000;129,60000000
20/03/2025;955;A;UGX;0,00154300;0,00154700;3660,00000000;3670,00000000
20/03/2025;960;A;SOS;0,00984700;0,00997000;568,00000000;575,00000000
20/03/2025;975;A;PLN;1,46360000;1,46410000;3,86780000;3,86880000
20/03/2025;978;B;EUR;6,14180000;6,14300000;1,08470000;1,08480000
20/03/2025;998;A;XAU;553,48970000;553,54840000;0,01023000;0,01023000

[2025-07-06T19:39:33.626+0000] {taskinstance.py:441} INFO - ::group::Post task execution logs
[2025-07-06T19:39:33.667+0000] {taskinstance.py:1206} INFO - Marking task as SUCCESS. dag_id=fin_cotacoes_bcb_classic, task_id=extract, run_id=scheduled__2025-03-20T00:00:00+00:00, execution_date=20250320T000000, start_date=20250706T193933, end_date=20250706T193933
[2025-07-06T19:39:33.718+0000] {local_task_job_runner.py:240} INFO - Task exited with return code 0
[2025-07-06T19:39:33.755+0000] {logging_mixin.py:188} WARNING - /home/***/.local/lib/python3.12/site-packages/***/models/baseoperator.py:1297 AirflowProviderDeprecationWarning: Call to deprecated class PostgresOperator. (Please use `***.providers.common.sql.operators.sql.SQLExecuteQueryOperator`.Also, you can provide `hook_params={'schema': <database>}`.)
[2025-07-06T19:39:33.803+0000] {taskinstance.py:3503} INFO - 1 downstream tasks scheduled from follow-on schedule check
[2025-07-06T19:39:33.807+0000] {local_task_job_runner.py:222} INFO - ::endgroup::
[2025-07-07T14:31:04.188+0000] {local_task_job_runner.py:120} INFO - ::group::Pre task execution logs
[2025-07-07T14:31:04.268+0000] {taskinstance.py:2076} INFO - Dependencies all met for dep_context=non-requeueable deps ti=<TaskInstance: fin_cotacoes_bcb_classic.extract scheduled__2025-03-20T00:00:00+00:00 [queued]>
[2025-07-07T14:31:04.289+0000] {taskinstance.py:2076} INFO - Dependencies all met for dep_context=requeueable deps ti=<TaskInstance: fin_cotacoes_bcb_classic.extract scheduled__2025-03-20T00:00:00+00:00 [queued]>
[2025-07-07T14:31:04.289+0000] {taskinstance.py:2306} INFO - Starting attempt 1 of 2
[2025-07-07T14:31:04.340+0000] {taskinstance.py:2330} INFO - Executing <Task(PythonOperator): extract> on 2025-03-20 00:00:00+00:00
[2025-07-07T14:31:04.354+0000] {logging_mixin.py:188} WARNING - /home/***/.local/lib/python3.12/site-packages/***/task/task_runner/standard_task_runner.py:61 DeprecationWarning: This process (pid=76013) is multi-threaded, use of fork() may lead to deadlocks in the child.
[2025-07-07T14:31:04.356+0000] {standard_task_runner.py:63} INFO - Started process 76066 to run task
[2025-07-07T14:31:04.354+0000] {standard_task_runner.py:90} INFO - Running: ['***', 'tasks', 'run', 'fin_cotacoes_bcb_classic', 'extract', 'scheduled__2025-03-20T00:00:00+00:00', '--job-id', '2154', '--raw', '--subdir', 'DAGS_FOLDER/cotacoes.py', '--cfg-path', '/tmp/tmp8_khbmgx']
[2025-07-07T14:31:04.359+0000] {standard_task_runner.py:91} INFO - Job 2154: Subtask extract
[2025-07-07T14:31:04.465+0000] {task_command.py:426} INFO - Running <TaskInstance: fin_cotacoes_bcb_classic.extract scheduled__2025-03-20T00:00:00+00:00 [running]> on host bc96ca91d307
[2025-07-07T14:31:04.667+0000] {taskinstance.py:2648} INFO - Exporting env vars: AIRFLOW_CTX_DAG_OWNER='***' AIRFLOW_CTX_DAG_ID='fin_cotacoes_bcb_classic' AIRFLOW_CTX_TASK_ID='extract' AIRFLOW_CTX_EXECUTION_DATE='2025-03-20T00:00:00+00:00' AIRFLOW_CTX_TRY_NUMBER='1' AIRFLOW_CTX_DAG_RUN_ID='scheduled__2025-03-20T00:00:00+00:00'
[2025-07-07T14:31:04.669+0000] {taskinstance.py:430} INFO - ::endgroup::
[2025-07-07T14:31:04.669+0000] {cotacoes.py:35} INFO - Iniciando extração da URL: https://www4.bcb.gov.br/Download/fechamento/20250320.csv
[2025-07-07T14:31:05.089+0000] {cotacoes.py:41} INFO - Extração concluída com sucesso.
[2025-07-07T14:31:05.091+0000] {python.py:237} INFO - Done. Returned value was: 20/03/2025;005;A;AFN;0,08005000;0,08029000;70,53000000;70,73000000
20/03/2025;009;A;ETB;0,04214000;0,04377000;129,37940000;134,37940000
20/03/2025;015;A;THB;0,16770000;0,16790000;33,73000000;33,76000000
20/03/2025;020;A;PAB;5,66220000;5,66280000;1,00000000;1,00000000
20/03/2025;027;A;VES;0,08372000;0,08394000;67,46530000;67,63440000
20/03/2025;030;A;BOB;0,81120000;0,82550000;6,86000000;6,98000000
20/03/2025;035;A;GHS;0,36410000;0,36650000;15,45000000;15,55000000
20/03/2025;040;A;CRC;0,01132000;0,01144000;495,00000000;500,00000000
20/03/2025;045;A;SVC;0,64640000;0,64720000;8,74950000;8,75950000
20/03/2025;051;A;NIO;0,15300000;0,15470000;36,60000000;37,00000000
20/03/2025;055;A;DKK;0,82340000;0,82360000;6,87600000;6,87660000
20/03/2025;060;A;ISK;0,04252000;0,04262000;132,88000000;133,17000000
20/03/2025;065;A;NOK;0,53550000;0,53570000;10,57020000;10,57320000
20/03/2025;070;A;SEK;0,55810000;0,55830000;10,14260000;10,14480000
20/03/2025;075;A;CZK;0,24550000;0,24560000;23,05800000;23,06600000
20/03/2025;090;A;GMD;0,07756000;0,07843000;72,20000000;73,00000000
20/03/2025;095;A;DZD;0,04207000;0,04246000;133,37400000;134,59860000
20/03/2025;100;A;KWD;18,35990000;18,39770000;0,30780000;0,30840000
20/03/2025;105;A;BHD;15,01910000;15,02070000;0,37700000;0,37700000
20/03/2025;115;A;IQD;0,00431900;0,00432600;1309,00000000;1311,00000000
20/03/2025;125;A;JOD;7,97490000;7,99830000;0,70800000;0,71000000
20/03/2025;130;A;LYD;1,16990000;1,17980000;4,80000000;4,84000000
20/03/2025;132;A;MKD;0,09918000;0,10010000;56,59000000;57,09000000
20/03/2025;133;A;RSD;0,05236000;0,05245000;107,96000000;108,15000000
20/03/2025;134;A;SDG;0,00940300;0,00945600;598,85020000;602,19120000
20/03/2025;135;A;TND;1,82950000;1,83860000;3,08000000;3,09500000
20/03/2025;136;A;SSP;0,00125500;0,00128600;4402,52670000;4512,52670000
20/03/2025;138;B;SDR;7,53530000;7,53610000;1,33080000;1,33080000
20/03/2025;139;A;MAD;0,58630000;0,58760000;9,63720000;9,65720000
20/03/2025;145;A;AED;1,54160000;1,54190000;3,67260000;3,67290000
20/03/2025;149;A;STN;0,24560000;0,25070000;22,58480000;23,04990000
20/03/2025;150;B;AUD;3,56610000;3,56810000;0,62980000;0,63010000
20/03/2025;155;A;BSD;5,66220000;5,66280000;1,00000000;1,00000000
20/03/2025;160;A;BMD;5,66220000;5,66280000;1,00000000;1,00000000
20/03/2025;165;A;CAD;3,95100000;3,95230000;1,43280000;1,43310000
20/03/2025;170;A;GYD;0,02690000;0,02707000;209,19000000;210,47000000
20/03/2025;173;A;NAD;0,31210000;0,31240000;18,12700000;18,14500000
20/03/2025;175;A;BBD;2,77550000;2,83410000;1,99810000;2,04010000
20/03/2025;180;A;BZD;2,80700000;2,83110000;2,00020000;2,01720000
20/03/2025;185;A;BND;4,23790000;4,24050000;1,33540000;1,33610000
20/03/2025;190;A;KYD;6,78110000;6,84330000;0,82750000;0,83500000
20/03/2025;195;A;SGD;4,23820000;4,24020000;1,33550000;1,33600000
20/03/2025;197;B;CLF;237,01400000;237,03910000;41,85900000;41,85900000
20/03/2025;200;B;FJD;2,40130000;2,49790000;0,42410000;0,44110000
20/03/2025;205;A;HKD;0,72850000;0,72860000;7,77240000;7,77260000
20/03/2025;210;A;TTD;0,82950000;0,83690000;6,76620000;6,82600000
20/03/2025;215;A;XCD;2,08170000;2,10510000;2,69000000;2,72000000
20/03/2025;220;A;USD;5,66220000;5,66280000;1,00000000;1,00000000
20/03/2025;230;A;JMD;0,03561000;0,03653000;155,00000000;159,00000000
20/03/2025;235;A;LRD;0,02803000;0,02860000;198,00000000;202,00000000
20/03/2025;245;B;NZD;3,25460000;3,25670000;0,57480000;0,57510000
20/03/2025;250;B;SBD;0,65910000;0,69880000;0,11640000;0,12340000
20/03/2025;255;A;SRD;0,15210000;0,15540000;36,44600000;37,23100000
20/03/2025;260;A;VND;0,00022140;0,00022170;25545,00000000;25575,00000000
20/03/2025;275;A;AMD;0,01437000;0,01452000;390,00000000;394,00000000
20/03/2025;295;A;CVE;0,05519000;0,05571000;101,65000000;102,59000000
20/03/2025;325;A;ANG;3,11110000;3,17330000;1,78450000;1,82000000
20/03/2025;328;A;AWG;3,07730000;3,18130000;1,78000000;1,84000000
20/03/2025;345;A;HUF;0,01539000;0,01540000;367,66000000;367,80000000
20/03/2025;363;A;CDF;0,00197300;0,00198300;2855,50000000;2870,00000000
20/03/2025;365;A;BIF;0,00188700;0,00193500;2927,05000000;3000,00000000
20/03/2025;368;A;KMF;0,01250000;0,01253000;452,00000000;453,00000000
20/03/2025;370;A;XAF;0,00906600;0,00936400;604,74000000;624,59000000
20/03/2025;372;A;XOF;0,00937500;0,00945400;599,00000000;604,00000000
20/03/2025;380;A;XPF;0,05117000;0,05163000;109,68000000;110,65000000
20/03/2025;390;A;DJF;0,03171000;0,03189000;177,60000000;178,55000000
20/03/2025;398;A;GNF;0,00065200;0,00065770;8610,00000000;8685,00000000
20/03/2025;406;A;MGA;0,00119900;0,00121900;4646,87000000;4722,47000000
20/03/2025;420;A;RWF;0,00394600;0,00398800;1420,00000000;1435,00000000
20/03/2025;425;A;CHF;6,41390000;6,41750000;0,88240000;0,88280000
20/03/2025;440;A;HTG;0,04301000;0,04338000;130,55000000;131,65000000
20/03/2025;450;A;PYG;0,00070980;0,00071120;7962,01000000;7977,01000000
20/03/2025;460;A;UAH;0,13610000;0,13650000;41,49000000;41,59000000
20/03/2025;470;A;JPY;0,03804000;0,03805000;148,83000000;148,85000000
20/03/2025;482;A;GEL;2,02080000;2,06520000;2,74200000;2,80200000
20/03/2025;490;A;ALL;0,06178000;0,06216000;91,10000000;91,65000000
20/03/2025;495;A;HNL;0,22120000;0,22150000;25,56650000;25,60000000
20/03/2025;500;A;SLL;0,00024720;0,00024960;22683,00000000;22908,00000000
20/03/2025;503;A;MDL;0,31460000;0,31640000;17,90000000;18,00000000
20/03/2025;506;A;RON;1,23380000;1,23450000;4,58710000;4,58930000
20/03/2025;510;A;BGN;3,14010000;3,14110000;1,80280000;1,80320000
20/03/2025;530;B;GIP;7,35240000;7,35880000;1,29850000;1,29950000
20/03/2025;535;A;EGP;0,11190000;0,11210000;50,52000000;50,62000000
20/03/2025;540;B;GBP;7,34560000;7,34690000;1,29730000;1,29740000
20/03/2025;545;B;FKP;7,35240000;7,35880000;1,29850000;1,29950000
20/03/2025;560;A;LBP;0,00006320;0,00006330;89500,00000000;89600,00000000
20/03/2025;570;B;SHP;7,34330000;7,34580000;1,29690000;1,29720000
20/03/2025;575;A;SYP;0,00043520;0,00043560;13000,00000000;13010,00000000
20/03/2025;585;A;SZL;0,31210000;0,31220000;18,13640000;18,13940000
20/03/2025;603;A;LSL;0,31210000;0,31220000;18,13640000;18,13940000
20/03/2025;608;A;TMT;1,61560000;1,62040000;3,49470000;3,50470000
20/03/2025;622;A;MZN;0,08776000;0,08953000;63,25000000;64,52000000
20/03/2025;625;A;ERN;0,37370000;0,37750000;15,00000000;15,15000000
20/03/2025;630;A;NGN;0,00364100;0,00366500;1545,00000000;1555,00000000
20/03/2025;635;A;AOA;0,00608700;0,00620900;912,00000000;930,24000000
20/03/2025;640;A;TWD;0,17150000;0,17150000;33,01000000;33,01800000
20/03/2025;642;A;TRY;0,14920000;0,14930000;37,93800000;37,95370000
20/03/2025;660;A;PEN;1,56340000;1,56390000;3,62100000;3,62170000
20/03/2025;665;A;BTN;0,06555000;0,06564000;86,26800000;86,37700000
20/03/2025;670;A;MRO;0,01577000;0,01591000;356,00000000;359,00000000
20/03/2025;671;A;MRU;0,14230000;0,14280000;39,66000000;39,77900000
20/03/2025;680;B;TOP;2,29040000;2,43220000;0,40450000;0,42950000
20/03/2025;685;A;MOP;0,70620000;0,70740000;8,00500000;8,01800000
20/03/2025;706;A;ARS;0,00529600;0,00529700;1069,00000000;1069,25000000
20/03/2025;715;A;CLP;0,00610300;0,00610500;927,54000000;927,85000000
20/03/2025;720;A;COP;0,00135300;0,00135400;4181,93000000;4184,57000000
20/03/2025;721;B;COU;0,51130000;0,51140000;0,09030000;0,09030000
20/03/2025;725;A;CUP;0,23590000;0,23600000;24,00000000;24,00000000
20/03/2025;730;A;DOP;0,08931000;0,09003000;62,90000000;63,40000000
20/03/2025;735;A;PHP;0,09890000;0,09895000;57,22700000;57,25300000
20/03/2025;741;A;MXN;0,28110000;0,28130000;20,13280000;20,14330000
20/03/2025;745;A;UYU;0,13400000;0,13410000;42,24000000;42,27000000
20/03/2025;755;B;BWP;0,41330000;0,41730000;0,07300000;0,07370000
20/03/2025;760;A;MWK;0,00323500;0,00329800;1717,02000000;1750,32000000
20/03/2025;766;A;ZMW;0,19630000;0,19660000;28,80000000;28,85000000
20/03/2025;770;A;GTQ;0,73390000;0,73590000;7,69500000;7,71500000
20/03/2025;775;A;MMK;0,00268800;0,00270500;2093,70000000;2106,30000000
20/03/2025;778;B;PGK;1,35500000;1,39760000;0,23930000;0,24680000
20/03/2025;780;A;LAK;0,00026020;0,00026310;21520,00000000;21765,00000000
20/03/2025;785;A;ZAR;0,31180000;0,31240000;18,12810000;18,15690000
20/03/2025;795;A;CNY;0,78110000;0,78130000;7,24770000;7,24900000
20/03/2025;796;A;CNH;0,78050000;0,78060000;7,25460000;7,25490000
20/03/2025;800;A;QAR;1,55300000;1,55380000;3,64450000;3,64600000
20/03/2025;805;A;OMR;14,70320000;14,72000000;0,38470000;0,38510000
20/03/2025;810;A;YER;0,02297000;0,02304000;245,80000000;246,50000000
20/03/2025;815;A;IRR;0,00013420;0,00013470;42025,00000000;42200,00000000
20/03/2025;820;A;SAR;1,50950000;1,50970000;3,75090000;3,75110000
20/03/2025;825;A;KHR;0,00140600;0,00141500;4001,00000000;4026,00000000
20/03/2025;828;A;MYR;1,27870000;1,28000000;4,42400000;4,42800000
20/03/2025;830;A;RUB;0,06667000;0,06668000;84,92050000;84,92950000
20/03/2025;831;A;BYN;1,72630000;1,73710000;3,26000000;3,28000000
20/03/2025;835;A;TJS;0,51660000;0,52140000;10,86000000;10,96000000
20/03/2025;840;A;MUR;0,12540000;0,12630000;44,85000000;45,15000000
20/03/2025;845;A;NPR;0,04097000;0,04098000;138,19000000;138,20000000
20/03/2025;850;A;SCR;0,39440000;0,39440000;14,35750000;14,35790000
20/03/2025;855;A;LKR;0,01910000;0,01911000;296,40000000;296,50000000
20/03/2025;860;A;INR;0,06556000;0,06561000;86,30800000;86,36300000
20/03/2025;865;A;IDR;0,00034360;0,00034380;16470,00000000;16480,00000000
20/03/2025;870;A;MVR;0,36530000;0,36720000;15,42000000;15,50000000
20/03/2025;875;A;PKR;0,02019000;0,02022000;280,00000000;280,50000000
20/03/2025;880;A;ILS;1,53900000;1,54000000;3,67720000;3,67920000
20/03/2025;892;A;KGS;0,06503000;0,06508000;87,01500000;87,06930000
20/03/2025;893;A;UZS;0,00043710;0,00043950;12885,00000000;12955,00000000
20/03/2025;905;A;BDT;0,04641000;0,04680000;121,00000000;122,00000000
20/03/2025;912;B;WST;1,96990000;2,09470000;0,34790000;0,36990000
20/03/2025;913;A;KZT;0,01125000;0,01126000;502,84000000;503,39000000
20/03/2025;915;A;MNT;0,00162700;0,00163200;3470,00000000;3480,00000000
20/03/2025;920;A;VUV;0,04503000;0,04711000;120,20000000;125,75000000
20/03/2025;930;A;KRW;0,00385600;0,00385800;1467,77000000;1468,26000000
20/03/2025;946;A;TZS;0,00212100;0,00216100;2620,00000000;2670,00000000
20/03/2025;950;A;KES;0,04369000;0,04383000;129,20000000;129,60000000
20/03/2025;955;A;UGX;0,00154300;0,00154700;3660,00000000;3670,00000000
20/03/2025;960;A;SOS;0,00984700;0,00997000;568,00000000;575,00000000
20/03/2025;975;A;PLN;1,46360000;1,46410000;3,86780000;3,86880000
20/03/2025;978;B;EUR;6,14180000;6,14300000;1,08470000;1,08480000
20/03/2025;998;A;XAU;553,48970000;553,54840000;0,01023000;0,01023000

[2025-07-07T14:31:05.106+0000] {taskinstance.py:441} INFO - ::group::Post task execution logs
[2025-07-07T14:31:05.155+0000] {taskinstance.py:1206} INFO - Marking task as SUCCESS. dag_id=fin_cotacoes_bcb_classic, task_id=extract, run_id=scheduled__2025-03-20T00:00:00+00:00, execution_date=20250320T000000, start_date=20250707T143104, end_date=20250707T143105
[2025-07-07T14:31:05.226+0000] {local_task_job_runner.py:240} INFO - Task exited with return code 0
[2025-07-07T14:31:05.247+0000] {local_task_job_runner.py:222} INFO - ::endgroup::
[2025-07-07T14:34:14.191+0000] {local_task_job_runner.py:120} INFO - ::group::Pre task execution logs
[2025-07-07T14:34:14.295+0000] {taskinstance.py:2076} INFO - Dependencies all met for dep_context=non-requeueable deps ti=<TaskInstance: fin_cotacoes_bcb_classic.extract scheduled__2025-03-20T00:00:00+00:00 [queued]>
[2025-07-07T14:34:14.305+0000] {taskinstance.py:2076} INFO - Dependencies all met for dep_context=requeueable deps ti=<TaskInstance: fin_cotacoes_bcb_classic.extract scheduled__2025-03-20T00:00:00+00:00 [queued]>
[2025-07-07T14:34:14.306+0000] {taskinstance.py:2306} INFO - Starting attempt 1 of 2
[2025-07-07T14:34:14.345+0000] {taskinstance.py:2330} INFO - Executing <Task(PythonOperator): extract> on 2025-03-20 00:00:00+00:00
[2025-07-07T14:34:14.363+0000] {standard_task_runner.py:90} INFO - Running: ['***', 'tasks', 'run', 'fin_cotacoes_bcb_classic', 'extract', 'scheduled__2025-03-20T00:00:00+00:00', '--job-id', '2414', '--raw', '--subdir', 'DAGS_FOLDER/cotacoes.py', '--cfg-path', '/tmp/tmp559u273u']
[2025-07-07T14:34:14.369+0000] {standard_task_runner.py:91} INFO - Job 2414: Subtask extract
[2025-07-07T14:34:14.367+0000] {logging_mixin.py:188} WARNING - /home/***/.local/lib/python3.12/site-packages/***/task/task_runner/standard_task_runner.py:61 DeprecationWarning: This process (pid=78475) is multi-threaded, use of fork() may lead to deadlocks in the child.
[2025-07-07T14:34:14.373+0000] {standard_task_runner.py:63} INFO - Started process 78502 to run task
[2025-07-07T14:34:14.502+0000] {task_command.py:426} INFO - Running <TaskInstance: fin_cotacoes_bcb_classic.extract scheduled__2025-03-20T00:00:00+00:00 [running]> on host bc96ca91d307
[2025-07-07T14:34:14.848+0000] {taskinstance.py:2648} INFO - Exporting env vars: AIRFLOW_CTX_DAG_OWNER='***' AIRFLOW_CTX_DAG_ID='fin_cotacoes_bcb_classic' AIRFLOW_CTX_TASK_ID='extract' AIRFLOW_CTX_EXECUTION_DATE='2025-03-20T00:00:00+00:00' AIRFLOW_CTX_TRY_NUMBER='1' AIRFLOW_CTX_DAG_RUN_ID='scheduled__2025-03-20T00:00:00+00:00'
[2025-07-07T14:34:14.852+0000] {taskinstance.py:430} INFO - ::endgroup::
[2025-07-07T14:34:14.853+0000] {cotacoes.py:35} INFO - Iniciando extração da URL: https://www4.bcb.gov.br/Download/fechamento/20250320.csv
[2025-07-07T14:34:15.228+0000] {cotacoes.py:41} INFO - Extração concluída com sucesso.
[2025-07-07T14:34:15.234+0000] {python.py:237} INFO - Done. Returned value was: 20/03/2025;005;A;AFN;0,08005000;0,08029000;70,53000000;70,73000000
20/03/2025;009;A;ETB;0,04214000;0,04377000;129,37940000;134,37940000
20/03/2025;015;A;THB;0,16770000;0,16790000;33,73000000;33,76000000
20/03/2025;020;A;PAB;5,66220000;5,66280000;1,00000000;1,00000000
20/03/2025;027;A;VES;0,08372000;0,08394000;67,46530000;67,63440000
20/03/2025;030;A;BOB;0,81120000;0,82550000;6,86000000;6,98000000
20/03/2025;035;A;GHS;0,36410000;0,36650000;15,45000000;15,55000000
20/03/2025;040;A;CRC;0,01132000;0,01144000;495,00000000;500,00000000
20/03/2025;045;A;SVC;0,64640000;0,64720000;8,74950000;8,75950000
20/03/2025;051;A;NIO;0,15300000;0,15470000;36,60000000;37,00000000
20/03/2025;055;A;DKK;0,82340000;0,82360000;6,87600000;6,87660000
20/03/2025;060;A;ISK;0,04252000;0,04262000;132,88000000;133,17000000
20/03/2025;065;A;NOK;0,53550000;0,53570000;10,57020000;10,57320000
20/03/2025;070;A;SEK;0,55810000;0,55830000;10,14260000;10,14480000
20/03/2025;075;A;CZK;0,24550000;0,24560000;23,05800000;23,06600000
20/03/2025;090;A;GMD;0,07756000;0,07843000;72,20000000;73,00000000
20/03/2025;095;A;DZD;0,04207000;0,04246000;133,37400000;134,59860000
20/03/2025;100;A;KWD;18,35990000;18,39770000;0,30780000;0,30840000
20/03/2025;105;A;BHD;15,01910000;15,02070000;0,37700000;0,37700000
20/03/2025;115;A;IQD;0,00431900;0,00432600;1309,00000000;1311,00000000
20/03/2025;125;A;JOD;7,97490000;7,99830000;0,70800000;0,71000000
20/03/2025;130;A;LYD;1,16990000;1,17980000;4,80000000;4,84000000
20/03/2025;132;A;MKD;0,09918000;0,10010000;56,59000000;57,09000000
20/03/2025;133;A;RSD;0,05236000;0,05245000;107,96000000;108,15000000
20/03/2025;134;A;SDG;0,00940300;0,00945600;598,85020000;602,19120000
20/03/2025;135;A;TND;1,82950000;1,83860000;3,08000000;3,09500000
20/03/2025;136;A;SSP;0,00125500;0,00128600;4402,52670000;4512,52670000
20/03/2025;138;B;SDR;7,53530000;7,53610000;1,33080000;1,33080000
20/03/2025;139;A;MAD;0,58630000;0,58760000;9,63720000;9,65720000
20/03/2025;145;A;AED;1,54160000;1,54190000;3,67260000;3,67290000
20/03/2025;149;A;STN;0,24560000;0,25070000;22,58480000;23,04990000
20/03/2025;150;B;AUD;3,56610000;3,56810000;0,62980000;0,63010000
20/03/2025;155;A;BSD;5,66220000;5,66280000;1,00000000;1,00000000
20/03/2025;160;A;BMD;5,66220000;5,66280000;1,00000000;1,00000000
20/03/2025;165;A;CAD;3,95100000;3,95230000;1,43280000;1,43310000
20/03/2025;170;A;GYD;0,02690000;0,02707000;209,19000000;210,47000000
20/03/2025;173;A;NAD;0,31210000;0,31240000;18,12700000;18,14500000
20/03/2025;175;A;BBD;2,77550000;2,83410000;1,99810000;2,04010000
20/03/2025;180;A;BZD;2,80700000;2,83110000;2,00020000;2,01720000
20/03/2025;185;A;BND;4,23790000;4,24050000;1,33540000;1,33610000
20/03/2025;190;A;KYD;6,78110000;6,84330000;0,82750000;0,83500000
20/03/2025;195;A;SGD;4,23820000;4,24020000;1,33550000;1,33600000
20/03/2025;197;B;CLF;237,01400000;237,03910000;41,85900000;41,85900000
20/03/2025;200;B;FJD;2,40130000;2,49790000;0,42410000;0,44110000
20/03/2025;205;A;HKD;0,72850000;0,72860000;7,77240000;7,77260000
20/03/2025;210;A;TTD;0,82950000;0,83690000;6,76620000;6,82600000
20/03/2025;215;A;XCD;2,08170000;2,10510000;2,69000000;2,72000000
20/03/2025;220;A;USD;5,66220000;5,66280000;1,00000000;1,00000000
20/03/2025;230;A;JMD;0,03561000;0,03653000;155,00000000;159,00000000
20/03/2025;235;A;LRD;0,02803000;0,02860000;198,00000000;202,00000000
20/03/2025;245;B;NZD;3,25460000;3,25670000;0,57480000;0,57510000
20/03/2025;250;B;SBD;0,65910000;0,69880000;0,11640000;0,12340000
20/03/2025;255;A;SRD;0,15210000;0,15540000;36,44600000;37,23100000
20/03/2025;260;A;VND;0,00022140;0,00022170;25545,00000000;25575,00000000
20/03/2025;275;A;AMD;0,01437000;0,01452000;390,00000000;394,00000000
20/03/2025;295;A;CVE;0,05519000;0,05571000;101,65000000;102,59000000
20/03/2025;325;A;ANG;3,11110000;3,17330000;1,78450000;1,82000000
20/03/2025;328;A;AWG;3,07730000;3,18130000;1,78000000;1,84000000
20/03/2025;345;A;HUF;0,01539000;0,01540000;367,66000000;367,80000000
20/03/2025;363;A;CDF;0,00197300;0,00198300;2855,50000000;2870,00000000
20/03/2025;365;A;BIF;0,00188700;0,00193500;2927,05000000;3000,00000000
20/03/2025;368;A;KMF;0,01250000;0,01253000;452,00000000;453,00000000
20/03/2025;370;A;XAF;0,00906600;0,00936400;604,74000000;624,59000000
20/03/2025;372;A;XOF;0,00937500;0,00945400;599,00000000;604,00000000
20/03/2025;380;A;XPF;0,05117000;0,05163000;109,68000000;110,65000000
20/03/2025;390;A;DJF;0,03171000;0,03189000;177,60000000;178,55000000
20/03/2025;398;A;GNF;0,00065200;0,00065770;8610,00000000;8685,00000000
20/03/2025;406;A;MGA;0,00119900;0,00121900;4646,87000000;4722,47000000
20/03/2025;420;A;RWF;0,00394600;0,00398800;1420,00000000;1435,00000000
20/03/2025;425;A;CHF;6,41390000;6,41750000;0,88240000;0,88280000
20/03/2025;440;A;HTG;0,04301000;0,04338000;130,55000000;131,65000000
20/03/2025;450;A;PYG;0,00070980;0,00071120;7962,01000000;7977,01000000
20/03/2025;460;A;UAH;0,13610000;0,13650000;41,49000000;41,59000000
20/03/2025;470;A;JPY;0,03804000;0,03805000;148,83000000;148,85000000
20/03/2025;482;A;GEL;2,02080000;2,06520000;2,74200000;2,80200000
20/03/2025;490;A;ALL;0,06178000;0,06216000;91,10000000;91,65000000
20/03/2025;495;A;HNL;0,22120000;0,22150000;25,56650000;25,60000000
20/03/2025;500;A;SLL;0,00024720;0,00024960;22683,00000000;22908,00000000
20/03/2025;503;A;MDL;0,31460000;0,31640000;17,90000000;18,00000000
20/03/2025;506;A;RON;1,23380000;1,23450000;4,58710000;4,58930000
20/03/2025;510;A;BGN;3,14010000;3,14110000;1,80280000;1,80320000
20/03/2025;530;B;GIP;7,35240000;7,35880000;1,29850000;1,29950000
20/03/2025;535;A;EGP;0,11190000;0,11210000;50,52000000;50,62000000
20/03/2025;540;B;GBP;7,34560000;7,34690000;1,29730000;1,29740000
20/03/2025;545;B;FKP;7,35240000;7,35880000;1,29850000;1,29950000
20/03/2025;560;A;LBP;0,00006320;0,00006330;89500,00000000;89600,00000000
20/03/2025;570;B;SHP;7,34330000;7,34580000;1,29690000;1,29720000
20/03/2025;575;A;SYP;0,00043520;0,00043560;13000,00000000;13010,00000000
20/03/2025;585;A;SZL;0,31210000;0,31220000;18,13640000;18,13940000
20/03/2025;603;A;LSL;0,31210000;0,31220000;18,13640000;18,13940000
20/03/2025;608;A;TMT;1,61560000;1,62040000;3,49470000;3,50470000
20/03/2025;622;A;MZN;0,08776000;0,08953000;63,25000000;64,52000000
20/03/2025;625;A;ERN;0,37370000;0,37750000;15,00000000;15,15000000
20/03/2025;630;A;NGN;0,00364100;0,00366500;1545,00000000;1555,00000000
20/03/2025;635;A;AOA;0,00608700;0,00620900;912,00000000;930,24000000
20/03/2025;640;A;TWD;0,17150000;0,17150000;33,01000000;33,01800000
20/03/2025;642;A;TRY;0,14920000;0,14930000;37,93800000;37,95370000
20/03/2025;660;A;PEN;1,56340000;1,56390000;3,62100000;3,62170000
20/03/2025;665;A;BTN;0,06555000;0,06564000;86,26800000;86,37700000
20/03/2025;670;A;MRO;0,01577000;0,01591000;356,00000000;359,00000000
20/03/2025;671;A;MRU;0,14230000;0,14280000;39,66000000;39,77900000
20/03/2025;680;B;TOP;2,29040000;2,43220000;0,40450000;0,42950000
20/03/2025;685;A;MOP;0,70620000;0,70740000;8,00500000;8,01800000
20/03/2025;706;A;ARS;0,00529600;0,00529700;1069,00000000;1069,25000000
20/03/2025;715;A;CLP;0,00610300;0,00610500;927,54000000;927,85000000
20/03/2025;720;A;COP;0,00135300;0,00135400;4181,93000000;4184,57000000
20/03/2025;721;B;COU;0,51130000;0,51140000;0,09030000;0,09030000
20/03/2025;725;A;CUP;0,23590000;0,23600000;24,00000000;24,00000000
20/03/2025;730;A;DOP;0,08931000;0,09003000;62,90000000;63,40000000
20/03/2025;735;A;PHP;0,09890000;0,09895000;57,22700000;57,25300000
20/03/2025;741;A;MXN;0,28110000;0,28130000;20,13280000;20,14330000
20/03/2025;745;A;UYU;0,13400000;0,13410000;42,24000000;42,27000000
20/03/2025;755;B;BWP;0,41330000;0,41730000;0,07300000;0,07370000
20/03/2025;760;A;MWK;0,00323500;0,00329800;1717,02000000;1750,32000000
20/03/2025;766;A;ZMW;0,19630000;0,19660000;28,80000000;28,85000000
20/03/2025;770;A;GTQ;0,73390000;0,73590000;7,69500000;7,71500000
20/03/2025;775;A;MMK;0,00268800;0,00270500;2093,70000000;2106,30000000
20/03/2025;778;B;PGK;1,35500000;1,39760000;0,23930000;0,24680000
20/03/2025;780;A;LAK;0,00026020;0,00026310;21520,00000000;21765,00000000
20/03/2025;785;A;ZAR;0,31180000;0,31240000;18,12810000;18,15690000
20/03/2025;795;A;CNY;0,78110000;0,78130000;7,24770000;7,24900000
20/03/2025;796;A;CNH;0,78050000;0,78060000;7,25460000;7,25490000
20/03/2025;800;A;QAR;1,55300000;1,55380000;3,64450000;3,64600000
20/03/2025;805;A;OMR;14,70320000;14,72000000;0,38470000;0,38510000
20/03/2025;810;A;YER;0,02297000;0,02304000;245,80000000;246,50000000
20/03/2025;815;A;IRR;0,00013420;0,00013470;42025,00000000;42200,00000000
20/03/2025;820;A;SAR;1,50950000;1,50970000;3,75090000;3,75110000
20/03/2025;825;A;KHR;0,00140600;0,00141500;4001,00000000;4026,00000000
20/03/2025;828;A;MYR;1,27870000;1,28000000;4,42400000;4,42800000
20/03/2025;830;A;RUB;0,06667000;0,06668000;84,92050000;84,92950000
20/03/2025;831;A;BYN;1,72630000;1,73710000;3,26000000;3,28000000
20/03/2025;835;A;TJS;0,51660000;0,52140000;10,86000000;10,96000000
20/03/2025;840;A;MUR;0,12540000;0,12630000;44,85000000;45,15000000
20/03/2025;845;A;NPR;0,04097000;0,04098000;138,19000000;138,20000000
20/03/2025;850;A;SCR;0,39440000;0,39440000;14,35750000;14,35790000
20/03/2025;855;A;LKR;0,01910000;0,01911000;296,40000000;296,50000000
20/03/2025;860;A;INR;0,06556000;0,06561000;86,30800000;86,36300000
20/03/2025;865;A;IDR;0,00034360;0,00034380;16470,00000000;16480,00000000
20/03/2025;870;A;MVR;0,36530000;0,36720000;15,42000000;15,50000000
20/03/2025;875;A;PKR;0,02019000;0,02022000;280,00000000;280,50000000
20/03/2025;880;A;ILS;1,53900000;1,54000000;3,67720000;3,67920000
20/03/2025;892;A;KGS;0,06503000;0,06508000;87,01500000;87,06930000
20/03/2025;893;A;UZS;0,00043710;0,00043950;12885,00000000;12955,00000000
20/03/2025;905;A;BDT;0,04641000;0,04680000;121,00000000;122,00000000
20/03/2025;912;B;WST;1,96990000;2,09470000;0,34790000;0,36990000
20/03/2025;913;A;KZT;0,01125000;0,01126000;502,84000000;503,39000000
20/03/2025;915;A;MNT;0,00162700;0,00163200;3470,00000000;3480,00000000
20/03/2025;920;A;VUV;0,04503000;0,04711000;120,20000000;125,75000000
20/03/2025;930;A;KRW;0,00385600;0,00385800;1467,77000000;1468,26000000
20/03/2025;946;A;TZS;0,00212100;0,00216100;2620,00000000;2670,00000000
20/03/2025;950;A;KES;0,04369000;0,04383000;129,20000000;129,60000000
20/03/2025;955;A;UGX;0,00154300;0,00154700;3660,00000000;3670,00000000
20/03/2025;960;A;SOS;0,00984700;0,00997000;568,00000000;575,00000000
20/03/2025;975;A;PLN;1,46360000;1,46410000;3,86780000;3,86880000
20/03/2025;978;B;EUR;6,14180000;6,14300000;1,08470000;1,08480000
20/03/2025;998;A;XAU;553,48970000;553,54840000;0,01023000;0,01023000

[2025-07-07T14:34:15.239+0000] {taskinstance.py:441} INFO - ::group::Post task execution logs
[2025-07-07T14:34:15.294+0000] {taskinstance.py:1206} INFO - Marking task as SUCCESS. dag_id=fin_cotacoes_bcb_classic, task_id=extract, run_id=scheduled__2025-03-20T00:00:00+00:00, execution_date=20250320T000000, start_date=20250707T143414, end_date=20250707T143415
[2025-07-07T14:34:15.361+0000] {local_task_job_runner.py:240} INFO - Task exited with return code 0
[2025-07-07T14:34:15.420+0000] {taskinstance.py:3503} INFO - 0 downstream tasks scheduled from follow-on schedule check
[2025-07-07T14:34:15.425+0000] {local_task_job_runner.py:222} INFO - ::endgroup::
[2025-07-07T15:11:33.202+0000] {local_task_job_runner.py:120} INFO - ::group::Pre task execution logs
[2025-07-07T15:11:33.352+0000] {taskinstance.py:2076} INFO - Dependencies all met for dep_context=non-requeueable deps ti=<TaskInstance: fin_cotacoes_bcb_classic.extract scheduled__2025-03-20T00:00:00+00:00 [queued]>
[2025-07-07T15:11:33.383+0000] {taskinstance.py:2076} INFO - Dependencies all met for dep_context=requeueable deps ti=<TaskInstance: fin_cotacoes_bcb_classic.extract scheduled__2025-03-20T00:00:00+00:00 [queued]>
[2025-07-07T15:11:33.383+0000] {taskinstance.py:2306} INFO - Starting attempt 1 of 2
[2025-07-07T15:11:33.420+0000] {taskinstance.py:2330} INFO - Executing <Task(PythonOperator): extract> on 2025-03-20 00:00:00+00:00
[2025-07-07T15:11:33.451+0000] {standard_task_runner.py:90} INFO - Running: ['***', 'tasks', 'run', 'fin_cotacoes_bcb_classic', 'extract', 'scheduled__2025-03-20T00:00:00+00:00', '--job-id', '4093', '--raw', '--subdir', 'DAGS_FOLDER/cotacoes.py', '--cfg-path', '/tmp/tmp40s4waks']
[2025-07-07T15:11:33.455+0000] {standard_task_runner.py:91} INFO - Job 4093: Subtask extract
[2025-07-07T15:11:33.467+0000] {logging_mixin.py:188} WARNING - /home/***/.local/lib/python3.12/site-packages/***/task/task_runner/standard_task_runner.py:61 DeprecationWarning: This process (pid=102996) is multi-threaded, use of fork() may lead to deadlocks in the child.
[2025-07-07T15:11:33.468+0000] {standard_task_runner.py:63} INFO - Started process 103151 to run task
[2025-07-07T15:11:33.603+0000] {task_command.py:426} INFO - Running <TaskInstance: fin_cotacoes_bcb_classic.extract scheduled__2025-03-20T00:00:00+00:00 [running]> on host bc96ca91d307
[2025-07-07T15:11:33.838+0000] {taskinstance.py:2648} INFO - Exporting env vars: AIRFLOW_CTX_DAG_OWNER='***' AIRFLOW_CTX_DAG_ID='fin_cotacoes_bcb_classic' AIRFLOW_CTX_TASK_ID='extract' AIRFLOW_CTX_EXECUTION_DATE='2025-03-20T00:00:00+00:00' AIRFLOW_CTX_TRY_NUMBER='1' AIRFLOW_CTX_DAG_RUN_ID='scheduled__2025-03-20T00:00:00+00:00'
[2025-07-07T15:11:33.839+0000] {taskinstance.py:430} INFO - ::endgroup::
[2025-07-07T15:11:33.840+0000] {cotacoes.py:35} INFO - Iniciando extração da URL: https://www4.bcb.gov.br/Download/fechamento/20250320.csv
[2025-07-07T15:11:34.191+0000] {cotacoes.py:41} INFO - Extração concluída com sucesso.
[2025-07-07T15:11:34.193+0000] {python.py:237} INFO - Done. Returned value was: 20/03/2025;005;A;AFN;0,08005000;0,08029000;70,53000000;70,73000000
20/03/2025;009;A;ETB;0,04214000;0,04377000;129,37940000;134,37940000
20/03/2025;015;A;THB;0,16770000;0,16790000;33,73000000;33,76000000
20/03/2025;020;A;PAB;5,66220000;5,66280000;1,00000000;1,00000000
20/03/2025;027;A;VES;0,08372000;0,08394000;67,46530000;67,63440000
20/03/2025;030;A;BOB;0,81120000;0,82550000;6,86000000;6,98000000
20/03/2025;035;A;GHS;0,36410000;0,36650000;15,45000000;15,55000000
20/03/2025;040;A;CRC;0,01132000;0,01144000;495,00000000;500,00000000
20/03/2025;045;A;SVC;0,64640000;0,64720000;8,74950000;8,75950000
20/03/2025;051;A;NIO;0,15300000;0,15470000;36,60000000;37,00000000
20/03/2025;055;A;DKK;0,82340000;0,82360000;6,87600000;6,87660000
20/03/2025;060;A;ISK;0,04252000;0,04262000;132,88000000;133,17000000
20/03/2025;065;A;NOK;0,53550000;0,53570000;10,57020000;10,57320000
20/03/2025;070;A;SEK;0,55810000;0,55830000;10,14260000;10,14480000
20/03/2025;075;A;CZK;0,24550000;0,24560000;23,05800000;23,06600000
20/03/2025;090;A;GMD;0,07756000;0,07843000;72,20000000;73,00000000
20/03/2025;095;A;DZD;0,04207000;0,04246000;133,37400000;134,59860000
20/03/2025;100;A;KWD;18,35990000;18,39770000;0,30780000;0,30840000
20/03/2025;105;A;BHD;15,01910000;15,02070000;0,37700000;0,37700000
20/03/2025;115;A;IQD;0,00431900;0,00432600;1309,00000000;1311,00000000
20/03/2025;125;A;JOD;7,97490000;7,99830000;0,70800000;0,71000000
20/03/2025;130;A;LYD;1,16990000;1,17980000;4,80000000;4,84000000
20/03/2025;132;A;MKD;0,09918000;0,10010000;56,59000000;57,09000000
20/03/2025;133;A;RSD;0,05236000;0,05245000;107,96000000;108,15000000
20/03/2025;134;A;SDG;0,00940300;0,00945600;598,85020000;602,19120000
20/03/2025;135;A;TND;1,82950000;1,83860000;3,08000000;3,09500000
20/03/2025;136;A;SSP;0,00125500;0,00128600;4402,52670000;4512,52670000
20/03/2025;138;B;SDR;7,53530000;7,53610000;1,33080000;1,33080000
20/03/2025;139;A;MAD;0,58630000;0,58760000;9,63720000;9,65720000
20/03/2025;145;A;AED;1,54160000;1,54190000;3,67260000;3,67290000
20/03/2025;149;A;STN;0,24560000;0,25070000;22,58480000;23,04990000
20/03/2025;150;B;AUD;3,56610000;3,56810000;0,62980000;0,63010000
20/03/2025;155;A;BSD;5,66220000;5,66280000;1,00000000;1,00000000
20/03/2025;160;A;BMD;5,66220000;5,66280000;1,00000000;1,00000000
20/03/2025;165;A;CAD;3,95100000;3,95230000;1,43280000;1,43310000
20/03/2025;170;A;GYD;0,02690000;0,02707000;209,19000000;210,47000000
20/03/2025;173;A;NAD;0,31210000;0,31240000;18,12700000;18,14500000
20/03/2025;175;A;BBD;2,77550000;2,83410000;1,99810000;2,04010000
20/03/2025;180;A;BZD;2,80700000;2,83110000;2,00020000;2,01720000
20/03/2025;185;A;BND;4,23790000;4,24050000;1,33540000;1,33610000
20/03/2025;190;A;KYD;6,78110000;6,84330000;0,82750000;0,83500000
20/03/2025;195;A;SGD;4,23820000;4,24020000;1,33550000;1,33600000
20/03/2025;197;B;CLF;237,01400000;237,03910000;41,85900000;41,85900000
20/03/2025;200;B;FJD;2,40130000;2,49790000;0,42410000;0,44110000
20/03/2025;205;A;HKD;0,72850000;0,72860000;7,77240000;7,77260000
20/03/2025;210;A;TTD;0,82950000;0,83690000;6,76620000;6,82600000
20/03/2025;215;A;XCD;2,08170000;2,10510000;2,69000000;2,72000000
20/03/2025;220;A;USD;5,66220000;5,66280000;1,00000000;1,00000000
20/03/2025;230;A;JMD;0,03561000;0,03653000;155,00000000;159,00000000
20/03/2025;235;A;LRD;0,02803000;0,02860000;198,00000000;202,00000000
20/03/2025;245;B;NZD;3,25460000;3,25670000;0,57480000;0,57510000
20/03/2025;250;B;SBD;0,65910000;0,69880000;0,11640000;0,12340000
20/03/2025;255;A;SRD;0,15210000;0,15540000;36,44600000;37,23100000
20/03/2025;260;A;VND;0,00022140;0,00022170;25545,00000000;25575,00000000
20/03/2025;275;A;AMD;0,01437000;0,01452000;390,00000000;394,00000000
20/03/2025;295;A;CVE;0,05519000;0,05571000;101,65000000;102,59000000
20/03/2025;325;A;ANG;3,11110000;3,17330000;1,78450000;1,82000000
20/03/2025;328;A;AWG;3,07730000;3,18130000;1,78000000;1,84000000
20/03/2025;345;A;HUF;0,01539000;0,01540000;367,66000000;367,80000000
20/03/2025;363;A;CDF;0,00197300;0,00198300;2855,50000000;2870,00000000
20/03/2025;365;A;BIF;0,00188700;0,00193500;2927,05000000;3000,00000000
20/03/2025;368;A;KMF;0,01250000;0,01253000;452,00000000;453,00000000
20/03/2025;370;A;XAF;0,00906600;0,00936400;604,74000000;624,59000000
20/03/2025;372;A;XOF;0,00937500;0,00945400;599,00000000;604,00000000
20/03/2025;380;A;XPF;0,05117000;0,05163000;109,68000000;110,65000000
20/03/2025;390;A;DJF;0,03171000;0,03189000;177,60000000;178,55000000
20/03/2025;398;A;GNF;0,00065200;0,00065770;8610,00000000;8685,00000000
20/03/2025;406;A;MGA;0,00119900;0,00121900;4646,87000000;4722,47000000
20/03/2025;420;A;RWF;0,00394600;0,00398800;1420,00000000;1435,00000000
20/03/2025;425;A;CHF;6,41390000;6,41750000;0,88240000;0,88280000
20/03/2025;440;A;HTG;0,04301000;0,04338000;130,55000000;131,65000000
20/03/2025;450;A;PYG;0,00070980;0,00071120;7962,01000000;7977,01000000
20/03/2025;460;A;UAH;0,13610000;0,13650000;41,49000000;41,59000000
20/03/2025;470;A;JPY;0,03804000;0,03805000;148,83000000;148,85000000
20/03/2025;482;A;GEL;2,02080000;2,06520000;2,74200000;2,80200000
20/03/2025;490;A;ALL;0,06178000;0,06216000;91,10000000;91,65000000
20/03/2025;495;A;HNL;0,22120000;0,22150000;25,56650000;25,60000000
20/03/2025;500;A;SLL;0,00024720;0,00024960;22683,00000000;22908,00000000
20/03/2025;503;A;MDL;0,31460000;0,31640000;17,90000000;18,00000000
20/03/2025;506;A;RON;1,23380000;1,23450000;4,58710000;4,58930000
20/03/2025;510;A;BGN;3,14010000;3,14110000;1,80280000;1,80320000
20/03/2025;530;B;GIP;7,35240000;7,35880000;1,29850000;1,29950000
20/03/2025;535;A;EGP;0,11190000;0,11210000;50,52000000;50,62000000
20/03/2025;540;B;GBP;7,34560000;7,34690000;1,29730000;1,29740000
20/03/2025;545;B;FKP;7,35240000;7,35880000;1,29850000;1,29950000
20/03/2025;560;A;LBP;0,00006320;0,00006330;89500,00000000;89600,00000000
20/03/2025;570;B;SHP;7,34330000;7,34580000;1,29690000;1,29720000
20/03/2025;575;A;SYP;0,00043520;0,00043560;13000,00000000;13010,00000000
20/03/2025;585;A;SZL;0,31210000;0,31220000;18,13640000;18,13940000
20/03/2025;603;A;LSL;0,31210000;0,31220000;18,13640000;18,13940000
20/03/2025;608;A;TMT;1,61560000;1,62040000;3,49470000;3,50470000
20/03/2025;622;A;MZN;0,08776000;0,08953000;63,25000000;64,52000000
20/03/2025;625;A;ERN;0,37370000;0,37750000;15,00000000;15,15000000
20/03/2025;630;A;NGN;0,00364100;0,00366500;1545,00000000;1555,00000000
20/03/2025;635;A;AOA;0,00608700;0,00620900;912,00000000;930,24000000
20/03/2025;640;A;TWD;0,17150000;0,17150000;33,01000000;33,01800000
20/03/2025;642;A;TRY;0,14920000;0,14930000;37,93800000;37,95370000
20/03/2025;660;A;PEN;1,56340000;1,56390000;3,62100000;3,62170000
20/03/2025;665;A;BTN;0,06555000;0,06564000;86,26800000;86,37700000
20/03/2025;670;A;MRO;0,01577000;0,01591000;356,00000000;359,00000000
20/03/2025;671;A;MRU;0,14230000;0,14280000;39,66000000;39,77900000
20/03/2025;680;B;TOP;2,29040000;2,43220000;0,40450000;0,42950000
20/03/2025;685;A;MOP;0,70620000;0,70740000;8,00500000;8,01800000
20/03/2025;706;A;ARS;0,00529600;0,00529700;1069,00000000;1069,25000000
20/03/2025;715;A;CLP;0,00610300;0,00610500;927,54000000;927,85000000
20/03/2025;720;A;COP;0,00135300;0,00135400;4181,93000000;4184,57000000
20/03/2025;721;B;COU;0,51130000;0,51140000;0,09030000;0,09030000
20/03/2025;725;A;CUP;0,23590000;0,23600000;24,00000000;24,00000000
20/03/2025;730;A;DOP;0,08931000;0,09003000;62,90000000;63,40000000
20/03/2025;735;A;PHP;0,09890000;0,09895000;57,22700000;57,25300000
20/03/2025;741;A;MXN;0,28110000;0,28130000;20,13280000;20,14330000
20/03/2025;745;A;UYU;0,13400000;0,13410000;42,24000000;42,27000000
20/03/2025;755;B;BWP;0,41330000;0,41730000;0,07300000;0,07370000
20/03/2025;760;A;MWK;0,00323500;0,00329800;1717,02000000;1750,32000000
20/03/2025;766;A;ZMW;0,19630000;0,19660000;28,80000000;28,85000000
20/03/2025;770;A;GTQ;0,73390000;0,73590000;7,69500000;7,71500000
20/03/2025;775;A;MMK;0,00268800;0,00270500;2093,70000000;2106,30000000
20/03/2025;778;B;PGK;1,35500000;1,39760000;0,23930000;0,24680000
20/03/2025;780;A;LAK;0,00026020;0,00026310;21520,00000000;21765,00000000
20/03/2025;785;A;ZAR;0,31180000;0,31240000;18,12810000;18,15690000
20/03/2025;795;A;CNY;0,78110000;0,78130000;7,24770000;7,24900000
20/03/2025;796;A;CNH;0,78050000;0,78060000;7,25460000;7,25490000
20/03/2025;800;A;QAR;1,55300000;1,55380000;3,64450000;3,64600000
20/03/2025;805;A;OMR;14,70320000;14,72000000;0,38470000;0,38510000
20/03/2025;810;A;YER;0,02297000;0,02304000;245,80000000;246,50000000
20/03/2025;815;A;IRR;0,00013420;0,00013470;42025,00000000;42200,00000000
20/03/2025;820;A;SAR;1,50950000;1,50970000;3,75090000;3,75110000
20/03/2025;825;A;KHR;0,00140600;0,00141500;4001,00000000;4026,00000000
20/03/2025;828;A;MYR;1,27870000;1,28000000;4,42400000;4,42800000
20/03/2025;830;A;RUB;0,06667000;0,06668000;84,92050000;84,92950000
20/03/2025;831;A;BYN;1,72630000;1,73710000;3,26000000;3,28000000
20/03/2025;835;A;TJS;0,51660000;0,52140000;10,86000000;10,96000000
20/03/2025;840;A;MUR;0,12540000;0,12630000;44,85000000;45,15000000
20/03/2025;845;A;NPR;0,04097000;0,04098000;138,19000000;138,20000000
20/03/2025;850;A;SCR;0,39440000;0,39440000;14,35750000;14,35790000
20/03/2025;855;A;LKR;0,01910000;0,01911000;296,40000000;296,50000000
20/03/2025;860;A;INR;0,06556000;0,06561000;86,30800000;86,36300000
20/03/2025;865;A;IDR;0,00034360;0,00034380;16470,00000000;16480,00000000
20/03/2025;870;A;MVR;0,36530000;0,36720000;15,42000000;15,50000000
20/03/2025;875;A;PKR;0,02019000;0,02022000;280,00000000;280,50000000
20/03/2025;880;A;ILS;1,53900000;1,54000000;3,67720000;3,67920000
20/03/2025;892;A;KGS;0,06503000;0,06508000;87,01500000;87,06930000
20/03/2025;893;A;UZS;0,00043710;0,00043950;12885,00000000;12955,00000000
20/03/2025;905;A;BDT;0,04641000;0,04680000;121,00000000;122,00000000
20/03/2025;912;B;WST;1,96990000;2,09470000;0,34790000;0,36990000
20/03/2025;913;A;KZT;0,01125000;0,01126000;502,84000000;503,39000000
20/03/2025;915;A;MNT;0,00162700;0,00163200;3470,00000000;3480,00000000
20/03/2025;920;A;VUV;0,04503000;0,04711000;120,20000000;125,75000000
20/03/2025;930;A;KRW;0,00385600;0,00385800;1467,77000000;1468,26000000
20/03/2025;946;A;TZS;0,00212100;0,00216100;2620,00000000;2670,00000000
20/03/2025;950;A;KES;0,04369000;0,04383000;129,20000000;129,60000000
20/03/2025;955;A;UGX;0,00154300;0,00154700;3660,00000000;3670,00000000
20/03/2025;960;A;SOS;0,00984700;0,00997000;568,00000000;575,00000000
20/03/2025;975;A;PLN;1,46360000;1,46410000;3,86780000;3,86880000
20/03/2025;978;B;EUR;6,14180000;6,14300000;1,08470000;1,08480000
20/03/2025;998;A;XAU;553,48970000;553,54840000;0,01023000;0,01023000

[2025-07-07T15:11:34.197+0000] {taskinstance.py:441} INFO - ::group::Post task execution logs
[2025-07-07T15:11:34.236+0000] {taskinstance.py:1206} INFO - Marking task as SUCCESS. dag_id=fin_cotacoes_bcb_classic, task_id=extract, run_id=scheduled__2025-03-20T00:00:00+00:00, execution_date=20250320T000000, start_date=20250707T151133, end_date=20250707T151134
[2025-07-07T15:11:34.303+0000] {local_task_job_runner.py:240} INFO - Task exited with return code 0
[2025-07-07T15:11:34.366+0000] {taskinstance.py:3503} INFO - 1 downstream tasks scheduled from follow-on schedule check
[2025-07-07T15:11:34.373+0000] {local_task_job_runner.py:222} INFO - ::endgroup::
