[2025-07-05T19:34:05.903+0000] {local_task_job_runner.py:120} INFO - ::group::Pre task execution logs
[2025-07-05T19:34:06.094+0000] {taskinstance.py:2076} INFO - Dependencies all met for dep_context=non-requeueable deps ti=<TaskInstance: fin_cotacoes_bcb_classic.extract scheduled__2024-01-27T00:00:00+00:00 [queued]>
[2025-07-05T19:34:06.146+0000] {taskinstance.py:2076} INFO - Dependencies all met for dep_context=requeueable deps ti=<TaskInstance: fin_cotacoes_bcb_classic.extract scheduled__2024-01-27T00:00:00+00:00 [queued]>
[2025-07-05T19:34:06.146+0000] {taskinstance.py:2306} INFO - Starting attempt 1 of 2
[2025-07-05T19:34:06.338+0000] {taskinstance.py:2330} INFO - Executing <Task(PythonOperator): extract> on 2024-01-27 00:00:00+00:00
[2025-07-05T19:34:06.369+0000] {logging_mixin.py:188} WARNING - /home/***/.local/lib/python3.12/site-packages/***/task/task_runner/standard_task_runner.py:61 DeprecationWarning: This process (pid=4334) is multi-threaded, use of fork() may lead to deadlocks in the child.
[2025-07-05T19:34:06.371+0000] {standard_task_runner.py:63} INFO - Started process 4440 to run task
[2025-07-05T19:34:06.378+0000] {standard_task_runner.py:90} INFO - Running: ['***', 'tasks', 'run', 'fin_cotacoes_bcb_classic', 'extract', 'scheduled__2024-01-27T00:00:00+00:00', '--job-id', '212', '--raw', '--subdir', 'DAGS_FOLDER/cotacoes.py', '--cfg-path', '/tmp/tmptfla2s51']
[2025-07-05T19:34:06.384+0000] {standard_task_runner.py:91} INFO - Job 212: Subtask extract
[2025-07-05T19:34:06.617+0000] {task_command.py:426} INFO - Running <TaskInstance: fin_cotacoes_bcb_classic.extract scheduled__2024-01-27T00:00:00+00:00 [running]> on host 20adb53d65c4
[2025-07-05T19:34:06.813+0000] {taskinstance.py:2648} INFO - Exporting env vars: AIRFLOW_CTX_DAG_OWNER='***' AIRFLOW_CTX_DAG_ID='fin_cotacoes_bcb_classic' AIRFLOW_CTX_TASK_ID='extract' AIRFLOW_CTX_EXECUTION_DATE='2024-01-27T00:00:00+00:00' AIRFLOW_CTX_TRY_NUMBER='1' AIRFLOW_CTX_DAG_RUN_ID='scheduled__2024-01-27T00:00:00+00:00'
[2025-07-05T19:34:06.815+0000] {taskinstance.py:430} INFO - ::endgroup::
[2025-07-05T19:34:06.816+0000] {cotacoes.py:32} WARNING - https://www4.bcb.gov.br/Download/fechamento/20240127.csv
[2025-07-05T19:34:07.063+0000] {python.py:237} INFO - Done. Returned value was: None
[2025-07-05T19:34:07.069+0000] {taskinstance.py:441} INFO - ::group::Post task execution logs
[2025-07-05T19:34:07.095+0000] {taskinstance.py:1206} INFO - Marking task as SUCCESS. dag_id=fin_cotacoes_bcb_classic, task_id=extract, run_id=scheduled__2024-01-27T00:00:00+00:00, execution_date=20240127T000000, start_date=20250705T193406, end_date=20250705T193407
[2025-07-05T19:34:07.162+0000] {local_task_job_runner.py:240} INFO - Task exited with return code 0
[2025-07-05T19:34:07.186+0000] {local_task_job_runner.py:222} INFO - ::endgroup::
[2025-07-07T15:03:13.370+0000] {local_task_job_runner.py:120} INFO - ::group::Pre task execution logs
[2025-07-07T15:03:13.590+0000] {taskinstance.py:2076} INFO - Dependencies all met for dep_context=non-requeueable deps ti=<TaskInstance: fin_cotacoes_bcb_classic.extract scheduled__2024-01-27T00:00:00+00:00 [queued]>
[2025-07-07T15:03:13.653+0000] {taskinstance.py:2076} INFO - Dependencies all met for dep_context=requeueable deps ti=<TaskInstance: fin_cotacoes_bcb_classic.extract scheduled__2024-01-27T00:00:00+00:00 [queued]>
[2025-07-07T15:03:13.653+0000] {taskinstance.py:2306} INFO - Starting attempt 1 of 2
[2025-07-07T15:03:13.787+0000] {taskinstance.py:2330} INFO - Executing <Task(PythonOperator): extract> on 2024-01-27 00:00:00+00:00
[2025-07-07T15:03:13.849+0000] {logging_mixin.py:188} WARNING - /home/***/.local/lib/python3.12/site-packages/***/task/task_runner/standard_task_runner.py:61 DeprecationWarning: This process (pid=94958) is multi-threaded, use of fork() may lead to deadlocks in the child.
[2025-07-07T15:03:13.850+0000] {standard_task_runner.py:63} INFO - Started process 95015 to run task
[2025-07-07T15:03:13.865+0000] {standard_task_runner.py:90} INFO - Running: ['***', 'tasks', 'run', 'fin_cotacoes_bcb_classic', 'extract', 'scheduled__2024-01-27T00:00:00+00:00', '--job-id', '2827', '--raw', '--subdir', 'DAGS_FOLDER/cotacoes.py', '--cfg-path', '/tmp/tmpd8azlv8o']
[2025-07-07T15:03:13.866+0000] {standard_task_runner.py:91} INFO - Job 2827: Subtask extract
[2025-07-07T15:03:14.073+0000] {task_command.py:426} INFO - Running <TaskInstance: fin_cotacoes_bcb_classic.extract scheduled__2024-01-27T00:00:00+00:00 [running]> on host bc96ca91d307
[2025-07-07T15:03:14.487+0000] {taskinstance.py:2648} INFO - Exporting env vars: AIRFLOW_CTX_DAG_OWNER='***' AIRFLOW_CTX_DAG_ID='fin_cotacoes_bcb_classic' AIRFLOW_CTX_TASK_ID='extract' AIRFLOW_CTX_EXECUTION_DATE='2024-01-27T00:00:00+00:00' AIRFLOW_CTX_TRY_NUMBER='1' AIRFLOW_CTX_DAG_RUN_ID='scheduled__2024-01-27T00:00:00+00:00'
[2025-07-07T15:03:14.488+0000] {taskinstance.py:430} INFO - ::endgroup::
[2025-07-07T15:03:14.489+0000] {cotacoes.py:35} INFO - Iniciando extração da URL: https://www4.bcb.gov.br/Download/fechamento/20240127.csv
[2025-07-07T15:03:14.786+0000] {cotacoes.py:46} WARNING - Não foi possível extrair dados da URL (pode ser um dia sem cotação): 404 Client Error: Not Found for url: https://www4.bcb.gov.br/Download/fechamento/20240127.csv
[2025-07-07T15:03:14.792+0000] {python.py:237} INFO - Done. Returned value was: None
[2025-07-07T15:03:14.797+0000] {taskinstance.py:441} INFO - ::group::Post task execution logs
[2025-07-07T15:03:14.824+0000] {taskinstance.py:1206} INFO - Marking task as SUCCESS. dag_id=fin_cotacoes_bcb_classic, task_id=extract, run_id=scheduled__2024-01-27T00:00:00+00:00, execution_date=20240127T000000, start_date=20250707T150313, end_date=20250707T150314
[2025-07-07T15:03:15.352+0000] {local_task_job_runner.py:240} INFO - Task exited with return code 0
[2025-07-07T15:03:15.382+0000] {local_task_job_runner.py:222} INFO - ::endgroup::
