[2025-07-06T17:44:06.121+0000] {local_task_job_runner.py:120} INFO - ::group::Pre task execution logs
[2025-07-06T17:44:06.151+0000] {taskinstance.py:2076} INFO - Dependencies all met for dep_context=non-requeueable deps ti=<TaskInstance: fin_cotacoes_bcb_classic.transform scheduled__2024-03-19T00:00:00+00:00 [queued]>
[2025-07-06T17:44:06.158+0000] {taskinstance.py:2076} INFO - Dependencies all met for dep_context=requeueable deps ti=<TaskInstance: fin_cotacoes_bcb_classic.transform scheduled__2024-03-19T00:00:00+00:00 [queued]>
[2025-07-06T17:44:06.159+0000] {taskinstance.py:2306} INFO - Starting attempt 2 of 2
[2025-07-06T17:44:06.171+0000] {taskinstance.py:2330} INFO - Executing <Task(PythonOperator): transform> on 2024-03-19 00:00:00+00:00
[2025-07-06T17:44:06.182+0000] {logging_mixin.py:188} WARNING - /home/***/.local/lib/python3.12/site-packages/***/task/task_runner/standard_task_runner.py:61 DeprecationWarning: This process (pid=3304) is multi-threaded, use of fork() may lead to deadlocks in the child.
[2025-07-06T17:44:06.182+0000] {standard_task_runner.py:90} INFO - Running: ['***', 'tasks', 'run', 'fin_cotacoes_bcb_classic', 'transform', 'scheduled__2024-03-19T00:00:00+00:00', '--job-id', '390', '--raw', '--subdir', 'DAGS_FOLDER/cotacoes.py', '--cfg-path', '/tmp/tmpwfysp1fe']
[2025-07-06T17:44:06.183+0000] {standard_task_runner.py:91} INFO - Job 390: Subtask transform
[2025-07-06T17:44:06.183+0000] {standard_task_runner.py:63} INFO - Started process 3312 to run task
[2025-07-06T17:44:06.222+0000] {task_command.py:426} INFO - Running <TaskInstance: fin_cotacoes_bcb_classic.transform scheduled__2024-03-19T00:00:00+00:00 [running]> on host 20adb53d65c4
[2025-07-06T17:44:06.298+0000] {taskinstance.py:2648} INFO - Exporting env vars: AIRFLOW_CTX_DAG_OWNER='***' AIRFLOW_CTX_DAG_ID='fin_cotacoes_bcb_classic' AIRFLOW_CTX_TASK_ID='transform' AIRFLOW_CTX_EXECUTION_DATE='2024-03-19T00:00:00+00:00' AIRFLOW_CTX_TRY_NUMBER='2' AIRFLOW_CTX_DAG_RUN_ID='scheduled__2024-03-19T00:00:00+00:00'
[2025-07-06T17:44:06.299+0000] {taskinstance.py:430} INFO - ::endgroup::
[2025-07-06T17:44:06.300+0000] {taskinstance.py:441} INFO - ::group::Post task execution logs
[2025-07-06T17:44:06.300+0000] {taskinstance.py:2905} ERROR - Task failed with exception
Traceback (most recent call last):
  File "/home/airflow/.local/lib/python3.12/site-packages/airflow/models/taskinstance.py", line 465, in _execute_task
    result = _execute_callable(context=context, **execute_callable_kwargs)
             ^^^^^^^^^^^^^^^^^^^^^^^^^^^^^^^^^^^^^^^^^^^^^^^^^^^^^^^^^^^^^
  File "/home/airflow/.local/lib/python3.12/site-packages/airflow/models/taskinstance.py", line 432, in _execute_callable
    return execute_callable(context=context, **execute_callable_kwargs)
           ^^^^^^^^^^^^^^^^^^^^^^^^^^^^^^^^^^^^^^^^^^^^^^^^^^^^^^^^^^^^
  File "/home/airflow/.local/lib/python3.12/site-packages/airflow/models/baseoperator.py", line 401, in wrapper
    return func(self, *args, **kwargs)
           ^^^^^^^^^^^^^^^^^^^^^^^^^^^
  File "/home/airflow/.local/lib/python3.12/site-packages/airflow/operators/python.py", line 235, in execute
    return_value = self.execute_callable()
                   ^^^^^^^^^^^^^^^^^^^^^^^
  File "/home/airflow/.local/lib/python3.12/site-packages/airflow/operators/python.py", line 252, in execute_callable
    return self.python_callable(*self.op_args, **self.op_kwargs)
           ^^^^^^^^^^^^^^^^^^^^^^^^^^^^^^^^^^^^^^^^^^^^^^^^^^^^^
  File "/opt/airflow/dags/cotacoes.py", line 52, in transform
    cotacoes = kwargs['ti'].xcom_pull(task_id='extract')
               ^^^^^^^^^^^^^^^^^^^^^^^^^^^^^^^^^^^^^^^^^
  File "/home/airflow/.local/lib/python3.12/site-packages/airflow/utils/session.py", line 79, in wrapper
    return func(*args, session=session, **kwargs)
           ^^^^^^^^^^^^^^^^^^^^^^^^^^^^^^^^^^^^^^
TypeError: TaskInstance.xcom_pull() got an unexpected keyword argument 'task_id'
[2025-07-06T17:44:06.308+0000] {taskinstance.py:1206} INFO - Marking task as FAILED. dag_id=fin_cotacoes_bcb_classic, task_id=transform, run_id=scheduled__2024-03-19T00:00:00+00:00, execution_date=20240319T000000, start_date=20250706T174406, end_date=20250706T174406
[2025-07-06T17:44:06.317+0000] {standard_task_runner.py:110} ERROR - Failed to execute job 390 for task transform (TaskInstance.xcom_pull() got an unexpected keyword argument 'task_id'; 3312)
[2025-07-06T17:44:06.356+0000] {local_task_job_runner.py:240} INFO - Task exited with return code 1
[2025-07-06T17:44:06.365+0000] {logging_mixin.py:188} WARNING - /home/***/.local/lib/python3.12/site-packages/***/models/baseoperator.py:1297 AirflowProviderDeprecationWarning: Call to deprecated class PostgresOperator. (Please use `***.providers.common.sql.operators.sql.SQLExecuteQueryOperator`.Also, you can provide `hook_params={'schema': <database>}`.)
[2025-07-06T17:44:06.380+0000] {taskinstance.py:3503} INFO - 0 downstream tasks scheduled from follow-on schedule check
[2025-07-06T17:44:06.382+0000] {local_task_job_runner.py:222} INFO - ::endgroup::
