[2025-07-05T19:23:35.783+0000] {local_task_job_runner.py:120} INFO - ::group::Pre task execution logs
[2025-07-05T19:23:35.883+0000] {taskinstance.py:2076} INFO - Dependencies all met for dep_context=non-requeueable deps ti=<TaskInstance: fin_cotacoes_bcb_classic.extract scheduled__2023-02-10T00:00:00+00:00 [queued]>
[2025-07-05T19:23:35.903+0000] {taskinstance.py:2076} INFO - Dependencies all met for dep_context=requeueable deps ti=<TaskInstance: fin_cotacoes_bcb_classic.extract scheduled__2023-02-10T00:00:00+00:00 [queued]>
[2025-07-05T19:23:35.903+0000] {taskinstance.py:2306} INFO - Starting attempt 1 of 2
[2025-07-05T19:23:35.943+0000] {taskinstance.py:2330} INFO - Executing <Task(PythonOperator): extract> on 2023-02-10 00:00:00+00:00
[2025-07-05T19:23:35.977+0000] {standard_task_runner.py:90} INFO - Running: ['***', 'tasks', 'run', 'fin_cotacoes_bcb_classic', 'extract', 'scheduled__2023-02-10T00:00:00+00:00', '--job-id', '110', '--raw', '--subdir', 'DAGS_FOLDER/cotacoes.py', '--cfg-path', '/tmp/tmpnfhfwcyu']
[2025-07-05T19:23:35.986+0000] {standard_task_runner.py:91} INFO - Job 110: Subtask extract
[2025-07-05T19:23:35.981+0000] {logging_mixin.py:188} WARNING - /home/***/.local/lib/python3.12/site-packages/***/task/task_runner/standard_task_runner.py:61 DeprecationWarning: This process (pid=8525) is multi-threaded, use of fork() may lead to deadlocks in the child.
[2025-07-05T19:23:35.990+0000] {standard_task_runner.py:63} INFO - Started process 8561 to run task
[2025-07-05T19:23:36.104+0000] {task_command.py:426} INFO - Running <TaskInstance: fin_cotacoes_bcb_classic.extract scheduled__2023-02-10T00:00:00+00:00 [running]> on host 20adb53d65c4
[2025-07-05T19:23:36.274+0000] {taskinstance.py:2648} INFO - Exporting env vars: AIRFLOW_CTX_DAG_OWNER='***' AIRFLOW_CTX_DAG_ID='fin_cotacoes_bcb_classic' AIRFLOW_CTX_TASK_ID='extract' AIRFLOW_CTX_EXECUTION_DATE='2023-02-10T00:00:00+00:00' AIRFLOW_CTX_TRY_NUMBER='1' AIRFLOW_CTX_DAG_RUN_ID='scheduled__2023-02-10T00:00:00+00:00'
[2025-07-05T19:23:36.276+0000] {taskinstance.py:430} INFO - ::endgroup::
[2025-07-05T19:23:36.276+0000] {cotacoes.py:32} WARNING - https://www4.bcb.gov.br/Download/fechamento/20230210.csv
[2025-07-05T19:23:36.685+0000] {python.py:237} INFO - Done. Returned value was: 10/02/2023;005;A;AFN;0,05848000;0,05862000;89,61000000;89,81000000
10/02/2023;009;A;ETB;0,09753000;0,09803000;53,58190000;53,85030000
10/02/2023;015;A;THB;0,15570000;0,15580000;33,71000000;33,73000000
10/02/2023;020;A;PAB;5,25200000;5,25260000;1,00000000;1,00000000
10/02/2023;027;A;VES;0,21700000;0,21760000;24,13800000;24,19850000
10/02/2023;030;A;BOB;0,75030000;0,76680000;6,85000000;7,00000000
10/02/2023;035;A;GHS;0,42020000;0,44140000;11,90000000;12,50000000
10/02/2023;040;A;CRC;0,00902400;0,00908400;578,25000000;582,00000000
10/02/2023;045;A;SVC;0,59960000;0,60030000;8,74950000;8,75950000
10/02/2023;051;A;NIO;0,14190000;0,14560000;36,08000000;37,00000000
10/02/2023;055;A;DKK;0,75290000;0,75310000;6,97460000;6,97530000
10/02/2023;060;A;ISK;0,03680000;0,03689000;142,40000000;142,73000000
10/02/2023;065;A;NOK;0,51830000;0,51860000;10,12890000;10,13290000
10/02/2023;070;A;SEK;0,50280000;0,50300000;10,44300000;10,44600000
10/02/2023;075;A;CZK;0,23660000;0,23680000;22,18500000;22,20000000
10/02/2023;090;A;GMD;0,08080000;0,08534000;61,55000000;65,00000000
10/02/2023;095;A;DZD;0,03838000;0,03855000;136,25480000;136,84480000
10/02/2023;100;A;KWD;17,15780000;17,19350000;0,30550000;0,30610000
10/02/2023;105;A;BHD;13,93100000;13,93630000;0,37690000;0,37700000
10/02/2023;115;A;IQD;0,00359600;0,00360100;1458,50000000;1460,50000000
10/02/2023;125;A;JOD;7,39720000;7,41160000;0,70870000;0,71000000
10/02/2023;130;A;LYD;1,09420000;1,09940000;4,77770000;4,80000000
10/02/2023;132;A;MKD;0,09072000;0,09151000;57,40000000;57,89000000
10/02/2023;133;A;RSD;0,04782000;0,04786000;109,74000000;109,84000000
10/02/2023;134;A;SDG;0,00923700;0,00929300;565,25020000;568,59120000
10/02/2023;135;A;TND;1,66910000;1,67990000;3,12670000;3,14670000
10/02/2023;136;A;SSP;0,00686000;0,00697000;753,65100000;765,65100000
10/02/2023;138;B;SDR;7,03720000;7,03800000;1,33990000;1,33990000
10/02/2023;139;A;MAD;0,51140000;0,51180000;10,26390000;10,26890000
10/02/2023;145;A;AED;1,42980000;1,43010000;3,67290000;3,67320000
10/02/2023;149;A;STN;0,22430000;0,22890000;22,94220000;23,41920000
10/02/2023;150;B;AUD;3,63490000;3,63640000;0,69210000;0,69230000
10/02/2023;155;A;BSD;5,25200000;5,25260000;1,00000000;1,00000000
10/02/2023;160;A;BMD;5,25200000;5,25260000;1,00000000;1,00000000
10/02/2023;165;A;CAD;3,93290000;3,93360000;1,33530000;1,33540000
10/02/2023;170;A;GYD;0,02477000;0,02501000;210,00000000;212,00000000
10/02/2023;173;A;NAD;0,29300000;0,29350000;17,89820000;17,92510000
10/02/2023;175;A;BBD;2,57440000;2,62880000;1,99810000;2,04010000
10/02/2023;180;A;BZD;2,58310000;2,62870000;1,99820000;2,03320000
10/02/2023;185;A;BND;3,95010000;3,95230000;1,32900000;1,32960000
10/02/2023;190;A;KYD;6,28980000;6,36680000;0,82500000;0,83500000
10/02/2023;195;A;SGD;3,95010000;3,95230000;1,32900000;1,32960000
10/02/2023;197;B;CLF;231,00920000;231,03560000;43,98500000;43,98500000
10/02/2023;200;B;FJD;2,37550000;2,43460000;0,45230000;0,46350000
10/02/2023;205;A;HKD;0,66900000;0,66910000;7,84970000;7,85020000
10/02/2023;210;A;TTD;0,76940000;0,77720000;6,75810000;6,82600000
10/02/2023;215;A;XCD;1,93090000;1,94540000;2,70000000;2,72000000
10/02/2023;220;A;USD;5,25200000;5,25260000;1,00000000;1,00000000
10/02/2023;230;A;JMD;0,03385000;0,03429000;153,18000000;155,17000000
10/02/2023;235;A;LRD;0,03316000;0,03365000;156,10000000;158,40000000
10/02/2023;245;B;NZD;3,31870000;3,31960000;0,63190000;0,63200000
10/02/2023;250;B;SBD;0,59870000;0,65130000;0,11400000;0,12400000
10/02/2023;255;A;SRD;0,16060000;0,16380000;32,07000000;32,70000000
10/02/2023;260;A;VND;0,00022270;0,00022290;23565,00000000;23585,00000000
10/02/2023;275;A;AMD;0,01313000;0,01338000;392,50000000;400,00000000
10/02/2023;295;A;CVE;0,05039000;0,05087000;103,25000000;104,23000000
10/02/2023;325;A;ANG;2,88570000;2,94350000;1,78450000;1,82000000
10/02/2023;328;A;AWG;2,85430000;2,95090000;1,78000000;1,84000000
10/02/2023;345;A;HUF;0,01449000;0,01452000;361,87000000;362,44000000
10/02/2023;363;A;CDF;0,00250100;0,00255000;2060,00000000;2100,00000000
10/02/2023;365;A;BIF;0,00250100;0,00255900;2052,35000000;2100,00000000
10/02/2023;368;A;KMF;0,01137000;0,01142000;459,91000000;461,91000000
10/02/2023;370;A;XAF;0,00835200;0,00855600;613,90000000;628,84000000
10/02/2023;372;A;XOF;0,00855000;0,00865000;607,25000000;614,25000000
10/02/2023;380;A;XPF;0,04672000;0,04715000;111,40000000;112,42000000
10/02/2023;390;A;DJF;0,02941000;0,02959000;177,50000000;178,55000000
10/02/2023;398;A;GNF;0,00060470;0,00061590;8529,00000000;8685,00000000
10/02/2023;406;A;MGA;0,00121200;0,00122000;4305,38000000;4334,38000000
10/02/2023;420;A;RWF;0,00478300;0,00488200;1076,00000000;1098,00000000
10/02/2023;425;A;CHF;5,68280000;5,68590000;0,92380000;0,92420000
10/02/2023;440;A;HTG;0,03410000;0,03525000;149,00000000;154,00000000
10/02/2023;450;A;PYG;0,00072100;0,00072260;7269,00000000;7284,00000000
10/02/2023;460;A;UAH;0,14220000;0,14370000;36,56000000;36,93000000
10/02/2023;470;A;JPY;0,03999000;0,04000000;131,31000000;131,34000000
10/02/2023;482;A;GEL;1,95240000;1,99720000;2,63000000;2,69000000
10/02/2023;490;A;ALL;0,04818000;0,04855000;108,19000000;109,01000000
10/02/2023;495;A;HNL;0,21180000;0,21440000;24,50390000;24,80000000
10/02/2023;500;A;SLL;0,00026470;0,00026770;19620,00000000;19845,00000000
10/02/2023;503;A;MDL;0,27910000;0,28060000;18,72000000;18,82000000
10/02/2023;506;A;RON;1,14410000;1,14620000;4,58270000;4,59050000
10/02/2023;510;A;BGN;2,86810000;2,86960000;1,83040000;1,83120000
10/02/2023;530;B;GIP;6,34970000;6,35560000;1,20900000;1,21000000
10/02/2023;535;A;EGP;0,17190000;0,17250000;30,45000000;30,55000000
10/02/2023;540;B;GBP;6,34180000;6,34300000;1,20750000;1,20760000
10/02/2023;545;B;FKP;6,34970000;6,35560000;1,20900000;1,21000000
10/02/2023;560;A;LBP;0,00034970;0,00035020;15000,00000000;15020,00000000
10/02/2023;570;B;SHP;6,48100000;6,48700000;1,23400000;1,23500000
10/02/2023;575;A;SYP;0,00208900;0,00209200;2511,00000000;2514,00000000
10/02/2023;585;A;SZL;0,29300000;0,29320000;17,91600000;17,92400000
10/02/2023;603;A;LSL;0,29290000;0,29330000;17,91000000;17,93000000
10/02/2023;608;A;TMT;1,50060000;1,50500000;3,49000000;3,50000000
10/02/2023;622;A;MZN;0,08080000;0,08306000;63,24000000;65,00000000
10/02/2023;625;A;ERN;0,34670000;0,35020000;15,00000000;15,15000000
10/02/2023;630;A;NGN;0,01142000;0,01144000;458,99000000;459,99000000
10/02/2023;635;A;AOA;0,01010000;0,01046000;502,00000000;520,00000000
10/02/2023;640;A;TWD;0,17400000;0,17420000;30,14800000;30,17800000
10/02/2023;642;A;TRY;0,27890000;0,27890000;18,83100000;18,83410000
10/02/2023;660;A;PEN;1,35940000;1,36060000;3,86040000;3,86360000
10/02/2023;665;A;BTN;0,06356000;0,06361000;82,57100000;82,62600000
10/02/2023;670;A;MRO;0,01463000;0,01475000;356,00000000;359,00000000
10/02/2023;671;A;MRU;0,14390000;0,14530000;36,15010000;36,51010000
10/02/2023;680;B;TOP;2,15330000;2,25860000;0,41000000;0,43000000
10/02/2023;685;A;MOP;0,64880000;0,64970000;8,08500000;8,09500000
10/02/2023;706;A;ARS;0,02756000;0,02757000;190,54000000;190,55000000
10/02/2023;715;A;CLP;0,00653900;0,00655200;801,69000000;803,19000000
10/02/2023;720;A;COP;0,00109500;0,00109600;4794,65000000;4796,15000000
10/02/2023;721;B;COU;0,36450000;0,36450000;0,06940000;0,06940000
10/02/2023;725;A;CUP;0,21880000;0,21890000;24,00000000;24,00000000
10/02/2023;730;A;DOP;0,09297000;0,09378000;56,01000000;56,49000000
10/02/2023;735;A;PHP;0,09644000;0,09648000;54,44000000;54,46000000
10/02/2023;741;A;MXN;0,28110000;0,28130000;18,67400000;18,68300000
10/02/2023;745;A;UYU;0,13420000;0,13430000;39,11000000;39,14000000
10/02/2023;755;B;BWP;0,40180000;0,40290000;0,07650000;0,07670000
10/02/2023;760;A;MWK;0,00508500;0,00516000;1017,90000000;1032,90000000
10/02/2023;766;A;ZMW;0,26920000;0,27290000;19,24800000;19,50700000
10/02/2023;770;A;GTQ;0,66900000;0,67130000;7,82500000;7,85000000
10/02/2023;775;A;MMK;0,00249400;0,00250900;2093,70000000;2106,30000000
10/02/2023;778;B;PGK;1,44690000;1,53640000;0,27550000;0,29250000
10/02/2023;780;A;LAK;0,00030920;0,00031400;16728,40000000;16983,60000000
10/02/2023;785;A;ZAR;0,29310000;0,29320000;17,91630000;17,92060000
10/02/2023;795;A;CNY;0,77100000;0,77160000;6,80700000;6,81200000
10/02/2023;796;A;CNH;0,76970000;0,76990000;6,82210000;6,82300000
10/02/2023;800;A;QAR;1,43710000;1,44300000;3,64000000;3,65470000
10/02/2023;805;A;OMR;13,63800000;13,64670000;0,38490000;0,38510000
10/02/2023;810;A;YER;0,02097000;0,02101000;249,97000000;250,47000000
10/02/2023;815;A;IRR;0,00012500;0,00012510;42000,00000000;42005,00000000
10/02/2023;820;A;SAR;1,39950000;1,39980000;3,75250000;3,75270000
10/02/2023;825;A;KHR;0,00128000;0,00128600;4084,00000000;4104,00000000
10/02/2023;828;A;MYR;1,21130000;1,21340000;4,32900000;4,33600000
10/02/2023;830;A;RUB;0,07134000;0,07136000;73,60650000;73,61550000
10/02/2023;831;A;BYN;2,07500000;2,08590000;2,51810000;2,53110000
10/02/2023;835;A;TJS;0,50450000;0,50700000;10,36000000;10,41000000
10/02/2023;840;A;MUR;0,11520000;0,11600000;45,30000000;45,60000000
10/02/2023;845;A;NPR;0,03978000;0,03979000;132,00000000;132,01000000
10/02/2023;850;A;SCR;0,36150000;0,38120000;13,77810000;14,52840000
10/02/2023;855;A;LKR;0,01423000;0,01455000;361,00000000;369,00000000
10/02/2023;860;A;INR;0,06366000;0,06371000;82,44300000;82,49800000
10/02/2023;865;A;IDR;0,00034700;0,00034720;15130,00000000;15137,00000000
10/02/2023;870;A;MVR;0,33880000;0,34060000;15,42000000;15,50000000
10/02/2023;875;A;PKR;0,01946000;0,01955000;268,64000000;269,95000000
10/02/2023;880;A;ILS;1,48450000;1,48550000;3,53590000;3,53790000
10/02/2023;892;A;KGS;0,06049000;0,06054000;86,76560000;86,81990000
10/02/2023;893;A;UZS;0,00046300;0,00046350;11333,21000000;11343,21000000
10/02/2023;905;A;BDT;0,05015000;0,05020000;104,63000000;104,73000000
10/02/2023;912;B;WST;1,90810000;2,02380000;0,36330000;0,38530000
10/02/2023;913;A;KZT;0,01164000;0,01165000;450,88000000;451,23000000
10/02/2023;915;A;MNT;0,00148400;0,00150400;3492,00000000;3540,00000000
10/02/2023;920;A;VUV;0,04270000;0,04381000;119,90000000;123,00000000
10/02/2023;930;A;KRW;0,00413900;0,00414300;1267,80000000;1268,96000000
10/02/2023;946;A;TZS;0,00224200;0,00225100;2333,00000000;2343,00000000
10/02/2023;950;A;KES;0,04192000;0,04199000;125,10000000;125,30000000
10/02/2023;955;A;UGX;0,00143100;0,00143500;3659,82000000;3670,37000000
10/02/2023;960;A;SOS;0,00918200;0,00929700;565,00000000;572,00000000
10/02/2023;975;A;PLN;1,17480000;1,17540000;4,46860000;4,47060000
10/02/2023;978;B;EUR;5,60700000;5,60820000;1,06760000;1,06770000
10/02/2023;998;A;XAU;313,92710000;313,96290000;0,01673000;0,01673000

[2025-07-05T19:23:36.686+0000] {taskinstance.py:441} INFO - ::group::Post task execution logs
[2025-07-05T19:23:36.741+0000] {taskinstance.py:1206} INFO - Marking task as SUCCESS. dag_id=fin_cotacoes_bcb_classic, task_id=extract, run_id=scheduled__2023-02-10T00:00:00+00:00, execution_date=20230210T000000, start_date=20250705T192335, end_date=20250705T192336
[2025-07-05T19:23:36.899+0000] {local_task_job_runner.py:240} INFO - Task exited with return code 0
[2025-07-05T19:23:36.923+0000] {logging_mixin.py:188} WARNING - /home/***/.local/lib/python3.12/site-packages/***/models/baseoperator.py:1297 AirflowProviderDeprecationWarning: Call to deprecated class PostgresOperator. (Please use `***.providers.common.sql.operators.sql.SQLExecuteQueryOperator`.Also, you can provide `hook_params={'schema': <database>}`.)
[2025-07-05T19:23:36.974+0000] {taskinstance.py:3503} INFO - 1 downstream tasks scheduled from follow-on schedule check
[2025-07-05T19:23:36.979+0000] {local_task_job_runner.py:222} INFO - ::endgroup::
