[2025-07-06T20:11:20.071+0000] {local_task_job_runner.py:120} INFO - ::group::Pre task execution logs
[2025-07-06T20:11:20.258+0000] {taskinstance.py:2076} INFO - Dependencies all met for dep_context=non-requeueable deps ti=<TaskInstance: fin_cotacoes_bcb_classic.extract scheduled__2025-06-18T00:00:00+00:00 [queued]>
[2025-07-06T20:11:20.299+0000] {taskinstance.py:2076} INFO - Dependencies all met for dep_context=requeueable deps ti=<TaskInstance: fin_cotacoes_bcb_classic.extract scheduled__2025-06-18T00:00:00+00:00 [queued]>
[2025-07-06T20:11:20.300+0000] {taskinstance.py:2306} INFO - Starting attempt 1 of 2
[2025-07-06T20:11:20.352+0000] {taskinstance.py:2330} INFO - Executing <Task(PythonOperator): extract> on 2025-06-18 00:00:00+00:00
[2025-07-06T20:11:20.379+0000] {standard_task_runner.py:90} INFO - Running: ['***', 'tasks', 'run', 'fin_cotacoes_bcb_classic', 'extract', 'scheduled__2025-06-18T00:00:00+00:00', '--job-id', '1420', '--raw', '--subdir', 'DAGS_FOLDER/cotacoes.py', '--cfg-path', '/tmp/tmpxwda5nq5']
[2025-07-06T20:11:20.393+0000] {standard_task_runner.py:91} INFO - Job 1420: Subtask extract
[2025-07-06T20:11:20.403+0000] {logging_mixin.py:188} WARNING - /home/***/.local/lib/python3.12/site-packages/***/task/task_runner/standard_task_runner.py:61 DeprecationWarning: This process (pid=1866) is multi-threaded, use of fork() may lead to deadlocks in the child.
[2025-07-06T20:11:20.407+0000] {standard_task_runner.py:63} INFO - Started process 1892 to run task
[2025-07-06T20:11:20.517+0000] {task_command.py:426} INFO - Running <TaskInstance: fin_cotacoes_bcb_classic.extract scheduled__2025-06-18T00:00:00+00:00 [running]> on host bc96ca91d307
[2025-07-06T20:11:20.824+0000] {taskinstance.py:2648} INFO - Exporting env vars: AIRFLOW_CTX_DAG_OWNER='***' AIRFLOW_CTX_DAG_ID='fin_cotacoes_bcb_classic' AIRFLOW_CTX_TASK_ID='extract' AIRFLOW_CTX_EXECUTION_DATE='2025-06-18T00:00:00+00:00' AIRFLOW_CTX_TRY_NUMBER='1' AIRFLOW_CTX_DAG_RUN_ID='scheduled__2025-06-18T00:00:00+00:00'
[2025-07-06T20:11:20.825+0000] {taskinstance.py:430} INFO - ::endgroup::
[2025-07-06T20:11:20.826+0000] {cotacoes.py:37} INFO - Iniciando extração da URL: https://www4.bcb.gov.br/Download/fechamento/20250618.csv
[2025-07-06T20:11:21.221+0000] {cotacoes.py:43} INFO - Extração concluída com sucesso.
[2025-07-06T20:11:21.228+0000] {python.py:237} INFO - Done. Returned value was: 18/06/2025;005;A;AFN;0,07723000;0,07746000;70,85000000;71,05000000
18/06/2025;009;A;ETB;0,03910000;0,04055000;135,32490000;140,32490000
18/06/2025;015;A;THB;0,16830000;0,16840000;32,59000000;32,61000000
18/06/2025;020;A;PAB;5,48730000;5,48790000;1,00000000;1,00000000
18/06/2025;027;A;VES;0,05337000;0,05351000;102,55130000;102,80830000
18/06/2025;030;A;BOB;0,78500000;0,80120000;6,85000000;6,99000000
18/06/2025;035;A;GHS;0,53020000;0,53540000;10,25000000;10,35000000
18/06/2025;040;A;CRC;0,01082000;0,01092000;502,34000000;507,20000000
18/06/2025;045;A;SVC;0,62640000;0,62720000;8,74980000;8,75980000
18/06/2025;051;A;NIO;0,14830000;0,14990000;36,60000000;37,00000000
18/06/2025;055;A;DKK;0,84740000;0,84760000;6,47450000;6,47510000
18/06/2025;060;A;ISK;0,04405000;0,04412000;124,38000000;124,56000000
18/06/2025;065;A;NOK;0,55090000;0,55110000;9,95780000;9,96120000
18/06/2025;070;A;SEK;0,57150000;0,57170000;9,59890000;9,60140000
18/06/2025;075;A;CZK;0,25470000;0,25490000;21,52900000;21,54100000
18/06/2025;090;A;GMD;0,07517000;0,07564000;72,55000000;73,00000000
18/06/2025;095;A;DZD;0,04190000;0,04227000;129,84250000;130,96490000
18/06/2025;100;A;KWD;17,90310000;17,94020000;0,30590000;0,30650000
18/06/2025;105;A;BHD;14,54360000;14,55680000;0,37700000;0,37730000
18/06/2025;115;A;IQD;0,00418600;0,00419200;1309,00000000;1311,00000000
18/06/2025;125;A;JOD;7,72860000;7,75130000;0,70800000;0,71000000
18/06/2025;130;A;LYD;1,00870000;1,01440000;5,41000000;5,44000000
18/06/2025;132;A;MKD;0,10230000;0,10310000;53,24000000;53,65000000
18/06/2025;133;A;RSD;0,05391000;0,05396000;101,71000000;101,79000000
18/06/2025;134;A;SDG;0,00911300;0,00916500;598,80020000;602,14120000
18/06/2025;135;A;TND;1,86300000;1,87450000;2,92770000;2,94540000
18/06/2025;136;A;SSP;0,00119500;0,00123000;4463,55490000;4593,55490000
18/06/2025;138;B;SDR;7,47480000;7,47560000;1,36220000;1,36220000
18/06/2025;139;A;MAD;0,59960000;0,60050000;9,13950000;9,15150000
18/06/2025;145;A;AED;1,49400000;1,49440000;3,67220000;3,67280000
18/06/2025;149;A;STN;0,25290000;0,25810000;21,26550000;21,70130000
18/06/2025;150;B;AUD;3,57610000;3,57810000;0,65170000;0,65200000
18/06/2025;155;A;BSD;5,48730000;5,48790000;1,00000000;1,00000000
18/06/2025;160;A;BMD;5,48730000;5,48790000;1,00000000;1,00000000
18/06/2025;165;A;CAD;4,00970000;4,01050000;1,36840000;1,36850000
18/06/2025;170;A;GYD;0,02607000;0,02639000;207,98000000;210,45000000
18/06/2025;173;A;NAD;0,30580000;0,30590000;17,93840000;17,94130000
18/06/2025;175;A;BBD;2,68970000;2,74660000;1,99810000;2,04010000
18/06/2025;180;A;BZD;2,72030000;2,74370000;2,00020000;2,01720000
18/06/2025;185;A;BND;4,27360000;4,27640000;1,28330000;1,28400000
18/06/2025;190;A;KYD;6,57160000;6,63190000;0,82750000;0,83500000
18/06/2025;195;A;SGD;4,27360000;4,27640000;1,28330000;1,28400000
18/06/2025;197;B;CLF;227,99730000;228,02220000;41,55000000;41,55000000
18/06/2025;200;B;FJD;2,41500000;2,47610000;0,44010000;0,45120000
18/06/2025;205;A;HKD;0,69900000;0,69910000;7,84980000;7,84990000
18/06/2025;210;A;TTD;0,80390000;0,81110000;6,76560000;6,82600000
18/06/2025;215;A;XCD;2,01740000;2,04010000;2,69000000;2,72000000
18/06/2025;220;A;USD;5,48730000;5,48790000;1,00000000;1,00000000
18/06/2025;230;A;JMD;0,03408000;0,03473000;158,00000000;161,00000000
18/06/2025;235;A;LRD;0,02716000;0,02772000;198,00000000;202,00000000
18/06/2025;245;B;NZD;3,31600000;3,31850000;0,60430000;0,60470000
18/06/2025;250;B;SBD;0,60960000;0,67450000;0,11110000;0,12290000
18/06/2025;255;A;SRD;0,13970000;0,14250000;38,50000000;39,28500000
18/06/2025;260;A;VND;0,00021020;0,00021030;26092,00000000;26111,00000000
18/06/2025;275;A;AMD;0,01425000;0,01437000;382,00000000;385,00000000
18/06/2025;295;A;CVE;0,05682000;0,05734000;95,71000000;96,58000000
18/06/2025;325;A;ANG;3,01500000;3,07530000;1,78450000;1,82000000
18/06/2025;326;A;XCG;3,01500000;3,07530000;1,78450000;1,82000000
18/06/2025;328;A;AWG;2,98220000;3,08310000;1,78000000;1,84000000
18/06/2025;345;A;HUF;0,01568000;0,01569000;349,69000000;349,92000000
18/06/2025;363;A;CDF;0,00186000;0,00191600;2865,00000000;2950,00000000
18/06/2025;365;A;BIF;0,00182000;0,00186600;2940,75000000;3015,00000000
18/06/2025;368;A;KMF;0,01278000;0,01281000;428,40000000;429,30000000
18/06/2025;370;A;XAF;0,00936400;0,00964000;569,31000000;586,00000000
18/06/2025;372;A;XOF;0,00962700;0,00971300;565,00000000;570,00000000
18/06/2025;380;A;XPF;0,05267000;0,05314000;103,27000000;104,18000000
18/06/2025;390;A;DJF;0,03073000;0,03090000;177,60000000;178,55000000
18/06/2025;398;A;GNF;0,00063070;0,00063610;8628,00000000;8700,00000000
18/06/2025;406;A;MGA;0,00120800;0,00122600;4474,63000000;4544,07000000
18/06/2025;420;A;RWF;0,00382100;0,00390300;1406,00000000;1436,00000000
18/06/2025;425;A;CHF;6,71070000;6,71550000;0,81720000;0,81770000
18/06/2025;440;A;HTG;0,04173000;0,04196000;130,80000000;131,50000000
18/06/2025;450;A;PYG;0,00068530;0,00068980;7956,00000000;8007,00000000
18/06/2025;460;A;UAH;0,13150000;0,13160000;41,70720000;41,72000000
18/06/2025;470;A;JPY;0,03795000;0,03796000;144,57000000;144,59000000
18/06/2025;482;A;GEL;1,99250000;2,03560000;2,69600000;2,75400000
18/06/2025;490;A;ALL;0,06424000;0,06469000;84,84000000;85,42000000
18/06/2025;495;A;HNL;0,20940000;0,21090000;26,02130000;26,20000000
18/06/2025;500;A;SLL;0,00023950;0,00024190;22683,00000000;22908,00000000
18/06/2025;503;A;MDL;0,32090000;0,32280000;17,00000000;17,10000000
18/06/2025;506;A;RON;1,25660000;1,25730000;4,36470000;4,36680000
18/06/2025;510;A;BGN;3,22570000;3,22680000;1,70070000;1,70110000
18/06/2025;530;B;GIP;7,38590000;7,39220000;1,34600000;1,34700000
18/06/2025;535;A;EGP;0,10850000;0,10870000;50,47000000;50,57000000
18/06/2025;540;B;GBP;7,38970000;7,39280000;1,34670000;1,34710000
18/06/2025;545;B;FKP;7,38590000;7,39220000;1,34600000;1,34700000
18/06/2025;560;A;LBP;0,00006120;0,00006130;89500,00000000;89700,00000000
18/06/2025;570;B;SHP;7,38810000;7,39060000;1,34640000;1,34670000
18/06/2025;575;A;SYP;0,00042180;0,00042210;13000,00000000;13010,00000000
18/06/2025;585;A;SZL;0,30560000;0,30610000;17,92650000;17,95850000
18/06/2025;603;A;LSL;0,30580000;0,30630000;17,91720000;17,94460000
18/06/2025;608;A;TMT;1,56580000;1,57040000;3,49450000;3,50450000
18/06/2025;622;A;MZN;0,08505000;0,08677000;63,25000000;64,52000000
18/06/2025;625;A;ERN;0,36220000;0,36590000;15,00000000;15,15000000
18/06/2025;630;A;NGN;0,00354000;0,00355700;1542,69000000;1550,29000000
18/06/2025;635;A;AOA;0,00589900;0,00601800;911,95500000;930,24000000
18/06/2025;640;A;TWD;0,18560000;0,18580000;29,54100000;29,55900000
18/06/2025;642;A;TRY;0,13880000;0,13880000;39,52550000;39,52960000
18/06/2025;660;A;PEN;1,51790000;1,52020000;3,61000000;3,61500000
18/06/2025;665;A;BTN;0,06343000;0,06347000;86,45900000;86,51400000
18/06/2025;670;A;MRO;0,01529000;0,01542000;356,00000000;359,00000000
18/06/2025;671;A;MRU;0,13850000;0,13890000;39,50000000;39,61800000
18/06/2025;680;B;TOP;2,26130000;2,39880000;0,41210000;0,43710000
18/06/2025;685;A;MOP;0,67580000;0,67960000;8,07500000;8,12000000
18/06/2025;706;A;ARS;0,00479700;0,00480000;1143,39000000;1144,01000000
18/06/2025;715;A;CLP;0,00581100;0,00581800;943,34000000;944,31000000
18/06/2025;720;A;COP;0,00134900;0,00135000;4066,75000000;4067,75000000
18/06/2025;721;B;COU;0,50100000;0,50100000;0,09130000;0,09130000
18/06/2025;725;A;CUP;0,22860000;0,22870000;24,00000000;24,00000000
18/06/2025;730;A;DOP;0,09184000;0,09302000;59,00000000;59,75000000
18/06/2025;735;A;PHP;0,09590000;0,09611000;57,10100000;57,21900000
18/06/2025;741;A;MXN;0,28860000;0,28870000;19,00700000;19,01110000
18/06/2025;745;A;UYU;0,13410000;0,13420000;40,90000000;40,93000000
18/06/2025;755;B;BWP;0,40660000;0,41100000;0,07410000;0,07490000
18/06/2025;760;A;MWK;0,00313500;0,00319600;1717,02000000;1750,32000000
18/06/2025;766;A;ZMW;0,22910000;0,22960000;23,90000000;23,95000000
18/06/2025;770;A;GTQ;0,71300000;0,71490000;7,67600000;7,69600000
18/06/2025;775;A;MMK;0,00260500;0,00262100;2093,70000000;2106,30000000
18/06/2025;778;B;PGK;1,28790000;1,38130000;0,23470000;0,25170000
18/06/2025;780;A;LAK;0,00025270;0,00025580;21450,00000000;21715,00000000
18/06/2025;785;A;ZAR;0,30580000;0,30590000;17,94100000;17,94670000
18/06/2025;795;A;CNY;0,76320000;0,76340000;7,18880000;7,19000000
18/06/2025;796;A;CNH;0,76290000;0,76300000;7,19230000;7,19240000
18/06/2025;800;A;QAR;1,50370000;1,50720000;3,64110000;3,64910000
18/06/2025;805;A;OMR;14,24900000;14,25800000;0,38490000;0,38510000
18/06/2025;810;A;YER;0,02259000;0,02264000;242,45000000;242,95000000
18/06/2025;815;A;IRR;0,00013000;0,00013060;42025,00000000;42200,00000000
18/06/2025;820;A;SAR;1,46250000;1,46280000;3,75170000;3,75210000
18/06/2025;825;A;KHR;0,00135800;0,00137400;3995,00000000;4040,00000000
18/06/2025;828;A;MYR;1,29020000;1,29190000;4,24800000;4,25300000
18/06/2025;830;A;RUB;0,06979000;0,06980000;78,62050000;78,62950000
18/06/2025;831;A;BYN;1,67340000;1,68030000;3,26610000;3,27910000
18/06/2025;835;A;TJS;0,55150000;0,56230000;9,76000000;9,95000000
18/06/2025;840;A;MUR;0,12030000;0,12110000;45,30000000;45,60000000
18/06/2025;845;A;NPR;0,03965000;0,03966000;138,36000000;138,38000000
18/06/2025;850;A;SCR;0,37080000;0,38110000;14,40000000;14,80000000
18/06/2025;855;A;LKR;0,01825000;0,01827000;300,40000000;300,60000000
18/06/2025;860;A;INR;0,06347000;0,06352000;86,40200000;86,45700000
18/06/2025;865;A;IDR;0,00033650;0,00033680;16295,00000000;16305,00000000
18/06/2025;870;A;MVR;0,35400000;0,35590000;15,42000000;15,50000000
18/06/2025;875;A;PKR;0,01935000;0,01939000;283,10000000;283,60000000
18/06/2025;880;A;ILS;1,57700000;1,58080000;3,47150000;3,47950000
18/06/2025;892;A;KGS;0,06271000;0,06275000;87,45000000;87,50430000
18/06/2025;893;A;UZS;0,00042920;0,00043380;12650,00000000;12785,00000000
18/06/2025;905;A;BDT;0,04468000;0,04506000;121,80000000;122,80000000
18/06/2025;912;B;WST;2,02480000;2,11830000;0,36900000;0,38600000
18/06/2025;913;A;KZT;0,01055000;0,01057000;519,25000000;520,20000000
18/06/2025;915;A;MNT;0,00152600;0,00153500;3575,00000000;3595,00000000
18/06/2025;920;A;VUV;0,04461000;0,04691000;117,00000000;123,00000000
18/06/2025;930;A;KRW;0,00399700;0,00400000;1372,13000000;1372,74000000
18/06/2025;946;A;TZS;0,00208600;0,00211100;2600,00000000;2630,00000000
18/06/2025;950;A;KES;0,04241000;0,04254000;129,00000000;129,40000000
18/06/2025;955;A;UGX;0,00152200;0,00152600;3596,00000000;3606,00000000
18/06/2025;960;A;SOS;0,00954300;0,00966200;568,00000000;575,00000000
18/06/2025;975;A;PLN;1,47850000;1,47910000;3,71040000;3,71130000
18/06/2025;978;B;EUR;6,32080000;6,32260000;1,15190000;1,15210000
18/06/2025;998;A;XAU;598,52750000;598,59290000;0,00916800;0,00916800

[2025-07-06T20:11:21.228+0000] {taskinstance.py:441} INFO - ::group::Post task execution logs
[2025-07-06T20:11:21.296+0000] {taskinstance.py:1206} INFO - Marking task as SUCCESS. dag_id=fin_cotacoes_bcb_classic, task_id=extract, run_id=scheduled__2025-06-18T00:00:00+00:00, execution_date=20250618T000000, start_date=20250706T201120, end_date=20250706T201121
[2025-07-06T20:11:21.367+0000] {local_task_job_runner.py:240} INFO - Task exited with return code 0
[2025-07-06T20:11:21.406+0000] {local_task_job_runner.py:222} INFO - ::endgroup::
[2025-07-07T14:36:00.883+0000] {local_task_job_runner.py:120} INFO - ::group::Pre task execution logs
[2025-07-07T14:36:01.025+0000] {taskinstance.py:2076} INFO - Dependencies all met for dep_context=non-requeueable deps ti=<TaskInstance: fin_cotacoes_bcb_classic.extract scheduled__2025-06-18T00:00:00+00:00 [queued]>
[2025-07-07T14:36:01.052+0000] {taskinstance.py:2076} INFO - Dependencies all met for dep_context=requeueable deps ti=<TaskInstance: fin_cotacoes_bcb_classic.extract scheduled__2025-06-18T00:00:00+00:00 [queued]>
[2025-07-07T14:36:01.052+0000] {taskinstance.py:2306} INFO - Starting attempt 1 of 2
[2025-07-07T14:36:01.139+0000] {taskinstance.py:2330} INFO - Executing <Task(PythonOperator): extract> on 2025-06-18 00:00:00+00:00
[2025-07-07T14:36:01.192+0000] {logging_mixin.py:188} WARNING - /home/***/.local/lib/python3.12/site-packages/***/task/task_runner/standard_task_runner.py:61 DeprecationWarning: This process (pid=80134) is multi-threaded, use of fork() may lead to deadlocks in the child.
[2025-07-07T14:36:01.198+0000] {standard_task_runner.py:63} INFO - Started process 80220 to run task
[2025-07-07T14:36:01.194+0000] {standard_task_runner.py:90} INFO - Running: ['***', 'tasks', 'run', 'fin_cotacoes_bcb_classic', 'extract', 'scheduled__2025-06-18T00:00:00+00:00', '--job-id', '2692', '--raw', '--subdir', 'DAGS_FOLDER/cotacoes.py', '--cfg-path', '/tmp/tmp18gf2q59']
[2025-07-07T14:36:01.212+0000] {standard_task_runner.py:91} INFO - Job 2692: Subtask extract
[2025-07-07T14:36:01.382+0000] {task_command.py:426} INFO - Running <TaskInstance: fin_cotacoes_bcb_classic.extract scheduled__2025-06-18T00:00:00+00:00 [running]> on host bc96ca91d307
[2025-07-07T14:36:01.611+0000] {taskinstance.py:2648} INFO - Exporting env vars: AIRFLOW_CTX_DAG_OWNER='***' AIRFLOW_CTX_DAG_ID='fin_cotacoes_bcb_classic' AIRFLOW_CTX_TASK_ID='extract' AIRFLOW_CTX_EXECUTION_DATE='2025-06-18T00:00:00+00:00' AIRFLOW_CTX_TRY_NUMBER='1' AIRFLOW_CTX_DAG_RUN_ID='scheduled__2025-06-18T00:00:00+00:00'
[2025-07-07T14:36:01.614+0000] {taskinstance.py:430} INFO - ::endgroup::
[2025-07-07T14:36:01.615+0000] {cotacoes.py:35} INFO - Iniciando extração da URL: https://www4.bcb.gov.br/Download/fechamento/20250618.csv
[2025-07-07T14:36:02.009+0000] {cotacoes.py:41} INFO - Extração concluída com sucesso.
[2025-07-07T14:36:02.025+0000] {python.py:237} INFO - Done. Returned value was: 18/06/2025;005;A;AFN;0,07723000;0,07746000;70,85000000;71,05000000
18/06/2025;009;A;ETB;0,03910000;0,04055000;135,32490000;140,32490000
18/06/2025;015;A;THB;0,16830000;0,16840000;32,59000000;32,61000000
18/06/2025;020;A;PAB;5,48730000;5,48790000;1,00000000;1,00000000
18/06/2025;027;A;VES;0,05337000;0,05351000;102,55130000;102,80830000
18/06/2025;030;A;BOB;0,78500000;0,80120000;6,85000000;6,99000000
18/06/2025;035;A;GHS;0,53020000;0,53540000;10,25000000;10,35000000
18/06/2025;040;A;CRC;0,01082000;0,01092000;502,34000000;507,20000000
18/06/2025;045;A;SVC;0,62640000;0,62720000;8,74980000;8,75980000
18/06/2025;051;A;NIO;0,14830000;0,14990000;36,60000000;37,00000000
18/06/2025;055;A;DKK;0,84740000;0,84760000;6,47450000;6,47510000
18/06/2025;060;A;ISK;0,04405000;0,04412000;124,38000000;124,56000000
18/06/2025;065;A;NOK;0,55090000;0,55110000;9,95780000;9,96120000
18/06/2025;070;A;SEK;0,57150000;0,57170000;9,59890000;9,60140000
18/06/2025;075;A;CZK;0,25470000;0,25490000;21,52900000;21,54100000
18/06/2025;090;A;GMD;0,07517000;0,07564000;72,55000000;73,00000000
18/06/2025;095;A;DZD;0,04190000;0,04227000;129,84250000;130,96490000
18/06/2025;100;A;KWD;17,90310000;17,94020000;0,30590000;0,30650000
18/06/2025;105;A;BHD;14,54360000;14,55680000;0,37700000;0,37730000
18/06/2025;115;A;IQD;0,00418600;0,00419200;1309,00000000;1311,00000000
18/06/2025;125;A;JOD;7,72860000;7,75130000;0,70800000;0,71000000
18/06/2025;130;A;LYD;1,00870000;1,01440000;5,41000000;5,44000000
18/06/2025;132;A;MKD;0,10230000;0,10310000;53,24000000;53,65000000
18/06/2025;133;A;RSD;0,05391000;0,05396000;101,71000000;101,79000000
18/06/2025;134;A;SDG;0,00911300;0,00916500;598,80020000;602,14120000
18/06/2025;135;A;TND;1,86300000;1,87450000;2,92770000;2,94540000
18/06/2025;136;A;SSP;0,00119500;0,00123000;4463,55490000;4593,55490000
18/06/2025;138;B;SDR;7,47480000;7,47560000;1,36220000;1,36220000
18/06/2025;139;A;MAD;0,59960000;0,60050000;9,13950000;9,15150000
18/06/2025;145;A;AED;1,49400000;1,49440000;3,67220000;3,67280000
18/06/2025;149;A;STN;0,25290000;0,25810000;21,26550000;21,70130000
18/06/2025;150;B;AUD;3,57610000;3,57810000;0,65170000;0,65200000
18/06/2025;155;A;BSD;5,48730000;5,48790000;1,00000000;1,00000000
18/06/2025;160;A;BMD;5,48730000;5,48790000;1,00000000;1,00000000
18/06/2025;165;A;CAD;4,00970000;4,01050000;1,36840000;1,36850000
18/06/2025;170;A;GYD;0,02607000;0,02639000;207,98000000;210,45000000
18/06/2025;173;A;NAD;0,30580000;0,30590000;17,93840000;17,94130000
18/06/2025;175;A;BBD;2,68970000;2,74660000;1,99810000;2,04010000
18/06/2025;180;A;BZD;2,72030000;2,74370000;2,00020000;2,01720000
18/06/2025;185;A;BND;4,27360000;4,27640000;1,28330000;1,28400000
18/06/2025;190;A;KYD;6,57160000;6,63190000;0,82750000;0,83500000
18/06/2025;195;A;SGD;4,27360000;4,27640000;1,28330000;1,28400000
18/06/2025;197;B;CLF;227,99730000;228,02220000;41,55000000;41,55000000
18/06/2025;200;B;FJD;2,41500000;2,47610000;0,44010000;0,45120000
18/06/2025;205;A;HKD;0,69900000;0,69910000;7,84980000;7,84990000
18/06/2025;210;A;TTD;0,80390000;0,81110000;6,76560000;6,82600000
18/06/2025;215;A;XCD;2,01740000;2,04010000;2,69000000;2,72000000
18/06/2025;220;A;USD;5,48730000;5,48790000;1,00000000;1,00000000
18/06/2025;230;A;JMD;0,03408000;0,03473000;158,00000000;161,00000000
18/06/2025;235;A;LRD;0,02716000;0,02772000;198,00000000;202,00000000
18/06/2025;245;B;NZD;3,31600000;3,31850000;0,60430000;0,60470000
18/06/2025;250;B;SBD;0,60960000;0,67450000;0,11110000;0,12290000
18/06/2025;255;A;SRD;0,13970000;0,14250000;38,50000000;39,28500000
18/06/2025;260;A;VND;0,00021020;0,00021030;26092,00000000;26111,00000000
18/06/2025;275;A;AMD;0,01425000;0,01437000;382,00000000;385,00000000
18/06/2025;295;A;CVE;0,05682000;0,05734000;95,71000000;96,58000000
18/06/2025;325;A;ANG;3,01500000;3,07530000;1,78450000;1,82000000
18/06/2025;326;A;XCG;3,01500000;3,07530000;1,78450000;1,82000000
18/06/2025;328;A;AWG;2,98220000;3,08310000;1,78000000;1,84000000
18/06/2025;345;A;HUF;0,01568000;0,01569000;349,69000000;349,92000000
18/06/2025;363;A;CDF;0,00186000;0,00191600;2865,00000000;2950,00000000
18/06/2025;365;A;BIF;0,00182000;0,00186600;2940,75000000;3015,00000000
18/06/2025;368;A;KMF;0,01278000;0,01281000;428,40000000;429,30000000
18/06/2025;370;A;XAF;0,00936400;0,00964000;569,31000000;586,00000000
18/06/2025;372;A;XOF;0,00962700;0,00971300;565,00000000;570,00000000
18/06/2025;380;A;XPF;0,05267000;0,05314000;103,27000000;104,18000000
18/06/2025;390;A;DJF;0,03073000;0,03090000;177,60000000;178,55000000
18/06/2025;398;A;GNF;0,00063070;0,00063610;8628,00000000;8700,00000000
18/06/2025;406;A;MGA;0,00120800;0,00122600;4474,63000000;4544,07000000
18/06/2025;420;A;RWF;0,00382100;0,00390300;1406,00000000;1436,00000000
18/06/2025;425;A;CHF;6,71070000;6,71550000;0,81720000;0,81770000
18/06/2025;440;A;HTG;0,04173000;0,04196000;130,80000000;131,50000000
18/06/2025;450;A;PYG;0,00068530;0,00068980;7956,00000000;8007,00000000
18/06/2025;460;A;UAH;0,13150000;0,13160000;41,70720000;41,72000000
18/06/2025;470;A;JPY;0,03795000;0,03796000;144,57000000;144,59000000
18/06/2025;482;A;GEL;1,99250000;2,03560000;2,69600000;2,75400000
18/06/2025;490;A;ALL;0,06424000;0,06469000;84,84000000;85,42000000
18/06/2025;495;A;HNL;0,20940000;0,21090000;26,02130000;26,20000000
18/06/2025;500;A;SLL;0,00023950;0,00024190;22683,00000000;22908,00000000
18/06/2025;503;A;MDL;0,32090000;0,32280000;17,00000000;17,10000000
18/06/2025;506;A;RON;1,25660000;1,25730000;4,36470000;4,36680000
18/06/2025;510;A;BGN;3,22570000;3,22680000;1,70070000;1,70110000
18/06/2025;530;B;GIP;7,38590000;7,39220000;1,34600000;1,34700000
18/06/2025;535;A;EGP;0,10850000;0,10870000;50,47000000;50,57000000
18/06/2025;540;B;GBP;7,38970000;7,39280000;1,34670000;1,34710000
18/06/2025;545;B;FKP;7,38590000;7,39220000;1,34600000;1,34700000
18/06/2025;560;A;LBP;0,00006120;0,00006130;89500,00000000;89700,00000000
18/06/2025;570;B;SHP;7,38810000;7,39060000;1,34640000;1,34670000
18/06/2025;575;A;SYP;0,00042180;0,00042210;13000,00000000;13010,00000000
18/06/2025;585;A;SZL;0,30560000;0,30610000;17,92650000;17,95850000
18/06/2025;603;A;LSL;0,30580000;0,30630000;17,91720000;17,94460000
18/06/2025;608;A;TMT;1,56580000;1,57040000;3,49450000;3,50450000
18/06/2025;622;A;MZN;0,08505000;0,08677000;63,25000000;64,52000000
18/06/2025;625;A;ERN;0,36220000;0,36590000;15,00000000;15,15000000
18/06/2025;630;A;NGN;0,00354000;0,00355700;1542,69000000;1550,29000000
18/06/2025;635;A;AOA;0,00589900;0,00601800;911,95500000;930,24000000
18/06/2025;640;A;TWD;0,18560000;0,18580000;29,54100000;29,55900000
18/06/2025;642;A;TRY;0,13880000;0,13880000;39,52550000;39,52960000
18/06/2025;660;A;PEN;1,51790000;1,52020000;3,61000000;3,61500000
18/06/2025;665;A;BTN;0,06343000;0,06347000;86,45900000;86,51400000
18/06/2025;670;A;MRO;0,01529000;0,01542000;356,00000000;359,00000000
18/06/2025;671;A;MRU;0,13850000;0,13890000;39,50000000;39,61800000
18/06/2025;680;B;TOP;2,26130000;2,39880000;0,41210000;0,43710000
18/06/2025;685;A;MOP;0,67580000;0,67960000;8,07500000;8,12000000
18/06/2025;706;A;ARS;0,00479700;0,00480000;1143,39000000;1144,01000000
18/06/2025;715;A;CLP;0,00581100;0,00581800;943,34000000;944,31000000
18/06/2025;720;A;COP;0,00134900;0,00135000;4066,75000000;4067,75000000
18/06/2025;721;B;COU;0,50100000;0,50100000;0,09130000;0,09130000
18/06/2025;725;A;CUP;0,22860000;0,22870000;24,00000000;24,00000000
18/06/2025;730;A;DOP;0,09184000;0,09302000;59,00000000;59,75000000
18/06/2025;735;A;PHP;0,09590000;0,09611000;57,10100000;57,21900000
18/06/2025;741;A;MXN;0,28860000;0,28870000;19,00700000;19,01110000
18/06/2025;745;A;UYU;0,13410000;0,13420000;40,90000000;40,93000000
18/06/2025;755;B;BWP;0,40660000;0,41100000;0,07410000;0,07490000
18/06/2025;760;A;MWK;0,00313500;0,00319600;1717,02000000;1750,32000000
18/06/2025;766;A;ZMW;0,22910000;0,22960000;23,90000000;23,95000000
18/06/2025;770;A;GTQ;0,71300000;0,71490000;7,67600000;7,69600000
18/06/2025;775;A;MMK;0,00260500;0,00262100;2093,70000000;2106,30000000
18/06/2025;778;B;PGK;1,28790000;1,38130000;0,23470000;0,25170000
18/06/2025;780;A;LAK;0,00025270;0,00025580;21450,00000000;21715,00000000
18/06/2025;785;A;ZAR;0,30580000;0,30590000;17,94100000;17,94670000
18/06/2025;795;A;CNY;0,76320000;0,76340000;7,18880000;7,19000000
18/06/2025;796;A;CNH;0,76290000;0,76300000;7,19230000;7,19240000
18/06/2025;800;A;QAR;1,50370000;1,50720000;3,64110000;3,64910000
18/06/2025;805;A;OMR;14,24900000;14,25800000;0,38490000;0,38510000
18/06/2025;810;A;YER;0,02259000;0,02264000;242,45000000;242,95000000
18/06/2025;815;A;IRR;0,00013000;0,00013060;42025,00000000;42200,00000000
18/06/2025;820;A;SAR;1,46250000;1,46280000;3,75170000;3,75210000
18/06/2025;825;A;KHR;0,00135800;0,00137400;3995,00000000;4040,00000000
18/06/2025;828;A;MYR;1,29020000;1,29190000;4,24800000;4,25300000
18/06/2025;830;A;RUB;0,06979000;0,06980000;78,62050000;78,62950000
18/06/2025;831;A;BYN;1,67340000;1,68030000;3,26610000;3,27910000
18/06/2025;835;A;TJS;0,55150000;0,56230000;9,76000000;9,95000000
18/06/2025;840;A;MUR;0,12030000;0,12110000;45,30000000;45,60000000
18/06/2025;845;A;NPR;0,03965000;0,03966000;138,36000000;138,38000000
18/06/2025;850;A;SCR;0,37080000;0,38110000;14,40000000;14,80000000
18/06/2025;855;A;LKR;0,01825000;0,01827000;300,40000000;300,60000000
18/06/2025;860;A;INR;0,06347000;0,06352000;86,40200000;86,45700000
18/06/2025;865;A;IDR;0,00033650;0,00033680;16295,00000000;16305,00000000
18/06/2025;870;A;MVR;0,35400000;0,35590000;15,42000000;15,50000000
18/06/2025;875;A;PKR;0,01935000;0,01939000;283,10000000;283,60000000
18/06/2025;880;A;ILS;1,57700000;1,58080000;3,47150000;3,47950000
18/06/2025;892;A;KGS;0,06271000;0,06275000;87,45000000;87,50430000
18/06/2025;893;A;UZS;0,00042920;0,00043380;12650,00000000;12785,00000000
18/06/2025;905;A;BDT;0,04468000;0,04506000;121,80000000;122,80000000
18/06/2025;912;B;WST;2,02480000;2,11830000;0,36900000;0,38600000
18/06/2025;913;A;KZT;0,01055000;0,01057000;519,25000000;520,20000000
18/06/2025;915;A;MNT;0,00152600;0,00153500;3575,00000000;3595,00000000
18/06/2025;920;A;VUV;0,04461000;0,04691000;117,00000000;123,00000000
18/06/2025;930;A;KRW;0,00399700;0,00400000;1372,13000000;1372,74000000
18/06/2025;946;A;TZS;0,00208600;0,00211100;2600,00000000;2630,00000000
18/06/2025;950;A;KES;0,04241000;0,04254000;129,00000000;129,40000000
18/06/2025;955;A;UGX;0,00152200;0,00152600;3596,00000000;3606,00000000
18/06/2025;960;A;SOS;0,00954300;0,00966200;568,00000000;575,00000000
18/06/2025;975;A;PLN;1,47850000;1,47910000;3,71040000;3,71130000
18/06/2025;978;B;EUR;6,32080000;6,32260000;1,15190000;1,15210000
18/06/2025;998;A;XAU;598,52750000;598,59290000;0,00916800;0,00916800

[2025-07-07T14:36:02.025+0000] {taskinstance.py:441} INFO - ::group::Post task execution logs
[2025-07-07T14:36:02.079+0000] {taskinstance.py:1206} INFO - Marking task as SUCCESS. dag_id=fin_cotacoes_bcb_classic, task_id=extract, run_id=scheduled__2025-06-18T00:00:00+00:00, execution_date=20250618T000000, start_date=20250707T143601, end_date=20250707T143602
[2025-07-07T14:36:02.516+0000] {local_task_job_runner.py:240} INFO - Task exited with return code 0
[2025-07-07T14:36:02.559+0000] {taskinstance.py:3503} INFO - 1 downstream tasks scheduled from follow-on schedule check
[2025-07-07T14:36:02.562+0000] {local_task_job_runner.py:222} INFO - ::endgroup::
[2025-07-07T15:13:19.748+0000] {local_task_job_runner.py:120} INFO - ::group::Pre task execution logs
[2025-07-07T15:13:19.943+0000] {taskinstance.py:2076} INFO - Dependencies all met for dep_context=non-requeueable deps ti=<TaskInstance: fin_cotacoes_bcb_classic.extract scheduled__2025-06-18T00:00:00+00:00 [queued]>
[2025-07-07T15:13:19.966+0000] {taskinstance.py:2076} INFO - Dependencies all met for dep_context=requeueable deps ti=<TaskInstance: fin_cotacoes_bcb_classic.extract scheduled__2025-06-18T00:00:00+00:00 [queued]>
[2025-07-07T15:13:19.966+0000] {taskinstance.py:2306} INFO - Starting attempt 1 of 2
[2025-07-07T15:13:20.009+0000] {taskinstance.py:2330} INFO - Executing <Task(PythonOperator): extract> on 2025-06-18 00:00:00+00:00
[2025-07-07T15:13:20.028+0000] {logging_mixin.py:188} WARNING - /home/***/.local/lib/python3.12/site-packages/***/task/task_runner/standard_task_runner.py:61 DeprecationWarning: This process (pid=104838) is multi-threaded, use of fork() may lead to deadlocks in the child.
[2025-07-07T15:13:20.035+0000] {standard_task_runner.py:63} INFO - Started process 104897 to run task
[2025-07-07T15:13:20.030+0000] {standard_task_runner.py:90} INFO - Running: ['***', 'tasks', 'run', 'fin_cotacoes_bcb_classic', 'extract', 'scheduled__2025-06-18T00:00:00+00:00', '--job-id', '4365', '--raw', '--subdir', 'DAGS_FOLDER/cotacoes.py', '--cfg-path', '/tmp/tmpv0ch0qrq']
[2025-07-07T15:13:20.036+0000] {standard_task_runner.py:91} INFO - Job 4365: Subtask extract
[2025-07-07T15:13:20.172+0000] {task_command.py:426} INFO - Running <TaskInstance: fin_cotacoes_bcb_classic.extract scheduled__2025-06-18T00:00:00+00:00 [running]> on host bc96ca91d307
[2025-07-07T15:13:20.625+0000] {taskinstance.py:2648} INFO - Exporting env vars: AIRFLOW_CTX_DAG_OWNER='***' AIRFLOW_CTX_DAG_ID='fin_cotacoes_bcb_classic' AIRFLOW_CTX_TASK_ID='extract' AIRFLOW_CTX_EXECUTION_DATE='2025-06-18T00:00:00+00:00' AIRFLOW_CTX_TRY_NUMBER='1' AIRFLOW_CTX_DAG_RUN_ID='scheduled__2025-06-18T00:00:00+00:00'
[2025-07-07T15:13:20.627+0000] {taskinstance.py:430} INFO - ::endgroup::
[2025-07-07T15:13:20.634+0000] {cotacoes.py:35} INFO - Iniciando extração da URL: https://www4.bcb.gov.br/Download/fechamento/20250618.csv
[2025-07-07T15:13:21.126+0000] {cotacoes.py:41} INFO - Extração concluída com sucesso.
[2025-07-07T15:13:21.127+0000] {python.py:237} INFO - Done. Returned value was: 18/06/2025;005;A;AFN;0,07723000;0,07746000;70,85000000;71,05000000
18/06/2025;009;A;ETB;0,03910000;0,04055000;135,32490000;140,32490000
18/06/2025;015;A;THB;0,16830000;0,16840000;32,59000000;32,61000000
18/06/2025;020;A;PAB;5,48730000;5,48790000;1,00000000;1,00000000
18/06/2025;027;A;VES;0,05337000;0,05351000;102,55130000;102,80830000
18/06/2025;030;A;BOB;0,78500000;0,80120000;6,85000000;6,99000000
18/06/2025;035;A;GHS;0,53020000;0,53540000;10,25000000;10,35000000
18/06/2025;040;A;CRC;0,01082000;0,01092000;502,34000000;507,20000000
18/06/2025;045;A;SVC;0,62640000;0,62720000;8,74980000;8,75980000
18/06/2025;051;A;NIO;0,14830000;0,14990000;36,60000000;37,00000000
18/06/2025;055;A;DKK;0,84740000;0,84760000;6,47450000;6,47510000
18/06/2025;060;A;ISK;0,04405000;0,04412000;124,38000000;124,56000000
18/06/2025;065;A;NOK;0,55090000;0,55110000;9,95780000;9,96120000
18/06/2025;070;A;SEK;0,57150000;0,57170000;9,59890000;9,60140000
18/06/2025;075;A;CZK;0,25470000;0,25490000;21,52900000;21,54100000
18/06/2025;090;A;GMD;0,07517000;0,07564000;72,55000000;73,00000000
18/06/2025;095;A;DZD;0,04190000;0,04227000;129,84250000;130,96490000
18/06/2025;100;A;KWD;17,90310000;17,94020000;0,30590000;0,30650000
18/06/2025;105;A;BHD;14,54360000;14,55680000;0,37700000;0,37730000
18/06/2025;115;A;IQD;0,00418600;0,00419200;1309,00000000;1311,00000000
18/06/2025;125;A;JOD;7,72860000;7,75130000;0,70800000;0,71000000
18/06/2025;130;A;LYD;1,00870000;1,01440000;5,41000000;5,44000000
18/06/2025;132;A;MKD;0,10230000;0,10310000;53,24000000;53,65000000
18/06/2025;133;A;RSD;0,05391000;0,05396000;101,71000000;101,79000000
18/06/2025;134;A;SDG;0,00911300;0,00916500;598,80020000;602,14120000
18/06/2025;135;A;TND;1,86300000;1,87450000;2,92770000;2,94540000
18/06/2025;136;A;SSP;0,00119500;0,00123000;4463,55490000;4593,55490000
18/06/2025;138;B;SDR;7,47480000;7,47560000;1,36220000;1,36220000
18/06/2025;139;A;MAD;0,59960000;0,60050000;9,13950000;9,15150000
18/06/2025;145;A;AED;1,49400000;1,49440000;3,67220000;3,67280000
18/06/2025;149;A;STN;0,25290000;0,25810000;21,26550000;21,70130000
18/06/2025;150;B;AUD;3,57610000;3,57810000;0,65170000;0,65200000
18/06/2025;155;A;BSD;5,48730000;5,48790000;1,00000000;1,00000000
18/06/2025;160;A;BMD;5,48730000;5,48790000;1,00000000;1,00000000
18/06/2025;165;A;CAD;4,00970000;4,01050000;1,36840000;1,36850000
18/06/2025;170;A;GYD;0,02607000;0,02639000;207,98000000;210,45000000
18/06/2025;173;A;NAD;0,30580000;0,30590000;17,93840000;17,94130000
18/06/2025;175;A;BBD;2,68970000;2,74660000;1,99810000;2,04010000
18/06/2025;180;A;BZD;2,72030000;2,74370000;2,00020000;2,01720000
18/06/2025;185;A;BND;4,27360000;4,27640000;1,28330000;1,28400000
18/06/2025;190;A;KYD;6,57160000;6,63190000;0,82750000;0,83500000
18/06/2025;195;A;SGD;4,27360000;4,27640000;1,28330000;1,28400000
18/06/2025;197;B;CLF;227,99730000;228,02220000;41,55000000;41,55000000
18/06/2025;200;B;FJD;2,41500000;2,47610000;0,44010000;0,45120000
18/06/2025;205;A;HKD;0,69900000;0,69910000;7,84980000;7,84990000
18/06/2025;210;A;TTD;0,80390000;0,81110000;6,76560000;6,82600000
18/06/2025;215;A;XCD;2,01740000;2,04010000;2,69000000;2,72000000
18/06/2025;220;A;USD;5,48730000;5,48790000;1,00000000;1,00000000
18/06/2025;230;A;JMD;0,03408000;0,03473000;158,00000000;161,00000000
18/06/2025;235;A;LRD;0,02716000;0,02772000;198,00000000;202,00000000
18/06/2025;245;B;NZD;3,31600000;3,31850000;0,60430000;0,60470000
18/06/2025;250;B;SBD;0,60960000;0,67450000;0,11110000;0,12290000
18/06/2025;255;A;SRD;0,13970000;0,14250000;38,50000000;39,28500000
18/06/2025;260;A;VND;0,00021020;0,00021030;26092,00000000;26111,00000000
18/06/2025;275;A;AMD;0,01425000;0,01437000;382,00000000;385,00000000
18/06/2025;295;A;CVE;0,05682000;0,05734000;95,71000000;96,58000000
18/06/2025;325;A;ANG;3,01500000;3,07530000;1,78450000;1,82000000
18/06/2025;326;A;XCG;3,01500000;3,07530000;1,78450000;1,82000000
18/06/2025;328;A;AWG;2,98220000;3,08310000;1,78000000;1,84000000
18/06/2025;345;A;HUF;0,01568000;0,01569000;349,69000000;349,92000000
18/06/2025;363;A;CDF;0,00186000;0,00191600;2865,00000000;2950,00000000
18/06/2025;365;A;BIF;0,00182000;0,00186600;2940,75000000;3015,00000000
18/06/2025;368;A;KMF;0,01278000;0,01281000;428,40000000;429,30000000
18/06/2025;370;A;XAF;0,00936400;0,00964000;569,31000000;586,00000000
18/06/2025;372;A;XOF;0,00962700;0,00971300;565,00000000;570,00000000
18/06/2025;380;A;XPF;0,05267000;0,05314000;103,27000000;104,18000000
18/06/2025;390;A;DJF;0,03073000;0,03090000;177,60000000;178,55000000
18/06/2025;398;A;GNF;0,00063070;0,00063610;8628,00000000;8700,00000000
18/06/2025;406;A;MGA;0,00120800;0,00122600;4474,63000000;4544,07000000
18/06/2025;420;A;RWF;0,00382100;0,00390300;1406,00000000;1436,00000000
18/06/2025;425;A;CHF;6,71070000;6,71550000;0,81720000;0,81770000
18/06/2025;440;A;HTG;0,04173000;0,04196000;130,80000000;131,50000000
18/06/2025;450;A;PYG;0,00068530;0,00068980;7956,00000000;8007,00000000
18/06/2025;460;A;UAH;0,13150000;0,13160000;41,70720000;41,72000000
18/06/2025;470;A;JPY;0,03795000;0,03796000;144,57000000;144,59000000
18/06/2025;482;A;GEL;1,99250000;2,03560000;2,69600000;2,75400000
18/06/2025;490;A;ALL;0,06424000;0,06469000;84,84000000;85,42000000
18/06/2025;495;A;HNL;0,20940000;0,21090000;26,02130000;26,20000000
18/06/2025;500;A;SLL;0,00023950;0,00024190;22683,00000000;22908,00000000
18/06/2025;503;A;MDL;0,32090000;0,32280000;17,00000000;17,10000000
18/06/2025;506;A;RON;1,25660000;1,25730000;4,36470000;4,36680000
18/06/2025;510;A;BGN;3,22570000;3,22680000;1,70070000;1,70110000
18/06/2025;530;B;GIP;7,38590000;7,39220000;1,34600000;1,34700000
18/06/2025;535;A;EGP;0,10850000;0,10870000;50,47000000;50,57000000
18/06/2025;540;B;GBP;7,38970000;7,39280000;1,34670000;1,34710000
18/06/2025;545;B;FKP;7,38590000;7,39220000;1,34600000;1,34700000
18/06/2025;560;A;LBP;0,00006120;0,00006130;89500,00000000;89700,00000000
18/06/2025;570;B;SHP;7,38810000;7,39060000;1,34640000;1,34670000
18/06/2025;575;A;SYP;0,00042180;0,00042210;13000,00000000;13010,00000000
18/06/2025;585;A;SZL;0,30560000;0,30610000;17,92650000;17,95850000
18/06/2025;603;A;LSL;0,30580000;0,30630000;17,91720000;17,94460000
18/06/2025;608;A;TMT;1,56580000;1,57040000;3,49450000;3,50450000
18/06/2025;622;A;MZN;0,08505000;0,08677000;63,25000000;64,52000000
18/06/2025;625;A;ERN;0,36220000;0,36590000;15,00000000;15,15000000
18/06/2025;630;A;NGN;0,00354000;0,00355700;1542,69000000;1550,29000000
18/06/2025;635;A;AOA;0,00589900;0,00601800;911,95500000;930,24000000
18/06/2025;640;A;TWD;0,18560000;0,18580000;29,54100000;29,55900000
18/06/2025;642;A;TRY;0,13880000;0,13880000;39,52550000;39,52960000
18/06/2025;660;A;PEN;1,51790000;1,52020000;3,61000000;3,61500000
18/06/2025;665;A;BTN;0,06343000;0,06347000;86,45900000;86,51400000
18/06/2025;670;A;MRO;0,01529000;0,01542000;356,00000000;359,00000000
18/06/2025;671;A;MRU;0,13850000;0,13890000;39,50000000;39,61800000
18/06/2025;680;B;TOP;2,26130000;2,39880000;0,41210000;0,43710000
18/06/2025;685;A;MOP;0,67580000;0,67960000;8,07500000;8,12000000
18/06/2025;706;A;ARS;0,00479700;0,00480000;1143,39000000;1144,01000000
18/06/2025;715;A;CLP;0,00581100;0,00581800;943,34000000;944,31000000
18/06/2025;720;A;COP;0,00134900;0,00135000;4066,75000000;4067,75000000
18/06/2025;721;B;COU;0,50100000;0,50100000;0,09130000;0,09130000
18/06/2025;725;A;CUP;0,22860000;0,22870000;24,00000000;24,00000000
18/06/2025;730;A;DOP;0,09184000;0,09302000;59,00000000;59,75000000
18/06/2025;735;A;PHP;0,09590000;0,09611000;57,10100000;57,21900000
18/06/2025;741;A;MXN;0,28860000;0,28870000;19,00700000;19,01110000
18/06/2025;745;A;UYU;0,13410000;0,13420000;40,90000000;40,93000000
18/06/2025;755;B;BWP;0,40660000;0,41100000;0,07410000;0,07490000
18/06/2025;760;A;MWK;0,00313500;0,00319600;1717,02000000;1750,32000000
18/06/2025;766;A;ZMW;0,22910000;0,22960000;23,90000000;23,95000000
18/06/2025;770;A;GTQ;0,71300000;0,71490000;7,67600000;7,69600000
18/06/2025;775;A;MMK;0,00260500;0,00262100;2093,70000000;2106,30000000
18/06/2025;778;B;PGK;1,28790000;1,38130000;0,23470000;0,25170000
18/06/2025;780;A;LAK;0,00025270;0,00025580;21450,00000000;21715,00000000
18/06/2025;785;A;ZAR;0,30580000;0,30590000;17,94100000;17,94670000
18/06/2025;795;A;CNY;0,76320000;0,76340000;7,18880000;7,19000000
18/06/2025;796;A;CNH;0,76290000;0,76300000;7,19230000;7,19240000
18/06/2025;800;A;QAR;1,50370000;1,50720000;3,64110000;3,64910000
18/06/2025;805;A;OMR;14,24900000;14,25800000;0,38490000;0,38510000
18/06/2025;810;A;YER;0,02259000;0,02264000;242,45000000;242,95000000
18/06/2025;815;A;IRR;0,00013000;0,00013060;42025,00000000;42200,00000000
18/06/2025;820;A;SAR;1,46250000;1,46280000;3,75170000;3,75210000
18/06/2025;825;A;KHR;0,00135800;0,00137400;3995,00000000;4040,00000000
18/06/2025;828;A;MYR;1,29020000;1,29190000;4,24800000;4,25300000
18/06/2025;830;A;RUB;0,06979000;0,06980000;78,62050000;78,62950000
18/06/2025;831;A;BYN;1,67340000;1,68030000;3,26610000;3,27910000
18/06/2025;835;A;TJS;0,55150000;0,56230000;9,76000000;9,95000000
18/06/2025;840;A;MUR;0,12030000;0,12110000;45,30000000;45,60000000
18/06/2025;845;A;NPR;0,03965000;0,03966000;138,36000000;138,38000000
18/06/2025;850;A;SCR;0,37080000;0,38110000;14,40000000;14,80000000
18/06/2025;855;A;LKR;0,01825000;0,01827000;300,40000000;300,60000000
18/06/2025;860;A;INR;0,06347000;0,06352000;86,40200000;86,45700000
18/06/2025;865;A;IDR;0,00033650;0,00033680;16295,00000000;16305,00000000
18/06/2025;870;A;MVR;0,35400000;0,35590000;15,42000000;15,50000000
18/06/2025;875;A;PKR;0,01935000;0,01939000;283,10000000;283,60000000
18/06/2025;880;A;ILS;1,57700000;1,58080000;3,47150000;3,47950000
18/06/2025;892;A;KGS;0,06271000;0,06275000;87,45000000;87,50430000
18/06/2025;893;A;UZS;0,00042920;0,00043380;12650,00000000;12785,00000000
18/06/2025;905;A;BDT;0,04468000;0,04506000;121,80000000;122,80000000
18/06/2025;912;B;WST;2,02480000;2,11830000;0,36900000;0,38600000
18/06/2025;913;A;KZT;0,01055000;0,01057000;519,25000000;520,20000000
18/06/2025;915;A;MNT;0,00152600;0,00153500;3575,00000000;3595,00000000
18/06/2025;920;A;VUV;0,04461000;0,04691000;117,00000000;123,00000000
18/06/2025;930;A;KRW;0,00399700;0,00400000;1372,13000000;1372,74000000
18/06/2025;946;A;TZS;0,00208600;0,00211100;2600,00000000;2630,00000000
18/06/2025;950;A;KES;0,04241000;0,04254000;129,00000000;129,40000000
18/06/2025;955;A;UGX;0,00152200;0,00152600;3596,00000000;3606,00000000
18/06/2025;960;A;SOS;0,00954300;0,00966200;568,00000000;575,00000000
18/06/2025;975;A;PLN;1,47850000;1,47910000;3,71040000;3,71130000
18/06/2025;978;B;EUR;6,32080000;6,32260000;1,15190000;1,15210000
18/06/2025;998;A;XAU;598,52750000;598,59290000;0,00916800;0,00916800

[2025-07-07T15:13:21.129+0000] {taskinstance.py:441} INFO - ::group::Post task execution logs
[2025-07-07T15:13:21.177+0000] {taskinstance.py:1206} INFO - Marking task as SUCCESS. dag_id=fin_cotacoes_bcb_classic, task_id=extract, run_id=scheduled__2025-06-18T00:00:00+00:00, execution_date=20250618T000000, start_date=20250707T151319, end_date=20250707T151321
[2025-07-07T15:13:21.226+0000] {local_task_job_runner.py:240} INFO - Task exited with return code 0
[2025-07-07T15:13:21.400+0000] {taskinstance.py:3503} INFO - 1 downstream tasks scheduled from follow-on schedule check
[2025-07-07T15:13:21.412+0000] {local_task_job_runner.py:222} INFO - ::endgroup::
