[2025-07-06T18:07:25.831+0000] {local_task_job_runner.py:120} INFO - ::group::Pre task execution logs
[2025-07-06T18:07:25.885+0000] {taskinstance.py:2076} INFO - Dependencies all met for dep_context=non-requeueable deps ti=<TaskInstance: fin_cotacoes_bcb_classic.extract scheduled__2024-06-02T00:00:00+00:00 [queued]>
[2025-07-06T18:07:25.895+0000] {taskinstance.py:2076} INFO - Dependencies all met for dep_context=requeueable deps ti=<TaskInstance: fin_cotacoes_bcb_classic.extract scheduled__2024-06-02T00:00:00+00:00 [queued]>
[2025-07-06T18:07:25.895+0000] {taskinstance.py:2306} INFO - Starting attempt 1 of 2
[2025-07-06T18:07:25.914+0000] {taskinstance.py:2330} INFO - Executing <Task(PythonOperator): extract> on 2024-06-02 00:00:00+00:00
[2025-07-06T18:07:25.926+0000] {logging_mixin.py:188} WARNING - /home/***/.local/lib/python3.12/site-packages/***/task/task_runner/standard_task_runner.py:61 DeprecationWarning: This process (pid=5218) is multi-threaded, use of fork() may lead to deadlocks in the child.
[2025-07-06T18:07:25.927+0000] {standard_task_runner.py:63} INFO - Started process 5240 to run task
[2025-07-06T18:07:25.927+0000] {standard_task_runner.py:90} INFO - Running: ['***', 'tasks', 'run', 'fin_cotacoes_bcb_classic', 'extract', 'scheduled__2024-06-02T00:00:00+00:00', '--job-id', '597', '--raw', '--subdir', 'DAGS_FOLDER/cotacoes.py', '--cfg-path', '/tmp/tmp435qvfxh']
[2025-07-06T18:07:25.929+0000] {standard_task_runner.py:91} INFO - Job 597: Subtask extract
[2025-07-06T18:07:25.997+0000] {task_command.py:426} INFO - Running <TaskInstance: fin_cotacoes_bcb_classic.extract scheduled__2024-06-02T00:00:00+00:00 [running]> on host 20adb53d65c4
[2025-07-06T18:07:26.152+0000] {taskinstance.py:2648} INFO - Exporting env vars: AIRFLOW_CTX_DAG_OWNER='***' AIRFLOW_CTX_DAG_ID='fin_cotacoes_bcb_classic' AIRFLOW_CTX_TASK_ID='extract' AIRFLOW_CTX_EXECUTION_DATE='2024-06-02T00:00:00+00:00' AIRFLOW_CTX_TRY_NUMBER='1' AIRFLOW_CTX_DAG_RUN_ID='scheduled__2024-06-02T00:00:00+00:00'
[2025-07-06T18:07:26.153+0000] {taskinstance.py:430} INFO - ::endgroup::
[2025-07-06T18:07:26.154+0000] {cotacoes.py:37} INFO - Iniciando extração da URL: https://www4.bcb.gov.br/Download/fechamento/20240602.csv
[2025-07-06T18:07:26.731+0000] {cotacoes.py:46} ERROR - Erro ao acessar a URL: 404 Client Error: Not Found for url: https://www4.bcb.gov.br/Download/fechamento/20240602.csv
[2025-07-06T18:07:26.733+0000] {python.py:237} INFO - Done. Returned value was: None
[2025-07-06T18:07:26.735+0000] {taskinstance.py:441} INFO - ::group::Post task execution logs
[2025-07-06T18:07:26.745+0000] {taskinstance.py:1206} INFO - Marking task as SUCCESS. dag_id=fin_cotacoes_bcb_classic, task_id=extract, run_id=scheduled__2024-06-02T00:00:00+00:00, execution_date=20240602T000000, start_date=20250706T180725, end_date=20250706T180726
[2025-07-06T18:07:26.797+0000] {local_task_job_runner.py:240} INFO - Task exited with return code 0
[2025-07-06T18:07:26.806+0000] {logging_mixin.py:188} WARNING - /home/***/.local/lib/python3.12/site-packages/***/models/baseoperator.py:1297 AirflowProviderDeprecationWarning: Call to deprecated class PostgresOperator. (Please use `***.providers.common.sql.operators.sql.SQLExecuteQueryOperator`.Also, you can provide `hook_params={'schema': <database>}`.)
[2025-07-06T18:07:26.819+0000] {taskinstance.py:3503} INFO - 1 downstream tasks scheduled from follow-on schedule check
[2025-07-06T18:07:26.820+0000] {local_task_job_runner.py:222} INFO - ::endgroup::
[2025-07-07T15:05:44.201+0000] {local_task_job_runner.py:120} INFO - ::group::Pre task execution logs
[2025-07-07T15:05:44.269+0000] {taskinstance.py:2076} INFO - Dependencies all met for dep_context=non-requeueable deps ti=<TaskInstance: fin_cotacoes_bcb_classic.extract scheduled__2024-06-02T00:00:00+00:00 [queued]>
[2025-07-07T15:05:44.287+0000] {taskinstance.py:2076} INFO - Dependencies all met for dep_context=requeueable deps ti=<TaskInstance: fin_cotacoes_bcb_classic.extract scheduled__2024-06-02T00:00:00+00:00 [queued]>
[2025-07-07T15:05:44.287+0000] {taskinstance.py:2306} INFO - Starting attempt 1 of 2
[2025-07-07T15:05:44.307+0000] {taskinstance.py:2330} INFO - Executing <Task(PythonOperator): extract> on 2024-06-02 00:00:00+00:00
[2025-07-07T15:05:44.326+0000] {logging_mixin.py:188} WARNING - /home/***/.local/lib/python3.12/site-packages/***/task/task_runner/standard_task_runner.py:61 DeprecationWarning: This process (pid=97361) is multi-threaded, use of fork() may lead to deadlocks in the child.
[2025-07-07T15:05:44.327+0000] {standard_task_runner.py:63} INFO - Started process 97385 to run task
[2025-07-07T15:05:44.331+0000] {standard_task_runner.py:90} INFO - Running: ['***', 'tasks', 'run', 'fin_cotacoes_bcb_classic', 'extract', 'scheduled__2024-06-02T00:00:00+00:00', '--job-id', '3206', '--raw', '--subdir', 'DAGS_FOLDER/cotacoes.py', '--cfg-path', '/tmp/tmpj7d034v_']
[2025-07-07T15:05:44.338+0000] {standard_task_runner.py:91} INFO - Job 3206: Subtask extract
[2025-07-07T15:05:44.550+0000] {task_command.py:426} INFO - Running <TaskInstance: fin_cotacoes_bcb_classic.extract scheduled__2024-06-02T00:00:00+00:00 [running]> on host bc96ca91d307
[2025-07-07T15:05:44.791+0000] {taskinstance.py:2648} INFO - Exporting env vars: AIRFLOW_CTX_DAG_OWNER='***' AIRFLOW_CTX_DAG_ID='fin_cotacoes_bcb_classic' AIRFLOW_CTX_TASK_ID='extract' AIRFLOW_CTX_EXECUTION_DATE='2024-06-02T00:00:00+00:00' AIRFLOW_CTX_TRY_NUMBER='1' AIRFLOW_CTX_DAG_RUN_ID='scheduled__2024-06-02T00:00:00+00:00'
[2025-07-07T15:05:44.792+0000] {taskinstance.py:430} INFO - ::endgroup::
[2025-07-07T15:05:44.793+0000] {cotacoes.py:35} INFO - Iniciando extração da URL: https://www4.bcb.gov.br/Download/fechamento/20240602.csv
[2025-07-07T15:05:45.149+0000] {cotacoes.py:46} WARNING - Não foi possível extrair dados da URL (pode ser um dia sem cotação): 404 Client Error: Not Found for url: https://www4.bcb.gov.br/Download/fechamento/20240602.csv
[2025-07-07T15:05:45.151+0000] {python.py:237} INFO - Done. Returned value was: None
[2025-07-07T15:05:45.152+0000] {taskinstance.py:441} INFO - ::group::Post task execution logs
[2025-07-07T15:05:45.170+0000] {taskinstance.py:1206} INFO - Marking task as SUCCESS. dag_id=fin_cotacoes_bcb_classic, task_id=extract, run_id=scheduled__2024-06-02T00:00:00+00:00, execution_date=20240602T000000, start_date=20250707T150544, end_date=20250707T150545
[2025-07-07T15:05:45.242+0000] {local_task_job_runner.py:240} INFO - Task exited with return code 0
[2025-07-07T15:05:45.308+0000] {taskinstance.py:3503} INFO - 0 downstream tasks scheduled from follow-on schedule check
[2025-07-07T15:05:45.316+0000] {local_task_job_runner.py:222} INFO - ::endgroup::
