[2025-07-07T14:33:17.644+0000] {local_task_job_runner.py:120} INFO - ::group::Pre task execution logs
[2025-07-07T14:33:17.773+0000] {taskinstance.py:2076} INFO - Dependencies all met for dep_context=non-requeueable deps ti=<TaskInstance: fin_cotacoes_bcb_classic.transform_and_load scheduled__2025-01-23T00:00:00+00:00 [queued]>
[2025-07-07T14:33:17.802+0000] {taskinstance.py:2076} INFO - Dependencies all met for dep_context=requeueable deps ti=<TaskInstance: fin_cotacoes_bcb_classic.transform_and_load scheduled__2025-01-23T00:00:00+00:00 [queued]>
[2025-07-07T14:33:17.802+0000] {taskinstance.py:2306} INFO - Starting attempt 1 of 2
[2025-07-07T14:33:18.136+0000] {taskinstance.py:2330} INFO - Executing <Task(PythonOperator): transform_and_load> on 2025-01-23 00:00:00+00:00
[2025-07-07T14:33:18.179+0000] {standard_task_runner.py:90} INFO - Running: ['***', 'tasks', 'run', 'fin_cotacoes_bcb_classic', 'transform_and_load', 'scheduled__2025-01-23T00:00:00+00:00', '--job-id', '2282', '--raw', '--subdir', 'DAGS_FOLDER/cotacoes.py', '--cfg-path', '/tmp/tmpwqp3ane4']
[2025-07-07T14:33:18.194+0000] {standard_task_runner.py:91} INFO - Job 2282: Subtask transform_and_load
[2025-07-07T14:33:18.190+0000] {logging_mixin.py:188} WARNING - /home/***/.local/lib/python3.12/site-packages/***/task/task_runner/standard_task_runner.py:61 DeprecationWarning: This process (pid=77541) is multi-threaded, use of fork() may lead to deadlocks in the child.
[2025-07-07T14:33:18.201+0000] {standard_task_runner.py:63} INFO - Started process 77584 to run task
[2025-07-07T14:33:18.333+0000] {task_command.py:426} INFO - Running <TaskInstance: fin_cotacoes_bcb_classic.transform_and_load scheduled__2025-01-23T00:00:00+00:00 [running]> on host bc96ca91d307
[2025-07-07T14:33:18.665+0000] {taskinstance.py:2648} INFO - Exporting env vars: AIRFLOW_CTX_DAG_OWNER='***' AIRFLOW_CTX_DAG_ID='fin_cotacoes_bcb_classic' AIRFLOW_CTX_TASK_ID='transform_and_load' AIRFLOW_CTX_EXECUTION_DATE='2025-01-23T00:00:00+00:00' AIRFLOW_CTX_TRY_NUMBER='1' AIRFLOW_CTX_DAG_RUN_ID='scheduled__2025-01-23T00:00:00+00:00'
[2025-07-07T14:33:18.666+0000] {taskinstance.py:430} INFO - ::endgroup::
[2025-07-07T14:33:18.684+0000] {cotacoes.py:91} WARNING - Nenhum dado recebido da tarefa de extração. Pulando transformação e carga.
[2025-07-07T14:33:18.684+0000] {python.py:237} INFO - Done. Returned value was: None
[2025-07-07T14:33:18.684+0000] {taskinstance.py:441} INFO - ::group::Post task execution logs
[2025-07-07T14:33:18.705+0000] {taskinstance.py:1206} INFO - Marking task as SUCCESS. dag_id=fin_cotacoes_bcb_classic, task_id=transform_and_load, run_id=scheduled__2025-01-23T00:00:00+00:00, execution_date=20250123T000000, start_date=20250707T143317, end_date=20250707T143318
[2025-07-07T14:33:18.783+0000] {local_task_job_runner.py:240} INFO - Task exited with return code 0
[2025-07-07T14:33:18.870+0000] {taskinstance.py:3503} INFO - 0 downstream tasks scheduled from follow-on schedule check
[2025-07-07T14:33:18.878+0000] {local_task_job_runner.py:222} INFO - ::endgroup::
[2025-07-07T15:10:28.909+0000] {local_task_job_runner.py:120} INFO - ::group::Pre task execution logs
[2025-07-07T15:10:28.941+0000] {taskinstance.py:2076} INFO - Dependencies all met for dep_context=non-requeueable deps ti=<TaskInstance: fin_cotacoes_bcb_classic.transform_and_load scheduled__2025-01-23T00:00:00+00:00 [queued]>
[2025-07-07T15:10:28.949+0000] {taskinstance.py:2076} INFO - Dependencies all met for dep_context=requeueable deps ti=<TaskInstance: fin_cotacoes_bcb_classic.transform_and_load scheduled__2025-01-23T00:00:00+00:00 [queued]>
[2025-07-07T15:10:28.949+0000] {taskinstance.py:2306} INFO - Starting attempt 1 of 2
[2025-07-07T15:10:28.960+0000] {taskinstance.py:2330} INFO - Executing <Task(PythonOperator): transform_and_load> on 2025-01-23 00:00:00+00:00
[2025-07-07T15:10:28.970+0000] {logging_mixin.py:188} WARNING - /home/***/.local/lib/python3.12/site-packages/***/task/task_runner/standard_task_runner.py:61 DeprecationWarning: This process (pid=102021) is multi-threaded, use of fork() may lead to deadlocks in the child.
[2025-07-07T15:10:28.970+0000] {standard_task_runner.py:90} INFO - Running: ['***', 'tasks', 'run', 'fin_cotacoes_bcb_classic', 'transform_and_load', 'scheduled__2025-01-23T00:00:00+00:00', '--job-id', '3932', '--raw', '--subdir', 'DAGS_FOLDER/cotacoes.py', '--cfg-path', '/tmp/tmptuh9u51n']
[2025-07-07T15:10:28.971+0000] {standard_task_runner.py:91} INFO - Job 3932: Subtask transform_and_load
[2025-07-07T15:10:28.971+0000] {standard_task_runner.py:63} INFO - Started process 102057 to run task
[2025-07-07T15:10:29.017+0000] {task_command.py:426} INFO - Running <TaskInstance: fin_cotacoes_bcb_classic.transform_and_load scheduled__2025-01-23T00:00:00+00:00 [running]> on host bc96ca91d307
[2025-07-07T15:10:29.096+0000] {taskinstance.py:2648} INFO - Exporting env vars: AIRFLOW_CTX_DAG_OWNER='***' AIRFLOW_CTX_DAG_ID='fin_cotacoes_bcb_classic' AIRFLOW_CTX_TASK_ID='transform_and_load' AIRFLOW_CTX_EXECUTION_DATE='2025-01-23T00:00:00+00:00' AIRFLOW_CTX_TRY_NUMBER='1' AIRFLOW_CTX_DAG_RUN_ID='scheduled__2025-01-23T00:00:00+00:00'
[2025-07-07T15:10:29.097+0000] {taskinstance.py:430} INFO - ::endgroup::
[2025-07-07T15:10:29.117+0000] {logging_mixin.py:188} WARNING - /opt/***/dags/cotacoes.py:104 UserWarning: Parsing dates in %d/%m/%Y format when dayfirst=False (the default) was specified. Pass `dayfirst=True` or specify a format to silence this warning.
[2025-07-07T15:10:29.122+0000] {cotacoes.py:109} INFO - DataFrame transformado com 156 linhas.
[2025-07-07T15:10:29.131+0000] {base.py:84} INFO - Using connection ID '***-postgres' for task execution.
[2025-07-07T15:10:29.142+0000] {base.py:84} INFO - Using connection ID '***-postgres' for task execution.
[2025-07-07T15:10:29.177+0000] {sql.py:598} INFO - Loaded 156 rows into cotacoes so far
[2025-07-07T15:10:29.178+0000] {sql.py:611} INFO - Done loading. Loaded a total of 156 rows into cotacoes
[2025-07-07T15:10:29.178+0000] {cotacoes.py:124} INFO - Carregados/Atualizados 156 registros na tabela cotacoes.
[2025-07-07T15:10:29.178+0000] {python.py:237} INFO - Done. Returned value was: None
[2025-07-07T15:10:29.179+0000] {taskinstance.py:441} INFO - ::group::Post task execution logs
[2025-07-07T15:10:29.189+0000] {taskinstance.py:1206} INFO - Marking task as SUCCESS. dag_id=fin_cotacoes_bcb_classic, task_id=transform_and_load, run_id=scheduled__2025-01-23T00:00:00+00:00, execution_date=20250123T000000, start_date=20250707T151028, end_date=20250707T151029
[2025-07-07T15:10:29.225+0000] {local_task_job_runner.py:240} INFO - Task exited with return code 0
[2025-07-07T15:10:29.247+0000] {taskinstance.py:3503} INFO - 0 downstream tasks scheduled from follow-on schedule check
[2025-07-07T15:10:29.248+0000] {local_task_job_runner.py:222} INFO - ::endgroup::
