[2025-07-07T14:34:54.884+0000] {local_task_job_runner.py:120} INFO - ::group::Pre task execution logs
[2025-07-07T14:34:54.997+0000] {taskinstance.py:2076} INFO - Dependencies all met for dep_context=non-requeueable deps ti=<TaskInstance: fin_cotacoes_bcb_classic.create_table_postgres scheduled__2025-04-25T00:00:00+00:00 [queued]>
[2025-07-07T14:34:55.032+0000] {taskinstance.py:2076} INFO - Dependencies all met for dep_context=requeueable deps ti=<TaskInstance: fin_cotacoes_bcb_classic.create_table_postgres scheduled__2025-04-25T00:00:00+00:00 [queued]>
[2025-07-07T14:34:55.032+0000] {taskinstance.py:2306} INFO - Starting attempt 1 of 2
[2025-07-07T14:34:55.296+0000] {taskinstance.py:2330} INFO - Executing <Task(SQLExecuteQueryOperator): create_table_postgres> on 2025-04-25 00:00:00+00:00
[2025-07-07T14:34:55.319+0000] {standard_task_runner.py:90} INFO - Running: ['***', 'tasks', 'run', 'fin_cotacoes_bcb_classic', 'create_table_postgres', 'scheduled__2025-04-25T00:00:00+00:00', '--job-id', '2522', '--raw', '--subdir', 'DAGS_FOLDER/cotacoes.py', '--cfg-path', '/tmp/tmpc6zqgiuf']
[2025-07-07T14:34:55.332+0000] {standard_task_runner.py:91} INFO - Job 2522: Subtask create_table_postgres
[2025-07-07T14:34:55.346+0000] {logging_mixin.py:188} WARNING - /home/***/.local/lib/python3.12/site-packages/***/task/task_runner/standard_task_runner.py:61 DeprecationWarning: This process (pid=79080) is multi-threaded, use of fork() may lead to deadlocks in the child.
[2025-07-07T14:34:55.347+0000] {standard_task_runner.py:63} INFO - Started process 79137 to run task
[2025-07-07T14:34:55.494+0000] {task_command.py:426} INFO - Running <TaskInstance: fin_cotacoes_bcb_classic.create_table_postgres scheduled__2025-04-25T00:00:00+00:00 [running]> on host bc96ca91d307
[2025-07-07T14:34:55.829+0000] {taskinstance.py:2648} INFO - Exporting env vars: AIRFLOW_CTX_DAG_OWNER='***' AIRFLOW_CTX_DAG_ID='fin_cotacoes_bcb_classic' AIRFLOW_CTX_TASK_ID='create_table_postgres' AIRFLOW_CTX_EXECUTION_DATE='2025-04-25T00:00:00+00:00' AIRFLOW_CTX_TRY_NUMBER='1' AIRFLOW_CTX_DAG_RUN_ID='scheduled__2025-04-25T00:00:00+00:00'
[2025-07-07T14:34:55.831+0000] {taskinstance.py:430} INFO - ::endgroup::
[2025-07-07T14:34:55.831+0000] {sql.py:276} INFO - Executing: 
CREATE TABLE IF NOT EXISTS cotacoes (
    dt_fechamento DATE,
    cod_moeda TEXT,
    tipo_moeda TEXT,
    desc_moeda TEXT,
    taxa_compra REAL,
    taxa_venda REAL,
    paridade_compra REAL,
    paridade_venda REAL,
    data_processamento TIMESTAMP,
    CONSTRAINT table_pk PRIMARY KEY (dt_fechamento, cod_moeda)
);
[2025-07-07T14:34:55.855+0000] {base.py:84} INFO - Using connection ID '***-postgres' for task execution.
[2025-07-07T14:34:55.876+0000] {base.py:84} INFO - Using connection ID '***-postgres' for task execution.
[2025-07-07T14:34:55.883+0000] {sql.py:487} INFO - Running statement: 
CREATE TABLE IF NOT EXISTS cotacoes (
    dt_fechamento DATE,
    cod_moeda TEXT,
    tipo_moeda TEXT,
    desc_moeda TEXT,
    taxa_compra REAL,
    taxa_venda REAL,
    paridade_compra REAL,
    paridade_venda REAL,
    data_processamento TIMESTAMP,
    CONSTRAINT table_pk PRIMARY KEY (dt_fechamento, cod_moeda)
);, parameters: None
[2025-07-07T14:34:55.890+0000] {taskinstance.py:441} INFO - ::group::Post task execution logs
[2025-07-07T14:34:55.908+0000] {taskinstance.py:1206} INFO - Marking task as SUCCESS. dag_id=fin_cotacoes_bcb_classic, task_id=create_table_postgres, run_id=scheduled__2025-04-25T00:00:00+00:00, execution_date=20250425T000000, start_date=20250707T143454, end_date=20250707T143455
[2025-07-07T14:34:55.969+0000] {local_task_job_runner.py:240} INFO - Task exited with return code 0
[2025-07-07T14:34:56.086+0000] {taskinstance.py:3503} INFO - 0 downstream tasks scheduled from follow-on schedule check
[2025-07-07T14:34:56.092+0000] {local_task_job_runner.py:222} INFO - ::endgroup::
[2025-07-07T15:12:10.808+0000] {local_task_job_runner.py:120} INFO - ::group::Pre task execution logs
[2025-07-07T15:12:10.900+0000] {taskinstance.py:2076} INFO - Dependencies all met for dep_context=non-requeueable deps ti=<TaskInstance: fin_cotacoes_bcb_classic.create_table_postgres scheduled__2025-04-25T00:00:00+00:00 [queued]>
[2025-07-07T15:12:10.911+0000] {taskinstance.py:2076} INFO - Dependencies all met for dep_context=requeueable deps ti=<TaskInstance: fin_cotacoes_bcb_classic.create_table_postgres scheduled__2025-04-25T00:00:00+00:00 [queued]>
[2025-07-07T15:12:10.911+0000] {taskinstance.py:2306} INFO - Starting attempt 1 of 2
[2025-07-07T15:12:10.948+0000] {taskinstance.py:2330} INFO - Executing <Task(SQLExecuteQueryOperator): create_table_postgres> on 2025-04-25 00:00:00+00:00
[2025-07-07T15:12:10.969+0000] {logging_mixin.py:188} WARNING - /home/***/.local/lib/python3.12/site-packages/***/task/task_runner/standard_task_runner.py:61 DeprecationWarning: This process (pid=103719) is multi-threaded, use of fork() may lead to deadlocks in the child.
[2025-07-07T15:12:10.968+0000] {standard_task_runner.py:90} INFO - Running: ['***', 'tasks', 'run', 'fin_cotacoes_bcb_classic', 'create_table_postgres', 'scheduled__2025-04-25T00:00:00+00:00', '--job-id', '4189', '--raw', '--subdir', 'DAGS_FOLDER/cotacoes.py', '--cfg-path', '/tmp/tmp2hxly2i5']
[2025-07-07T15:12:10.970+0000] {standard_task_runner.py:91} INFO - Job 4189: Subtask create_table_postgres
[2025-07-07T15:12:10.970+0000] {standard_task_runner.py:63} INFO - Started process 103784 to run task
[2025-07-07T15:12:11.055+0000] {task_command.py:426} INFO - Running <TaskInstance: fin_cotacoes_bcb_classic.create_table_postgres scheduled__2025-04-25T00:00:00+00:00 [running]> on host bc96ca91d307
[2025-07-07T15:12:11.293+0000] {taskinstance.py:2648} INFO - Exporting env vars: AIRFLOW_CTX_DAG_OWNER='***' AIRFLOW_CTX_DAG_ID='fin_cotacoes_bcb_classic' AIRFLOW_CTX_TASK_ID='create_table_postgres' AIRFLOW_CTX_EXECUTION_DATE='2025-04-25T00:00:00+00:00' AIRFLOW_CTX_TRY_NUMBER='1' AIRFLOW_CTX_DAG_RUN_ID='scheduled__2025-04-25T00:00:00+00:00'
[2025-07-07T15:12:11.294+0000] {taskinstance.py:430} INFO - ::endgroup::
[2025-07-07T15:12:11.294+0000] {sql.py:276} INFO - Executing: 
CREATE TABLE IF NOT EXISTS cotacoes (
    dt_fechamento DATE,
    cod_moeda TEXT,
    tipo_moeda TEXT,
    desc_moeda TEXT,
    taxa_compra REAL,
    taxa_venda REAL,
    paridade_compra REAL,
    paridade_venda REAL,
    data_processamento TIMESTAMP,
    CONSTRAINT table_pk PRIMARY KEY (dt_fechamento, cod_moeda)
);
[2025-07-07T15:12:11.313+0000] {base.py:84} INFO - Using connection ID '***-postgres' for task execution.
[2025-07-07T15:12:11.325+0000] {base.py:84} INFO - Using connection ID '***-postgres' for task execution.
[2025-07-07T15:12:11.336+0000] {sql.py:487} INFO - Running statement: 
CREATE TABLE IF NOT EXISTS cotacoes (
    dt_fechamento DATE,
    cod_moeda TEXT,
    tipo_moeda TEXT,
    desc_moeda TEXT,
    taxa_compra REAL,
    taxa_venda REAL,
    paridade_compra REAL,
    paridade_venda REAL,
    data_processamento TIMESTAMP,
    CONSTRAINT table_pk PRIMARY KEY (dt_fechamento, cod_moeda)
);, parameters: None
[2025-07-07T15:12:11.340+0000] {taskinstance.py:441} INFO - ::group::Post task execution logs
[2025-07-07T15:12:11.357+0000] {taskinstance.py:1206} INFO - Marking task as SUCCESS. dag_id=fin_cotacoes_bcb_classic, task_id=create_table_postgres, run_id=scheduled__2025-04-25T00:00:00+00:00, execution_date=20250425T000000, start_date=20250707T151210, end_date=20250707T151211
[2025-07-07T15:12:11.413+0000] {local_task_job_runner.py:240} INFO - Task exited with return code 0
[2025-07-07T15:12:11.432+0000] {local_task_job_runner.py:222} INFO - ::endgroup::
