[2025-07-05T19:39:09.837+0000] {local_task_job_runner.py:120} INFO - ::group::Pre task execution logs
[2025-07-05T19:39:09.861+0000] {taskinstance.py:2076} INFO - Dependencies all met for dep_context=non-requeueable deps ti=<TaskInstance: fin_cotacoes_bcb_classic.transform scheduled__2024-02-02T00:00:00+00:00 [queued]>
[2025-07-05T19:39:09.866+0000] {taskinstance.py:2076} INFO - Dependencies all met for dep_context=requeueable deps ti=<TaskInstance: fin_cotacoes_bcb_classic.transform scheduled__2024-02-02T00:00:00+00:00 [queued]>
[2025-07-05T19:39:09.867+0000] {taskinstance.py:2306} INFO - Starting attempt 1 of 2
[2025-07-05T19:39:09.879+0000] {taskinstance.py:2330} INFO - Executing <Task(PythonOperator): transform> on 2024-02-02 00:00:00+00:00
[2025-07-05T19:39:09.890+0000] {logging_mixin.py:188} WARNING - /home/***/.local/lib/python3.12/site-packages/***/task/task_runner/standard_task_runner.py:61 DeprecationWarning: This process (pid=7060) is multi-threaded, use of fork() may lead to deadlocks in the child.
[2025-07-05T19:39:09.889+0000] {standard_task_runner.py:90} INFO - Running: ['***', 'tasks', 'run', 'fin_cotacoes_bcb_classic', 'transform', 'scheduled__2024-02-02T00:00:00+00:00', '--job-id', '235', '--raw', '--subdir', 'DAGS_FOLDER/cotacoes.py', '--cfg-path', '/tmp/tmpq5ejms12']
[2025-07-05T19:39:09.890+0000] {standard_task_runner.py:91} INFO - Job 235: Subtask transform
[2025-07-05T19:39:09.890+0000] {standard_task_runner.py:63} INFO - Started process 7110 to run task
[2025-07-05T19:39:09.932+0000] {task_command.py:426} INFO - Running <TaskInstance: fin_cotacoes_bcb_classic.transform scheduled__2024-02-02T00:00:00+00:00 [running]> on host 20adb53d65c4
[2025-07-05T19:39:10.002+0000] {taskinstance.py:2648} INFO - Exporting env vars: AIRFLOW_CTX_DAG_OWNER='***' AIRFLOW_CTX_DAG_ID='fin_cotacoes_bcb_classic' AIRFLOW_CTX_TASK_ID='transform' AIRFLOW_CTX_EXECUTION_DATE='2024-02-02T00:00:00+00:00' AIRFLOW_CTX_TRY_NUMBER='1' AIRFLOW_CTX_DAG_RUN_ID='scheduled__2024-02-02T00:00:00+00:00'
[2025-07-05T19:39:10.003+0000] {taskinstance.py:430} INFO - ::endgroup::
[2025-07-05T19:39:10.004+0000] {taskinstance.py:441} INFO - ::group::Post task execution logs
[2025-07-05T19:39:10.004+0000] {taskinstance.py:2905} ERROR - Task failed with exception
Traceback (most recent call last):
  File "/home/airflow/.local/lib/python3.12/site-packages/airflow/models/taskinstance.py", line 465, in _execute_task
    result = _execute_callable(context=context, **execute_callable_kwargs)
             ^^^^^^^^^^^^^^^^^^^^^^^^^^^^^^^^^^^^^^^^^^^^^^^^^^^^^^^^^^^^^
  File "/home/airflow/.local/lib/python3.12/site-packages/airflow/models/taskinstance.py", line 432, in _execute_callable
    return execute_callable(context=context, **execute_callable_kwargs)
           ^^^^^^^^^^^^^^^^^^^^^^^^^^^^^^^^^^^^^^^^^^^^^^^^^^^^^^^^^^^^
  File "/home/airflow/.local/lib/python3.12/site-packages/airflow/models/baseoperator.py", line 401, in wrapper
    return func(self, *args, **kwargs)
           ^^^^^^^^^^^^^^^^^^^^^^^^^^^
  File "/home/airflow/.local/lib/python3.12/site-packages/airflow/operators/python.py", line 235, in execute
    return_value = self.execute_callable()
                   ^^^^^^^^^^^^^^^^^^^^^^^
  File "/home/airflow/.local/lib/python3.12/site-packages/airflow/operators/python.py", line 252, in execute_callable
    return self.python_callable(*self.op_args, **self.op_kwargs)
           ^^^^^^^^^^^^^^^^^^^^^^^^^^^^^^^^^^^^^^^^^^^^^^^^^^^^^
  File "/opt/airflow/dags/cotacoes.py", line 52, in transform
    cotacoes = kwargs['ti'].xcom_pull(task_id='extract')
               ^^^^^^^^^^^^^^^^^^^^^^^^^^^^^^^^^^^^^^^^^
  File "/home/airflow/.local/lib/python3.12/site-packages/airflow/utils/session.py", line 79, in wrapper
    return func(*args, session=session, **kwargs)
           ^^^^^^^^^^^^^^^^^^^^^^^^^^^^^^^^^^^^^^
TypeError: TaskInstance.xcom_pull() got an unexpected keyword argument 'task_id'
[2025-07-05T19:39:10.012+0000] {taskinstance.py:1206} INFO - Marking task as UP_FOR_RETRY. dag_id=fin_cotacoes_bcb_classic, task_id=transform, run_id=scheduled__2024-02-02T00:00:00+00:00, execution_date=20240202T000000, start_date=20250705T193909, end_date=20250705T193910
[2025-07-05T19:39:10.019+0000] {standard_task_runner.py:110} ERROR - Failed to execute job 235 for task transform (TaskInstance.xcom_pull() got an unexpected keyword argument 'task_id'; 7110)
[2025-07-05T19:39:10.064+0000] {local_task_job_runner.py:240} INFO - Task exited with return code 1
[2025-07-05T19:39:10.074+0000] {logging_mixin.py:188} WARNING - /home/***/.local/lib/python3.12/site-packages/***/models/baseoperator.py:1297 AirflowProviderDeprecationWarning: Call to deprecated class PostgresOperator. (Please use `***.providers.common.sql.operators.sql.SQLExecuteQueryOperator`.Also, you can provide `hook_params={'schema': <database>}`.)
[2025-07-05T19:39:10.089+0000] {taskinstance.py:3503} INFO - 0 downstream tasks scheduled from follow-on schedule check
[2025-07-05T19:39:10.090+0000] {local_task_job_runner.py:222} INFO - ::endgroup::
