[2025-07-05T19:39:22.870+0000] {local_task_job_runner.py:120} INFO - ::group::Pre task execution logs
[2025-07-05T19:39:22.959+0000] {taskinstance.py:2076} INFO - Dependencies all met for dep_context=non-requeueable deps ti=<TaskInstance: fin_cotacoes_bcb_classic.extract scheduled__2024-02-11T00:00:00+00:00 [queued]>
[2025-07-05T19:39:22.975+0000] {taskinstance.py:2076} INFO - Dependencies all met for dep_context=requeueable deps ti=<TaskInstance: fin_cotacoes_bcb_classic.extract scheduled__2024-02-11T00:00:00+00:00 [queued]>
[2025-07-05T19:39:22.975+0000] {taskinstance.py:2306} INFO - Starting attempt 1 of 2
[2025-07-05T19:39:23.162+0000] {taskinstance.py:2330} INFO - Executing <Task(PythonOperator): extract> on 2024-02-11 00:00:00+00:00
[2025-07-05T19:39:23.188+0000] {logging_mixin.py:188} WARNING - /home/***/.local/lib/python3.12/site-packages/***/task/task_runner/standard_task_runner.py:61 DeprecationWarning: This process (pid=7234) is multi-threaded, use of fork() may lead to deadlocks in the child.
[2025-07-05T19:39:23.185+0000] {standard_task_runner.py:90} INFO - Running: ['***', 'tasks', 'run', 'fin_cotacoes_bcb_classic', 'extract', 'scheduled__2024-02-11T00:00:00+00:00', '--job-id', '259', '--raw', '--subdir', 'DAGS_FOLDER/cotacoes.py', '--cfg-path', '/tmp/tmpex72r4_d']
[2025-07-05T19:39:23.195+0000] {standard_task_runner.py:63} INFO - Started process 7268 to run task
[2025-07-05T19:39:23.196+0000] {standard_task_runner.py:91} INFO - Job 259: Subtask extract
[2025-07-05T19:39:23.372+0000] {task_command.py:426} INFO - Running <TaskInstance: fin_cotacoes_bcb_classic.extract scheduled__2024-02-11T00:00:00+00:00 [running]> on host 20adb53d65c4
[2025-07-05T19:39:23.548+0000] {taskinstance.py:2648} INFO - Exporting env vars: AIRFLOW_CTX_DAG_OWNER='***' AIRFLOW_CTX_DAG_ID='fin_cotacoes_bcb_classic' AIRFLOW_CTX_TASK_ID='extract' AIRFLOW_CTX_EXECUTION_DATE='2024-02-11T00:00:00+00:00' AIRFLOW_CTX_TRY_NUMBER='1' AIRFLOW_CTX_DAG_RUN_ID='scheduled__2024-02-11T00:00:00+00:00'
[2025-07-05T19:39:23.551+0000] {taskinstance.py:430} INFO - ::endgroup::
[2025-07-05T19:39:23.556+0000] {cotacoes.py:32} WARNING - https://www4.bcb.gov.br/Download/fechamento/20240211.csv
[2025-07-05T19:39:23.807+0000] {python.py:237} INFO - Done. Returned value was: None
[2025-07-05T19:39:23.816+0000] {taskinstance.py:441} INFO - ::group::Post task execution logs
[2025-07-05T19:39:23.829+0000] {taskinstance.py:1206} INFO - Marking task as SUCCESS. dag_id=fin_cotacoes_bcb_classic, task_id=extract, run_id=scheduled__2024-02-11T00:00:00+00:00, execution_date=20240211T000000, start_date=20250705T193922, end_date=20250705T193923
[2025-07-05T19:39:24.184+0000] {local_task_job_runner.py:240} INFO - Task exited with return code 0
[2025-07-05T19:39:24.206+0000] {logging_mixin.py:188} WARNING - /home/***/.local/lib/python3.12/site-packages/***/models/baseoperator.py:1297 AirflowProviderDeprecationWarning: Call to deprecated class PostgresOperator. (Please use `***.providers.common.sql.operators.sql.SQLExecuteQueryOperator`.Also, you can provide `hook_params={'schema': <database>}`.)
[2025-07-05T19:39:24.265+0000] {taskinstance.py:3503} INFO - 1 downstream tasks scheduled from follow-on schedule check
[2025-07-05T19:39:24.269+0000] {local_task_job_runner.py:222} INFO - ::endgroup::
[2025-07-07T15:03:36.396+0000] {local_task_job_runner.py:120} INFO - ::group::Pre task execution logs
[2025-07-07T15:03:36.495+0000] {taskinstance.py:2076} INFO - Dependencies all met for dep_context=non-requeueable deps ti=<TaskInstance: fin_cotacoes_bcb_classic.extract scheduled__2024-02-11T00:00:00+00:00 [queued]>
[2025-07-07T15:03:36.518+0000] {taskinstance.py:2076} INFO - Dependencies all met for dep_context=requeueable deps ti=<TaskInstance: fin_cotacoes_bcb_classic.extract scheduled__2024-02-11T00:00:00+00:00 [queued]>
[2025-07-07T15:03:36.518+0000] {taskinstance.py:2306} INFO - Starting attempt 1 of 2
[2025-07-07T15:03:36.560+0000] {taskinstance.py:2330} INFO - Executing <Task(PythonOperator): extract> on 2024-02-11 00:00:00+00:00
[2025-07-07T15:03:36.599+0000] {logging_mixin.py:188} WARNING - /home/***/.local/lib/python3.12/site-packages/***/task/task_runner/standard_task_runner.py:61 DeprecationWarning: This process (pid=95273) is multi-threaded, use of fork() may lead to deadlocks in the child.
[2025-07-07T15:03:36.600+0000] {standard_task_runner.py:63} INFO - Started process 95345 to run task
[2025-07-07T15:03:36.594+0000] {standard_task_runner.py:90} INFO - Running: ['***', 'tasks', 'run', 'fin_cotacoes_bcb_classic', 'extract', 'scheduled__2024-02-11T00:00:00+00:00', '--job-id', '2883', '--raw', '--subdir', 'DAGS_FOLDER/cotacoes.py', '--cfg-path', '/tmp/tmptxg6b5mj']
[2025-07-07T15:03:36.614+0000] {standard_task_runner.py:91} INFO - Job 2883: Subtask extract
[2025-07-07T15:03:36.727+0000] {task_command.py:426} INFO - Running <TaskInstance: fin_cotacoes_bcb_classic.extract scheduled__2024-02-11T00:00:00+00:00 [running]> on host bc96ca91d307
[2025-07-07T15:03:36.967+0000] {taskinstance.py:2648} INFO - Exporting env vars: AIRFLOW_CTX_DAG_OWNER='***' AIRFLOW_CTX_DAG_ID='fin_cotacoes_bcb_classic' AIRFLOW_CTX_TASK_ID='extract' AIRFLOW_CTX_EXECUTION_DATE='2024-02-11T00:00:00+00:00' AIRFLOW_CTX_TRY_NUMBER='1' AIRFLOW_CTX_DAG_RUN_ID='scheduled__2024-02-11T00:00:00+00:00'
[2025-07-07T15:03:36.969+0000] {taskinstance.py:430} INFO - ::endgroup::
[2025-07-07T15:03:36.970+0000] {cotacoes.py:35} INFO - Iniciando extração da URL: https://www4.bcb.gov.br/Download/fechamento/20240211.csv
[2025-07-07T15:03:37.238+0000] {cotacoes.py:46} WARNING - Não foi possível extrair dados da URL (pode ser um dia sem cotação): 404 Client Error: Not Found for url: https://www4.bcb.gov.br/Download/fechamento/20240211.csv
[2025-07-07T15:03:37.240+0000] {python.py:237} INFO - Done. Returned value was: None
[2025-07-07T15:03:37.241+0000] {taskinstance.py:441} INFO - ::group::Post task execution logs
[2025-07-07T15:03:37.259+0000] {taskinstance.py:1206} INFO - Marking task as SUCCESS. dag_id=fin_cotacoes_bcb_classic, task_id=extract, run_id=scheduled__2024-02-11T00:00:00+00:00, execution_date=20240211T000000, start_date=20250707T150336, end_date=20250707T150337
[2025-07-07T15:03:37.451+0000] {local_task_job_runner.py:240} INFO - Task exited with return code 0
[2025-07-07T15:03:37.570+0000] {taskinstance.py:3503} INFO - 1 downstream tasks scheduled from follow-on schedule check
[2025-07-07T15:03:37.581+0000] {local_task_job_runner.py:222} INFO - ::endgroup::
