[2025-07-06T18:57:23.146+0000] {local_task_job_runner.py:120} INFO - ::group::Pre task execution logs
[2025-07-06T18:57:23.241+0000] {taskinstance.py:2076} INFO - Dependencies all met for dep_context=non-requeueable deps ti=<TaskInstance: fin_cotacoes_bcb_classic.extract scheduled__2024-07-14T00:00:00+00:00 [queued]>
[2025-07-06T18:57:23.271+0000] {taskinstance.py:2076} INFO - Dependencies all met for dep_context=requeueable deps ti=<TaskInstance: fin_cotacoes_bcb_classic.extract scheduled__2024-07-14T00:00:00+00:00 [queued]>
[2025-07-06T18:57:23.274+0000] {taskinstance.py:2306} INFO - Starting attempt 1 of 2
[2025-07-06T18:57:23.350+0000] {taskinstance.py:2330} INFO - Executing <Task(PythonOperator): extract> on 2024-07-14 00:00:00+00:00
[2025-07-06T18:57:23.380+0000] {standard_task_runner.py:90} INFO - Running: ['***', 'tasks', 'run', 'fin_cotacoes_bcb_classic', 'extract', 'scheduled__2024-07-14T00:00:00+00:00', '--job-id', '738', '--raw', '--subdir', 'DAGS_FOLDER/cotacoes.py', '--cfg-path', '/tmp/tmpl5sxdm4h']
[2025-07-06T18:57:23.389+0000] {standard_task_runner.py:91} INFO - Job 738: Subtask extract
[2025-07-06T18:57:23.389+0000] {logging_mixin.py:188} WARNING - /home/***/.local/lib/python3.12/site-packages/***/task/task_runner/standard_task_runner.py:61 DeprecationWarning: This process (pid=5458) is multi-threaded, use of fork() may lead to deadlocks in the child.
[2025-07-06T18:57:23.393+0000] {standard_task_runner.py:63} INFO - Started process 5490 to run task
[2025-07-06T18:57:23.515+0000] {task_command.py:426} INFO - Running <TaskInstance: fin_cotacoes_bcb_classic.extract scheduled__2024-07-14T00:00:00+00:00 [running]> on host 20adb53d65c4
[2025-07-06T18:57:23.732+0000] {taskinstance.py:2648} INFO - Exporting env vars: AIRFLOW_CTX_DAG_OWNER='***' AIRFLOW_CTX_DAG_ID='fin_cotacoes_bcb_classic' AIRFLOW_CTX_TASK_ID='extract' AIRFLOW_CTX_EXECUTION_DATE='2024-07-14T00:00:00+00:00' AIRFLOW_CTX_TRY_NUMBER='1' AIRFLOW_CTX_DAG_RUN_ID='scheduled__2024-07-14T00:00:00+00:00'
[2025-07-06T18:57:23.734+0000] {taskinstance.py:430} INFO - ::endgroup::
[2025-07-06T18:57:23.734+0000] {cotacoes.py:37} INFO - Iniciando extração da URL: https://www4.bcb.gov.br/Download/fechamento/20240714.csv
[2025-07-06T18:57:24.190+0000] {cotacoes.py:46} ERROR - Erro ao acessar a URL: 404 Client Error: Not Found for url: https://www4.bcb.gov.br/Download/fechamento/20240714.csv
[2025-07-06T18:57:24.192+0000] {python.py:237} INFO - Done. Returned value was: None
[2025-07-06T18:57:24.207+0000] {taskinstance.py:441} INFO - ::group::Post task execution logs
[2025-07-06T18:57:24.247+0000] {taskinstance.py:1206} INFO - Marking task as SUCCESS. dag_id=fin_cotacoes_bcb_classic, task_id=extract, run_id=scheduled__2024-07-14T00:00:00+00:00, execution_date=20240714T000000, start_date=20250706T185723, end_date=20250706T185724
[2025-07-06T18:57:24.425+0000] {local_task_job_runner.py:240} INFO - Task exited with return code 0
[2025-07-06T18:57:24.461+0000] {logging_mixin.py:188} WARNING - /home/***/.local/lib/python3.12/site-packages/***/models/baseoperator.py:1297 AirflowProviderDeprecationWarning: Call to deprecated class PostgresOperator. (Please use `***.providers.common.sql.operators.sql.SQLExecuteQueryOperator`.Also, you can provide `hook_params={'schema': <database>}`.)
[2025-07-06T18:57:24.550+0000] {taskinstance.py:3503} INFO - 1 downstream tasks scheduled from follow-on schedule check
[2025-07-06T18:57:24.557+0000] {local_task_job_runner.py:222} INFO - ::endgroup::
[2025-07-07T15:06:41.841+0000] {local_task_job_runner.py:120} INFO - ::group::Pre task execution logs
[2025-07-07T15:06:42.027+0000] {taskinstance.py:2076} INFO - Dependencies all met for dep_context=non-requeueable deps ti=<TaskInstance: fin_cotacoes_bcb_classic.extract scheduled__2024-07-14T00:00:00+00:00 [queued]>
[2025-07-07T15:06:42.067+0000] {taskinstance.py:2076} INFO - Dependencies all met for dep_context=requeueable deps ti=<TaskInstance: fin_cotacoes_bcb_classic.extract scheduled__2024-07-14T00:00:00+00:00 [queued]>
[2025-07-07T15:06:42.068+0000] {taskinstance.py:2306} INFO - Starting attempt 1 of 2
[2025-07-07T15:06:42.558+0000] {taskinstance.py:2330} INFO - Executing <Task(PythonOperator): extract> on 2024-07-14 00:00:00+00:00
[2025-07-07T15:06:42.585+0000] {logging_mixin.py:188} WARNING - /home/***/.local/lib/python3.12/site-packages/***/task/task_runner/standard_task_runner.py:61 DeprecationWarning: This process (pid=98287) is multi-threaded, use of fork() may lead to deadlocks in the child.
[2025-07-07T15:06:42.582+0000] {standard_task_runner.py:90} INFO - Running: ['***', 'tasks', 'run', 'fin_cotacoes_bcb_classic', 'extract', 'scheduled__2024-07-14T00:00:00+00:00', '--job-id', '3341', '--raw', '--subdir', 'DAGS_FOLDER/cotacoes.py', '--cfg-path', '/tmp/tmpqugs7ekt']
[2025-07-07T15:06:42.590+0000] {standard_task_runner.py:91} INFO - Job 3341: Subtask extract
[2025-07-07T15:06:42.592+0000] {standard_task_runner.py:63} INFO - Started process 98340 to run task
[2025-07-07T15:06:42.699+0000] {task_command.py:426} INFO - Running <TaskInstance: fin_cotacoes_bcb_classic.extract scheduled__2024-07-14T00:00:00+00:00 [running]> on host bc96ca91d307
[2025-07-07T15:06:42.871+0000] {taskinstance.py:2648} INFO - Exporting env vars: AIRFLOW_CTX_DAG_OWNER='***' AIRFLOW_CTX_DAG_ID='fin_cotacoes_bcb_classic' AIRFLOW_CTX_TASK_ID='extract' AIRFLOW_CTX_EXECUTION_DATE='2024-07-14T00:00:00+00:00' AIRFLOW_CTX_TRY_NUMBER='1' AIRFLOW_CTX_DAG_RUN_ID='scheduled__2024-07-14T00:00:00+00:00'
[2025-07-07T15:06:42.872+0000] {taskinstance.py:430} INFO - ::endgroup::
[2025-07-07T15:06:42.873+0000] {cotacoes.py:35} INFO - Iniciando extração da URL: https://www4.bcb.gov.br/Download/fechamento/20240714.csv
[2025-07-07T15:06:43.103+0000] {cotacoes.py:46} WARNING - Não foi possível extrair dados da URL (pode ser um dia sem cotação): 404 Client Error: Not Found for url: https://www4.bcb.gov.br/Download/fechamento/20240714.csv
[2025-07-07T15:06:43.109+0000] {python.py:237} INFO - Done. Returned value was: None
[2025-07-07T15:06:43.110+0000] {taskinstance.py:441} INFO - ::group::Post task execution logs
[2025-07-07T15:06:43.132+0000] {taskinstance.py:1206} INFO - Marking task as SUCCESS. dag_id=fin_cotacoes_bcb_classic, task_id=extract, run_id=scheduled__2024-07-14T00:00:00+00:00, execution_date=20240714T000000, start_date=20250707T150642, end_date=20250707T150643
[2025-07-07T15:06:43.184+0000] {local_task_job_runner.py:240} INFO - Task exited with return code 0
[2025-07-07T15:06:43.256+0000] {taskinstance.py:3503} INFO - 1 downstream tasks scheduled from follow-on schedule check
[2025-07-07T15:06:43.260+0000] {local_task_job_runner.py:222} INFO - ::endgroup::
