[2025-07-06T19:55:23.758+0000] {local_task_job_runner.py:120} INFO - ::group::Pre task execution logs
[2025-07-06T19:55:23.802+0000] {taskinstance.py:2076} INFO - Dependencies all met for dep_context=non-requeueable deps ti=<TaskInstance: fin_cotacoes_bcb_classic.extract scheduled__2025-04-23T00:00:00+00:00 [queued]>
[2025-07-06T19:55:23.811+0000] {taskinstance.py:2076} INFO - Dependencies all met for dep_context=requeueable deps ti=<TaskInstance: fin_cotacoes_bcb_classic.extract scheduled__2025-04-23T00:00:00+00:00 [queued]>
[2025-07-06T19:55:23.812+0000] {taskinstance.py:2306} INFO - Starting attempt 1 of 2
[2025-07-06T19:55:23.824+0000] {taskinstance.py:2330} INFO - Executing <Task(PythonOperator): extract> on 2025-04-23 00:00:00+00:00
[2025-07-06T19:55:23.835+0000] {logging_mixin.py:188} WARNING - /home/***/.local/lib/python3.12/site-packages/***/task/task_runner/standard_task_runner.py:61 DeprecationWarning: This process (pid=14024) is multi-threaded, use of fork() may lead to deadlocks in the child.
[2025-07-06T19:55:23.835+0000] {standard_task_runner.py:90} INFO - Running: ['***', 'tasks', 'run', 'fin_cotacoes_bcb_classic', 'extract', 'scheduled__2025-04-23T00:00:00+00:00', '--job-id', '1264', '--raw', '--subdir', 'DAGS_FOLDER/cotacoes.py', '--cfg-path', '/tmp/tmpcyuoj2lb']
[2025-07-06T19:55:23.836+0000] {standard_task_runner.py:91} INFO - Job 1264: Subtask extract
[2025-07-06T19:55:23.836+0000] {standard_task_runner.py:63} INFO - Started process 14113 to run task
[2025-07-06T19:55:23.899+0000] {task_command.py:426} INFO - Running <TaskInstance: fin_cotacoes_bcb_classic.extract scheduled__2025-04-23T00:00:00+00:00 [running]> on host 20adb53d65c4
[2025-07-06T19:55:24.009+0000] {taskinstance.py:2648} INFO - Exporting env vars: AIRFLOW_CTX_DAG_OWNER='***' AIRFLOW_CTX_DAG_ID='fin_cotacoes_bcb_classic' AIRFLOW_CTX_TASK_ID='extract' AIRFLOW_CTX_EXECUTION_DATE='2025-04-23T00:00:00+00:00' AIRFLOW_CTX_TRY_NUMBER='1' AIRFLOW_CTX_DAG_RUN_ID='scheduled__2025-04-23T00:00:00+00:00'
[2025-07-06T19:55:24.010+0000] {taskinstance.py:430} INFO - ::endgroup::
[2025-07-06T19:55:24.011+0000] {cotacoes.py:37} INFO - Iniciando extração da URL: https://www4.bcb.gov.br/Download/fechamento/20250423.csv
[2025-07-06T19:55:24.180+0000] {cotacoes.py:43} INFO - Extração concluída com sucesso.
[2025-07-06T19:55:24.181+0000] {python.py:237} INFO - Done. Returned value was: 23/04/2025;005;A;AFN;0,08004000;0,08027000;70,86000000;71,06000000
23/04/2025;009;A;ETB;0,04189000;0,04350000;130,76730000;135,76730000
23/04/2025;015;A;THB;0,16950000;0,16960000;33,53000000;33,56000000
23/04/2025;020;A;PAB;5,68740000;5,68800000;1,00000000;1,00000000
23/04/2025;027;A;VES;0,06904000;0,06922000;82,17290000;82,37880000
23/04/2025;030;A;BOB;0,81130000;0,82920000;6,86000000;7,01000000
23/04/2025;035;A;GHS;0,37050000;0,37300000;15,25000000;15,35000000
23/04/2025;040;A;CRC;0,01123000;0,01137000;500,11000000;506,26000000
23/04/2025;045;A;SVC;0,64930000;0,65010000;8,74950000;8,75950000
23/04/2025;051;A;NIO;0,15370000;0,15540000;36,60000000;37,00000000
23/04/2025;055;A;DKK;0,86430000;0,86450000;6,57960000;6,58000000
23/04/2025;060;A;ISK;0,04450000;0,04460000;127,53000000;127,82000000
23/04/2025;065;A;NOK;0,54270000;0,54300000;10,47610000;10,47970000
23/04/2025;070;A;SEK;0,58810000;0,58940000;9,65050000;9,67030000
23/04/2025;075;A;CZK;0,25820000;0,25840000;22,01300000;22,02900000
23/04/2025;090;A;GMD;0,07791000;0,07856000;72,40000000;73,00000000
23/04/2025;095;A;DZD;0,04287000;0,04305000;132,11660000;132,66110000
23/04/2025;100;A;KWD;18,54390000;18,55790000;0,30650000;0,30670000
23/04/2025;105;A;BHD;15,08590000;15,09150000;0,37690000;0,37700000
23/04/2025;115;A;IQD;0,00433800;0,00434500;1309,00000000;1311,00000000
23/04/2025;125;A;JOD;8,01040000;8,03390000;0,70800000;0,71000000
23/04/2025;130;A;LYD;1,03830000;1,04370000;5,44970000;5,47740000
23/04/2025;132;A;MKD;0,10450000;0,10540000;53,98000000;54,42000000
23/04/2025;133;A;RSD;0,05500000;0,05511000;103,22000000;103,41000000
23/04/2025;134;A;SDG;0,00944500;0,00949900;598,80020000;602,14120000
23/04/2025;135;A;TND;1,89280000;1,90480000;2,98610000;3,00470000
23/04/2025;136;A;SSP;0,00124500;0,00128200;4437,53920000;4567,53920000
23/04/2025;138;B;SDR;7,71950000;7,72030000;1,35730000;1,35730000
23/04/2025;139;A;MAD;0,61160000;0,61270000;9,28410000;9,29910000
23/04/2025;145;A;AED;1,54840000;1,54860000;3,67290000;3,67320000
23/04/2025;149;A;STN;0,25820000;0,26350000;21,58400000;22,02640000
23/04/2025;150;B;AUD;3,62400000;3,62610000;0,63720000;0,63750000
23/04/2025;155;A;BSD;5,68740000;5,68800000;1,00000000;1,00000000
23/04/2025;160;A;BMD;5,68740000;5,68800000;1,00000000;1,00000000
23/04/2025;165;A;CAD;4,09310000;4,09390000;1,38940000;1,38950000
23/04/2025;170;A;GYD;0,02702000;0,02735000;207,98000000;210,45000000
23/04/2025;173;A;NAD;0,30510000;0,30520000;18,63570000;18,63860000
23/04/2025;175;A;BBD;2,78780000;2,84670000;1,99810000;2,04010000
23/04/2025;180;A;BZD;2,81950000;2,84370000;2,00020000;2,01720000
23/04/2025;185;A;BND;4,32530000;4,32610000;1,31480000;1,31490000
23/04/2025;190;A;KYD;6,81130000;6,87370000;0,82750000;0,83500000
23/04/2025;195;A;SGD;4,32530000;4,32610000;1,31480000;1,31490000
23/04/2025;197;B;CLF;236,19200000;236,21700000;41,52900000;41,52900000
23/04/2025;200;B;FJD;2,47690000;2,55450000;0,43550000;0,44910000
23/04/2025;205;A;HKD;0,73290000;0,73300000;7,75980000;7,75990000
23/04/2025;210;A;TTD;0,83320000;0,84340000;6,74390000;6,82600000
23/04/2025;215;A;XCD;2,09100000;2,11450000;2,69000000;2,72000000
23/04/2025;220;A;USD;5,68740000;5,68800000;1,00000000;1,00000000
23/04/2025;230;A;JMD;0,03570000;0,03611000;157,51000000;159,31000000
23/04/2025;235;A;LRD;0,02816000;0,02873000;198,00000000;202,00000000
23/04/2025;245;B;NZD;3,38800000;3,38950000;0,59570000;0,59590000
23/04/2025;250;B;SBD;0,63410000;0,70130000;0,11150000;0,12330000
23/04/2025;255;A;SRD;0,15370000;0,15630000;36,40000000;37,00000000
23/04/2025;260;A;VND;0,00021850;0,00021910;25965,00000000;26025,00000000
23/04/2025;275;A;AMD;0,01456000;0,01464000;388,56000000;390,56000000
23/04/2025;295;A;CVE;0,05800000;0,05857000;97,12000000;98,06000000
23/04/2025;325;A;ANG;3,12490000;3,18740000;1,78450000;1,82000000
23/04/2025;326;A;XCG;3,12490000;3,18740000;1,78450000;1,82000000
23/04/2025;328;A;AWG;3,09100000;3,19550000;1,78000000;1,84000000
23/04/2025;345;A;HUF;0,01578000;0,01579000;360,14000000;360,52000000
23/04/2025;363;A;CDF;0,00192800;0,00199300;2854,00000000;2950,00000000
23/04/2025;365;A;BIF;0,00188600;0,00194000;2932,05000000;3015,00000000
23/04/2025;368;A;KMF;0,01313000;0,01320000;431,07000000;433,07000000
23/04/2025;370;A;XAF;0,00956200;0,00984200;577,94000000;594,79000000
23/04/2025;372;A;XOF;0,00981900;0,00994000;572,25000000;579,25000000
23/04/2025;380;A;XPF;0,05377000;0,05427000;104,80000000;105,77000000
23/04/2025;390;A;DJF;0,03185000;0,03203000;177,60000000;178,55000000
23/04/2025;398;A;GNF;0,00065370;0,00066010;8617,00000000;8700,00000000
23/04/2025;406;A;MGA;0,00123900;0,00125600;4528,83000000;4590,51000000
23/04/2025;420;A;RWF;0,00401000;0,00405900;1401,29000000;1418,29000000
23/04/2025;425;A;CHF;6,87300000;6,87790000;0,82700000;0,82750000
23/04/2025;440;A;HTG;0,04347000;0,04371000;130,12450000;130,84220000
23/04/2025;450;A;PYG;0,00071030;0,00071080;8001,73000000;8006,92000000
23/04/2025;460;A;UAH;0,13620000;0,13620000;41,75000000;41,77000000
23/04/2025;470;A;JPY;0,03987000;0,03987000;142,65000000;142,66000000
23/04/2025;482;A;GEL;2,04800000;2,09350000;2,71700000;2,77700000
23/04/2025;490;A;ALL;0,06507000;0,06555000;86,78000000;87,40000000
23/04/2025;495;A;HNL;0,21710000;0,22180000;25,64890000;26,20000000
23/04/2025;500;A;SLL;0,00024830;0,00025080;22683,00000000;22908,00000000
23/04/2025;503;A;MDL;0,33260000;0,33460000;17,00000000;17,10000000
23/04/2025;506;A;RON;1,29650000;1,29730000;4,38450000;4,38670000
23/04/2025;510;A;BGN;3,29970000;3,30100000;1,72310000;1,72360000
23/04/2025;530;B;GIP;7,57560000;7,58210000;1,33200000;1,33300000
23/04/2025;535;A;EGP;0,11150000;0,11180000;50,89000000;50,99000000
23/04/2025;540;B;GBP;7,53690000;7,54060000;1,32520000;1,32570000
23/04/2025;545;B;FKP;7,57560000;7,58210000;1,33200000;1,33300000
23/04/2025;560;A;LBP;0,00006340;0,00006360;89500,00000000;89700,00000000
23/04/2025;570;B;SHP;7,53690000;7,53940000;1,32520000;1,32550000
23/04/2025;575;A;SYP;0,00043720;0,00043750;13000,00000000;13010,00000000
23/04/2025;585;A;SZL;0,30510000;0,30520000;18,63690000;18,63980000
23/04/2025;603;A;LSL;0,30510000;0,30520000;18,63690000;18,63980000
23/04/2025;608;A;TMT;1,62290000;1,62770000;3,49450000;3,50450000
23/04/2025;622;A;MZN;0,08812000;0,08990000;63,27000000;64,54000000
23/04/2025;625;A;ERN;0,37540000;0,37920000;15,00000000;15,15000000
23/04/2025;630;A;NGN;0,00353300;0,00354700;1603,76000000;1609,77000000
23/04/2025;635;A;AOA;0,00611400;0,00623700;912,00000000;930,24000000
23/04/2025;640;A;TWD;0,17460000;0,17470000;32,55200000;32,58200000
23/04/2025;642;A;TRY;0,14860000;0,14860000;38,27000000;38,28580000
23/04/2025;660;A;PEN;1,53840000;1,53900000;3,69600000;3,69700000
23/04/2025;665;A;BTN;0,06656000;0,06666000;85,33400000;85,44300000
23/04/2025;670;A;MRO;0,01584000;0,01598000;356,00000000;359,00000000
23/04/2025;671;A;MRU;0,14230000;0,14360000;39,60010000;39,96010000
23/04/2025;680;B;TOP;2,33410000;2,47660000;0,41040000;0,43540000
23/04/2025;685;A;MOP;0,71070000;0,71170000;7,99200000;8,00200000
23/04/2025;706;A;ARS;0,00501100;0,00507900;1120,00000000;1135,00000000
23/04/2025;715;A;CLP;0,00605200;0,00605700;939,14000000;939,82000000
23/04/2025;720;A;COP;0,00132100;0,00132300;4300,97000000;4304,03000000
23/04/2025;721;B;COU;0,49710000;0,49710000;0,08740000;0,08740000
23/04/2025;725;A;CUP;0,23700000;0,23700000;24,00000000;24,00000000
23/04/2025;730;A;DOP;0,09554000;0,09616000;59,15000000;59,53000000
23/04/2025;735;A;PHP;0,10060000;0,10060000;56,53400000;56,56100000
23/04/2025;741;A;MXN;0,28950000;0,28970000;19,63370000;19,64420000
23/04/2025;745;A;UYU;0,13550000;0,13570000;41,92000000;41,96000000
23/04/2025;755;B;BWP;0,41460000;0,41810000;0,07290000;0,07350000
23/04/2025;760;A;MWK;0,00324900;0,00331300;1717,02000000;1750,32000000
23/04/2025;766;A;ZMW;0,20130000;0,20170000;28,20000000;28,25000000
23/04/2025;770;A;GTQ;0,73740000;0,73970000;7,69000000;7,71300000
23/04/2025;775;A;MMK;0,00270000;0,00271700;2093,70000000;2106,30000000
23/04/2025;778;B;PGK;1,34790000;1,44480000;0,23700000;0,25400000
23/04/2025;780;A;LAK;0,00026160;0,00026440;21511,00000000;21741,00000000
23/04/2025;785;A;ZAR;0,30510000;0,30520000;18,63700000;18,64170000
23/04/2025;795;A;CNY;0,78040000;0,78070000;7,28600000;7,28800000
23/04/2025;796;A;CNH;0,78040000;0,78060000;7,28700000;7,28780000
23/04/2025;800;A;QAR;1,55390000;1,55840000;3,65000000;3,66000000
23/04/2025;805;A;OMR;14,77250000;14,77400000;0,38500000;0,38500000
23/04/2025;810;A;YER;0,02318000;0,02323000;244,85000000;245,35000000
23/04/2025;815;A;IRR;0,00013540;0,00013540;42000,00000000;42005,00000000
23/04/2025;820;A;SAR;1,51620000;1,51640000;3,75090000;3,75110000
23/04/2025;825;A;KHR;0,00141700;0,00142500;3993,00000000;4013,00000000
23/04/2025;828;A;MYR;1,29440000;1,29630000;4,38800000;4,39400000
23/04/2025;830;A;RUB;0,06823000;0,06825000;83,34550000;83,35450000
23/04/2025;831;A;BYN;1,73440000;1,74150000;3,26610000;3,27910000
23/04/2025;835;A;TJS;0,53150000;0,53660000;10,60000000;10,70000000
23/04/2025;840;A;MUR;0,12600000;0,12690000;44,83000000;45,13000000
23/04/2025;845;A;NPR;0,04161000;0,04162000;136,67000000;136,69000000
23/04/2025;850;A;SCR;0,37480000;0,39570000;14,37620000;15,17360000
23/04/2025;855;A;LKR;0,01897000;0,01899000;299,60000000;299,80000000
23/04/2025;860;A;INR;0,06660000;0,06665000;85,34400000;85,39900000
23/04/2025;865;A;IDR;0,00033710;0,00033740;16860,00000000;16870,00000000
23/04/2025;870;A;MVR;0,36690000;0,36890000;15,42000000;15,50000000
23/04/2025;875;A;PKR;0,02024000;0,02026000;280,80000000;281,00000000
23/04/2025;880;A;ILS;1,55860000;1,56030000;3,64550000;3,64910000
23/04/2025;892;A;KGS;0,06543000;0,06547000;86,87500000;86,92930000
23/04/2025;893;A;UZS;0,00044100;0,00044140;12885,43000000;12895,43000000
23/04/2025;905;A;BDT;0,04662000;0,04701000;121,00000000;122,00000000
23/04/2025;912;B;WST;1,99860000;2,12390000;0,35140000;0,37340000
23/04/2025;913;A;KZT;0,01096000;0,01097000;518,60000000;518,80000000
23/04/2025;915;A;MNT;0,00159000;0,00159300;3570,00000000;3576,00000000
23/04/2025;920;A;VUV;0,04734000;0,04758000;119,54000000;120,14000000
23/04/2025;930;A;KRW;0,00398400;0,00398900;1426,08000000;1427,64000000
23/04/2025;946;A;TZS;0,00209500;0,00213400;2665,00000000;2715,00000000
23/04/2025;950;A;KES;0,04378000;0,04413000;128,90000000;129,90000000
23/04/2025;955;A;UGX;0,00155000;0,00155400;3660,00000000;3670,00000000
23/04/2025;960;A;SOS;0,00989100;0,01001000;568,00000000;575,00000000
23/04/2025;975;A;PLN;1,50890000;1,50990000;3,76710000;3,76920000
23/04/2025;978;B;EUR;6,45410000;6,45590000;1,13480000;1,13500000
23/04/2025;998;A;XAU;600,63360000;600,69700000;0,00946900;0,00946900

[2025-07-06T19:55:24.182+0000] {taskinstance.py:441} INFO - ::group::Post task execution logs
[2025-07-06T19:55:24.210+0000] {taskinstance.py:1206} INFO - Marking task as SUCCESS. dag_id=fin_cotacoes_bcb_classic, task_id=extract, run_id=scheduled__2025-04-23T00:00:00+00:00, execution_date=20250423T000000, start_date=20250706T195523, end_date=20250706T195524
[2025-07-06T19:55:24.253+0000] {local_task_job_runner.py:240} INFO - Task exited with return code 0
[2025-07-06T19:55:24.267+0000] {logging_mixin.py:188} WARNING - /home/***/.local/lib/python3.12/site-packages/***/models/baseoperator.py:1297 AirflowProviderDeprecationWarning: Call to deprecated class PostgresOperator. (Please use `***.providers.common.sql.operators.sql.SQLExecuteQueryOperator`.Also, you can provide `hook_params={'schema': <database>}`.)
[2025-07-06T19:55:24.285+0000] {taskinstance.py:3503} INFO - 1 downstream tasks scheduled from follow-on schedule check
[2025-07-06T19:55:24.287+0000] {local_task_job_runner.py:222} INFO - ::endgroup::
[2025-07-07T14:34:54.254+0000] {local_task_job_runner.py:120} INFO - ::group::Pre task execution logs
[2025-07-07T14:34:54.385+0000] {taskinstance.py:2076} INFO - Dependencies all met for dep_context=non-requeueable deps ti=<TaskInstance: fin_cotacoes_bcb_classic.extract scheduled__2025-04-23T00:00:00+00:00 [queued]>
[2025-07-07T14:34:54.403+0000] {taskinstance.py:2076} INFO - Dependencies all met for dep_context=requeueable deps ti=<TaskInstance: fin_cotacoes_bcb_classic.extract scheduled__2025-04-23T00:00:00+00:00 [queued]>
[2025-07-07T14:34:54.403+0000] {taskinstance.py:2306} INFO - Starting attempt 1 of 2
[2025-07-07T14:34:54.673+0000] {taskinstance.py:2330} INFO - Executing <Task(PythonOperator): extract> on 2025-04-23 00:00:00+00:00
[2025-07-07T14:34:54.715+0000] {standard_task_runner.py:90} INFO - Running: ['***', 'tasks', 'run', 'fin_cotacoes_bcb_classic', 'extract', 'scheduled__2025-04-23T00:00:00+00:00', '--job-id', '2520', '--raw', '--subdir', 'DAGS_FOLDER/cotacoes.py', '--cfg-path', '/tmp/tmpdmg9fxt2']
[2025-07-07T14:34:54.723+0000] {standard_task_runner.py:91} INFO - Job 2520: Subtask extract
[2025-07-07T14:34:54.705+0000] {logging_mixin.py:188} WARNING - /home/***/.local/lib/python3.12/site-packages/***/task/task_runner/standard_task_runner.py:61 DeprecationWarning: This process (pid=79071) is multi-threaded, use of fork() may lead to deadlocks in the child.
[2025-07-07T14:34:54.731+0000] {standard_task_runner.py:63} INFO - Started process 79125 to run task
[2025-07-07T14:34:54.868+0000] {task_command.py:426} INFO - Running <TaskInstance: fin_cotacoes_bcb_classic.extract scheduled__2025-04-23T00:00:00+00:00 [running]> on host bc96ca91d307
[2025-07-07T14:34:55.154+0000] {taskinstance.py:2648} INFO - Exporting env vars: AIRFLOW_CTX_DAG_OWNER='***' AIRFLOW_CTX_DAG_ID='fin_cotacoes_bcb_classic' AIRFLOW_CTX_TASK_ID='extract' AIRFLOW_CTX_EXECUTION_DATE='2025-04-23T00:00:00+00:00' AIRFLOW_CTX_TRY_NUMBER='1' AIRFLOW_CTX_DAG_RUN_ID='scheduled__2025-04-23T00:00:00+00:00'
[2025-07-07T14:34:55.155+0000] {taskinstance.py:430} INFO - ::endgroup::
[2025-07-07T14:34:55.156+0000] {cotacoes.py:35} INFO - Iniciando extração da URL: https://www4.bcb.gov.br/Download/fechamento/20250423.csv
[2025-07-07T14:34:55.718+0000] {cotacoes.py:41} INFO - Extração concluída com sucesso.
[2025-07-07T14:34:55.728+0000] {python.py:237} INFO - Done. Returned value was: 23/04/2025;005;A;AFN;0,08004000;0,08027000;70,86000000;71,06000000
23/04/2025;009;A;ETB;0,04189000;0,04350000;130,76730000;135,76730000
23/04/2025;015;A;THB;0,16950000;0,16960000;33,53000000;33,56000000
23/04/2025;020;A;PAB;5,68740000;5,68800000;1,00000000;1,00000000
23/04/2025;027;A;VES;0,06904000;0,06922000;82,17290000;82,37880000
23/04/2025;030;A;BOB;0,81130000;0,82920000;6,86000000;7,01000000
23/04/2025;035;A;GHS;0,37050000;0,37300000;15,25000000;15,35000000
23/04/2025;040;A;CRC;0,01123000;0,01137000;500,11000000;506,26000000
23/04/2025;045;A;SVC;0,64930000;0,65010000;8,74950000;8,75950000
23/04/2025;051;A;NIO;0,15370000;0,15540000;36,60000000;37,00000000
23/04/2025;055;A;DKK;0,86430000;0,86450000;6,57960000;6,58000000
23/04/2025;060;A;ISK;0,04450000;0,04460000;127,53000000;127,82000000
23/04/2025;065;A;NOK;0,54270000;0,54300000;10,47610000;10,47970000
23/04/2025;070;A;SEK;0,58810000;0,58940000;9,65050000;9,67030000
23/04/2025;075;A;CZK;0,25820000;0,25840000;22,01300000;22,02900000
23/04/2025;090;A;GMD;0,07791000;0,07856000;72,40000000;73,00000000
23/04/2025;095;A;DZD;0,04287000;0,04305000;132,11660000;132,66110000
23/04/2025;100;A;KWD;18,54390000;18,55790000;0,30650000;0,30670000
23/04/2025;105;A;BHD;15,08590000;15,09150000;0,37690000;0,37700000
23/04/2025;115;A;IQD;0,00433800;0,00434500;1309,00000000;1311,00000000
23/04/2025;125;A;JOD;8,01040000;8,03390000;0,70800000;0,71000000
23/04/2025;130;A;LYD;1,03830000;1,04370000;5,44970000;5,47740000
23/04/2025;132;A;MKD;0,10450000;0,10540000;53,98000000;54,42000000
23/04/2025;133;A;RSD;0,05500000;0,05511000;103,22000000;103,41000000
23/04/2025;134;A;SDG;0,00944500;0,00949900;598,80020000;602,14120000
23/04/2025;135;A;TND;1,89280000;1,90480000;2,98610000;3,00470000
23/04/2025;136;A;SSP;0,00124500;0,00128200;4437,53920000;4567,53920000
23/04/2025;138;B;SDR;7,71950000;7,72030000;1,35730000;1,35730000
23/04/2025;139;A;MAD;0,61160000;0,61270000;9,28410000;9,29910000
23/04/2025;145;A;AED;1,54840000;1,54860000;3,67290000;3,67320000
23/04/2025;149;A;STN;0,25820000;0,26350000;21,58400000;22,02640000
23/04/2025;150;B;AUD;3,62400000;3,62610000;0,63720000;0,63750000
23/04/2025;155;A;BSD;5,68740000;5,68800000;1,00000000;1,00000000
23/04/2025;160;A;BMD;5,68740000;5,68800000;1,00000000;1,00000000
23/04/2025;165;A;CAD;4,09310000;4,09390000;1,38940000;1,38950000
23/04/2025;170;A;GYD;0,02702000;0,02735000;207,98000000;210,45000000
23/04/2025;173;A;NAD;0,30510000;0,30520000;18,63570000;18,63860000
23/04/2025;175;A;BBD;2,78780000;2,84670000;1,99810000;2,04010000
23/04/2025;180;A;BZD;2,81950000;2,84370000;2,00020000;2,01720000
23/04/2025;185;A;BND;4,32530000;4,32610000;1,31480000;1,31490000
23/04/2025;190;A;KYD;6,81130000;6,87370000;0,82750000;0,83500000
23/04/2025;195;A;SGD;4,32530000;4,32610000;1,31480000;1,31490000
23/04/2025;197;B;CLF;236,19200000;236,21700000;41,52900000;41,52900000
23/04/2025;200;B;FJD;2,47690000;2,55450000;0,43550000;0,44910000
23/04/2025;205;A;HKD;0,73290000;0,73300000;7,75980000;7,75990000
23/04/2025;210;A;TTD;0,83320000;0,84340000;6,74390000;6,82600000
23/04/2025;215;A;XCD;2,09100000;2,11450000;2,69000000;2,72000000
23/04/2025;220;A;USD;5,68740000;5,68800000;1,00000000;1,00000000
23/04/2025;230;A;JMD;0,03570000;0,03611000;157,51000000;159,31000000
23/04/2025;235;A;LRD;0,02816000;0,02873000;198,00000000;202,00000000
23/04/2025;245;B;NZD;3,38800000;3,38950000;0,59570000;0,59590000
23/04/2025;250;B;SBD;0,63410000;0,70130000;0,11150000;0,12330000
23/04/2025;255;A;SRD;0,15370000;0,15630000;36,40000000;37,00000000
23/04/2025;260;A;VND;0,00021850;0,00021910;25965,00000000;26025,00000000
23/04/2025;275;A;AMD;0,01456000;0,01464000;388,56000000;390,56000000
23/04/2025;295;A;CVE;0,05800000;0,05857000;97,12000000;98,06000000
23/04/2025;325;A;ANG;3,12490000;3,18740000;1,78450000;1,82000000
23/04/2025;326;A;XCG;3,12490000;3,18740000;1,78450000;1,82000000
23/04/2025;328;A;AWG;3,09100000;3,19550000;1,78000000;1,84000000
23/04/2025;345;A;HUF;0,01578000;0,01579000;360,14000000;360,52000000
23/04/2025;363;A;CDF;0,00192800;0,00199300;2854,00000000;2950,00000000
23/04/2025;365;A;BIF;0,00188600;0,00194000;2932,05000000;3015,00000000
23/04/2025;368;A;KMF;0,01313000;0,01320000;431,07000000;433,07000000
23/04/2025;370;A;XAF;0,00956200;0,00984200;577,94000000;594,79000000
23/04/2025;372;A;XOF;0,00981900;0,00994000;572,25000000;579,25000000
23/04/2025;380;A;XPF;0,05377000;0,05427000;104,80000000;105,77000000
23/04/2025;390;A;DJF;0,03185000;0,03203000;177,60000000;178,55000000
23/04/2025;398;A;GNF;0,00065370;0,00066010;8617,00000000;8700,00000000
23/04/2025;406;A;MGA;0,00123900;0,00125600;4528,83000000;4590,51000000
23/04/2025;420;A;RWF;0,00401000;0,00405900;1401,29000000;1418,29000000
23/04/2025;425;A;CHF;6,87300000;6,87790000;0,82700000;0,82750000
23/04/2025;440;A;HTG;0,04347000;0,04371000;130,12450000;130,84220000
23/04/2025;450;A;PYG;0,00071030;0,00071080;8001,73000000;8006,92000000
23/04/2025;460;A;UAH;0,13620000;0,13620000;41,75000000;41,77000000
23/04/2025;470;A;JPY;0,03987000;0,03987000;142,65000000;142,66000000
23/04/2025;482;A;GEL;2,04800000;2,09350000;2,71700000;2,77700000
23/04/2025;490;A;ALL;0,06507000;0,06555000;86,78000000;87,40000000
23/04/2025;495;A;HNL;0,21710000;0,22180000;25,64890000;26,20000000
23/04/2025;500;A;SLL;0,00024830;0,00025080;22683,00000000;22908,00000000
23/04/2025;503;A;MDL;0,33260000;0,33460000;17,00000000;17,10000000
23/04/2025;506;A;RON;1,29650000;1,29730000;4,38450000;4,38670000
23/04/2025;510;A;BGN;3,29970000;3,30100000;1,72310000;1,72360000
23/04/2025;530;B;GIP;7,57560000;7,58210000;1,33200000;1,33300000
23/04/2025;535;A;EGP;0,11150000;0,11180000;50,89000000;50,99000000
23/04/2025;540;B;GBP;7,53690000;7,54060000;1,32520000;1,32570000
23/04/2025;545;B;FKP;7,57560000;7,58210000;1,33200000;1,33300000
23/04/2025;560;A;LBP;0,00006340;0,00006360;89500,00000000;89700,00000000
23/04/2025;570;B;SHP;7,53690000;7,53940000;1,32520000;1,32550000
23/04/2025;575;A;SYP;0,00043720;0,00043750;13000,00000000;13010,00000000
23/04/2025;585;A;SZL;0,30510000;0,30520000;18,63690000;18,63980000
23/04/2025;603;A;LSL;0,30510000;0,30520000;18,63690000;18,63980000
23/04/2025;608;A;TMT;1,62290000;1,62770000;3,49450000;3,50450000
23/04/2025;622;A;MZN;0,08812000;0,08990000;63,27000000;64,54000000
23/04/2025;625;A;ERN;0,37540000;0,37920000;15,00000000;15,15000000
23/04/2025;630;A;NGN;0,00353300;0,00354700;1603,76000000;1609,77000000
23/04/2025;635;A;AOA;0,00611400;0,00623700;912,00000000;930,24000000
23/04/2025;640;A;TWD;0,17460000;0,17470000;32,55200000;32,58200000
23/04/2025;642;A;TRY;0,14860000;0,14860000;38,27000000;38,28580000
23/04/2025;660;A;PEN;1,53840000;1,53900000;3,69600000;3,69700000
23/04/2025;665;A;BTN;0,06656000;0,06666000;85,33400000;85,44300000
23/04/2025;670;A;MRO;0,01584000;0,01598000;356,00000000;359,00000000
23/04/2025;671;A;MRU;0,14230000;0,14360000;39,60010000;39,96010000
23/04/2025;680;B;TOP;2,33410000;2,47660000;0,41040000;0,43540000
23/04/2025;685;A;MOP;0,71070000;0,71170000;7,99200000;8,00200000
23/04/2025;706;A;ARS;0,00501100;0,00507900;1120,00000000;1135,00000000
23/04/2025;715;A;CLP;0,00605200;0,00605700;939,14000000;939,82000000
23/04/2025;720;A;COP;0,00132100;0,00132300;4300,97000000;4304,03000000
23/04/2025;721;B;COU;0,49710000;0,49710000;0,08740000;0,08740000
23/04/2025;725;A;CUP;0,23700000;0,23700000;24,00000000;24,00000000
23/04/2025;730;A;DOP;0,09554000;0,09616000;59,15000000;59,53000000
23/04/2025;735;A;PHP;0,10060000;0,10060000;56,53400000;56,56100000
23/04/2025;741;A;MXN;0,28950000;0,28970000;19,63370000;19,64420000
23/04/2025;745;A;UYU;0,13550000;0,13570000;41,92000000;41,96000000
23/04/2025;755;B;BWP;0,41460000;0,41810000;0,07290000;0,07350000
23/04/2025;760;A;MWK;0,00324900;0,00331300;1717,02000000;1750,32000000
23/04/2025;766;A;ZMW;0,20130000;0,20170000;28,20000000;28,25000000
23/04/2025;770;A;GTQ;0,73740000;0,73970000;7,69000000;7,71300000
23/04/2025;775;A;MMK;0,00270000;0,00271700;2093,70000000;2106,30000000
23/04/2025;778;B;PGK;1,34790000;1,44480000;0,23700000;0,25400000
23/04/2025;780;A;LAK;0,00026160;0,00026440;21511,00000000;21741,00000000
23/04/2025;785;A;ZAR;0,30510000;0,30520000;18,63700000;18,64170000
23/04/2025;795;A;CNY;0,78040000;0,78070000;7,28600000;7,28800000
23/04/2025;796;A;CNH;0,78040000;0,78060000;7,28700000;7,28780000
23/04/2025;800;A;QAR;1,55390000;1,55840000;3,65000000;3,66000000
23/04/2025;805;A;OMR;14,77250000;14,77400000;0,38500000;0,38500000
23/04/2025;810;A;YER;0,02318000;0,02323000;244,85000000;245,35000000
23/04/2025;815;A;IRR;0,00013540;0,00013540;42000,00000000;42005,00000000
23/04/2025;820;A;SAR;1,51620000;1,51640000;3,75090000;3,75110000
23/04/2025;825;A;KHR;0,00141700;0,00142500;3993,00000000;4013,00000000
23/04/2025;828;A;MYR;1,29440000;1,29630000;4,38800000;4,39400000
23/04/2025;830;A;RUB;0,06823000;0,06825000;83,34550000;83,35450000
23/04/2025;831;A;BYN;1,73440000;1,74150000;3,26610000;3,27910000
23/04/2025;835;A;TJS;0,53150000;0,53660000;10,60000000;10,70000000
23/04/2025;840;A;MUR;0,12600000;0,12690000;44,83000000;45,13000000
23/04/2025;845;A;NPR;0,04161000;0,04162000;136,67000000;136,69000000
23/04/2025;850;A;SCR;0,37480000;0,39570000;14,37620000;15,17360000
23/04/2025;855;A;LKR;0,01897000;0,01899000;299,60000000;299,80000000
23/04/2025;860;A;INR;0,06660000;0,06665000;85,34400000;85,39900000
23/04/2025;865;A;IDR;0,00033710;0,00033740;16860,00000000;16870,00000000
23/04/2025;870;A;MVR;0,36690000;0,36890000;15,42000000;15,50000000
23/04/2025;875;A;PKR;0,02024000;0,02026000;280,80000000;281,00000000
23/04/2025;880;A;ILS;1,55860000;1,56030000;3,64550000;3,64910000
23/04/2025;892;A;KGS;0,06543000;0,06547000;86,87500000;86,92930000
23/04/2025;893;A;UZS;0,00044100;0,00044140;12885,43000000;12895,43000000
23/04/2025;905;A;BDT;0,04662000;0,04701000;121,00000000;122,00000000
23/04/2025;912;B;WST;1,99860000;2,12390000;0,35140000;0,37340000
23/04/2025;913;A;KZT;0,01096000;0,01097000;518,60000000;518,80000000
23/04/2025;915;A;MNT;0,00159000;0,00159300;3570,00000000;3576,00000000
23/04/2025;920;A;VUV;0,04734000;0,04758000;119,54000000;120,14000000
23/04/2025;930;A;KRW;0,00398400;0,00398900;1426,08000000;1427,64000000
23/04/2025;946;A;TZS;0,00209500;0,00213400;2665,00000000;2715,00000000
23/04/2025;950;A;KES;0,04378000;0,04413000;128,90000000;129,90000000
23/04/2025;955;A;UGX;0,00155000;0,00155400;3660,00000000;3670,00000000
23/04/2025;960;A;SOS;0,00989100;0,01001000;568,00000000;575,00000000
23/04/2025;975;A;PLN;1,50890000;1,50990000;3,76710000;3,76920000
23/04/2025;978;B;EUR;6,45410000;6,45590000;1,13480000;1,13500000
23/04/2025;998;A;XAU;600,63360000;600,69700000;0,00946900;0,00946900

[2025-07-07T14:34:55.739+0000] {taskinstance.py:441} INFO - ::group::Post task execution logs
[2025-07-07T14:34:55.788+0000] {taskinstance.py:1206} INFO - Marking task as SUCCESS. dag_id=fin_cotacoes_bcb_classic, task_id=extract, run_id=scheduled__2025-04-23T00:00:00+00:00, execution_date=20250423T000000, start_date=20250707T143454, end_date=20250707T143455
[2025-07-07T14:34:55.847+0000] {local_task_job_runner.py:240} INFO - Task exited with return code 0
[2025-07-07T14:34:55.880+0000] {local_task_job_runner.py:222} INFO - ::endgroup::
[2025-07-07T15:12:10.849+0000] {local_task_job_runner.py:120} INFO - ::group::Pre task execution logs
[2025-07-07T15:12:10.931+0000] {taskinstance.py:2076} INFO - Dependencies all met for dep_context=non-requeueable deps ti=<TaskInstance: fin_cotacoes_bcb_classic.extract scheduled__2025-04-23T00:00:00+00:00 [queued]>
[2025-07-07T15:12:10.952+0000] {taskinstance.py:2076} INFO - Dependencies all met for dep_context=requeueable deps ti=<TaskInstance: fin_cotacoes_bcb_classic.extract scheduled__2025-04-23T00:00:00+00:00 [queued]>
[2025-07-07T15:12:10.953+0000] {taskinstance.py:2306} INFO - Starting attempt 1 of 2
[2025-07-07T15:12:10.984+0000] {taskinstance.py:2330} INFO - Executing <Task(PythonOperator): extract> on 2025-04-23 00:00:00+00:00
[2025-07-07T15:12:11.008+0000] {standard_task_runner.py:90} INFO - Running: ['***', 'tasks', 'run', 'fin_cotacoes_bcb_classic', 'extract', 'scheduled__2025-04-23T00:00:00+00:00', '--job-id', '4190', '--raw', '--subdir', 'DAGS_FOLDER/cotacoes.py', '--cfg-path', '/tmp/tmpa_cjgkul']
[2025-07-07T15:12:11.009+0000] {standard_task_runner.py:91} INFO - Job 4190: Subtask extract
[2025-07-07T15:12:11.011+0000] {logging_mixin.py:188} WARNING - /home/***/.local/lib/python3.12/site-packages/***/task/task_runner/standard_task_runner.py:61 DeprecationWarning: This process (pid=103666) is multi-threaded, use of fork() may lead to deadlocks in the child.
[2025-07-07T15:12:11.012+0000] {standard_task_runner.py:63} INFO - Started process 103785 to run task
[2025-07-07T15:12:11.096+0000] {task_command.py:426} INFO - Running <TaskInstance: fin_cotacoes_bcb_classic.extract scheduled__2025-04-23T00:00:00+00:00 [running]> on host bc96ca91d307
[2025-07-07T15:12:11.290+0000] {taskinstance.py:2648} INFO - Exporting env vars: AIRFLOW_CTX_DAG_OWNER='***' AIRFLOW_CTX_DAG_ID='fin_cotacoes_bcb_classic' AIRFLOW_CTX_TASK_ID='extract' AIRFLOW_CTX_EXECUTION_DATE='2025-04-23T00:00:00+00:00' AIRFLOW_CTX_TRY_NUMBER='1' AIRFLOW_CTX_DAG_RUN_ID='scheduled__2025-04-23T00:00:00+00:00'
[2025-07-07T15:12:11.295+0000] {taskinstance.py:430} INFO - ::endgroup::
[2025-07-07T15:12:11.296+0000] {cotacoes.py:35} INFO - Iniciando extração da URL: https://www4.bcb.gov.br/Download/fechamento/20250423.csv
[2025-07-07T15:12:11.612+0000] {cotacoes.py:41} INFO - Extração concluída com sucesso.
[2025-07-07T15:12:11.618+0000] {python.py:237} INFO - Done. Returned value was: 23/04/2025;005;A;AFN;0,08004000;0,08027000;70,86000000;71,06000000
23/04/2025;009;A;ETB;0,04189000;0,04350000;130,76730000;135,76730000
23/04/2025;015;A;THB;0,16950000;0,16960000;33,53000000;33,56000000
23/04/2025;020;A;PAB;5,68740000;5,68800000;1,00000000;1,00000000
23/04/2025;027;A;VES;0,06904000;0,06922000;82,17290000;82,37880000
23/04/2025;030;A;BOB;0,81130000;0,82920000;6,86000000;7,01000000
23/04/2025;035;A;GHS;0,37050000;0,37300000;15,25000000;15,35000000
23/04/2025;040;A;CRC;0,01123000;0,01137000;500,11000000;506,26000000
23/04/2025;045;A;SVC;0,64930000;0,65010000;8,74950000;8,75950000
23/04/2025;051;A;NIO;0,15370000;0,15540000;36,60000000;37,00000000
23/04/2025;055;A;DKK;0,86430000;0,86450000;6,57960000;6,58000000
23/04/2025;060;A;ISK;0,04450000;0,04460000;127,53000000;127,82000000
23/04/2025;065;A;NOK;0,54270000;0,54300000;10,47610000;10,47970000
23/04/2025;070;A;SEK;0,58810000;0,58940000;9,65050000;9,67030000
23/04/2025;075;A;CZK;0,25820000;0,25840000;22,01300000;22,02900000
23/04/2025;090;A;GMD;0,07791000;0,07856000;72,40000000;73,00000000
23/04/2025;095;A;DZD;0,04287000;0,04305000;132,11660000;132,66110000
23/04/2025;100;A;KWD;18,54390000;18,55790000;0,30650000;0,30670000
23/04/2025;105;A;BHD;15,08590000;15,09150000;0,37690000;0,37700000
23/04/2025;115;A;IQD;0,00433800;0,00434500;1309,00000000;1311,00000000
23/04/2025;125;A;JOD;8,01040000;8,03390000;0,70800000;0,71000000
23/04/2025;130;A;LYD;1,03830000;1,04370000;5,44970000;5,47740000
23/04/2025;132;A;MKD;0,10450000;0,10540000;53,98000000;54,42000000
23/04/2025;133;A;RSD;0,05500000;0,05511000;103,22000000;103,41000000
23/04/2025;134;A;SDG;0,00944500;0,00949900;598,80020000;602,14120000
23/04/2025;135;A;TND;1,89280000;1,90480000;2,98610000;3,00470000
23/04/2025;136;A;SSP;0,00124500;0,00128200;4437,53920000;4567,53920000
23/04/2025;138;B;SDR;7,71950000;7,72030000;1,35730000;1,35730000
23/04/2025;139;A;MAD;0,61160000;0,61270000;9,28410000;9,29910000
23/04/2025;145;A;AED;1,54840000;1,54860000;3,67290000;3,67320000
23/04/2025;149;A;STN;0,25820000;0,26350000;21,58400000;22,02640000
23/04/2025;150;B;AUD;3,62400000;3,62610000;0,63720000;0,63750000
23/04/2025;155;A;BSD;5,68740000;5,68800000;1,00000000;1,00000000
23/04/2025;160;A;BMD;5,68740000;5,68800000;1,00000000;1,00000000
23/04/2025;165;A;CAD;4,09310000;4,09390000;1,38940000;1,38950000
23/04/2025;170;A;GYD;0,02702000;0,02735000;207,98000000;210,45000000
23/04/2025;173;A;NAD;0,30510000;0,30520000;18,63570000;18,63860000
23/04/2025;175;A;BBD;2,78780000;2,84670000;1,99810000;2,04010000
23/04/2025;180;A;BZD;2,81950000;2,84370000;2,00020000;2,01720000
23/04/2025;185;A;BND;4,32530000;4,32610000;1,31480000;1,31490000
23/04/2025;190;A;KYD;6,81130000;6,87370000;0,82750000;0,83500000
23/04/2025;195;A;SGD;4,32530000;4,32610000;1,31480000;1,31490000
23/04/2025;197;B;CLF;236,19200000;236,21700000;41,52900000;41,52900000
23/04/2025;200;B;FJD;2,47690000;2,55450000;0,43550000;0,44910000
23/04/2025;205;A;HKD;0,73290000;0,73300000;7,75980000;7,75990000
23/04/2025;210;A;TTD;0,83320000;0,84340000;6,74390000;6,82600000
23/04/2025;215;A;XCD;2,09100000;2,11450000;2,69000000;2,72000000
23/04/2025;220;A;USD;5,68740000;5,68800000;1,00000000;1,00000000
23/04/2025;230;A;JMD;0,03570000;0,03611000;157,51000000;159,31000000
23/04/2025;235;A;LRD;0,02816000;0,02873000;198,00000000;202,00000000
23/04/2025;245;B;NZD;3,38800000;3,38950000;0,59570000;0,59590000
23/04/2025;250;B;SBD;0,63410000;0,70130000;0,11150000;0,12330000
23/04/2025;255;A;SRD;0,15370000;0,15630000;36,40000000;37,00000000
23/04/2025;260;A;VND;0,00021850;0,00021910;25965,00000000;26025,00000000
23/04/2025;275;A;AMD;0,01456000;0,01464000;388,56000000;390,56000000
23/04/2025;295;A;CVE;0,05800000;0,05857000;97,12000000;98,06000000
23/04/2025;325;A;ANG;3,12490000;3,18740000;1,78450000;1,82000000
23/04/2025;326;A;XCG;3,12490000;3,18740000;1,78450000;1,82000000
23/04/2025;328;A;AWG;3,09100000;3,19550000;1,78000000;1,84000000
23/04/2025;345;A;HUF;0,01578000;0,01579000;360,14000000;360,52000000
23/04/2025;363;A;CDF;0,00192800;0,00199300;2854,00000000;2950,00000000
23/04/2025;365;A;BIF;0,00188600;0,00194000;2932,05000000;3015,00000000
23/04/2025;368;A;KMF;0,01313000;0,01320000;431,07000000;433,07000000
23/04/2025;370;A;XAF;0,00956200;0,00984200;577,94000000;594,79000000
23/04/2025;372;A;XOF;0,00981900;0,00994000;572,25000000;579,25000000
23/04/2025;380;A;XPF;0,05377000;0,05427000;104,80000000;105,77000000
23/04/2025;390;A;DJF;0,03185000;0,03203000;177,60000000;178,55000000
23/04/2025;398;A;GNF;0,00065370;0,00066010;8617,00000000;8700,00000000
23/04/2025;406;A;MGA;0,00123900;0,00125600;4528,83000000;4590,51000000
23/04/2025;420;A;RWF;0,00401000;0,00405900;1401,29000000;1418,29000000
23/04/2025;425;A;CHF;6,87300000;6,87790000;0,82700000;0,82750000
23/04/2025;440;A;HTG;0,04347000;0,04371000;130,12450000;130,84220000
23/04/2025;450;A;PYG;0,00071030;0,00071080;8001,73000000;8006,92000000
23/04/2025;460;A;UAH;0,13620000;0,13620000;41,75000000;41,77000000
23/04/2025;470;A;JPY;0,03987000;0,03987000;142,65000000;142,66000000
23/04/2025;482;A;GEL;2,04800000;2,09350000;2,71700000;2,77700000
23/04/2025;490;A;ALL;0,06507000;0,06555000;86,78000000;87,40000000
23/04/2025;495;A;HNL;0,21710000;0,22180000;25,64890000;26,20000000
23/04/2025;500;A;SLL;0,00024830;0,00025080;22683,00000000;22908,00000000
23/04/2025;503;A;MDL;0,33260000;0,33460000;17,00000000;17,10000000
23/04/2025;506;A;RON;1,29650000;1,29730000;4,38450000;4,38670000
23/04/2025;510;A;BGN;3,29970000;3,30100000;1,72310000;1,72360000
23/04/2025;530;B;GIP;7,57560000;7,58210000;1,33200000;1,33300000
23/04/2025;535;A;EGP;0,11150000;0,11180000;50,89000000;50,99000000
23/04/2025;540;B;GBP;7,53690000;7,54060000;1,32520000;1,32570000
23/04/2025;545;B;FKP;7,57560000;7,58210000;1,33200000;1,33300000
23/04/2025;560;A;LBP;0,00006340;0,00006360;89500,00000000;89700,00000000
23/04/2025;570;B;SHP;7,53690000;7,53940000;1,32520000;1,32550000
23/04/2025;575;A;SYP;0,00043720;0,00043750;13000,00000000;13010,00000000
23/04/2025;585;A;SZL;0,30510000;0,30520000;18,63690000;18,63980000
23/04/2025;603;A;LSL;0,30510000;0,30520000;18,63690000;18,63980000
23/04/2025;608;A;TMT;1,62290000;1,62770000;3,49450000;3,50450000
23/04/2025;622;A;MZN;0,08812000;0,08990000;63,27000000;64,54000000
23/04/2025;625;A;ERN;0,37540000;0,37920000;15,00000000;15,15000000
23/04/2025;630;A;NGN;0,00353300;0,00354700;1603,76000000;1609,77000000
23/04/2025;635;A;AOA;0,00611400;0,00623700;912,00000000;930,24000000
23/04/2025;640;A;TWD;0,17460000;0,17470000;32,55200000;32,58200000
23/04/2025;642;A;TRY;0,14860000;0,14860000;38,27000000;38,28580000
23/04/2025;660;A;PEN;1,53840000;1,53900000;3,69600000;3,69700000
23/04/2025;665;A;BTN;0,06656000;0,06666000;85,33400000;85,44300000
23/04/2025;670;A;MRO;0,01584000;0,01598000;356,00000000;359,00000000
23/04/2025;671;A;MRU;0,14230000;0,14360000;39,60010000;39,96010000
23/04/2025;680;B;TOP;2,33410000;2,47660000;0,41040000;0,43540000
23/04/2025;685;A;MOP;0,71070000;0,71170000;7,99200000;8,00200000
23/04/2025;706;A;ARS;0,00501100;0,00507900;1120,00000000;1135,00000000
23/04/2025;715;A;CLP;0,00605200;0,00605700;939,14000000;939,82000000
23/04/2025;720;A;COP;0,00132100;0,00132300;4300,97000000;4304,03000000
23/04/2025;721;B;COU;0,49710000;0,49710000;0,08740000;0,08740000
23/04/2025;725;A;CUP;0,23700000;0,23700000;24,00000000;24,00000000
23/04/2025;730;A;DOP;0,09554000;0,09616000;59,15000000;59,53000000
23/04/2025;735;A;PHP;0,10060000;0,10060000;56,53400000;56,56100000
23/04/2025;741;A;MXN;0,28950000;0,28970000;19,63370000;19,64420000
23/04/2025;745;A;UYU;0,13550000;0,13570000;41,92000000;41,96000000
23/04/2025;755;B;BWP;0,41460000;0,41810000;0,07290000;0,07350000
23/04/2025;760;A;MWK;0,00324900;0,00331300;1717,02000000;1750,32000000
23/04/2025;766;A;ZMW;0,20130000;0,20170000;28,20000000;28,25000000
23/04/2025;770;A;GTQ;0,73740000;0,73970000;7,69000000;7,71300000
23/04/2025;775;A;MMK;0,00270000;0,00271700;2093,70000000;2106,30000000
23/04/2025;778;B;PGK;1,34790000;1,44480000;0,23700000;0,25400000
23/04/2025;780;A;LAK;0,00026160;0,00026440;21511,00000000;21741,00000000
23/04/2025;785;A;ZAR;0,30510000;0,30520000;18,63700000;18,64170000
23/04/2025;795;A;CNY;0,78040000;0,78070000;7,28600000;7,28800000
23/04/2025;796;A;CNH;0,78040000;0,78060000;7,28700000;7,28780000
23/04/2025;800;A;QAR;1,55390000;1,55840000;3,65000000;3,66000000
23/04/2025;805;A;OMR;14,77250000;14,77400000;0,38500000;0,38500000
23/04/2025;810;A;YER;0,02318000;0,02323000;244,85000000;245,35000000
23/04/2025;815;A;IRR;0,00013540;0,00013540;42000,00000000;42005,00000000
23/04/2025;820;A;SAR;1,51620000;1,51640000;3,75090000;3,75110000
23/04/2025;825;A;KHR;0,00141700;0,00142500;3993,00000000;4013,00000000
23/04/2025;828;A;MYR;1,29440000;1,29630000;4,38800000;4,39400000
23/04/2025;830;A;RUB;0,06823000;0,06825000;83,34550000;83,35450000
23/04/2025;831;A;BYN;1,73440000;1,74150000;3,26610000;3,27910000
23/04/2025;835;A;TJS;0,53150000;0,53660000;10,60000000;10,70000000
23/04/2025;840;A;MUR;0,12600000;0,12690000;44,83000000;45,13000000
23/04/2025;845;A;NPR;0,04161000;0,04162000;136,67000000;136,69000000
23/04/2025;850;A;SCR;0,37480000;0,39570000;14,37620000;15,17360000
23/04/2025;855;A;LKR;0,01897000;0,01899000;299,60000000;299,80000000
23/04/2025;860;A;INR;0,06660000;0,06665000;85,34400000;85,39900000
23/04/2025;865;A;IDR;0,00033710;0,00033740;16860,00000000;16870,00000000
23/04/2025;870;A;MVR;0,36690000;0,36890000;15,42000000;15,50000000
23/04/2025;875;A;PKR;0,02024000;0,02026000;280,80000000;281,00000000
23/04/2025;880;A;ILS;1,55860000;1,56030000;3,64550000;3,64910000
23/04/2025;892;A;KGS;0,06543000;0,06547000;86,87500000;86,92930000
23/04/2025;893;A;UZS;0,00044100;0,00044140;12885,43000000;12895,43000000
23/04/2025;905;A;BDT;0,04662000;0,04701000;121,00000000;122,00000000
23/04/2025;912;B;WST;1,99860000;2,12390000;0,35140000;0,37340000
23/04/2025;913;A;KZT;0,01096000;0,01097000;518,60000000;518,80000000
23/04/2025;915;A;MNT;0,00159000;0,00159300;3570,00000000;3576,00000000
23/04/2025;920;A;VUV;0,04734000;0,04758000;119,54000000;120,14000000
23/04/2025;930;A;KRW;0,00398400;0,00398900;1426,08000000;1427,64000000
23/04/2025;946;A;TZS;0,00209500;0,00213400;2665,00000000;2715,00000000
23/04/2025;950;A;KES;0,04378000;0,04413000;128,90000000;129,90000000
23/04/2025;955;A;UGX;0,00155000;0,00155400;3660,00000000;3670,00000000
23/04/2025;960;A;SOS;0,00989100;0,01001000;568,00000000;575,00000000
23/04/2025;975;A;PLN;1,50890000;1,50990000;3,76710000;3,76920000
23/04/2025;978;B;EUR;6,45410000;6,45590000;1,13480000;1,13500000
23/04/2025;998;A;XAU;600,63360000;600,69700000;0,00946900;0,00946900

[2025-07-07T15:12:11.619+0000] {taskinstance.py:441} INFO - ::group::Post task execution logs
[2025-07-07T15:12:11.685+0000] {taskinstance.py:1206} INFO - Marking task as SUCCESS. dag_id=fin_cotacoes_bcb_classic, task_id=extract, run_id=scheduled__2025-04-23T00:00:00+00:00, execution_date=20250423T000000, start_date=20250707T151210, end_date=20250707T151211
[2025-07-07T15:12:11.760+0000] {local_task_job_runner.py:240} INFO - Task exited with return code 0
[2025-07-07T15:12:11.783+0000] {local_task_job_runner.py:222} INFO - ::endgroup::
