[2025-07-07T13:52:32.662+0000] {local_task_job_runner.py:120} INFO - ::group::Pre task execution logs
[2025-07-07T13:52:32.744+0000] {taskinstance.py:2076} INFO - Dependencies all met for dep_context=non-requeueable deps ti=<TaskInstance: fin_cotacoes_bcb_classic.create_table_postgres scheduled__2025-01-01T00:00:00+00:00 [queued]>
[2025-07-07T13:52:32.767+0000] {taskinstance.py:2076} INFO - Dependencies all met for dep_context=requeueable deps ti=<TaskInstance: fin_cotacoes_bcb_classic.create_table_postgres scheduled__2025-01-01T00:00:00+00:00 [queued]>
[2025-07-07T13:52:32.768+0000] {taskinstance.py:2306} INFO - Starting attempt 1 of 2
[2025-07-07T13:52:32.802+0000] {taskinstance.py:2330} INFO - Executing <Task(SQLExecuteQueryOperator): create_table_postgres> on 2025-01-01 00:00:00+00:00
[2025-07-07T13:52:32.817+0000] {logging_mixin.py:188} WARNING - /home/***/.local/lib/python3.12/site-packages/***/task/task_runner/standard_task_runner.py:61 DeprecationWarning: This process (pid=54342) is multi-threaded, use of fork() may lead to deadlocks in the child.
[2025-07-07T13:52:32.818+0000] {standard_task_runner.py:63} INFO - Started process 54367 to run task
[2025-07-07T13:52:32.817+0000] {standard_task_runner.py:90} INFO - Running: ['***', 'tasks', 'run', 'fin_cotacoes_bcb_classic', 'create_table_postgres', 'scheduled__2025-01-01T00:00:00+00:00', '--job-id', '1699', '--raw', '--subdir', 'DAGS_FOLDER/cotacoes.py', '--cfg-path', '/tmp/tmpie0s3bzi']
[2025-07-07T13:52:32.822+0000] {standard_task_runner.py:91} INFO - Job 1699: Subtask create_table_postgres
[2025-07-07T13:52:32.910+0000] {task_command.py:426} INFO - Running <TaskInstance: fin_cotacoes_bcb_classic.create_table_postgres scheduled__2025-01-01T00:00:00+00:00 [running]> on host bc96ca91d307
[2025-07-07T13:52:33.075+0000] {taskinstance.py:2648} INFO - Exporting env vars: AIRFLOW_CTX_DAG_OWNER='***' AIRFLOW_CTX_DAG_ID='fin_cotacoes_bcb_classic' AIRFLOW_CTX_TASK_ID='create_table_postgres' AIRFLOW_CTX_EXECUTION_DATE='2025-01-01T00:00:00+00:00' AIRFLOW_CTX_TRY_NUMBER='1' AIRFLOW_CTX_DAG_RUN_ID='scheduled__2025-01-01T00:00:00+00:00'
[2025-07-07T13:52:33.076+0000] {taskinstance.py:430} INFO - ::endgroup::
[2025-07-07T13:52:33.076+0000] {sql.py:276} INFO - Executing: 
CREATE TABLE IF NOT EXISTS cotacoes (
    dt_fechamento DATE,
    cod_moeda TEXT,
    tipo_moeda TEXT,
    desc_moeda TEXT,
    taxa_compra REAL,
    taxa_venda REAL,
    paridade_compra REAL,
    paridade_venda REAL,
    data_processamento TIMESTAMP,
    CONSTRAINT table_pk PRIMARY KEY (dt_fechamento, cod_moeda)
);
[2025-07-07T13:52:33.090+0000] {base.py:84} INFO - Using connection ID '***-postgres' for task execution.
[2025-07-07T13:52:33.104+0000] {base.py:84} INFO - Using connection ID '***-postgres' for task execution.
[2025-07-07T13:52:33.129+0000] {taskinstance.py:441} INFO - ::group::Post task execution logs
[2025-07-07T13:52:33.129+0000] {taskinstance.py:2905} ERROR - Task failed with exception
Traceback (most recent call last):
  File "/home/airflow/.local/lib/python3.12/site-packages/airflow/models/taskinstance.py", line 465, in _execute_task
    result = _execute_callable(context=context, **execute_callable_kwargs)
             ^^^^^^^^^^^^^^^^^^^^^^^^^^^^^^^^^^^^^^^^^^^^^^^^^^^^^^^^^^^^^
  File "/home/airflow/.local/lib/python3.12/site-packages/airflow/models/taskinstance.py", line 432, in _execute_callable
    return execute_callable(context=context, **execute_callable_kwargs)
           ^^^^^^^^^^^^^^^^^^^^^^^^^^^^^^^^^^^^^^^^^^^^^^^^^^^^^^^^^^^^
  File "/home/airflow/.local/lib/python3.12/site-packages/airflow/models/baseoperator.py", line 401, in wrapper
    return func(self, *args, **kwargs)
           ^^^^^^^^^^^^^^^^^^^^^^^^^^^
  File "/home/airflow/.local/lib/python3.12/site-packages/airflow/providers/common/sql/operators/sql.py", line 282, in execute
    output = hook.run(
             ^^^^^^^^^
  File "/home/airflow/.local/lib/python3.12/site-packages/airflow/providers/common/sql/hooks/sql.py", line 431, in run
    with self._create_autocommit_connection(autocommit) as conn:
  File "/usr/local/lib/python3.12/contextlib.py", line 137, in __enter__
    return next(self.gen)
           ^^^^^^^^^^^^^^
  File "/home/airflow/.local/lib/python3.12/site-packages/airflow/providers/common/sql/hooks/sql.py", line 551, in _create_autocommit_connection
    with closing(self.get_conn()) as conn:
                 ^^^^^^^^^^^^^^^
  File "/home/airflow/.local/lib/python3.12/site-packages/airflow/providers/postgres/hooks/postgres.py", line 175, in get_conn
    self.conn = psycopg2.connect(**conn_args)
                ^^^^^^^^^^^^^^^^^^^^^^^^^^^^^
  File "/home/airflow/.local/lib/python3.12/site-packages/psycopg2/__init__.py", line 122, in connect
    conn = _connect(dsn, connection_factory=connection_factory, **kwasync)
           ^^^^^^^^^^^^^^^^^^^^^^^^^^^^^^^^^^^^^^^^^^^^^^^^^^^^^^^^^^^^^^^
psycopg2.OperationalError: could not translate host name "host.docker.internal" to address: Name or service not known

[2025-07-07T13:52:33.141+0000] {taskinstance.py:1206} INFO - Marking task as UP_FOR_RETRY. dag_id=fin_cotacoes_bcb_classic, task_id=create_table_postgres, run_id=scheduled__2025-01-01T00:00:00+00:00, execution_date=20250101T000000, start_date=20250707T135232, end_date=20250707T135233
[2025-07-07T13:52:33.155+0000] {standard_task_runner.py:110} ERROR - Failed to execute job 1699 for task create_table_postgres (could not translate host name "host.docker.internal" to address: Name or service not known
; 54367)
[2025-07-07T13:52:33.204+0000] {local_task_job_runner.py:240} INFO - Task exited with return code 1
[2025-07-07T13:52:33.237+0000] {taskinstance.py:3503} INFO - 0 downstream tasks scheduled from follow-on schedule check
[2025-07-07T13:52:33.239+0000] {local_task_job_runner.py:222} INFO - ::endgroup::
[2025-07-07T14:01:31.987+0000] {local_task_job_runner.py:120} INFO - ::group::Pre task execution logs
[2025-07-07T14:01:32.061+0000] {taskinstance.py:2076} INFO - Dependencies all met for dep_context=non-requeueable deps ti=<TaskInstance: fin_cotacoes_bcb_classic.create_table_postgres scheduled__2025-01-01T00:00:00+00:00 [queued]>
[2025-07-07T14:01:32.079+0000] {taskinstance.py:2076} INFO - Dependencies all met for dep_context=requeueable deps ti=<TaskInstance: fin_cotacoes_bcb_classic.create_table_postgres scheduled__2025-01-01T00:00:00+00:00 [queued]>
[2025-07-07T14:01:32.080+0000] {taskinstance.py:2306} INFO - Starting attempt 1 of 2
[2025-07-07T14:01:32.325+0000] {taskinstance.py:2330} INFO - Executing <Task(SQLExecuteQueryOperator): create_table_postgres> on 2025-01-01 00:00:00+00:00
[2025-07-07T14:01:32.347+0000] {logging_mixin.py:188} WARNING - /home/***/.local/lib/python3.12/site-packages/***/task/task_runner/standard_task_runner.py:61 DeprecationWarning: This process (pid=59285) is multi-threaded, use of fork() may lead to deadlocks in the child.
[2025-07-07T14:01:32.348+0000] {standard_task_runner.py:63} INFO - Started process 59358 to run task
[2025-07-07T14:01:32.348+0000] {standard_task_runner.py:90} INFO - Running: ['***', 'tasks', 'run', 'fin_cotacoes_bcb_classic', 'create_table_postgres', 'scheduled__2025-01-01T00:00:00+00:00', '--job-id', '1785', '--raw', '--subdir', 'DAGS_FOLDER/cotacoes.py', '--cfg-path', '/tmp/tmp52km8mq9']
[2025-07-07T14:01:32.355+0000] {standard_task_runner.py:91} INFO - Job 1785: Subtask create_table_postgres
[2025-07-07T14:01:32.464+0000] {task_command.py:426} INFO - Running <TaskInstance: fin_cotacoes_bcb_classic.create_table_postgres scheduled__2025-01-01T00:00:00+00:00 [running]> on host bc96ca91d307
[2025-07-07T14:01:32.626+0000] {taskinstance.py:2648} INFO - Exporting env vars: AIRFLOW_CTX_DAG_OWNER='***' AIRFLOW_CTX_DAG_ID='fin_cotacoes_bcb_classic' AIRFLOW_CTX_TASK_ID='create_table_postgres' AIRFLOW_CTX_EXECUTION_DATE='2025-01-01T00:00:00+00:00' AIRFLOW_CTX_TRY_NUMBER='1' AIRFLOW_CTX_DAG_RUN_ID='scheduled__2025-01-01T00:00:00+00:00'
[2025-07-07T14:01:32.628+0000] {taskinstance.py:430} INFO - ::endgroup::
[2025-07-07T14:01:32.628+0000] {sql.py:276} INFO - Executing: 
CREATE TABLE IF NOT EXISTS cotacoes (
    dt_fechamento DATE,
    cod_moeda TEXT,
    tipo_moeda TEXT,
    desc_moeda TEXT,
    taxa_compra REAL,
    taxa_venda REAL,
    paridade_compra REAL,
    paridade_venda REAL,
    data_processamento TIMESTAMP,
    CONSTRAINT table_pk PRIMARY KEY (dt_fechamento, cod_moeda)
);
[2025-07-07T14:01:32.641+0000] {base.py:84} INFO - Using connection ID '***-postgres' for task execution.
[2025-07-07T14:01:32.662+0000] {base.py:84} INFO - Using connection ID '***-postgres' for task execution.
[2025-07-07T14:01:32.681+0000] {taskinstance.py:441} INFO - ::group::Post task execution logs
[2025-07-07T14:01:32.682+0000] {taskinstance.py:2905} ERROR - Task failed with exception
Traceback (most recent call last):
  File "/home/airflow/.local/lib/python3.12/site-packages/airflow/models/taskinstance.py", line 465, in _execute_task
    result = _execute_callable(context=context, **execute_callable_kwargs)
             ^^^^^^^^^^^^^^^^^^^^^^^^^^^^^^^^^^^^^^^^^^^^^^^^^^^^^^^^^^^^^
  File "/home/airflow/.local/lib/python3.12/site-packages/airflow/models/taskinstance.py", line 432, in _execute_callable
    return execute_callable(context=context, **execute_callable_kwargs)
           ^^^^^^^^^^^^^^^^^^^^^^^^^^^^^^^^^^^^^^^^^^^^^^^^^^^^^^^^^^^^
  File "/home/airflow/.local/lib/python3.12/site-packages/airflow/models/baseoperator.py", line 401, in wrapper
    return func(self, *args, **kwargs)
           ^^^^^^^^^^^^^^^^^^^^^^^^^^^
  File "/home/airflow/.local/lib/python3.12/site-packages/airflow/providers/common/sql/operators/sql.py", line 282, in execute
    output = hook.run(
             ^^^^^^^^^
  File "/home/airflow/.local/lib/python3.12/site-packages/airflow/providers/common/sql/hooks/sql.py", line 431, in run
    with self._create_autocommit_connection(autocommit) as conn:
  File "/usr/local/lib/python3.12/contextlib.py", line 137, in __enter__
    return next(self.gen)
           ^^^^^^^^^^^^^^
  File "/home/airflow/.local/lib/python3.12/site-packages/airflow/providers/common/sql/hooks/sql.py", line 551, in _create_autocommit_connection
    with closing(self.get_conn()) as conn:
                 ^^^^^^^^^^^^^^^
  File "/home/airflow/.local/lib/python3.12/site-packages/airflow/providers/postgres/hooks/postgres.py", line 175, in get_conn
    self.conn = psycopg2.connect(**conn_args)
                ^^^^^^^^^^^^^^^^^^^^^^^^^^^^^
  File "/home/airflow/.local/lib/python3.12/site-packages/psycopg2/__init__.py", line 122, in connect
    conn = _connect(dsn, connection_factory=connection_factory, **kwasync)
           ^^^^^^^^^^^^^^^^^^^^^^^^^^^^^^^^^^^^^^^^^^^^^^^^^^^^^^^^^^^^^^^
psycopg2.OperationalError: could not translate host name "host.gateway.docker.internal" to address: Name or service not known

[2025-07-07T14:01:32.698+0000] {taskinstance.py:1206} INFO - Marking task as UP_FOR_RETRY. dag_id=fin_cotacoes_bcb_classic, task_id=create_table_postgres, run_id=scheduled__2025-01-01T00:00:00+00:00, execution_date=20250101T000000, start_date=20250707T140132, end_date=20250707T140132
[2025-07-07T14:01:32.717+0000] {standard_task_runner.py:110} ERROR - Failed to execute job 1785 for task create_table_postgres (could not translate host name "host.gateway.docker.internal" to address: Name or service not known
; 59358)
[2025-07-07T14:01:32.773+0000] {local_task_job_runner.py:240} INFO - Task exited with return code 1
[2025-07-07T14:01:32.819+0000] {taskinstance.py:3503} INFO - 0 downstream tasks scheduled from follow-on schedule check
[2025-07-07T14:01:32.823+0000] {local_task_job_runner.py:222} INFO - ::endgroup::
[2025-07-07T14:14:49.777+0000] {local_task_job_runner.py:120} INFO - ::group::Pre task execution logs
[2025-07-07T14:14:49.812+0000] {taskinstance.py:2076} INFO - Dependencies all met for dep_context=non-requeueable deps ti=<TaskInstance: fin_cotacoes_bcb_classic.create_table_postgres scheduled__2025-01-01T00:00:00+00:00 [queued]>
[2025-07-07T14:14:49.819+0000] {taskinstance.py:2076} INFO - Dependencies all met for dep_context=requeueable deps ti=<TaskInstance: fin_cotacoes_bcb_classic.create_table_postgres scheduled__2025-01-01T00:00:00+00:00 [queued]>
[2025-07-07T14:14:49.819+0000] {taskinstance.py:2306} INFO - Starting attempt 1 of 2
[2025-07-07T14:14:49.833+0000] {taskinstance.py:2330} INFO - Executing <Task(SQLExecuteQueryOperator): create_table_postgres> on 2025-01-01 00:00:00+00:00
[2025-07-07T14:14:49.843+0000] {logging_mixin.py:188} WARNING - /home/***/.local/lib/python3.12/site-packages/***/task/task_runner/standard_task_runner.py:61 DeprecationWarning: This process (pid=66814) is multi-threaded, use of fork() may lead to deadlocks in the child.
[2025-07-07T14:14:49.845+0000] {standard_task_runner.py:63} INFO - Started process 66845 to run task
[2025-07-07T14:14:49.846+0000] {standard_task_runner.py:90} INFO - Running: ['***', 'tasks', 'run', 'fin_cotacoes_bcb_classic', 'create_table_postgres', 'scheduled__2025-01-01T00:00:00+00:00', '--job-id', '1930', '--raw', '--subdir', 'DAGS_FOLDER/cotacoes.py', '--cfg-path', '/tmp/tmplt6uttd8']
[2025-07-07T14:14:49.847+0000] {standard_task_runner.py:91} INFO - Job 1930: Subtask create_table_postgres
[2025-07-07T14:14:49.906+0000] {task_command.py:426} INFO - Running <TaskInstance: fin_cotacoes_bcb_classic.create_table_postgres scheduled__2025-01-01T00:00:00+00:00 [running]> on host bc96ca91d307
[2025-07-07T14:14:50.012+0000] {taskinstance.py:2648} INFO - Exporting env vars: AIRFLOW_CTX_DAG_OWNER='***' AIRFLOW_CTX_DAG_ID='fin_cotacoes_bcb_classic' AIRFLOW_CTX_TASK_ID='create_table_postgres' AIRFLOW_CTX_EXECUTION_DATE='2025-01-01T00:00:00+00:00' AIRFLOW_CTX_TRY_NUMBER='1' AIRFLOW_CTX_DAG_RUN_ID='scheduled__2025-01-01T00:00:00+00:00'
[2025-07-07T14:14:50.014+0000] {taskinstance.py:430} INFO - ::endgroup::
[2025-07-07T14:14:50.014+0000] {sql.py:276} INFO - Executing: 
CREATE TABLE IF NOT EXISTS cotacoes (
    dt_fechamento DATE,
    cod_moeda TEXT,
    tipo_moeda TEXT,
    desc_moeda TEXT,
    taxa_compra REAL,
    taxa_venda REAL,
    paridade_compra REAL,
    paridade_venda REAL,
    data_processamento TIMESTAMP,
    CONSTRAINT table_pk PRIMARY KEY (dt_fechamento, cod_moeda)
);
[2025-07-07T14:14:50.024+0000] {base.py:84} INFO - Using connection ID '***-postgres' for task execution.
[2025-07-07T14:14:50.036+0000] {base.py:84} INFO - Using connection ID '***-postgres' for task execution.
[2025-07-07T14:14:50.043+0000] {sql.py:487} INFO - Running statement: 
CREATE TABLE IF NOT EXISTS cotacoes (
    dt_fechamento DATE,
    cod_moeda TEXT,
    tipo_moeda TEXT,
    desc_moeda TEXT,
    taxa_compra REAL,
    taxa_venda REAL,
    paridade_compra REAL,
    paridade_venda REAL,
    data_processamento TIMESTAMP,
    CONSTRAINT table_pk PRIMARY KEY (dt_fechamento, cod_moeda)
);, parameters: None
[2025-07-07T14:14:50.058+0000] {taskinstance.py:441} INFO - ::group::Post task execution logs
[2025-07-07T14:14:50.083+0000] {taskinstance.py:1206} INFO - Marking task as SUCCESS. dag_id=fin_cotacoes_bcb_classic, task_id=create_table_postgres, run_id=scheduled__2025-01-01T00:00:00+00:00, execution_date=20250101T000000, start_date=20250707T141449, end_date=20250707T141450
[2025-07-07T14:14:50.150+0000] {local_task_job_runner.py:240} INFO - Task exited with return code 0
[2025-07-07T14:14:50.163+0000] {local_task_job_runner.py:222} INFO - ::endgroup::
[2025-07-07T14:32:43.225+0000] {local_task_job_runner.py:120} INFO - ::group::Pre task execution logs
[2025-07-07T14:32:43.359+0000] {taskinstance.py:2076} INFO - Dependencies all met for dep_context=non-requeueable deps ti=<TaskInstance: fin_cotacoes_bcb_classic.create_table_postgres scheduled__2025-01-01T00:00:00+00:00 [queued]>
[2025-07-07T14:32:43.387+0000] {taskinstance.py:2076} INFO - Dependencies all met for dep_context=requeueable deps ti=<TaskInstance: fin_cotacoes_bcb_classic.create_table_postgres scheduled__2025-01-01T00:00:00+00:00 [queued]>
[2025-07-07T14:32:43.387+0000] {taskinstance.py:2306} INFO - Starting attempt 1 of 2
[2025-07-07T14:32:43.479+0000] {taskinstance.py:2330} INFO - Executing <Task(SQLExecuteQueryOperator): create_table_postgres> on 2025-01-01 00:00:00+00:00
[2025-07-07T14:32:43.519+0000] {logging_mixin.py:188} WARNING - /home/***/.local/lib/python3.12/site-packages/***/task/task_runner/standard_task_runner.py:61 DeprecationWarning: This process (pid=76972) is multi-threaded, use of fork() may lead to deadlocks in the child.
[2025-07-07T14:32:43.524+0000] {standard_task_runner.py:63} INFO - Started process 77021 to run task
[2025-07-07T14:32:43.527+0000] {standard_task_runner.py:90} INFO - Running: ['***', 'tasks', 'run', 'fin_cotacoes_bcb_classic', 'create_table_postgres', 'scheduled__2025-01-01T00:00:00+00:00', '--job-id', '2189', '--raw', '--subdir', 'DAGS_FOLDER/cotacoes.py', '--cfg-path', '/tmp/tmpx4mad2pe']
[2025-07-07T14:32:43.542+0000] {standard_task_runner.py:91} INFO - Job 2189: Subtask create_table_postgres
[2025-07-07T14:32:43.725+0000] {task_command.py:426} INFO - Running <TaskInstance: fin_cotacoes_bcb_classic.create_table_postgres scheduled__2025-01-01T00:00:00+00:00 [running]> on host bc96ca91d307
[2025-07-07T14:32:43.982+0000] {taskinstance.py:2648} INFO - Exporting env vars: AIRFLOW_CTX_DAG_OWNER='***' AIRFLOW_CTX_DAG_ID='fin_cotacoes_bcb_classic' AIRFLOW_CTX_TASK_ID='create_table_postgres' AIRFLOW_CTX_EXECUTION_DATE='2025-01-01T00:00:00+00:00' AIRFLOW_CTX_TRY_NUMBER='1' AIRFLOW_CTX_DAG_RUN_ID='scheduled__2025-01-01T00:00:00+00:00'
[2025-07-07T14:32:43.987+0000] {taskinstance.py:430} INFO - ::endgroup::
[2025-07-07T14:32:43.988+0000] {sql.py:276} INFO - Executing: 
CREATE TABLE IF NOT EXISTS cotacoes (
    dt_fechamento DATE,
    cod_moeda TEXT,
    tipo_moeda TEXT,
    desc_moeda TEXT,
    taxa_compra REAL,
    taxa_venda REAL,
    paridade_compra REAL,
    paridade_venda REAL,
    data_processamento TIMESTAMP,
    CONSTRAINT table_pk PRIMARY KEY (dt_fechamento, cod_moeda)
);
[2025-07-07T14:32:44.023+0000] {base.py:84} INFO - Using connection ID '***-postgres' for task execution.
[2025-07-07T14:32:44.042+0000] {base.py:84} INFO - Using connection ID '***-postgres' for task execution.
[2025-07-07T14:32:44.048+0000] {sql.py:487} INFO - Running statement: 
CREATE TABLE IF NOT EXISTS cotacoes (
    dt_fechamento DATE,
    cod_moeda TEXT,
    tipo_moeda TEXT,
    desc_moeda TEXT,
    taxa_compra REAL,
    taxa_venda REAL,
    paridade_compra REAL,
    paridade_venda REAL,
    data_processamento TIMESTAMP,
    CONSTRAINT table_pk PRIMARY KEY (dt_fechamento, cod_moeda)
);, parameters: None
[2025-07-07T14:32:44.052+0000] {taskinstance.py:441} INFO - ::group::Post task execution logs
[2025-07-07T14:32:44.068+0000] {taskinstance.py:1206} INFO - Marking task as SUCCESS. dag_id=fin_cotacoes_bcb_classic, task_id=create_table_postgres, run_id=scheduled__2025-01-01T00:00:00+00:00, execution_date=20250101T000000, start_date=20250707T143243, end_date=20250707T143244
[2025-07-07T14:32:44.146+0000] {local_task_job_runner.py:240} INFO - Task exited with return code 0
[2025-07-07T14:32:44.199+0000] {taskinstance.py:3503} INFO - 1 downstream tasks scheduled from follow-on schedule check
[2025-07-07T14:32:44.203+0000] {local_task_job_runner.py:222} INFO - ::endgroup::
[2025-07-07T15:10:00.981+0000] {local_task_job_runner.py:120} INFO - ::group::Pre task execution logs
[2025-07-07T15:10:01.058+0000] {taskinstance.py:2076} INFO - Dependencies all met for dep_context=non-requeueable deps ti=<TaskInstance: fin_cotacoes_bcb_classic.create_table_postgres scheduled__2025-01-01T00:00:00+00:00 [queued]>
[2025-07-07T15:10:01.083+0000] {taskinstance.py:2076} INFO - Dependencies all met for dep_context=requeueable deps ti=<TaskInstance: fin_cotacoes_bcb_classic.create_table_postgres scheduled__2025-01-01T00:00:00+00:00 [queued]>
[2025-07-07T15:10:01.083+0000] {taskinstance.py:2306} INFO - Starting attempt 1 of 2
[2025-07-07T15:10:01.131+0000] {taskinstance.py:2330} INFO - Executing <Task(SQLExecuteQueryOperator): create_table_postgres> on 2025-01-01 00:00:00+00:00
[2025-07-07T15:10:01.150+0000] {logging_mixin.py:188} WARNING - /home/***/.local/lib/python3.12/site-packages/***/task/task_runner/standard_task_runner.py:61 DeprecationWarning: This process (pid=101537) is multi-threaded, use of fork() may lead to deadlocks in the child.
[2025-07-07T15:10:01.151+0000] {standard_task_runner.py:63} INFO - Started process 101632 to run task
[2025-07-07T15:10:01.154+0000] {standard_task_runner.py:90} INFO - Running: ['***', 'tasks', 'run', 'fin_cotacoes_bcb_classic', 'create_table_postgres', 'scheduled__2025-01-01T00:00:00+00:00', '--job-id', '3853', '--raw', '--subdir', 'DAGS_FOLDER/cotacoes.py', '--cfg-path', '/tmp/tmp9181cm4u']
[2025-07-07T15:10:01.158+0000] {standard_task_runner.py:91} INFO - Job 3853: Subtask create_table_postgres
[2025-07-07T15:10:01.306+0000] {task_command.py:426} INFO - Running <TaskInstance: fin_cotacoes_bcb_classic.create_table_postgres scheduled__2025-01-01T00:00:00+00:00 [running]> on host bc96ca91d307
[2025-07-07T15:10:01.542+0000] {taskinstance.py:2648} INFO - Exporting env vars: AIRFLOW_CTX_DAG_OWNER='***' AIRFLOW_CTX_DAG_ID='fin_cotacoes_bcb_classic' AIRFLOW_CTX_TASK_ID='create_table_postgres' AIRFLOW_CTX_EXECUTION_DATE='2025-01-01T00:00:00+00:00' AIRFLOW_CTX_TRY_NUMBER='1' AIRFLOW_CTX_DAG_RUN_ID='scheduled__2025-01-01T00:00:00+00:00'
[2025-07-07T15:10:01.543+0000] {taskinstance.py:430} INFO - ::endgroup::
[2025-07-07T15:10:01.543+0000] {sql.py:276} INFO - Executing: 
CREATE TABLE IF NOT EXISTS cotacoes (
    dt_fechamento DATE,
    cod_moeda TEXT,
    tipo_moeda TEXT,
    desc_moeda TEXT,
    taxa_compra REAL,
    taxa_venda REAL,
    paridade_compra REAL,
    paridade_venda REAL,
    data_processamento TIMESTAMP,
    CONSTRAINT table_pk PRIMARY KEY (dt_fechamento, cod_moeda)
);
[2025-07-07T15:10:01.574+0000] {base.py:84} INFO - Using connection ID '***-postgres' for task execution.
[2025-07-07T15:10:01.599+0000] {base.py:84} INFO - Using connection ID '***-postgres' for task execution.
[2025-07-07T15:10:01.610+0000] {sql.py:487} INFO - Running statement: 
CREATE TABLE IF NOT EXISTS cotacoes (
    dt_fechamento DATE,
    cod_moeda TEXT,
    tipo_moeda TEXT,
    desc_moeda TEXT,
    taxa_compra REAL,
    taxa_venda REAL,
    paridade_compra REAL,
    paridade_venda REAL,
    data_processamento TIMESTAMP,
    CONSTRAINT table_pk PRIMARY KEY (dt_fechamento, cod_moeda)
);, parameters: None
[2025-07-07T15:10:01.616+0000] {taskinstance.py:441} INFO - ::group::Post task execution logs
[2025-07-07T15:10:01.635+0000] {taskinstance.py:1206} INFO - Marking task as SUCCESS. dag_id=fin_cotacoes_bcb_classic, task_id=create_table_postgres, run_id=scheduled__2025-01-01T00:00:00+00:00, execution_date=20250101T000000, start_date=20250707T151001, end_date=20250707T151001
[2025-07-07T15:10:01.695+0000] {local_task_job_runner.py:240} INFO - Task exited with return code 0
[2025-07-07T15:10:01.806+0000] {taskinstance.py:3503} INFO - 0 downstream tasks scheduled from follow-on schedule check
[2025-07-07T15:10:01.816+0000] {local_task_job_runner.py:222} INFO - ::endgroup::
