[2025-07-07T15:09:39.685+0000] {local_task_job_runner.py:120} INFO - ::group::Pre task execution logs
[2025-07-07T15:09:39.789+0000] {taskinstance.py:2076} INFO - Dependencies all met for dep_context=non-requeueable deps ti=<TaskInstance: fin_cotacoes_bcb_classic.extract scheduled__2024-12-13T00:00:00+00:00 [queued]>
[2025-07-07T15:09:39.813+0000] {taskinstance.py:2076} INFO - Dependencies all met for dep_context=requeueable deps ti=<TaskInstance: fin_cotacoes_bcb_classic.extract scheduled__2024-12-13T00:00:00+00:00 [queued]>
[2025-07-07T15:09:39.813+0000] {taskinstance.py:2306} INFO - Starting attempt 1 of 2
[2025-07-07T15:09:39.862+0000] {taskinstance.py:2330} INFO - Executing <Task(PythonOperator): extract> on 2024-12-13 00:00:00+00:00
[2025-07-07T15:09:39.880+0000] {standard_task_runner.py:90} INFO - Running: ['***', 'tasks', 'run', 'fin_cotacoes_bcb_classic', 'extract', 'scheduled__2024-12-13T00:00:00+00:00', '--job-id', '3795', '--raw', '--subdir', 'DAGS_FOLDER/cotacoes.py', '--cfg-path', '/tmp/tmpjn1z2z5r']
[2025-07-07T15:09:39.884+0000] {standard_task_runner.py:91} INFO - Job 3795: Subtask extract
[2025-07-07T15:09:39.888+0000] {logging_mixin.py:188} WARNING - /home/***/.local/lib/python3.12/site-packages/***/task/task_runner/standard_task_runner.py:61 DeprecationWarning: This process (pid=101251) is multi-threaded, use of fork() may lead to deadlocks in the child.
[2025-07-07T15:09:39.900+0000] {standard_task_runner.py:63} INFO - Started process 101279 to run task
[2025-07-07T15:09:40.034+0000] {task_command.py:426} INFO - Running <TaskInstance: fin_cotacoes_bcb_classic.extract scheduled__2024-12-13T00:00:00+00:00 [running]> on host bc96ca91d307
[2025-07-07T15:09:40.352+0000] {taskinstance.py:2648} INFO - Exporting env vars: AIRFLOW_CTX_DAG_OWNER='***' AIRFLOW_CTX_DAG_ID='fin_cotacoes_bcb_classic' AIRFLOW_CTX_TASK_ID='extract' AIRFLOW_CTX_EXECUTION_DATE='2024-12-13T00:00:00+00:00' AIRFLOW_CTX_TRY_NUMBER='1' AIRFLOW_CTX_DAG_RUN_ID='scheduled__2024-12-13T00:00:00+00:00'
[2025-07-07T15:09:40.354+0000] {taskinstance.py:430} INFO - ::endgroup::
[2025-07-07T15:09:40.354+0000] {cotacoes.py:35} INFO - Iniciando extração da URL: https://www4.bcb.gov.br/Download/fechamento/20241213.csv
[2025-07-07T15:09:40.714+0000] {cotacoes.py:41} INFO - Extração concluída com sucesso.
[2025-07-07T15:09:40.716+0000] {python.py:237} INFO - Done. Returned value was: 13/12/2024;005;A;AFN;0,08613000;0,08638000;69,92000000;70,12000000
13/12/2024;009;A;ETB;0,04666000;0,04854000;124,43710000;129,43710000
13/12/2024;015;A;THB;0,17680000;0,17710000;34,10000000;34,15000000
13/12/2024;020;A;PAB;6,03940000;6,04000000;1,00000000;1,00000000
13/12/2024;027;A;VES;0,12100000;0,12130000;49,78200000;49,90680000
13/12/2024;030;A;BOB;0,86150000;0,88050000;6,86000000;7,01000000
13/12/2024;035;A;GHS;0,40950000;0,41230000;14,65000000;14,75000000
13/12/2024;040;A;CRC;0,01189000;0,01204000;501,82000000;507,97000000
13/12/2024;045;A;SVC;0,68940000;0,69030000;8,74980000;8,75980000
13/12/2024;051;A;NIO;0,16320000;0,16500000;36,60000000;37,00000000
13/12/2024;055;A;DKK;0,84930000;0,84950000;7,10970000;7,11100000
13/12/2024;060;A;ISK;0,04345000;0,04351000;138,81000000;139,01000000
13/12/2024;065;A;NOK;0,54150000;0,54170000;11,14910000;11,15230000
13/12/2024;070;A;SEK;0,54950000;0,55000000;10,98180000;10,99080000
13/12/2024;075;A;CZK;0,25310000;0,25320000;23,85300000;23,86200000
13/12/2024;090;A;GMD;0,08273000;0,08401000;71,90000000;73,00000000
13/12/2024;095;A;DZD;0,04504000;0,04523000;133,53720000;134,08740000
13/12/2024;100;A;KWD;19,59570000;19,65510000;0,30730000;0,30820000
13/12/2024;105;A;BHD;16,00690000;16,01700000;0,37710000;0,37730000
13/12/2024;115;A;IQD;0,00460700;0,00461400;1309,00000000;1311,00000000
13/12/2024;125;A;JOD;8,50620000;8,51180000;0,70960000;0,71000000
13/12/2024;130;A;LYD;1,23380000;1,23960000;4,87260000;4,89490000
13/12/2024;132;A;MKD;0,10230000;0,10320000;58,54000000;59,04000000
13/12/2024;133;A;RSD;0,05408000;0,05425000;111,33000000;111,67000000
13/12/2024;134;A;SDG;0,01003000;0,01009000;598,80020000;602,14120000
13/12/2024;135;A;TND;1,90240000;1,90430000;3,17170000;3,17470000
13/12/2024;136;A;SSP;0,00160600;0,00164600;3669,67770000;3759,67770000
13/12/2024;138;B;SDR;7,91770000;7,91840000;1,31100000;1,31100000
13/12/2024;139;A;MAD;0,60460000;0,60500000;9,98380000;9,98880000
13/12/2024;145;A;AED;1,64410000;1,64460000;3,67270000;3,67330000
13/12/2024;149;A;STN;0,25340000;0,25860000;23,35780000;23,83670000
13/12/2024;150;B;AUD;3,83920000;3,84140000;0,63570000;0,63600000
13/12/2024;155;A;BSD;6,03940000;6,04000000;1,00000000;1,00000000
13/12/2024;160;A;BMD;6,03940000;6,04000000;1,00000000;1,00000000
13/12/2024;165;A;CAD;4,24090000;4,24250000;1,42370000;1,42410000
13/12/2024;170;A;GYD;0,02870000;0,02904000;207,98000000;210,45000000
13/12/2024;173;A;NAD;0,33780000;0,33780000;17,87780000;17,88080000
13/12/2024;175;A;BBD;2,96030000;3,02290000;1,99810000;2,04010000
13/12/2024;180;A;BZD;2,97040000;3,02270000;1,99820000;2,03320000
13/12/2024;185;A;BND;4,47430000;4,47770000;1,34890000;1,34980000
13/12/2024;190;A;KYD;7,23280000;7,29910000;0,82750000;0,83500000
13/12/2024;195;A;SGD;4,47430000;4,47770000;1,34890000;1,34980000
13/12/2024;197;B;CLF;235,10180000;235,12510000;38,92800000;38,92800000
13/12/2024;200;B;FJD;2,55230000;2,65520000;0,42260000;0,43960000
13/12/2024;205;A;HKD;0,77660000;0,77670000;7,77630000;7,77660000
13/12/2024;210;A;TTD;0,88480000;0,89400000;6,75640000;6,82600000
13/12/2024;215;A;XCD;2,22040000;2,23700000;2,70000000;2,72000000
13/12/2024;220;A;USD;6,03940000;6,04000000;1,00000000;1,00000000
13/12/2024;230;A;JMD;0,03839000;0,03884000;155,51000000;157,31000000
13/12/2024;235;A;LRD;0,03318000;0,03356000;180,00000000;182,00000000
13/12/2024;245;B;NZD;3,47690000;3,47960000;0,57570000;0,57610000
13/12/2024;250;B;SBD;0,70300000;0,74530000;0,11640000;0,12340000
13/12/2024;255;A;SRD;0,16940000;0,17330000;34,86000000;35,64500000
13/12/2024;260;A;VND;0,00023770;0,00023780;25400,00000000;25410,00000000
13/12/2024;275;A;AMD;0,01529000;0,01537000;393,01000000;395,01000000
13/12/2024;295;A;CVE;0,05693000;0,05746000;105,11000000;106,08000000
13/12/2024;325;A;ANG;3,31840000;3,38470000;1,78450000;1,82000000
13/12/2024;328;A;AWG;3,28230000;3,39330000;1,78000000;1,84000000
13/12/2024;345;A;HUF;0,01548000;0,01549000;389,94000000;390,10000000
13/12/2024;363;A;CDF;0,00210400;0,00214200;2820,00000000;2870,00000000
13/12/2024;365;A;BIF;0,00201300;0,00207400;2911,65000000;3000,00000000
13/12/2024;368;A;KMF;0,01283000;0,01289000;468,68000000;470,68000000
13/12/2024;370;A;XAF;0,00938600;0,00965900;625,32000000;643,44000000
13/12/2024;372;A;XOF;0,00957900;0,00968700;623,50000000;630,50000000
13/12/2024;380;A;XPF;0,05278000;0,05325000;113,43000000;114,43000000
13/12/2024;390;A;DJF;0,03382000;0,03401000;177,60000000;178,55000000
13/12/2024;398;A;GNF;0,00069540;0,00070390;8581,00000000;8685,00000000
13/12/2024;406;A;MGA;0,00127300;0,00128100;4715,41000000;4745,92000000
13/12/2024;420;A;RWF;0,00437100;0,00442600;1364,75000000;1381,75000000
13/12/2024;425;A;CHF;6,75700000;6,76070000;0,89340000;0,89380000
13/12/2024;440;A;HTG;0,04600000;0,04636000;130,27680000;131,28050000
13/12/2024;450;A;PYG;0,00077230;0,00077290;7815,14000000;7820,47000000
13/12/2024;460;A;UAH;0,14460000;0,14530000;41,58000000;41,78000000
13/12/2024;470;A;JPY;0,03930000;0,03931000;153,65000000;153,68000000
13/12/2024;482;A;GEL;2,11910000;2,18050000;2,77000000;2,85000000
13/12/2024;490;A;ALL;0,06385000;0,06519000;92,65000000;94,58000000
13/12/2024;495;A;HNL;0,23680000;0,23930000;25,24420000;25,50000000
13/12/2024;500;A;SLL;0,00026360;0,00026630;22683,00000000;22908,00000000
13/12/2024;503;A;MDL;0,33040000;0,33220000;18,18000000;18,28000000
13/12/2024;506;A;RON;1,27300000;1,27380000;4,74190000;4,74410000
13/12/2024;510;A;BGN;3,23900000;3,24120000;1,86350000;1,86460000
13/12/2024;530;B;GIP;7,64590000;7,65270000;1,26600000;1,26700000
13/12/2024;535;A;EGP;0,11870000;0,11900000;50,77000000;50,87000000
13/12/2024;540;B;GBP;7,61690000;7,62010000;1,26120000;1,26160000
13/12/2024;545;B;FKP;7,64590000;7,65270000;1,26600000;1,26700000
13/12/2024;560;A;LBP;0,00006740;0,00006750;89500,00000000;89600,00000000
13/12/2024;570;B;SHP;7,64170000;7,64850000;1,26530000;1,26630000
13/12/2024;575;A;SYP;0,00046420;0,00046460;13000,00000000;13010,00000000
13/12/2024;585;A;SZL;0,33770000;0,33820000;17,85900000;17,88170000
13/12/2024;603;A;LSL;0,33780000;0,33780000;17,87780000;17,88080000
13/12/2024;608;A;TMT;1,72320000;1,72830000;3,49470000;3,50470000
13/12/2024;622;A;MZN;0,09358000;0,09546000;63,27000000;64,54000000
13/12/2024;625;A;ERN;0,39860000;0,40270000;15,00000000;15,15000000
13/12/2024;630;A;NGN;0,00387300;0,00392300;1539,50000000;1559,50000000
13/12/2024;635;A;AOA;0,00646400;0,00662000;912,38900000;934,30100000
13/12/2024;640;A;TWD;0,18580000;0,18580000;32,50300000;32,50900000
13/12/2024;642;A;TRY;0,17280000;0,17280000;34,94610000;34,95210000
13/12/2024;660;A;PEN;1,61470000;1,61630000;3,73700000;3,74030000
13/12/2024;665;A;BTN;0,07120000;0,07125000;84,77000000;84,82500000
13/12/2024;670;A;MRO;0,01682000;0,01697000;356,00000000;359,00000000
13/12/2024;671;A;MRU;0,15090000;0,15230000;39,67010000;40,03010000
13/12/2024;680;B;TOP;2,46290000;2,61410000;0,40780000;0,43280000
13/12/2024;685;A;MOP;0,75320000;0,75410000;8,01000000;8,01800000
13/12/2024;706;A;ARS;0,00593300;0,00593600;1017,50000000;1018,00000000
13/12/2024;715;A;CLP;0,00612700;0,00613200;985,03000000;985,73000000
13/12/2024;720;A;COP;0,00139000;0,00139200;4338,75000000;4343,90000000
13/12/2024;721;B;COU;0,52120000;0,52130000;0,08630000;0,08630000
13/12/2024;725;A;CUP;0,25160000;0,25170000;24,00000000;24,00000000
13/12/2024;730;A;DOP;0,09919000;0,09982000;60,51000000;60,89000000
13/12/2024;735;A;PHP;0,10290000;0,10290000;58,67700000;58,69700000
13/12/2024;741;A;MXN;0,29960000;0,29980000;20,14770000;20,15820000
13/12/2024;745;A;UYU;0,13630000;0,13640000;44,28000000;44,31000000
13/12/2024;755;B;BWP;0,44330000;0,44510000;0,07340000;0,07370000
13/12/2024;760;A;MWK;0,00345100;0,00351800;1717,02000000;1750,32000000
13/12/2024;766;A;ZMW;0,21760000;0,21800000;27,70440000;27,75440000
13/12/2024;770;A;GTQ;0,78300000;0,78510000;7,69300000;7,71300000
13/12/2024;775;A;MMK;0,00286700;0,00288500;2093,70000000;2106,30000000
13/12/2024;778;B;PGK;1,47000000;1,51540000;0,24340000;0,25090000
13/12/2024;780;A;LAK;0,00027450;0,00027700;21808,00000000;22000,00000000
13/12/2024;785;A;ZAR;0,33770000;0,33790000;17,87740000;17,88220000
13/12/2024;795;A;CNY;0,83000000;0,83020000;7,27560000;7,27640000
13/12/2024;796;A;CNH;0,82980000;0,82990000;7,27760000;7,27790000
13/12/2024;800;A;QAR;1,65440000;1,65910000;3,64060000;3,65060000
13/12/2024;805;A;OMR;15,68270000;15,69240000;0,38490000;0,38510000
13/12/2024;810;A;YER;0,02417000;0,02422000;249,33000000;249,83000000
13/12/2024;815;A;IRR;0,00014380;0,00014380;42000,00000000;42005,00000000
13/12/2024;820;A;SAR;1,60720000;1,60760000;3,75720000;3,75760000
13/12/2024;825;A;KHR;0,00149900;0,00150700;4009,00000000;4029,00000000
13/12/2024;828;A;MYR;1,35630000;1,35820000;4,44700000;4,45300000
13/12/2024;830;A;RUB;0,05807000;0,05808000;103,99550000;104,00450000
13/12/2024;831;A;BYN;1,84180000;1,84930000;3,26610000;3,27910000
13/12/2024;835;A;TJS;0,55150000;0,55410000;10,90000000;10,95000000
13/12/2024;840;A;MUR;0,12800000;0,12880000;46,90000000;47,20000000
13/12/2024;845;A;NPR;0,04451000;0,04452000;135,66000000;135,68000000
13/12/2024;850;A;SCR;0,42200000;0,42210000;14,31110000;14,31150000
13/12/2024;855;A;LKR;0,02081000;0,02082000;290,15000000;290,25000000
13/12/2024;860;A;INR;0,07118000;0,07123000;84,79100000;84,84600000
13/12/2024;865;A;IDR;0,00037750;0,00037770;15990,00000000;15999,00000000
13/12/2024;870;A;MVR;0,38960000;0,39170000;15,42000000;15,50000000
13/12/2024;875;A;PKR;0,02171000;0,02173000;277,95000000;278,15000000
13/12/2024;880;A;ILS;1,67490000;1,67700000;3,60160000;3,60580000
13/12/2024;892;A;KGS;0,06953000;0,06959000;86,80000000;86,85430000
13/12/2024;893;A;UZS;0,00046870;0,00046910;12875,00000000;12885,00000000
13/12/2024;905;A;BDT;0,05033000;0,05076000;119,00000000;120,00000000
13/12/2024;912;B;WST;2,09690000;2,23000000;0,34720000;0,36920000
13/12/2024;913;A;KZT;0,01149000;0,01151000;524,85000000;525,40000000
13/12/2024;915;A;MNT;0,00176400;0,00176800;3417,00000000;3423,00000000
13/12/2024;920;A;VUV;0,04774000;0,04984000;121,20000000;126,50000000
13/12/2024;930;A;KRW;0,00421000;0,00421200;1434,01000000;1434,54000000
13/12/2024;946;A;TZS;0,00253800;0,00254900;2370,00000000;2380,00000000
13/12/2024;950;A;KES;0,04664000;0,04682000;129,00000000;129,50000000
13/12/2024;955;A;UGX;0,00165300;0,00165800;3643,00000000;3653,00000000
13/12/2024;960;A;SOS;0,01050000;0,01063000;568,00000000;575,00000000
13/12/2024;975;A;PLN;1,48480000;1,48550000;4,06610000;4,06760000
13/12/2024;978;B;EUR;6,33410000;6,33600000;1,04880000;1,04900000
13/12/2024;998;A;XAU;516,62960000;516,68090000;0,01169000;0,01169000

[2025-07-07T15:09:40.728+0000] {taskinstance.py:441} INFO - ::group::Post task execution logs
[2025-07-07T15:09:40.782+0000] {taskinstance.py:1206} INFO - Marking task as SUCCESS. dag_id=fin_cotacoes_bcb_classic, task_id=extract, run_id=scheduled__2024-12-13T00:00:00+00:00, execution_date=20241213T000000, start_date=20250707T150939, end_date=20250707T150940
[2025-07-07T15:09:40.842+0000] {local_task_job_runner.py:240} INFO - Task exited with return code 0
[2025-07-07T15:09:40.855+0000] {local_task_job_runner.py:222} INFO - ::endgroup::
