[2025-07-06T20:11:20.588+0000] {local_task_job_runner.py:120} INFO - ::group::Pre task execution logs
[2025-07-06T20:11:20.678+0000] {taskinstance.py:2076} INFO - Dependencies all met for dep_context=non-requeueable deps ti=<TaskInstance: fin_cotacoes_bcb_classic.extract scheduled__2025-06-20T00:00:00+00:00 [queued]>
[2025-07-06T20:11:20.688+0000] {taskinstance.py:2076} INFO - Dependencies all met for dep_context=requeueable deps ti=<TaskInstance: fin_cotacoes_bcb_classic.extract scheduled__2025-06-20T00:00:00+00:00 [queued]>
[2025-07-06T20:11:20.688+0000] {taskinstance.py:2306} INFO - Starting attempt 1 of 2
[2025-07-06T20:11:21.245+0000] {taskinstance.py:2330} INFO - Executing <Task(PythonOperator): extract> on 2025-06-20 00:00:00+00:00
[2025-07-06T20:11:21.289+0000] {standard_task_runner.py:90} INFO - Running: ['***', 'tasks', 'run', 'fin_cotacoes_bcb_classic', 'extract', 'scheduled__2025-06-20T00:00:00+00:00', '--job-id', '1422', '--raw', '--subdir', 'DAGS_FOLDER/cotacoes.py', '--cfg-path', '/tmp/tmpyqg03hae']
[2025-07-06T20:11:21.288+0000] {logging_mixin.py:188} WARNING - /home/***/.local/lib/python3.12/site-packages/***/task/task_runner/standard_task_runner.py:61 DeprecationWarning: This process (pid=1874) is multi-threaded, use of fork() may lead to deadlocks in the child.
[2025-07-06T20:11:21.293+0000] {standard_task_runner.py:63} INFO - Started process 1899 to run task
[2025-07-06T20:11:21.290+0000] {standard_task_runner.py:91} INFO - Job 1422: Subtask extract
[2025-07-06T20:11:21.464+0000] {task_command.py:426} INFO - Running <TaskInstance: fin_cotacoes_bcb_classic.extract scheduled__2025-06-20T00:00:00+00:00 [running]> on host bc96ca91d307
[2025-07-06T20:11:21.824+0000] {taskinstance.py:2648} INFO - Exporting env vars: AIRFLOW_CTX_DAG_OWNER='***' AIRFLOW_CTX_DAG_ID='fin_cotacoes_bcb_classic' AIRFLOW_CTX_TASK_ID='extract' AIRFLOW_CTX_EXECUTION_DATE='2025-06-20T00:00:00+00:00' AIRFLOW_CTX_TRY_NUMBER='1' AIRFLOW_CTX_DAG_RUN_ID='scheduled__2025-06-20T00:00:00+00:00'
[2025-07-06T20:11:21.826+0000] {taskinstance.py:430} INFO - ::endgroup::
[2025-07-06T20:11:21.827+0000] {cotacoes.py:37} INFO - Iniciando extração da URL: https://www4.bcb.gov.br/Download/fechamento/20250620.csv
[2025-07-06T20:11:22.152+0000] {cotacoes.py:43} INFO - Extração concluída com sucesso.
[2025-07-06T20:11:22.162+0000] {python.py:237} INFO - Done. Returned value was: 20/06/2025;005;A;AFN;0,07734000;0,07757000;70,85000000;71,05000000
20/06/2025;009;A;ETB;0,03934000;0,04081000;134,68100000;139,68100000
20/06/2025;015;A;THB;0,16750000;0,16770000;32,77000000;32,80000000
20/06/2025;020;A;PAB;5,49510000;5,49570000;1,00000000;1,00000000
20/06/2025;027;A;VES;0,05256000;0,05270000;104,28200000;104,54340000
20/06/2025;030;A;BOB;0,78390000;0,80110000;6,86000000;7,01000000
20/06/2025;035;A;GHS;0,53090000;0,53620000;10,25000000;10,35000000
20/06/2025;040;A;CRC;0,01083000;0,01094000;502,50000000;507,20000000
20/06/2025;045;A;SVC;0,62730000;0,62810000;8,74980000;8,75980000
20/06/2025;051;A;NIO;0,14850000;0,15020000;36,60000000;37,00000000
20/06/2025;055;A;DKK;0,84860000;0,84900000;6,47340000;6,47580000
20/06/2025;060;A;ISK;0,04423000;0,04433000;123,96000000;124,23000000
20/06/2025;065;A;NOK;0,54290000;0,54310000;10,11910000;10,12230000
20/06/2025;070;A;SEK;0,56780000;0,56800000;9,67590000;9,67870000
20/06/2025;075;A;CZK;0,25510000;0,25530000;21,52700000;21,54100000
20/06/2025;090;A;GMD;0,07528000;0,07575000;72,55000000;73,00000000
20/06/2025;095;A;DZD;0,04198000;0,04240000;129,61600000;130,91200000
20/06/2025;100;A;KWD;17,92270000;17,95390000;0,30610000;0,30660000
20/06/2025;105;A;BHD;14,56040000;14,57750000;0,37700000;0,37740000
20/06/2025;115;A;IQD;0,00419200;0,00419800;1309,00000000;1311,00000000
20/06/2025;125;A;JOD;7,73960000;7,76230000;0,70800000;0,71000000
20/06/2025;130;A;LYD;1,00560000;1,01080000;5,43690000;5,46460000
20/06/2025;132;A;MKD;0,10240000;0,10320000;53,24000000;53,65000000
20/06/2025;133;A;RSD;0,05394000;0,05410000;101,58000000;101,88000000
20/06/2025;134;A;SDG;0,00912600;0,00917800;598,80020000;602,14120000
20/06/2025;135;A;TND;1,87980000;1,88870000;2,90980000;2,92330000
20/06/2025;136;A;SSP;0,00119700;0,00123200;4460,83340000;4590,83340000
20/06/2025;138;B;SDR;7,49310000;7,49390000;1,36360000;1,36360000
20/06/2025;139;A;MAD;0,60110000;0,60200000;9,12920000;9,14120000
20/06/2025;145;A;AED;1,49620000;1,49670000;3,67190000;3,67280000
20/06/2025;149;A;STN;0,25320000;0,25850000;21,26360000;21,70130000
20/06/2025;150;B;AUD;3,54540000;3,54750000;0,64520000;0,64550000
20/06/2025;155;A;BSD;5,49510000;5,49570000;1,00000000;1,00000000
20/06/2025;160;A;BMD;5,49510000;5,49570000;1,00000000;1,00000000
20/06/2025;165;A;CAD;3,99930000;4,00010000;1,37390000;1,37400000
20/06/2025;170;A;GYD;0,02611000;0,02642000;207,98000000;210,45000000
20/06/2025;173;A;NAD;0,30550000;0,30550000;17,98650000;17,98950000
20/06/2025;175;A;BBD;2,69350000;2,75050000;1,99810000;2,04010000
20/06/2025;180;A;BZD;2,72410000;2,74760000;2,00020000;2,01720000
20/06/2025;185;A;BND;4,26940000;4,27280000;1,28620000;1,28710000
20/06/2025;190;A;KYD;6,58100000;6,64130000;0,82750000;0,83500000
20/06/2025;195;A;SGD;4,26940000;4,27280000;1,28620000;1,28710000
20/06/2025;197;B;CLF;228,75000000;228,77500000;41,62800000;41,62800000
20/06/2025;200;B;FJD;2,40190000;2,46320000;0,43710000;0,44820000
20/06/2025;205;A;HKD;0,70000000;0,70010000;7,84990000;7,85000000
20/06/2025;210;A;TTD;0,80500000;0,81230000;6,76560000;6,82600000
20/06/2025;215;A;XCD;2,02030000;2,04300000;2,69000000;2,72000000
20/06/2025;220;A;USD;5,49510000;5,49570000;1,00000000;1,00000000
20/06/2025;230;A;JMD;0,03428000;0,03467000;158,51000000;160,31000000
20/06/2025;235;A;LRD;0,02720000;0,02776000;198,00000000;202,00000000
20/06/2025;245;B;NZD;3,27840000;3,28150000;0,59660000;0,59710000
20/06/2025;250;B;SBD;0,61050000;0,67540000;0,11110000;0,12290000
20/06/2025;255;A;SRD;0,14020000;0,14310000;38,41500000;39,20000000
20/06/2025;260;A;VND;0,00021020;0,00021040;26119,00000000;26138,00000000
20/06/2025;275;A;AMD;0,01421000;0,01429000;384,68000000;386,68000000
20/06/2025;295;A;CVE;0,05690000;0,05743000;95,70000000;96,58000000
20/06/2025;325;A;ANG;3,01930000;3,07970000;1,78450000;1,82000000
20/06/2025;326;A;XCG;3,01930000;3,07970000;1,78450000;1,82000000
20/06/2025;328;A;AWG;2,98650000;3,08750000;1,78000000;1,84000000
20/06/2025;345;A;HUF;0,01571000;0,01572000;349,54000000;349,69000000
20/06/2025;363;A;CDF;0,00186300;0,00191800;2865,00000000;2950,00000000
20/06/2025;365;A;BIF;0,00182300;0,00186900;2940,95000000;3015,00000000
20/06/2025;368;A;KMF;0,01280000;0,01286000;427,25000000;429,25000000
20/06/2025;370;A;XAF;0,00937700;0,00965500;569,21000000;586,00000000
20/06/2025;372;A;XOF;0,00959000;0,00971000;566,00000000;573,00000000
20/06/2025;380;A;XPF;0,05275000;0,05322000;103,26000000;104,18000000
20/06/2025;390;A;DJF;0,03078000;0,03094000;177,60000000;178,55000000
20/06/2025;398;A;GNF;0,00063160;0,00063700;8628,00000000;8700,00000000
20/06/2025;406;A;MGA;0,00123200;0,00124000;4431,31000000;4460,31000000
20/06/2025;420;A;RWF;0,00381700;0,00386300;1422,56000000;1439,56000000
20/06/2025;425;A;CHF;6,71940000;6,72420000;0,81730000;0,81780000
20/06/2025;440;A;HTG;0,04181000;0,04213000;130,45020000;131,42570000
20/06/2025;450;A;PYG;0,00068630;0,00069080;7956,00000000;8007,00000000
20/06/2025;460;A;UAH;0,13090000;0,13120000;41,90000000;41,97000000
20/06/2025;470;A;JPY;0,03765000;0,03766000;145,92000000;145,94000000
20/06/2025;482;A;GEL;1,99530000;2,03850000;2,69600000;2,75400000
20/06/2025;490;A;ALL;0,06435000;0,06483000;84,77000000;85,40000000
20/06/2025;495;A;HNL;0,20970000;0,21110000;26,03400000;26,20000000
20/06/2025;500;A;SLL;0,00023990;0,00024230;22683,00000000;22908,00000000
20/06/2025;503;A;MDL;0,32020000;0,32210000;17,06000000;17,16000000
20/06/2025;506;A;RON;1,25840000;1,26020000;4,36110000;4,36680000
20/06/2025;510;A;BGN;3,23150000;3,23260000;1,70010000;1,70050000
20/06/2025;530;B;GIP;7,39920000;7,40550000;1,34650000;1,34750000
20/06/2025;535;A;EGP;0,10830000;0,10860000;50,62000000;50,72000000
20/06/2025;540;B;GBP;7,39750000;7,40110000;1,34620000;1,34670000
20/06/2025;545;B;FKP;7,39920000;7,40550000;1,34650000;1,34750000
20/06/2025;560;A;LBP;0,00006130;0,00006140;89500,00000000;89700,00000000
20/06/2025;570;B;SHP;7,39640000;7,39890000;1,34600000;1,34630000
20/06/2025;575;A;SYP;0,00042240;0,00042270;13000,00000000;13010,00000000
20/06/2025;585;A;SZL;0,30550000;0,30550000;17,98650000;17,98950000
20/06/2025;603;A;LSL;0,30550000;0,30550000;17,98650000;17,98950000
20/06/2025;608;A;TMT;1,56800000;1,57270000;3,49450000;3,50450000
20/06/2025;622;A;MZN;0,08514000;0,08686000;63,27000000;64,54000000
20/06/2025;625;A;ERN;0,36270000;0,36640000;15,00000000;15,15000000
20/06/2025;630;A;NGN;0,00354000;0,00355600;1545,59000000;1552,19000000
20/06/2025;635;A;AOA;0,00590600;0,00602600;911,95500000;930,50000000
20/06/2025;640;A;TWD;0,18570000;0,18590000;29,55700000;29,58700000
20/06/2025;642;A;TRY;0,13850000;0,13850000;39,66910000;39,68210000
20/06/2025;660;A;PEN;1,52730000;1,52790000;3,59700000;3,59800000
20/06/2025;665;A;BTN;0,06339000;0,06344000;86,63300000;86,68800000
20/06/2025;670;A;MRO;0,01531000;0,01544000;356,00000000;359,00000000
20/06/2025;671;A;MRU;0,13780000;0,13900000;39,53010000;39,89010000
20/06/2025;680;B;TOP;2,25080000;2,38840000;0,40960000;0,43460000
20/06/2025;685;A;MOP;0,67670000;0,68060000;8,07500000;8,12000000
20/06/2025;706;A;ARS;0,00471700;0,00472100;1164,00000000;1165,00000000
20/06/2025;715;A;CLP;0,00582900;0,00584900;939,65000000;942,65000000
20/06/2025;720;A;COP;0,00134600;0,00134700;4081,61000000;4083,60000000
20/06/2025;721;B;COU;0,50450000;0,50450000;0,09180000;0,09180000
20/06/2025;725;A;CUP;0,22900000;0,22900000;24,00000000;24,00000000
20/06/2025;730;A;DOP;0,09237000;0,09297000;59,11000000;59,49000000
20/06/2025;735;A;PHP;0,09599000;0,09605000;57,21800000;57,24600000
20/06/2025;741;A;MXN;0,28710000;0,28730000;19,13010000;19,14060000
20/06/2025;745;A;UYU;0,13440000;0,13450000;40,87000000;40,90000000
20/06/2025;755;B;BWP;0,40550000;0,41050000;0,07380000;0,07470000
20/06/2025;760;A;MWK;0,00314000;0,00320100;1717,02000000;1750,32000000
20/06/2025;766;A;ZMW;0,23770000;0,23820000;23,06790000;23,11790000
20/06/2025;770;A;GTQ;0,71330000;0,71520000;7,68400000;7,70400000
20/06/2025;775;A;MMK;0,00260900;0,00262500;2093,70000000;2106,30000000
20/06/2025;778;B;PGK;1,29410000;1,33550000;0,23550000;0,24300000
20/06/2025;780;A;LAK;0,00025340;0,00025610;21458,00000000;21688,00000000
20/06/2025;785;A;ZAR;0,30550000;0,30560000;17,98500000;17,99000000
20/06/2025;795;A;CNY;0,76520000;0,76560000;7,17850000;7,18120000
20/06/2025;796;A;CNH;0,76520000;0,76530000;7,18150000;7,18160000
20/06/2025;800;A;QAR;1,50570000;1,50920000;3,64150000;3,64950000
20/06/2025;805;A;OMR;14,26930000;14,27830000;0,38490000;0,38510000
20/06/2025;810;A;YER;0,02263000;0,02268000;242,35000000;242,85000000
20/06/2025;815;A;IRR;0,00013080;0,00013090;42000,00000000;42005,00000000
20/06/2025;820;A;SAR;1,46440000;1,46470000;3,75210000;3,75250000
20/06/2025;825;A;KHR;0,00136700;0,00137400;3999,00000000;4019,00000000
20/06/2025;828;A;MYR;1,29140000;1,29310000;4,25000000;4,25500000
20/06/2025;830;A;RUB;0,07000000;0,07001000;78,49550000;78,50450000
20/06/2025;831;A;BYN;1,67580000;1,68260000;3,26610000;3,27910000
20/06/2025;835;A;TJS;0,55230000;0,56080000;9,80000000;9,95000000
20/06/2025;840;A;MUR;0,12010000;0,12090000;45,47000000;45,77000000
20/06/2025;845;A;NPR;0,03966000;0,03967000;138,54000000;138,55000000
20/06/2025;850;A;SCR;0,36490000;0,38240000;14,36990000;15,06030000
20/06/2025;855;A;LKR;0,01828000;0,01829000;300,40000000;300,60000000
20/06/2025;860;A;INR;0,06343000;0,06348000;86,57700000;86,63200000
20/06/2025;865;A;IDR;0,00033530;0,00033550;16380,00000000;16390,00000000
20/06/2025;870;A;MVR;0,35450000;0,35640000;15,42000000;15,50000000
20/06/2025;875;A;PKR;0,01935000;0,01939000;283,50000000;284,00000000
20/06/2025;880;A;ILS;1,57390000;1,57640000;3,48630000;3,49130000
20/06/2025;892;A;KGS;0,06280000;0,06284000;87,45000000;87,50430000
20/06/2025;893;A;UZS;0,00043950;0,00043990;12491,94000000;12501,94000000
20/06/2025;905;A;BDT;0,04475000;0,04512000;121,80000000;122,80000000
20/06/2025;912;B;WST;1,93810000;2,05920000;0,35270000;0,37470000
20/06/2025;913;A;KZT;0,01053000;0,01055000;520,90000000;521,90000000
20/06/2025;915;A;MNT;0,00153200;0,00153500;3580,00000000;3586,00000000
20/06/2025;920;A;VUV;0,04457000;0,04649000;118,20000000;123,30000000
20/06/2025;930;A;KRW;0,00400100;0,00400300;1373,05000000;1373,55000000
20/06/2025;946;A;TZS;0,00205000;0,00209000;2630,00000000;2680,00000000
20/06/2025;950;A;KES;0,04247000;0,04260000;129,00000000;129,40000000
20/06/2025;955;A;UGX;0,00152200;0,00152700;3600,00000000;3610,00000000
20/06/2025;960;A;SOS;0,00955700;0,00967600;568,00000000;575,00000000
20/06/2025;975;A;PLN;1,48320000;1,48380000;3,70390000;3,70490000
20/06/2025;978;B;EUR;6,32980000;6,33160000;1,15190000;1,15210000
20/06/2025;998;A;XAU;595,22310000;595,28810000;0,00923200;0,00923200

[2025-07-06T20:11:22.163+0000] {taskinstance.py:441} INFO - ::group::Post task execution logs
[2025-07-06T20:11:22.217+0000] {taskinstance.py:1206} INFO - Marking task as SUCCESS. dag_id=fin_cotacoes_bcb_classic, task_id=extract, run_id=scheduled__2025-06-20T00:00:00+00:00, execution_date=20250620T000000, start_date=20250706T201120, end_date=20250706T201122
[2025-07-06T20:11:22.541+0000] {local_task_job_runner.py:240} INFO - Task exited with return code 0
[2025-07-06T20:11:22.561+0000] {logging_mixin.py:188} WARNING - /home/***/.local/lib/python3.12/site-packages/***/models/baseoperator.py:1297 AirflowProviderDeprecationWarning: Call to deprecated class PostgresOperator. (Please use `***.providers.common.sql.operators.sql.SQLExecuteQueryOperator`.Also, you can provide `hook_params={'schema': <database>}`.)
[2025-07-06T20:11:22.610+0000] {taskinstance.py:3503} INFO - 1 downstream tasks scheduled from follow-on schedule check
[2025-07-06T20:11:22.616+0000] {local_task_job_runner.py:222} INFO - ::endgroup::
[2025-07-07T14:36:00.797+0000] {local_task_job_runner.py:120} INFO - ::group::Pre task execution logs
[2025-07-07T14:36:00.911+0000] {taskinstance.py:2076} INFO - Dependencies all met for dep_context=non-requeueable deps ti=<TaskInstance: fin_cotacoes_bcb_classic.extract scheduled__2025-06-20T00:00:00+00:00 [queued]>
[2025-07-07T14:36:00.936+0000] {taskinstance.py:2076} INFO - Dependencies all met for dep_context=requeueable deps ti=<TaskInstance: fin_cotacoes_bcb_classic.extract scheduled__2025-06-20T00:00:00+00:00 [queued]>
[2025-07-07T14:36:00.938+0000] {taskinstance.py:2306} INFO - Starting attempt 1 of 2
[2025-07-07T14:36:01.099+0000] {taskinstance.py:2330} INFO - Executing <Task(PythonOperator): extract> on 2025-06-20 00:00:00+00:00
[2025-07-07T14:36:01.140+0000] {logging_mixin.py:188} WARNING - /home/***/.local/lib/python3.12/site-packages/***/task/task_runner/standard_task_runner.py:61 DeprecationWarning: This process (pid=80147) is multi-threaded, use of fork() may lead to deadlocks in the child.
[2025-07-07T14:36:01.141+0000] {standard_task_runner.py:63} INFO - Started process 80219 to run task
[2025-07-07T14:36:01.144+0000] {standard_task_runner.py:90} INFO - Running: ['***', 'tasks', 'run', 'fin_cotacoes_bcb_classic', 'extract', 'scheduled__2025-06-20T00:00:00+00:00', '--job-id', '2691', '--raw', '--subdir', 'DAGS_FOLDER/cotacoes.py', '--cfg-path', '/tmp/tmp1bftm8qe']
[2025-07-07T14:36:01.150+0000] {standard_task_runner.py:91} INFO - Job 2691: Subtask extract
[2025-07-07T14:36:01.365+0000] {task_command.py:426} INFO - Running <TaskInstance: fin_cotacoes_bcb_classic.extract scheduled__2025-06-20T00:00:00+00:00 [running]> on host bc96ca91d307
[2025-07-07T14:36:01.960+0000] {taskinstance.py:2648} INFO - Exporting env vars: AIRFLOW_CTX_DAG_OWNER='***' AIRFLOW_CTX_DAG_ID='fin_cotacoes_bcb_classic' AIRFLOW_CTX_TASK_ID='extract' AIRFLOW_CTX_EXECUTION_DATE='2025-06-20T00:00:00+00:00' AIRFLOW_CTX_TRY_NUMBER='1' AIRFLOW_CTX_DAG_RUN_ID='scheduled__2025-06-20T00:00:00+00:00'
[2025-07-07T14:36:01.962+0000] {taskinstance.py:430} INFO - ::endgroup::
[2025-07-07T14:36:01.962+0000] {cotacoes.py:35} INFO - Iniciando extração da URL: https://www4.bcb.gov.br/Download/fechamento/20250620.csv
[2025-07-07T14:36:02.430+0000] {cotacoes.py:41} INFO - Extração concluída com sucesso.
[2025-07-07T14:36:02.446+0000] {python.py:237} INFO - Done. Returned value was: 20/06/2025;005;A;AFN;0,07734000;0,07757000;70,85000000;71,05000000
20/06/2025;009;A;ETB;0,03934000;0,04081000;134,68100000;139,68100000
20/06/2025;015;A;THB;0,16750000;0,16770000;32,77000000;32,80000000
20/06/2025;020;A;PAB;5,49510000;5,49570000;1,00000000;1,00000000
20/06/2025;027;A;VES;0,05256000;0,05270000;104,28200000;104,54340000
20/06/2025;030;A;BOB;0,78390000;0,80110000;6,86000000;7,01000000
20/06/2025;035;A;GHS;0,53090000;0,53620000;10,25000000;10,35000000
20/06/2025;040;A;CRC;0,01083000;0,01094000;502,50000000;507,20000000
20/06/2025;045;A;SVC;0,62730000;0,62810000;8,74980000;8,75980000
20/06/2025;051;A;NIO;0,14850000;0,15020000;36,60000000;37,00000000
20/06/2025;055;A;DKK;0,84860000;0,84900000;6,47340000;6,47580000
20/06/2025;060;A;ISK;0,04423000;0,04433000;123,96000000;124,23000000
20/06/2025;065;A;NOK;0,54290000;0,54310000;10,11910000;10,12230000
20/06/2025;070;A;SEK;0,56780000;0,56800000;9,67590000;9,67870000
20/06/2025;075;A;CZK;0,25510000;0,25530000;21,52700000;21,54100000
20/06/2025;090;A;GMD;0,07528000;0,07575000;72,55000000;73,00000000
20/06/2025;095;A;DZD;0,04198000;0,04240000;129,61600000;130,91200000
20/06/2025;100;A;KWD;17,92270000;17,95390000;0,30610000;0,30660000
20/06/2025;105;A;BHD;14,56040000;14,57750000;0,37700000;0,37740000
20/06/2025;115;A;IQD;0,00419200;0,00419800;1309,00000000;1311,00000000
20/06/2025;125;A;JOD;7,73960000;7,76230000;0,70800000;0,71000000
20/06/2025;130;A;LYD;1,00560000;1,01080000;5,43690000;5,46460000
20/06/2025;132;A;MKD;0,10240000;0,10320000;53,24000000;53,65000000
20/06/2025;133;A;RSD;0,05394000;0,05410000;101,58000000;101,88000000
20/06/2025;134;A;SDG;0,00912600;0,00917800;598,80020000;602,14120000
20/06/2025;135;A;TND;1,87980000;1,88870000;2,90980000;2,92330000
20/06/2025;136;A;SSP;0,00119700;0,00123200;4460,83340000;4590,83340000
20/06/2025;138;B;SDR;7,49310000;7,49390000;1,36360000;1,36360000
20/06/2025;139;A;MAD;0,60110000;0,60200000;9,12920000;9,14120000
20/06/2025;145;A;AED;1,49620000;1,49670000;3,67190000;3,67280000
20/06/2025;149;A;STN;0,25320000;0,25850000;21,26360000;21,70130000
20/06/2025;150;B;AUD;3,54540000;3,54750000;0,64520000;0,64550000
20/06/2025;155;A;BSD;5,49510000;5,49570000;1,00000000;1,00000000
20/06/2025;160;A;BMD;5,49510000;5,49570000;1,00000000;1,00000000
20/06/2025;165;A;CAD;3,99930000;4,00010000;1,37390000;1,37400000
20/06/2025;170;A;GYD;0,02611000;0,02642000;207,98000000;210,45000000
20/06/2025;173;A;NAD;0,30550000;0,30550000;17,98650000;17,98950000
20/06/2025;175;A;BBD;2,69350000;2,75050000;1,99810000;2,04010000
20/06/2025;180;A;BZD;2,72410000;2,74760000;2,00020000;2,01720000
20/06/2025;185;A;BND;4,26940000;4,27280000;1,28620000;1,28710000
20/06/2025;190;A;KYD;6,58100000;6,64130000;0,82750000;0,83500000
20/06/2025;195;A;SGD;4,26940000;4,27280000;1,28620000;1,28710000
20/06/2025;197;B;CLF;228,75000000;228,77500000;41,62800000;41,62800000
20/06/2025;200;B;FJD;2,40190000;2,46320000;0,43710000;0,44820000
20/06/2025;205;A;HKD;0,70000000;0,70010000;7,84990000;7,85000000
20/06/2025;210;A;TTD;0,80500000;0,81230000;6,76560000;6,82600000
20/06/2025;215;A;XCD;2,02030000;2,04300000;2,69000000;2,72000000
20/06/2025;220;A;USD;5,49510000;5,49570000;1,00000000;1,00000000
20/06/2025;230;A;JMD;0,03428000;0,03467000;158,51000000;160,31000000
20/06/2025;235;A;LRD;0,02720000;0,02776000;198,00000000;202,00000000
20/06/2025;245;B;NZD;3,27840000;3,28150000;0,59660000;0,59710000
20/06/2025;250;B;SBD;0,61050000;0,67540000;0,11110000;0,12290000
20/06/2025;255;A;SRD;0,14020000;0,14310000;38,41500000;39,20000000
20/06/2025;260;A;VND;0,00021020;0,00021040;26119,00000000;26138,00000000
20/06/2025;275;A;AMD;0,01421000;0,01429000;384,68000000;386,68000000
20/06/2025;295;A;CVE;0,05690000;0,05743000;95,70000000;96,58000000
20/06/2025;325;A;ANG;3,01930000;3,07970000;1,78450000;1,82000000
20/06/2025;326;A;XCG;3,01930000;3,07970000;1,78450000;1,82000000
20/06/2025;328;A;AWG;2,98650000;3,08750000;1,78000000;1,84000000
20/06/2025;345;A;HUF;0,01571000;0,01572000;349,54000000;349,69000000
20/06/2025;363;A;CDF;0,00186300;0,00191800;2865,00000000;2950,00000000
20/06/2025;365;A;BIF;0,00182300;0,00186900;2940,95000000;3015,00000000
20/06/2025;368;A;KMF;0,01280000;0,01286000;427,25000000;429,25000000
20/06/2025;370;A;XAF;0,00937700;0,00965500;569,21000000;586,00000000
20/06/2025;372;A;XOF;0,00959000;0,00971000;566,00000000;573,00000000
20/06/2025;380;A;XPF;0,05275000;0,05322000;103,26000000;104,18000000
20/06/2025;390;A;DJF;0,03078000;0,03094000;177,60000000;178,55000000
20/06/2025;398;A;GNF;0,00063160;0,00063700;8628,00000000;8700,00000000
20/06/2025;406;A;MGA;0,00123200;0,00124000;4431,31000000;4460,31000000
20/06/2025;420;A;RWF;0,00381700;0,00386300;1422,56000000;1439,56000000
20/06/2025;425;A;CHF;6,71940000;6,72420000;0,81730000;0,81780000
20/06/2025;440;A;HTG;0,04181000;0,04213000;130,45020000;131,42570000
20/06/2025;450;A;PYG;0,00068630;0,00069080;7956,00000000;8007,00000000
20/06/2025;460;A;UAH;0,13090000;0,13120000;41,90000000;41,97000000
20/06/2025;470;A;JPY;0,03765000;0,03766000;145,92000000;145,94000000
20/06/2025;482;A;GEL;1,99530000;2,03850000;2,69600000;2,75400000
20/06/2025;490;A;ALL;0,06435000;0,06483000;84,77000000;85,40000000
20/06/2025;495;A;HNL;0,20970000;0,21110000;26,03400000;26,20000000
20/06/2025;500;A;SLL;0,00023990;0,00024230;22683,00000000;22908,00000000
20/06/2025;503;A;MDL;0,32020000;0,32210000;17,06000000;17,16000000
20/06/2025;506;A;RON;1,25840000;1,26020000;4,36110000;4,36680000
20/06/2025;510;A;BGN;3,23150000;3,23260000;1,70010000;1,70050000
20/06/2025;530;B;GIP;7,39920000;7,40550000;1,34650000;1,34750000
20/06/2025;535;A;EGP;0,10830000;0,10860000;50,62000000;50,72000000
20/06/2025;540;B;GBP;7,39750000;7,40110000;1,34620000;1,34670000
20/06/2025;545;B;FKP;7,39920000;7,40550000;1,34650000;1,34750000
20/06/2025;560;A;LBP;0,00006130;0,00006140;89500,00000000;89700,00000000
20/06/2025;570;B;SHP;7,39640000;7,39890000;1,34600000;1,34630000
20/06/2025;575;A;SYP;0,00042240;0,00042270;13000,00000000;13010,00000000
20/06/2025;585;A;SZL;0,30550000;0,30550000;17,98650000;17,98950000
20/06/2025;603;A;LSL;0,30550000;0,30550000;17,98650000;17,98950000
20/06/2025;608;A;TMT;1,56800000;1,57270000;3,49450000;3,50450000
20/06/2025;622;A;MZN;0,08514000;0,08686000;63,27000000;64,54000000
20/06/2025;625;A;ERN;0,36270000;0,36640000;15,00000000;15,15000000
20/06/2025;630;A;NGN;0,00354000;0,00355600;1545,59000000;1552,19000000
20/06/2025;635;A;AOA;0,00590600;0,00602600;911,95500000;930,50000000
20/06/2025;640;A;TWD;0,18570000;0,18590000;29,55700000;29,58700000
20/06/2025;642;A;TRY;0,13850000;0,13850000;39,66910000;39,68210000
20/06/2025;660;A;PEN;1,52730000;1,52790000;3,59700000;3,59800000
20/06/2025;665;A;BTN;0,06339000;0,06344000;86,63300000;86,68800000
20/06/2025;670;A;MRO;0,01531000;0,01544000;356,00000000;359,00000000
20/06/2025;671;A;MRU;0,13780000;0,13900000;39,53010000;39,89010000
20/06/2025;680;B;TOP;2,25080000;2,38840000;0,40960000;0,43460000
20/06/2025;685;A;MOP;0,67670000;0,68060000;8,07500000;8,12000000
20/06/2025;706;A;ARS;0,00471700;0,00472100;1164,00000000;1165,00000000
20/06/2025;715;A;CLP;0,00582900;0,00584900;939,65000000;942,65000000
20/06/2025;720;A;COP;0,00134600;0,00134700;4081,61000000;4083,60000000
20/06/2025;721;B;COU;0,50450000;0,50450000;0,09180000;0,09180000
20/06/2025;725;A;CUP;0,22900000;0,22900000;24,00000000;24,00000000
20/06/2025;730;A;DOP;0,09237000;0,09297000;59,11000000;59,49000000
20/06/2025;735;A;PHP;0,09599000;0,09605000;57,21800000;57,24600000
20/06/2025;741;A;MXN;0,28710000;0,28730000;19,13010000;19,14060000
20/06/2025;745;A;UYU;0,13440000;0,13450000;40,87000000;40,90000000
20/06/2025;755;B;BWP;0,40550000;0,41050000;0,07380000;0,07470000
20/06/2025;760;A;MWK;0,00314000;0,00320100;1717,02000000;1750,32000000
20/06/2025;766;A;ZMW;0,23770000;0,23820000;23,06790000;23,11790000
20/06/2025;770;A;GTQ;0,71330000;0,71520000;7,68400000;7,70400000
20/06/2025;775;A;MMK;0,00260900;0,00262500;2093,70000000;2106,30000000
20/06/2025;778;B;PGK;1,29410000;1,33550000;0,23550000;0,24300000
20/06/2025;780;A;LAK;0,00025340;0,00025610;21458,00000000;21688,00000000
20/06/2025;785;A;ZAR;0,30550000;0,30560000;17,98500000;17,99000000
20/06/2025;795;A;CNY;0,76520000;0,76560000;7,17850000;7,18120000
20/06/2025;796;A;CNH;0,76520000;0,76530000;7,18150000;7,18160000
20/06/2025;800;A;QAR;1,50570000;1,50920000;3,64150000;3,64950000
20/06/2025;805;A;OMR;14,26930000;14,27830000;0,38490000;0,38510000
20/06/2025;810;A;YER;0,02263000;0,02268000;242,35000000;242,85000000
20/06/2025;815;A;IRR;0,00013080;0,00013090;42000,00000000;42005,00000000
20/06/2025;820;A;SAR;1,46440000;1,46470000;3,75210000;3,75250000
20/06/2025;825;A;KHR;0,00136700;0,00137400;3999,00000000;4019,00000000
20/06/2025;828;A;MYR;1,29140000;1,29310000;4,25000000;4,25500000
20/06/2025;830;A;RUB;0,07000000;0,07001000;78,49550000;78,50450000
20/06/2025;831;A;BYN;1,67580000;1,68260000;3,26610000;3,27910000
20/06/2025;835;A;TJS;0,55230000;0,56080000;9,80000000;9,95000000
20/06/2025;840;A;MUR;0,12010000;0,12090000;45,47000000;45,77000000
20/06/2025;845;A;NPR;0,03966000;0,03967000;138,54000000;138,55000000
20/06/2025;850;A;SCR;0,36490000;0,38240000;14,36990000;15,06030000
20/06/2025;855;A;LKR;0,01828000;0,01829000;300,40000000;300,60000000
20/06/2025;860;A;INR;0,06343000;0,06348000;86,57700000;86,63200000
20/06/2025;865;A;IDR;0,00033530;0,00033550;16380,00000000;16390,00000000
20/06/2025;870;A;MVR;0,35450000;0,35640000;15,42000000;15,50000000
20/06/2025;875;A;PKR;0,01935000;0,01939000;283,50000000;284,00000000
20/06/2025;880;A;ILS;1,57390000;1,57640000;3,48630000;3,49130000
20/06/2025;892;A;KGS;0,06280000;0,06284000;87,45000000;87,50430000
20/06/2025;893;A;UZS;0,00043950;0,00043990;12491,94000000;12501,94000000
20/06/2025;905;A;BDT;0,04475000;0,04512000;121,80000000;122,80000000
20/06/2025;912;B;WST;1,93810000;2,05920000;0,35270000;0,37470000
20/06/2025;913;A;KZT;0,01053000;0,01055000;520,90000000;521,90000000
20/06/2025;915;A;MNT;0,00153200;0,00153500;3580,00000000;3586,00000000
20/06/2025;920;A;VUV;0,04457000;0,04649000;118,20000000;123,30000000
20/06/2025;930;A;KRW;0,00400100;0,00400300;1373,05000000;1373,55000000
20/06/2025;946;A;TZS;0,00205000;0,00209000;2630,00000000;2680,00000000
20/06/2025;950;A;KES;0,04247000;0,04260000;129,00000000;129,40000000
20/06/2025;955;A;UGX;0,00152200;0,00152700;3600,00000000;3610,00000000
20/06/2025;960;A;SOS;0,00955700;0,00967600;568,00000000;575,00000000
20/06/2025;975;A;PLN;1,48320000;1,48380000;3,70390000;3,70490000
20/06/2025;978;B;EUR;6,32980000;6,33160000;1,15190000;1,15210000
20/06/2025;998;A;XAU;595,22310000;595,28810000;0,00923200;0,00923200

[2025-07-07T14:36:02.447+0000] {taskinstance.py:441} INFO - ::group::Post task execution logs
[2025-07-07T14:36:02.507+0000] {taskinstance.py:1206} INFO - Marking task as SUCCESS. dag_id=fin_cotacoes_bcb_classic, task_id=extract, run_id=scheduled__2025-06-20T00:00:00+00:00, execution_date=20250620T000000, start_date=20250707T143600, end_date=20250707T143602
[2025-07-07T14:36:02.600+0000] {local_task_job_runner.py:240} INFO - Task exited with return code 0
[2025-07-07T14:36:02.656+0000] {taskinstance.py:3503} INFO - 1 downstream tasks scheduled from follow-on schedule check
[2025-07-07T14:36:02.666+0000] {local_task_job_runner.py:222} INFO - ::endgroup::
[2025-07-07T15:13:20.280+0000] {local_task_job_runner.py:120} INFO - ::group::Pre task execution logs
[2025-07-07T15:13:20.356+0000] {taskinstance.py:2076} INFO - Dependencies all met for dep_context=non-requeueable deps ti=<TaskInstance: fin_cotacoes_bcb_classic.extract scheduled__2025-06-20T00:00:00+00:00 [queued]>
[2025-07-07T15:13:20.366+0000] {taskinstance.py:2076} INFO - Dependencies all met for dep_context=requeueable deps ti=<TaskInstance: fin_cotacoes_bcb_classic.extract scheduled__2025-06-20T00:00:00+00:00 [queued]>
[2025-07-07T15:13:20.367+0000] {taskinstance.py:2306} INFO - Starting attempt 1 of 2
[2025-07-07T15:13:20.389+0000] {taskinstance.py:2330} INFO - Executing <Task(PythonOperator): extract> on 2025-06-20 00:00:00+00:00
[2025-07-07T15:13:20.413+0000] {logging_mixin.py:188} WARNING - /home/***/.local/lib/python3.12/site-packages/***/task/task_runner/standard_task_runner.py:61 DeprecationWarning: This process (pid=104845) is multi-threaded, use of fork() may lead to deadlocks in the child.
[2025-07-07T15:13:20.414+0000] {standard_task_runner.py:63} INFO - Started process 104900 to run task
[2025-07-07T15:13:20.418+0000] {standard_task_runner.py:90} INFO - Running: ['***', 'tasks', 'run', 'fin_cotacoes_bcb_classic', 'extract', 'scheduled__2025-06-20T00:00:00+00:00', '--job-id', '4370', '--raw', '--subdir', 'DAGS_FOLDER/cotacoes.py', '--cfg-path', '/tmp/tmp6imyz6c7']
[2025-07-07T15:13:20.440+0000] {standard_task_runner.py:91} INFO - Job 4370: Subtask extract
[2025-07-07T15:13:20.620+0000] {task_command.py:426} INFO - Running <TaskInstance: fin_cotacoes_bcb_classic.extract scheduled__2025-06-20T00:00:00+00:00 [running]> on host bc96ca91d307
[2025-07-07T15:13:20.964+0000] {taskinstance.py:2648} INFO - Exporting env vars: AIRFLOW_CTX_DAG_OWNER='***' AIRFLOW_CTX_DAG_ID='fin_cotacoes_bcb_classic' AIRFLOW_CTX_TASK_ID='extract' AIRFLOW_CTX_EXECUTION_DATE='2025-06-20T00:00:00+00:00' AIRFLOW_CTX_TRY_NUMBER='1' AIRFLOW_CTX_DAG_RUN_ID='scheduled__2025-06-20T00:00:00+00:00'
[2025-07-07T15:13:20.965+0000] {taskinstance.py:430} INFO - ::endgroup::
[2025-07-07T15:13:20.966+0000] {cotacoes.py:35} INFO - Iniciando extração da URL: https://www4.bcb.gov.br/Download/fechamento/20250620.csv
[2025-07-07T15:13:21.261+0000] {cotacoes.py:41} INFO - Extração concluída com sucesso.
[2025-07-07T15:13:21.266+0000] {python.py:237} INFO - Done. Returned value was: 20/06/2025;005;A;AFN;0,07734000;0,07757000;70,85000000;71,05000000
20/06/2025;009;A;ETB;0,03934000;0,04081000;134,68100000;139,68100000
20/06/2025;015;A;THB;0,16750000;0,16770000;32,77000000;32,80000000
20/06/2025;020;A;PAB;5,49510000;5,49570000;1,00000000;1,00000000
20/06/2025;027;A;VES;0,05256000;0,05270000;104,28200000;104,54340000
20/06/2025;030;A;BOB;0,78390000;0,80110000;6,86000000;7,01000000
20/06/2025;035;A;GHS;0,53090000;0,53620000;10,25000000;10,35000000
20/06/2025;040;A;CRC;0,01083000;0,01094000;502,50000000;507,20000000
20/06/2025;045;A;SVC;0,62730000;0,62810000;8,74980000;8,75980000
20/06/2025;051;A;NIO;0,14850000;0,15020000;36,60000000;37,00000000
20/06/2025;055;A;DKK;0,84860000;0,84900000;6,47340000;6,47580000
20/06/2025;060;A;ISK;0,04423000;0,04433000;123,96000000;124,23000000
20/06/2025;065;A;NOK;0,54290000;0,54310000;10,11910000;10,12230000
20/06/2025;070;A;SEK;0,56780000;0,56800000;9,67590000;9,67870000
20/06/2025;075;A;CZK;0,25510000;0,25530000;21,52700000;21,54100000
20/06/2025;090;A;GMD;0,07528000;0,07575000;72,55000000;73,00000000
20/06/2025;095;A;DZD;0,04198000;0,04240000;129,61600000;130,91200000
20/06/2025;100;A;KWD;17,92270000;17,95390000;0,30610000;0,30660000
20/06/2025;105;A;BHD;14,56040000;14,57750000;0,37700000;0,37740000
20/06/2025;115;A;IQD;0,00419200;0,00419800;1309,00000000;1311,00000000
20/06/2025;125;A;JOD;7,73960000;7,76230000;0,70800000;0,71000000
20/06/2025;130;A;LYD;1,00560000;1,01080000;5,43690000;5,46460000
20/06/2025;132;A;MKD;0,10240000;0,10320000;53,24000000;53,65000000
20/06/2025;133;A;RSD;0,05394000;0,05410000;101,58000000;101,88000000
20/06/2025;134;A;SDG;0,00912600;0,00917800;598,80020000;602,14120000
20/06/2025;135;A;TND;1,87980000;1,88870000;2,90980000;2,92330000
20/06/2025;136;A;SSP;0,00119700;0,00123200;4460,83340000;4590,83340000
20/06/2025;138;B;SDR;7,49310000;7,49390000;1,36360000;1,36360000
20/06/2025;139;A;MAD;0,60110000;0,60200000;9,12920000;9,14120000
20/06/2025;145;A;AED;1,49620000;1,49670000;3,67190000;3,67280000
20/06/2025;149;A;STN;0,25320000;0,25850000;21,26360000;21,70130000
20/06/2025;150;B;AUD;3,54540000;3,54750000;0,64520000;0,64550000
20/06/2025;155;A;BSD;5,49510000;5,49570000;1,00000000;1,00000000
20/06/2025;160;A;BMD;5,49510000;5,49570000;1,00000000;1,00000000
20/06/2025;165;A;CAD;3,99930000;4,00010000;1,37390000;1,37400000
20/06/2025;170;A;GYD;0,02611000;0,02642000;207,98000000;210,45000000
20/06/2025;173;A;NAD;0,30550000;0,30550000;17,98650000;17,98950000
20/06/2025;175;A;BBD;2,69350000;2,75050000;1,99810000;2,04010000
20/06/2025;180;A;BZD;2,72410000;2,74760000;2,00020000;2,01720000
20/06/2025;185;A;BND;4,26940000;4,27280000;1,28620000;1,28710000
20/06/2025;190;A;KYD;6,58100000;6,64130000;0,82750000;0,83500000
20/06/2025;195;A;SGD;4,26940000;4,27280000;1,28620000;1,28710000
20/06/2025;197;B;CLF;228,75000000;228,77500000;41,62800000;41,62800000
20/06/2025;200;B;FJD;2,40190000;2,46320000;0,43710000;0,44820000
20/06/2025;205;A;HKD;0,70000000;0,70010000;7,84990000;7,85000000
20/06/2025;210;A;TTD;0,80500000;0,81230000;6,76560000;6,82600000
20/06/2025;215;A;XCD;2,02030000;2,04300000;2,69000000;2,72000000
20/06/2025;220;A;USD;5,49510000;5,49570000;1,00000000;1,00000000
20/06/2025;230;A;JMD;0,03428000;0,03467000;158,51000000;160,31000000
20/06/2025;235;A;LRD;0,02720000;0,02776000;198,00000000;202,00000000
20/06/2025;245;B;NZD;3,27840000;3,28150000;0,59660000;0,59710000
20/06/2025;250;B;SBD;0,61050000;0,67540000;0,11110000;0,12290000
20/06/2025;255;A;SRD;0,14020000;0,14310000;38,41500000;39,20000000
20/06/2025;260;A;VND;0,00021020;0,00021040;26119,00000000;26138,00000000
20/06/2025;275;A;AMD;0,01421000;0,01429000;384,68000000;386,68000000
20/06/2025;295;A;CVE;0,05690000;0,05743000;95,70000000;96,58000000
20/06/2025;325;A;ANG;3,01930000;3,07970000;1,78450000;1,82000000
20/06/2025;326;A;XCG;3,01930000;3,07970000;1,78450000;1,82000000
20/06/2025;328;A;AWG;2,98650000;3,08750000;1,78000000;1,84000000
20/06/2025;345;A;HUF;0,01571000;0,01572000;349,54000000;349,69000000
20/06/2025;363;A;CDF;0,00186300;0,00191800;2865,00000000;2950,00000000
20/06/2025;365;A;BIF;0,00182300;0,00186900;2940,95000000;3015,00000000
20/06/2025;368;A;KMF;0,01280000;0,01286000;427,25000000;429,25000000
20/06/2025;370;A;XAF;0,00937700;0,00965500;569,21000000;586,00000000
20/06/2025;372;A;XOF;0,00959000;0,00971000;566,00000000;573,00000000
20/06/2025;380;A;XPF;0,05275000;0,05322000;103,26000000;104,18000000
20/06/2025;390;A;DJF;0,03078000;0,03094000;177,60000000;178,55000000
20/06/2025;398;A;GNF;0,00063160;0,00063700;8628,00000000;8700,00000000
20/06/2025;406;A;MGA;0,00123200;0,00124000;4431,31000000;4460,31000000
20/06/2025;420;A;RWF;0,00381700;0,00386300;1422,56000000;1439,56000000
20/06/2025;425;A;CHF;6,71940000;6,72420000;0,81730000;0,81780000
20/06/2025;440;A;HTG;0,04181000;0,04213000;130,45020000;131,42570000
20/06/2025;450;A;PYG;0,00068630;0,00069080;7956,00000000;8007,00000000
20/06/2025;460;A;UAH;0,13090000;0,13120000;41,90000000;41,97000000
20/06/2025;470;A;JPY;0,03765000;0,03766000;145,92000000;145,94000000
20/06/2025;482;A;GEL;1,99530000;2,03850000;2,69600000;2,75400000
20/06/2025;490;A;ALL;0,06435000;0,06483000;84,77000000;85,40000000
20/06/2025;495;A;HNL;0,20970000;0,21110000;26,03400000;26,20000000
20/06/2025;500;A;SLL;0,00023990;0,00024230;22683,00000000;22908,00000000
20/06/2025;503;A;MDL;0,32020000;0,32210000;17,06000000;17,16000000
20/06/2025;506;A;RON;1,25840000;1,26020000;4,36110000;4,36680000
20/06/2025;510;A;BGN;3,23150000;3,23260000;1,70010000;1,70050000
20/06/2025;530;B;GIP;7,39920000;7,40550000;1,34650000;1,34750000
20/06/2025;535;A;EGP;0,10830000;0,10860000;50,62000000;50,72000000
20/06/2025;540;B;GBP;7,39750000;7,40110000;1,34620000;1,34670000
20/06/2025;545;B;FKP;7,39920000;7,40550000;1,34650000;1,34750000
20/06/2025;560;A;LBP;0,00006130;0,00006140;89500,00000000;89700,00000000
20/06/2025;570;B;SHP;7,39640000;7,39890000;1,34600000;1,34630000
20/06/2025;575;A;SYP;0,00042240;0,00042270;13000,00000000;13010,00000000
20/06/2025;585;A;SZL;0,30550000;0,30550000;17,98650000;17,98950000
20/06/2025;603;A;LSL;0,30550000;0,30550000;17,98650000;17,98950000
20/06/2025;608;A;TMT;1,56800000;1,57270000;3,49450000;3,50450000
20/06/2025;622;A;MZN;0,08514000;0,08686000;63,27000000;64,54000000
20/06/2025;625;A;ERN;0,36270000;0,36640000;15,00000000;15,15000000
20/06/2025;630;A;NGN;0,00354000;0,00355600;1545,59000000;1552,19000000
20/06/2025;635;A;AOA;0,00590600;0,00602600;911,95500000;930,50000000
20/06/2025;640;A;TWD;0,18570000;0,18590000;29,55700000;29,58700000
20/06/2025;642;A;TRY;0,13850000;0,13850000;39,66910000;39,68210000
20/06/2025;660;A;PEN;1,52730000;1,52790000;3,59700000;3,59800000
20/06/2025;665;A;BTN;0,06339000;0,06344000;86,63300000;86,68800000
20/06/2025;670;A;MRO;0,01531000;0,01544000;356,00000000;359,00000000
20/06/2025;671;A;MRU;0,13780000;0,13900000;39,53010000;39,89010000
20/06/2025;680;B;TOP;2,25080000;2,38840000;0,40960000;0,43460000
20/06/2025;685;A;MOP;0,67670000;0,68060000;8,07500000;8,12000000
20/06/2025;706;A;ARS;0,00471700;0,00472100;1164,00000000;1165,00000000
20/06/2025;715;A;CLP;0,00582900;0,00584900;939,65000000;942,65000000
20/06/2025;720;A;COP;0,00134600;0,00134700;4081,61000000;4083,60000000
20/06/2025;721;B;COU;0,50450000;0,50450000;0,09180000;0,09180000
20/06/2025;725;A;CUP;0,22900000;0,22900000;24,00000000;24,00000000
20/06/2025;730;A;DOP;0,09237000;0,09297000;59,11000000;59,49000000
20/06/2025;735;A;PHP;0,09599000;0,09605000;57,21800000;57,24600000
20/06/2025;741;A;MXN;0,28710000;0,28730000;19,13010000;19,14060000
20/06/2025;745;A;UYU;0,13440000;0,13450000;40,87000000;40,90000000
20/06/2025;755;B;BWP;0,40550000;0,41050000;0,07380000;0,07470000
20/06/2025;760;A;MWK;0,00314000;0,00320100;1717,02000000;1750,32000000
20/06/2025;766;A;ZMW;0,23770000;0,23820000;23,06790000;23,11790000
20/06/2025;770;A;GTQ;0,71330000;0,71520000;7,68400000;7,70400000
20/06/2025;775;A;MMK;0,00260900;0,00262500;2093,70000000;2106,30000000
20/06/2025;778;B;PGK;1,29410000;1,33550000;0,23550000;0,24300000
20/06/2025;780;A;LAK;0,00025340;0,00025610;21458,00000000;21688,00000000
20/06/2025;785;A;ZAR;0,30550000;0,30560000;17,98500000;17,99000000
20/06/2025;795;A;CNY;0,76520000;0,76560000;7,17850000;7,18120000
20/06/2025;796;A;CNH;0,76520000;0,76530000;7,18150000;7,18160000
20/06/2025;800;A;QAR;1,50570000;1,50920000;3,64150000;3,64950000
20/06/2025;805;A;OMR;14,26930000;14,27830000;0,38490000;0,38510000
20/06/2025;810;A;YER;0,02263000;0,02268000;242,35000000;242,85000000
20/06/2025;815;A;IRR;0,00013080;0,00013090;42000,00000000;42005,00000000
20/06/2025;820;A;SAR;1,46440000;1,46470000;3,75210000;3,75250000
20/06/2025;825;A;KHR;0,00136700;0,00137400;3999,00000000;4019,00000000
20/06/2025;828;A;MYR;1,29140000;1,29310000;4,25000000;4,25500000
20/06/2025;830;A;RUB;0,07000000;0,07001000;78,49550000;78,50450000
20/06/2025;831;A;BYN;1,67580000;1,68260000;3,26610000;3,27910000
20/06/2025;835;A;TJS;0,55230000;0,56080000;9,80000000;9,95000000
20/06/2025;840;A;MUR;0,12010000;0,12090000;45,47000000;45,77000000
20/06/2025;845;A;NPR;0,03966000;0,03967000;138,54000000;138,55000000
20/06/2025;850;A;SCR;0,36490000;0,38240000;14,36990000;15,06030000
20/06/2025;855;A;LKR;0,01828000;0,01829000;300,40000000;300,60000000
20/06/2025;860;A;INR;0,06343000;0,06348000;86,57700000;86,63200000
20/06/2025;865;A;IDR;0,00033530;0,00033550;16380,00000000;16390,00000000
20/06/2025;870;A;MVR;0,35450000;0,35640000;15,42000000;15,50000000
20/06/2025;875;A;PKR;0,01935000;0,01939000;283,50000000;284,00000000
20/06/2025;880;A;ILS;1,57390000;1,57640000;3,48630000;3,49130000
20/06/2025;892;A;KGS;0,06280000;0,06284000;87,45000000;87,50430000
20/06/2025;893;A;UZS;0,00043950;0,00043990;12491,94000000;12501,94000000
20/06/2025;905;A;BDT;0,04475000;0,04512000;121,80000000;122,80000000
20/06/2025;912;B;WST;1,93810000;2,05920000;0,35270000;0,37470000
20/06/2025;913;A;KZT;0,01053000;0,01055000;520,90000000;521,90000000
20/06/2025;915;A;MNT;0,00153200;0,00153500;3580,00000000;3586,00000000
20/06/2025;920;A;VUV;0,04457000;0,04649000;118,20000000;123,30000000
20/06/2025;930;A;KRW;0,00400100;0,00400300;1373,05000000;1373,55000000
20/06/2025;946;A;TZS;0,00205000;0,00209000;2630,00000000;2680,00000000
20/06/2025;950;A;KES;0,04247000;0,04260000;129,00000000;129,40000000
20/06/2025;955;A;UGX;0,00152200;0,00152700;3600,00000000;3610,00000000
20/06/2025;960;A;SOS;0,00955700;0,00967600;568,00000000;575,00000000
20/06/2025;975;A;PLN;1,48320000;1,48380000;3,70390000;3,70490000
20/06/2025;978;B;EUR;6,32980000;6,33160000;1,15190000;1,15210000
20/06/2025;998;A;XAU;595,22310000;595,28810000;0,00923200;0,00923200

[2025-07-07T15:13:21.268+0000] {taskinstance.py:441} INFO - ::group::Post task execution logs
[2025-07-07T15:13:21.336+0000] {taskinstance.py:1206} INFO - Marking task as SUCCESS. dag_id=fin_cotacoes_bcb_classic, task_id=extract, run_id=scheduled__2025-06-20T00:00:00+00:00, execution_date=20250620T000000, start_date=20250707T151320, end_date=20250707T151321
[2025-07-07T15:13:21.408+0000] {local_task_job_runner.py:240} INFO - Task exited with return code 0
[2025-07-07T15:13:21.448+0000] {local_task_job_runner.py:222} INFO - ::endgroup::
