[2025-07-06T18:07:23.880+0000] {local_task_job_runner.py:120} INFO - ::group::Pre task execution logs
[2025-07-06T18:07:23.967+0000] {taskinstance.py:2076} INFO - Dependencies all met for dep_context=non-requeueable deps ti=<TaskInstance: fin_cotacoes_bcb_classic.extract scheduled__2024-05-25T00:00:00+00:00 [queued]>
[2025-07-06T18:07:23.995+0000] {taskinstance.py:2076} INFO - Dependencies all met for dep_context=requeueable deps ti=<TaskInstance: fin_cotacoes_bcb_classic.extract scheduled__2024-05-25T00:00:00+00:00 [queued]>
[2025-07-06T18:07:23.995+0000] {taskinstance.py:2306} INFO - Starting attempt 1 of 2
[2025-07-06T18:07:24.054+0000] {taskinstance.py:2330} INFO - Executing <Task(PythonOperator): extract> on 2024-05-25 00:00:00+00:00
[2025-07-06T18:07:24.078+0000] {logging_mixin.py:188} WARNING - /home/***/.local/lib/python3.12/site-packages/***/task/task_runner/standard_task_runner.py:61 DeprecationWarning: This process (pid=5201) is multi-threaded, use of fork() may lead to deadlocks in the child.
[2025-07-06T18:07:24.082+0000] {standard_task_runner.py:63} INFO - Started process 5220 to run task
[2025-07-06T18:07:24.086+0000] {standard_task_runner.py:90} INFO - Running: ['***', 'tasks', 'run', 'fin_cotacoes_bcb_classic', 'extract', 'scheduled__2024-05-25T00:00:00+00:00', '--job-id', '587', '--raw', '--subdir', 'DAGS_FOLDER/cotacoes.py', '--cfg-path', '/tmp/tmp1d6l2lny']
[2025-07-06T18:07:24.090+0000] {standard_task_runner.py:91} INFO - Job 587: Subtask extract
[2025-07-06T18:07:24.215+0000] {task_command.py:426} INFO - Running <TaskInstance: fin_cotacoes_bcb_classic.extract scheduled__2024-05-25T00:00:00+00:00 [running]> on host 20adb53d65c4
[2025-07-06T18:07:24.448+0000] {taskinstance.py:2648} INFO - Exporting env vars: AIRFLOW_CTX_DAG_OWNER='***' AIRFLOW_CTX_DAG_ID='fin_cotacoes_bcb_classic' AIRFLOW_CTX_TASK_ID='extract' AIRFLOW_CTX_EXECUTION_DATE='2024-05-25T00:00:00+00:00' AIRFLOW_CTX_TRY_NUMBER='1' AIRFLOW_CTX_DAG_RUN_ID='scheduled__2024-05-25T00:00:00+00:00'
[2025-07-06T18:07:24.449+0000] {taskinstance.py:430} INFO - ::endgroup::
[2025-07-06T18:07:24.450+0000] {cotacoes.py:37} INFO - Iniciando extração da URL: https://www4.bcb.gov.br/Download/fechamento/20240525.csv
[2025-07-06T18:07:25.854+0000] {cotacoes.py:46} ERROR - Erro ao acessar a URL: 404 Client Error: Not Found for url: https://www4.bcb.gov.br/Download/fechamento/20240525.csv
[2025-07-06T18:07:25.856+0000] {python.py:237} INFO - Done. Returned value was: None
[2025-07-06T18:07:25.858+0000] {taskinstance.py:441} INFO - ::group::Post task execution logs
[2025-07-06T18:07:25.887+0000] {taskinstance.py:1206} INFO - Marking task as SUCCESS. dag_id=fin_cotacoes_bcb_classic, task_id=extract, run_id=scheduled__2024-05-25T00:00:00+00:00, execution_date=20240525T000000, start_date=20250706T180723, end_date=20250706T180725
[2025-07-06T18:07:25.926+0000] {local_task_job_runner.py:240} INFO - Task exited with return code 0
[2025-07-06T18:07:25.942+0000] {logging_mixin.py:188} WARNING - /home/***/.local/lib/python3.12/site-packages/***/models/baseoperator.py:1297 AirflowProviderDeprecationWarning: Call to deprecated class PostgresOperator. (Please use `***.providers.common.sql.operators.sql.SQLExecuteQueryOperator`.Also, you can provide `hook_params={'schema': <database>}`.)
[2025-07-06T18:07:25.969+0000] {taskinstance.py:3503} INFO - 1 downstream tasks scheduled from follow-on schedule check
[2025-07-06T18:07:25.978+0000] {local_task_job_runner.py:222} INFO - ::endgroup::
[2025-07-07T15:05:37.434+0000] {local_task_job_runner.py:120} INFO - ::group::Pre task execution logs
[2025-07-07T15:05:37.542+0000] {taskinstance.py:2076} INFO - Dependencies all met for dep_context=non-requeueable deps ti=<TaskInstance: fin_cotacoes_bcb_classic.extract scheduled__2024-05-25T00:00:00+00:00 [queued]>
[2025-07-07T15:05:37.553+0000] {taskinstance.py:2076} INFO - Dependencies all met for dep_context=requeueable deps ti=<TaskInstance: fin_cotacoes_bcb_classic.extract scheduled__2024-05-25T00:00:00+00:00 [queued]>
[2025-07-07T15:05:37.553+0000] {taskinstance.py:2306} INFO - Starting attempt 1 of 2
[2025-07-07T15:05:37.743+0000] {taskinstance.py:2330} INFO - Executing <Task(PythonOperator): extract> on 2024-05-25 00:00:00+00:00
[2025-07-07T15:05:37.795+0000] {logging_mixin.py:188} WARNING - /home/***/.local/lib/python3.12/site-packages/***/task/task_runner/standard_task_runner.py:61 DeprecationWarning: This process (pid=97275) is multi-threaded, use of fork() may lead to deadlocks in the child.
[2025-07-07T15:05:37.796+0000] {standard_task_runner.py:63} INFO - Started process 97330 to run task
[2025-07-07T15:05:37.802+0000] {standard_task_runner.py:90} INFO - Running: ['***', 'tasks', 'run', 'fin_cotacoes_bcb_classic', 'extract', 'scheduled__2024-05-25T00:00:00+00:00', '--job-id', '3188', '--raw', '--subdir', 'DAGS_FOLDER/cotacoes.py', '--cfg-path', '/tmp/tmp6140hc0t']
[2025-07-07T15:05:37.819+0000] {standard_task_runner.py:91} INFO - Job 3188: Subtask extract
[2025-07-07T15:05:37.984+0000] {task_command.py:426} INFO - Running <TaskInstance: fin_cotacoes_bcb_classic.extract scheduled__2024-05-25T00:00:00+00:00 [running]> on host bc96ca91d307
[2025-07-07T15:05:38.247+0000] {taskinstance.py:2648} INFO - Exporting env vars: AIRFLOW_CTX_DAG_OWNER='***' AIRFLOW_CTX_DAG_ID='fin_cotacoes_bcb_classic' AIRFLOW_CTX_TASK_ID='extract' AIRFLOW_CTX_EXECUTION_DATE='2024-05-25T00:00:00+00:00' AIRFLOW_CTX_TRY_NUMBER='1' AIRFLOW_CTX_DAG_RUN_ID='scheduled__2024-05-25T00:00:00+00:00'
[2025-07-07T15:05:38.249+0000] {taskinstance.py:430} INFO - ::endgroup::
[2025-07-07T15:05:38.249+0000] {cotacoes.py:35} INFO - Iniciando extração da URL: https://www4.bcb.gov.br/Download/fechamento/20240525.csv
[2025-07-07T15:05:38.471+0000] {cotacoes.py:46} WARNING - Não foi possível extrair dados da URL (pode ser um dia sem cotação): 404 Client Error: Not Found for url: https://www4.bcb.gov.br/Download/fechamento/20240525.csv
[2025-07-07T15:05:38.473+0000] {python.py:237} INFO - Done. Returned value was: None
[2025-07-07T15:05:38.473+0000] {taskinstance.py:441} INFO - ::group::Post task execution logs
[2025-07-07T15:05:38.499+0000] {taskinstance.py:1206} INFO - Marking task as SUCCESS. dag_id=fin_cotacoes_bcb_classic, task_id=extract, run_id=scheduled__2024-05-25T00:00:00+00:00, execution_date=20240525T000000, start_date=20250707T150537, end_date=20250707T150538
[2025-07-07T15:05:38.590+0000] {local_task_job_runner.py:240} INFO - Task exited with return code 0
[2025-07-07T15:05:38.651+0000] {taskinstance.py:3503} INFO - 0 downstream tasks scheduled from follow-on schedule check
[2025-07-07T15:05:38.662+0000] {local_task_job_runner.py:222} INFO - ::endgroup::
