[2025-07-07T12:12:09.982+0000] {local_task_job_runner.py:120} INFO - ::group::Pre task execution logs
[2025-07-07T12:12:10.132+0000] {taskinstance.py:2076} INFO - Dependencies all met for dep_context=non-requeueable deps ti=<TaskInstance: fin_cotacoes_bcb_classic.extract scheduled__2025-07-02T00:00:00+00:00 [queued]>
[2025-07-07T12:12:10.163+0000] {taskinstance.py:2076} INFO - Dependencies all met for dep_context=requeueable deps ti=<TaskInstance: fin_cotacoes_bcb_classic.extract scheduled__2025-07-02T00:00:00+00:00 [queued]>
[2025-07-07T12:12:10.163+0000] {taskinstance.py:2306} INFO - Starting attempt 1 of 2
[2025-07-07T12:12:10.282+0000] {taskinstance.py:2330} INFO - Executing <Task(PythonOperator): extract> on 2025-07-02 00:00:00+00:00
[2025-07-07T12:12:10.312+0000] {standard_task_runner.py:90} INFO - Running: ['***', 'tasks', 'run', 'fin_cotacoes_bcb_classic', 'extract', 'scheduled__2025-07-02T00:00:00+00:00', '--job-id', '1466', '--raw', '--subdir', 'DAGS_FOLDER/cotacoes.py', '--cfg-path', '/tmp/tmpnm7elzw5']
[2025-07-07T12:12:10.322+0000] {standard_task_runner.py:91} INFO - Job 1466: Subtask extract
[2025-07-07T12:12:10.333+0000] {logging_mixin.py:188} WARNING - /home/***/.local/lib/python3.12/site-packages/***/task/task_runner/standard_task_runner.py:61 DeprecationWarning: This process (pid=558) is multi-threaded, use of fork() may lead to deadlocks in the child.
[2025-07-07T12:12:10.334+0000] {standard_task_runner.py:63} INFO - Started process 584 to run task
[2025-07-07T12:12:10.499+0000] {task_command.py:426} INFO - Running <TaskInstance: fin_cotacoes_bcb_classic.extract scheduled__2025-07-02T00:00:00+00:00 [running]> on host bc96ca91d307
[2025-07-07T12:12:10.691+0000] {taskinstance.py:2648} INFO - Exporting env vars: AIRFLOW_CTX_DAG_OWNER='***' AIRFLOW_CTX_DAG_ID='fin_cotacoes_bcb_classic' AIRFLOW_CTX_TASK_ID='extract' AIRFLOW_CTX_EXECUTION_DATE='2025-07-02T00:00:00+00:00' AIRFLOW_CTX_TRY_NUMBER='1' AIRFLOW_CTX_DAG_RUN_ID='scheduled__2025-07-02T00:00:00+00:00'
[2025-07-07T12:12:10.692+0000] {taskinstance.py:430} INFO - ::endgroup::
[2025-07-07T12:12:10.695+0000] {cotacoes.py:37} INFO - Iniciando extração da URL: https://www4.bcb.gov.br/Download/fechamento/20250702.csv
[2025-07-07T12:12:11.013+0000] {cotacoes.py:43} INFO - Extração concluída com sucesso.
[2025-07-07T12:12:11.015+0000] {python.py:237} INFO - Done. Returned value was: 02/07/2025;005;A;AFN;0,07793000;0,07816000;69,74000000;69,94000000
02/07/2025;009;A;ETB;0,03881000;0,04025000;135,44940000;140,44940000
02/07/2025;015;A;THB;0,16810000;0,16860000;32,33000000;32,42000000
02/07/2025;020;A;PAB;5,45060000;5,45120000;1,00000000;1,00000000
02/07/2025;027;A;VES;0,05002000;0,05015000;108,70610000;108,97850000
02/07/2025;030;A;BOB;0,77750000;0,79460000;6,86000000;7,01000000
02/07/2025;035;A;GHS;0,52410000;0,52920000;10,30000000;10,40000000
02/07/2025;040;A;CRC;0,01075000;0,01083000;503,47500000;507,20000000
02/07/2025;045;A;SVC;0,62220000;0,62300000;8,74980000;8,75980000
02/07/2025;051;A;NIO;0,14730000;0,14890000;36,60000000;37,00000000
02/07/2025;055;A;DKK;0,86130000;0,86140000;6,32830000;6,32860000
02/07/2025;060;A;ISK;0,04497000;0,04504000;121,04000000;121,20000000
02/07/2025;065;A;NOK;0,53980000;0,54000000;10,09390000;10,09710000
02/07/2025;070;A;SEK;0,57100000;0,57120000;9,54350000;9,54580000
02/07/2025;075;A;CZK;0,26040000;0,26070000;20,91300000;20,92800000
02/07/2025;090;A;GMD;0,07467000;0,07524000;72,45000000;73,00000000
02/07/2025;095;A;DZD;0,04181000;0,04221000;129,13160000;130,35400000
02/07/2025;100;A;KWD;17,85330000;17,86690000;0,30510000;0,30530000
02/07/2025;105;A;BHD;14,45780000;14,45940000;0,37700000;0,37700000
02/07/2025;115;A;IQD;0,00415800;0,00416400;1309,00000000;1311,00000000
02/07/2025;125;A;JOD;7,67690000;7,69940000;0,70800000;0,71000000
02/07/2025;130;A;LYD;1,00960000;1,01490000;5,37100000;5,39870000
02/07/2025;132;A;MKD;0,10380000;0,10430000;52,24000000;52,51000000
02/07/2025;133;A;RSD;0,05480000;0,05491000;99,28000000;99,47000000
02/07/2025;134;A;SDG;0,00905200;0,00910400;598,80020000;602,14120000
02/07/2025;135;A;TND;1,88300000;1,89460000;2,87730000;2,89460000
02/07/2025;136;A;SSP;0,00118500;0,00122000;4468,93650000;4598,93650000
02/07/2025;138;B;SDR;7,49780000;7,49870000;1,37560000;1,37560000
02/07/2025;139;A;MAD;0,60690000;0,60780000;8,96920000;8,98120000
02/07/2025;145;A;AED;1,48390000;1,48420000;3,67290000;3,67320000
02/07/2025;149;A;STN;0,25700000;0,26230000;20,78030000;21,20800000
02/07/2025;150;B;AUD;3,58050000;3,58250000;0,65690000;0,65720000
02/07/2025;155;A;BSD;5,45060000;5,45120000;1,00000000;1,00000000
02/07/2025;160;A;BMD;5,45060000;5,45120000;1,00000000;1,00000000
02/07/2025;165;A;CAD;4,00100000;4,00230000;1,36200000;1,36230000
02/07/2025;170;A;GYD;0,02590000;0,02621000;207,98000000;210,45000000
02/07/2025;173;A;NAD;0,30970000;0,30980000;17,59700000;17,59990000
02/07/2025;175;A;BBD;2,67170000;2,72820000;1,99810000;2,04010000
02/07/2025;180;A;BZD;2,70210000;2,72530000;2,00020000;2,01720000
02/07/2025;185;A;BND;4,27930000;4,28220000;1,27300000;1,27370000
02/07/2025;190;A;KYD;6,52770000;6,58760000;0,82750000;0,83500000
02/07/2025;195;A;SGD;4,27930000;4,28220000;1,27300000;1,27370000
02/07/2025;197;B;CLF;231,74320000;231,76870000;42,51700000;42,51700000
02/07/2025;200;B;FJD;2,40750000;2,46830000;0,44170000;0,45280000
02/07/2025;205;A;HKD;0,69430000;0,69450000;7,84950000;7,85060000
02/07/2025;210;A;TTD;0,79850000;0,81050000;6,72570000;6,82600000
02/07/2025;215;A;XCD;2,00390000;2,02650000;2,69000000;2,72000000
02/07/2025;220;A;USD;5,45060000;5,45120000;1,00000000;1,00000000
02/07/2025;230;A;JMD;0,03394000;0,03430000;158,91000000;160,61000000
02/07/2025;235;A;LRD;0,02698000;0,02739000;199,00000000;202,00000000
02/07/2025;245;B;NZD;3,31070000;3,31320000;0,60740000;0,60780000
02/07/2025;250;B;SBD;0,60560000;0,67000000;0,11110000;0,12290000
02/07/2025;255;A;SRD;0,14460000;0,14730000;37,00000000;37,69000000
02/07/2025;260;A;VND;0,00020810;0,00020850;26150,00000000;26190,00000000
02/07/2025;275;A;AMD;0,01414000;0,01421000;383,51000000;385,51000000
02/07/2025;295;A;CVE;0,05775000;0,05829000;93,52000000;94,39000000
02/07/2025;326;A;XCG;2,99480000;3,05470000;1,78450000;1,82000000
02/07/2025;328;A;AWG;2,96230000;3,06250000;1,78000000;1,84000000
02/07/2025;345;A;HUF;0,01605000;0,01606000;339,46000000;339,62000000
02/07/2025;363;A;CDF;0,00184800;0,00189800;2872,00000000;2950,00000000
02/07/2025;365;A;BIF;0,00180800;0,00185200;2942,90000000;3015,00000000
02/07/2025;368;A;KMF;0,01298000;0,01304000;417,99000000;419,99000000
02/07/2025;370;A;XAF;0,00942300;0,00979800;556,37000000;578,46000000
02/07/2025;372;A;XOF;0,00972500;0,00984900;553,50000000;560,50000000
02/07/2025;380;A;XPF;0,05354000;0,05402000;100,92000000;101,81000000
02/07/2025;390;A;DJF;0,03053000;0,03069000;177,60000000;178,55000000
02/07/2025;398;A;GNF;0,00062650;0,00063110;8637,00000000;8700,00000000
02/07/2025;406;A;MGA;0,00123100;0,00125000;4359,99000000;4427,85000000
02/07/2025;420;A;RWF;0,00377200;0,00381700;1428,02000000;1445,02000000
02/07/2025;425;A;CHF;6,87860000;6,88280000;0,79200000;0,79240000
02/07/2025;440;A;HTG;0,04146000;0,04183000;130,32020000;131,47940000
02/07/2025;450;A;PYG;0,00068040;0,00068700;7935,00000000;8011,00000000
02/07/2025;460;A;UAH;0,13040000;0,13070000;41,70000000;41,80000000
02/07/2025;470;A;JPY;0,03791000;0,03792000;143,76000000;143,77000000
02/07/2025;482;A;GEL;1,98420000;2,02720000;2,68900000;2,74700000
02/07/2025;490;A;ALL;0,06539000;0,06588000;82,74000000;83,35000000
02/07/2025;495;A;HNL;0,20800000;0,20920000;26,05310000;26,20000000
02/07/2025;500;A;SLL;0,00023790;0,00024030;22683,00000000;22908,00000000
02/07/2025;503;A;MDL;0,32570000;0,32770000;16,63300000;16,73300000
02/07/2025;506;A;RON;1,26880000;1,26960000;4,29350000;4,29590000
02/07/2025;510;A;BGN;3,27800000;3,27890000;1,66250000;1,66280000
02/07/2025;530;B;GIP;7,48200000;7,48400000;1,37270000;1,37290000
02/07/2025;535;A;EGP;0,11040000;0,11070000;49,25000000;49,35000000
02/07/2025;540;B;GBP;7,42320000;7,42620000;1,36190000;1,36230000
02/07/2025;545;B;FKP;7,48200000;7,48400000;1,37270000;1,37290000
02/07/2025;560;A;LBP;0,00006080;0,00006090;89500,00000000;89700,00000000
02/07/2025;570;B;SHP;7,42150000;7,42400000;1,36160000;1,36190000
02/07/2025;575;A;SYP;0,00041900;0,00041930;13000,00000000;13010,00000000
02/07/2025;585;A;SZL;0,30940000;0,31000000;17,58400000;17,61600000
02/07/2025;603;A;LSL;0,30970000;0,30980000;17,59700000;17,59990000
02/07/2025;608;A;TMT;1,55530000;1,55990000;3,49450000;3,50450000
02/07/2025;622;A;MZN;0,08448000;0,08619000;63,25000000;64,52000000
02/07/2025;625;A;ERN;0,35980000;0,36340000;15,00000000;15,15000000
02/07/2025;630;A;NGN;0,00355400;0,00356400;1529,56000000;1533,69000000
02/07/2025;635;A;AOA;0,00585800;0,00597800;911,95500000;930,50000000
02/07/2025;640;A;TWD;0,18780000;0,18800000;28,98900000;29,01900000
02/07/2025;642;A;TRY;0,13700000;0,13710000;39,77160000;39,77830000
02/07/2025;660;A;PEN;1,53190000;1,53340000;3,55500000;3,55800000
02/07/2025;665;A;BTN;0,06362000;0,06367000;85,62300000;85,67800000
02/07/2025;670;A;MRO;0,01518000;0,01531000;356,00000000;359,00000000
02/07/2025;671;A;MRU;0,13720000;0,13770000;39,60000000;39,71900000
02/07/2025;680;B;TOP;2,24460000;2,38110000;0,41180000;0,43680000
02/07/2025;685;A;MOP;0,67310000;0,67420000;8,08500000;8,09800000
02/07/2025;706;A;ARS;0,00442800;0,00443600;1229,00000000;1231,00000000
02/07/2025;715;A;CLP;0,00590100;0,00590600;922,98000000;923,68000000
02/07/2025;720;A;COP;0,00136300;0,00136400;3996,58000000;3999,18000000
02/07/2025;721;B;COU;0,52820000;0,52820000;0,09690000;0,09690000
02/07/2025;725;A;CUP;0,22710000;0,22710000;24,00000000;24,00000000
02/07/2025;730;A;DOP;0,09110000;0,09185000;59,35000000;59,83000000
02/07/2025;735;A;PHP;0,09668000;0,09674000;56,34900000;56,37500000
02/07/2025;741;A;MXN;0,29060000;0,29070000;18,75210000;18,75580000
02/07/2025;745;A;UYU;0,13770000;0,13780000;39,55000000;39,58000000
02/07/2025;755;B;BWP;0,40930000;0,41370000;0,07510000;0,07590000
02/07/2025;760;A;MWK;0,00311400;0,00317500;1717,02000000;1750,32000000
02/07/2025;766;A;ZMW;0,22550000;0,22600000;24,12500000;24,17500000
02/07/2025;770;A;GTQ;0,70800000;0,70990000;7,67900000;7,69900000
02/07/2025;775;A;MMK;0,00258800;0,00260400;2093,70000000;2106,30000000
02/07/2025;778;B;PGK;1,27600000;1,36880000;0,23410000;0,25110000
02/07/2025;780;A;LAK;0,00025160;0,00025430;21432,00000000;21662,00000000
02/07/2025;785;A;ZAR;0,30970000;0,30980000;17,59730000;17,60210000
02/07/2025;795;A;CNY;0,76050000;0,76080000;7,16490000;7,16670000
02/07/2025;796;A;CNH;0,76090000;0,76100000;7,16330000;7,16370000
02/07/2025;800;A;QAR;1,49420000;1,49700000;3,64150000;3,64790000
02/07/2025;805;A;OMR;14,15740000;14,15900000;0,38500000;0,38500000
02/07/2025;810;A;YER;0,02249000;0,02254000;241,88000000;242,38000000
02/07/2025;815;A;IRR;0,00012980;0,00012980;42000,00000000;42005,00000000
02/07/2025;820;A;SAR;1,45340000;1,45360000;3,75010000;3,75030000
02/07/2025;825;A;KHR;0,00135500;0,00136100;4004,00000000;4024,00000000
02/07/2025;828;A;MYR;1,28790000;1,28990000;4,22600000;4,23200000
02/07/2025;830;A;RUB;0,06906000;0,06907000;78,92050000;78,92950000
02/07/2025;831;A;BYN;1,66220000;1,66900000;3,26610000;3,27910000
02/07/2025;835;A;TJS;0,55060000;0,55910000;9,75000000;9,90000000
02/07/2025;840;A;MUR;0,12140000;0,12220000;44,62000000;44,91000000
02/07/2025;845;A;NPR;0,03974000;0,03976000;137,12000000;137,14000000
02/07/2025;850;A;SCR;0,38710000;0,38710000;14,08070000;14,08110000
02/07/2025;855;A;LKR;0,01817000;0,01818000;299,90000000;299,95000000
02/07/2025;860;A;INR;0,06367000;0,06372000;85,55100000;85,60600000
02/07/2025;865;A;IDR;0,00033550;0,00033580;16235,00000000;16245,00000000
02/07/2025;870;A;MVR;0,35170000;0,35350000;15,42000000;15,50000000
02/07/2025;875;A;PKR;0,01909000;0,01915000;284,72000000;285,53000000
02/07/2025;880;A;ILS;1,61430000;1,61530000;3,37470000;3,37650000
02/07/2025;892;A;KGS;0,06229000;0,06234000;87,45000000;87,50430000
02/07/2025;893;A;UZS;0,00043270;0,00043310;12586,71000000;12596,71000000
02/07/2025;905;A;BDT;0,04439000;0,04476000;121,80000000;122,80000000
02/07/2025;912;B;WST;2,04400000;2,13690000;0,37500000;0,39200000
02/07/2025;913;A;KZT;0,01050000;0,01052000;517,99000000;518,91000000
02/07/2025;915;A;MNT;0,00151900;0,00152200;3582,00000000;3588,00000000
02/07/2025;920;A;VUV;0,04475000;0,04675000;116,60000000;121,80000000
02/07/2025;930;A;KRW;0,00401600;0,00401700;1356,90000000;1357,25000000
02/07/2025;946;A;TZS;0,00204100;0,00208900;2610,00000000;2670,00000000
02/07/2025;950;A;KES;0,04212000;0,04226000;129,00000000;129,40000000
02/07/2025;955;A;UGX;0,00151700;0,00152200;3582,00000000;3592,00000000
02/07/2025;960;A;SOS;0,00947900;0,00959700;568,00000000;575,00000000
02/07/2025;975;A;PLN;1,50580000;1,50650000;3,61840000;3,61970000
02/07/2025;978;B;EUR;6,42570000;6,42700000;1,17890000;1,17900000
02/07/2025;998;A;XAU;585,39360000;585,45810000;0,00931100;0,00931100

[2025-07-07T12:12:11.026+0000] {taskinstance.py:441} INFO - ::group::Post task execution logs
[2025-07-07T12:12:11.079+0000] {taskinstance.py:1206} INFO - Marking task as SUCCESS. dag_id=fin_cotacoes_bcb_classic, task_id=extract, run_id=scheduled__2025-07-02T00:00:00+00:00, execution_date=20250702T000000, start_date=20250707T121210, end_date=20250707T121211
[2025-07-07T12:12:11.337+0000] {local_task_job_runner.py:240} INFO - Task exited with return code 0
[2025-07-07T12:12:11.373+0000] {logging_mixin.py:188} WARNING - /home/***/.local/lib/python3.12/site-packages/***/models/baseoperator.py:1297 AirflowProviderDeprecationWarning: Call to deprecated class PostgresOperator. (Please use `***.providers.common.sql.operators.sql.SQLExecuteQueryOperator`.Also, you can provide `hook_params={'schema': <database>}`.)
[2025-07-07T12:12:11.425+0000] {taskinstance.py:3503} INFO - 1 downstream tasks scheduled from follow-on schedule check
[2025-07-07T12:12:11.429+0000] {local_task_job_runner.py:222} INFO - ::endgroup::
[2025-07-07T14:36:18.638+0000] {local_task_job_runner.py:120} INFO - ::group::Pre task execution logs
[2025-07-07T14:36:18.723+0000] {taskinstance.py:2076} INFO - Dependencies all met for dep_context=non-requeueable deps ti=<TaskInstance: fin_cotacoes_bcb_classic.extract scheduled__2025-07-02T00:00:00+00:00 [queued]>
[2025-07-07T14:36:18.747+0000] {taskinstance.py:2076} INFO - Dependencies all met for dep_context=requeueable deps ti=<TaskInstance: fin_cotacoes_bcb_classic.extract scheduled__2025-07-02T00:00:00+00:00 [queued]>
[2025-07-07T14:36:18.748+0000] {taskinstance.py:2306} INFO - Starting attempt 1 of 2
[2025-07-07T14:36:18.789+0000] {taskinstance.py:2330} INFO - Executing <Task(PythonOperator): extract> on 2025-07-02 00:00:00+00:00
[2025-07-07T14:36:18.809+0000] {standard_task_runner.py:90} INFO - Running: ['***', 'tasks', 'run', 'fin_cotacoes_bcb_classic', 'extract', 'scheduled__2025-07-02T00:00:00+00:00', '--job-id', '2737', '--raw', '--subdir', 'DAGS_FOLDER/cotacoes.py', '--cfg-path', '/tmp/tmpba_m03bc']
[2025-07-07T14:36:18.811+0000] {logging_mixin.py:188} WARNING - /home/***/.local/lib/python3.12/site-packages/***/task/task_runner/standard_task_runner.py:61 DeprecationWarning: This process (pid=80488) is multi-threaded, use of fork() may lead to deadlocks in the child.
[2025-07-07T14:36:18.812+0000] {standard_task_runner.py:63} INFO - Started process 80519 to run task
[2025-07-07T14:36:18.811+0000] {standard_task_runner.py:91} INFO - Job 2737: Subtask extract
[2025-07-07T14:36:18.904+0000] {task_command.py:426} INFO - Running <TaskInstance: fin_cotacoes_bcb_classic.extract scheduled__2025-07-02T00:00:00+00:00 [running]> on host bc96ca91d307
[2025-07-07T14:36:19.063+0000] {taskinstance.py:2648} INFO - Exporting env vars: AIRFLOW_CTX_DAG_OWNER='***' AIRFLOW_CTX_DAG_ID='fin_cotacoes_bcb_classic' AIRFLOW_CTX_TASK_ID='extract' AIRFLOW_CTX_EXECUTION_DATE='2025-07-02T00:00:00+00:00' AIRFLOW_CTX_TRY_NUMBER='1' AIRFLOW_CTX_DAG_RUN_ID='scheduled__2025-07-02T00:00:00+00:00'
[2025-07-07T14:36:19.064+0000] {taskinstance.py:430} INFO - ::endgroup::
[2025-07-07T14:36:19.065+0000] {cotacoes.py:35} INFO - Iniciando extração da URL: https://www4.bcb.gov.br/Download/fechamento/20250702.csv
[2025-07-07T14:36:19.302+0000] {cotacoes.py:41} INFO - Extração concluída com sucesso.
[2025-07-07T14:36:19.304+0000] {python.py:237} INFO - Done. Returned value was: 02/07/2025;005;A;AFN;0,07793000;0,07816000;69,74000000;69,94000000
02/07/2025;009;A;ETB;0,03881000;0,04025000;135,44940000;140,44940000
02/07/2025;015;A;THB;0,16810000;0,16860000;32,33000000;32,42000000
02/07/2025;020;A;PAB;5,45060000;5,45120000;1,00000000;1,00000000
02/07/2025;027;A;VES;0,05002000;0,05015000;108,70610000;108,97850000
02/07/2025;030;A;BOB;0,77750000;0,79460000;6,86000000;7,01000000
02/07/2025;035;A;GHS;0,52410000;0,52920000;10,30000000;10,40000000
02/07/2025;040;A;CRC;0,01075000;0,01083000;503,47500000;507,20000000
02/07/2025;045;A;SVC;0,62220000;0,62300000;8,74980000;8,75980000
02/07/2025;051;A;NIO;0,14730000;0,14890000;36,60000000;37,00000000
02/07/2025;055;A;DKK;0,86130000;0,86140000;6,32830000;6,32860000
02/07/2025;060;A;ISK;0,04497000;0,04504000;121,04000000;121,20000000
02/07/2025;065;A;NOK;0,53980000;0,54000000;10,09390000;10,09710000
02/07/2025;070;A;SEK;0,57100000;0,57120000;9,54350000;9,54580000
02/07/2025;075;A;CZK;0,26040000;0,26070000;20,91300000;20,92800000
02/07/2025;090;A;GMD;0,07467000;0,07524000;72,45000000;73,00000000
02/07/2025;095;A;DZD;0,04181000;0,04221000;129,13160000;130,35400000
02/07/2025;100;A;KWD;17,85330000;17,86690000;0,30510000;0,30530000
02/07/2025;105;A;BHD;14,45780000;14,45940000;0,37700000;0,37700000
02/07/2025;115;A;IQD;0,00415800;0,00416400;1309,00000000;1311,00000000
02/07/2025;125;A;JOD;7,67690000;7,69940000;0,70800000;0,71000000
02/07/2025;130;A;LYD;1,00960000;1,01490000;5,37100000;5,39870000
02/07/2025;132;A;MKD;0,10380000;0,10430000;52,24000000;52,51000000
02/07/2025;133;A;RSD;0,05480000;0,05491000;99,28000000;99,47000000
02/07/2025;134;A;SDG;0,00905200;0,00910400;598,80020000;602,14120000
02/07/2025;135;A;TND;1,88300000;1,89460000;2,87730000;2,89460000
02/07/2025;136;A;SSP;0,00118500;0,00122000;4468,93650000;4598,93650000
02/07/2025;138;B;SDR;7,49780000;7,49870000;1,37560000;1,37560000
02/07/2025;139;A;MAD;0,60690000;0,60780000;8,96920000;8,98120000
02/07/2025;145;A;AED;1,48390000;1,48420000;3,67290000;3,67320000
02/07/2025;149;A;STN;0,25700000;0,26230000;20,78030000;21,20800000
02/07/2025;150;B;AUD;3,58050000;3,58250000;0,65690000;0,65720000
02/07/2025;155;A;BSD;5,45060000;5,45120000;1,00000000;1,00000000
02/07/2025;160;A;BMD;5,45060000;5,45120000;1,00000000;1,00000000
02/07/2025;165;A;CAD;4,00100000;4,00230000;1,36200000;1,36230000
02/07/2025;170;A;GYD;0,02590000;0,02621000;207,98000000;210,45000000
02/07/2025;173;A;NAD;0,30970000;0,30980000;17,59700000;17,59990000
02/07/2025;175;A;BBD;2,67170000;2,72820000;1,99810000;2,04010000
02/07/2025;180;A;BZD;2,70210000;2,72530000;2,00020000;2,01720000
02/07/2025;185;A;BND;4,27930000;4,28220000;1,27300000;1,27370000
02/07/2025;190;A;KYD;6,52770000;6,58760000;0,82750000;0,83500000
02/07/2025;195;A;SGD;4,27930000;4,28220000;1,27300000;1,27370000
02/07/2025;197;B;CLF;231,74320000;231,76870000;42,51700000;42,51700000
02/07/2025;200;B;FJD;2,40750000;2,46830000;0,44170000;0,45280000
02/07/2025;205;A;HKD;0,69430000;0,69450000;7,84950000;7,85060000
02/07/2025;210;A;TTD;0,79850000;0,81050000;6,72570000;6,82600000
02/07/2025;215;A;XCD;2,00390000;2,02650000;2,69000000;2,72000000
02/07/2025;220;A;USD;5,45060000;5,45120000;1,00000000;1,00000000
02/07/2025;230;A;JMD;0,03394000;0,03430000;158,91000000;160,61000000
02/07/2025;235;A;LRD;0,02698000;0,02739000;199,00000000;202,00000000
02/07/2025;245;B;NZD;3,31070000;3,31320000;0,60740000;0,60780000
02/07/2025;250;B;SBD;0,60560000;0,67000000;0,11110000;0,12290000
02/07/2025;255;A;SRD;0,14460000;0,14730000;37,00000000;37,69000000
02/07/2025;260;A;VND;0,00020810;0,00020850;26150,00000000;26190,00000000
02/07/2025;275;A;AMD;0,01414000;0,01421000;383,51000000;385,51000000
02/07/2025;295;A;CVE;0,05775000;0,05829000;93,52000000;94,39000000
02/07/2025;326;A;XCG;2,99480000;3,05470000;1,78450000;1,82000000
02/07/2025;328;A;AWG;2,96230000;3,06250000;1,78000000;1,84000000
02/07/2025;345;A;HUF;0,01605000;0,01606000;339,46000000;339,62000000
02/07/2025;363;A;CDF;0,00184800;0,00189800;2872,00000000;2950,00000000
02/07/2025;365;A;BIF;0,00180800;0,00185200;2942,90000000;3015,00000000
02/07/2025;368;A;KMF;0,01298000;0,01304000;417,99000000;419,99000000
02/07/2025;370;A;XAF;0,00942300;0,00979800;556,37000000;578,46000000
02/07/2025;372;A;XOF;0,00972500;0,00984900;553,50000000;560,50000000
02/07/2025;380;A;XPF;0,05354000;0,05402000;100,92000000;101,81000000
02/07/2025;390;A;DJF;0,03053000;0,03069000;177,60000000;178,55000000
02/07/2025;398;A;GNF;0,00062650;0,00063110;8637,00000000;8700,00000000
02/07/2025;406;A;MGA;0,00123100;0,00125000;4359,99000000;4427,85000000
02/07/2025;420;A;RWF;0,00377200;0,00381700;1428,02000000;1445,02000000
02/07/2025;425;A;CHF;6,87860000;6,88280000;0,79200000;0,79240000
02/07/2025;440;A;HTG;0,04146000;0,04183000;130,32020000;131,47940000
02/07/2025;450;A;PYG;0,00068040;0,00068700;7935,00000000;8011,00000000
02/07/2025;460;A;UAH;0,13040000;0,13070000;41,70000000;41,80000000
02/07/2025;470;A;JPY;0,03791000;0,03792000;143,76000000;143,77000000
02/07/2025;482;A;GEL;1,98420000;2,02720000;2,68900000;2,74700000
02/07/2025;490;A;ALL;0,06539000;0,06588000;82,74000000;83,35000000
02/07/2025;495;A;HNL;0,20800000;0,20920000;26,05310000;26,20000000
02/07/2025;500;A;SLL;0,00023790;0,00024030;22683,00000000;22908,00000000
02/07/2025;503;A;MDL;0,32570000;0,32770000;16,63300000;16,73300000
02/07/2025;506;A;RON;1,26880000;1,26960000;4,29350000;4,29590000
02/07/2025;510;A;BGN;3,27800000;3,27890000;1,66250000;1,66280000
02/07/2025;530;B;GIP;7,48200000;7,48400000;1,37270000;1,37290000
02/07/2025;535;A;EGP;0,11040000;0,11070000;49,25000000;49,35000000
02/07/2025;540;B;GBP;7,42320000;7,42620000;1,36190000;1,36230000
02/07/2025;545;B;FKP;7,48200000;7,48400000;1,37270000;1,37290000
02/07/2025;560;A;LBP;0,00006080;0,00006090;89500,00000000;89700,00000000
02/07/2025;570;B;SHP;7,42150000;7,42400000;1,36160000;1,36190000
02/07/2025;575;A;SYP;0,00041900;0,00041930;13000,00000000;13010,00000000
02/07/2025;585;A;SZL;0,30940000;0,31000000;17,58400000;17,61600000
02/07/2025;603;A;LSL;0,30970000;0,30980000;17,59700000;17,59990000
02/07/2025;608;A;TMT;1,55530000;1,55990000;3,49450000;3,50450000
02/07/2025;622;A;MZN;0,08448000;0,08619000;63,25000000;64,52000000
02/07/2025;625;A;ERN;0,35980000;0,36340000;15,00000000;15,15000000
02/07/2025;630;A;NGN;0,00355400;0,00356400;1529,56000000;1533,69000000
02/07/2025;635;A;AOA;0,00585800;0,00597800;911,95500000;930,50000000
02/07/2025;640;A;TWD;0,18780000;0,18800000;28,98900000;29,01900000
02/07/2025;642;A;TRY;0,13700000;0,13710000;39,77160000;39,77830000
02/07/2025;660;A;PEN;1,53190000;1,53340000;3,55500000;3,55800000
02/07/2025;665;A;BTN;0,06362000;0,06367000;85,62300000;85,67800000
02/07/2025;670;A;MRO;0,01518000;0,01531000;356,00000000;359,00000000
02/07/2025;671;A;MRU;0,13720000;0,13770000;39,60000000;39,71900000
02/07/2025;680;B;TOP;2,24460000;2,38110000;0,41180000;0,43680000
02/07/2025;685;A;MOP;0,67310000;0,67420000;8,08500000;8,09800000
02/07/2025;706;A;ARS;0,00442800;0,00443600;1229,00000000;1231,00000000
02/07/2025;715;A;CLP;0,00590100;0,00590600;922,98000000;923,68000000
02/07/2025;720;A;COP;0,00136300;0,00136400;3996,58000000;3999,18000000
02/07/2025;721;B;COU;0,52820000;0,52820000;0,09690000;0,09690000
02/07/2025;725;A;CUP;0,22710000;0,22710000;24,00000000;24,00000000
02/07/2025;730;A;DOP;0,09110000;0,09185000;59,35000000;59,83000000
02/07/2025;735;A;PHP;0,09668000;0,09674000;56,34900000;56,37500000
02/07/2025;741;A;MXN;0,29060000;0,29070000;18,75210000;18,75580000
02/07/2025;745;A;UYU;0,13770000;0,13780000;39,55000000;39,58000000
02/07/2025;755;B;BWP;0,40930000;0,41370000;0,07510000;0,07590000
02/07/2025;760;A;MWK;0,00311400;0,00317500;1717,02000000;1750,32000000
02/07/2025;766;A;ZMW;0,22550000;0,22600000;24,12500000;24,17500000
02/07/2025;770;A;GTQ;0,70800000;0,70990000;7,67900000;7,69900000
02/07/2025;775;A;MMK;0,00258800;0,00260400;2093,70000000;2106,30000000
02/07/2025;778;B;PGK;1,27600000;1,36880000;0,23410000;0,25110000
02/07/2025;780;A;LAK;0,00025160;0,00025430;21432,00000000;21662,00000000
02/07/2025;785;A;ZAR;0,30970000;0,30980000;17,59730000;17,60210000
02/07/2025;795;A;CNY;0,76050000;0,76080000;7,16490000;7,16670000
02/07/2025;796;A;CNH;0,76090000;0,76100000;7,16330000;7,16370000
02/07/2025;800;A;QAR;1,49420000;1,49700000;3,64150000;3,64790000
02/07/2025;805;A;OMR;14,15740000;14,15900000;0,38500000;0,38500000
02/07/2025;810;A;YER;0,02249000;0,02254000;241,88000000;242,38000000
02/07/2025;815;A;IRR;0,00012980;0,00012980;42000,00000000;42005,00000000
02/07/2025;820;A;SAR;1,45340000;1,45360000;3,75010000;3,75030000
02/07/2025;825;A;KHR;0,00135500;0,00136100;4004,00000000;4024,00000000
02/07/2025;828;A;MYR;1,28790000;1,28990000;4,22600000;4,23200000
02/07/2025;830;A;RUB;0,06906000;0,06907000;78,92050000;78,92950000
02/07/2025;831;A;BYN;1,66220000;1,66900000;3,26610000;3,27910000
02/07/2025;835;A;TJS;0,55060000;0,55910000;9,75000000;9,90000000
02/07/2025;840;A;MUR;0,12140000;0,12220000;44,62000000;44,91000000
02/07/2025;845;A;NPR;0,03974000;0,03976000;137,12000000;137,14000000
02/07/2025;850;A;SCR;0,38710000;0,38710000;14,08070000;14,08110000
02/07/2025;855;A;LKR;0,01817000;0,01818000;299,90000000;299,95000000
02/07/2025;860;A;INR;0,06367000;0,06372000;85,55100000;85,60600000
02/07/2025;865;A;IDR;0,00033550;0,00033580;16235,00000000;16245,00000000
02/07/2025;870;A;MVR;0,35170000;0,35350000;15,42000000;15,50000000
02/07/2025;875;A;PKR;0,01909000;0,01915000;284,72000000;285,53000000
02/07/2025;880;A;ILS;1,61430000;1,61530000;3,37470000;3,37650000
02/07/2025;892;A;KGS;0,06229000;0,06234000;87,45000000;87,50430000
02/07/2025;893;A;UZS;0,00043270;0,00043310;12586,71000000;12596,71000000
02/07/2025;905;A;BDT;0,04439000;0,04476000;121,80000000;122,80000000
02/07/2025;912;B;WST;2,04400000;2,13690000;0,37500000;0,39200000
02/07/2025;913;A;KZT;0,01050000;0,01052000;517,99000000;518,91000000
02/07/2025;915;A;MNT;0,00151900;0,00152200;3582,00000000;3588,00000000
02/07/2025;920;A;VUV;0,04475000;0,04675000;116,60000000;121,80000000
02/07/2025;930;A;KRW;0,00401600;0,00401700;1356,90000000;1357,25000000
02/07/2025;946;A;TZS;0,00204100;0,00208900;2610,00000000;2670,00000000
02/07/2025;950;A;KES;0,04212000;0,04226000;129,00000000;129,40000000
02/07/2025;955;A;UGX;0,00151700;0,00152200;3582,00000000;3592,00000000
02/07/2025;960;A;SOS;0,00947900;0,00959700;568,00000000;575,00000000
02/07/2025;975;A;PLN;1,50580000;1,50650000;3,61840000;3,61970000
02/07/2025;978;B;EUR;6,42570000;6,42700000;1,17890000;1,17900000
02/07/2025;998;A;XAU;585,39360000;585,45810000;0,00931100;0,00931100

[2025-07-07T14:36:19.305+0000] {taskinstance.py:441} INFO - ::group::Post task execution logs
[2025-07-07T14:36:19.335+0000] {taskinstance.py:1206} INFO - Marking task as SUCCESS. dag_id=fin_cotacoes_bcb_classic, task_id=extract, run_id=scheduled__2025-07-02T00:00:00+00:00, execution_date=20250702T000000, start_date=20250707T143618, end_date=20250707T143619
[2025-07-07T14:36:19.370+0000] {local_task_job_runner.py:240} INFO - Task exited with return code 0
[2025-07-07T14:36:19.402+0000] {taskinstance.py:3503} INFO - 1 downstream tasks scheduled from follow-on schedule check
[2025-07-07T14:36:19.403+0000] {local_task_job_runner.py:222} INFO - ::endgroup::
[2025-07-07T15:13:36.199+0000] {local_task_job_runner.py:120} INFO - ::group::Pre task execution logs
[2025-07-07T15:13:36.276+0000] {taskinstance.py:2076} INFO - Dependencies all met for dep_context=non-requeueable deps ti=<TaskInstance: fin_cotacoes_bcb_classic.extract scheduled__2025-07-02T00:00:00+00:00 [queued]>
[2025-07-07T15:13:36.314+0000] {taskinstance.py:2076} INFO - Dependencies all met for dep_context=requeueable deps ti=<TaskInstance: fin_cotacoes_bcb_classic.extract scheduled__2025-07-02T00:00:00+00:00 [queued]>
[2025-07-07T15:13:36.315+0000] {taskinstance.py:2306} INFO - Starting attempt 1 of 2
[2025-07-07T15:13:36.358+0000] {taskinstance.py:2330} INFO - Executing <Task(PythonOperator): extract> on 2025-07-02 00:00:00+00:00
[2025-07-07T15:13:36.381+0000] {logging_mixin.py:188} WARNING - /home/***/.local/lib/python3.12/site-packages/***/task/task_runner/standard_task_runner.py:61 DeprecationWarning: This process (pid=105057) is multi-threaded, use of fork() may lead to deadlocks in the child.
[2025-07-07T15:13:36.382+0000] {standard_task_runner.py:63} INFO - Started process 105104 to run task
[2025-07-07T15:13:36.381+0000] {standard_task_runner.py:90} INFO - Running: ['***', 'tasks', 'run', 'fin_cotacoes_bcb_classic', 'extract', 'scheduled__2025-07-02T00:00:00+00:00', '--job-id', '4408', '--raw', '--subdir', 'DAGS_FOLDER/cotacoes.py', '--cfg-path', '/tmp/tmpnbayh1mn']
[2025-07-07T15:13:36.387+0000] {standard_task_runner.py:91} INFO - Job 4408: Subtask extract
[2025-07-07T15:13:36.530+0000] {task_command.py:426} INFO - Running <TaskInstance: fin_cotacoes_bcb_classic.extract scheduled__2025-07-02T00:00:00+00:00 [running]> on host bc96ca91d307
[2025-07-07T15:13:36.783+0000] {taskinstance.py:2648} INFO - Exporting env vars: AIRFLOW_CTX_DAG_OWNER='***' AIRFLOW_CTX_DAG_ID='fin_cotacoes_bcb_classic' AIRFLOW_CTX_TASK_ID='extract' AIRFLOW_CTX_EXECUTION_DATE='2025-07-02T00:00:00+00:00' AIRFLOW_CTX_TRY_NUMBER='1' AIRFLOW_CTX_DAG_RUN_ID='scheduled__2025-07-02T00:00:00+00:00'
[2025-07-07T15:13:36.784+0000] {taskinstance.py:430} INFO - ::endgroup::
[2025-07-07T15:13:36.785+0000] {cotacoes.py:35} INFO - Iniciando extração da URL: https://www4.bcb.gov.br/Download/fechamento/20250702.csv
[2025-07-07T15:13:37.053+0000] {cotacoes.py:41} INFO - Extração concluída com sucesso.
[2025-07-07T15:13:37.055+0000] {python.py:237} INFO - Done. Returned value was: 02/07/2025;005;A;AFN;0,07793000;0,07816000;69,74000000;69,94000000
02/07/2025;009;A;ETB;0,03881000;0,04025000;135,44940000;140,44940000
02/07/2025;015;A;THB;0,16810000;0,16860000;32,33000000;32,42000000
02/07/2025;020;A;PAB;5,45060000;5,45120000;1,00000000;1,00000000
02/07/2025;027;A;VES;0,05002000;0,05015000;108,70610000;108,97850000
02/07/2025;030;A;BOB;0,77750000;0,79460000;6,86000000;7,01000000
02/07/2025;035;A;GHS;0,52410000;0,52920000;10,30000000;10,40000000
02/07/2025;040;A;CRC;0,01075000;0,01083000;503,47500000;507,20000000
02/07/2025;045;A;SVC;0,62220000;0,62300000;8,74980000;8,75980000
02/07/2025;051;A;NIO;0,14730000;0,14890000;36,60000000;37,00000000
02/07/2025;055;A;DKK;0,86130000;0,86140000;6,32830000;6,32860000
02/07/2025;060;A;ISK;0,04497000;0,04504000;121,04000000;121,20000000
02/07/2025;065;A;NOK;0,53980000;0,54000000;10,09390000;10,09710000
02/07/2025;070;A;SEK;0,57100000;0,57120000;9,54350000;9,54580000
02/07/2025;075;A;CZK;0,26040000;0,26070000;20,91300000;20,92800000
02/07/2025;090;A;GMD;0,07467000;0,07524000;72,45000000;73,00000000
02/07/2025;095;A;DZD;0,04181000;0,04221000;129,13160000;130,35400000
02/07/2025;100;A;KWD;17,85330000;17,86690000;0,30510000;0,30530000
02/07/2025;105;A;BHD;14,45780000;14,45940000;0,37700000;0,37700000
02/07/2025;115;A;IQD;0,00415800;0,00416400;1309,00000000;1311,00000000
02/07/2025;125;A;JOD;7,67690000;7,69940000;0,70800000;0,71000000
02/07/2025;130;A;LYD;1,00960000;1,01490000;5,37100000;5,39870000
02/07/2025;132;A;MKD;0,10380000;0,10430000;52,24000000;52,51000000
02/07/2025;133;A;RSD;0,05480000;0,05491000;99,28000000;99,47000000
02/07/2025;134;A;SDG;0,00905200;0,00910400;598,80020000;602,14120000
02/07/2025;135;A;TND;1,88300000;1,89460000;2,87730000;2,89460000
02/07/2025;136;A;SSP;0,00118500;0,00122000;4468,93650000;4598,93650000
02/07/2025;138;B;SDR;7,49780000;7,49870000;1,37560000;1,37560000
02/07/2025;139;A;MAD;0,60690000;0,60780000;8,96920000;8,98120000
02/07/2025;145;A;AED;1,48390000;1,48420000;3,67290000;3,67320000
02/07/2025;149;A;STN;0,25700000;0,26230000;20,78030000;21,20800000
02/07/2025;150;B;AUD;3,58050000;3,58250000;0,65690000;0,65720000
02/07/2025;155;A;BSD;5,45060000;5,45120000;1,00000000;1,00000000
02/07/2025;160;A;BMD;5,45060000;5,45120000;1,00000000;1,00000000
02/07/2025;165;A;CAD;4,00100000;4,00230000;1,36200000;1,36230000
02/07/2025;170;A;GYD;0,02590000;0,02621000;207,98000000;210,45000000
02/07/2025;173;A;NAD;0,30970000;0,30980000;17,59700000;17,59990000
02/07/2025;175;A;BBD;2,67170000;2,72820000;1,99810000;2,04010000
02/07/2025;180;A;BZD;2,70210000;2,72530000;2,00020000;2,01720000
02/07/2025;185;A;BND;4,27930000;4,28220000;1,27300000;1,27370000
02/07/2025;190;A;KYD;6,52770000;6,58760000;0,82750000;0,83500000
02/07/2025;195;A;SGD;4,27930000;4,28220000;1,27300000;1,27370000
02/07/2025;197;B;CLF;231,74320000;231,76870000;42,51700000;42,51700000
02/07/2025;200;B;FJD;2,40750000;2,46830000;0,44170000;0,45280000
02/07/2025;205;A;HKD;0,69430000;0,69450000;7,84950000;7,85060000
02/07/2025;210;A;TTD;0,79850000;0,81050000;6,72570000;6,82600000
02/07/2025;215;A;XCD;2,00390000;2,02650000;2,69000000;2,72000000
02/07/2025;220;A;USD;5,45060000;5,45120000;1,00000000;1,00000000
02/07/2025;230;A;JMD;0,03394000;0,03430000;158,91000000;160,61000000
02/07/2025;235;A;LRD;0,02698000;0,02739000;199,00000000;202,00000000
02/07/2025;245;B;NZD;3,31070000;3,31320000;0,60740000;0,60780000
02/07/2025;250;B;SBD;0,60560000;0,67000000;0,11110000;0,12290000
02/07/2025;255;A;SRD;0,14460000;0,14730000;37,00000000;37,69000000
02/07/2025;260;A;VND;0,00020810;0,00020850;26150,00000000;26190,00000000
02/07/2025;275;A;AMD;0,01414000;0,01421000;383,51000000;385,51000000
02/07/2025;295;A;CVE;0,05775000;0,05829000;93,52000000;94,39000000
02/07/2025;326;A;XCG;2,99480000;3,05470000;1,78450000;1,82000000
02/07/2025;328;A;AWG;2,96230000;3,06250000;1,78000000;1,84000000
02/07/2025;345;A;HUF;0,01605000;0,01606000;339,46000000;339,62000000
02/07/2025;363;A;CDF;0,00184800;0,00189800;2872,00000000;2950,00000000
02/07/2025;365;A;BIF;0,00180800;0,00185200;2942,90000000;3015,00000000
02/07/2025;368;A;KMF;0,01298000;0,01304000;417,99000000;419,99000000
02/07/2025;370;A;XAF;0,00942300;0,00979800;556,37000000;578,46000000
02/07/2025;372;A;XOF;0,00972500;0,00984900;553,50000000;560,50000000
02/07/2025;380;A;XPF;0,05354000;0,05402000;100,92000000;101,81000000
02/07/2025;390;A;DJF;0,03053000;0,03069000;177,60000000;178,55000000
02/07/2025;398;A;GNF;0,00062650;0,00063110;8637,00000000;8700,00000000
02/07/2025;406;A;MGA;0,00123100;0,00125000;4359,99000000;4427,85000000
02/07/2025;420;A;RWF;0,00377200;0,00381700;1428,02000000;1445,02000000
02/07/2025;425;A;CHF;6,87860000;6,88280000;0,79200000;0,79240000
02/07/2025;440;A;HTG;0,04146000;0,04183000;130,32020000;131,47940000
02/07/2025;450;A;PYG;0,00068040;0,00068700;7935,00000000;8011,00000000
02/07/2025;460;A;UAH;0,13040000;0,13070000;41,70000000;41,80000000
02/07/2025;470;A;JPY;0,03791000;0,03792000;143,76000000;143,77000000
02/07/2025;482;A;GEL;1,98420000;2,02720000;2,68900000;2,74700000
02/07/2025;490;A;ALL;0,06539000;0,06588000;82,74000000;83,35000000
02/07/2025;495;A;HNL;0,20800000;0,20920000;26,05310000;26,20000000
02/07/2025;500;A;SLL;0,00023790;0,00024030;22683,00000000;22908,00000000
02/07/2025;503;A;MDL;0,32570000;0,32770000;16,63300000;16,73300000
02/07/2025;506;A;RON;1,26880000;1,26960000;4,29350000;4,29590000
02/07/2025;510;A;BGN;3,27800000;3,27890000;1,66250000;1,66280000
02/07/2025;530;B;GIP;7,48200000;7,48400000;1,37270000;1,37290000
02/07/2025;535;A;EGP;0,11040000;0,11070000;49,25000000;49,35000000
02/07/2025;540;B;GBP;7,42320000;7,42620000;1,36190000;1,36230000
02/07/2025;545;B;FKP;7,48200000;7,48400000;1,37270000;1,37290000
02/07/2025;560;A;LBP;0,00006080;0,00006090;89500,00000000;89700,00000000
02/07/2025;570;B;SHP;7,42150000;7,42400000;1,36160000;1,36190000
02/07/2025;575;A;SYP;0,00041900;0,00041930;13000,00000000;13010,00000000
02/07/2025;585;A;SZL;0,30940000;0,31000000;17,58400000;17,61600000
02/07/2025;603;A;LSL;0,30970000;0,30980000;17,59700000;17,59990000
02/07/2025;608;A;TMT;1,55530000;1,55990000;3,49450000;3,50450000
02/07/2025;622;A;MZN;0,08448000;0,08619000;63,25000000;64,52000000
02/07/2025;625;A;ERN;0,35980000;0,36340000;15,00000000;15,15000000
02/07/2025;630;A;NGN;0,00355400;0,00356400;1529,56000000;1533,69000000
02/07/2025;635;A;AOA;0,00585800;0,00597800;911,95500000;930,50000000
02/07/2025;640;A;TWD;0,18780000;0,18800000;28,98900000;29,01900000
02/07/2025;642;A;TRY;0,13700000;0,13710000;39,77160000;39,77830000
02/07/2025;660;A;PEN;1,53190000;1,53340000;3,55500000;3,55800000
02/07/2025;665;A;BTN;0,06362000;0,06367000;85,62300000;85,67800000
02/07/2025;670;A;MRO;0,01518000;0,01531000;356,00000000;359,00000000
02/07/2025;671;A;MRU;0,13720000;0,13770000;39,60000000;39,71900000
02/07/2025;680;B;TOP;2,24460000;2,38110000;0,41180000;0,43680000
02/07/2025;685;A;MOP;0,67310000;0,67420000;8,08500000;8,09800000
02/07/2025;706;A;ARS;0,00442800;0,00443600;1229,00000000;1231,00000000
02/07/2025;715;A;CLP;0,00590100;0,00590600;922,98000000;923,68000000
02/07/2025;720;A;COP;0,00136300;0,00136400;3996,58000000;3999,18000000
02/07/2025;721;B;COU;0,52820000;0,52820000;0,09690000;0,09690000
02/07/2025;725;A;CUP;0,22710000;0,22710000;24,00000000;24,00000000
02/07/2025;730;A;DOP;0,09110000;0,09185000;59,35000000;59,83000000
02/07/2025;735;A;PHP;0,09668000;0,09674000;56,34900000;56,37500000
02/07/2025;741;A;MXN;0,29060000;0,29070000;18,75210000;18,75580000
02/07/2025;745;A;UYU;0,13770000;0,13780000;39,55000000;39,58000000
02/07/2025;755;B;BWP;0,40930000;0,41370000;0,07510000;0,07590000
02/07/2025;760;A;MWK;0,00311400;0,00317500;1717,02000000;1750,32000000
02/07/2025;766;A;ZMW;0,22550000;0,22600000;24,12500000;24,17500000
02/07/2025;770;A;GTQ;0,70800000;0,70990000;7,67900000;7,69900000
02/07/2025;775;A;MMK;0,00258800;0,00260400;2093,70000000;2106,30000000
02/07/2025;778;B;PGK;1,27600000;1,36880000;0,23410000;0,25110000
02/07/2025;780;A;LAK;0,00025160;0,00025430;21432,00000000;21662,00000000
02/07/2025;785;A;ZAR;0,30970000;0,30980000;17,59730000;17,60210000
02/07/2025;795;A;CNY;0,76050000;0,76080000;7,16490000;7,16670000
02/07/2025;796;A;CNH;0,76090000;0,76100000;7,16330000;7,16370000
02/07/2025;800;A;QAR;1,49420000;1,49700000;3,64150000;3,64790000
02/07/2025;805;A;OMR;14,15740000;14,15900000;0,38500000;0,38500000
02/07/2025;810;A;YER;0,02249000;0,02254000;241,88000000;242,38000000
02/07/2025;815;A;IRR;0,00012980;0,00012980;42000,00000000;42005,00000000
02/07/2025;820;A;SAR;1,45340000;1,45360000;3,75010000;3,75030000
02/07/2025;825;A;KHR;0,00135500;0,00136100;4004,00000000;4024,00000000
02/07/2025;828;A;MYR;1,28790000;1,28990000;4,22600000;4,23200000
02/07/2025;830;A;RUB;0,06906000;0,06907000;78,92050000;78,92950000
02/07/2025;831;A;BYN;1,66220000;1,66900000;3,26610000;3,27910000
02/07/2025;835;A;TJS;0,55060000;0,55910000;9,75000000;9,90000000
02/07/2025;840;A;MUR;0,12140000;0,12220000;44,62000000;44,91000000
02/07/2025;845;A;NPR;0,03974000;0,03976000;137,12000000;137,14000000
02/07/2025;850;A;SCR;0,38710000;0,38710000;14,08070000;14,08110000
02/07/2025;855;A;LKR;0,01817000;0,01818000;299,90000000;299,95000000
02/07/2025;860;A;INR;0,06367000;0,06372000;85,55100000;85,60600000
02/07/2025;865;A;IDR;0,00033550;0,00033580;16235,00000000;16245,00000000
02/07/2025;870;A;MVR;0,35170000;0,35350000;15,42000000;15,50000000
02/07/2025;875;A;PKR;0,01909000;0,01915000;284,72000000;285,53000000
02/07/2025;880;A;ILS;1,61430000;1,61530000;3,37470000;3,37650000
02/07/2025;892;A;KGS;0,06229000;0,06234000;87,45000000;87,50430000
02/07/2025;893;A;UZS;0,00043270;0,00043310;12586,71000000;12596,71000000
02/07/2025;905;A;BDT;0,04439000;0,04476000;121,80000000;122,80000000
02/07/2025;912;B;WST;2,04400000;2,13690000;0,37500000;0,39200000
02/07/2025;913;A;KZT;0,01050000;0,01052000;517,99000000;518,91000000
02/07/2025;915;A;MNT;0,00151900;0,00152200;3582,00000000;3588,00000000
02/07/2025;920;A;VUV;0,04475000;0,04675000;116,60000000;121,80000000
02/07/2025;930;A;KRW;0,00401600;0,00401700;1356,90000000;1357,25000000
02/07/2025;946;A;TZS;0,00204100;0,00208900;2610,00000000;2670,00000000
02/07/2025;950;A;KES;0,04212000;0,04226000;129,00000000;129,40000000
02/07/2025;955;A;UGX;0,00151700;0,00152200;3582,00000000;3592,00000000
02/07/2025;960;A;SOS;0,00947900;0,00959700;568,00000000;575,00000000
02/07/2025;975;A;PLN;1,50580000;1,50650000;3,61840000;3,61970000
02/07/2025;978;B;EUR;6,42570000;6,42700000;1,17890000;1,17900000
02/07/2025;998;A;XAU;585,39360000;585,45810000;0,00931100;0,00931100

[2025-07-07T15:13:37.061+0000] {taskinstance.py:441} INFO - ::group::Post task execution logs
[2025-07-07T15:13:37.109+0000] {taskinstance.py:1206} INFO - Marking task as SUCCESS. dag_id=fin_cotacoes_bcb_classic, task_id=extract, run_id=scheduled__2025-07-02T00:00:00+00:00, execution_date=20250702T000000, start_date=20250707T151336, end_date=20250707T151337
[2025-07-07T15:13:37.179+0000] {local_task_job_runner.py:240} INFO - Task exited with return code 0
[2025-07-07T15:13:37.223+0000] {taskinstance.py:3503} INFO - 1 downstream tasks scheduled from follow-on schedule check
[2025-07-07T15:13:37.230+0000] {local_task_job_runner.py:222} INFO - ::endgroup::
