[2025-07-07T14:35:33.182+0000] {local_task_job_runner.py:120} INFO - ::group::Pre task execution logs
[2025-07-07T14:35:33.226+0000] {taskinstance.py:2076} INFO - Dependencies all met for dep_context=non-requeueable deps ti=<TaskInstance: fin_cotacoes_bcb_classic.transform_and_load scheduled__2025-05-24T00:00:00+00:00 [queued]>
[2025-07-07T14:35:33.238+0000] {taskinstance.py:2076} INFO - Dependencies all met for dep_context=requeueable deps ti=<TaskInstance: fin_cotacoes_bcb_classic.transform_and_load scheduled__2025-05-24T00:00:00+00:00 [queued]>
[2025-07-07T14:35:33.238+0000] {taskinstance.py:2306} INFO - Starting attempt 1 of 2
[2025-07-07T14:35:33.259+0000] {taskinstance.py:2330} INFO - Executing <Task(PythonOperator): transform_and_load> on 2025-05-24 00:00:00+00:00
[2025-07-07T14:35:33.271+0000] {logging_mixin.py:188} WARNING - /home/***/.local/lib/python3.12/site-packages/***/task/task_runner/standard_task_runner.py:61 DeprecationWarning: This process (pid=79716) is multi-threaded, use of fork() may lead to deadlocks in the child.
[2025-07-07T14:35:33.273+0000] {standard_task_runner.py:63} INFO - Started process 79776 to run task
[2025-07-07T14:35:33.274+0000] {standard_task_runner.py:90} INFO - Running: ['***', 'tasks', 'run', 'fin_cotacoes_bcb_classic', 'transform_and_load', 'scheduled__2025-05-24T00:00:00+00:00', '--job-id', '2625', '--raw', '--subdir', 'DAGS_FOLDER/cotacoes.py', '--cfg-path', '/tmp/tmpp5qzoucs']
[2025-07-07T14:35:33.275+0000] {standard_task_runner.py:91} INFO - Job 2625: Subtask transform_and_load
[2025-07-07T14:35:33.386+0000] {task_command.py:426} INFO - Running <TaskInstance: fin_cotacoes_bcb_classic.transform_and_load scheduled__2025-05-24T00:00:00+00:00 [running]> on host bc96ca91d307
[2025-07-07T14:35:33.646+0000] {taskinstance.py:2648} INFO - Exporting env vars: AIRFLOW_CTX_DAG_OWNER='***' AIRFLOW_CTX_DAG_ID='fin_cotacoes_bcb_classic' AIRFLOW_CTX_TASK_ID='transform_and_load' AIRFLOW_CTX_EXECUTION_DATE='2025-05-24T00:00:00+00:00' AIRFLOW_CTX_TRY_NUMBER='1' AIRFLOW_CTX_DAG_RUN_ID='scheduled__2025-05-24T00:00:00+00:00'
[2025-07-07T14:35:33.647+0000] {taskinstance.py:430} INFO - ::endgroup::
[2025-07-07T14:35:33.671+0000] {cotacoes.py:91} WARNING - Nenhum dado recebido da tarefa de extração. Pulando transformação e carga.
[2025-07-07T14:35:33.672+0000] {python.py:237} INFO - Done. Returned value was: None
[2025-07-07T14:35:33.672+0000] {taskinstance.py:441} INFO - ::group::Post task execution logs
[2025-07-07T14:35:33.689+0000] {taskinstance.py:1206} INFO - Marking task as SUCCESS. dag_id=fin_cotacoes_bcb_classic, task_id=transform_and_load, run_id=scheduled__2025-05-24T00:00:00+00:00, execution_date=20250524T000000, start_date=20250707T143533, end_date=20250707T143533
[2025-07-07T14:35:33.774+0000] {local_task_job_runner.py:240} INFO - Task exited with return code 0
[2025-07-07T14:35:33.806+0000] {taskinstance.py:3503} INFO - 0 downstream tasks scheduled from follow-on schedule check
[2025-07-07T14:35:33.814+0000] {local_task_job_runner.py:222} INFO - ::endgroup::
[2025-07-07T15:12:54.248+0000] {local_task_job_runner.py:120} INFO - ::group::Pre task execution logs
[2025-07-07T15:12:54.296+0000] {taskinstance.py:2076} INFO - Dependencies all met for dep_context=non-requeueable deps ti=<TaskInstance: fin_cotacoes_bcb_classic.transform_and_load scheduled__2025-05-24T00:00:00+00:00 [queued]>
[2025-07-07T15:12:54.307+0000] {taskinstance.py:2076} INFO - Dependencies all met for dep_context=requeueable deps ti=<TaskInstance: fin_cotacoes_bcb_classic.transform_and_load scheduled__2025-05-24T00:00:00+00:00 [queued]>
[2025-07-07T15:12:54.308+0000] {taskinstance.py:2306} INFO - Starting attempt 1 of 2
[2025-07-07T15:12:54.330+0000] {taskinstance.py:2330} INFO - Executing <Task(PythonOperator): transform_and_load> on 2025-05-24 00:00:00+00:00
[2025-07-07T15:12:54.346+0000] {standard_task_runner.py:90} INFO - Running: ['***', 'tasks', 'run', 'fin_cotacoes_bcb_classic', 'transform_and_load', 'scheduled__2025-05-24T00:00:00+00:00', '--job-id', '4307', '--raw', '--subdir', 'DAGS_FOLDER/cotacoes.py', '--cfg-path', '/tmp/tmpwzsefj_0']
[2025-07-07T15:12:54.351+0000] {logging_mixin.py:188} WARNING - /home/***/.local/lib/python3.12/site-packages/***/task/task_runner/standard_task_runner.py:61 DeprecationWarning: This process (pid=104420) is multi-threaded, use of fork() may lead to deadlocks in the child.
[2025-07-07T15:12:54.352+0000] {standard_task_runner.py:63} INFO - Started process 104441 to run task
[2025-07-07T15:12:54.349+0000] {standard_task_runner.py:91} INFO - Job 4307: Subtask transform_and_load
[2025-07-07T15:12:54.455+0000] {task_command.py:426} INFO - Running <TaskInstance: fin_cotacoes_bcb_classic.transform_and_load scheduled__2025-05-24T00:00:00+00:00 [running]> on host bc96ca91d307
[2025-07-07T15:12:54.662+0000] {taskinstance.py:2648} INFO - Exporting env vars: AIRFLOW_CTX_DAG_OWNER='***' AIRFLOW_CTX_DAG_ID='fin_cotacoes_bcb_classic' AIRFLOW_CTX_TASK_ID='transform_and_load' AIRFLOW_CTX_EXECUTION_DATE='2025-05-24T00:00:00+00:00' AIRFLOW_CTX_TRY_NUMBER='1' AIRFLOW_CTX_DAG_RUN_ID='scheduled__2025-05-24T00:00:00+00:00'
[2025-07-07T15:12:54.664+0000] {taskinstance.py:430} INFO - ::endgroup::
[2025-07-07T15:12:54.686+0000] {cotacoes.py:91} WARNING - Nenhum dado recebido da tarefa de extração. Pulando transformação e carga.
[2025-07-07T15:12:54.687+0000] {python.py:237} INFO - Done. Returned value was: None
[2025-07-07T15:12:54.687+0000] {taskinstance.py:441} INFO - ::group::Post task execution logs
[2025-07-07T15:12:54.709+0000] {taskinstance.py:1206} INFO - Marking task as SUCCESS. dag_id=fin_cotacoes_bcb_classic, task_id=transform_and_load, run_id=scheduled__2025-05-24T00:00:00+00:00, execution_date=20250524T000000, start_date=20250707T151254, end_date=20250707T151254
[2025-07-07T15:12:54.900+0000] {local_task_job_runner.py:240} INFO - Task exited with return code 0
[2025-07-07T15:12:54.937+0000] {taskinstance.py:3503} INFO - 0 downstream tasks scheduled from follow-on schedule check
[2025-07-07T15:12:54.939+0000] {local_task_job_runner.py:222} INFO - ::endgroup::
