[2025-07-07T15:08:01.147+0000] {local_task_job_runner.py:120} INFO - ::group::Pre task execution logs
[2025-07-07T15:08:01.239+0000] {taskinstance.py:2076} INFO - Dependencies all met for dep_context=non-requeueable deps ti=<TaskInstance: fin_cotacoes_bcb_classic.create_table_postgres scheduled__2024-09-22T00:00:00+00:00 [queued]>
[2025-07-07T15:08:01.259+0000] {taskinstance.py:2076} INFO - Dependencies all met for dep_context=requeueable deps ti=<TaskInstance: fin_cotacoes_bcb_classic.create_table_postgres scheduled__2024-09-22T00:00:00+00:00 [queued]>
[2025-07-07T15:08:01.259+0000] {taskinstance.py:2306} INFO - Starting attempt 1 of 2
[2025-07-07T15:08:01.310+0000] {taskinstance.py:2330} INFO - Executing <Task(SQLExecuteQueryOperator): create_table_postgres> on 2024-09-22 00:00:00+00:00
[2025-07-07T15:08:01.333+0000] {standard_task_runner.py:90} INFO - Running: ['***', 'tasks', 'run', 'fin_cotacoes_bcb_classic', 'create_table_postgres', 'scheduled__2024-09-22T00:00:00+00:00', '--job-id', '3547', '--raw', '--subdir', 'DAGS_FOLDER/cotacoes.py', '--cfg-path', '/tmp/tmpli1l275i']
[2025-07-07T15:08:01.337+0000] {standard_task_runner.py:91} INFO - Job 3547: Subtask create_table_postgres
[2025-07-07T15:08:01.338+0000] {logging_mixin.py:188} WARNING - /home/***/.local/lib/python3.12/site-packages/***/task/task_runner/standard_task_runner.py:61 DeprecationWarning: This process (pid=99601) is multi-threaded, use of fork() may lead to deadlocks in the child.
[2025-07-07T15:08:01.338+0000] {standard_task_runner.py:63} INFO - Started process 99675 to run task
[2025-07-07T15:08:01.455+0000] {task_command.py:426} INFO - Running <TaskInstance: fin_cotacoes_bcb_classic.create_table_postgres scheduled__2024-09-22T00:00:00+00:00 [running]> on host bc96ca91d307
[2025-07-07T15:08:01.781+0000] {taskinstance.py:2648} INFO - Exporting env vars: AIRFLOW_CTX_DAG_OWNER='***' AIRFLOW_CTX_DAG_ID='fin_cotacoes_bcb_classic' AIRFLOW_CTX_TASK_ID='create_table_postgres' AIRFLOW_CTX_EXECUTION_DATE='2024-09-22T00:00:00+00:00' AIRFLOW_CTX_TRY_NUMBER='1' AIRFLOW_CTX_DAG_RUN_ID='scheduled__2024-09-22T00:00:00+00:00'
[2025-07-07T15:08:01.782+0000] {taskinstance.py:430} INFO - ::endgroup::
[2025-07-07T15:08:01.783+0000] {sql.py:276} INFO - Executing: 
CREATE TABLE IF NOT EXISTS cotacoes (
    dt_fechamento DATE,
    cod_moeda TEXT,
    tipo_moeda TEXT,
    desc_moeda TEXT,
    taxa_compra REAL,
    taxa_venda REAL,
    paridade_compra REAL,
    paridade_venda REAL,
    data_processamento TIMESTAMP,
    CONSTRAINT table_pk PRIMARY KEY (dt_fechamento, cod_moeda)
);
[2025-07-07T15:08:01.819+0000] {base.py:84} INFO - Using connection ID '***-postgres' for task execution.
[2025-07-07T15:08:01.837+0000] {base.py:84} INFO - Using connection ID '***-postgres' for task execution.
[2025-07-07T15:08:01.845+0000] {sql.py:487} INFO - Running statement: 
CREATE TABLE IF NOT EXISTS cotacoes (
    dt_fechamento DATE,
    cod_moeda TEXT,
    tipo_moeda TEXT,
    desc_moeda TEXT,
    taxa_compra REAL,
    taxa_venda REAL,
    paridade_compra REAL,
    paridade_venda REAL,
    data_processamento TIMESTAMP,
    CONSTRAINT table_pk PRIMARY KEY (dt_fechamento, cod_moeda)
);, parameters: None
[2025-07-07T15:08:01.849+0000] {taskinstance.py:441} INFO - ::group::Post task execution logs
[2025-07-07T15:08:01.870+0000] {taskinstance.py:1206} INFO - Marking task as SUCCESS. dag_id=fin_cotacoes_bcb_classic, task_id=create_table_postgres, run_id=scheduled__2024-09-22T00:00:00+00:00, execution_date=20240922T000000, start_date=20250707T150801, end_date=20250707T150801
[2025-07-07T15:08:01.924+0000] {local_task_job_runner.py:240} INFO - Task exited with return code 0
[2025-07-07T15:08:01.992+0000] {taskinstance.py:3503} INFO - 1 downstream tasks scheduled from follow-on schedule check
[2025-07-07T15:08:01.996+0000] {local_task_job_runner.py:222} INFO - ::endgroup::
