[2025-07-06T20:00:47.745+0000] {local_task_job_runner.py:120} INFO - ::group::Pre task execution logs
[2025-07-06T20:00:47.853+0000] {taskinstance.py:2076} INFO - Dependencies all met for dep_context=non-requeueable deps ti=<TaskInstance: fin_cotacoes_bcb_classic.extract scheduled__2025-05-22T00:00:00+00:00 [queued]>
[2025-07-06T20:00:47.891+0000] {taskinstance.py:2076} INFO - Dependencies all met for dep_context=requeueable deps ti=<TaskInstance: fin_cotacoes_bcb_classic.extract scheduled__2025-05-22T00:00:00+00:00 [queued]>
[2025-07-06T20:00:47.892+0000] {taskinstance.py:2306} INFO - Starting attempt 1 of 2
[2025-07-06T20:00:47.935+0000] {taskinstance.py:2330} INFO - Executing <Task(PythonOperator): extract> on 2025-05-22 00:00:00+00:00
[2025-07-06T20:00:47.957+0000] {logging_mixin.py:188} WARNING - /home/***/.local/lib/python3.12/site-packages/***/task/task_runner/standard_task_runner.py:61 DeprecationWarning: This process (pid=17075) is multi-threaded, use of fork() may lead to deadlocks in the child.
[2025-07-06T20:00:47.958+0000] {standard_task_runner.py:63} INFO - Started process 17115 to run task
[2025-07-06T20:00:47.957+0000] {standard_task_runner.py:90} INFO - Running: ['***', 'tasks', 'run', 'fin_cotacoes_bcb_classic', 'extract', 'scheduled__2025-05-22T00:00:00+00:00', '--job-id', '1327', '--raw', '--subdir', 'DAGS_FOLDER/cotacoes.py', '--cfg-path', '/tmp/tmpd6r5csdi']
[2025-07-06T20:00:47.962+0000] {standard_task_runner.py:91} INFO - Job 1327: Subtask extract
[2025-07-06T20:00:48.094+0000] {task_command.py:426} INFO - Running <TaskInstance: fin_cotacoes_bcb_classic.extract scheduled__2025-05-22T00:00:00+00:00 [running]> on host 20adb53d65c4
[2025-07-06T20:00:48.309+0000] {taskinstance.py:2648} INFO - Exporting env vars: AIRFLOW_CTX_DAG_OWNER='***' AIRFLOW_CTX_DAG_ID='fin_cotacoes_bcb_classic' AIRFLOW_CTX_TASK_ID='extract' AIRFLOW_CTX_EXECUTION_DATE='2025-05-22T00:00:00+00:00' AIRFLOW_CTX_TRY_NUMBER='1' AIRFLOW_CTX_DAG_RUN_ID='scheduled__2025-05-22T00:00:00+00:00'
[2025-07-06T20:00:48.312+0000] {taskinstance.py:430} INFO - ::endgroup::
[2025-07-06T20:00:48.313+0000] {cotacoes.py:37} INFO - Iniciando extração da URL: https://www4.bcb.gov.br/Download/fechamento/20250522.csv
[2025-07-06T20:00:48.604+0000] {cotacoes.py:43} INFO - Extração concluída com sucesso.
[2025-07-06T20:00:48.607+0000] {python.py:237} INFO - Done. Returned value was: 22/05/2025;005;A;AFN;0,08050000;0,08074000;69,84000000;70,04000000
22/05/2025;009;A;ETB;0,04089000;0,04244000;132,88450000;137,88450000
22/05/2025;015;A;THB;0,17140000;0,17160000;32,86000000;32,90000000
22/05/2025;020;A;PAB;5,63840000;5,63900000;1,00000000;1,00000000
22/05/2025;027;A;VES;0,05937000;0,05953000;94,72780000;94,96520000
22/05/2025;030;A;BOB;0,80550000;0,82320000;6,85000000;7,00000000
22/05/2025;035;A;GHS;0,48400000;0,48820000;11,55000000;11,65000000
22/05/2025;040;A;CRC;0,01102000;0,01117000;504,71400000;511,80000000
22/05/2025;045;A;SVC;0,64370000;0,64450000;8,74980000;8,75980000
22/05/2025;051;A;NIO;0,15240000;0,15410000;36,60000000;37,00000000
22/05/2025;055;A;DKK;0,85270000;0,85290000;6,61180000;6,61270000
22/05/2025;060;A;ISK;0,04388000;0,04398000;128,21000000;128,49000000
22/05/2025;065;A;NOK;0,55170000;0,55280000;10,20160000;10,21940000
22/05/2025;070;A;SEK;0,58530000;0,58620000;9,62040000;9,63360000
22/05/2025;075;A;CZK;0,25530000;0,25540000;22,07900000;22,08800000
22/05/2025;090;A;GMD;0,07724000;0,07778000;72,50000000;73,00000000
22/05/2025;095;A;DZD;0,04230000;0,04273000;131,97500000;133,29500000
22/05/2025;100;A;KWD;18,35420000;18,38600000;0,30670000;0,30720000
22/05/2025;105;A;BHD;14,95200000;14,96150000;0,37690000;0,37710000
22/05/2025;115;A;IQD;0,00430100;0,00430800;1309,00000000;1311,00000000
22/05/2025;125;A;JOD;7,94140000;7,96470000;0,70800000;0,71000000
22/05/2025;130;A;LYD;1,02940000;1,03480000;5,44940000;5,47710000
22/05/2025;132;A;MKD;0,10300000;0,10380000;54,31000000;54,75000000
22/05/2025;133;A;RSD;0,05416000;0,05433000;103,79000000;104,10000000
22/05/2025;134;A;SDG;0,00936500;0,00941800;598,75020000;602,09120000
22/05/2025;135;A;TND;1,87360000;1,88510000;2,99140000;3,00940000
22/05/2025;136;A;SSP;0,00123700;0,00127300;4429,30240000;4559,30240000
22/05/2025;138;B;SDR;7,63890000;7,63970000;1,35480000;1,35480000
22/05/2025;139;A;MAD;0,61000000;0,61090000;9,23090000;9,24290000
22/05/2025;145;A;AED;1,53500000;1,53540000;3,67270000;3,67330000
22/05/2025;149;A;STN;0,25440000;0,25970000;21,71600000;22,16110000
22/05/2025;150;B;AUD;3,61700000;3,61910000;0,64150000;0,64180000
22/05/2025;155;A;BSD;5,63840000;5,63900000;1,00000000;1,00000000
22/05/2025;160;A;BMD;5,63840000;5,63900000;1,00000000;1,00000000
22/05/2025;165;A;CAD;4,06900000;4,06970000;1,38560000;1,38570000
22/05/2025;170;A;GYD;0,02679000;0,02711000;207,98000000;210,45000000
22/05/2025;173;A;NAD;0,31350000;0,31360000;17,98220000;17,98520000
22/05/2025;175;A;BBD;2,76380000;2,82220000;1,99810000;2,04010000
22/05/2025;180;A;BZD;2,79520000;2,81920000;2,00020000;2,01720000
22/05/2025;185;A;BND;4,36480000;4,36760000;1,29110000;1,29180000
22/05/2025;190;A;KYD;6,75260000;6,81450000;0,82750000;0,83500000
22/05/2025;195;A;SGD;4,36480000;4,36760000;1,29110000;1,29180000
22/05/2025;197;B;CLF;234,11200000;234,13690000;41,52100000;41,52100000
22/05/2025;200;B;FJD;2,45500000;2,51780000;0,43540000;0,44650000
22/05/2025;205;A;HKD;0,72040000;0,72040000;7,82720000;7,82730000
22/05/2025;210;A;TTD;0,82600000;0,83310000;6,76880000;6,82600000
22/05/2025;215;A;XCD;2,07290000;2,09630000;2,69000000;2,72000000
22/05/2025;220;A;USD;5,63840000;5,63900000;1,00000000;1,00000000
22/05/2025;230;A;JMD;0,03528000;0,03569000;158,01000000;159,81000000
22/05/2025;235;A;LRD;0,02791000;0,02848000;198,00000000;202,00000000
22/05/2025;245;B;NZD;3,32830000;3,33100000;0,59030000;0,59070000
22/05/2025;250;B;SBD;0,62870000;0,69530000;0,11150000;0,12330000
22/05/2025;255;A;SRD;0,15160000;0,15490000;36,40100000;37,18600000
22/05/2025;260;A;VND;0,00021700;0,00021710;25973,00000000;25980,00000000
22/05/2025;275;A;AMD;0,01463000;0,01471000;383,44000000;385,44000000
22/05/2025;295;A;CVE;0,05717000;0,05771000;97,72000000;98,62000000
22/05/2025;325;A;ANG;3,09800000;3,16000000;1,78450000;1,82000000
22/05/2025;326;A;XCG;3,09800000;3,16000000;1,78450000;1,82000000
22/05/2025;328;A;AWG;3,06430000;3,16800000;1,78000000;1,84000000
22/05/2025;345;A;HUF;0,01577000;0,01578000;357,45000000;357,62000000
22/05/2025;363;A;CDF;0,00191100;0,00197900;2850,00000000;2950,00000000
22/05/2025;365;A;BIF;0,00187000;0,00192000;2936,90000000;3015,00000000
22/05/2025;368;A;KMF;0,01290000;0,01296000;435,01000000;437,01000000
22/05/2025;370;A;XAF;0,00953500;0,00972200;580,05000000;591,35000000
22/05/2025;372;A;XOF;0,00967100;0,00979000;576,00000000;583,00000000
22/05/2025;380;A;XPF;0,05300000;0,05347000;105,46000000;106,39000000
22/05/2025;390;A;DJF;0,03158000;0,03175000;177,60000000;178,55000000
22/05/2025;398;A;GNF;0,00064810;0,00065380;8625,00000000;8700,00000000
22/05/2025;406;A;MGA;0,00124500;0,00126200;4467,49000000;4529,54000000
22/05/2025;420;A;RWF;0,00396600;0,00401400;1404,68000000;1421,68000000
22/05/2025;425;A;CHF;6,79820000;6,80220000;0,82900000;0,82940000
22/05/2025;440;A;HTG;0,04297000;0,04326000;130,34640000;131,22270000
22/05/2025;450;A;PYG;0,00070660;0,00070670;7978,86000000;7980,17000000
22/05/2025;460;A;UAH;0,13580000;0,13590000;41,48100000;41,52100000
22/05/2025;470;A;JPY;0,03918000;0,03920000;143,87000000;143,91000000
22/05/2025;482;A;GEL;2,03920000;2,08310000;2,70700000;2,76500000
22/05/2025;490;A;ALL;0,06481000;0,06536000;86,27000000;87,00000000
22/05/2025;495;A;HNL;0,21520000;0,21810000;25,86020000;26,20000000
22/05/2025;500;A;SLL;0,00024610;0,00024860;22683,00000000;22908,00000000
22/05/2025;503;A;MDL;0,32540000;0,32730000;17,23000000;17,33000000
22/05/2025;506;A;RON;1,25710000;1,25790000;4,48300000;4,48530000
22/05/2025;510;A;BGN;3,25490000;3,25610000;1,73180000;1,73230000
22/05/2025;530;B;GIP;7,56390000;7,57040000;1,34150000;1,34250000
22/05/2025;535;A;EGP;0,11290000;0,11320000;49,83000000;49,93000000
22/05/2025;540;B;GBP;7,56840000;7,57150000;1,34230000;1,34270000
22/05/2025;545;B;FKP;7,56390000;7,57040000;1,34150000;1,34250000
22/05/2025;560;A;LBP;0,00006290;0,00006300;89500,00000000;89700,00000000
22/05/2025;570;B;SHP;7,56730000;7,56980000;1,34210000;1,34240000
22/05/2025;575;A;SYP;0,00043340;0,00043380;13000,00000000;13010,00000000
22/05/2025;585;A;SZL;0,31350000;0,31360000;17,98220000;17,98520000
22/05/2025;603;A;LSL;0,31350000;0,31360000;17,98200000;17,98500000
22/05/2025;608;A;TMT;1,60890000;1,61370000;3,49450000;3,50450000
22/05/2025;622;A;MZN;0,08736000;0,08913000;63,27000000;64,54000000
22/05/2025;625;A;ERN;0,37220000;0,37590000;15,00000000;15,15000000
22/05/2025;630;A;NGN;0,00354300;0,00355300;1587,02000000;1591,42000000
22/05/2025;635;A;AOA;0,00605300;0,00618300;911,95500000;931,46100000
22/05/2025;640;A;TWD;0,18740000;0,18760000;30,05800000;30,08800000
22/05/2025;642;A;TRY;0,14490000;0,14490000;38,91680000;38,92560000
22/05/2025;660;A;PEN;1,54030000;1,54070000;3,66010000;3,66050000
22/05/2025;665;A;BTN;0,06556000;0,06561000;85,94400000;85,99900000
22/05/2025;670;A;MRO;0,01571000;0,01584000;356,00000000;359,00000000
22/05/2025;671;A;MRU;0,14200000;0,14250000;39,58000000;39,69900000
22/05/2025;680;B;TOP;2,31400000;2,45520000;0,41040000;0,43540000
22/05/2025;685;A;MOP;0,69870000;0,69950000;8,06200000;8,07000000
22/05/2025;706;A;ARS;0,00493100;0,00493400;1143,00000000;1143,50000000
22/05/2025;715;A;CLP;0,00597700;0,00598400;942,36000000;943,29000000
22/05/2025;720;A;COP;0,00134900;0,00135000;4176,45000000;4178,77000000
22/05/2025;721;B;COU;0,50630000;0,50640000;0,08980000;0,08980000
22/05/2025;725;A;CUP;0,23490000;0,23500000;24,00000000;24,00000000
22/05/2025;730;A;DOP;0,09516000;0,09579000;58,87000000;59,25000000
22/05/2025;735;A;PHP;0,10110000;0,10120000;55,69600000;55,78000000
22/05/2025;741;A;MXN;0,29180000;0,29180000;19,32300000;19,32400000
22/05/2025;745;A;UYU;0,13570000;0,13580000;41,53000000;41,56000000
22/05/2025;755;B;BWP;0,41610000;0,41840000;0,07380000;0,07420000
22/05/2025;760;A;MWK;0,00322100;0,00328400;1717,02000000;1750,32000000
22/05/2025;766;A;ZMW;0,20650000;0,20690000;27,25000000;27,30000000
22/05/2025;770;A;GTQ;0,73360000;0,73560000;7,66600000;7,68600000
22/05/2025;775;A;MMK;0,00267700;0,00269300;2093,70000000;2106,30000000
22/05/2025;778;B;PGK;1,33180000;1,42220000;0,23620000;0,25220000
22/05/2025;780;A;LAK;0,00025960;0,00026240;21490,00000000;21720,00000000
22/05/2025;785;A;ZAR;0,31350000;0,31360000;17,97960000;17,98640000
22/05/2025;795;A;CNY;0,78260000;0,78280000;7,20370000;7,20490000
22/05/2025;796;A;CNH;0,78270000;0,78280000;7,20350000;7,20380000
22/05/2025;800;A;QAR;1,54550000;1,54900000;3,64030000;3,64830000
22/05/2025;805;A;OMR;14,64140000;14,65060000;0,38490000;0,38510000
22/05/2025;810;A;YER;0,02310000;0,02315000;243,60000000;244,10000000
22/05/2025;815;A;IRR;0,00013420;0,00013430;42000,00000000;42005,00000000
22/05/2025;820;A;SAR;1,50270000;1,50380000;3,74980000;3,75210000
22/05/2025;825;A;KHR;0,00140500;0,00141200;3993,00000000;4013,00000000
22/05/2025;828;A;MYR;1,31740000;1,32060000;4,27000000;4,28000000
22/05/2025;830;A;RUB;0,07076000;0,07078000;79,67050000;79,67950000
22/05/2025;831;A;BYN;1,71950000;1,72650000;3,26610000;3,27910000
22/05/2025;835;A;TJS;0,54740000;0,55560000;10,15000000;10,30000000
22/05/2025;840;A;MUR;0,12360000;0,12450000;45,30000000;45,60000000
22/05/2025;845;A;NPR;0,04097000;0,04098000;137,60000000;137,62000000
22/05/2025;850;A;SCR;0,39660000;0,39660000;14,21690000;14,21730000
22/05/2025;855;A;LKR;0,01883000;0,01884000;299,25000000;299,40000000
22/05/2025;860;A;INR;0,06555000;0,06559000;85,96700000;86,02200000
22/05/2025;865;A;IDR;0,00034520;0,00034540;16325,00000000;16335,00000000
22/05/2025;870;A;MVR;0,36380000;0,36570000;15,42000000;15,50000000
22/05/2025;875;A;PKR;0,01998000;0,02001000;281,80000000;282,25000000
22/05/2025;880;A;ILS;1,56730000;1,56970000;3,59250000;3,59750000
22/05/2025;892;A;KGS;0,06444000;0,06448000;87,45000000;87,50430000
22/05/2025;893;A;UZS;0,00043680;0,00043710;12899,51000000;12909,51000000
22/05/2025;905;A;BDT;0,04610000;0,04649000;121,30000000;122,30000000
22/05/2025;912;B;WST;1,98190000;2,07800000;0,35150000;0,36850000
22/05/2025;913;A;KZT;0,01111000;0,01111000;507,50000000;507,60000000
22/05/2025;915;A;MNT;0,00157500;0,00157800;3574,00000000;3580,00000000
22/05/2025;920;A;VUV;0,04551000;0,04747000;118,80000000;123,90000000
22/05/2025;930;A;KRW;0,00407900;0,00408100;1381,81000000;1382,42000000
22/05/2025;946;A;TZS;0,00206900;0,00211200;2670,00000000;2725,00000000
22/05/2025;950;A;KES;0,04356000;0,04373000;128,95000000;129,45000000
22/05/2025;955;A;UGX;0,00154300;0,00154700;3645,00000000;3655,00000000
22/05/2025;960;A;SOS;0,00980600;0,00992800;568,00000000;575,00000000
22/05/2025;975;A;PLN;1,49560000;1,49630000;3,76860000;3,77000000
22/05/2025;978;B;EUR;6,36070000;6,36190000;1,12810000;1,12820000
22/05/2025;998;A;XAU;597,28810000;597,35170000;0,00944000;0,00944000

[2025-07-06T20:00:48.608+0000] {taskinstance.py:441} INFO - ::group::Post task execution logs
[2025-07-06T20:00:48.665+0000] {taskinstance.py:1206} INFO - Marking task as SUCCESS. dag_id=fin_cotacoes_bcb_classic, task_id=extract, run_id=scheduled__2025-05-22T00:00:00+00:00, execution_date=20250522T000000, start_date=20250706T200047, end_date=20250706T200048
[2025-07-06T20:00:48.748+0000] {local_task_job_runner.py:240} INFO - Task exited with return code 0
[2025-07-06T20:00:48.772+0000] {logging_mixin.py:188} WARNING - /home/***/.local/lib/python3.12/site-packages/***/models/baseoperator.py:1297 AirflowProviderDeprecationWarning: Call to deprecated class PostgresOperator. (Please use `***.providers.common.sql.operators.sql.SQLExecuteQueryOperator`.Also, you can provide `hook_params={'schema': <database>}`.)
[2025-07-06T20:00:48.814+0000] {taskinstance.py:3503} INFO - 1 downstream tasks scheduled from follow-on schedule check
[2025-07-06T20:00:48.829+0000] {local_task_job_runner.py:222} INFO - ::endgroup::
[2025-07-07T14:35:27.074+0000] {local_task_job_runner.py:120} INFO - ::group::Pre task execution logs
[2025-07-07T14:35:27.132+0000] {taskinstance.py:2076} INFO - Dependencies all met for dep_context=non-requeueable deps ti=<TaskInstance: fin_cotacoes_bcb_classic.extract scheduled__2025-05-22T00:00:00+00:00 [queued]>
[2025-07-07T14:35:27.147+0000] {taskinstance.py:2076} INFO - Dependencies all met for dep_context=requeueable deps ti=<TaskInstance: fin_cotacoes_bcb_classic.extract scheduled__2025-05-22T00:00:00+00:00 [queued]>
[2025-07-07T14:35:27.147+0000] {taskinstance.py:2306} INFO - Starting attempt 1 of 2
[2025-07-07T14:35:27.173+0000] {taskinstance.py:2330} INFO - Executing <Task(PythonOperator): extract> on 2025-05-22 00:00:00+00:00
[2025-07-07T14:35:27.191+0000] {logging_mixin.py:188} WARNING - /home/***/.local/lib/python3.12/site-packages/***/task/task_runner/standard_task_runner.py:61 DeprecationWarning: This process (pid=79599) is multi-threaded, use of fork() may lead to deadlocks in the child.
[2025-07-07T14:35:27.195+0000] {standard_task_runner.py:63} INFO - Started process 79662 to run task
[2025-07-07T14:35:27.195+0000] {standard_task_runner.py:90} INFO - Running: ['***', 'tasks', 'run', 'fin_cotacoes_bcb_classic', 'extract', 'scheduled__2025-05-22T00:00:00+00:00', '--job-id', '2607', '--raw', '--subdir', 'DAGS_FOLDER/cotacoes.py', '--cfg-path', '/tmp/tmpt8i2jzrq']
[2025-07-07T14:35:27.196+0000] {standard_task_runner.py:91} INFO - Job 2607: Subtask extract
[2025-07-07T14:35:27.330+0000] {task_command.py:426} INFO - Running <TaskInstance: fin_cotacoes_bcb_classic.extract scheduled__2025-05-22T00:00:00+00:00 [running]> on host bc96ca91d307
[2025-07-07T14:35:27.589+0000] {taskinstance.py:2648} INFO - Exporting env vars: AIRFLOW_CTX_DAG_OWNER='***' AIRFLOW_CTX_DAG_ID='fin_cotacoes_bcb_classic' AIRFLOW_CTX_TASK_ID='extract' AIRFLOW_CTX_EXECUTION_DATE='2025-05-22T00:00:00+00:00' AIRFLOW_CTX_TRY_NUMBER='1' AIRFLOW_CTX_DAG_RUN_ID='scheduled__2025-05-22T00:00:00+00:00'
[2025-07-07T14:35:27.592+0000] {taskinstance.py:430} INFO - ::endgroup::
[2025-07-07T14:35:27.598+0000] {cotacoes.py:35} INFO - Iniciando extração da URL: https://www4.bcb.gov.br/Download/fechamento/20250522.csv
[2025-07-07T14:35:28.096+0000] {cotacoes.py:41} INFO - Extração concluída com sucesso.
[2025-07-07T14:35:28.109+0000] {python.py:237} INFO - Done. Returned value was: 22/05/2025;005;A;AFN;0,08050000;0,08074000;69,84000000;70,04000000
22/05/2025;009;A;ETB;0,04089000;0,04244000;132,88450000;137,88450000
22/05/2025;015;A;THB;0,17140000;0,17160000;32,86000000;32,90000000
22/05/2025;020;A;PAB;5,63840000;5,63900000;1,00000000;1,00000000
22/05/2025;027;A;VES;0,05937000;0,05953000;94,72780000;94,96520000
22/05/2025;030;A;BOB;0,80550000;0,82320000;6,85000000;7,00000000
22/05/2025;035;A;GHS;0,48400000;0,48820000;11,55000000;11,65000000
22/05/2025;040;A;CRC;0,01102000;0,01117000;504,71400000;511,80000000
22/05/2025;045;A;SVC;0,64370000;0,64450000;8,74980000;8,75980000
22/05/2025;051;A;NIO;0,15240000;0,15410000;36,60000000;37,00000000
22/05/2025;055;A;DKK;0,85270000;0,85290000;6,61180000;6,61270000
22/05/2025;060;A;ISK;0,04388000;0,04398000;128,21000000;128,49000000
22/05/2025;065;A;NOK;0,55170000;0,55280000;10,20160000;10,21940000
22/05/2025;070;A;SEK;0,58530000;0,58620000;9,62040000;9,63360000
22/05/2025;075;A;CZK;0,25530000;0,25540000;22,07900000;22,08800000
22/05/2025;090;A;GMD;0,07724000;0,07778000;72,50000000;73,00000000
22/05/2025;095;A;DZD;0,04230000;0,04273000;131,97500000;133,29500000
22/05/2025;100;A;KWD;18,35420000;18,38600000;0,30670000;0,30720000
22/05/2025;105;A;BHD;14,95200000;14,96150000;0,37690000;0,37710000
22/05/2025;115;A;IQD;0,00430100;0,00430800;1309,00000000;1311,00000000
22/05/2025;125;A;JOD;7,94140000;7,96470000;0,70800000;0,71000000
22/05/2025;130;A;LYD;1,02940000;1,03480000;5,44940000;5,47710000
22/05/2025;132;A;MKD;0,10300000;0,10380000;54,31000000;54,75000000
22/05/2025;133;A;RSD;0,05416000;0,05433000;103,79000000;104,10000000
22/05/2025;134;A;SDG;0,00936500;0,00941800;598,75020000;602,09120000
22/05/2025;135;A;TND;1,87360000;1,88510000;2,99140000;3,00940000
22/05/2025;136;A;SSP;0,00123700;0,00127300;4429,30240000;4559,30240000
22/05/2025;138;B;SDR;7,63890000;7,63970000;1,35480000;1,35480000
22/05/2025;139;A;MAD;0,61000000;0,61090000;9,23090000;9,24290000
22/05/2025;145;A;AED;1,53500000;1,53540000;3,67270000;3,67330000
22/05/2025;149;A;STN;0,25440000;0,25970000;21,71600000;22,16110000
22/05/2025;150;B;AUD;3,61700000;3,61910000;0,64150000;0,64180000
22/05/2025;155;A;BSD;5,63840000;5,63900000;1,00000000;1,00000000
22/05/2025;160;A;BMD;5,63840000;5,63900000;1,00000000;1,00000000
22/05/2025;165;A;CAD;4,06900000;4,06970000;1,38560000;1,38570000
22/05/2025;170;A;GYD;0,02679000;0,02711000;207,98000000;210,45000000
22/05/2025;173;A;NAD;0,31350000;0,31360000;17,98220000;17,98520000
22/05/2025;175;A;BBD;2,76380000;2,82220000;1,99810000;2,04010000
22/05/2025;180;A;BZD;2,79520000;2,81920000;2,00020000;2,01720000
22/05/2025;185;A;BND;4,36480000;4,36760000;1,29110000;1,29180000
22/05/2025;190;A;KYD;6,75260000;6,81450000;0,82750000;0,83500000
22/05/2025;195;A;SGD;4,36480000;4,36760000;1,29110000;1,29180000
22/05/2025;197;B;CLF;234,11200000;234,13690000;41,52100000;41,52100000
22/05/2025;200;B;FJD;2,45500000;2,51780000;0,43540000;0,44650000
22/05/2025;205;A;HKD;0,72040000;0,72040000;7,82720000;7,82730000
22/05/2025;210;A;TTD;0,82600000;0,83310000;6,76880000;6,82600000
22/05/2025;215;A;XCD;2,07290000;2,09630000;2,69000000;2,72000000
22/05/2025;220;A;USD;5,63840000;5,63900000;1,00000000;1,00000000
22/05/2025;230;A;JMD;0,03528000;0,03569000;158,01000000;159,81000000
22/05/2025;235;A;LRD;0,02791000;0,02848000;198,00000000;202,00000000
22/05/2025;245;B;NZD;3,32830000;3,33100000;0,59030000;0,59070000
22/05/2025;250;B;SBD;0,62870000;0,69530000;0,11150000;0,12330000
22/05/2025;255;A;SRD;0,15160000;0,15490000;36,40100000;37,18600000
22/05/2025;260;A;VND;0,00021700;0,00021710;25973,00000000;25980,00000000
22/05/2025;275;A;AMD;0,01463000;0,01471000;383,44000000;385,44000000
22/05/2025;295;A;CVE;0,05717000;0,05771000;97,72000000;98,62000000
22/05/2025;325;A;ANG;3,09800000;3,16000000;1,78450000;1,82000000
22/05/2025;326;A;XCG;3,09800000;3,16000000;1,78450000;1,82000000
22/05/2025;328;A;AWG;3,06430000;3,16800000;1,78000000;1,84000000
22/05/2025;345;A;HUF;0,01577000;0,01578000;357,45000000;357,62000000
22/05/2025;363;A;CDF;0,00191100;0,00197900;2850,00000000;2950,00000000
22/05/2025;365;A;BIF;0,00187000;0,00192000;2936,90000000;3015,00000000
22/05/2025;368;A;KMF;0,01290000;0,01296000;435,01000000;437,01000000
22/05/2025;370;A;XAF;0,00953500;0,00972200;580,05000000;591,35000000
22/05/2025;372;A;XOF;0,00967100;0,00979000;576,00000000;583,00000000
22/05/2025;380;A;XPF;0,05300000;0,05347000;105,46000000;106,39000000
22/05/2025;390;A;DJF;0,03158000;0,03175000;177,60000000;178,55000000
22/05/2025;398;A;GNF;0,00064810;0,00065380;8625,00000000;8700,00000000
22/05/2025;406;A;MGA;0,00124500;0,00126200;4467,49000000;4529,54000000
22/05/2025;420;A;RWF;0,00396600;0,00401400;1404,68000000;1421,68000000
22/05/2025;425;A;CHF;6,79820000;6,80220000;0,82900000;0,82940000
22/05/2025;440;A;HTG;0,04297000;0,04326000;130,34640000;131,22270000
22/05/2025;450;A;PYG;0,00070660;0,00070670;7978,86000000;7980,17000000
22/05/2025;460;A;UAH;0,13580000;0,13590000;41,48100000;41,52100000
22/05/2025;470;A;JPY;0,03918000;0,03920000;143,87000000;143,91000000
22/05/2025;482;A;GEL;2,03920000;2,08310000;2,70700000;2,76500000
22/05/2025;490;A;ALL;0,06481000;0,06536000;86,27000000;87,00000000
22/05/2025;495;A;HNL;0,21520000;0,21810000;25,86020000;26,20000000
22/05/2025;500;A;SLL;0,00024610;0,00024860;22683,00000000;22908,00000000
22/05/2025;503;A;MDL;0,32540000;0,32730000;17,23000000;17,33000000
22/05/2025;506;A;RON;1,25710000;1,25790000;4,48300000;4,48530000
22/05/2025;510;A;BGN;3,25490000;3,25610000;1,73180000;1,73230000
22/05/2025;530;B;GIP;7,56390000;7,57040000;1,34150000;1,34250000
22/05/2025;535;A;EGP;0,11290000;0,11320000;49,83000000;49,93000000
22/05/2025;540;B;GBP;7,56840000;7,57150000;1,34230000;1,34270000
22/05/2025;545;B;FKP;7,56390000;7,57040000;1,34150000;1,34250000
22/05/2025;560;A;LBP;0,00006290;0,00006300;89500,00000000;89700,00000000
22/05/2025;570;B;SHP;7,56730000;7,56980000;1,34210000;1,34240000
22/05/2025;575;A;SYP;0,00043340;0,00043380;13000,00000000;13010,00000000
22/05/2025;585;A;SZL;0,31350000;0,31360000;17,98220000;17,98520000
22/05/2025;603;A;LSL;0,31350000;0,31360000;17,98200000;17,98500000
22/05/2025;608;A;TMT;1,60890000;1,61370000;3,49450000;3,50450000
22/05/2025;622;A;MZN;0,08736000;0,08913000;63,27000000;64,54000000
22/05/2025;625;A;ERN;0,37220000;0,37590000;15,00000000;15,15000000
22/05/2025;630;A;NGN;0,00354300;0,00355300;1587,02000000;1591,42000000
22/05/2025;635;A;AOA;0,00605300;0,00618300;911,95500000;931,46100000
22/05/2025;640;A;TWD;0,18740000;0,18760000;30,05800000;30,08800000
22/05/2025;642;A;TRY;0,14490000;0,14490000;38,91680000;38,92560000
22/05/2025;660;A;PEN;1,54030000;1,54070000;3,66010000;3,66050000
22/05/2025;665;A;BTN;0,06556000;0,06561000;85,94400000;85,99900000
22/05/2025;670;A;MRO;0,01571000;0,01584000;356,00000000;359,00000000
22/05/2025;671;A;MRU;0,14200000;0,14250000;39,58000000;39,69900000
22/05/2025;680;B;TOP;2,31400000;2,45520000;0,41040000;0,43540000
22/05/2025;685;A;MOP;0,69870000;0,69950000;8,06200000;8,07000000
22/05/2025;706;A;ARS;0,00493100;0,00493400;1143,00000000;1143,50000000
22/05/2025;715;A;CLP;0,00597700;0,00598400;942,36000000;943,29000000
22/05/2025;720;A;COP;0,00134900;0,00135000;4176,45000000;4178,77000000
22/05/2025;721;B;COU;0,50630000;0,50640000;0,08980000;0,08980000
22/05/2025;725;A;CUP;0,23490000;0,23500000;24,00000000;24,00000000
22/05/2025;730;A;DOP;0,09516000;0,09579000;58,87000000;59,25000000
22/05/2025;735;A;PHP;0,10110000;0,10120000;55,69600000;55,78000000
22/05/2025;741;A;MXN;0,29180000;0,29180000;19,32300000;19,32400000
22/05/2025;745;A;UYU;0,13570000;0,13580000;41,53000000;41,56000000
22/05/2025;755;B;BWP;0,41610000;0,41840000;0,07380000;0,07420000
22/05/2025;760;A;MWK;0,00322100;0,00328400;1717,02000000;1750,32000000
22/05/2025;766;A;ZMW;0,20650000;0,20690000;27,25000000;27,30000000
22/05/2025;770;A;GTQ;0,73360000;0,73560000;7,66600000;7,68600000
22/05/2025;775;A;MMK;0,00267700;0,00269300;2093,70000000;2106,30000000
22/05/2025;778;B;PGK;1,33180000;1,42220000;0,23620000;0,25220000
22/05/2025;780;A;LAK;0,00025960;0,00026240;21490,00000000;21720,00000000
22/05/2025;785;A;ZAR;0,31350000;0,31360000;17,97960000;17,98640000
22/05/2025;795;A;CNY;0,78260000;0,78280000;7,20370000;7,20490000
22/05/2025;796;A;CNH;0,78270000;0,78280000;7,20350000;7,20380000
22/05/2025;800;A;QAR;1,54550000;1,54900000;3,64030000;3,64830000
22/05/2025;805;A;OMR;14,64140000;14,65060000;0,38490000;0,38510000
22/05/2025;810;A;YER;0,02310000;0,02315000;243,60000000;244,10000000
22/05/2025;815;A;IRR;0,00013420;0,00013430;42000,00000000;42005,00000000
22/05/2025;820;A;SAR;1,50270000;1,50380000;3,74980000;3,75210000
22/05/2025;825;A;KHR;0,00140500;0,00141200;3993,00000000;4013,00000000
22/05/2025;828;A;MYR;1,31740000;1,32060000;4,27000000;4,28000000
22/05/2025;830;A;RUB;0,07076000;0,07078000;79,67050000;79,67950000
22/05/2025;831;A;BYN;1,71950000;1,72650000;3,26610000;3,27910000
22/05/2025;835;A;TJS;0,54740000;0,55560000;10,15000000;10,30000000
22/05/2025;840;A;MUR;0,12360000;0,12450000;45,30000000;45,60000000
22/05/2025;845;A;NPR;0,04097000;0,04098000;137,60000000;137,62000000
22/05/2025;850;A;SCR;0,39660000;0,39660000;14,21690000;14,21730000
22/05/2025;855;A;LKR;0,01883000;0,01884000;299,25000000;299,40000000
22/05/2025;860;A;INR;0,06555000;0,06559000;85,96700000;86,02200000
22/05/2025;865;A;IDR;0,00034520;0,00034540;16325,00000000;16335,00000000
22/05/2025;870;A;MVR;0,36380000;0,36570000;15,42000000;15,50000000
22/05/2025;875;A;PKR;0,01998000;0,02001000;281,80000000;282,25000000
22/05/2025;880;A;ILS;1,56730000;1,56970000;3,59250000;3,59750000
22/05/2025;892;A;KGS;0,06444000;0,06448000;87,45000000;87,50430000
22/05/2025;893;A;UZS;0,00043680;0,00043710;12899,51000000;12909,51000000
22/05/2025;905;A;BDT;0,04610000;0,04649000;121,30000000;122,30000000
22/05/2025;912;B;WST;1,98190000;2,07800000;0,35150000;0,36850000
22/05/2025;913;A;KZT;0,01111000;0,01111000;507,50000000;507,60000000
22/05/2025;915;A;MNT;0,00157500;0,00157800;3574,00000000;3580,00000000
22/05/2025;920;A;VUV;0,04551000;0,04747000;118,80000000;123,90000000
22/05/2025;930;A;KRW;0,00407900;0,00408100;1381,81000000;1382,42000000
22/05/2025;946;A;TZS;0,00206900;0,00211200;2670,00000000;2725,00000000
22/05/2025;950;A;KES;0,04356000;0,04373000;128,95000000;129,45000000
22/05/2025;955;A;UGX;0,00154300;0,00154700;3645,00000000;3655,00000000
22/05/2025;960;A;SOS;0,00980600;0,00992800;568,00000000;575,00000000
22/05/2025;975;A;PLN;1,49560000;1,49630000;3,76860000;3,77000000
22/05/2025;978;B;EUR;6,36070000;6,36190000;1,12810000;1,12820000
22/05/2025;998;A;XAU;597,28810000;597,35170000;0,00944000;0,00944000

[2025-07-07T14:35:28.114+0000] {taskinstance.py:441} INFO - ::group::Post task execution logs
[2025-07-07T14:35:28.191+0000] {taskinstance.py:1206} INFO - Marking task as SUCCESS. dag_id=fin_cotacoes_bcb_classic, task_id=extract, run_id=scheduled__2025-05-22T00:00:00+00:00, execution_date=20250522T000000, start_date=20250707T143527, end_date=20250707T143528
[2025-07-07T14:35:28.304+0000] {local_task_job_runner.py:240} INFO - Task exited with return code 0
[2025-07-07T14:35:28.388+0000] {taskinstance.py:3503} INFO - 1 downstream tasks scheduled from follow-on schedule check
[2025-07-07T14:35:28.392+0000] {local_task_job_runner.py:222} INFO - ::endgroup::
[2025-07-07T15:12:44.319+0000] {local_task_job_runner.py:120} INFO - ::group::Pre task execution logs
[2025-07-07T15:12:44.425+0000] {taskinstance.py:2076} INFO - Dependencies all met for dep_context=non-requeueable deps ti=<TaskInstance: fin_cotacoes_bcb_classic.extract scheduled__2025-05-22T00:00:00+00:00 [queued]>
[2025-07-07T15:12:44.466+0000] {taskinstance.py:2076} INFO - Dependencies all met for dep_context=requeueable deps ti=<TaskInstance: fin_cotacoes_bcb_classic.extract scheduled__2025-05-22T00:00:00+00:00 [queued]>
[2025-07-07T15:12:44.471+0000] {taskinstance.py:2306} INFO - Starting attempt 1 of 2
[2025-07-07T15:12:44.508+0000] {taskinstance.py:2330} INFO - Executing <Task(PythonOperator): extract> on 2025-05-22 00:00:00+00:00
[2025-07-07T15:12:44.529+0000] {logging_mixin.py:188} WARNING - /home/***/.local/lib/python3.12/site-packages/***/task/task_runner/standard_task_runner.py:61 DeprecationWarning: This process (pid=104268) is multi-threaded, use of fork() may lead to deadlocks in the child.
[2025-07-07T15:12:44.530+0000] {standard_task_runner.py:63} INFO - Started process 104317 to run task
[2025-07-07T15:12:44.523+0000] {standard_task_runner.py:90} INFO - Running: ['***', 'tasks', 'run', 'fin_cotacoes_bcb_classic', 'extract', 'scheduled__2025-05-22T00:00:00+00:00', '--job-id', '4277', '--raw', '--subdir', 'DAGS_FOLDER/cotacoes.py', '--cfg-path', '/tmp/tmprbi7_9wl']
[2025-07-07T15:12:44.532+0000] {standard_task_runner.py:91} INFO - Job 4277: Subtask extract
[2025-07-07T15:12:44.653+0000] {task_command.py:426} INFO - Running <TaskInstance: fin_cotacoes_bcb_classic.extract scheduled__2025-05-22T00:00:00+00:00 [running]> on host bc96ca91d307
[2025-07-07T15:12:44.956+0000] {taskinstance.py:2648} INFO - Exporting env vars: AIRFLOW_CTX_DAG_OWNER='***' AIRFLOW_CTX_DAG_ID='fin_cotacoes_bcb_classic' AIRFLOW_CTX_TASK_ID='extract' AIRFLOW_CTX_EXECUTION_DATE='2025-05-22T00:00:00+00:00' AIRFLOW_CTX_TRY_NUMBER='1' AIRFLOW_CTX_DAG_RUN_ID='scheduled__2025-05-22T00:00:00+00:00'
[2025-07-07T15:12:44.957+0000] {taskinstance.py:430} INFO - ::endgroup::
[2025-07-07T15:12:44.958+0000] {cotacoes.py:35} INFO - Iniciando extração da URL: https://www4.bcb.gov.br/Download/fechamento/20250522.csv
[2025-07-07T15:12:45.277+0000] {cotacoes.py:41} INFO - Extração concluída com sucesso.
[2025-07-07T15:12:45.285+0000] {python.py:237} INFO - Done. Returned value was: 22/05/2025;005;A;AFN;0,08050000;0,08074000;69,84000000;70,04000000
22/05/2025;009;A;ETB;0,04089000;0,04244000;132,88450000;137,88450000
22/05/2025;015;A;THB;0,17140000;0,17160000;32,86000000;32,90000000
22/05/2025;020;A;PAB;5,63840000;5,63900000;1,00000000;1,00000000
22/05/2025;027;A;VES;0,05937000;0,05953000;94,72780000;94,96520000
22/05/2025;030;A;BOB;0,80550000;0,82320000;6,85000000;7,00000000
22/05/2025;035;A;GHS;0,48400000;0,48820000;11,55000000;11,65000000
22/05/2025;040;A;CRC;0,01102000;0,01117000;504,71400000;511,80000000
22/05/2025;045;A;SVC;0,64370000;0,64450000;8,74980000;8,75980000
22/05/2025;051;A;NIO;0,15240000;0,15410000;36,60000000;37,00000000
22/05/2025;055;A;DKK;0,85270000;0,85290000;6,61180000;6,61270000
22/05/2025;060;A;ISK;0,04388000;0,04398000;128,21000000;128,49000000
22/05/2025;065;A;NOK;0,55170000;0,55280000;10,20160000;10,21940000
22/05/2025;070;A;SEK;0,58530000;0,58620000;9,62040000;9,63360000
22/05/2025;075;A;CZK;0,25530000;0,25540000;22,07900000;22,08800000
22/05/2025;090;A;GMD;0,07724000;0,07778000;72,50000000;73,00000000
22/05/2025;095;A;DZD;0,04230000;0,04273000;131,97500000;133,29500000
22/05/2025;100;A;KWD;18,35420000;18,38600000;0,30670000;0,30720000
22/05/2025;105;A;BHD;14,95200000;14,96150000;0,37690000;0,37710000
22/05/2025;115;A;IQD;0,00430100;0,00430800;1309,00000000;1311,00000000
22/05/2025;125;A;JOD;7,94140000;7,96470000;0,70800000;0,71000000
22/05/2025;130;A;LYD;1,02940000;1,03480000;5,44940000;5,47710000
22/05/2025;132;A;MKD;0,10300000;0,10380000;54,31000000;54,75000000
22/05/2025;133;A;RSD;0,05416000;0,05433000;103,79000000;104,10000000
22/05/2025;134;A;SDG;0,00936500;0,00941800;598,75020000;602,09120000
22/05/2025;135;A;TND;1,87360000;1,88510000;2,99140000;3,00940000
22/05/2025;136;A;SSP;0,00123700;0,00127300;4429,30240000;4559,30240000
22/05/2025;138;B;SDR;7,63890000;7,63970000;1,35480000;1,35480000
22/05/2025;139;A;MAD;0,61000000;0,61090000;9,23090000;9,24290000
22/05/2025;145;A;AED;1,53500000;1,53540000;3,67270000;3,67330000
22/05/2025;149;A;STN;0,25440000;0,25970000;21,71600000;22,16110000
22/05/2025;150;B;AUD;3,61700000;3,61910000;0,64150000;0,64180000
22/05/2025;155;A;BSD;5,63840000;5,63900000;1,00000000;1,00000000
22/05/2025;160;A;BMD;5,63840000;5,63900000;1,00000000;1,00000000
22/05/2025;165;A;CAD;4,06900000;4,06970000;1,38560000;1,38570000
22/05/2025;170;A;GYD;0,02679000;0,02711000;207,98000000;210,45000000
22/05/2025;173;A;NAD;0,31350000;0,31360000;17,98220000;17,98520000
22/05/2025;175;A;BBD;2,76380000;2,82220000;1,99810000;2,04010000
22/05/2025;180;A;BZD;2,79520000;2,81920000;2,00020000;2,01720000
22/05/2025;185;A;BND;4,36480000;4,36760000;1,29110000;1,29180000
22/05/2025;190;A;KYD;6,75260000;6,81450000;0,82750000;0,83500000
22/05/2025;195;A;SGD;4,36480000;4,36760000;1,29110000;1,29180000
22/05/2025;197;B;CLF;234,11200000;234,13690000;41,52100000;41,52100000
22/05/2025;200;B;FJD;2,45500000;2,51780000;0,43540000;0,44650000
22/05/2025;205;A;HKD;0,72040000;0,72040000;7,82720000;7,82730000
22/05/2025;210;A;TTD;0,82600000;0,83310000;6,76880000;6,82600000
22/05/2025;215;A;XCD;2,07290000;2,09630000;2,69000000;2,72000000
22/05/2025;220;A;USD;5,63840000;5,63900000;1,00000000;1,00000000
22/05/2025;230;A;JMD;0,03528000;0,03569000;158,01000000;159,81000000
22/05/2025;235;A;LRD;0,02791000;0,02848000;198,00000000;202,00000000
22/05/2025;245;B;NZD;3,32830000;3,33100000;0,59030000;0,59070000
22/05/2025;250;B;SBD;0,62870000;0,69530000;0,11150000;0,12330000
22/05/2025;255;A;SRD;0,15160000;0,15490000;36,40100000;37,18600000
22/05/2025;260;A;VND;0,00021700;0,00021710;25973,00000000;25980,00000000
22/05/2025;275;A;AMD;0,01463000;0,01471000;383,44000000;385,44000000
22/05/2025;295;A;CVE;0,05717000;0,05771000;97,72000000;98,62000000
22/05/2025;325;A;ANG;3,09800000;3,16000000;1,78450000;1,82000000
22/05/2025;326;A;XCG;3,09800000;3,16000000;1,78450000;1,82000000
22/05/2025;328;A;AWG;3,06430000;3,16800000;1,78000000;1,84000000
22/05/2025;345;A;HUF;0,01577000;0,01578000;357,45000000;357,62000000
22/05/2025;363;A;CDF;0,00191100;0,00197900;2850,00000000;2950,00000000
22/05/2025;365;A;BIF;0,00187000;0,00192000;2936,90000000;3015,00000000
22/05/2025;368;A;KMF;0,01290000;0,01296000;435,01000000;437,01000000
22/05/2025;370;A;XAF;0,00953500;0,00972200;580,05000000;591,35000000
22/05/2025;372;A;XOF;0,00967100;0,00979000;576,00000000;583,00000000
22/05/2025;380;A;XPF;0,05300000;0,05347000;105,46000000;106,39000000
22/05/2025;390;A;DJF;0,03158000;0,03175000;177,60000000;178,55000000
22/05/2025;398;A;GNF;0,00064810;0,00065380;8625,00000000;8700,00000000
22/05/2025;406;A;MGA;0,00124500;0,00126200;4467,49000000;4529,54000000
22/05/2025;420;A;RWF;0,00396600;0,00401400;1404,68000000;1421,68000000
22/05/2025;425;A;CHF;6,79820000;6,80220000;0,82900000;0,82940000
22/05/2025;440;A;HTG;0,04297000;0,04326000;130,34640000;131,22270000
22/05/2025;450;A;PYG;0,00070660;0,00070670;7978,86000000;7980,17000000
22/05/2025;460;A;UAH;0,13580000;0,13590000;41,48100000;41,52100000
22/05/2025;470;A;JPY;0,03918000;0,03920000;143,87000000;143,91000000
22/05/2025;482;A;GEL;2,03920000;2,08310000;2,70700000;2,76500000
22/05/2025;490;A;ALL;0,06481000;0,06536000;86,27000000;87,00000000
22/05/2025;495;A;HNL;0,21520000;0,21810000;25,86020000;26,20000000
22/05/2025;500;A;SLL;0,00024610;0,00024860;22683,00000000;22908,00000000
22/05/2025;503;A;MDL;0,32540000;0,32730000;17,23000000;17,33000000
22/05/2025;506;A;RON;1,25710000;1,25790000;4,48300000;4,48530000
22/05/2025;510;A;BGN;3,25490000;3,25610000;1,73180000;1,73230000
22/05/2025;530;B;GIP;7,56390000;7,57040000;1,34150000;1,34250000
22/05/2025;535;A;EGP;0,11290000;0,11320000;49,83000000;49,93000000
22/05/2025;540;B;GBP;7,56840000;7,57150000;1,34230000;1,34270000
22/05/2025;545;B;FKP;7,56390000;7,57040000;1,34150000;1,34250000
22/05/2025;560;A;LBP;0,00006290;0,00006300;89500,00000000;89700,00000000
22/05/2025;570;B;SHP;7,56730000;7,56980000;1,34210000;1,34240000
22/05/2025;575;A;SYP;0,00043340;0,00043380;13000,00000000;13010,00000000
22/05/2025;585;A;SZL;0,31350000;0,31360000;17,98220000;17,98520000
22/05/2025;603;A;LSL;0,31350000;0,31360000;17,98200000;17,98500000
22/05/2025;608;A;TMT;1,60890000;1,61370000;3,49450000;3,50450000
22/05/2025;622;A;MZN;0,08736000;0,08913000;63,27000000;64,54000000
22/05/2025;625;A;ERN;0,37220000;0,37590000;15,00000000;15,15000000
22/05/2025;630;A;NGN;0,00354300;0,00355300;1587,02000000;1591,42000000
22/05/2025;635;A;AOA;0,00605300;0,00618300;911,95500000;931,46100000
22/05/2025;640;A;TWD;0,18740000;0,18760000;30,05800000;30,08800000
22/05/2025;642;A;TRY;0,14490000;0,14490000;38,91680000;38,92560000
22/05/2025;660;A;PEN;1,54030000;1,54070000;3,66010000;3,66050000
22/05/2025;665;A;BTN;0,06556000;0,06561000;85,94400000;85,99900000
22/05/2025;670;A;MRO;0,01571000;0,01584000;356,00000000;359,00000000
22/05/2025;671;A;MRU;0,14200000;0,14250000;39,58000000;39,69900000
22/05/2025;680;B;TOP;2,31400000;2,45520000;0,41040000;0,43540000
22/05/2025;685;A;MOP;0,69870000;0,69950000;8,06200000;8,07000000
22/05/2025;706;A;ARS;0,00493100;0,00493400;1143,00000000;1143,50000000
22/05/2025;715;A;CLP;0,00597700;0,00598400;942,36000000;943,29000000
22/05/2025;720;A;COP;0,00134900;0,00135000;4176,45000000;4178,77000000
22/05/2025;721;B;COU;0,50630000;0,50640000;0,08980000;0,08980000
22/05/2025;725;A;CUP;0,23490000;0,23500000;24,00000000;24,00000000
22/05/2025;730;A;DOP;0,09516000;0,09579000;58,87000000;59,25000000
22/05/2025;735;A;PHP;0,10110000;0,10120000;55,69600000;55,78000000
22/05/2025;741;A;MXN;0,29180000;0,29180000;19,32300000;19,32400000
22/05/2025;745;A;UYU;0,13570000;0,13580000;41,53000000;41,56000000
22/05/2025;755;B;BWP;0,41610000;0,41840000;0,07380000;0,07420000
22/05/2025;760;A;MWK;0,00322100;0,00328400;1717,02000000;1750,32000000
22/05/2025;766;A;ZMW;0,20650000;0,20690000;27,25000000;27,30000000
22/05/2025;770;A;GTQ;0,73360000;0,73560000;7,66600000;7,68600000
22/05/2025;775;A;MMK;0,00267700;0,00269300;2093,70000000;2106,30000000
22/05/2025;778;B;PGK;1,33180000;1,42220000;0,23620000;0,25220000
22/05/2025;780;A;LAK;0,00025960;0,00026240;21490,00000000;21720,00000000
22/05/2025;785;A;ZAR;0,31350000;0,31360000;17,97960000;17,98640000
22/05/2025;795;A;CNY;0,78260000;0,78280000;7,20370000;7,20490000
22/05/2025;796;A;CNH;0,78270000;0,78280000;7,20350000;7,20380000
22/05/2025;800;A;QAR;1,54550000;1,54900000;3,64030000;3,64830000
22/05/2025;805;A;OMR;14,64140000;14,65060000;0,38490000;0,38510000
22/05/2025;810;A;YER;0,02310000;0,02315000;243,60000000;244,10000000
22/05/2025;815;A;IRR;0,00013420;0,00013430;42000,00000000;42005,00000000
22/05/2025;820;A;SAR;1,50270000;1,50380000;3,74980000;3,75210000
22/05/2025;825;A;KHR;0,00140500;0,00141200;3993,00000000;4013,00000000
22/05/2025;828;A;MYR;1,31740000;1,32060000;4,27000000;4,28000000
22/05/2025;830;A;RUB;0,07076000;0,07078000;79,67050000;79,67950000
22/05/2025;831;A;BYN;1,71950000;1,72650000;3,26610000;3,27910000
22/05/2025;835;A;TJS;0,54740000;0,55560000;10,15000000;10,30000000
22/05/2025;840;A;MUR;0,12360000;0,12450000;45,30000000;45,60000000
22/05/2025;845;A;NPR;0,04097000;0,04098000;137,60000000;137,62000000
22/05/2025;850;A;SCR;0,39660000;0,39660000;14,21690000;14,21730000
22/05/2025;855;A;LKR;0,01883000;0,01884000;299,25000000;299,40000000
22/05/2025;860;A;INR;0,06555000;0,06559000;85,96700000;86,02200000
22/05/2025;865;A;IDR;0,00034520;0,00034540;16325,00000000;16335,00000000
22/05/2025;870;A;MVR;0,36380000;0,36570000;15,42000000;15,50000000
22/05/2025;875;A;PKR;0,01998000;0,02001000;281,80000000;282,25000000
22/05/2025;880;A;ILS;1,56730000;1,56970000;3,59250000;3,59750000
22/05/2025;892;A;KGS;0,06444000;0,06448000;87,45000000;87,50430000
22/05/2025;893;A;UZS;0,00043680;0,00043710;12899,51000000;12909,51000000
22/05/2025;905;A;BDT;0,04610000;0,04649000;121,30000000;122,30000000
22/05/2025;912;B;WST;1,98190000;2,07800000;0,35150000;0,36850000
22/05/2025;913;A;KZT;0,01111000;0,01111000;507,50000000;507,60000000
22/05/2025;915;A;MNT;0,00157500;0,00157800;3574,00000000;3580,00000000
22/05/2025;920;A;VUV;0,04551000;0,04747000;118,80000000;123,90000000
22/05/2025;930;A;KRW;0,00407900;0,00408100;1381,81000000;1382,42000000
22/05/2025;946;A;TZS;0,00206900;0,00211200;2670,00000000;2725,00000000
22/05/2025;950;A;KES;0,04356000;0,04373000;128,95000000;129,45000000
22/05/2025;955;A;UGX;0,00154300;0,00154700;3645,00000000;3655,00000000
22/05/2025;960;A;SOS;0,00980600;0,00992800;568,00000000;575,00000000
22/05/2025;975;A;PLN;1,49560000;1,49630000;3,76860000;3,77000000
22/05/2025;978;B;EUR;6,36070000;6,36190000;1,12810000;1,12820000
22/05/2025;998;A;XAU;597,28810000;597,35170000;0,00944000;0,00944000

[2025-07-07T15:12:45.286+0000] {taskinstance.py:441} INFO - ::group::Post task execution logs
[2025-07-07T15:12:45.345+0000] {taskinstance.py:1206} INFO - Marking task as SUCCESS. dag_id=fin_cotacoes_bcb_classic, task_id=extract, run_id=scheduled__2025-05-22T00:00:00+00:00, execution_date=20250522T000000, start_date=20250707T151244, end_date=20250707T151245
[2025-07-07T15:12:45.687+0000] {local_task_job_runner.py:240} INFO - Task exited with return code 0
[2025-07-07T15:12:45.759+0000] {taskinstance.py:3503} INFO - 0 downstream tasks scheduled from follow-on schedule check
[2025-07-07T15:12:45.771+0000] {local_task_job_runner.py:222} INFO - ::endgroup::
