[2025-07-07T14:35:33.012+0000] {local_task_job_runner.py:120} INFO - ::group::Pre task execution logs
[2025-07-07T14:35:33.104+0000] {taskinstance.py:2076} INFO - Dependencies all met for dep_context=non-requeueable deps ti=<TaskInstance: fin_cotacoes_bcb_classic.transform_and_load scheduled__2025-05-20T00:00:00+00:00 [queued]>
[2025-07-07T14:35:33.122+0000] {taskinstance.py:2076} INFO - Dependencies all met for dep_context=requeueable deps ti=<TaskInstance: fin_cotacoes_bcb_classic.transform_and_load scheduled__2025-05-20T00:00:00+00:00 [queued]>
[2025-07-07T14:35:33.123+0000] {taskinstance.py:2306} INFO - Starting attempt 1 of 2
[2025-07-07T14:35:33.154+0000] {taskinstance.py:2330} INFO - Executing <Task(PythonOperator): transform_and_load> on 2025-05-20 00:00:00+00:00
[2025-07-07T14:35:33.169+0000] {logging_mixin.py:188} WARNING - /home/***/.local/lib/python3.12/site-packages/***/task/task_runner/standard_task_runner.py:61 DeprecationWarning: This process (pid=79718) is multi-threaded, use of fork() may lead to deadlocks in the child.
[2025-07-07T14:35:33.169+0000] {standard_task_runner.py:90} INFO - Running: ['***', 'tasks', 'run', 'fin_cotacoes_bcb_classic', 'transform_and_load', 'scheduled__2025-05-20T00:00:00+00:00', '--job-id', '2624', '--raw', '--subdir', 'DAGS_FOLDER/cotacoes.py', '--cfg-path', '/tmp/tmpyg3u_qo0']
[2025-07-07T14:35:33.171+0000] {standard_task_runner.py:91} INFO - Job 2624: Subtask transform_and_load
[2025-07-07T14:35:33.170+0000] {standard_task_runner.py:63} INFO - Started process 79775 to run task
[2025-07-07T14:35:33.254+0000] {task_command.py:426} INFO - Running <TaskInstance: fin_cotacoes_bcb_classic.transform_and_load scheduled__2025-05-20T00:00:00+00:00 [running]> on host bc96ca91d307
[2025-07-07T14:35:33.411+0000] {taskinstance.py:2648} INFO - Exporting env vars: AIRFLOW_CTX_DAG_OWNER='***' AIRFLOW_CTX_DAG_ID='fin_cotacoes_bcb_classic' AIRFLOW_CTX_TASK_ID='transform_and_load' AIRFLOW_CTX_EXECUTION_DATE='2025-05-20T00:00:00+00:00' AIRFLOW_CTX_TRY_NUMBER='1' AIRFLOW_CTX_DAG_RUN_ID='scheduled__2025-05-20T00:00:00+00:00'
[2025-07-07T14:35:33.413+0000] {taskinstance.py:430} INFO - ::endgroup::
[2025-07-07T14:35:33.473+0000] {logging_mixin.py:188} WARNING - /opt/***/dags/cotacoes.py:104 UserWarning: Parsing dates in %d/%m/%Y format when dayfirst=False (the default) was specified. Pass `dayfirst=True` or specify a format to silence this warning.
[2025-07-07T14:35:33.482+0000] {cotacoes.py:109} INFO - DataFrame transformado com 157 linhas.
[2025-07-07T14:35:33.508+0000] {base.py:84} INFO - Using connection ID '***-postgres' for task execution.
[2025-07-07T14:35:33.562+0000] {base.py:84} INFO - Using connection ID '***-postgres' for task execution.
[2025-07-07T14:35:33.720+0000] {sql.py:598} INFO - Loaded 157 rows into cotacoes so far
[2025-07-07T14:35:33.721+0000] {sql.py:611} INFO - Done loading. Loaded a total of 157 rows into cotacoes
[2025-07-07T14:35:33.721+0000] {cotacoes.py:124} INFO - Carregados/Atualizados 157 registros na tabela cotacoes.
[2025-07-07T14:35:33.721+0000] {python.py:237} INFO - Done. Returned value was: None
[2025-07-07T14:35:33.724+0000] {taskinstance.py:441} INFO - ::group::Post task execution logs
[2025-07-07T14:35:33.743+0000] {taskinstance.py:1206} INFO - Marking task as SUCCESS. dag_id=fin_cotacoes_bcb_classic, task_id=transform_and_load, run_id=scheduled__2025-05-20T00:00:00+00:00, execution_date=20250520T000000, start_date=20250707T143533, end_date=20250707T143533
[2025-07-07T14:35:33.804+0000] {local_task_job_runner.py:240} INFO - Task exited with return code 0
[2025-07-07T14:35:33.839+0000] {taskinstance.py:3503} INFO - 0 downstream tasks scheduled from follow-on schedule check
[2025-07-07T14:35:33.841+0000] {local_task_job_runner.py:222} INFO - ::endgroup::
[2025-07-07T15:12:52.242+0000] {local_task_job_runner.py:120} INFO - ::group::Pre task execution logs
[2025-07-07T15:12:52.327+0000] {taskinstance.py:2076} INFO - Dependencies all met for dep_context=non-requeueable deps ti=<TaskInstance: fin_cotacoes_bcb_classic.transform_and_load scheduled__2025-05-20T00:00:00+00:00 [queued]>
[2025-07-07T15:12:52.345+0000] {taskinstance.py:2076} INFO - Dependencies all met for dep_context=requeueable deps ti=<TaskInstance: fin_cotacoes_bcb_classic.transform_and_load scheduled__2025-05-20T00:00:00+00:00 [queued]>
[2025-07-07T15:12:52.345+0000] {taskinstance.py:2306} INFO - Starting attempt 1 of 2
[2025-07-07T15:12:52.382+0000] {taskinstance.py:2330} INFO - Executing <Task(PythonOperator): transform_and_load> on 2025-05-20 00:00:00+00:00
[2025-07-07T15:12:52.408+0000] {logging_mixin.py:188} WARNING - /home/***/.local/lib/python3.12/site-packages/***/task/task_runner/standard_task_runner.py:61 DeprecationWarning: This process (pid=104398) is multi-threaded, use of fork() may lead to deadlocks in the child.
[2025-07-07T15:12:52.408+0000] {standard_task_runner.py:63} INFO - Started process 104435 to run task
[2025-07-07T15:12:52.407+0000] {standard_task_runner.py:90} INFO - Running: ['***', 'tasks', 'run', 'fin_cotacoes_bcb_classic', 'transform_and_load', 'scheduled__2025-05-20T00:00:00+00:00', '--job-id', '4301', '--raw', '--subdir', 'DAGS_FOLDER/cotacoes.py', '--cfg-path', '/tmp/tmpcezlu6c7']
[2025-07-07T15:12:52.412+0000] {standard_task_runner.py:91} INFO - Job 4301: Subtask transform_and_load
[2025-07-07T15:12:52.549+0000] {task_command.py:426} INFO - Running <TaskInstance: fin_cotacoes_bcb_classic.transform_and_load scheduled__2025-05-20T00:00:00+00:00 [running]> on host bc96ca91d307
[2025-07-07T15:12:52.841+0000] {taskinstance.py:2648} INFO - Exporting env vars: AIRFLOW_CTX_DAG_OWNER='***' AIRFLOW_CTX_DAG_ID='fin_cotacoes_bcb_classic' AIRFLOW_CTX_TASK_ID='transform_and_load' AIRFLOW_CTX_EXECUTION_DATE='2025-05-20T00:00:00+00:00' AIRFLOW_CTX_TRY_NUMBER='1' AIRFLOW_CTX_DAG_RUN_ID='scheduled__2025-05-20T00:00:00+00:00'
[2025-07-07T15:12:52.843+0000] {taskinstance.py:430} INFO - ::endgroup::
[2025-07-07T15:12:52.879+0000] {logging_mixin.py:188} WARNING - /opt/***/dags/cotacoes.py:104 UserWarning: Parsing dates in %d/%m/%Y format when dayfirst=False (the default) was specified. Pass `dayfirst=True` or specify a format to silence this warning.
[2025-07-07T15:12:52.885+0000] {cotacoes.py:109} INFO - DataFrame transformado com 157 linhas.
[2025-07-07T15:12:52.901+0000] {base.py:84} INFO - Using connection ID '***-postgres' for task execution.
[2025-07-07T15:12:52.939+0000] {base.py:84} INFO - Using connection ID '***-postgres' for task execution.
[2025-07-07T15:12:53.013+0000] {sql.py:598} INFO - Loaded 157 rows into cotacoes so far
[2025-07-07T15:12:53.013+0000] {sql.py:611} INFO - Done loading. Loaded a total of 157 rows into cotacoes
[2025-07-07T15:12:53.013+0000] {cotacoes.py:124} INFO - Carregados/Atualizados 157 registros na tabela cotacoes.
[2025-07-07T15:12:53.014+0000] {python.py:237} INFO - Done. Returned value was: None
[2025-07-07T15:12:53.014+0000] {taskinstance.py:441} INFO - ::group::Post task execution logs
[2025-07-07T15:12:53.050+0000] {taskinstance.py:1206} INFO - Marking task as SUCCESS. dag_id=fin_cotacoes_bcb_classic, task_id=transform_and_load, run_id=scheduled__2025-05-20T00:00:00+00:00, execution_date=20250520T000000, start_date=20250707T151252, end_date=20250707T151253
[2025-07-07T15:12:53.127+0000] {local_task_job_runner.py:240} INFO - Task exited with return code 0
[2025-07-07T15:12:53.151+0000] {local_task_job_runner.py:222} INFO - ::endgroup::
