[2025-07-07T14:33:06.106+0000] {local_task_job_runner.py:120} INFO - ::group::Pre task execution logs
[2025-07-07T14:33:06.165+0000] {taskinstance.py:2076} INFO - Dependencies all met for dep_context=non-requeueable deps ti=<TaskInstance: fin_cotacoes_bcb_classic.transform_and_load scheduled__2025-01-16T00:00:00+00:00 [queued]>
[2025-07-07T14:33:06.185+0000] {taskinstance.py:2076} INFO - Dependencies all met for dep_context=requeueable deps ti=<TaskInstance: fin_cotacoes_bcb_classic.transform_and_load scheduled__2025-01-16T00:00:00+00:00 [queued]>
[2025-07-07T14:33:06.186+0000] {taskinstance.py:2306} INFO - Starting attempt 1 of 2
[2025-07-07T14:33:06.206+0000] {taskinstance.py:2330} INFO - Executing <Task(PythonOperator): transform_and_load> on 2025-01-16 00:00:00+00:00
[2025-07-07T14:33:06.241+0000] {standard_task_runner.py:90} INFO - Running: ['***', 'tasks', 'run', 'fin_cotacoes_bcb_classic', 'transform_and_load', 'scheduled__2025-01-16T00:00:00+00:00', '--job-id', '2262', '--raw', '--subdir', 'DAGS_FOLDER/cotacoes.py', '--cfg-path', '/tmp/tmpvvgh9oqs']
[2025-07-07T14:33:06.243+0000] {standard_task_runner.py:91} INFO - Job 2262: Subtask transform_and_load
[2025-07-07T14:33:06.247+0000] {logging_mixin.py:188} WARNING - /home/***/.local/lib/python3.12/site-packages/***/task/task_runner/standard_task_runner.py:61 DeprecationWarning: This process (pid=77388) is multi-threaded, use of fork() may lead to deadlocks in the child.
[2025-07-07T14:33:06.248+0000] {standard_task_runner.py:63} INFO - Started process 77453 to run task
[2025-07-07T14:33:06.401+0000] {task_command.py:426} INFO - Running <TaskInstance: fin_cotacoes_bcb_classic.transform_and_load scheduled__2025-01-16T00:00:00+00:00 [running]> on host bc96ca91d307
[2025-07-07T14:33:06.637+0000] {taskinstance.py:2648} INFO - Exporting env vars: AIRFLOW_CTX_DAG_OWNER='***' AIRFLOW_CTX_DAG_ID='fin_cotacoes_bcb_classic' AIRFLOW_CTX_TASK_ID='transform_and_load' AIRFLOW_CTX_EXECUTION_DATE='2025-01-16T00:00:00+00:00' AIRFLOW_CTX_TRY_NUMBER='1' AIRFLOW_CTX_DAG_RUN_ID='scheduled__2025-01-16T00:00:00+00:00'
[2025-07-07T14:33:06.638+0000] {taskinstance.py:430} INFO - ::endgroup::
[2025-07-07T14:33:06.682+0000] {logging_mixin.py:188} WARNING - /opt/***/dags/cotacoes.py:104 UserWarning: Parsing dates in %d/%m/%Y format when dayfirst=False (the default) was specified. Pass `dayfirst=True` or specify a format to silence this warning.
[2025-07-07T14:33:06.696+0000] {cotacoes.py:109} INFO - DataFrame transformado com 156 linhas.
[2025-07-07T14:33:06.721+0000] {base.py:84} INFO - Using connection ID '***-postgres' for task execution.
[2025-07-07T14:33:06.742+0000] {base.py:84} INFO - Using connection ID '***-postgres' for task execution.
[2025-07-07T14:33:06.824+0000] {sql.py:598} INFO - Loaded 156 rows into cotacoes so far
[2025-07-07T14:33:06.824+0000] {sql.py:611} INFO - Done loading. Loaded a total of 156 rows into cotacoes
[2025-07-07T14:33:06.826+0000] {cotacoes.py:124} INFO - Carregados/Atualizados 156 registros na tabela cotacoes.
[2025-07-07T14:33:06.829+0000] {python.py:237} INFO - Done. Returned value was: None
[2025-07-07T14:33:06.829+0000] {taskinstance.py:441} INFO - ::group::Post task execution logs
[2025-07-07T14:33:06.863+0000] {taskinstance.py:1206} INFO - Marking task as SUCCESS. dag_id=fin_cotacoes_bcb_classic, task_id=transform_and_load, run_id=scheduled__2025-01-16T00:00:00+00:00, execution_date=20250116T000000, start_date=20250707T143306, end_date=20250707T143306
[2025-07-07T14:33:06.965+0000] {local_task_job_runner.py:240} INFO - Task exited with return code 0
[2025-07-07T14:33:07.016+0000] {taskinstance.py:3503} INFO - 0 downstream tasks scheduled from follow-on schedule check
[2025-07-07T14:33:07.020+0000] {local_task_job_runner.py:222} INFO - ::endgroup::
[2025-07-07T15:10:26.672+0000] {local_task_job_runner.py:120} INFO - ::group::Pre task execution logs
[2025-07-07T15:10:26.717+0000] {taskinstance.py:2076} INFO - Dependencies all met for dep_context=non-requeueable deps ti=<TaskInstance: fin_cotacoes_bcb_classic.transform_and_load scheduled__2025-01-16T00:00:00+00:00 [queued]>
[2025-07-07T15:10:26.731+0000] {taskinstance.py:2076} INFO - Dependencies all met for dep_context=requeueable deps ti=<TaskInstance: fin_cotacoes_bcb_classic.transform_and_load scheduled__2025-01-16T00:00:00+00:00 [queued]>
[2025-07-07T15:10:26.731+0000] {taskinstance.py:2306} INFO - Starting attempt 1 of 2
[2025-07-07T15:10:26.759+0000] {taskinstance.py:2330} INFO - Executing <Task(PythonOperator): transform_and_load> on 2025-01-16 00:00:00+00:00
[2025-07-07T15:10:26.777+0000] {standard_task_runner.py:90} INFO - Running: ['***', 'tasks', 'run', 'fin_cotacoes_bcb_classic', 'transform_and_load', 'scheduled__2025-01-16T00:00:00+00:00', '--job-id', '3926', '--raw', '--subdir', 'DAGS_FOLDER/cotacoes.py', '--cfg-path', '/tmp/tmpp7vepbpl']
[2025-07-07T15:10:26.781+0000] {standard_task_runner.py:91} INFO - Job 3926: Subtask transform_and_load
[2025-07-07T15:10:26.780+0000] {logging_mixin.py:188} WARNING - /home/***/.local/lib/python3.12/site-packages/***/task/task_runner/standard_task_runner.py:61 DeprecationWarning: This process (pid=101940) is multi-threaded, use of fork() may lead to deadlocks in the child.
[2025-07-07T15:10:26.787+0000] {standard_task_runner.py:63} INFO - Started process 102001 to run task
[2025-07-07T15:10:26.888+0000] {task_command.py:426} INFO - Running <TaskInstance: fin_cotacoes_bcb_classic.transform_and_load scheduled__2025-01-16T00:00:00+00:00 [running]> on host bc96ca91d307
[2025-07-07T15:10:27.086+0000] {taskinstance.py:2648} INFO - Exporting env vars: AIRFLOW_CTX_DAG_OWNER='***' AIRFLOW_CTX_DAG_ID='fin_cotacoes_bcb_classic' AIRFLOW_CTX_TASK_ID='transform_and_load' AIRFLOW_CTX_EXECUTION_DATE='2025-01-16T00:00:00+00:00' AIRFLOW_CTX_TRY_NUMBER='1' AIRFLOW_CTX_DAG_RUN_ID='scheduled__2025-01-16T00:00:00+00:00'
[2025-07-07T15:10:27.087+0000] {taskinstance.py:430} INFO - ::endgroup::
[2025-07-07T15:10:27.150+0000] {logging_mixin.py:188} WARNING - /opt/***/dags/cotacoes.py:104 UserWarning: Parsing dates in %d/%m/%Y format when dayfirst=False (the default) was specified. Pass `dayfirst=True` or specify a format to silence this warning.
[2025-07-07T15:10:27.160+0000] {cotacoes.py:109} INFO - DataFrame transformado com 156 linhas.
[2025-07-07T15:10:27.195+0000] {base.py:84} INFO - Using connection ID '***-postgres' for task execution.
[2025-07-07T15:10:27.230+0000] {base.py:84} INFO - Using connection ID '***-postgres' for task execution.
[2025-07-07T15:10:27.364+0000] {sql.py:598} INFO - Loaded 156 rows into cotacoes so far
[2025-07-07T15:10:27.364+0000] {sql.py:611} INFO - Done loading. Loaded a total of 156 rows into cotacoes
[2025-07-07T15:10:27.365+0000] {cotacoes.py:124} INFO - Carregados/Atualizados 156 registros na tabela cotacoes.
[2025-07-07T15:10:27.365+0000] {python.py:237} INFO - Done. Returned value was: None
[2025-07-07T15:10:27.365+0000] {taskinstance.py:441} INFO - ::group::Post task execution logs
[2025-07-07T15:10:27.402+0000] {taskinstance.py:1206} INFO - Marking task as SUCCESS. dag_id=fin_cotacoes_bcb_classic, task_id=transform_and_load, run_id=scheduled__2025-01-16T00:00:00+00:00, execution_date=20250116T000000, start_date=20250707T151026, end_date=20250707T151027
[2025-07-07T15:10:27.457+0000] {local_task_job_runner.py:240} INFO - Task exited with return code 0
[2025-07-07T15:10:27.488+0000] {local_task_job_runner.py:222} INFO - ::endgroup::
