[2025-07-07T15:05:28.868+0000] {local_task_job_runner.py:120} INFO - ::group::Pre task execution logs
[2025-07-07T15:05:28.928+0000] {taskinstance.py:2076} INFO - Dependencies all met for dep_context=non-requeueable deps ti=<TaskInstance: fin_cotacoes_bcb_classic.transform_and_load scheduled__2024-05-15T00:00:00+00:00 [queued]>
[2025-07-07T15:05:28.948+0000] {taskinstance.py:2076} INFO - Dependencies all met for dep_context=requeueable deps ti=<TaskInstance: fin_cotacoes_bcb_classic.transform_and_load scheduled__2024-05-15T00:00:00+00:00 [queued]>
[2025-07-07T15:05:28.949+0000] {taskinstance.py:2306} INFO - Starting attempt 1 of 2
[2025-07-07T15:05:28.979+0000] {taskinstance.py:2330} INFO - Executing <Task(PythonOperator): transform_and_load> on 2024-05-15 00:00:00+00:00
[2025-07-07T15:05:28.996+0000] {logging_mixin.py:188} WARNING - /home/***/.local/lib/python3.12/site-packages/***/task/task_runner/standard_task_runner.py:61 DeprecationWarning: This process (pid=97178) is multi-threaded, use of fork() may lead to deadlocks in the child.
[2025-07-07T15:05:28.995+0000] {standard_task_runner.py:90} INFO - Running: ['***', 'tasks', 'run', 'fin_cotacoes_bcb_classic', 'transform_and_load', 'scheduled__2024-05-15T00:00:00+00:00', '--job-id', '3171', '--raw', '--subdir', 'DAGS_FOLDER/cotacoes.py', '--cfg-path', '/tmp/tmpir_br0v0']
[2025-07-07T15:05:28.997+0000] {standard_task_runner.py:91} INFO - Job 3171: Subtask transform_and_load
[2025-07-07T15:05:28.997+0000] {standard_task_runner.py:63} INFO - Started process 97225 to run task
[2025-07-07T15:05:29.074+0000] {task_command.py:426} INFO - Running <TaskInstance: fin_cotacoes_bcb_classic.transform_and_load scheduled__2024-05-15T00:00:00+00:00 [running]> on host bc96ca91d307
[2025-07-07T15:05:29.211+0000] {taskinstance.py:2648} INFO - Exporting env vars: AIRFLOW_CTX_DAG_OWNER='***' AIRFLOW_CTX_DAG_ID='fin_cotacoes_bcb_classic' AIRFLOW_CTX_TASK_ID='transform_and_load' AIRFLOW_CTX_EXECUTION_DATE='2024-05-15T00:00:00+00:00' AIRFLOW_CTX_TRY_NUMBER='1' AIRFLOW_CTX_DAG_RUN_ID='scheduled__2024-05-15T00:00:00+00:00'
[2025-07-07T15:05:29.212+0000] {taskinstance.py:430} INFO - ::endgroup::
[2025-07-07T15:05:29.254+0000] {logging_mixin.py:188} WARNING - /opt/***/dags/cotacoes.py:104 UserWarning: Parsing dates in %d/%m/%Y format when dayfirst=False (the default) was specified. Pass `dayfirst=True` or specify a format to silence this warning.
[2025-07-07T15:05:29.261+0000] {cotacoes.py:109} INFO - DataFrame transformado com 156 linhas.
[2025-07-07T15:05:29.276+0000] {base.py:84} INFO - Using connection ID '***-postgres' for task execution.
[2025-07-07T15:05:29.289+0000] {base.py:84} INFO - Using connection ID '***-postgres' for task execution.
[2025-07-07T15:05:29.334+0000] {sql.py:598} INFO - Loaded 156 rows into cotacoes so far
[2025-07-07T15:05:29.336+0000] {sql.py:611} INFO - Done loading. Loaded a total of 156 rows into cotacoes
[2025-07-07T15:05:29.336+0000] {cotacoes.py:124} INFO - Carregados/Atualizados 156 registros na tabela cotacoes.
[2025-07-07T15:05:29.337+0000] {python.py:237} INFO - Done. Returned value was: None
[2025-07-07T15:05:29.337+0000] {taskinstance.py:441} INFO - ::group::Post task execution logs
[2025-07-07T15:05:29.349+0000] {taskinstance.py:1206} INFO - Marking task as SUCCESS. dag_id=fin_cotacoes_bcb_classic, task_id=transform_and_load, run_id=scheduled__2024-05-15T00:00:00+00:00, execution_date=20240515T000000, start_date=20250707T150528, end_date=20250707T150529
[2025-07-07T15:05:29.379+0000] {local_task_job_runner.py:240} INFO - Task exited with return code 0
[2025-07-07T15:05:29.402+0000] {taskinstance.py:3503} INFO - 0 downstream tasks scheduled from follow-on schedule check
[2025-07-07T15:05:29.403+0000] {local_task_job_runner.py:222} INFO - ::endgroup::
