[2025-07-07T14:36:12.739+0000] {local_task_job_runner.py:120} INFO - ::group::Pre task execution logs
[2025-07-07T14:36:12.763+0000] {taskinstance.py:2076} INFO - Dependencies all met for dep_context=non-requeueable deps ti=<TaskInstance: fin_cotacoes_bcb_classic.transform_and_load scheduled__2025-06-30T00:00:00+00:00 [queued]>
[2025-07-07T14:36:12.770+0000] {taskinstance.py:2076} INFO - Dependencies all met for dep_context=requeueable deps ti=<TaskInstance: fin_cotacoes_bcb_classic.transform_and_load scheduled__2025-06-30T00:00:00+00:00 [queued]>
[2025-07-07T14:36:12.770+0000] {taskinstance.py:2306} INFO - Starting attempt 1 of 2
[2025-07-07T14:36:12.779+0000] {taskinstance.py:2330} INFO - Executing <Task(PythonOperator): transform_and_load> on 2025-06-30 00:00:00+00:00
[2025-07-07T14:36:12.787+0000] {logging_mixin.py:188} WARNING - /home/***/.local/lib/python3.12/site-packages/***/task/task_runner/standard_task_runner.py:61 DeprecationWarning: This process (pid=80393) is multi-threaded, use of fork() may lead to deadlocks in the child.
[2025-07-07T14:36:12.787+0000] {standard_task_runner.py:90} INFO - Running: ['***', 'tasks', 'run', 'fin_cotacoes_bcb_classic', 'transform_and_load', 'scheduled__2025-06-30T00:00:00+00:00', '--job-id', '2727', '--raw', '--subdir', 'DAGS_FOLDER/cotacoes.py', '--cfg-path', '/tmp/tmprqjbfk09']
[2025-07-07T14:36:12.788+0000] {standard_task_runner.py:63} INFO - Started process 80445 to run task
[2025-07-07T14:36:12.788+0000] {standard_task_runner.py:91} INFO - Job 2727: Subtask transform_and_load
[2025-07-07T14:36:12.830+0000] {task_command.py:426} INFO - Running <TaskInstance: fin_cotacoes_bcb_classic.transform_and_load scheduled__2025-06-30T00:00:00+00:00 [running]> on host bc96ca91d307
[2025-07-07T14:36:12.915+0000] {taskinstance.py:2648} INFO - Exporting env vars: AIRFLOW_CTX_DAG_OWNER='***' AIRFLOW_CTX_DAG_ID='fin_cotacoes_bcb_classic' AIRFLOW_CTX_TASK_ID='transform_and_load' AIRFLOW_CTX_EXECUTION_DATE='2025-06-30T00:00:00+00:00' AIRFLOW_CTX_TRY_NUMBER='1' AIRFLOW_CTX_DAG_RUN_ID='scheduled__2025-06-30T00:00:00+00:00'
[2025-07-07T14:36:12.916+0000] {taskinstance.py:430} INFO - ::endgroup::
[2025-07-07T14:36:12.931+0000] {logging_mixin.py:188} WARNING - /opt/***/dags/cotacoes.py:104 UserWarning: Parsing dates in %d/%m/%Y format when dayfirst=False (the default) was specified. Pass `dayfirst=True` or specify a format to silence this warning.
[2025-07-07T14:36:12.935+0000] {cotacoes.py:109} INFO - DataFrame transformado com 157 linhas.
[2025-07-07T14:36:12.943+0000] {base.py:84} INFO - Using connection ID '***-postgres' for task execution.
[2025-07-07T14:36:12.952+0000] {base.py:84} INFO - Using connection ID '***-postgres' for task execution.
[2025-07-07T14:36:12.983+0000] {sql.py:598} INFO - Loaded 157 rows into cotacoes so far
[2025-07-07T14:36:12.984+0000] {sql.py:611} INFO - Done loading. Loaded a total of 157 rows into cotacoes
[2025-07-07T14:36:12.984+0000] {cotacoes.py:124} INFO - Carregados/Atualizados 157 registros na tabela cotacoes.
[2025-07-07T14:36:12.984+0000] {python.py:237} INFO - Done. Returned value was: None
[2025-07-07T14:36:12.985+0000] {taskinstance.py:441} INFO - ::group::Post task execution logs
[2025-07-07T14:36:12.996+0000] {taskinstance.py:1206} INFO - Marking task as SUCCESS. dag_id=fin_cotacoes_bcb_classic, task_id=transform_and_load, run_id=scheduled__2025-06-30T00:00:00+00:00, execution_date=20250630T000000, start_date=20250707T143612, end_date=20250707T143612
[2025-07-07T14:36:13.041+0000] {local_task_job_runner.py:240} INFO - Task exited with return code 0
[2025-07-07T14:36:13.058+0000] {taskinstance.py:3503} INFO - 0 downstream tasks scheduled from follow-on schedule check
[2025-07-07T14:36:13.059+0000] {local_task_job_runner.py:222} INFO - ::endgroup::
[2025-07-07T15:13:32.319+0000] {local_task_job_runner.py:120} INFO - ::group::Pre task execution logs
[2025-07-07T15:13:32.349+0000] {taskinstance.py:2076} INFO - Dependencies all met for dep_context=non-requeueable deps ti=<TaskInstance: fin_cotacoes_bcb_classic.transform_and_load scheduled__2025-06-30T00:00:00+00:00 [queued]>
[2025-07-07T15:13:32.356+0000] {taskinstance.py:2076} INFO - Dependencies all met for dep_context=requeueable deps ti=<TaskInstance: fin_cotacoes_bcb_classic.transform_and_load scheduled__2025-06-30T00:00:00+00:00 [queued]>
[2025-07-07T15:13:32.356+0000] {taskinstance.py:2306} INFO - Starting attempt 1 of 2
[2025-07-07T15:13:32.367+0000] {taskinstance.py:2330} INFO - Executing <Task(PythonOperator): transform_and_load> on 2025-06-30 00:00:00+00:00
[2025-07-07T15:13:32.376+0000] {logging_mixin.py:188} WARNING - /home/***/.local/lib/python3.12/site-packages/***/task/task_runner/standard_task_runner.py:61 DeprecationWarning: This process (pid=105027) is multi-threaded, use of fork() may lead to deadlocks in the child.
[2025-07-07T15:13:32.377+0000] {standard_task_runner.py:63} INFO - Started process 105049 to run task
[2025-07-07T15:13:32.376+0000] {standard_task_runner.py:90} INFO - Running: ['***', 'tasks', 'run', 'fin_cotacoes_bcb_classic', 'transform_and_load', 'scheduled__2025-06-30T00:00:00+00:00', '--job-id', '4404', '--raw', '--subdir', 'DAGS_FOLDER/cotacoes.py', '--cfg-path', '/tmp/tmpf7g2klb9']
[2025-07-07T15:13:32.378+0000] {standard_task_runner.py:91} INFO - Job 4404: Subtask transform_and_load
[2025-07-07T15:13:32.417+0000] {task_command.py:426} INFO - Running <TaskInstance: fin_cotacoes_bcb_classic.transform_and_load scheduled__2025-06-30T00:00:00+00:00 [running]> on host bc96ca91d307
[2025-07-07T15:13:32.492+0000] {taskinstance.py:2648} INFO - Exporting env vars: AIRFLOW_CTX_DAG_OWNER='***' AIRFLOW_CTX_DAG_ID='fin_cotacoes_bcb_classic' AIRFLOW_CTX_TASK_ID='transform_and_load' AIRFLOW_CTX_EXECUTION_DATE='2025-06-30T00:00:00+00:00' AIRFLOW_CTX_TRY_NUMBER='1' AIRFLOW_CTX_DAG_RUN_ID='scheduled__2025-06-30T00:00:00+00:00'
[2025-07-07T15:13:32.493+0000] {taskinstance.py:430} INFO - ::endgroup::
[2025-07-07T15:13:32.514+0000] {logging_mixin.py:188} WARNING - /opt/***/dags/cotacoes.py:104 UserWarning: Parsing dates in %d/%m/%Y format when dayfirst=False (the default) was specified. Pass `dayfirst=True` or specify a format to silence this warning.
[2025-07-07T15:13:32.518+0000] {cotacoes.py:109} INFO - DataFrame transformado com 157 linhas.
[2025-07-07T15:13:32.529+0000] {base.py:84} INFO - Using connection ID '***-postgres' for task execution.
[2025-07-07T15:13:32.538+0000] {base.py:84} INFO - Using connection ID '***-postgres' for task execution.
[2025-07-07T15:13:32.574+0000] {sql.py:598} INFO - Loaded 157 rows into cotacoes so far
[2025-07-07T15:13:32.574+0000] {sql.py:611} INFO - Done loading. Loaded a total of 157 rows into cotacoes
[2025-07-07T15:13:32.574+0000] {cotacoes.py:124} INFO - Carregados/Atualizados 157 registros na tabela cotacoes.
[2025-07-07T15:13:32.575+0000] {python.py:237} INFO - Done. Returned value was: None
[2025-07-07T15:13:32.575+0000] {taskinstance.py:441} INFO - ::group::Post task execution logs
[2025-07-07T15:13:32.585+0000] {taskinstance.py:1206} INFO - Marking task as SUCCESS. dag_id=fin_cotacoes_bcb_classic, task_id=transform_and_load, run_id=scheduled__2025-06-30T00:00:00+00:00, execution_date=20250630T000000, start_date=20250707T151332, end_date=20250707T151332
[2025-07-07T15:13:32.631+0000] {local_task_job_runner.py:240} INFO - Task exited with return code 0
[2025-07-07T15:13:32.649+0000] {taskinstance.py:3503} INFO - 0 downstream tasks scheduled from follow-on schedule check
[2025-07-07T15:13:32.651+0000] {local_task_job_runner.py:222} INFO - ::endgroup::
