[2025-07-07T14:35:34.046+0000] {local_task_job_runner.py:120} INFO - ::group::Pre task execution logs
[2025-07-07T14:35:34.086+0000] {taskinstance.py:2076} INFO - Dependencies all met for dep_context=non-requeueable deps ti=<TaskInstance: fin_cotacoes_bcb_classic.transform_and_load scheduled__2025-05-26T00:00:00+00:00 [queued]>
[2025-07-07T14:35:34.096+0000] {taskinstance.py:2076} INFO - Dependencies all met for dep_context=requeueable deps ti=<TaskInstance: fin_cotacoes_bcb_classic.transform_and_load scheduled__2025-05-26T00:00:00+00:00 [queued]>
[2025-07-07T14:35:34.097+0000] {taskinstance.py:2306} INFO - Starting attempt 1 of 2
[2025-07-07T14:35:34.112+0000] {taskinstance.py:2330} INFO - Executing <Task(PythonOperator): transform_and_load> on 2025-05-26 00:00:00+00:00
[2025-07-07T14:35:34.124+0000] {logging_mixin.py:188} WARNING - /home/***/.local/lib/python3.12/site-packages/***/task/task_runner/standard_task_runner.py:61 DeprecationWarning: This process (pid=79752) is multi-threaded, use of fork() may lead to deadlocks in the child.
[2025-07-07T14:35:34.124+0000] {standard_task_runner.py:90} INFO - Running: ['***', 'tasks', 'run', 'fin_cotacoes_bcb_classic', 'transform_and_load', 'scheduled__2025-05-26T00:00:00+00:00', '--job-id', '2628', '--raw', '--subdir', 'DAGS_FOLDER/cotacoes.py', '--cfg-path', '/tmp/tmp1n77uwgq']
[2025-07-07T14:35:34.126+0000] {standard_task_runner.py:91} INFO - Job 2628: Subtask transform_and_load
[2025-07-07T14:35:34.126+0000] {standard_task_runner.py:63} INFO - Started process 79784 to run task
[2025-07-07T14:35:34.172+0000] {task_command.py:426} INFO - Running <TaskInstance: fin_cotacoes_bcb_classic.transform_and_load scheduled__2025-05-26T00:00:00+00:00 [running]> on host bc96ca91d307
[2025-07-07T14:35:34.268+0000] {taskinstance.py:2648} INFO - Exporting env vars: AIRFLOW_CTX_DAG_OWNER='***' AIRFLOW_CTX_DAG_ID='fin_cotacoes_bcb_classic' AIRFLOW_CTX_TASK_ID='transform_and_load' AIRFLOW_CTX_EXECUTION_DATE='2025-05-26T00:00:00+00:00' AIRFLOW_CTX_TRY_NUMBER='1' AIRFLOW_CTX_DAG_RUN_ID='scheduled__2025-05-26T00:00:00+00:00'
[2025-07-07T14:35:34.269+0000] {taskinstance.py:430} INFO - ::endgroup::
[2025-07-07T14:35:34.291+0000] {logging_mixin.py:188} WARNING - /opt/***/dags/cotacoes.py:104 UserWarning: Parsing dates in %d/%m/%Y format when dayfirst=False (the default) was specified. Pass `dayfirst=True` or specify a format to silence this warning.
[2025-07-07T14:35:34.297+0000] {cotacoes.py:109} INFO - DataFrame transformado com 157 linhas.
[2025-07-07T14:35:34.308+0000] {base.py:84} INFO - Using connection ID '***-postgres' for task execution.
[2025-07-07T14:35:34.320+0000] {base.py:84} INFO - Using connection ID '***-postgres' for task execution.
[2025-07-07T14:35:34.360+0000] {sql.py:598} INFO - Loaded 157 rows into cotacoes so far
[2025-07-07T14:35:34.361+0000] {sql.py:611} INFO - Done loading. Loaded a total of 157 rows into cotacoes
[2025-07-07T14:35:34.361+0000] {cotacoes.py:124} INFO - Carregados/Atualizados 157 registros na tabela cotacoes.
[2025-07-07T14:35:34.361+0000] {python.py:237} INFO - Done. Returned value was: None
[2025-07-07T14:35:34.362+0000] {taskinstance.py:441} INFO - ::group::Post task execution logs
[2025-07-07T14:35:34.373+0000] {taskinstance.py:1206} INFO - Marking task as SUCCESS. dag_id=fin_cotacoes_bcb_classic, task_id=transform_and_load, run_id=scheduled__2025-05-26T00:00:00+00:00, execution_date=20250526T000000, start_date=20250707T143534, end_date=20250707T143534
[2025-07-07T14:35:34.424+0000] {local_task_job_runner.py:240} INFO - Task exited with return code 0
[2025-07-07T14:35:34.446+0000] {taskinstance.py:3503} INFO - 0 downstream tasks scheduled from follow-on schedule check
[2025-07-07T14:35:34.448+0000] {local_task_job_runner.py:222} INFO - ::endgroup::
[2025-07-07T15:12:54.267+0000] {local_task_job_runner.py:120} INFO - ::group::Pre task execution logs
[2025-07-07T15:12:54.336+0000] {taskinstance.py:2076} INFO - Dependencies all met for dep_context=non-requeueable deps ti=<TaskInstance: fin_cotacoes_bcb_classic.transform_and_load scheduled__2025-05-26T00:00:00+00:00 [queued]>
[2025-07-07T15:12:54.354+0000] {taskinstance.py:2076} INFO - Dependencies all met for dep_context=requeueable deps ti=<TaskInstance: fin_cotacoes_bcb_classic.transform_and_load scheduled__2025-05-26T00:00:00+00:00 [queued]>
[2025-07-07T15:12:54.354+0000] {taskinstance.py:2306} INFO - Starting attempt 1 of 2
[2025-07-07T15:12:54.376+0000] {taskinstance.py:2330} INFO - Executing <Task(PythonOperator): transform_and_load> on 2025-05-26 00:00:00+00:00
[2025-07-07T15:12:54.394+0000] {logging_mixin.py:188} WARNING - /home/***/.local/lib/python3.12/site-packages/***/task/task_runner/standard_task_runner.py:61 DeprecationWarning: This process (pid=104417) is multi-threaded, use of fork() may lead to deadlocks in the child.
[2025-07-07T15:12:54.395+0000] {standard_task_runner.py:63} INFO - Started process 104442 to run task
[2025-07-07T15:12:54.403+0000] {standard_task_runner.py:90} INFO - Running: ['***', 'tasks', 'run', 'fin_cotacoes_bcb_classic', 'transform_and_load', 'scheduled__2025-05-26T00:00:00+00:00', '--job-id', '4308', '--raw', '--subdir', 'DAGS_FOLDER/cotacoes.py', '--cfg-path', '/tmp/tmponqul4sr']
[2025-07-07T15:12:54.404+0000] {standard_task_runner.py:91} INFO - Job 4308: Subtask transform_and_load
[2025-07-07T15:12:54.493+0000] {task_command.py:426} INFO - Running <TaskInstance: fin_cotacoes_bcb_classic.transform_and_load scheduled__2025-05-26T00:00:00+00:00 [running]> on host bc96ca91d307
[2025-07-07T15:12:54.726+0000] {taskinstance.py:2648} INFO - Exporting env vars: AIRFLOW_CTX_DAG_OWNER='***' AIRFLOW_CTX_DAG_ID='fin_cotacoes_bcb_classic' AIRFLOW_CTX_TASK_ID='transform_and_load' AIRFLOW_CTX_EXECUTION_DATE='2025-05-26T00:00:00+00:00' AIRFLOW_CTX_TRY_NUMBER='1' AIRFLOW_CTX_DAG_RUN_ID='scheduled__2025-05-26T00:00:00+00:00'
[2025-07-07T15:12:54.729+0000] {taskinstance.py:430} INFO - ::endgroup::
[2025-07-07T15:12:54.785+0000] {logging_mixin.py:188} WARNING - /opt/***/dags/cotacoes.py:104 UserWarning: Parsing dates in %d/%m/%Y format when dayfirst=False (the default) was specified. Pass `dayfirst=True` or specify a format to silence this warning.
[2025-07-07T15:12:54.791+0000] {cotacoes.py:109} INFO - DataFrame transformado com 157 linhas.
[2025-07-07T15:12:54.816+0000] {base.py:84} INFO - Using connection ID '***-postgres' for task execution.
[2025-07-07T15:12:54.840+0000] {base.py:84} INFO - Using connection ID '***-postgres' for task execution.
[2025-07-07T15:12:54.910+0000] {sql.py:598} INFO - Loaded 157 rows into cotacoes so far
[2025-07-07T15:12:54.910+0000] {sql.py:611} INFO - Done loading. Loaded a total of 157 rows into cotacoes
[2025-07-07T15:12:54.911+0000] {cotacoes.py:124} INFO - Carregados/Atualizados 157 registros na tabela cotacoes.
[2025-07-07T15:12:54.911+0000] {python.py:237} INFO - Done. Returned value was: None
[2025-07-07T15:12:54.911+0000] {taskinstance.py:441} INFO - ::group::Post task execution logs
[2025-07-07T15:12:54.936+0000] {taskinstance.py:1206} INFO - Marking task as SUCCESS. dag_id=fin_cotacoes_bcb_classic, task_id=transform_and_load, run_id=scheduled__2025-05-26T00:00:00+00:00, execution_date=20250526T000000, start_date=20250707T151254, end_date=20250707T151254
[2025-07-07T15:12:54.999+0000] {local_task_job_runner.py:240} INFO - Task exited with return code 0
[2025-07-07T15:12:55.027+0000] {taskinstance.py:3503} INFO - 0 downstream tasks scheduled from follow-on schedule check
[2025-07-07T15:12:55.035+0000] {local_task_job_runner.py:222} INFO - ::endgroup::
