[2025-07-06T19:23:40.184+0000] {local_task_job_runner.py:120} INFO - ::group::Pre task execution logs
[2025-07-06T19:23:40.311+0000] {taskinstance.py:2076} INFO - Dependencies all met for dep_context=non-requeueable deps ti=<TaskInstance: fin_cotacoes_bcb_classic.extract scheduled__2025-01-20T00:00:00+00:00 [queued]>
[2025-07-06T19:23:40.337+0000] {taskinstance.py:2076} INFO - Dependencies all met for dep_context=requeueable deps ti=<TaskInstance: fin_cotacoes_bcb_classic.extract scheduled__2025-01-20T00:00:00+00:00 [queued]>
[2025-07-06T19:23:40.338+0000] {taskinstance.py:2306} INFO - Starting attempt 1 of 2
[2025-07-06T19:23:40.591+0000] {taskinstance.py:2330} INFO - Executing <Task(PythonOperator): extract> on 2025-01-20 00:00:00+00:00
[2025-07-06T19:23:40.612+0000] {standard_task_runner.py:90} INFO - Running: ['***', 'tasks', 'run', 'fin_cotacoes_bcb_classic', 'extract', 'scheduled__2025-01-20T00:00:00+00:00', '--job-id', '978', '--raw', '--subdir', 'DAGS_FOLDER/cotacoes.py', '--cfg-path', '/tmp/tmp3azs59gp']
[2025-07-06T19:23:40.618+0000] {standard_task_runner.py:91} INFO - Job 978: Subtask extract
[2025-07-06T19:23:40.614+0000] {logging_mixin.py:188} WARNING - /home/***/.local/lib/python3.12/site-packages/***/task/task_runner/standard_task_runner.py:61 DeprecationWarning: This process (pid=20114) is multi-threaded, use of fork() may lead to deadlocks in the child.
[2025-07-06T19:23:40.619+0000] {standard_task_runner.py:63} INFO - Started process 20137 to run task
[2025-07-06T19:23:40.747+0000] {task_command.py:426} INFO - Running <TaskInstance: fin_cotacoes_bcb_classic.extract scheduled__2025-01-20T00:00:00+00:00 [running]> on host 20adb53d65c4
[2025-07-06T19:23:40.940+0000] {taskinstance.py:2648} INFO - Exporting env vars: AIRFLOW_CTX_DAG_OWNER='***' AIRFLOW_CTX_DAG_ID='fin_cotacoes_bcb_classic' AIRFLOW_CTX_TASK_ID='extract' AIRFLOW_CTX_EXECUTION_DATE='2025-01-20T00:00:00+00:00' AIRFLOW_CTX_TRY_NUMBER='1' AIRFLOW_CTX_DAG_RUN_ID='scheduled__2025-01-20T00:00:00+00:00'
[2025-07-06T19:23:40.941+0000] {taskinstance.py:430} INFO - ::endgroup::
[2025-07-06T19:23:40.942+0000] {cotacoes.py:37} INFO - Iniciando extração da URL: https://www4.bcb.gov.br/Download/fechamento/20250120.csv
[2025-07-06T19:23:41.333+0000] {cotacoes.py:43} INFO - Extração concluída com sucesso.
[2025-07-06T19:23:41.339+0000] {python.py:237} INFO - Done. Returned value was: 20/01/2025;005;A;AFN;0,08235000;0,08258000;73,26000000;73,46000000
20/01/2025;009;A;ETB;0,04645000;0,04831000;125,23700000;130,23700000
20/01/2025;015;A;THB;0,17710000;0,17730000;34,13000000;34,16000000
20/01/2025;020;A;PAB;6,04920000;6,04980000;1,00000000;1,00000000
20/01/2025;027;A;VES;0,11020000;0,11050000;54,77400000;54,91130000
20/01/2025;030;A;BOB;0,86290000;0,88190000;6,86000000;7,01000000
20/01/2025;035;A;GHS;0,40190000;0,40470000;14,95000000;15,05000000
20/01/2025;040;A;CRC;0,01198000;0,01213000;498,66000000;504,81000000
20/01/2025;045;A;SVC;0,69060000;0,69140000;8,74950000;8,75950000
20/01/2025;051;A;NIO;0,16350000;0,16530000;36,60000000;37,00000000
20/01/2025;055;A;DKK;0,84320000;0,84340000;7,17290000;7,17450000
20/01/2025;060;A;ISK;0,04308000;0,04318000;140,12000000;140,43000000
20/01/2025;065;A;NOK;0,53370000;0,53440000;11,32030000;11,33420000
20/01/2025;070;A;SEK;0,54770000;0,54820000;11,03510000;11,04490000
20/01/2025;075;A;CZK;0,24940000;0,24990000;24,21100000;24,25100000
20/01/2025;090;A;GMD;0,08287000;0,08403000;72,00000000;73,00000000
20/01/2025;095;A;DZD;0,04448000;0,04496000;134,57030000;135,99280000
20/01/2025;100;A;KWD;19,62110000;19,62950000;0,30820000;0,30830000
20/01/2025;105;A;BHD;16,04140000;16,05570000;0,37680000;0,37710000
20/01/2025;115;A;IQD;0,00461400;0,00462200;1309,00000000;1311,00000000
20/01/2025;125;A;JOD;8,52000000;8,52440000;0,70970000;0,71000000
20/01/2025;130;A;LYD;1,22100000;1,22730000;4,92940000;4,95420000
20/01/2025;132;A;MKD;0,10190000;0,10280000;58,84000000;59,34000000
20/01/2025;133;A;RSD;0,05362000;0,05382000;112,40000000;112,82000000
20/01/2025;134;A;SDG;0,01005000;0,01010000;598,80020000;602,14120000
20/01/2025;135;A;TND;1,89000000;1,89200000;3,19760000;3,20060000
20/01/2025;136;A;SSP;0,00147500;0,00151300;4000,00000000;4100,00000000
20/01/2025;138;B;SDR;7,85130000;7,85200000;1,29790000;1,29790000
20/01/2025;139;A;MAD;0,60370000;0,60500000;10,00000000;10,02000000
20/01/2025;145;A;AED;1,64680000;1,64720000;3,67270000;3,67330000
20/01/2025;149;A;STN;0,25170000;0,25690000;23,55310000;24,03610000
20/01/2025;150;B;AUD;3,78380000;3,78660000;0,62550000;0,62590000
20/01/2025;155;A;BSD;6,04920000;6,04980000;1,00000000;1,00000000
20/01/2025;160;A;BMD;6,04920000;6,04980000;1,00000000;1,00000000
20/01/2025;165;A;CAD;4,21810000;4,21910000;1,43390000;1,43410000
20/01/2025;170;A;GYD;0,02874000;0,02909000;207,98000000;210,45000000
20/01/2025;173;A;NAD;0,32550000;0,32560000;18,58130000;18,58430000
20/01/2025;175;A;BBD;2,96510000;3,02780000;1,99810000;2,04010000
20/01/2025;180;A;BZD;2,99880000;3,02460000;2,00020000;2,01720000
20/01/2025;185;A;BND;4,45710000;4,45950000;1,35660000;1,35720000
20/01/2025;190;A;KYD;7,24460000;7,31090000;0,82750000;0,83500000
20/01/2025;195;A;SGD;4,45710000;4,45950000;1,35660000;1,35720000
20/01/2025;197;B;CLF;231,36380000;231,38670000;38,24700000;38,24700000
20/01/2025;200;B;FJD;2,57090000;2,65340000;0,42500000;0,43860000
20/01/2025;205;A;HKD;0,77740000;0,77750000;7,78130000;7,78140000
20/01/2025;210;A;TTD;0,88620000;0,89540000;6,75620000;6,82600000
20/01/2025;215;A;XCD;2,22400000;2,24900000;2,69000000;2,72000000
20/01/2025;220;A;USD;6,04920000;6,04980000;1,00000000;1,00000000
20/01/2025;230;A;JMD;0,03824000;0,03868000;156,41000000;158,21000000
20/01/2025;235;A;LRD;0,03167000;0,03201000;189,00000000;191,00000000
20/01/2025;245;B;NZD;3,41960000;3,42180000;0,56530000;0,56560000
20/01/2025;250;B;SBD;0,67750000;0,75020000;0,11200000;0,12400000
20/01/2025;255;A;SRD;0,17110000;0,17400000;34,76000000;35,35100000
20/01/2025;260;A;VND;0,00023880;0,00023900;25315,00000000;25330,00000000
20/01/2025;275;A;AMD;0,01497000;0,01525000;396,80550000;404,00000000
20/01/2025;295;A;CVE;0,05653000;0,05708000;105,99000000;107,01000000
20/01/2025;325;A;ANG;3,32370000;3,39020000;1,78450000;1,82000000
20/01/2025;328;A;AWG;3,28760000;3,39880000;1,78000000;1,84000000
20/01/2025;345;A;HUF;0,01529000;0,01531000;395,18000000;395,64000000
20/01/2025;363;A;CDF;0,00210800;0,00213800;2830,00000000;2870,00000000
20/01/2025;365;A;BIF;0,00201600;0,00207300;2918,00000000;3000,00000000
20/01/2025;368;A;KMF;0,01260000;0,01265000;478,18000000;480,18000000
20/01/2025;370;A;XAF;0,00921600;0,00959400;630,61000000;656,37000000
20/01/2025;372;A;XOF;0,00943700;0,00957300;632,00000000;641,00000000
20/01/2025;380;A;XPF;0,05242000;0,05289000;114,38000000;115,39000000
20/01/2025;390;A;DJF;0,03388000;0,03406000;177,60000000;178,55000000
20/01/2025;398;A;GNF;0,00069650;0,00070310;8604,00000000;8685,00000000
20/01/2025;406;A;MGA;0,00129300;0,00130400;4638,75000000;4677,21000000
20/01/2025;420;A;RWF;0,00426300;0,00434300;1393,00000000;1419,00000000
20/01/2025;425;A;CHF;6,65840000;6,66280000;0,90800000;0,90850000
20/01/2025;440;A;HTG;0,04614000;0,04650000;130,10410000;131,11020000
20/01/2025;450;A;PYG;0,00076430;0,00076540;7903,73000000;7914,58000000
20/01/2025;460;A;UAH;0,14330000;0,14340000;42,18000000;42,20000000
20/01/2025;470;A;JPY;0,03885000;0,03886000;155,68000000;155,69000000
20/01/2025;482;A;GEL;2,10040000;2,14680000;2,81800000;2,88000000
20/01/2025;490;A;ALL;0,06323000;0,06382000;94,79000000;95,67000000
20/01/2025;495;A;HNL;0,23720000;0,23810000;25,40880000;25,50000000
20/01/2025;500;A;SLL;0,00026410;0,00026670;22683,00000000;22908,00000000
20/01/2025;503;A;MDL;0,31960000;0,32530000;18,60000000;18,93000000
20/01/2025;506;A;RON;1,26310000;1,26530000;4,78120000;4,78910000
20/01/2025;510;A;BGN;3,21680000;3,21780000;1,88010000;1,88050000
20/01/2025;530;B;GIP;7,38850000;7,39160000;1,22140000;1,22180000
20/01/2025;535;A;EGP;0,12010000;0,12030000;50,27000000;50,37000000
20/01/2025;540;B;GBP;7,43390000;7,43760000;1,22890000;1,22940000
20/01/2025;545;B;FKP;7,38850000;7,39160000;1,22140000;1,22180000
20/01/2025;560;A;LBP;0,00006750;0,00006760;89500,00000000;89600,00000000
20/01/2025;570;B;SHP;7,37160000;7,37830000;1,21860000;1,21960000
20/01/2025;575;A;SYP;0,00046500;0,00046540;13000,00000000;13010,00000000
20/01/2025;585;A;SZL;0,32550000;0,32560000;18,58130000;18,58430000
20/01/2025;603;A;LSL;0,32550000;0,32560000;18,58130000;18,58430000
20/01/2025;608;A;TMT;1,72600000;1,73110000;3,49470000;3,50470000
20/01/2025;622;A;MZN;0,09373000;0,09562000;63,27000000;64,54000000
20/01/2025;625;A;ERN;0,39930000;0,40330000;15,00000000;15,15000000
20/01/2025;630;A;NGN;0,00386800;0,00391800;1544,11000000;1564,11000000
20/01/2025;635;A;AOA;0,00650300;0,00663400;912,00000000;930,24000000
20/01/2025;640;A;TWD;0,18510000;0,18530000;32,64700000;32,67700000
20/01/2025;642;A;TRY;0,17010000;0,17010000;35,56270000;35,56790000
20/01/2025;660;A;PEN;1,62260000;1,62370000;3,72600000;3,72800000
20/01/2025;665;A;BTN;0,06987000;0,06992000;86,52000000;86,57500000
20/01/2025;670;A;MRO;0,01685000;0,01699000;356,00000000;359,00000000
20/01/2025;671;A;MRU;0,15200000;0,15230000;39,72400000;39,80400000
20/01/2025;680;B;TOP;2,42690000;2,56030000;0,40120000;0,42320000
20/01/2025;685;A;MOP;0,75400000;0,75480000;8,01500000;8,02300000
20/01/2025;706;A;ARS;0,00578600;0,00578900;1045,00000000;1045,50000000
20/01/2025;715;A;CLP;0,00602300;0,00602600;1003,90000000;1004,30000000
20/01/2025;720;A;COP;0,00140100;0,00140300;4312,22000000;4317,22000000
20/01/2025;721;B;COU;0,52140000;0,52150000;0,08620000;0,08620000
20/01/2025;725;A;CUP;0,25210000;0,25210000;24,00000000;24,00000000
20/01/2025;730;A;DOP;0,09815000;0,09880000;61,23000000;61,63000000
20/01/2025;735;A;PHP;0,10390000;0,10400000;58,18400000;58,20400000
20/01/2025;741;A;MXN;0,29410000;0,29430000;20,55400000;20,56800000
20/01/2025;745;A;UYU;0,13750000;0,13760000;43,98000000;44,01000000
20/01/2025;755;B;BWP;0,43070000;0,43500000;0,07120000;0,07190000
20/01/2025;760;A;MWK;0,00345500;0,00352400;1716,66000000;1751,00000000
20/01/2025;766;A;ZMW;0,21690000;0,21730000;27,84520000;27,89520000
20/01/2025;770;A;GTQ;0,78260000;0,78470000;7,71000000;7,73000000
20/01/2025;775;A;MMK;0,00287200;0,00289000;2093,70000000;2106,30000000
20/01/2025;778;B;PGK;1,46330000;1,50880000;0,24190000;0,24940000
20/01/2025;780;A;LAK;0,00027580;0,00027870;21705,00000000;21935,00000000
20/01/2025;785;A;ZAR;0,32550000;0,32560000;18,57980000;18,58650000
20/01/2025;795;A;CNY;0,82840000;0,82860000;7,30100000;7,30250000
20/01/2025;796;A;CNH;0,83120000;0,83130000;7,27760000;7,27810000
20/01/2025;800;A;QAR;1,65890000;1,65950000;3,64550000;3,64650000
20/01/2025;805;A;OMR;15,70810000;15,72190000;0,38480000;0,38510000
20/01/2025;810;A;YER;0,02428000;0,02433000;248,62000000;249,12000000
20/01/2025;815;A;IRR;0,00014400;0,00014400;42000,00000000;42005,00000000
20/01/2025;820;A;SAR;1,61220000;1,61240000;3,75200000;3,75220000
20/01/2025;825;A;KHR;0,00149500;0,00150200;4027,50000000;4045,50000000
20/01/2025;828;A;MYR;1,34550000;1,34740000;4,49000000;4,49600000
20/01/2025;830;A;RUB;0,05960000;0,05961000;101,49550000;101,50450000
20/01/2025;831;A;BYN;1,84480000;1,85230000;3,26610000;3,27910000
20/01/2025;835;A;TJS;0,55190000;0,55660000;10,87000000;10,96000000
20/01/2025;840;A;MUR;0,12880000;0,12960000;46,68000000;46,98000000
20/01/2025;845;A;NPR;0,04367000;0,04368000;138,51000000;138,52000000
20/01/2025;850;A;SCR;0,42180000;0,42190000;14,33940000;14,33980000
20/01/2025;855;A;LKR;0,02037000;0,02039000;296,70000000;297,00000000
20/01/2025;860;A;INR;0,07013000;0,07018000;86,19900000;86,25400000
20/01/2025;865;A;IDR;0,00036960;0,00036990;16355,00000000;16365,00000000
20/01/2025;870;A;MVR;0,39030000;0,39230000;15,42000000;15,50000000
20/01/2025;875;A;PKR;0,02171000;0,02171000;278,65000000;278,70000000
20/01/2025;880;A;ILS;1,69470000;1,69630000;3,56650000;3,56950000
20/01/2025;892;A;KGS;0,06913000;0,06918000;87,44950000;87,50380000
20/01/2025;893;A;UZS;0,00046390;0,00046860;12910,21000000;13039,97000000
20/01/2025;905;A;BDT;0,04958000;0,04969000;121,75000000;122,00000000
20/01/2025;912;B;WST;2,06580000;2,19910000;0,34150000;0,36350000
20/01/2025;913;A;KZT;0,01141000;0,01142000;529,90000000;530,05000000
20/01/2025;915;A;MNT;0,00176100;0,00176400;3430,00000000;3436,00000000
20/01/2025;920;A;VUV;0,04918000;0,05215000;116,00000000;123,00000000
20/01/2025;930;A;KRW;0,00419200;0,00420400;1439,24000000;1443,06000000
20/01/2025;946;A;TZS;0,00238600;0,00242500;2495,00000000;2535,00000000
20/01/2025;950;A;KES;0,04668000;0,04686000;129,10000000;129,60000000
20/01/2025;955;A;UGX;0,00164500;0,00164900;3668,00000000;3678,00000000
20/01/2025;960;A;SOS;0,01052000;0,01065000;568,00000000;575,00000000
20/01/2025;975;A;PLN;1,47920000;1,47980000;4,08820000;4,08940000
20/01/2025;978;B;EUR;6,29120000;6,29240000;1,04000000;1,04010000
20/01/2025;998;A;XAU;526,47520000;526,52740000;0,01149000;0,01149000

[2025-07-06T19:23:41.340+0000] {taskinstance.py:441} INFO - ::group::Post task execution logs
[2025-07-06T19:23:41.398+0000] {taskinstance.py:1206} INFO - Marking task as SUCCESS. dag_id=fin_cotacoes_bcb_classic, task_id=extract, run_id=scheduled__2025-01-20T00:00:00+00:00, execution_date=20250120T000000, start_date=20250706T192340, end_date=20250706T192341
[2025-07-06T19:23:41.573+0000] {local_task_job_runner.py:240} INFO - Task exited with return code 0
[2025-07-06T19:23:41.602+0000] {logging_mixin.py:188} WARNING - /home/***/.local/lib/python3.12/site-packages/***/models/baseoperator.py:1297 AirflowProviderDeprecationWarning: Call to deprecated class PostgresOperator. (Please use `***.providers.common.sql.operators.sql.SQLExecuteQueryOperator`.Also, you can provide `hook_params={'schema': <database>}`.)
[2025-07-06T19:23:41.700+0000] {taskinstance.py:3503} INFO - 1 downstream tasks scheduled from follow-on schedule check
[2025-07-06T19:23:41.702+0000] {local_task_job_runner.py:222} INFO - ::endgroup::
[2025-07-07T13:57:42.314+0000] {local_task_job_runner.py:120} INFO - ::group::Pre task execution logs
[2025-07-07T13:57:42.379+0000] {taskinstance.py:2076} INFO - Dependencies all met for dep_context=non-requeueable deps ti=<TaskInstance: fin_cotacoes_bcb_classic.extract scheduled__2025-01-20T00:00:00+00:00 [queued]>
[2025-07-07T13:57:42.391+0000] {taskinstance.py:2076} INFO - Dependencies all met for dep_context=requeueable deps ti=<TaskInstance: fin_cotacoes_bcb_classic.extract scheduled__2025-01-20T00:00:00+00:00 [queued]>
[2025-07-07T13:57:42.391+0000] {taskinstance.py:2306} INFO - Starting attempt 1 of 2
[2025-07-07T13:57:42.438+0000] {taskinstance.py:2330} INFO - Executing <Task(PythonOperator): extract> on 2025-01-20 00:00:00+00:00
[2025-07-07T13:57:42.468+0000] {logging_mixin.py:188} WARNING - /home/***/.local/lib/python3.12/site-packages/***/task/task_runner/standard_task_runner.py:61 DeprecationWarning: This process (pid=57113) is multi-threaded, use of fork() may lead to deadlocks in the child.
[2025-07-07T13:57:42.468+0000] {standard_task_runner.py:63} INFO - Started process 57137 to run task
[2025-07-07T13:57:42.467+0000] {standard_task_runner.py:90} INFO - Running: ['***', 'tasks', 'run', 'fin_cotacoes_bcb_classic', 'extract', 'scheduled__2025-01-20T00:00:00+00:00', '--job-id', '1726', '--raw', '--subdir', 'DAGS_FOLDER/cotacoes.py', '--cfg-path', '/tmp/tmpmhjszvau']
[2025-07-07T13:57:42.472+0000] {standard_task_runner.py:91} INFO - Job 1726: Subtask extract
[2025-07-07T13:57:42.615+0000] {task_command.py:426} INFO - Running <TaskInstance: fin_cotacoes_bcb_classic.extract scheduled__2025-01-20T00:00:00+00:00 [running]> on host bc96ca91d307
[2025-07-07T13:57:42.831+0000] {taskinstance.py:2648} INFO - Exporting env vars: AIRFLOW_CTX_DAG_OWNER='***' AIRFLOW_CTX_DAG_ID='fin_cotacoes_bcb_classic' AIRFLOW_CTX_TASK_ID='extract' AIRFLOW_CTX_EXECUTION_DATE='2025-01-20T00:00:00+00:00' AIRFLOW_CTX_TRY_NUMBER='1' AIRFLOW_CTX_DAG_RUN_ID='scheduled__2025-01-20T00:00:00+00:00'
[2025-07-07T13:57:42.832+0000] {taskinstance.py:430} INFO - ::endgroup::
[2025-07-07T13:57:42.833+0000] {cotacoes.py:35} INFO - Iniciando extração da URL: https://www4.bcb.gov.br/Download/fechamento/20250120.csv
[2025-07-07T13:57:43.203+0000] {cotacoes.py:41} INFO - Extração concluída com sucesso.
[2025-07-07T13:57:43.221+0000] {python.py:237} INFO - Done. Returned value was: 20/01/2025;005;A;AFN;0,08235000;0,08258000;73,26000000;73,46000000
20/01/2025;009;A;ETB;0,04645000;0,04831000;125,23700000;130,23700000
20/01/2025;015;A;THB;0,17710000;0,17730000;34,13000000;34,16000000
20/01/2025;020;A;PAB;6,04920000;6,04980000;1,00000000;1,00000000
20/01/2025;027;A;VES;0,11020000;0,11050000;54,77400000;54,91130000
20/01/2025;030;A;BOB;0,86290000;0,88190000;6,86000000;7,01000000
20/01/2025;035;A;GHS;0,40190000;0,40470000;14,95000000;15,05000000
20/01/2025;040;A;CRC;0,01198000;0,01213000;498,66000000;504,81000000
20/01/2025;045;A;SVC;0,69060000;0,69140000;8,74950000;8,75950000
20/01/2025;051;A;NIO;0,16350000;0,16530000;36,60000000;37,00000000
20/01/2025;055;A;DKK;0,84320000;0,84340000;7,17290000;7,17450000
20/01/2025;060;A;ISK;0,04308000;0,04318000;140,12000000;140,43000000
20/01/2025;065;A;NOK;0,53370000;0,53440000;11,32030000;11,33420000
20/01/2025;070;A;SEK;0,54770000;0,54820000;11,03510000;11,04490000
20/01/2025;075;A;CZK;0,24940000;0,24990000;24,21100000;24,25100000
20/01/2025;090;A;GMD;0,08287000;0,08403000;72,00000000;73,00000000
20/01/2025;095;A;DZD;0,04448000;0,04496000;134,57030000;135,99280000
20/01/2025;100;A;KWD;19,62110000;19,62950000;0,30820000;0,30830000
20/01/2025;105;A;BHD;16,04140000;16,05570000;0,37680000;0,37710000
20/01/2025;115;A;IQD;0,00461400;0,00462200;1309,00000000;1311,00000000
20/01/2025;125;A;JOD;8,52000000;8,52440000;0,70970000;0,71000000
20/01/2025;130;A;LYD;1,22100000;1,22730000;4,92940000;4,95420000
20/01/2025;132;A;MKD;0,10190000;0,10280000;58,84000000;59,34000000
20/01/2025;133;A;RSD;0,05362000;0,05382000;112,40000000;112,82000000
20/01/2025;134;A;SDG;0,01005000;0,01010000;598,80020000;602,14120000
20/01/2025;135;A;TND;1,89000000;1,89200000;3,19760000;3,20060000
20/01/2025;136;A;SSP;0,00147500;0,00151300;4000,00000000;4100,00000000
20/01/2025;138;B;SDR;7,85130000;7,85200000;1,29790000;1,29790000
20/01/2025;139;A;MAD;0,60370000;0,60500000;10,00000000;10,02000000
20/01/2025;145;A;AED;1,64680000;1,64720000;3,67270000;3,67330000
20/01/2025;149;A;STN;0,25170000;0,25690000;23,55310000;24,03610000
20/01/2025;150;B;AUD;3,78380000;3,78660000;0,62550000;0,62590000
20/01/2025;155;A;BSD;6,04920000;6,04980000;1,00000000;1,00000000
20/01/2025;160;A;BMD;6,04920000;6,04980000;1,00000000;1,00000000
20/01/2025;165;A;CAD;4,21810000;4,21910000;1,43390000;1,43410000
20/01/2025;170;A;GYD;0,02874000;0,02909000;207,98000000;210,45000000
20/01/2025;173;A;NAD;0,32550000;0,32560000;18,58130000;18,58430000
20/01/2025;175;A;BBD;2,96510000;3,02780000;1,99810000;2,04010000
20/01/2025;180;A;BZD;2,99880000;3,02460000;2,00020000;2,01720000
20/01/2025;185;A;BND;4,45710000;4,45950000;1,35660000;1,35720000
20/01/2025;190;A;KYD;7,24460000;7,31090000;0,82750000;0,83500000
20/01/2025;195;A;SGD;4,45710000;4,45950000;1,35660000;1,35720000
20/01/2025;197;B;CLF;231,36380000;231,38670000;38,24700000;38,24700000
20/01/2025;200;B;FJD;2,57090000;2,65340000;0,42500000;0,43860000
20/01/2025;205;A;HKD;0,77740000;0,77750000;7,78130000;7,78140000
20/01/2025;210;A;TTD;0,88620000;0,89540000;6,75620000;6,82600000
20/01/2025;215;A;XCD;2,22400000;2,24900000;2,69000000;2,72000000
20/01/2025;220;A;USD;6,04920000;6,04980000;1,00000000;1,00000000
20/01/2025;230;A;JMD;0,03824000;0,03868000;156,41000000;158,21000000
20/01/2025;235;A;LRD;0,03167000;0,03201000;189,00000000;191,00000000
20/01/2025;245;B;NZD;3,41960000;3,42180000;0,56530000;0,56560000
20/01/2025;250;B;SBD;0,67750000;0,75020000;0,11200000;0,12400000
20/01/2025;255;A;SRD;0,17110000;0,17400000;34,76000000;35,35100000
20/01/2025;260;A;VND;0,00023880;0,00023900;25315,00000000;25330,00000000
20/01/2025;275;A;AMD;0,01497000;0,01525000;396,80550000;404,00000000
20/01/2025;295;A;CVE;0,05653000;0,05708000;105,99000000;107,01000000
20/01/2025;325;A;ANG;3,32370000;3,39020000;1,78450000;1,82000000
20/01/2025;328;A;AWG;3,28760000;3,39880000;1,78000000;1,84000000
20/01/2025;345;A;HUF;0,01529000;0,01531000;395,18000000;395,64000000
20/01/2025;363;A;CDF;0,00210800;0,00213800;2830,00000000;2870,00000000
20/01/2025;365;A;BIF;0,00201600;0,00207300;2918,00000000;3000,00000000
20/01/2025;368;A;KMF;0,01260000;0,01265000;478,18000000;480,18000000
20/01/2025;370;A;XAF;0,00921600;0,00959400;630,61000000;656,37000000
20/01/2025;372;A;XOF;0,00943700;0,00957300;632,00000000;641,00000000
20/01/2025;380;A;XPF;0,05242000;0,05289000;114,38000000;115,39000000
20/01/2025;390;A;DJF;0,03388000;0,03406000;177,60000000;178,55000000
20/01/2025;398;A;GNF;0,00069650;0,00070310;8604,00000000;8685,00000000
20/01/2025;406;A;MGA;0,00129300;0,00130400;4638,75000000;4677,21000000
20/01/2025;420;A;RWF;0,00426300;0,00434300;1393,00000000;1419,00000000
20/01/2025;425;A;CHF;6,65840000;6,66280000;0,90800000;0,90850000
20/01/2025;440;A;HTG;0,04614000;0,04650000;130,10410000;131,11020000
20/01/2025;450;A;PYG;0,00076430;0,00076540;7903,73000000;7914,58000000
20/01/2025;460;A;UAH;0,14330000;0,14340000;42,18000000;42,20000000
20/01/2025;470;A;JPY;0,03885000;0,03886000;155,68000000;155,69000000
20/01/2025;482;A;GEL;2,10040000;2,14680000;2,81800000;2,88000000
20/01/2025;490;A;ALL;0,06323000;0,06382000;94,79000000;95,67000000
20/01/2025;495;A;HNL;0,23720000;0,23810000;25,40880000;25,50000000
20/01/2025;500;A;SLL;0,00026410;0,00026670;22683,00000000;22908,00000000
20/01/2025;503;A;MDL;0,31960000;0,32530000;18,60000000;18,93000000
20/01/2025;506;A;RON;1,26310000;1,26530000;4,78120000;4,78910000
20/01/2025;510;A;BGN;3,21680000;3,21780000;1,88010000;1,88050000
20/01/2025;530;B;GIP;7,38850000;7,39160000;1,22140000;1,22180000
20/01/2025;535;A;EGP;0,12010000;0,12030000;50,27000000;50,37000000
20/01/2025;540;B;GBP;7,43390000;7,43760000;1,22890000;1,22940000
20/01/2025;545;B;FKP;7,38850000;7,39160000;1,22140000;1,22180000
20/01/2025;560;A;LBP;0,00006750;0,00006760;89500,00000000;89600,00000000
20/01/2025;570;B;SHP;7,37160000;7,37830000;1,21860000;1,21960000
20/01/2025;575;A;SYP;0,00046500;0,00046540;13000,00000000;13010,00000000
20/01/2025;585;A;SZL;0,32550000;0,32560000;18,58130000;18,58430000
20/01/2025;603;A;LSL;0,32550000;0,32560000;18,58130000;18,58430000
20/01/2025;608;A;TMT;1,72600000;1,73110000;3,49470000;3,50470000
20/01/2025;622;A;MZN;0,09373000;0,09562000;63,27000000;64,54000000
20/01/2025;625;A;ERN;0,39930000;0,40330000;15,00000000;15,15000000
20/01/2025;630;A;NGN;0,00386800;0,00391800;1544,11000000;1564,11000000
20/01/2025;635;A;AOA;0,00650300;0,00663400;912,00000000;930,24000000
20/01/2025;640;A;TWD;0,18510000;0,18530000;32,64700000;32,67700000
20/01/2025;642;A;TRY;0,17010000;0,17010000;35,56270000;35,56790000
20/01/2025;660;A;PEN;1,62260000;1,62370000;3,72600000;3,72800000
20/01/2025;665;A;BTN;0,06987000;0,06992000;86,52000000;86,57500000
20/01/2025;670;A;MRO;0,01685000;0,01699000;356,00000000;359,00000000
20/01/2025;671;A;MRU;0,15200000;0,15230000;39,72400000;39,80400000
20/01/2025;680;B;TOP;2,42690000;2,56030000;0,40120000;0,42320000
20/01/2025;685;A;MOP;0,75400000;0,75480000;8,01500000;8,02300000
20/01/2025;706;A;ARS;0,00578600;0,00578900;1045,00000000;1045,50000000
20/01/2025;715;A;CLP;0,00602300;0,00602600;1003,90000000;1004,30000000
20/01/2025;720;A;COP;0,00140100;0,00140300;4312,22000000;4317,22000000
20/01/2025;721;B;COU;0,52140000;0,52150000;0,08620000;0,08620000
20/01/2025;725;A;CUP;0,25210000;0,25210000;24,00000000;24,00000000
20/01/2025;730;A;DOP;0,09815000;0,09880000;61,23000000;61,63000000
20/01/2025;735;A;PHP;0,10390000;0,10400000;58,18400000;58,20400000
20/01/2025;741;A;MXN;0,29410000;0,29430000;20,55400000;20,56800000
20/01/2025;745;A;UYU;0,13750000;0,13760000;43,98000000;44,01000000
20/01/2025;755;B;BWP;0,43070000;0,43500000;0,07120000;0,07190000
20/01/2025;760;A;MWK;0,00345500;0,00352400;1716,66000000;1751,00000000
20/01/2025;766;A;ZMW;0,21690000;0,21730000;27,84520000;27,89520000
20/01/2025;770;A;GTQ;0,78260000;0,78470000;7,71000000;7,73000000
20/01/2025;775;A;MMK;0,00287200;0,00289000;2093,70000000;2106,30000000
20/01/2025;778;B;PGK;1,46330000;1,50880000;0,24190000;0,24940000
20/01/2025;780;A;LAK;0,00027580;0,00027870;21705,00000000;21935,00000000
20/01/2025;785;A;ZAR;0,32550000;0,32560000;18,57980000;18,58650000
20/01/2025;795;A;CNY;0,82840000;0,82860000;7,30100000;7,30250000
20/01/2025;796;A;CNH;0,83120000;0,83130000;7,27760000;7,27810000
20/01/2025;800;A;QAR;1,65890000;1,65950000;3,64550000;3,64650000
20/01/2025;805;A;OMR;15,70810000;15,72190000;0,38480000;0,38510000
20/01/2025;810;A;YER;0,02428000;0,02433000;248,62000000;249,12000000
20/01/2025;815;A;IRR;0,00014400;0,00014400;42000,00000000;42005,00000000
20/01/2025;820;A;SAR;1,61220000;1,61240000;3,75200000;3,75220000
20/01/2025;825;A;KHR;0,00149500;0,00150200;4027,50000000;4045,50000000
20/01/2025;828;A;MYR;1,34550000;1,34740000;4,49000000;4,49600000
20/01/2025;830;A;RUB;0,05960000;0,05961000;101,49550000;101,50450000
20/01/2025;831;A;BYN;1,84480000;1,85230000;3,26610000;3,27910000
20/01/2025;835;A;TJS;0,55190000;0,55660000;10,87000000;10,96000000
20/01/2025;840;A;MUR;0,12880000;0,12960000;46,68000000;46,98000000
20/01/2025;845;A;NPR;0,04367000;0,04368000;138,51000000;138,52000000
20/01/2025;850;A;SCR;0,42180000;0,42190000;14,33940000;14,33980000
20/01/2025;855;A;LKR;0,02037000;0,02039000;296,70000000;297,00000000
20/01/2025;860;A;INR;0,07013000;0,07018000;86,19900000;86,25400000
20/01/2025;865;A;IDR;0,00036960;0,00036990;16355,00000000;16365,00000000
20/01/2025;870;A;MVR;0,39030000;0,39230000;15,42000000;15,50000000
20/01/2025;875;A;PKR;0,02171000;0,02171000;278,65000000;278,70000000
20/01/2025;880;A;ILS;1,69470000;1,69630000;3,56650000;3,56950000
20/01/2025;892;A;KGS;0,06913000;0,06918000;87,44950000;87,50380000
20/01/2025;893;A;UZS;0,00046390;0,00046860;12910,21000000;13039,97000000
20/01/2025;905;A;BDT;0,04958000;0,04969000;121,75000000;122,00000000
20/01/2025;912;B;WST;2,06580000;2,19910000;0,34150000;0,36350000
20/01/2025;913;A;KZT;0,01141000;0,01142000;529,90000000;530,05000000
20/01/2025;915;A;MNT;0,00176100;0,00176400;3430,00000000;3436,00000000
20/01/2025;920;A;VUV;0,04918000;0,05215000;116,00000000;123,00000000
20/01/2025;930;A;KRW;0,00419200;0,00420400;1439,24000000;1443,06000000
20/01/2025;946;A;TZS;0,00238600;0,00242500;2495,00000000;2535,00000000
20/01/2025;950;A;KES;0,04668000;0,04686000;129,10000000;129,60000000
20/01/2025;955;A;UGX;0,00164500;0,00164900;3668,00000000;3678,00000000
20/01/2025;960;A;SOS;0,01052000;0,01065000;568,00000000;575,00000000
20/01/2025;975;A;PLN;1,47920000;1,47980000;4,08820000;4,08940000
20/01/2025;978;B;EUR;6,29120000;6,29240000;1,04000000;1,04010000
20/01/2025;998;A;XAU;526,47520000;526,52740000;0,01149000;0,01149000

[2025-07-07T13:57:43.222+0000] {taskinstance.py:441} INFO - ::group::Post task execution logs
[2025-07-07T13:57:43.300+0000] {taskinstance.py:1206} INFO - Marking task as SUCCESS. dag_id=fin_cotacoes_bcb_classic, task_id=extract, run_id=scheduled__2025-01-20T00:00:00+00:00, execution_date=20250120T000000, start_date=20250707T135742, end_date=20250707T135743
[2025-07-07T13:57:43.674+0000] {local_task_job_runner.py:240} INFO - Task exited with return code 0
[2025-07-07T13:57:43.714+0000] {taskinstance.py:3503} INFO - 1 downstream tasks scheduled from follow-on schedule check
[2025-07-07T13:57:43.722+0000] {local_task_job_runner.py:222} INFO - ::endgroup::
[2025-07-07T14:06:45.040+0000] {local_task_job_runner.py:120} INFO - ::group::Pre task execution logs
[2025-07-07T14:06:45.145+0000] {taskinstance.py:2076} INFO - Dependencies all met for dep_context=non-requeueable deps ti=<TaskInstance: fin_cotacoes_bcb_classic.extract scheduled__2025-01-20T00:00:00+00:00 [queued]>
[2025-07-07T14:06:45.179+0000] {taskinstance.py:2076} INFO - Dependencies all met for dep_context=requeueable deps ti=<TaskInstance: fin_cotacoes_bcb_classic.extract scheduled__2025-01-20T00:00:00+00:00 [queued]>
[2025-07-07T14:06:45.180+0000] {taskinstance.py:2306} INFO - Starting attempt 1 of 2
[2025-07-07T14:06:45.232+0000] {taskinstance.py:2330} INFO - Executing <Task(PythonOperator): extract> on 2025-01-20 00:00:00+00:00
[2025-07-07T14:06:45.271+0000] {logging_mixin.py:188} WARNING - /home/***/.local/lib/python3.12/site-packages/***/task/task_runner/standard_task_runner.py:61 DeprecationWarning: This process (pid=62205) is multi-threaded, use of fork() may lead to deadlocks in the child.
[2025-07-07T14:06:45.273+0000] {standard_task_runner.py:63} INFO - Started process 62228 to run task
[2025-07-07T14:06:45.275+0000] {standard_task_runner.py:90} INFO - Running: ['***', 'tasks', 'run', 'fin_cotacoes_bcb_classic', 'extract', 'scheduled__2025-01-20T00:00:00+00:00', '--job-id', '1819', '--raw', '--subdir', 'DAGS_FOLDER/cotacoes.py', '--cfg-path', '/tmp/tmp6vrlr6cs']
[2025-07-07T14:06:45.278+0000] {standard_task_runner.py:91} INFO - Job 1819: Subtask extract
[2025-07-07T14:06:45.391+0000] {task_command.py:426} INFO - Running <TaskInstance: fin_cotacoes_bcb_classic.extract scheduled__2025-01-20T00:00:00+00:00 [running]> on host bc96ca91d307
[2025-07-07T14:06:45.664+0000] {taskinstance.py:2648} INFO - Exporting env vars: AIRFLOW_CTX_DAG_OWNER='***' AIRFLOW_CTX_DAG_ID='fin_cotacoes_bcb_classic' AIRFLOW_CTX_TASK_ID='extract' AIRFLOW_CTX_EXECUTION_DATE='2025-01-20T00:00:00+00:00' AIRFLOW_CTX_TRY_NUMBER='1' AIRFLOW_CTX_DAG_RUN_ID='scheduled__2025-01-20T00:00:00+00:00'
[2025-07-07T14:06:45.666+0000] {taskinstance.py:430} INFO - ::endgroup::
[2025-07-07T14:06:45.667+0000] {cotacoes.py:35} INFO - Iniciando extração da URL: https://www4.bcb.gov.br/Download/fechamento/20250120.csv
[2025-07-07T14:06:46.147+0000] {cotacoes.py:41} INFO - Extração concluída com sucesso.
[2025-07-07T14:06:46.164+0000] {python.py:237} INFO - Done. Returned value was: 20/01/2025;005;A;AFN;0,08235000;0,08258000;73,26000000;73,46000000
20/01/2025;009;A;ETB;0,04645000;0,04831000;125,23700000;130,23700000
20/01/2025;015;A;THB;0,17710000;0,17730000;34,13000000;34,16000000
20/01/2025;020;A;PAB;6,04920000;6,04980000;1,00000000;1,00000000
20/01/2025;027;A;VES;0,11020000;0,11050000;54,77400000;54,91130000
20/01/2025;030;A;BOB;0,86290000;0,88190000;6,86000000;7,01000000
20/01/2025;035;A;GHS;0,40190000;0,40470000;14,95000000;15,05000000
20/01/2025;040;A;CRC;0,01198000;0,01213000;498,66000000;504,81000000
20/01/2025;045;A;SVC;0,69060000;0,69140000;8,74950000;8,75950000
20/01/2025;051;A;NIO;0,16350000;0,16530000;36,60000000;37,00000000
20/01/2025;055;A;DKK;0,84320000;0,84340000;7,17290000;7,17450000
20/01/2025;060;A;ISK;0,04308000;0,04318000;140,12000000;140,43000000
20/01/2025;065;A;NOK;0,53370000;0,53440000;11,32030000;11,33420000
20/01/2025;070;A;SEK;0,54770000;0,54820000;11,03510000;11,04490000
20/01/2025;075;A;CZK;0,24940000;0,24990000;24,21100000;24,25100000
20/01/2025;090;A;GMD;0,08287000;0,08403000;72,00000000;73,00000000
20/01/2025;095;A;DZD;0,04448000;0,04496000;134,57030000;135,99280000
20/01/2025;100;A;KWD;19,62110000;19,62950000;0,30820000;0,30830000
20/01/2025;105;A;BHD;16,04140000;16,05570000;0,37680000;0,37710000
20/01/2025;115;A;IQD;0,00461400;0,00462200;1309,00000000;1311,00000000
20/01/2025;125;A;JOD;8,52000000;8,52440000;0,70970000;0,71000000
20/01/2025;130;A;LYD;1,22100000;1,22730000;4,92940000;4,95420000
20/01/2025;132;A;MKD;0,10190000;0,10280000;58,84000000;59,34000000
20/01/2025;133;A;RSD;0,05362000;0,05382000;112,40000000;112,82000000
20/01/2025;134;A;SDG;0,01005000;0,01010000;598,80020000;602,14120000
20/01/2025;135;A;TND;1,89000000;1,89200000;3,19760000;3,20060000
20/01/2025;136;A;SSP;0,00147500;0,00151300;4000,00000000;4100,00000000
20/01/2025;138;B;SDR;7,85130000;7,85200000;1,29790000;1,29790000
20/01/2025;139;A;MAD;0,60370000;0,60500000;10,00000000;10,02000000
20/01/2025;145;A;AED;1,64680000;1,64720000;3,67270000;3,67330000
20/01/2025;149;A;STN;0,25170000;0,25690000;23,55310000;24,03610000
20/01/2025;150;B;AUD;3,78380000;3,78660000;0,62550000;0,62590000
20/01/2025;155;A;BSD;6,04920000;6,04980000;1,00000000;1,00000000
20/01/2025;160;A;BMD;6,04920000;6,04980000;1,00000000;1,00000000
20/01/2025;165;A;CAD;4,21810000;4,21910000;1,43390000;1,43410000
20/01/2025;170;A;GYD;0,02874000;0,02909000;207,98000000;210,45000000
20/01/2025;173;A;NAD;0,32550000;0,32560000;18,58130000;18,58430000
20/01/2025;175;A;BBD;2,96510000;3,02780000;1,99810000;2,04010000
20/01/2025;180;A;BZD;2,99880000;3,02460000;2,00020000;2,01720000
20/01/2025;185;A;BND;4,45710000;4,45950000;1,35660000;1,35720000
20/01/2025;190;A;KYD;7,24460000;7,31090000;0,82750000;0,83500000
20/01/2025;195;A;SGD;4,45710000;4,45950000;1,35660000;1,35720000
20/01/2025;197;B;CLF;231,36380000;231,38670000;38,24700000;38,24700000
20/01/2025;200;B;FJD;2,57090000;2,65340000;0,42500000;0,43860000
20/01/2025;205;A;HKD;0,77740000;0,77750000;7,78130000;7,78140000
20/01/2025;210;A;TTD;0,88620000;0,89540000;6,75620000;6,82600000
20/01/2025;215;A;XCD;2,22400000;2,24900000;2,69000000;2,72000000
20/01/2025;220;A;USD;6,04920000;6,04980000;1,00000000;1,00000000
20/01/2025;230;A;JMD;0,03824000;0,03868000;156,41000000;158,21000000
20/01/2025;235;A;LRD;0,03167000;0,03201000;189,00000000;191,00000000
20/01/2025;245;B;NZD;3,41960000;3,42180000;0,56530000;0,56560000
20/01/2025;250;B;SBD;0,67750000;0,75020000;0,11200000;0,12400000
20/01/2025;255;A;SRD;0,17110000;0,17400000;34,76000000;35,35100000
20/01/2025;260;A;VND;0,00023880;0,00023900;25315,00000000;25330,00000000
20/01/2025;275;A;AMD;0,01497000;0,01525000;396,80550000;404,00000000
20/01/2025;295;A;CVE;0,05653000;0,05708000;105,99000000;107,01000000
20/01/2025;325;A;ANG;3,32370000;3,39020000;1,78450000;1,82000000
20/01/2025;328;A;AWG;3,28760000;3,39880000;1,78000000;1,84000000
20/01/2025;345;A;HUF;0,01529000;0,01531000;395,18000000;395,64000000
20/01/2025;363;A;CDF;0,00210800;0,00213800;2830,00000000;2870,00000000
20/01/2025;365;A;BIF;0,00201600;0,00207300;2918,00000000;3000,00000000
20/01/2025;368;A;KMF;0,01260000;0,01265000;478,18000000;480,18000000
20/01/2025;370;A;XAF;0,00921600;0,00959400;630,61000000;656,37000000
20/01/2025;372;A;XOF;0,00943700;0,00957300;632,00000000;641,00000000
20/01/2025;380;A;XPF;0,05242000;0,05289000;114,38000000;115,39000000
20/01/2025;390;A;DJF;0,03388000;0,03406000;177,60000000;178,55000000
20/01/2025;398;A;GNF;0,00069650;0,00070310;8604,00000000;8685,00000000
20/01/2025;406;A;MGA;0,00129300;0,00130400;4638,75000000;4677,21000000
20/01/2025;420;A;RWF;0,00426300;0,00434300;1393,00000000;1419,00000000
20/01/2025;425;A;CHF;6,65840000;6,66280000;0,90800000;0,90850000
20/01/2025;440;A;HTG;0,04614000;0,04650000;130,10410000;131,11020000
20/01/2025;450;A;PYG;0,00076430;0,00076540;7903,73000000;7914,58000000
20/01/2025;460;A;UAH;0,14330000;0,14340000;42,18000000;42,20000000
20/01/2025;470;A;JPY;0,03885000;0,03886000;155,68000000;155,69000000
20/01/2025;482;A;GEL;2,10040000;2,14680000;2,81800000;2,88000000
20/01/2025;490;A;ALL;0,06323000;0,06382000;94,79000000;95,67000000
20/01/2025;495;A;HNL;0,23720000;0,23810000;25,40880000;25,50000000
20/01/2025;500;A;SLL;0,00026410;0,00026670;22683,00000000;22908,00000000
20/01/2025;503;A;MDL;0,31960000;0,32530000;18,60000000;18,93000000
20/01/2025;506;A;RON;1,26310000;1,26530000;4,78120000;4,78910000
20/01/2025;510;A;BGN;3,21680000;3,21780000;1,88010000;1,88050000
20/01/2025;530;B;GIP;7,38850000;7,39160000;1,22140000;1,22180000
20/01/2025;535;A;EGP;0,12010000;0,12030000;50,27000000;50,37000000
20/01/2025;540;B;GBP;7,43390000;7,43760000;1,22890000;1,22940000
20/01/2025;545;B;FKP;7,38850000;7,39160000;1,22140000;1,22180000
20/01/2025;560;A;LBP;0,00006750;0,00006760;89500,00000000;89600,00000000
20/01/2025;570;B;SHP;7,37160000;7,37830000;1,21860000;1,21960000
20/01/2025;575;A;SYP;0,00046500;0,00046540;13000,00000000;13010,00000000
20/01/2025;585;A;SZL;0,32550000;0,32560000;18,58130000;18,58430000
20/01/2025;603;A;LSL;0,32550000;0,32560000;18,58130000;18,58430000
20/01/2025;608;A;TMT;1,72600000;1,73110000;3,49470000;3,50470000
20/01/2025;622;A;MZN;0,09373000;0,09562000;63,27000000;64,54000000
20/01/2025;625;A;ERN;0,39930000;0,40330000;15,00000000;15,15000000
20/01/2025;630;A;NGN;0,00386800;0,00391800;1544,11000000;1564,11000000
20/01/2025;635;A;AOA;0,00650300;0,00663400;912,00000000;930,24000000
20/01/2025;640;A;TWD;0,18510000;0,18530000;32,64700000;32,67700000
20/01/2025;642;A;TRY;0,17010000;0,17010000;35,56270000;35,56790000
20/01/2025;660;A;PEN;1,62260000;1,62370000;3,72600000;3,72800000
20/01/2025;665;A;BTN;0,06987000;0,06992000;86,52000000;86,57500000
20/01/2025;670;A;MRO;0,01685000;0,01699000;356,00000000;359,00000000
20/01/2025;671;A;MRU;0,15200000;0,15230000;39,72400000;39,80400000
20/01/2025;680;B;TOP;2,42690000;2,56030000;0,40120000;0,42320000
20/01/2025;685;A;MOP;0,75400000;0,75480000;8,01500000;8,02300000
20/01/2025;706;A;ARS;0,00578600;0,00578900;1045,00000000;1045,50000000
20/01/2025;715;A;CLP;0,00602300;0,00602600;1003,90000000;1004,30000000
20/01/2025;720;A;COP;0,00140100;0,00140300;4312,22000000;4317,22000000
20/01/2025;721;B;COU;0,52140000;0,52150000;0,08620000;0,08620000
20/01/2025;725;A;CUP;0,25210000;0,25210000;24,00000000;24,00000000
20/01/2025;730;A;DOP;0,09815000;0,09880000;61,23000000;61,63000000
20/01/2025;735;A;PHP;0,10390000;0,10400000;58,18400000;58,20400000
20/01/2025;741;A;MXN;0,29410000;0,29430000;20,55400000;20,56800000
20/01/2025;745;A;UYU;0,13750000;0,13760000;43,98000000;44,01000000
20/01/2025;755;B;BWP;0,43070000;0,43500000;0,07120000;0,07190000
20/01/2025;760;A;MWK;0,00345500;0,00352400;1716,66000000;1751,00000000
20/01/2025;766;A;ZMW;0,21690000;0,21730000;27,84520000;27,89520000
20/01/2025;770;A;GTQ;0,78260000;0,78470000;7,71000000;7,73000000
20/01/2025;775;A;MMK;0,00287200;0,00289000;2093,70000000;2106,30000000
20/01/2025;778;B;PGK;1,46330000;1,50880000;0,24190000;0,24940000
20/01/2025;780;A;LAK;0,00027580;0,00027870;21705,00000000;21935,00000000
20/01/2025;785;A;ZAR;0,32550000;0,32560000;18,57980000;18,58650000
20/01/2025;795;A;CNY;0,82840000;0,82860000;7,30100000;7,30250000
20/01/2025;796;A;CNH;0,83120000;0,83130000;7,27760000;7,27810000
20/01/2025;800;A;QAR;1,65890000;1,65950000;3,64550000;3,64650000
20/01/2025;805;A;OMR;15,70810000;15,72190000;0,38480000;0,38510000
20/01/2025;810;A;YER;0,02428000;0,02433000;248,62000000;249,12000000
20/01/2025;815;A;IRR;0,00014400;0,00014400;42000,00000000;42005,00000000
20/01/2025;820;A;SAR;1,61220000;1,61240000;3,75200000;3,75220000
20/01/2025;825;A;KHR;0,00149500;0,00150200;4027,50000000;4045,50000000
20/01/2025;828;A;MYR;1,34550000;1,34740000;4,49000000;4,49600000
20/01/2025;830;A;RUB;0,05960000;0,05961000;101,49550000;101,50450000
20/01/2025;831;A;BYN;1,84480000;1,85230000;3,26610000;3,27910000
20/01/2025;835;A;TJS;0,55190000;0,55660000;10,87000000;10,96000000
20/01/2025;840;A;MUR;0,12880000;0,12960000;46,68000000;46,98000000
20/01/2025;845;A;NPR;0,04367000;0,04368000;138,51000000;138,52000000
20/01/2025;850;A;SCR;0,42180000;0,42190000;14,33940000;14,33980000
20/01/2025;855;A;LKR;0,02037000;0,02039000;296,70000000;297,00000000
20/01/2025;860;A;INR;0,07013000;0,07018000;86,19900000;86,25400000
20/01/2025;865;A;IDR;0,00036960;0,00036990;16355,00000000;16365,00000000
20/01/2025;870;A;MVR;0,39030000;0,39230000;15,42000000;15,50000000
20/01/2025;875;A;PKR;0,02171000;0,02171000;278,65000000;278,70000000
20/01/2025;880;A;ILS;1,69470000;1,69630000;3,56650000;3,56950000
20/01/2025;892;A;KGS;0,06913000;0,06918000;87,44950000;87,50380000
20/01/2025;893;A;UZS;0,00046390;0,00046860;12910,21000000;13039,97000000
20/01/2025;905;A;BDT;0,04958000;0,04969000;121,75000000;122,00000000
20/01/2025;912;B;WST;2,06580000;2,19910000;0,34150000;0,36350000
20/01/2025;913;A;KZT;0,01141000;0,01142000;529,90000000;530,05000000
20/01/2025;915;A;MNT;0,00176100;0,00176400;3430,00000000;3436,00000000
20/01/2025;920;A;VUV;0,04918000;0,05215000;116,00000000;123,00000000
20/01/2025;930;A;KRW;0,00419200;0,00420400;1439,24000000;1443,06000000
20/01/2025;946;A;TZS;0,00238600;0,00242500;2495,00000000;2535,00000000
20/01/2025;950;A;KES;0,04668000;0,04686000;129,10000000;129,60000000
20/01/2025;955;A;UGX;0,00164500;0,00164900;3668,00000000;3678,00000000
20/01/2025;960;A;SOS;0,01052000;0,01065000;568,00000000;575,00000000
20/01/2025;975;A;PLN;1,47920000;1,47980000;4,08820000;4,08940000
20/01/2025;978;B;EUR;6,29120000;6,29240000;1,04000000;1,04010000
20/01/2025;998;A;XAU;526,47520000;526,52740000;0,01149000;0,01149000

[2025-07-07T14:06:46.167+0000] {taskinstance.py:441} INFO - ::group::Post task execution logs
[2025-07-07T14:06:46.249+0000] {taskinstance.py:1206} INFO - Marking task as SUCCESS. dag_id=fin_cotacoes_bcb_classic, task_id=extract, run_id=scheduled__2025-01-20T00:00:00+00:00, execution_date=20250120T000000, start_date=20250707T140645, end_date=20250707T140646
[2025-07-07T14:06:46.812+0000] {local_task_job_runner.py:240} INFO - Task exited with return code 0
[2025-07-07T14:06:46.838+0000] {local_task_job_runner.py:222} INFO - ::endgroup::
[2025-07-07T14:14:59.282+0000] {local_task_job_runner.py:120} INFO - ::group::Pre task execution logs
[2025-07-07T14:14:59.318+0000] {taskinstance.py:2076} INFO - Dependencies all met for dep_context=non-requeueable deps ti=<TaskInstance: fin_cotacoes_bcb_classic.extract scheduled__2025-01-20T00:00:00+00:00 [queued]>
[2025-07-07T14:14:59.329+0000] {taskinstance.py:2076} INFO - Dependencies all met for dep_context=requeueable deps ti=<TaskInstance: fin_cotacoes_bcb_classic.extract scheduled__2025-01-20T00:00:00+00:00 [queued]>
[2025-07-07T14:14:59.330+0000] {taskinstance.py:2306} INFO - Starting attempt 1 of 2
[2025-07-07T14:14:59.342+0000] {taskinstance.py:2330} INFO - Executing <Task(PythonOperator): extract> on 2025-01-20 00:00:00+00:00
[2025-07-07T14:14:59.352+0000] {standard_task_runner.py:90} INFO - Running: ['***', 'tasks', 'run', 'fin_cotacoes_bcb_classic', 'extract', 'scheduled__2025-01-20T00:00:00+00:00', '--job-id', '1946', '--raw', '--subdir', 'DAGS_FOLDER/cotacoes.py', '--cfg-path', '/tmp/tmpumg1evoy']
[2025-07-07T14:14:59.352+0000] {logging_mixin.py:188} WARNING - /home/***/.local/lib/python3.12/site-packages/***/task/task_runner/standard_task_runner.py:61 DeprecationWarning: This process (pid=66893) is multi-threaded, use of fork() may lead to deadlocks in the child.
[2025-07-07T14:14:59.353+0000] {standard_task_runner.py:91} INFO - Job 1946: Subtask extract
[2025-07-07T14:14:59.353+0000] {standard_task_runner.py:63} INFO - Started process 66905 to run task
[2025-07-07T14:14:59.400+0000] {task_command.py:426} INFO - Running <TaskInstance: fin_cotacoes_bcb_classic.extract scheduled__2025-01-20T00:00:00+00:00 [running]> on host bc96ca91d307
[2025-07-07T14:14:59.473+0000] {taskinstance.py:2648} INFO - Exporting env vars: AIRFLOW_CTX_DAG_OWNER='***' AIRFLOW_CTX_DAG_ID='fin_cotacoes_bcb_classic' AIRFLOW_CTX_TASK_ID='extract' AIRFLOW_CTX_EXECUTION_DATE='2025-01-20T00:00:00+00:00' AIRFLOW_CTX_TRY_NUMBER='1' AIRFLOW_CTX_DAG_RUN_ID='scheduled__2025-01-20T00:00:00+00:00'
[2025-07-07T14:14:59.475+0000] {taskinstance.py:430} INFO - ::endgroup::
[2025-07-07T14:14:59.475+0000] {cotacoes.py:35} INFO - Iniciando extração da URL: https://www4.bcb.gov.br/Download/fechamento/20250120.csv
[2025-07-07T14:14:59.658+0000] {cotacoes.py:41} INFO - Extração concluída com sucesso.
[2025-07-07T14:14:59.659+0000] {python.py:237} INFO - Done. Returned value was: 20/01/2025;005;A;AFN;0,08235000;0,08258000;73,26000000;73,46000000
20/01/2025;009;A;ETB;0,04645000;0,04831000;125,23700000;130,23700000
20/01/2025;015;A;THB;0,17710000;0,17730000;34,13000000;34,16000000
20/01/2025;020;A;PAB;6,04920000;6,04980000;1,00000000;1,00000000
20/01/2025;027;A;VES;0,11020000;0,11050000;54,77400000;54,91130000
20/01/2025;030;A;BOB;0,86290000;0,88190000;6,86000000;7,01000000
20/01/2025;035;A;GHS;0,40190000;0,40470000;14,95000000;15,05000000
20/01/2025;040;A;CRC;0,01198000;0,01213000;498,66000000;504,81000000
20/01/2025;045;A;SVC;0,69060000;0,69140000;8,74950000;8,75950000
20/01/2025;051;A;NIO;0,16350000;0,16530000;36,60000000;37,00000000
20/01/2025;055;A;DKK;0,84320000;0,84340000;7,17290000;7,17450000
20/01/2025;060;A;ISK;0,04308000;0,04318000;140,12000000;140,43000000
20/01/2025;065;A;NOK;0,53370000;0,53440000;11,32030000;11,33420000
20/01/2025;070;A;SEK;0,54770000;0,54820000;11,03510000;11,04490000
20/01/2025;075;A;CZK;0,24940000;0,24990000;24,21100000;24,25100000
20/01/2025;090;A;GMD;0,08287000;0,08403000;72,00000000;73,00000000
20/01/2025;095;A;DZD;0,04448000;0,04496000;134,57030000;135,99280000
20/01/2025;100;A;KWD;19,62110000;19,62950000;0,30820000;0,30830000
20/01/2025;105;A;BHD;16,04140000;16,05570000;0,37680000;0,37710000
20/01/2025;115;A;IQD;0,00461400;0,00462200;1309,00000000;1311,00000000
20/01/2025;125;A;JOD;8,52000000;8,52440000;0,70970000;0,71000000
20/01/2025;130;A;LYD;1,22100000;1,22730000;4,92940000;4,95420000
20/01/2025;132;A;MKD;0,10190000;0,10280000;58,84000000;59,34000000
20/01/2025;133;A;RSD;0,05362000;0,05382000;112,40000000;112,82000000
20/01/2025;134;A;SDG;0,01005000;0,01010000;598,80020000;602,14120000
20/01/2025;135;A;TND;1,89000000;1,89200000;3,19760000;3,20060000
20/01/2025;136;A;SSP;0,00147500;0,00151300;4000,00000000;4100,00000000
20/01/2025;138;B;SDR;7,85130000;7,85200000;1,29790000;1,29790000
20/01/2025;139;A;MAD;0,60370000;0,60500000;10,00000000;10,02000000
20/01/2025;145;A;AED;1,64680000;1,64720000;3,67270000;3,67330000
20/01/2025;149;A;STN;0,25170000;0,25690000;23,55310000;24,03610000
20/01/2025;150;B;AUD;3,78380000;3,78660000;0,62550000;0,62590000
20/01/2025;155;A;BSD;6,04920000;6,04980000;1,00000000;1,00000000
20/01/2025;160;A;BMD;6,04920000;6,04980000;1,00000000;1,00000000
20/01/2025;165;A;CAD;4,21810000;4,21910000;1,43390000;1,43410000
20/01/2025;170;A;GYD;0,02874000;0,02909000;207,98000000;210,45000000
20/01/2025;173;A;NAD;0,32550000;0,32560000;18,58130000;18,58430000
20/01/2025;175;A;BBD;2,96510000;3,02780000;1,99810000;2,04010000
20/01/2025;180;A;BZD;2,99880000;3,02460000;2,00020000;2,01720000
20/01/2025;185;A;BND;4,45710000;4,45950000;1,35660000;1,35720000
20/01/2025;190;A;KYD;7,24460000;7,31090000;0,82750000;0,83500000
20/01/2025;195;A;SGD;4,45710000;4,45950000;1,35660000;1,35720000
20/01/2025;197;B;CLF;231,36380000;231,38670000;38,24700000;38,24700000
20/01/2025;200;B;FJD;2,57090000;2,65340000;0,42500000;0,43860000
20/01/2025;205;A;HKD;0,77740000;0,77750000;7,78130000;7,78140000
20/01/2025;210;A;TTD;0,88620000;0,89540000;6,75620000;6,82600000
20/01/2025;215;A;XCD;2,22400000;2,24900000;2,69000000;2,72000000
20/01/2025;220;A;USD;6,04920000;6,04980000;1,00000000;1,00000000
20/01/2025;230;A;JMD;0,03824000;0,03868000;156,41000000;158,21000000
20/01/2025;235;A;LRD;0,03167000;0,03201000;189,00000000;191,00000000
20/01/2025;245;B;NZD;3,41960000;3,42180000;0,56530000;0,56560000
20/01/2025;250;B;SBD;0,67750000;0,75020000;0,11200000;0,12400000
20/01/2025;255;A;SRD;0,17110000;0,17400000;34,76000000;35,35100000
20/01/2025;260;A;VND;0,00023880;0,00023900;25315,00000000;25330,00000000
20/01/2025;275;A;AMD;0,01497000;0,01525000;396,80550000;404,00000000
20/01/2025;295;A;CVE;0,05653000;0,05708000;105,99000000;107,01000000
20/01/2025;325;A;ANG;3,32370000;3,39020000;1,78450000;1,82000000
20/01/2025;328;A;AWG;3,28760000;3,39880000;1,78000000;1,84000000
20/01/2025;345;A;HUF;0,01529000;0,01531000;395,18000000;395,64000000
20/01/2025;363;A;CDF;0,00210800;0,00213800;2830,00000000;2870,00000000
20/01/2025;365;A;BIF;0,00201600;0,00207300;2918,00000000;3000,00000000
20/01/2025;368;A;KMF;0,01260000;0,01265000;478,18000000;480,18000000
20/01/2025;370;A;XAF;0,00921600;0,00959400;630,61000000;656,37000000
20/01/2025;372;A;XOF;0,00943700;0,00957300;632,00000000;641,00000000
20/01/2025;380;A;XPF;0,05242000;0,05289000;114,38000000;115,39000000
20/01/2025;390;A;DJF;0,03388000;0,03406000;177,60000000;178,55000000
20/01/2025;398;A;GNF;0,00069650;0,00070310;8604,00000000;8685,00000000
20/01/2025;406;A;MGA;0,00129300;0,00130400;4638,75000000;4677,21000000
20/01/2025;420;A;RWF;0,00426300;0,00434300;1393,00000000;1419,00000000
20/01/2025;425;A;CHF;6,65840000;6,66280000;0,90800000;0,90850000
20/01/2025;440;A;HTG;0,04614000;0,04650000;130,10410000;131,11020000
20/01/2025;450;A;PYG;0,00076430;0,00076540;7903,73000000;7914,58000000
20/01/2025;460;A;UAH;0,14330000;0,14340000;42,18000000;42,20000000
20/01/2025;470;A;JPY;0,03885000;0,03886000;155,68000000;155,69000000
20/01/2025;482;A;GEL;2,10040000;2,14680000;2,81800000;2,88000000
20/01/2025;490;A;ALL;0,06323000;0,06382000;94,79000000;95,67000000
20/01/2025;495;A;HNL;0,23720000;0,23810000;25,40880000;25,50000000
20/01/2025;500;A;SLL;0,00026410;0,00026670;22683,00000000;22908,00000000
20/01/2025;503;A;MDL;0,31960000;0,32530000;18,60000000;18,93000000
20/01/2025;506;A;RON;1,26310000;1,26530000;4,78120000;4,78910000
20/01/2025;510;A;BGN;3,21680000;3,21780000;1,88010000;1,88050000
20/01/2025;530;B;GIP;7,38850000;7,39160000;1,22140000;1,22180000
20/01/2025;535;A;EGP;0,12010000;0,12030000;50,27000000;50,37000000
20/01/2025;540;B;GBP;7,43390000;7,43760000;1,22890000;1,22940000
20/01/2025;545;B;FKP;7,38850000;7,39160000;1,22140000;1,22180000
20/01/2025;560;A;LBP;0,00006750;0,00006760;89500,00000000;89600,00000000
20/01/2025;570;B;SHP;7,37160000;7,37830000;1,21860000;1,21960000
20/01/2025;575;A;SYP;0,00046500;0,00046540;13000,00000000;13010,00000000
20/01/2025;585;A;SZL;0,32550000;0,32560000;18,58130000;18,58430000
20/01/2025;603;A;LSL;0,32550000;0,32560000;18,58130000;18,58430000
20/01/2025;608;A;TMT;1,72600000;1,73110000;3,49470000;3,50470000
20/01/2025;622;A;MZN;0,09373000;0,09562000;63,27000000;64,54000000
20/01/2025;625;A;ERN;0,39930000;0,40330000;15,00000000;15,15000000
20/01/2025;630;A;NGN;0,00386800;0,00391800;1544,11000000;1564,11000000
20/01/2025;635;A;AOA;0,00650300;0,00663400;912,00000000;930,24000000
20/01/2025;640;A;TWD;0,18510000;0,18530000;32,64700000;32,67700000
20/01/2025;642;A;TRY;0,17010000;0,17010000;35,56270000;35,56790000
20/01/2025;660;A;PEN;1,62260000;1,62370000;3,72600000;3,72800000
20/01/2025;665;A;BTN;0,06987000;0,06992000;86,52000000;86,57500000
20/01/2025;670;A;MRO;0,01685000;0,01699000;356,00000000;359,00000000
20/01/2025;671;A;MRU;0,15200000;0,15230000;39,72400000;39,80400000
20/01/2025;680;B;TOP;2,42690000;2,56030000;0,40120000;0,42320000
20/01/2025;685;A;MOP;0,75400000;0,75480000;8,01500000;8,02300000
20/01/2025;706;A;ARS;0,00578600;0,00578900;1045,00000000;1045,50000000
20/01/2025;715;A;CLP;0,00602300;0,00602600;1003,90000000;1004,30000000
20/01/2025;720;A;COP;0,00140100;0,00140300;4312,22000000;4317,22000000
20/01/2025;721;B;COU;0,52140000;0,52150000;0,08620000;0,08620000
20/01/2025;725;A;CUP;0,25210000;0,25210000;24,00000000;24,00000000
20/01/2025;730;A;DOP;0,09815000;0,09880000;61,23000000;61,63000000
20/01/2025;735;A;PHP;0,10390000;0,10400000;58,18400000;58,20400000
20/01/2025;741;A;MXN;0,29410000;0,29430000;20,55400000;20,56800000
20/01/2025;745;A;UYU;0,13750000;0,13760000;43,98000000;44,01000000
20/01/2025;755;B;BWP;0,43070000;0,43500000;0,07120000;0,07190000
20/01/2025;760;A;MWK;0,00345500;0,00352400;1716,66000000;1751,00000000
20/01/2025;766;A;ZMW;0,21690000;0,21730000;27,84520000;27,89520000
20/01/2025;770;A;GTQ;0,78260000;0,78470000;7,71000000;7,73000000
20/01/2025;775;A;MMK;0,00287200;0,00289000;2093,70000000;2106,30000000
20/01/2025;778;B;PGK;1,46330000;1,50880000;0,24190000;0,24940000
20/01/2025;780;A;LAK;0,00027580;0,00027870;21705,00000000;21935,00000000
20/01/2025;785;A;ZAR;0,32550000;0,32560000;18,57980000;18,58650000
20/01/2025;795;A;CNY;0,82840000;0,82860000;7,30100000;7,30250000
20/01/2025;796;A;CNH;0,83120000;0,83130000;7,27760000;7,27810000
20/01/2025;800;A;QAR;1,65890000;1,65950000;3,64550000;3,64650000
20/01/2025;805;A;OMR;15,70810000;15,72190000;0,38480000;0,38510000
20/01/2025;810;A;YER;0,02428000;0,02433000;248,62000000;249,12000000
20/01/2025;815;A;IRR;0,00014400;0,00014400;42000,00000000;42005,00000000
20/01/2025;820;A;SAR;1,61220000;1,61240000;3,75200000;3,75220000
20/01/2025;825;A;KHR;0,00149500;0,00150200;4027,50000000;4045,50000000
20/01/2025;828;A;MYR;1,34550000;1,34740000;4,49000000;4,49600000
20/01/2025;830;A;RUB;0,05960000;0,05961000;101,49550000;101,50450000
20/01/2025;831;A;BYN;1,84480000;1,85230000;3,26610000;3,27910000
20/01/2025;835;A;TJS;0,55190000;0,55660000;10,87000000;10,96000000
20/01/2025;840;A;MUR;0,12880000;0,12960000;46,68000000;46,98000000
20/01/2025;845;A;NPR;0,04367000;0,04368000;138,51000000;138,52000000
20/01/2025;850;A;SCR;0,42180000;0,42190000;14,33940000;14,33980000
20/01/2025;855;A;LKR;0,02037000;0,02039000;296,70000000;297,00000000
20/01/2025;860;A;INR;0,07013000;0,07018000;86,19900000;86,25400000
20/01/2025;865;A;IDR;0,00036960;0,00036990;16355,00000000;16365,00000000
20/01/2025;870;A;MVR;0,39030000;0,39230000;15,42000000;15,50000000
20/01/2025;875;A;PKR;0,02171000;0,02171000;278,65000000;278,70000000
20/01/2025;880;A;ILS;1,69470000;1,69630000;3,56650000;3,56950000
20/01/2025;892;A;KGS;0,06913000;0,06918000;87,44950000;87,50380000
20/01/2025;893;A;UZS;0,00046390;0,00046860;12910,21000000;13039,97000000
20/01/2025;905;A;BDT;0,04958000;0,04969000;121,75000000;122,00000000
20/01/2025;912;B;WST;2,06580000;2,19910000;0,34150000;0,36350000
20/01/2025;913;A;KZT;0,01141000;0,01142000;529,90000000;530,05000000
20/01/2025;915;A;MNT;0,00176100;0,00176400;3430,00000000;3436,00000000
20/01/2025;920;A;VUV;0,04918000;0,05215000;116,00000000;123,00000000
20/01/2025;930;A;KRW;0,00419200;0,00420400;1439,24000000;1443,06000000
20/01/2025;946;A;TZS;0,00238600;0,00242500;2495,00000000;2535,00000000
20/01/2025;950;A;KES;0,04668000;0,04686000;129,10000000;129,60000000
20/01/2025;955;A;UGX;0,00164500;0,00164900;3668,00000000;3678,00000000
20/01/2025;960;A;SOS;0,01052000;0,01065000;568,00000000;575,00000000
20/01/2025;975;A;PLN;1,47920000;1,47980000;4,08820000;4,08940000
20/01/2025;978;B;EUR;6,29120000;6,29240000;1,04000000;1,04010000
20/01/2025;998;A;XAU;526,47520000;526,52740000;0,01149000;0,01149000

[2025-07-07T14:14:59.660+0000] {taskinstance.py:441} INFO - ::group::Post task execution logs
[2025-07-07T14:14:59.682+0000] {taskinstance.py:1206} INFO - Marking task as SUCCESS. dag_id=fin_cotacoes_bcb_classic, task_id=extract, run_id=scheduled__2025-01-20T00:00:00+00:00, execution_date=20250120T000000, start_date=20250707T141459, end_date=20250707T141459
[2025-07-07T14:14:59.727+0000] {local_task_job_runner.py:240} INFO - Task exited with return code 0
[2025-07-07T14:14:59.742+0000] {local_task_job_runner.py:222} INFO - ::endgroup::
[2025-07-07T14:32:58.779+0000] {local_task_job_runner.py:120} INFO - ::group::Pre task execution logs
[2025-07-07T14:32:58.907+0000] {taskinstance.py:2076} INFO - Dependencies all met for dep_context=non-requeueable deps ti=<TaskInstance: fin_cotacoes_bcb_classic.extract scheduled__2025-01-20T00:00:00+00:00 [queued]>
[2025-07-07T14:32:58.945+0000] {taskinstance.py:2076} INFO - Dependencies all met for dep_context=requeueable deps ti=<TaskInstance: fin_cotacoes_bcb_classic.extract scheduled__2025-01-20T00:00:00+00:00 [queued]>
[2025-07-07T14:32:58.946+0000] {taskinstance.py:2306} INFO - Starting attempt 1 of 2
[2025-07-07T14:32:59.031+0000] {taskinstance.py:2330} INFO - Executing <Task(PythonOperator): extract> on 2025-01-20 00:00:00+00:00
[2025-07-07T14:32:59.076+0000] {standard_task_runner.py:90} INFO - Running: ['***', 'tasks', 'run', 'fin_cotacoes_bcb_classic', 'extract', 'scheduled__2025-01-20T00:00:00+00:00', '--job-id', '2238', '--raw', '--subdir', 'DAGS_FOLDER/cotacoes.py', '--cfg-path', '/tmp/tmpxbyin70e']
[2025-07-07T14:32:59.079+0000] {standard_task_runner.py:91} INFO - Job 2238: Subtask extract
[2025-07-07T14:32:59.079+0000] {logging_mixin.py:188} WARNING - /home/***/.local/lib/python3.12/site-packages/***/task/task_runner/standard_task_runner.py:61 DeprecationWarning: This process (pid=77227) is multi-threaded, use of fork() may lead to deadlocks in the child.
[2025-07-07T14:32:59.085+0000] {standard_task_runner.py:63} INFO - Started process 77298 to run task
[2025-07-07T14:32:59.243+0000] {task_command.py:426} INFO - Running <TaskInstance: fin_cotacoes_bcb_classic.extract scheduled__2025-01-20T00:00:00+00:00 [running]> on host bc96ca91d307
[2025-07-07T14:32:59.627+0000] {taskinstance.py:2648} INFO - Exporting env vars: AIRFLOW_CTX_DAG_OWNER='***' AIRFLOW_CTX_DAG_ID='fin_cotacoes_bcb_classic' AIRFLOW_CTX_TASK_ID='extract' AIRFLOW_CTX_EXECUTION_DATE='2025-01-20T00:00:00+00:00' AIRFLOW_CTX_TRY_NUMBER='1' AIRFLOW_CTX_DAG_RUN_ID='scheduled__2025-01-20T00:00:00+00:00'
[2025-07-07T14:32:59.632+0000] {taskinstance.py:430} INFO - ::endgroup::
[2025-07-07T14:32:59.642+0000] {cotacoes.py:35} INFO - Iniciando extração da URL: https://www4.bcb.gov.br/Download/fechamento/20250120.csv
[2025-07-07T14:32:59.992+0000] {cotacoes.py:41} INFO - Extração concluída com sucesso.
[2025-07-07T14:33:00.006+0000] {python.py:237} INFO - Done. Returned value was: 20/01/2025;005;A;AFN;0,08235000;0,08258000;73,26000000;73,46000000
20/01/2025;009;A;ETB;0,04645000;0,04831000;125,23700000;130,23700000
20/01/2025;015;A;THB;0,17710000;0,17730000;34,13000000;34,16000000
20/01/2025;020;A;PAB;6,04920000;6,04980000;1,00000000;1,00000000
20/01/2025;027;A;VES;0,11020000;0,11050000;54,77400000;54,91130000
20/01/2025;030;A;BOB;0,86290000;0,88190000;6,86000000;7,01000000
20/01/2025;035;A;GHS;0,40190000;0,40470000;14,95000000;15,05000000
20/01/2025;040;A;CRC;0,01198000;0,01213000;498,66000000;504,81000000
20/01/2025;045;A;SVC;0,69060000;0,69140000;8,74950000;8,75950000
20/01/2025;051;A;NIO;0,16350000;0,16530000;36,60000000;37,00000000
20/01/2025;055;A;DKK;0,84320000;0,84340000;7,17290000;7,17450000
20/01/2025;060;A;ISK;0,04308000;0,04318000;140,12000000;140,43000000
20/01/2025;065;A;NOK;0,53370000;0,53440000;11,32030000;11,33420000
20/01/2025;070;A;SEK;0,54770000;0,54820000;11,03510000;11,04490000
20/01/2025;075;A;CZK;0,24940000;0,24990000;24,21100000;24,25100000
20/01/2025;090;A;GMD;0,08287000;0,08403000;72,00000000;73,00000000
20/01/2025;095;A;DZD;0,04448000;0,04496000;134,57030000;135,99280000
20/01/2025;100;A;KWD;19,62110000;19,62950000;0,30820000;0,30830000
20/01/2025;105;A;BHD;16,04140000;16,05570000;0,37680000;0,37710000
20/01/2025;115;A;IQD;0,00461400;0,00462200;1309,00000000;1311,00000000
20/01/2025;125;A;JOD;8,52000000;8,52440000;0,70970000;0,71000000
20/01/2025;130;A;LYD;1,22100000;1,22730000;4,92940000;4,95420000
20/01/2025;132;A;MKD;0,10190000;0,10280000;58,84000000;59,34000000
20/01/2025;133;A;RSD;0,05362000;0,05382000;112,40000000;112,82000000
20/01/2025;134;A;SDG;0,01005000;0,01010000;598,80020000;602,14120000
20/01/2025;135;A;TND;1,89000000;1,89200000;3,19760000;3,20060000
20/01/2025;136;A;SSP;0,00147500;0,00151300;4000,00000000;4100,00000000
20/01/2025;138;B;SDR;7,85130000;7,85200000;1,29790000;1,29790000
20/01/2025;139;A;MAD;0,60370000;0,60500000;10,00000000;10,02000000
20/01/2025;145;A;AED;1,64680000;1,64720000;3,67270000;3,67330000
20/01/2025;149;A;STN;0,25170000;0,25690000;23,55310000;24,03610000
20/01/2025;150;B;AUD;3,78380000;3,78660000;0,62550000;0,62590000
20/01/2025;155;A;BSD;6,04920000;6,04980000;1,00000000;1,00000000
20/01/2025;160;A;BMD;6,04920000;6,04980000;1,00000000;1,00000000
20/01/2025;165;A;CAD;4,21810000;4,21910000;1,43390000;1,43410000
20/01/2025;170;A;GYD;0,02874000;0,02909000;207,98000000;210,45000000
20/01/2025;173;A;NAD;0,32550000;0,32560000;18,58130000;18,58430000
20/01/2025;175;A;BBD;2,96510000;3,02780000;1,99810000;2,04010000
20/01/2025;180;A;BZD;2,99880000;3,02460000;2,00020000;2,01720000
20/01/2025;185;A;BND;4,45710000;4,45950000;1,35660000;1,35720000
20/01/2025;190;A;KYD;7,24460000;7,31090000;0,82750000;0,83500000
20/01/2025;195;A;SGD;4,45710000;4,45950000;1,35660000;1,35720000
20/01/2025;197;B;CLF;231,36380000;231,38670000;38,24700000;38,24700000
20/01/2025;200;B;FJD;2,57090000;2,65340000;0,42500000;0,43860000
20/01/2025;205;A;HKD;0,77740000;0,77750000;7,78130000;7,78140000
20/01/2025;210;A;TTD;0,88620000;0,89540000;6,75620000;6,82600000
20/01/2025;215;A;XCD;2,22400000;2,24900000;2,69000000;2,72000000
20/01/2025;220;A;USD;6,04920000;6,04980000;1,00000000;1,00000000
20/01/2025;230;A;JMD;0,03824000;0,03868000;156,41000000;158,21000000
20/01/2025;235;A;LRD;0,03167000;0,03201000;189,00000000;191,00000000
20/01/2025;245;B;NZD;3,41960000;3,42180000;0,56530000;0,56560000
20/01/2025;250;B;SBD;0,67750000;0,75020000;0,11200000;0,12400000
20/01/2025;255;A;SRD;0,17110000;0,17400000;34,76000000;35,35100000
20/01/2025;260;A;VND;0,00023880;0,00023900;25315,00000000;25330,00000000
20/01/2025;275;A;AMD;0,01497000;0,01525000;396,80550000;404,00000000
20/01/2025;295;A;CVE;0,05653000;0,05708000;105,99000000;107,01000000
20/01/2025;325;A;ANG;3,32370000;3,39020000;1,78450000;1,82000000
20/01/2025;328;A;AWG;3,28760000;3,39880000;1,78000000;1,84000000
20/01/2025;345;A;HUF;0,01529000;0,01531000;395,18000000;395,64000000
20/01/2025;363;A;CDF;0,00210800;0,00213800;2830,00000000;2870,00000000
20/01/2025;365;A;BIF;0,00201600;0,00207300;2918,00000000;3000,00000000
20/01/2025;368;A;KMF;0,01260000;0,01265000;478,18000000;480,18000000
20/01/2025;370;A;XAF;0,00921600;0,00959400;630,61000000;656,37000000
20/01/2025;372;A;XOF;0,00943700;0,00957300;632,00000000;641,00000000
20/01/2025;380;A;XPF;0,05242000;0,05289000;114,38000000;115,39000000
20/01/2025;390;A;DJF;0,03388000;0,03406000;177,60000000;178,55000000
20/01/2025;398;A;GNF;0,00069650;0,00070310;8604,00000000;8685,00000000
20/01/2025;406;A;MGA;0,00129300;0,00130400;4638,75000000;4677,21000000
20/01/2025;420;A;RWF;0,00426300;0,00434300;1393,00000000;1419,00000000
20/01/2025;425;A;CHF;6,65840000;6,66280000;0,90800000;0,90850000
20/01/2025;440;A;HTG;0,04614000;0,04650000;130,10410000;131,11020000
20/01/2025;450;A;PYG;0,00076430;0,00076540;7903,73000000;7914,58000000
20/01/2025;460;A;UAH;0,14330000;0,14340000;42,18000000;42,20000000
20/01/2025;470;A;JPY;0,03885000;0,03886000;155,68000000;155,69000000
20/01/2025;482;A;GEL;2,10040000;2,14680000;2,81800000;2,88000000
20/01/2025;490;A;ALL;0,06323000;0,06382000;94,79000000;95,67000000
20/01/2025;495;A;HNL;0,23720000;0,23810000;25,40880000;25,50000000
20/01/2025;500;A;SLL;0,00026410;0,00026670;22683,00000000;22908,00000000
20/01/2025;503;A;MDL;0,31960000;0,32530000;18,60000000;18,93000000
20/01/2025;506;A;RON;1,26310000;1,26530000;4,78120000;4,78910000
20/01/2025;510;A;BGN;3,21680000;3,21780000;1,88010000;1,88050000
20/01/2025;530;B;GIP;7,38850000;7,39160000;1,22140000;1,22180000
20/01/2025;535;A;EGP;0,12010000;0,12030000;50,27000000;50,37000000
20/01/2025;540;B;GBP;7,43390000;7,43760000;1,22890000;1,22940000
20/01/2025;545;B;FKP;7,38850000;7,39160000;1,22140000;1,22180000
20/01/2025;560;A;LBP;0,00006750;0,00006760;89500,00000000;89600,00000000
20/01/2025;570;B;SHP;7,37160000;7,37830000;1,21860000;1,21960000
20/01/2025;575;A;SYP;0,00046500;0,00046540;13000,00000000;13010,00000000
20/01/2025;585;A;SZL;0,32550000;0,32560000;18,58130000;18,58430000
20/01/2025;603;A;LSL;0,32550000;0,32560000;18,58130000;18,58430000
20/01/2025;608;A;TMT;1,72600000;1,73110000;3,49470000;3,50470000
20/01/2025;622;A;MZN;0,09373000;0,09562000;63,27000000;64,54000000
20/01/2025;625;A;ERN;0,39930000;0,40330000;15,00000000;15,15000000
20/01/2025;630;A;NGN;0,00386800;0,00391800;1544,11000000;1564,11000000
20/01/2025;635;A;AOA;0,00650300;0,00663400;912,00000000;930,24000000
20/01/2025;640;A;TWD;0,18510000;0,18530000;32,64700000;32,67700000
20/01/2025;642;A;TRY;0,17010000;0,17010000;35,56270000;35,56790000
20/01/2025;660;A;PEN;1,62260000;1,62370000;3,72600000;3,72800000
20/01/2025;665;A;BTN;0,06987000;0,06992000;86,52000000;86,57500000
20/01/2025;670;A;MRO;0,01685000;0,01699000;356,00000000;359,00000000
20/01/2025;671;A;MRU;0,15200000;0,15230000;39,72400000;39,80400000
20/01/2025;680;B;TOP;2,42690000;2,56030000;0,40120000;0,42320000
20/01/2025;685;A;MOP;0,75400000;0,75480000;8,01500000;8,02300000
20/01/2025;706;A;ARS;0,00578600;0,00578900;1045,00000000;1045,50000000
20/01/2025;715;A;CLP;0,00602300;0,00602600;1003,90000000;1004,30000000
20/01/2025;720;A;COP;0,00140100;0,00140300;4312,22000000;4317,22000000
20/01/2025;721;B;COU;0,52140000;0,52150000;0,08620000;0,08620000
20/01/2025;725;A;CUP;0,25210000;0,25210000;24,00000000;24,00000000
20/01/2025;730;A;DOP;0,09815000;0,09880000;61,23000000;61,63000000
20/01/2025;735;A;PHP;0,10390000;0,10400000;58,18400000;58,20400000
20/01/2025;741;A;MXN;0,29410000;0,29430000;20,55400000;20,56800000
20/01/2025;745;A;UYU;0,13750000;0,13760000;43,98000000;44,01000000
20/01/2025;755;B;BWP;0,43070000;0,43500000;0,07120000;0,07190000
20/01/2025;760;A;MWK;0,00345500;0,00352400;1716,66000000;1751,00000000
20/01/2025;766;A;ZMW;0,21690000;0,21730000;27,84520000;27,89520000
20/01/2025;770;A;GTQ;0,78260000;0,78470000;7,71000000;7,73000000
20/01/2025;775;A;MMK;0,00287200;0,00289000;2093,70000000;2106,30000000
20/01/2025;778;B;PGK;1,46330000;1,50880000;0,24190000;0,24940000
20/01/2025;780;A;LAK;0,00027580;0,00027870;21705,00000000;21935,00000000
20/01/2025;785;A;ZAR;0,32550000;0,32560000;18,57980000;18,58650000
20/01/2025;795;A;CNY;0,82840000;0,82860000;7,30100000;7,30250000
20/01/2025;796;A;CNH;0,83120000;0,83130000;7,27760000;7,27810000
20/01/2025;800;A;QAR;1,65890000;1,65950000;3,64550000;3,64650000
20/01/2025;805;A;OMR;15,70810000;15,72190000;0,38480000;0,38510000
20/01/2025;810;A;YER;0,02428000;0,02433000;248,62000000;249,12000000
20/01/2025;815;A;IRR;0,00014400;0,00014400;42000,00000000;42005,00000000
20/01/2025;820;A;SAR;1,61220000;1,61240000;3,75200000;3,75220000
20/01/2025;825;A;KHR;0,00149500;0,00150200;4027,50000000;4045,50000000
20/01/2025;828;A;MYR;1,34550000;1,34740000;4,49000000;4,49600000
20/01/2025;830;A;RUB;0,05960000;0,05961000;101,49550000;101,50450000
20/01/2025;831;A;BYN;1,84480000;1,85230000;3,26610000;3,27910000
20/01/2025;835;A;TJS;0,55190000;0,55660000;10,87000000;10,96000000
20/01/2025;840;A;MUR;0,12880000;0,12960000;46,68000000;46,98000000
20/01/2025;845;A;NPR;0,04367000;0,04368000;138,51000000;138,52000000
20/01/2025;850;A;SCR;0,42180000;0,42190000;14,33940000;14,33980000
20/01/2025;855;A;LKR;0,02037000;0,02039000;296,70000000;297,00000000
20/01/2025;860;A;INR;0,07013000;0,07018000;86,19900000;86,25400000
20/01/2025;865;A;IDR;0,00036960;0,00036990;16355,00000000;16365,00000000
20/01/2025;870;A;MVR;0,39030000;0,39230000;15,42000000;15,50000000
20/01/2025;875;A;PKR;0,02171000;0,02171000;278,65000000;278,70000000
20/01/2025;880;A;ILS;1,69470000;1,69630000;3,56650000;3,56950000
20/01/2025;892;A;KGS;0,06913000;0,06918000;87,44950000;87,50380000
20/01/2025;893;A;UZS;0,00046390;0,00046860;12910,21000000;13039,97000000
20/01/2025;905;A;BDT;0,04958000;0,04969000;121,75000000;122,00000000
20/01/2025;912;B;WST;2,06580000;2,19910000;0,34150000;0,36350000
20/01/2025;913;A;KZT;0,01141000;0,01142000;529,90000000;530,05000000
20/01/2025;915;A;MNT;0,00176100;0,00176400;3430,00000000;3436,00000000
20/01/2025;920;A;VUV;0,04918000;0,05215000;116,00000000;123,00000000
20/01/2025;930;A;KRW;0,00419200;0,00420400;1439,24000000;1443,06000000
20/01/2025;946;A;TZS;0,00238600;0,00242500;2495,00000000;2535,00000000
20/01/2025;950;A;KES;0,04668000;0,04686000;129,10000000;129,60000000
20/01/2025;955;A;UGX;0,00164500;0,00164900;3668,00000000;3678,00000000
20/01/2025;960;A;SOS;0,01052000;0,01065000;568,00000000;575,00000000
20/01/2025;975;A;PLN;1,47920000;1,47980000;4,08820000;4,08940000
20/01/2025;978;B;EUR;6,29120000;6,29240000;1,04000000;1,04010000
20/01/2025;998;A;XAU;526,47520000;526,52740000;0,01149000;0,01149000

[2025-07-07T14:33:00.007+0000] {taskinstance.py:441} INFO - ::group::Post task execution logs
[2025-07-07T14:33:00.069+0000] {taskinstance.py:1206} INFO - Marking task as SUCCESS. dag_id=fin_cotacoes_bcb_classic, task_id=extract, run_id=scheduled__2025-01-20T00:00:00+00:00, execution_date=20250120T000000, start_date=20250707T143258, end_date=20250707T143300
[2025-07-07T14:33:00.156+0000] {local_task_job_runner.py:240} INFO - Task exited with return code 0
[2025-07-07T14:33:00.174+0000] {local_task_job_runner.py:222} INFO - ::endgroup::
[2025-07-07T15:10:22.416+0000] {local_task_job_runner.py:120} INFO - ::group::Pre task execution logs
[2025-07-07T15:10:22.581+0000] {taskinstance.py:2076} INFO - Dependencies all met for dep_context=non-requeueable deps ti=<TaskInstance: fin_cotacoes_bcb_classic.extract scheduled__2025-01-20T00:00:00+00:00 [queued]>
[2025-07-07T15:10:22.606+0000] {taskinstance.py:2076} INFO - Dependencies all met for dep_context=requeueable deps ti=<TaskInstance: fin_cotacoes_bcb_classic.extract scheduled__2025-01-20T00:00:00+00:00 [queued]>
[2025-07-07T15:10:22.606+0000] {taskinstance.py:2306} INFO - Starting attempt 1 of 2
[2025-07-07T15:10:22.834+0000] {taskinstance.py:2330} INFO - Executing <Task(PythonOperator): extract> on 2025-01-20 00:00:00+00:00
[2025-07-07T15:10:22.870+0000] {logging_mixin.py:188} WARNING - /home/***/.local/lib/python3.12/site-packages/***/task/task_runner/standard_task_runner.py:61 DeprecationWarning: This process (pid=101888) is multi-threaded, use of fork() may lead to deadlocks in the child.
[2025-07-07T15:10:22.874+0000] {standard_task_runner.py:63} INFO - Started process 101932 to run task
[2025-07-07T15:10:22.869+0000] {standard_task_runner.py:90} INFO - Running: ['***', 'tasks', 'run', 'fin_cotacoes_bcb_classic', 'extract', 'scheduled__2025-01-20T00:00:00+00:00', '--job-id', '3911', '--raw', '--subdir', 'DAGS_FOLDER/cotacoes.py', '--cfg-path', '/tmp/tmp7vvrzx_d']
[2025-07-07T15:10:22.917+0000] {standard_task_runner.py:91} INFO - Job 3911: Subtask extract
[2025-07-07T15:10:23.066+0000] {task_command.py:426} INFO - Running <TaskInstance: fin_cotacoes_bcb_classic.extract scheduled__2025-01-20T00:00:00+00:00 [running]> on host bc96ca91d307
[2025-07-07T15:10:23.280+0000] {taskinstance.py:2648} INFO - Exporting env vars: AIRFLOW_CTX_DAG_OWNER='***' AIRFLOW_CTX_DAG_ID='fin_cotacoes_bcb_classic' AIRFLOW_CTX_TASK_ID='extract' AIRFLOW_CTX_EXECUTION_DATE='2025-01-20T00:00:00+00:00' AIRFLOW_CTX_TRY_NUMBER='1' AIRFLOW_CTX_DAG_RUN_ID='scheduled__2025-01-20T00:00:00+00:00'
[2025-07-07T15:10:23.282+0000] {taskinstance.py:430} INFO - ::endgroup::
[2025-07-07T15:10:23.282+0000] {cotacoes.py:35} INFO - Iniciando extração da URL: https://www4.bcb.gov.br/Download/fechamento/20250120.csv
[2025-07-07T15:10:23.791+0000] {cotacoes.py:41} INFO - Extração concluída com sucesso.
[2025-07-07T15:10:23.807+0000] {python.py:237} INFO - Done. Returned value was: 20/01/2025;005;A;AFN;0,08235000;0,08258000;73,26000000;73,46000000
20/01/2025;009;A;ETB;0,04645000;0,04831000;125,23700000;130,23700000
20/01/2025;015;A;THB;0,17710000;0,17730000;34,13000000;34,16000000
20/01/2025;020;A;PAB;6,04920000;6,04980000;1,00000000;1,00000000
20/01/2025;027;A;VES;0,11020000;0,11050000;54,77400000;54,91130000
20/01/2025;030;A;BOB;0,86290000;0,88190000;6,86000000;7,01000000
20/01/2025;035;A;GHS;0,40190000;0,40470000;14,95000000;15,05000000
20/01/2025;040;A;CRC;0,01198000;0,01213000;498,66000000;504,81000000
20/01/2025;045;A;SVC;0,69060000;0,69140000;8,74950000;8,75950000
20/01/2025;051;A;NIO;0,16350000;0,16530000;36,60000000;37,00000000
20/01/2025;055;A;DKK;0,84320000;0,84340000;7,17290000;7,17450000
20/01/2025;060;A;ISK;0,04308000;0,04318000;140,12000000;140,43000000
20/01/2025;065;A;NOK;0,53370000;0,53440000;11,32030000;11,33420000
20/01/2025;070;A;SEK;0,54770000;0,54820000;11,03510000;11,04490000
20/01/2025;075;A;CZK;0,24940000;0,24990000;24,21100000;24,25100000
20/01/2025;090;A;GMD;0,08287000;0,08403000;72,00000000;73,00000000
20/01/2025;095;A;DZD;0,04448000;0,04496000;134,57030000;135,99280000
20/01/2025;100;A;KWD;19,62110000;19,62950000;0,30820000;0,30830000
20/01/2025;105;A;BHD;16,04140000;16,05570000;0,37680000;0,37710000
20/01/2025;115;A;IQD;0,00461400;0,00462200;1309,00000000;1311,00000000
20/01/2025;125;A;JOD;8,52000000;8,52440000;0,70970000;0,71000000
20/01/2025;130;A;LYD;1,22100000;1,22730000;4,92940000;4,95420000
20/01/2025;132;A;MKD;0,10190000;0,10280000;58,84000000;59,34000000
20/01/2025;133;A;RSD;0,05362000;0,05382000;112,40000000;112,82000000
20/01/2025;134;A;SDG;0,01005000;0,01010000;598,80020000;602,14120000
20/01/2025;135;A;TND;1,89000000;1,89200000;3,19760000;3,20060000
20/01/2025;136;A;SSP;0,00147500;0,00151300;4000,00000000;4100,00000000
20/01/2025;138;B;SDR;7,85130000;7,85200000;1,29790000;1,29790000
20/01/2025;139;A;MAD;0,60370000;0,60500000;10,00000000;10,02000000
20/01/2025;145;A;AED;1,64680000;1,64720000;3,67270000;3,67330000
20/01/2025;149;A;STN;0,25170000;0,25690000;23,55310000;24,03610000
20/01/2025;150;B;AUD;3,78380000;3,78660000;0,62550000;0,62590000
20/01/2025;155;A;BSD;6,04920000;6,04980000;1,00000000;1,00000000
20/01/2025;160;A;BMD;6,04920000;6,04980000;1,00000000;1,00000000
20/01/2025;165;A;CAD;4,21810000;4,21910000;1,43390000;1,43410000
20/01/2025;170;A;GYD;0,02874000;0,02909000;207,98000000;210,45000000
20/01/2025;173;A;NAD;0,32550000;0,32560000;18,58130000;18,58430000
20/01/2025;175;A;BBD;2,96510000;3,02780000;1,99810000;2,04010000
20/01/2025;180;A;BZD;2,99880000;3,02460000;2,00020000;2,01720000
20/01/2025;185;A;BND;4,45710000;4,45950000;1,35660000;1,35720000
20/01/2025;190;A;KYD;7,24460000;7,31090000;0,82750000;0,83500000
20/01/2025;195;A;SGD;4,45710000;4,45950000;1,35660000;1,35720000
20/01/2025;197;B;CLF;231,36380000;231,38670000;38,24700000;38,24700000
20/01/2025;200;B;FJD;2,57090000;2,65340000;0,42500000;0,43860000
20/01/2025;205;A;HKD;0,77740000;0,77750000;7,78130000;7,78140000
20/01/2025;210;A;TTD;0,88620000;0,89540000;6,75620000;6,82600000
20/01/2025;215;A;XCD;2,22400000;2,24900000;2,69000000;2,72000000
20/01/2025;220;A;USD;6,04920000;6,04980000;1,00000000;1,00000000
20/01/2025;230;A;JMD;0,03824000;0,03868000;156,41000000;158,21000000
20/01/2025;235;A;LRD;0,03167000;0,03201000;189,00000000;191,00000000
20/01/2025;245;B;NZD;3,41960000;3,42180000;0,56530000;0,56560000
20/01/2025;250;B;SBD;0,67750000;0,75020000;0,11200000;0,12400000
20/01/2025;255;A;SRD;0,17110000;0,17400000;34,76000000;35,35100000
20/01/2025;260;A;VND;0,00023880;0,00023900;25315,00000000;25330,00000000
20/01/2025;275;A;AMD;0,01497000;0,01525000;396,80550000;404,00000000
20/01/2025;295;A;CVE;0,05653000;0,05708000;105,99000000;107,01000000
20/01/2025;325;A;ANG;3,32370000;3,39020000;1,78450000;1,82000000
20/01/2025;328;A;AWG;3,28760000;3,39880000;1,78000000;1,84000000
20/01/2025;345;A;HUF;0,01529000;0,01531000;395,18000000;395,64000000
20/01/2025;363;A;CDF;0,00210800;0,00213800;2830,00000000;2870,00000000
20/01/2025;365;A;BIF;0,00201600;0,00207300;2918,00000000;3000,00000000
20/01/2025;368;A;KMF;0,01260000;0,01265000;478,18000000;480,18000000
20/01/2025;370;A;XAF;0,00921600;0,00959400;630,61000000;656,37000000
20/01/2025;372;A;XOF;0,00943700;0,00957300;632,00000000;641,00000000
20/01/2025;380;A;XPF;0,05242000;0,05289000;114,38000000;115,39000000
20/01/2025;390;A;DJF;0,03388000;0,03406000;177,60000000;178,55000000
20/01/2025;398;A;GNF;0,00069650;0,00070310;8604,00000000;8685,00000000
20/01/2025;406;A;MGA;0,00129300;0,00130400;4638,75000000;4677,21000000
20/01/2025;420;A;RWF;0,00426300;0,00434300;1393,00000000;1419,00000000
20/01/2025;425;A;CHF;6,65840000;6,66280000;0,90800000;0,90850000
20/01/2025;440;A;HTG;0,04614000;0,04650000;130,10410000;131,11020000
20/01/2025;450;A;PYG;0,00076430;0,00076540;7903,73000000;7914,58000000
20/01/2025;460;A;UAH;0,14330000;0,14340000;42,18000000;42,20000000
20/01/2025;470;A;JPY;0,03885000;0,03886000;155,68000000;155,69000000
20/01/2025;482;A;GEL;2,10040000;2,14680000;2,81800000;2,88000000
20/01/2025;490;A;ALL;0,06323000;0,06382000;94,79000000;95,67000000
20/01/2025;495;A;HNL;0,23720000;0,23810000;25,40880000;25,50000000
20/01/2025;500;A;SLL;0,00026410;0,00026670;22683,00000000;22908,00000000
20/01/2025;503;A;MDL;0,31960000;0,32530000;18,60000000;18,93000000
20/01/2025;506;A;RON;1,26310000;1,26530000;4,78120000;4,78910000
20/01/2025;510;A;BGN;3,21680000;3,21780000;1,88010000;1,88050000
20/01/2025;530;B;GIP;7,38850000;7,39160000;1,22140000;1,22180000
20/01/2025;535;A;EGP;0,12010000;0,12030000;50,27000000;50,37000000
20/01/2025;540;B;GBP;7,43390000;7,43760000;1,22890000;1,22940000
20/01/2025;545;B;FKP;7,38850000;7,39160000;1,22140000;1,22180000
20/01/2025;560;A;LBP;0,00006750;0,00006760;89500,00000000;89600,00000000
20/01/2025;570;B;SHP;7,37160000;7,37830000;1,21860000;1,21960000
20/01/2025;575;A;SYP;0,00046500;0,00046540;13000,00000000;13010,00000000
20/01/2025;585;A;SZL;0,32550000;0,32560000;18,58130000;18,58430000
20/01/2025;603;A;LSL;0,32550000;0,32560000;18,58130000;18,58430000
20/01/2025;608;A;TMT;1,72600000;1,73110000;3,49470000;3,50470000
20/01/2025;622;A;MZN;0,09373000;0,09562000;63,27000000;64,54000000
20/01/2025;625;A;ERN;0,39930000;0,40330000;15,00000000;15,15000000
20/01/2025;630;A;NGN;0,00386800;0,00391800;1544,11000000;1564,11000000
20/01/2025;635;A;AOA;0,00650300;0,00663400;912,00000000;930,24000000
20/01/2025;640;A;TWD;0,18510000;0,18530000;32,64700000;32,67700000
20/01/2025;642;A;TRY;0,17010000;0,17010000;35,56270000;35,56790000
20/01/2025;660;A;PEN;1,62260000;1,62370000;3,72600000;3,72800000
20/01/2025;665;A;BTN;0,06987000;0,06992000;86,52000000;86,57500000
20/01/2025;670;A;MRO;0,01685000;0,01699000;356,00000000;359,00000000
20/01/2025;671;A;MRU;0,15200000;0,15230000;39,72400000;39,80400000
20/01/2025;680;B;TOP;2,42690000;2,56030000;0,40120000;0,42320000
20/01/2025;685;A;MOP;0,75400000;0,75480000;8,01500000;8,02300000
20/01/2025;706;A;ARS;0,00578600;0,00578900;1045,00000000;1045,50000000
20/01/2025;715;A;CLP;0,00602300;0,00602600;1003,90000000;1004,30000000
20/01/2025;720;A;COP;0,00140100;0,00140300;4312,22000000;4317,22000000
20/01/2025;721;B;COU;0,52140000;0,52150000;0,08620000;0,08620000
20/01/2025;725;A;CUP;0,25210000;0,25210000;24,00000000;24,00000000
20/01/2025;730;A;DOP;0,09815000;0,09880000;61,23000000;61,63000000
20/01/2025;735;A;PHP;0,10390000;0,10400000;58,18400000;58,20400000
20/01/2025;741;A;MXN;0,29410000;0,29430000;20,55400000;20,56800000
20/01/2025;745;A;UYU;0,13750000;0,13760000;43,98000000;44,01000000
20/01/2025;755;B;BWP;0,43070000;0,43500000;0,07120000;0,07190000
20/01/2025;760;A;MWK;0,00345500;0,00352400;1716,66000000;1751,00000000
20/01/2025;766;A;ZMW;0,21690000;0,21730000;27,84520000;27,89520000
20/01/2025;770;A;GTQ;0,78260000;0,78470000;7,71000000;7,73000000
20/01/2025;775;A;MMK;0,00287200;0,00289000;2093,70000000;2106,30000000
20/01/2025;778;B;PGK;1,46330000;1,50880000;0,24190000;0,24940000
20/01/2025;780;A;LAK;0,00027580;0,00027870;21705,00000000;21935,00000000
20/01/2025;785;A;ZAR;0,32550000;0,32560000;18,57980000;18,58650000
20/01/2025;795;A;CNY;0,82840000;0,82860000;7,30100000;7,30250000
20/01/2025;796;A;CNH;0,83120000;0,83130000;7,27760000;7,27810000
20/01/2025;800;A;QAR;1,65890000;1,65950000;3,64550000;3,64650000
20/01/2025;805;A;OMR;15,70810000;15,72190000;0,38480000;0,38510000
20/01/2025;810;A;YER;0,02428000;0,02433000;248,62000000;249,12000000
20/01/2025;815;A;IRR;0,00014400;0,00014400;42000,00000000;42005,00000000
20/01/2025;820;A;SAR;1,61220000;1,61240000;3,75200000;3,75220000
20/01/2025;825;A;KHR;0,00149500;0,00150200;4027,50000000;4045,50000000
20/01/2025;828;A;MYR;1,34550000;1,34740000;4,49000000;4,49600000
20/01/2025;830;A;RUB;0,05960000;0,05961000;101,49550000;101,50450000
20/01/2025;831;A;BYN;1,84480000;1,85230000;3,26610000;3,27910000
20/01/2025;835;A;TJS;0,55190000;0,55660000;10,87000000;10,96000000
20/01/2025;840;A;MUR;0,12880000;0,12960000;46,68000000;46,98000000
20/01/2025;845;A;NPR;0,04367000;0,04368000;138,51000000;138,52000000
20/01/2025;850;A;SCR;0,42180000;0,42190000;14,33940000;14,33980000
20/01/2025;855;A;LKR;0,02037000;0,02039000;296,70000000;297,00000000
20/01/2025;860;A;INR;0,07013000;0,07018000;86,19900000;86,25400000
20/01/2025;865;A;IDR;0,00036960;0,00036990;16355,00000000;16365,00000000
20/01/2025;870;A;MVR;0,39030000;0,39230000;15,42000000;15,50000000
20/01/2025;875;A;PKR;0,02171000;0,02171000;278,65000000;278,70000000
20/01/2025;880;A;ILS;1,69470000;1,69630000;3,56650000;3,56950000
20/01/2025;892;A;KGS;0,06913000;0,06918000;87,44950000;87,50380000
20/01/2025;893;A;UZS;0,00046390;0,00046860;12910,21000000;13039,97000000
20/01/2025;905;A;BDT;0,04958000;0,04969000;121,75000000;122,00000000
20/01/2025;912;B;WST;2,06580000;2,19910000;0,34150000;0,36350000
20/01/2025;913;A;KZT;0,01141000;0,01142000;529,90000000;530,05000000
20/01/2025;915;A;MNT;0,00176100;0,00176400;3430,00000000;3436,00000000
20/01/2025;920;A;VUV;0,04918000;0,05215000;116,00000000;123,00000000
20/01/2025;930;A;KRW;0,00419200;0,00420400;1439,24000000;1443,06000000
20/01/2025;946;A;TZS;0,00238600;0,00242500;2495,00000000;2535,00000000
20/01/2025;950;A;KES;0,04668000;0,04686000;129,10000000;129,60000000
20/01/2025;955;A;UGX;0,00164500;0,00164900;3668,00000000;3678,00000000
20/01/2025;960;A;SOS;0,01052000;0,01065000;568,00000000;575,00000000
20/01/2025;975;A;PLN;1,47920000;1,47980000;4,08820000;4,08940000
20/01/2025;978;B;EUR;6,29120000;6,29240000;1,04000000;1,04010000
20/01/2025;998;A;XAU;526,47520000;526,52740000;0,01149000;0,01149000

[2025-07-07T15:10:23.808+0000] {taskinstance.py:441} INFO - ::group::Post task execution logs
[2025-07-07T15:10:23.881+0000] {taskinstance.py:1206} INFO - Marking task as SUCCESS. dag_id=fin_cotacoes_bcb_classic, task_id=extract, run_id=scheduled__2025-01-20T00:00:00+00:00, execution_date=20250120T000000, start_date=20250707T151022, end_date=20250707T151023
[2025-07-07T15:10:24.039+0000] {local_task_job_runner.py:240} INFO - Task exited with return code 0
[2025-07-07T15:10:24.140+0000] {taskinstance.py:3503} INFO - 1 downstream tasks scheduled from follow-on schedule check
[2025-07-07T15:10:24.150+0000] {local_task_job_runner.py:222} INFO - ::endgroup::
