[2025-07-05T19:23:37.972+0000] {local_task_job_runner.py:120} INFO - ::group::Pre task execution logs
[2025-07-05T19:23:38.101+0000] {taskinstance.py:2076} INFO - Dependencies all met for dep_context=non-requeueable deps ti=<TaskInstance: fin_cotacoes_bcb_classic.extract scheduled__2023-02-15T00:00:00+00:00 [queued]>
[2025-07-05T19:23:38.124+0000] {taskinstance.py:2076} INFO - Dependencies all met for dep_context=requeueable deps ti=<TaskInstance: fin_cotacoes_bcb_classic.extract scheduled__2023-02-15T00:00:00+00:00 [queued]>
[2025-07-05T19:23:38.124+0000] {taskinstance.py:2306} INFO - Starting attempt 1 of 2
[2025-07-05T19:23:38.289+0000] {taskinstance.py:2330} INFO - Executing <Task(PythonOperator): extract> on 2023-02-15 00:00:00+00:00
[2025-07-05T19:23:38.333+0000] {logging_mixin.py:188} WARNING - /home/***/.local/lib/python3.12/site-packages/***/task/task_runner/standard_task_runner.py:61 DeprecationWarning: This process (pid=8553) is multi-threaded, use of fork() may lead to deadlocks in the child.
[2025-07-05T19:23:38.334+0000] {standard_task_runner.py:63} INFO - Started process 8615 to run task
[2025-07-05T19:23:38.338+0000] {standard_task_runner.py:90} INFO - Running: ['***', 'tasks', 'run', 'fin_cotacoes_bcb_classic', 'extract', 'scheduled__2023-02-15T00:00:00+00:00', '--job-id', '116', '--raw', '--subdir', 'DAGS_FOLDER/cotacoes.py', '--cfg-path', '/tmp/tmpsohwgkdt']
[2025-07-05T19:23:38.339+0000] {standard_task_runner.py:91} INFO - Job 116: Subtask extract
[2025-07-05T19:23:38.463+0000] {task_command.py:426} INFO - Running <TaskInstance: fin_cotacoes_bcb_classic.extract scheduled__2023-02-15T00:00:00+00:00 [running]> on host 20adb53d65c4
[2025-07-05T19:23:38.658+0000] {taskinstance.py:2648} INFO - Exporting env vars: AIRFLOW_CTX_DAG_OWNER='***' AIRFLOW_CTX_DAG_ID='fin_cotacoes_bcb_classic' AIRFLOW_CTX_TASK_ID='extract' AIRFLOW_CTX_EXECUTION_DATE='2023-02-15T00:00:00+00:00' AIRFLOW_CTX_TRY_NUMBER='1' AIRFLOW_CTX_DAG_RUN_ID='scheduled__2023-02-15T00:00:00+00:00'
[2025-07-05T19:23:38.659+0000] {taskinstance.py:430} INFO - ::endgroup::
[2025-07-05T19:23:38.660+0000] {cotacoes.py:32} WARNING - https://www4.bcb.gov.br/Download/fechamento/20230215.csv
[2025-07-05T19:23:38.978+0000] {python.py:237} INFO - Done. Returned value was: 15/02/2023;005;A;AFN;0,05835000;0,05849000;89,32000000;89,52000000
15/02/2023;009;A;ETB;0,09700000;0,09742000;53,62690000;53,85030000
15/02/2023;015;A;THB;0,15170000;0,15190000;34,39000000;34,44000000
15/02/2023;020;A;PAB;5,22370000;5,22430000;1,00000000;1,00000000
15/02/2023;027;A;VES;0,21460000;0,21510000;24,28220000;24,34310000
15/02/2023;030;A;BOB;0,74520000;0,76160000;6,86000000;7,01000000
15/02/2023;035;A;GHS;0,40970000;0,43540000;12,00000000;12,75000000
15/02/2023;040;A;CRC;0,00916400;0,00921800;566,75000000;570,00000000
15/02/2023;045;A;SVC;0,59630000;0,59710000;8,74980000;8,75980000
15/02/2023;051;A;NIO;0,14120000;0,14480000;36,08000000;37,00000000
15/02/2023;055;A;DKK;0,74830000;0,74850000;6,97980000;6,98040000
15/02/2023;060;A;ISK;0,03622000;0,03630000;143,91000000;144,24000000
15/02/2023;065;A;NOK;0,51070000;0,51100000;10,22380000;10,22810000
15/02/2023;070;A;SEK;0,50050000;0,50070000;10,43370000;10,43660000
15/02/2023;075;A;CZK;0,23610000;0,23620000;22,11900000;22,12900000
15/02/2023;090;A;GMD;0,08036000;0,08495000;61,50000000;65,00000000
15/02/2023;095;A;DZD;0,03799000;0,03837000;136,14700000;137,50900000
15/02/2023;100;A;KWD;17,04310000;17,05060000;0,30640000;0,30650000
15/02/2023;105;A;BHD;13,85960000;13,86120000;0,37690000;0,37690000
15/02/2023;115;A;IQD;0,00357700;0,00358200;1458,52000000;1460,52000000
15/02/2023;125;A;JOD;7,35730000;7,37170000;0,70870000;0,71000000
15/02/2023;130;A;LYD;1,08570000;1,09090000;4,78920000;4,81150000
15/02/2023;132;A;MKD;0,09033000;0,09065000;57,63000000;57,83000000
15/02/2023;133;A;RSD;0,04749000;0,04758000;109,79000000;109,99000000
15/02/2023;134;A;SDG;0,00918700;0,00924300;565,25020000;568,59120000
15/02/2023;135;A;TND;1,68500000;1,68600000;3,09860000;3,10010000
15/02/2023;136;A;SSP;0,00688200;0,00699400;747,00810000;759,00810000
15/02/2023;138;B;SDR;6,98620000;6,98700000;1,33740000;1,33740000
15/02/2023;139;A;MAD;0,50630000;0,50660000;10,31300000;10,31800000
15/02/2023;145;A;AED;1,42210000;1,42240000;3,67290000;3,67320000
15/02/2023;149;A;STN;0,22310000;0,22780000;22,93570000;23,41260000
15/02/2023;150;B;AUD;3,59230000;3,59380000;0,68770000;0,68790000
15/02/2023;155;A;BSD;5,22370000;5,22430000;1,00000000;1,00000000
15/02/2023;160;A;BMD;5,22370000;5,22430000;1,00000000;1,00000000
15/02/2023;165;A;CAD;3,89250000;3,89410000;1,34160000;1,34200000
15/02/2023;170;A;GYD;0,02464000;0,02488000;210,00000000;212,00000000
15/02/2023;173;A;NAD;0,28900000;0,28960000;18,03700000;18,07300000
15/02/2023;175;A;BBD;2,56050000;2,61460000;1,99810000;2,04010000
15/02/2023;180;A;BZD;2,56920000;2,61450000;1,99820000;2,03320000
15/02/2023;185;A;BND;3,90670000;3,90860000;1,33660000;1,33710000
15/02/2023;190;A;KYD;6,25590000;6,33250000;0,82500000;0,83500000
15/02/2023;195;A;SGD;3,90670000;3,90860000;1,33660000;1,33710000
15/02/2023;197;B;CLF;232,07330000;232,10000000;44,42700000;44,42700000
15/02/2023;200;B;FJD;2,35280000;2,41150000;0,45040000;0,46160000
15/02/2023;205;A;HKD;0,66550000;0,66560000;7,84860000;7,84920000
15/02/2023;210;A;TTD;0,76530000;0,77450000;6,74570000;6,82600000
15/02/2023;215;A;XCD;1,92050000;1,93490000;2,70000000;2,72000000
15/02/2023;220;A;USD;5,22370000;5,22430000;1,00000000;1,00000000
15/02/2023;230;A;JMD;0,03327000;0,03437000;152,00000000;157,00000000
15/02/2023;235;A;LRD;0,03294000;0,03351000;155,90000000;158,60000000
15/02/2023;245;B;NZD;3,27470000;3,27720000;0,62690000;0,62730000
15/02/2023;250;B;SBD;0,59550000;0,64780000;0,11400000;0,12400000
15/02/2023;255;A;SRD;0,15970000;0,16170000;32,30000000;32,70000000
15/02/2023;260;A;VND;0,00022100;0,00022120;23615,00000000;23635,00000000
15/02/2023;275;A;AMD;0,01306000;0,01336000;391,00000000;400,00000000
15/02/2023;295;A;CVE;0,05013000;0,05061000;103,23000000;104,20000000
15/02/2023;325;A;ANG;2,87020000;2,92760000;1,78450000;1,82000000
15/02/2023;328;A;AWG;2,83900000;2,93500000;1,78000000;1,84000000
15/02/2023;345;A;HUF;0,01465000;0,01467000;356,02000000;356,60000000
15/02/2023;363;A;CDF;0,00248800;0,00253600;2060,00000000;2100,00000000
15/02/2023;365;A;BIF;0,00248800;0,00254400;2053,26000000;2100,00000000
15/02/2023;368;A;KMF;0,01129000;0,01134000;460,68000000;462,68000000
15/02/2023;370;A;XAF;0,00824800;0,00850800;614,02000000;633,31000000
15/02/2023;372;A;XOF;0,00848400;0,00858200;608,75000000;615,75000000
15/02/2023;380;A;XPF;0,04647000;0,04691000;111,38000000;112,40000000
15/02/2023;390;A;DJF;0,02926000;0,02942000;177,55000000;178,55000000
15/02/2023;398;A;GNF;0,00060150;0,00061200;8537,00000000;8685,00000000
15/02/2023;406;A;MGA;0,00121000;0,00121900;4287,61000000;4316,61000000
15/02/2023;420;A;RWF;0,00477300;0,00484900;1077,51000000;1094,51000000
15/02/2023;425;A;CHF;5,64300000;5,64610000;0,92530000;0,92570000
15/02/2023;440;A;HTG;0,03437000;0,03530000;148,00000000;152,00000000
15/02/2023;450;A;PYG;0,00071600;0,00071670;7289,04000000;7295,71000000
15/02/2023;460;A;UAH;0,14140000;0,14150000;36,92500000;36,93400000
15/02/2023;470;A;JPY;0,03890000;0,03891000;134,27000000;134,28000000
15/02/2023;482;A;GEL;1,94910000;1,99400000;2,62000000;2,68000000
15/02/2023;490;A;ALL;0,04808000;0,04840000;107,95000000;108,65000000
15/02/2023;495;A;HNL;0,21060000;0,21320000;24,50000000;24,80000000
15/02/2023;500;A;SLL;0,00026120;0,00026390;19800,00000000;20000,00000000
15/02/2023;503;A;MDL;0,27860000;0,28010000;18,64850000;18,74850000
15/02/2023;506;A;RON;1,13760000;1,13940000;4,58510000;4,59170000
15/02/2023;510;A;BGN;2,85200000;2,85370000;1,83070000;1,83160000
15/02/2023;530;B;GIP;6,32590000;6,33190000;1,21100000;1,21200000
15/02/2023;535;A;EGP;0,17060000;0,17060000;30,61990000;30,62000000
15/02/2023;540;B;GBP;6,27000000;6,27120000;1,20030000;1,20040000
15/02/2023;545;B;FKP;6,32590000;6,33190000;1,21100000;1,21200000
15/02/2023;560;A;LBP;0,00034780;0,00034830;15000,00000000;15020,00000000
15/02/2023;570;B;SHP;6,42520000;6,43110000;1,23000000;1,23100000
15/02/2023;575;A;SYP;0,00207900;0,00208100;2510,00000000;2513,00000000
15/02/2023;585;A;SZL;0,28920000;0,28970000;18,03640000;18,06000000
15/02/2023;603;A;LSL;0,28920000;0,28970000;18,03640000;18,06000000
15/02/2023;608;A;TMT;1,49250000;1,49690000;3,49000000;3,50000000
15/02/2023;622;A;MZN;0,08111000;0,08266000;63,20000000;64,40000000
15/02/2023;625;A;ERN;0,34480000;0,34830000;15,00000000;15,15000000
15/02/2023;630;A;NGN;0,01133000;0,01136000;460,06000000;461,06000000
15/02/2023;635;A;AOA;0,01005000;0,01040000;502,20000000;520,00000000
15/02/2023;640;A;TWD;0,17190000;0,17210000;30,35700000;30,38700000
15/02/2023;642;A;TRY;0,27710000;0,27720000;18,84860000;18,85180000
15/02/2023;660;A;PEN;1,34910000;1,35400000;3,85830000;3,87200000
15/02/2023;665;A;BTN;0,06304000;0,06309000;82,81300000;82,86800000
15/02/2023;670;A;MRO;0,01455000;0,01468000;356,00000000;359,00000000
15/02/2023;671;A;MRU;0,14310000;0,14450000;36,15010000;36,51010000
15/02/2023;680;B;TOP;2,14170000;2,24640000;0,41000000;0,43000000
15/02/2023;685;A;MOP;0,64520000;0,64630000;8,08400000;8,09600000
15/02/2023;706;A;ARS;0,02715000;0,02716000;192,37000000;192,38000000
15/02/2023;715;A;CLP;0,00655800;0,00656600;795,70000000;796,50000000
15/02/2023;720;A;COP;0,00106400;0,00107100;4876,87000000;4908,80000000
15/02/2023;721;B;COU;0,35990000;0,36000000;0,06890000;0,06890000
15/02/2023;725;A;CUP;0,21770000;0,21770000;24,00000000;24,00000000
15/02/2023;730;A;DOP;0,09273000;0,09354000;55,85000000;56,33000000
15/02/2023;735;A;PHP;0,09460000;0,09464000;55,20000000;55,22000000
15/02/2023;741;A;MXN;0,28030000;0,28050000;18,62510000;18,63560000
15/02/2023;745;A;UYU;0,13350000;0,13370000;39,08000000;39,12000000
15/02/2023;755;B;BWP;0,39440000;0,39810000;0,07550000;0,07620000
15/02/2023;760;A;MWK;0,00502400;0,00517400;1009,72000000;1039,72000000
15/02/2023;766;A;ZMW;0,26930000;0,27000000;19,35000000;19,40000000
15/02/2023;770;A;GTQ;0,66670000;0,66850000;7,81500000;7,83500000
15/02/2023;775;A;MMK;0,00248000;0,00249500;2093,70000000;2106,30000000
15/02/2023;778;B;PGK;1,44440000;1,52290000;0,27650000;0,29150000
15/02/2023;780;A;LAK;0,00030810;0,00030900;16905,00000000;16955,00000000
15/02/2023;785;A;ZAR;0,28930000;0,28940000;18,05260000;18,05720000
15/02/2023;795;A;CNY;0,76200000;0,76260000;6,85100000;6,85490000
15/02/2023;796;A;CNH;0,76110000;0,76130000;6,86220000;6,86320000
15/02/2023;800;A;QAR;1,42910000;1,43520000;3,64000000;3,65530000
15/02/2023;805;A;OMR;13,56450000;13,57310000;0,38490000;0,38510000
15/02/2023;810;A;YER;0,02086000;0,02090000;249,95000000;250,45000000
15/02/2023;815;A;IRR;0,00012440;0,00012440;42000,00000000;42005,00000000
15/02/2023;820;A;SAR;1,39240000;1,39270000;3,75120000;3,75170000
15/02/2023;825;A;KHR;0,00127700;0,00128300;4072,00000000;4092,00000000
15/02/2023;828;A;MYR;1,18860000;1,19000000;4,39000000;4,39500000
15/02/2023;830;A;RUB;0,06995000;0,06997000;74,66450000;74,67350000
15/02/2023;831;A;BYN;2,06380000;2,07470000;2,51810000;2,53110000
15/02/2023;835;A;TJS;0,49800000;0,49850000;10,48000000;10,49000000
15/02/2023;840;A;MUR;0,11380000;0,11460000;45,60000000;45,90000000
15/02/2023;845;A;NPR;0,03942000;0,03943000;132,48000000;132,50000000
15/02/2023;850;A;SCR;0,38810000;0,38810000;13,46090000;13,46100000
15/02/2023;855;A;LKR;0,01416000;0,01447000;361,00000000;369,00000000
15/02/2023;860;A;INR;0,06303000;0,06308000;82,81500000;82,87000000
15/02/2023;865;A;IDR;0,00034350;0,00034370;15200,00000000;15208,00000000
15/02/2023;870;A;MVR;0,33700000;0,33880000;15,42000000;15,50000000
15/02/2023;875;A;PKR;0,01969000;0,02000000;261,25000000;265,25000000
15/02/2023;880;A;ILS;1,47940000;1,48030000;3,52910000;3,53100000
15/02/2023;892;A;KGS;0,06003000;0,06007000;86,97000000;87,02430000
15/02/2023;893;A;UZS;0,00045930;0,00045970;11363,98000000;11373,98000000
15/02/2023;905;A;BDT;0,04914000;0,04919000;106,20000000;106,30000000
15/02/2023;912;B;WST;1,82310000;1,92100000;0,34900000;0,36770000
15/02/2023;913;A;KZT;0,01168000;0,01169000;447,00000000;447,10000000
15/02/2023;915;A;MNT;0,00147400;0,00149500;3495,00000000;3545,00000000
15/02/2023;920;A;VUV;0,04247000;0,04357000;119,90000000;123,00000000
15/02/2023;930;A;KRW;0,00405600;0,00405900;1287,08000000;1287,76000000
15/02/2023;946;A;TZS;0,00222900;0,00223800;2334,00000000;2344,00000000
15/02/2023;950;A;KES;0,04159000;0,04166000;125,40000000;125,60000000
15/02/2023;955;A;UGX;0,00142100;0,00142600;3665,00000000;3675,00000000
15/02/2023;960;A;SOS;0,00913200;0,00924700;565,00000000;572,00000000
15/02/2023;975;A;PLN;1,17040000;1,17090000;4,46170000;4,46320000
15/02/2023;978;B;EUR;5,57580000;5,57850000;1,06740000;1,06780000
15/02/2023;998;A;XAU;308,36480000;308,40020000;0,01694000;0,01694000

[2025-07-05T19:23:38.983+0000] {taskinstance.py:441} INFO - ::group::Post task execution logs
[2025-07-05T19:23:39.039+0000] {taskinstance.py:1206} INFO - Marking task as SUCCESS. dag_id=fin_cotacoes_bcb_classic, task_id=extract, run_id=scheduled__2023-02-15T00:00:00+00:00, execution_date=20230215T000000, start_date=20250705T192338, end_date=20250705T192339
[2025-07-05T19:23:39.143+0000] {local_task_job_runner.py:240} INFO - Task exited with return code 0
[2025-07-05T19:23:39.179+0000] {logging_mixin.py:188} WARNING - /home/***/.local/lib/python3.12/site-packages/***/models/baseoperator.py:1297 AirflowProviderDeprecationWarning: Call to deprecated class PostgresOperator. (Please use `***.providers.common.sql.operators.sql.SQLExecuteQueryOperator`.Also, you can provide `hook_params={'schema': <database>}`.)
[2025-07-05T19:23:39.253+0000] {taskinstance.py:3503} INFO - 1 downstream tasks scheduled from follow-on schedule check
[2025-07-05T19:23:39.260+0000] {local_task_job_runner.py:222} INFO - ::endgroup::
