[2025-07-06T19:34:15.379+0000] {local_task_job_runner.py:120} INFO - ::group::Pre task execution logs
[2025-07-06T19:34:15.523+0000] {taskinstance.py:2076} INFO - Dependencies all met for dep_context=non-requeueable deps ti=<TaskInstance: fin_cotacoes_bcb_classic.extract scheduled__2025-03-02T00:00:00+00:00 [queued]>
[2025-07-06T19:34:15.553+0000] {taskinstance.py:2076} INFO - Dependencies all met for dep_context=requeueable deps ti=<TaskInstance: fin_cotacoes_bcb_classic.extract scheduled__2025-03-02T00:00:00+00:00 [queued]>
[2025-07-06T19:34:15.553+0000] {taskinstance.py:2306} INFO - Starting attempt 1 of 2
[2025-07-06T19:34:15.818+0000] {taskinstance.py:2330} INFO - Executing <Task(PythonOperator): extract> on 2025-03-02 00:00:00+00:00
[2025-07-06T19:34:15.847+0000] {standard_task_runner.py:90} INFO - Running: ['***', 'tasks', 'run', 'fin_cotacoes_bcb_classic', 'extract', 'scheduled__2025-03-02T00:00:00+00:00', '--job-id', '1089', '--raw', '--subdir', 'DAGS_FOLDER/cotacoes.py', '--cfg-path', '/tmp/tmphz2vj_j3']
[2025-07-06T19:34:15.849+0000] {standard_task_runner.py:91} INFO - Job 1089: Subtask extract
[2025-07-06T19:34:15.867+0000] {logging_mixin.py:188} WARNING - /home/***/.local/lib/python3.12/site-packages/***/task/task_runner/standard_task_runner.py:61 DeprecationWarning: This process (pid=2406) is multi-threaded, use of fork() may lead to deadlocks in the child.
[2025-07-06T19:34:15.885+0000] {standard_task_runner.py:63} INFO - Started process 2442 to run task
[2025-07-06T19:34:15.981+0000] {task_command.py:426} INFO - Running <TaskInstance: fin_cotacoes_bcb_classic.extract scheduled__2025-03-02T00:00:00+00:00 [running]> on host 20adb53d65c4
[2025-07-06T19:34:16.180+0000] {taskinstance.py:2648} INFO - Exporting env vars: AIRFLOW_CTX_DAG_OWNER='***' AIRFLOW_CTX_DAG_ID='fin_cotacoes_bcb_classic' AIRFLOW_CTX_TASK_ID='extract' AIRFLOW_CTX_EXECUTION_DATE='2025-03-02T00:00:00+00:00' AIRFLOW_CTX_TRY_NUMBER='1' AIRFLOW_CTX_DAG_RUN_ID='scheduled__2025-03-02T00:00:00+00:00'
[2025-07-06T19:34:16.182+0000] {taskinstance.py:430} INFO - ::endgroup::
[2025-07-06T19:34:16.182+0000] {cotacoes.py:37} INFO - Iniciando extração da URL: https://www4.bcb.gov.br/Download/fechamento/20250302.csv
[2025-07-06T19:34:16.482+0000] {cotacoes.py:46} ERROR - Erro ao acessar a URL: 404 Client Error: Not Found for url: https://www4.bcb.gov.br/Download/fechamento/20250302.csv
[2025-07-06T19:34:16.487+0000] {python.py:237} INFO - Done. Returned value was: None
[2025-07-06T19:34:16.488+0000] {taskinstance.py:441} INFO - ::group::Post task execution logs
[2025-07-06T19:34:16.504+0000] {taskinstance.py:1206} INFO - Marking task as SUCCESS. dag_id=fin_cotacoes_bcb_classic, task_id=extract, run_id=scheduled__2025-03-02T00:00:00+00:00, execution_date=20250302T000000, start_date=20250706T193415, end_date=20250706T193416
[2025-07-06T19:34:16.722+0000] {local_task_job_runner.py:240} INFO - Task exited with return code 0
[2025-07-06T19:34:16.762+0000] {logging_mixin.py:188} WARNING - /home/***/.local/lib/python3.12/site-packages/***/models/baseoperator.py:1297 AirflowProviderDeprecationWarning: Call to deprecated class PostgresOperator. (Please use `***.providers.common.sql.operators.sql.SQLExecuteQueryOperator`.Also, you can provide `hook_params={'schema': <database>}`.)
[2025-07-06T19:34:16.806+0000] {taskinstance.py:3503} INFO - 1 downstream tasks scheduled from follow-on schedule check
[2025-07-06T19:34:16.811+0000] {local_task_job_runner.py:222} INFO - ::endgroup::
[2025-07-07T14:25:40.559+0000] {local_task_job_runner.py:120} INFO - ::group::Pre task execution logs
[2025-07-07T14:25:40.587+0000] {taskinstance.py:2076} INFO - Dependencies all met for dep_context=non-requeueable deps ti=<TaskInstance: fin_cotacoes_bcb_classic.extract scheduled__2025-03-02T00:00:00+00:00 [queued]>
[2025-07-07T14:25:40.594+0000] {taskinstance.py:2076} INFO - Dependencies all met for dep_context=requeueable deps ti=<TaskInstance: fin_cotacoes_bcb_classic.extract scheduled__2025-03-02T00:00:00+00:00 [queued]>
[2025-07-07T14:25:40.595+0000] {taskinstance.py:2306} INFO - Starting attempt 1 of 2
[2025-07-07T14:25:40.609+0000] {taskinstance.py:2330} INFO - Executing <Task(PythonOperator): extract> on 2025-03-02 00:00:00+00:00
[2025-07-07T14:25:40.620+0000] {logging_mixin.py:188} WARNING - /home/***/.local/lib/python3.12/site-packages/***/task/task_runner/standard_task_runner.py:61 DeprecationWarning: This process (pid=72946) is multi-threaded, use of fork() may lead to deadlocks in the child.
[2025-07-07T14:25:40.621+0000] {standard_task_runner.py:63} INFO - Started process 72966 to run task
[2025-07-07T14:25:40.620+0000] {standard_task_runner.py:90} INFO - Running: ['***', 'tasks', 'run', 'fin_cotacoes_bcb_classic', 'extract', 'scheduled__2025-03-02T00:00:00+00:00', '--job-id', '2086', '--raw', '--subdir', 'DAGS_FOLDER/cotacoes.py', '--cfg-path', '/tmp/tmpk78esilc']
[2025-07-07T14:25:40.621+0000] {standard_task_runner.py:91} INFO - Job 2086: Subtask extract
[2025-07-07T14:25:40.664+0000] {task_command.py:426} INFO - Running <TaskInstance: fin_cotacoes_bcb_classic.extract scheduled__2025-03-02T00:00:00+00:00 [running]> on host bc96ca91d307
[2025-07-07T14:25:40.734+0000] {taskinstance.py:2648} INFO - Exporting env vars: AIRFLOW_CTX_DAG_OWNER='***' AIRFLOW_CTX_DAG_ID='fin_cotacoes_bcb_classic' AIRFLOW_CTX_TASK_ID='extract' AIRFLOW_CTX_EXECUTION_DATE='2025-03-02T00:00:00+00:00' AIRFLOW_CTX_TRY_NUMBER='1' AIRFLOW_CTX_DAG_RUN_ID='scheduled__2025-03-02T00:00:00+00:00'
[2025-07-07T14:25:40.735+0000] {taskinstance.py:430} INFO - ::endgroup::
[2025-07-07T14:25:40.736+0000] {cotacoes.py:35} INFO - Iniciando extração da URL: https://www4.bcb.gov.br/Download/fechamento/20250302.csv
[2025-07-07T14:25:40.873+0000] {cotacoes.py:44} WARNING - Não foi possível extrair dados da URL (pode ser um dia sem cotação): 404 Client Error: Not Found for url: https://www4.bcb.gov.br/Download/fechamento/20250302.csv
[2025-07-07T14:25:40.874+0000] {python.py:237} INFO - Done. Returned value was: None
[2025-07-07T14:25:40.875+0000] {taskinstance.py:441} INFO - ::group::Post task execution logs
[2025-07-07T14:25:40.883+0000] {taskinstance.py:1206} INFO - Marking task as SUCCESS. dag_id=fin_cotacoes_bcb_classic, task_id=extract, run_id=scheduled__2025-03-02T00:00:00+00:00, execution_date=20250302T000000, start_date=20250707T142540, end_date=20250707T142540
[2025-07-07T14:25:40.914+0000] {local_task_job_runner.py:240} INFO - Task exited with return code 0
[2025-07-07T14:25:40.922+0000] {local_task_job_runner.py:222} INFO - ::endgroup::
[2025-07-07T14:33:54.180+0000] {local_task_job_runner.py:120} INFO - ::group::Pre task execution logs
[2025-07-07T14:33:54.381+0000] {taskinstance.py:2076} INFO - Dependencies all met for dep_context=non-requeueable deps ti=<TaskInstance: fin_cotacoes_bcb_classic.extract scheduled__2025-03-02T00:00:00+00:00 [queued]>
[2025-07-07T14:33:54.391+0000] {taskinstance.py:2076} INFO - Dependencies all met for dep_context=requeueable deps ti=<TaskInstance: fin_cotacoes_bcb_classic.extract scheduled__2025-03-02T00:00:00+00:00 [queued]>
[2025-07-07T14:33:54.392+0000] {taskinstance.py:2306} INFO - Starting attempt 1 of 2
[2025-07-07T14:33:54.412+0000] {taskinstance.py:2330} INFO - Executing <Task(PythonOperator): extract> on 2025-03-02 00:00:00+00:00
[2025-07-07T14:33:54.430+0000] {logging_mixin.py:188} WARNING - /home/***/.local/lib/python3.12/site-packages/***/task/task_runner/standard_task_runner.py:61 DeprecationWarning: This process (pid=78087) is multi-threaded, use of fork() may lead to deadlocks in the child.
[2025-07-07T14:33:54.431+0000] {standard_task_runner.py:63} INFO - Started process 78158 to run task
[2025-07-07T14:33:54.429+0000] {standard_task_runner.py:90} INFO - Running: ['***', 'tasks', 'run', 'fin_cotacoes_bcb_classic', 'extract', 'scheduled__2025-03-02T00:00:00+00:00', '--job-id', '2369', '--raw', '--subdir', 'DAGS_FOLDER/cotacoes.py', '--cfg-path', '/tmp/tmpqjrhyeol']
[2025-07-07T14:33:54.434+0000] {standard_task_runner.py:91} INFO - Job 2369: Subtask extract
[2025-07-07T14:33:54.566+0000] {task_command.py:426} INFO - Running <TaskInstance: fin_cotacoes_bcb_classic.extract scheduled__2025-03-02T00:00:00+00:00 [running]> on host bc96ca91d307
[2025-07-07T14:33:54.936+0000] {taskinstance.py:2648} INFO - Exporting env vars: AIRFLOW_CTX_DAG_OWNER='***' AIRFLOW_CTX_DAG_ID='fin_cotacoes_bcb_classic' AIRFLOW_CTX_TASK_ID='extract' AIRFLOW_CTX_EXECUTION_DATE='2025-03-02T00:00:00+00:00' AIRFLOW_CTX_TRY_NUMBER='1' AIRFLOW_CTX_DAG_RUN_ID='scheduled__2025-03-02T00:00:00+00:00'
[2025-07-07T14:33:54.942+0000] {taskinstance.py:430} INFO - ::endgroup::
[2025-07-07T14:33:54.943+0000] {cotacoes.py:35} INFO - Iniciando extração da URL: https://www4.bcb.gov.br/Download/fechamento/20250302.csv
[2025-07-07T14:33:55.290+0000] {cotacoes.py:46} WARNING - Não foi possível extrair dados da URL (pode ser um dia sem cotação): 404 Client Error: Not Found for url: https://www4.bcb.gov.br/Download/fechamento/20250302.csv
[2025-07-07T14:33:55.294+0000] {python.py:237} INFO - Done. Returned value was: None
[2025-07-07T14:33:55.297+0000] {taskinstance.py:441} INFO - ::group::Post task execution logs
[2025-07-07T14:33:55.330+0000] {taskinstance.py:1206} INFO - Marking task as SUCCESS. dag_id=fin_cotacoes_bcb_classic, task_id=extract, run_id=scheduled__2025-03-02T00:00:00+00:00, execution_date=20250302T000000, start_date=20250707T143354, end_date=20250707T143355
[2025-07-07T14:33:55.420+0000] {local_task_job_runner.py:240} INFO - Task exited with return code 0
[2025-07-07T14:33:55.448+0000] {local_task_job_runner.py:222} INFO - ::endgroup::
[2025-07-07T15:11:13.304+0000] {local_task_job_runner.py:120} INFO - ::group::Pre task execution logs
[2025-07-07T15:11:13.380+0000] {taskinstance.py:2076} INFO - Dependencies all met for dep_context=non-requeueable deps ti=<TaskInstance: fin_cotacoes_bcb_classic.extract scheduled__2025-03-02T00:00:00+00:00 [queued]>
[2025-07-07T15:11:13.400+0000] {taskinstance.py:2076} INFO - Dependencies all met for dep_context=requeueable deps ti=<TaskInstance: fin_cotacoes_bcb_classic.extract scheduled__2025-03-02T00:00:00+00:00 [queued]>
[2025-07-07T15:11:13.400+0000] {taskinstance.py:2306} INFO - Starting attempt 1 of 2
[2025-07-07T15:11:13.448+0000] {taskinstance.py:2330} INFO - Executing <Task(PythonOperator): extract> on 2025-03-02 00:00:00+00:00
[2025-07-07T15:11:13.473+0000] {logging_mixin.py:188} WARNING - /home/***/.local/lib/python3.12/site-packages/***/task/task_runner/standard_task_runner.py:61 DeprecationWarning: This process (pid=102754) is multi-threaded, use of fork() may lead to deadlocks in the child.
[2025-07-07T15:11:13.474+0000] {standard_task_runner.py:63} INFO - Started process 102815 to run task
[2025-07-07T15:11:13.491+0000] {standard_task_runner.py:90} INFO - Running: ['***', 'tasks', 'run', 'fin_cotacoes_bcb_classic', 'extract', 'scheduled__2025-03-02T00:00:00+00:00', '--job-id', '4043', '--raw', '--subdir', 'DAGS_FOLDER/cotacoes.py', '--cfg-path', '/tmp/tmp4umanthj']
[2025-07-07T15:11:13.506+0000] {standard_task_runner.py:91} INFO - Job 4043: Subtask extract
[2025-07-07T15:11:13.708+0000] {task_command.py:426} INFO - Running <TaskInstance: fin_cotacoes_bcb_classic.extract scheduled__2025-03-02T00:00:00+00:00 [running]> on host bc96ca91d307
[2025-07-07T15:11:14.003+0000] {taskinstance.py:2648} INFO - Exporting env vars: AIRFLOW_CTX_DAG_OWNER='***' AIRFLOW_CTX_DAG_ID='fin_cotacoes_bcb_classic' AIRFLOW_CTX_TASK_ID='extract' AIRFLOW_CTX_EXECUTION_DATE='2025-03-02T00:00:00+00:00' AIRFLOW_CTX_TRY_NUMBER='1' AIRFLOW_CTX_DAG_RUN_ID='scheduled__2025-03-02T00:00:00+00:00'
[2025-07-07T15:11:14.005+0000] {taskinstance.py:430} INFO - ::endgroup::
[2025-07-07T15:11:14.005+0000] {cotacoes.py:35} INFO - Iniciando extração da URL: https://www4.bcb.gov.br/Download/fechamento/20250302.csv
[2025-07-07T15:11:14.412+0000] {cotacoes.py:46} WARNING - Não foi possível extrair dados da URL (pode ser um dia sem cotação): 404 Client Error: Not Found for url: https://www4.bcb.gov.br/Download/fechamento/20250302.csv
[2025-07-07T15:11:14.414+0000] {python.py:237} INFO - Done. Returned value was: None
[2025-07-07T15:11:14.417+0000] {taskinstance.py:441} INFO - ::group::Post task execution logs
[2025-07-07T15:11:14.442+0000] {taskinstance.py:1206} INFO - Marking task as SUCCESS. dag_id=fin_cotacoes_bcb_classic, task_id=extract, run_id=scheduled__2025-03-02T00:00:00+00:00, execution_date=20250302T000000, start_date=20250707T151113, end_date=20250707T151114
[2025-07-07T15:11:14.795+0000] {local_task_job_runner.py:240} INFO - Task exited with return code 0
[2025-07-07T15:11:14.895+0000] {taskinstance.py:3503} INFO - 1 downstream tasks scheduled from follow-on schedule check
[2025-07-07T15:11:14.905+0000] {local_task_job_runner.py:222} INFO - ::endgroup::
