[2025-07-07T14:35:52.163+0000] {local_task_job_runner.py:120} INFO - ::group::Pre task execution logs
[2025-07-07T14:35:52.216+0000] {taskinstance.py:2076} INFO - Dependencies all met for dep_context=non-requeueable deps ti=<TaskInstance: fin_cotacoes_bcb_classic.transform_and_load scheduled__2025-06-07T00:00:00+00:00 [queued]>
[2025-07-07T14:35:52.227+0000] {taskinstance.py:2076} INFO - Dependencies all met for dep_context=requeueable deps ti=<TaskInstance: fin_cotacoes_bcb_classic.transform_and_load scheduled__2025-06-07T00:00:00+00:00 [queued]>
[2025-07-07T14:35:52.228+0000] {taskinstance.py:2306} INFO - Starting attempt 1 of 2
[2025-07-07T14:35:52.249+0000] {taskinstance.py:2330} INFO - Executing <Task(PythonOperator): transform_and_load> on 2025-06-07 00:00:00+00:00
[2025-07-07T14:35:52.264+0000] {logging_mixin.py:188} WARNING - /home/***/.local/lib/python3.12/site-packages/***/task/task_runner/standard_task_runner.py:61 DeprecationWarning: This process (pid=80043) is multi-threaded, use of fork() may lead to deadlocks in the child.
[2025-07-07T14:35:52.265+0000] {standard_task_runner.py:63} INFO - Started process 80095 to run task
[2025-07-07T14:35:52.264+0000] {standard_task_runner.py:90} INFO - Running: ['***', 'tasks', 'run', 'fin_cotacoes_bcb_classic', 'transform_and_load', 'scheduled__2025-06-07T00:00:00+00:00', '--job-id', '2675', '--raw', '--subdir', 'DAGS_FOLDER/cotacoes.py', '--cfg-path', '/tmp/tmpedos6zbx']
[2025-07-07T14:35:52.269+0000] {standard_task_runner.py:91} INFO - Job 2675: Subtask transform_and_load
[2025-07-07T14:35:52.351+0000] {task_command.py:426} INFO - Running <TaskInstance: fin_cotacoes_bcb_classic.transform_and_load scheduled__2025-06-07T00:00:00+00:00 [running]> on host bc96ca91d307
[2025-07-07T14:35:52.493+0000] {taskinstance.py:2648} INFO - Exporting env vars: AIRFLOW_CTX_DAG_OWNER='***' AIRFLOW_CTX_DAG_ID='fin_cotacoes_bcb_classic' AIRFLOW_CTX_TASK_ID='transform_and_load' AIRFLOW_CTX_EXECUTION_DATE='2025-06-07T00:00:00+00:00' AIRFLOW_CTX_TRY_NUMBER='1' AIRFLOW_CTX_DAG_RUN_ID='scheduled__2025-06-07T00:00:00+00:00'
[2025-07-07T14:35:52.497+0000] {taskinstance.py:430} INFO - ::endgroup::
[2025-07-07T14:35:52.520+0000] {cotacoes.py:91} WARNING - Nenhum dado recebido da tarefa de extração. Pulando transformação e carga.
[2025-07-07T14:35:52.520+0000] {python.py:237} INFO - Done. Returned value was: None
[2025-07-07T14:35:52.520+0000] {taskinstance.py:441} INFO - ::group::Post task execution logs
[2025-07-07T14:35:52.531+0000] {taskinstance.py:1206} INFO - Marking task as SUCCESS. dag_id=fin_cotacoes_bcb_classic, task_id=transform_and_load, run_id=scheduled__2025-06-07T00:00:00+00:00, execution_date=20250607T000000, start_date=20250707T143552, end_date=20250707T143552
[2025-07-07T14:35:52.564+0000] {local_task_job_runner.py:240} INFO - Task exited with return code 0
[2025-07-07T14:35:52.586+0000] {taskinstance.py:3503} INFO - 0 downstream tasks scheduled from follow-on schedule check
[2025-07-07T14:35:52.588+0000] {local_task_job_runner.py:222} INFO - ::endgroup::
[2025-07-07T15:13:09.758+0000] {local_task_job_runner.py:120} INFO - ::group::Pre task execution logs
[2025-07-07T15:13:09.893+0000] {taskinstance.py:2076} INFO - Dependencies all met for dep_context=non-requeueable deps ti=<TaskInstance: fin_cotacoes_bcb_classic.transform_and_load scheduled__2025-06-07T00:00:00+00:00 [queued]>
[2025-07-07T15:13:09.941+0000] {taskinstance.py:2076} INFO - Dependencies all met for dep_context=requeueable deps ti=<TaskInstance: fin_cotacoes_bcb_classic.transform_and_load scheduled__2025-06-07T00:00:00+00:00 [queued]>
[2025-07-07T15:13:09.942+0000] {taskinstance.py:2306} INFO - Starting attempt 1 of 2
[2025-07-07T15:13:09.995+0000] {taskinstance.py:2330} INFO - Executing <Task(PythonOperator): transform_and_load> on 2025-06-07 00:00:00+00:00
[2025-07-07T15:13:10.029+0000] {logging_mixin.py:188} WARNING - /home/***/.local/lib/python3.12/site-packages/***/task/task_runner/standard_task_runner.py:61 DeprecationWarning: This process (pid=104696) is multi-threaded, use of fork() may lead to deadlocks in the child.
[2025-07-07T15:13:10.030+0000] {standard_task_runner.py:63} INFO - Started process 104746 to run task
[2025-07-07T15:13:10.023+0000] {standard_task_runner.py:90} INFO - Running: ['***', 'tasks', 'run', 'fin_cotacoes_bcb_classic', 'transform_and_load', 'scheduled__2025-06-07T00:00:00+00:00', '--job-id', '4348', '--raw', '--subdir', 'DAGS_FOLDER/cotacoes.py', '--cfg-path', '/tmp/tmp84xceyu3']
[2025-07-07T15:13:10.031+0000] {standard_task_runner.py:91} INFO - Job 4348: Subtask transform_and_load
[2025-07-07T15:13:10.138+0000] {task_command.py:426} INFO - Running <TaskInstance: fin_cotacoes_bcb_classic.transform_and_load scheduled__2025-06-07T00:00:00+00:00 [running]> on host bc96ca91d307
[2025-07-07T15:13:10.502+0000] {taskinstance.py:2648} INFO - Exporting env vars: AIRFLOW_CTX_DAG_OWNER='***' AIRFLOW_CTX_DAG_ID='fin_cotacoes_bcb_classic' AIRFLOW_CTX_TASK_ID='transform_and_load' AIRFLOW_CTX_EXECUTION_DATE='2025-06-07T00:00:00+00:00' AIRFLOW_CTX_TRY_NUMBER='1' AIRFLOW_CTX_DAG_RUN_ID='scheduled__2025-06-07T00:00:00+00:00'
[2025-07-07T15:13:10.504+0000] {taskinstance.py:430} INFO - ::endgroup::
[2025-07-07T15:13:10.547+0000] {cotacoes.py:91} WARNING - Nenhum dado recebido da tarefa de extração. Pulando transformação e carga.
[2025-07-07T15:13:10.547+0000] {python.py:237} INFO - Done. Returned value was: None
[2025-07-07T15:13:10.547+0000] {taskinstance.py:441} INFO - ::group::Post task execution logs
[2025-07-07T15:13:10.570+0000] {taskinstance.py:1206} INFO - Marking task as SUCCESS. dag_id=fin_cotacoes_bcb_classic, task_id=transform_and_load, run_id=scheduled__2025-06-07T00:00:00+00:00, execution_date=20250607T000000, start_date=20250707T151309, end_date=20250707T151310
[2025-07-07T15:13:10.632+0000] {local_task_job_runner.py:240} INFO - Task exited with return code 0
[2025-07-07T15:13:10.731+0000] {taskinstance.py:3503} INFO - 0 downstream tasks scheduled from follow-on schedule check
[2025-07-07T15:13:10.747+0000] {local_task_job_runner.py:222} INFO - ::endgroup::
