[2025-07-07T14:35:24.421+0000] {local_task_job_runner.py:120} INFO - ::group::Pre task execution logs
[2025-07-07T14:35:24.497+0000] {taskinstance.py:2076} INFO - Dependencies all met for dep_context=non-requeueable deps ti=<TaskInstance: fin_cotacoes_bcb_classic.create_table_postgres scheduled__2025-05-18T00:00:00+00:00 [queued]>
[2025-07-07T14:35:24.513+0000] {taskinstance.py:2076} INFO - Dependencies all met for dep_context=requeueable deps ti=<TaskInstance: fin_cotacoes_bcb_classic.create_table_postgres scheduled__2025-05-18T00:00:00+00:00 [queued]>
[2025-07-07T14:35:24.515+0000] {taskinstance.py:2306} INFO - Starting attempt 1 of 2
[2025-07-07T14:35:24.558+0000] {taskinstance.py:2330} INFO - Executing <Task(SQLExecuteQueryOperator): create_table_postgres> on 2025-05-18 00:00:00+00:00
[2025-07-07T14:35:24.580+0000] {standard_task_runner.py:90} INFO - Running: ['***', 'tasks', 'run', 'fin_cotacoes_bcb_classic', 'create_table_postgres', 'scheduled__2025-05-18T00:00:00+00:00', '--job-id', '2595', '--raw', '--subdir', 'DAGS_FOLDER/cotacoes.py', '--cfg-path', '/tmp/tmpt8od7ciq']
[2025-07-07T14:35:24.581+0000] {standard_task_runner.py:91} INFO - Job 2595: Subtask create_table_postgres
[2025-07-07T14:35:24.582+0000] {logging_mixin.py:188} WARNING - /home/***/.local/lib/python3.12/site-packages/***/task/task_runner/standard_task_runner.py:61 DeprecationWarning: This process (pid=79582) is multi-threaded, use of fork() may lead to deadlocks in the child.
[2025-07-07T14:35:24.583+0000] {standard_task_runner.py:63} INFO - Started process 79619 to run task
[2025-07-07T14:35:24.681+0000] {task_command.py:426} INFO - Running <TaskInstance: fin_cotacoes_bcb_classic.create_table_postgres scheduled__2025-05-18T00:00:00+00:00 [running]> on host bc96ca91d307
[2025-07-07T14:35:24.876+0000] {taskinstance.py:2648} INFO - Exporting env vars: AIRFLOW_CTX_DAG_OWNER='***' AIRFLOW_CTX_DAG_ID='fin_cotacoes_bcb_classic' AIRFLOW_CTX_TASK_ID='create_table_postgres' AIRFLOW_CTX_EXECUTION_DATE='2025-05-18T00:00:00+00:00' AIRFLOW_CTX_TRY_NUMBER='1' AIRFLOW_CTX_DAG_RUN_ID='scheduled__2025-05-18T00:00:00+00:00'
[2025-07-07T14:35:24.878+0000] {taskinstance.py:430} INFO - ::endgroup::
[2025-07-07T14:35:24.882+0000] {sql.py:276} INFO - Executing: 
CREATE TABLE IF NOT EXISTS cotacoes (
    dt_fechamento DATE,
    cod_moeda TEXT,
    tipo_moeda TEXT,
    desc_moeda TEXT,
    taxa_compra REAL,
    taxa_venda REAL,
    paridade_compra REAL,
    paridade_venda REAL,
    data_processamento TIMESTAMP,
    CONSTRAINT table_pk PRIMARY KEY (dt_fechamento, cod_moeda)
);
[2025-07-07T14:35:24.895+0000] {base.py:84} INFO - Using connection ID '***-postgres' for task execution.
[2025-07-07T14:35:24.913+0000] {base.py:84} INFO - Using connection ID '***-postgres' for task execution.
[2025-07-07T14:35:24.920+0000] {sql.py:487} INFO - Running statement: 
CREATE TABLE IF NOT EXISTS cotacoes (
    dt_fechamento DATE,
    cod_moeda TEXT,
    tipo_moeda TEXT,
    desc_moeda TEXT,
    taxa_compra REAL,
    taxa_venda REAL,
    paridade_compra REAL,
    paridade_venda REAL,
    data_processamento TIMESTAMP,
    CONSTRAINT table_pk PRIMARY KEY (dt_fechamento, cod_moeda)
);, parameters: None
[2025-07-07T14:35:24.921+0000] {taskinstance.py:441} INFO - ::group::Post task execution logs
[2025-07-07T14:35:24.942+0000] {taskinstance.py:1206} INFO - Marking task as SUCCESS. dag_id=fin_cotacoes_bcb_classic, task_id=create_table_postgres, run_id=scheduled__2025-05-18T00:00:00+00:00, execution_date=20250518T000000, start_date=20250707T143524, end_date=20250707T143524
[2025-07-07T14:35:25.006+0000] {local_task_job_runner.py:240} INFO - Task exited with return code 0
[2025-07-07T14:35:25.054+0000] {taskinstance.py:3503} INFO - 0 downstream tasks scheduled from follow-on schedule check
[2025-07-07T14:35:25.061+0000] {local_task_job_runner.py:222} INFO - ::endgroup::
[2025-07-07T15:12:43.824+0000] {local_task_job_runner.py:120} INFO - ::group::Pre task execution logs
[2025-07-07T15:12:43.959+0000] {taskinstance.py:2076} INFO - Dependencies all met for dep_context=non-requeueable deps ti=<TaskInstance: fin_cotacoes_bcb_classic.create_table_postgres scheduled__2025-05-18T00:00:00+00:00 [queued]>
[2025-07-07T15:12:43.978+0000] {taskinstance.py:2076} INFO - Dependencies all met for dep_context=requeueable deps ti=<TaskInstance: fin_cotacoes_bcb_classic.create_table_postgres scheduled__2025-05-18T00:00:00+00:00 [queued]>
[2025-07-07T15:12:43.978+0000] {taskinstance.py:2306} INFO - Starting attempt 1 of 2
[2025-07-07T15:12:44.012+0000] {taskinstance.py:2330} INFO - Executing <Task(SQLExecuteQueryOperator): create_table_postgres> on 2025-05-18 00:00:00+00:00
[2025-07-07T15:12:44.036+0000] {logging_mixin.py:188} WARNING - /home/***/.local/lib/python3.12/site-packages/***/task/task_runner/standard_task_runner.py:61 DeprecationWarning: This process (pid=104242) is multi-threaded, use of fork() may lead to deadlocks in the child.
[2025-07-07T15:12:44.037+0000] {standard_task_runner.py:63} INFO - Started process 104308 to run task
[2025-07-07T15:12:44.043+0000] {standard_task_runner.py:90} INFO - Running: ['***', 'tasks', 'run', 'fin_cotacoes_bcb_classic', 'create_table_postgres', 'scheduled__2025-05-18T00:00:00+00:00', '--job-id', '4275', '--raw', '--subdir', 'DAGS_FOLDER/cotacoes.py', '--cfg-path', '/tmp/tmp1lv7q4qk']
[2025-07-07T15:12:44.050+0000] {standard_task_runner.py:91} INFO - Job 4275: Subtask create_table_postgres
[2025-07-07T15:12:44.195+0000] {task_command.py:426} INFO - Running <TaskInstance: fin_cotacoes_bcb_classic.create_table_postgres scheduled__2025-05-18T00:00:00+00:00 [running]> on host bc96ca91d307
[2025-07-07T15:12:44.580+0000] {taskinstance.py:2648} INFO - Exporting env vars: AIRFLOW_CTX_DAG_OWNER='***' AIRFLOW_CTX_DAG_ID='fin_cotacoes_bcb_classic' AIRFLOW_CTX_TASK_ID='create_table_postgres' AIRFLOW_CTX_EXECUTION_DATE='2025-05-18T00:00:00+00:00' AIRFLOW_CTX_TRY_NUMBER='1' AIRFLOW_CTX_DAG_RUN_ID='scheduled__2025-05-18T00:00:00+00:00'
[2025-07-07T15:12:44.582+0000] {taskinstance.py:430} INFO - ::endgroup::
[2025-07-07T15:12:44.582+0000] {sql.py:276} INFO - Executing: 
CREATE TABLE IF NOT EXISTS cotacoes (
    dt_fechamento DATE,
    cod_moeda TEXT,
    tipo_moeda TEXT,
    desc_moeda TEXT,
    taxa_compra REAL,
    taxa_venda REAL,
    paridade_compra REAL,
    paridade_venda REAL,
    data_processamento TIMESTAMP,
    CONSTRAINT table_pk PRIMARY KEY (dt_fechamento, cod_moeda)
);
[2025-07-07T15:12:44.614+0000] {base.py:84} INFO - Using connection ID '***-postgres' for task execution.
[2025-07-07T15:12:44.643+0000] {base.py:84} INFO - Using connection ID '***-postgres' for task execution.
[2025-07-07T15:12:44.650+0000] {sql.py:487} INFO - Running statement: 
CREATE TABLE IF NOT EXISTS cotacoes (
    dt_fechamento DATE,
    cod_moeda TEXT,
    tipo_moeda TEXT,
    desc_moeda TEXT,
    taxa_compra REAL,
    taxa_venda REAL,
    paridade_compra REAL,
    paridade_venda REAL,
    data_processamento TIMESTAMP,
    CONSTRAINT table_pk PRIMARY KEY (dt_fechamento, cod_moeda)
);, parameters: None
[2025-07-07T15:12:44.658+0000] {taskinstance.py:441} INFO - ::group::Post task execution logs
[2025-07-07T15:12:44.678+0000] {taskinstance.py:1206} INFO - Marking task as SUCCESS. dag_id=fin_cotacoes_bcb_classic, task_id=create_table_postgres, run_id=scheduled__2025-05-18T00:00:00+00:00, execution_date=20250518T000000, start_date=20250707T151243, end_date=20250707T151244
[2025-07-07T15:12:44.785+0000] {local_task_job_runner.py:240} INFO - Task exited with return code 0
[2025-07-07T15:12:44.806+0000] {local_task_job_runner.py:222} INFO - ::endgroup::
