[2025-07-07T14:35:50.024+0000] {local_task_job_runner.py:120} INFO - ::group::Pre task execution logs
[2025-07-07T14:35:50.128+0000] {taskinstance.py:2076} INFO - Dependencies all met for dep_context=non-requeueable deps ti=<TaskInstance: fin_cotacoes_bcb_classic.transform_and_load scheduled__2025-06-01T00:00:00+00:00 [queued]>
[2025-07-07T14:35:50.165+0000] {taskinstance.py:2076} INFO - Dependencies all met for dep_context=requeueable deps ti=<TaskInstance: fin_cotacoes_bcb_classic.transform_and_load scheduled__2025-06-01T00:00:00+00:00 [queued]>
[2025-07-07T14:35:50.166+0000] {taskinstance.py:2306} INFO - Starting attempt 1 of 2
[2025-07-07T14:35:50.216+0000] {taskinstance.py:2330} INFO - Executing <Task(PythonOperator): transform_and_load> on 2025-06-01 00:00:00+00:00
[2025-07-07T14:35:50.245+0000] {logging_mixin.py:188} WARNING - /home/***/.local/lib/python3.12/site-packages/***/task/task_runner/standard_task_runner.py:61 DeprecationWarning: This process (pid=80017) is multi-threaded, use of fork() may lead to deadlocks in the child.
[2025-07-07T14:35:50.249+0000] {standard_task_runner.py:63} INFO - Started process 80069 to run task
[2025-07-07T14:35:50.243+0000] {standard_task_runner.py:90} INFO - Running: ['***', 'tasks', 'run', 'fin_cotacoes_bcb_classic', 'transform_and_load', 'scheduled__2025-06-01T00:00:00+00:00', '--job-id', '2664', '--raw', '--subdir', 'DAGS_FOLDER/cotacoes.py', '--cfg-path', '/tmp/tmpj7gtbszm']
[2025-07-07T14:35:50.258+0000] {standard_task_runner.py:91} INFO - Job 2664: Subtask transform_and_load
[2025-07-07T14:35:50.429+0000] {task_command.py:426} INFO - Running <TaskInstance: fin_cotacoes_bcb_classic.transform_and_load scheduled__2025-06-01T00:00:00+00:00 [running]> on host bc96ca91d307
[2025-07-07T14:35:50.759+0000] {taskinstance.py:2648} INFO - Exporting env vars: AIRFLOW_CTX_DAG_OWNER='***' AIRFLOW_CTX_DAG_ID='fin_cotacoes_bcb_classic' AIRFLOW_CTX_TASK_ID='transform_and_load' AIRFLOW_CTX_EXECUTION_DATE='2025-06-01T00:00:00+00:00' AIRFLOW_CTX_TRY_NUMBER='1' AIRFLOW_CTX_DAG_RUN_ID='scheduled__2025-06-01T00:00:00+00:00'
[2025-07-07T14:35:50.760+0000] {taskinstance.py:430} INFO - ::endgroup::
[2025-07-07T14:35:50.786+0000] {cotacoes.py:91} WARNING - Nenhum dado recebido da tarefa de extração. Pulando transformação e carga.
[2025-07-07T14:35:50.786+0000] {python.py:237} INFO - Done. Returned value was: None
[2025-07-07T14:35:50.786+0000] {taskinstance.py:441} INFO - ::group::Post task execution logs
[2025-07-07T14:35:50.821+0000] {taskinstance.py:1206} INFO - Marking task as SUCCESS. dag_id=fin_cotacoes_bcb_classic, task_id=transform_and_load, run_id=scheduled__2025-06-01T00:00:00+00:00, execution_date=20250601T000000, start_date=20250707T143550, end_date=20250707T143550
[2025-07-07T14:35:50.867+0000] {local_task_job_runner.py:240} INFO - Task exited with return code 0
[2025-07-07T14:35:50.928+0000] {taskinstance.py:3503} INFO - 0 downstream tasks scheduled from follow-on schedule check
[2025-07-07T14:35:50.932+0000] {local_task_job_runner.py:222} INFO - ::endgroup::
[2025-07-07T15:13:04.267+0000] {local_task_job_runner.py:120} INFO - ::group::Pre task execution logs
[2025-07-07T15:13:04.366+0000] {taskinstance.py:2076} INFO - Dependencies all met for dep_context=non-requeueable deps ti=<TaskInstance: fin_cotacoes_bcb_classic.transform_and_load scheduled__2025-06-01T00:00:00+00:00 [queued]>
[2025-07-07T15:13:04.396+0000] {taskinstance.py:2076} INFO - Dependencies all met for dep_context=requeueable deps ti=<TaskInstance: fin_cotacoes_bcb_classic.transform_and_load scheduled__2025-06-01T00:00:00+00:00 [queued]>
[2025-07-07T15:13:04.398+0000] {taskinstance.py:2306} INFO - Starting attempt 1 of 2
[2025-07-07T15:13:04.446+0000] {taskinstance.py:2330} INFO - Executing <Task(PythonOperator): transform_and_load> on 2025-06-01 00:00:00+00:00
[2025-07-07T15:13:04.522+0000] {logging_mixin.py:188} WARNING - /home/***/.local/lib/python3.12/site-packages/***/task/task_runner/standard_task_runner.py:61 DeprecationWarning: This process (pid=104552) is multi-threaded, use of fork() may lead to deadlocks in the child.
[2025-07-07T15:13:04.523+0000] {standard_task_runner.py:63} INFO - Started process 104598 to run task
[2025-07-07T15:13:04.475+0000] {standard_task_runner.py:90} INFO - Running: ['***', 'tasks', 'run', 'fin_cotacoes_bcb_classic', 'transform_and_load', 'scheduled__2025-06-01T00:00:00+00:00', '--job-id', '4333', '--raw', '--subdir', 'DAGS_FOLDER/cotacoes.py', '--cfg-path', '/tmp/tmp9qrdypt7']
[2025-07-07T15:13:04.530+0000] {standard_task_runner.py:91} INFO - Job 4333: Subtask transform_and_load
[2025-07-07T15:13:04.658+0000] {task_command.py:426} INFO - Running <TaskInstance: fin_cotacoes_bcb_classic.transform_and_load scheduled__2025-06-01T00:00:00+00:00 [running]> on host bc96ca91d307
[2025-07-07T15:13:05.044+0000] {taskinstance.py:2648} INFO - Exporting env vars: AIRFLOW_CTX_DAG_OWNER='***' AIRFLOW_CTX_DAG_ID='fin_cotacoes_bcb_classic' AIRFLOW_CTX_TASK_ID='transform_and_load' AIRFLOW_CTX_EXECUTION_DATE='2025-06-01T00:00:00+00:00' AIRFLOW_CTX_TRY_NUMBER='1' AIRFLOW_CTX_DAG_RUN_ID='scheduled__2025-06-01T00:00:00+00:00'
[2025-07-07T15:13:05.045+0000] {taskinstance.py:430} INFO - ::endgroup::
[2025-07-07T15:13:05.076+0000] {cotacoes.py:91} WARNING - Nenhum dado recebido da tarefa de extração. Pulando transformação e carga.
[2025-07-07T15:13:05.076+0000] {python.py:237} INFO - Done. Returned value was: None
[2025-07-07T15:13:05.076+0000] {taskinstance.py:441} INFO - ::group::Post task execution logs
[2025-07-07T15:13:05.090+0000] {taskinstance.py:1206} INFO - Marking task as SUCCESS. dag_id=fin_cotacoes_bcb_classic, task_id=transform_and_load, run_id=scheduled__2025-06-01T00:00:00+00:00, execution_date=20250601T000000, start_date=20250707T151304, end_date=20250707T151305
[2025-07-07T15:13:05.155+0000] {local_task_job_runner.py:240} INFO - Task exited with return code 0
[2025-07-07T15:13:05.199+0000] {local_task_job_runner.py:222} INFO - ::endgroup::
