[2025-07-06T19:07:56.510+0000] {local_task_job_runner.py:120} INFO - ::group::Pre task execution logs
[2025-07-06T19:07:56.595+0000] {taskinstance.py:2076} INFO - Dependencies all met for dep_context=non-requeueable deps ti=<TaskInstance: fin_cotacoes_bcb_classic.extract scheduled__2024-08-24T00:00:00+00:00 [queued]>
[2025-07-06T19:07:56.622+0000] {taskinstance.py:2076} INFO - Dependencies all met for dep_context=requeueable deps ti=<TaskInstance: fin_cotacoes_bcb_classic.extract scheduled__2024-08-24T00:00:00+00:00 [queued]>
[2025-07-06T19:07:56.622+0000] {taskinstance.py:2306} INFO - Starting attempt 1 of 2
[2025-07-06T19:07:56.663+0000] {taskinstance.py:2330} INFO - Executing <Task(PythonOperator): extract> on 2024-08-24 00:00:00+00:00
[2025-07-06T19:07:56.686+0000] {logging_mixin.py:188} WARNING - /home/***/.local/lib/python3.12/site-packages/***/task/task_runner/standard_task_runner.py:61 DeprecationWarning: This process (pid=11395) is multi-threaded, use of fork() may lead to deadlocks in the child.
[2025-07-06T19:07:56.687+0000] {standard_task_runner.py:63} INFO - Started process 11424 to run task
[2025-07-06T19:07:56.684+0000] {standard_task_runner.py:90} INFO - Running: ['***', 'tasks', 'run', 'fin_cotacoes_bcb_classic', 'extract', 'scheduled__2024-08-24T00:00:00+00:00', '--job-id', '842', '--raw', '--subdir', 'DAGS_FOLDER/cotacoes.py', '--cfg-path', '/tmp/tmp9w1mo8xp']
[2025-07-06T19:07:56.689+0000] {standard_task_runner.py:91} INFO - Job 842: Subtask extract
[2025-07-06T19:07:56.791+0000] {task_command.py:426} INFO - Running <TaskInstance: fin_cotacoes_bcb_classic.extract scheduled__2024-08-24T00:00:00+00:00 [running]> on host 20adb53d65c4
[2025-07-06T19:07:57.005+0000] {taskinstance.py:2648} INFO - Exporting env vars: AIRFLOW_CTX_DAG_OWNER='***' AIRFLOW_CTX_DAG_ID='fin_cotacoes_bcb_classic' AIRFLOW_CTX_TASK_ID='extract' AIRFLOW_CTX_EXECUTION_DATE='2024-08-24T00:00:00+00:00' AIRFLOW_CTX_TRY_NUMBER='1' AIRFLOW_CTX_DAG_RUN_ID='scheduled__2024-08-24T00:00:00+00:00'
[2025-07-06T19:07:57.011+0000] {taskinstance.py:430} INFO - ::endgroup::
[2025-07-06T19:07:57.012+0000] {cotacoes.py:37} INFO - Iniciando extração da URL: https://www4.bcb.gov.br/Download/fechamento/20240824.csv
[2025-07-06T19:07:57.388+0000] {cotacoes.py:46} ERROR - Erro ao acessar a URL: 404 Client Error: Not Found for url: https://www4.bcb.gov.br/Download/fechamento/20240824.csv
[2025-07-06T19:07:57.389+0000] {python.py:237} INFO - Done. Returned value was: None
[2025-07-06T19:07:57.401+0000] {taskinstance.py:441} INFO - ::group::Post task execution logs
[2025-07-06T19:07:57.421+0000] {taskinstance.py:1206} INFO - Marking task as SUCCESS. dag_id=fin_cotacoes_bcb_classic, task_id=extract, run_id=scheduled__2024-08-24T00:00:00+00:00, execution_date=20240824T000000, start_date=20250706T190756, end_date=20250706T190757
[2025-07-06T19:07:57.480+0000] {local_task_job_runner.py:240} INFO - Task exited with return code 0
[2025-07-06T19:07:57.525+0000] {local_task_job_runner.py:222} INFO - ::endgroup::
[2025-07-07T15:07:34.182+0000] {local_task_job_runner.py:120} INFO - ::group::Pre task execution logs
[2025-07-07T15:07:34.299+0000] {taskinstance.py:2076} INFO - Dependencies all met for dep_context=non-requeueable deps ti=<TaskInstance: fin_cotacoes_bcb_classic.extract scheduled__2024-08-24T00:00:00+00:00 [queued]>
[2025-07-07T15:07:34.343+0000] {taskinstance.py:2076} INFO - Dependencies all met for dep_context=requeueable deps ti=<TaskInstance: fin_cotacoes_bcb_classic.extract scheduled__2024-08-24T00:00:00+00:00 [queued]>
[2025-07-07T15:07:34.344+0000] {taskinstance.py:2306} INFO - Starting attempt 1 of 2
[2025-07-07T15:07:34.446+0000] {taskinstance.py:2330} INFO - Executing <Task(PythonOperator): extract> on 2024-08-24 00:00:00+00:00
[2025-07-07T15:07:34.492+0000] {standard_task_runner.py:90} INFO - Running: ['***', 'tasks', 'run', 'fin_cotacoes_bcb_classic', 'extract', 'scheduled__2024-08-24T00:00:00+00:00', '--job-id', '3475', '--raw', '--subdir', 'DAGS_FOLDER/cotacoes.py', '--cfg-path', '/tmp/tmp0e74g6zc']
[2025-07-07T15:07:34.503+0000] {standard_task_runner.py:91} INFO - Job 3475: Subtask extract
[2025-07-07T15:07:34.509+0000] {logging_mixin.py:188} WARNING - /home/***/.local/lib/python3.12/site-packages/***/task/task_runner/standard_task_runner.py:61 DeprecationWarning: This process (pid=99146) is multi-threaded, use of fork() may lead to deadlocks in the child.
[2025-07-07T15:07:34.510+0000] {standard_task_runner.py:63} INFO - Started process 99232 to run task
[2025-07-07T15:07:34.697+0000] {task_command.py:426} INFO - Running <TaskInstance: fin_cotacoes_bcb_classic.extract scheduled__2024-08-24T00:00:00+00:00 [running]> on host bc96ca91d307
[2025-07-07T15:07:34.907+0000] {taskinstance.py:2648} INFO - Exporting env vars: AIRFLOW_CTX_DAG_OWNER='***' AIRFLOW_CTX_DAG_ID='fin_cotacoes_bcb_classic' AIRFLOW_CTX_TASK_ID='extract' AIRFLOW_CTX_EXECUTION_DATE='2024-08-24T00:00:00+00:00' AIRFLOW_CTX_TRY_NUMBER='1' AIRFLOW_CTX_DAG_RUN_ID='scheduled__2024-08-24T00:00:00+00:00'
[2025-07-07T15:07:34.908+0000] {taskinstance.py:430} INFO - ::endgroup::
[2025-07-07T15:07:34.909+0000] {cotacoes.py:35} INFO - Iniciando extração da URL: https://www4.bcb.gov.br/Download/fechamento/20240824.csv
[2025-07-07T15:07:35.215+0000] {cotacoes.py:46} WARNING - Não foi possível extrair dados da URL (pode ser um dia sem cotação): 404 Client Error: Not Found for url: https://www4.bcb.gov.br/Download/fechamento/20240824.csv
[2025-07-07T15:07:35.217+0000] {python.py:237} INFO - Done. Returned value was: None
[2025-07-07T15:07:35.222+0000] {taskinstance.py:441} INFO - ::group::Post task execution logs
[2025-07-07T15:07:35.247+0000] {taskinstance.py:1206} INFO - Marking task as SUCCESS. dag_id=fin_cotacoes_bcb_classic, task_id=extract, run_id=scheduled__2024-08-24T00:00:00+00:00, execution_date=20240824T000000, start_date=20250707T150734, end_date=20250707T150735
[2025-07-07T15:07:35.337+0000] {local_task_job_runner.py:240} INFO - Task exited with return code 0
[2025-07-07T15:07:35.386+0000] {local_task_job_runner.py:222} INFO - ::endgroup::
