[2025-07-05T19:28:43.454+0000] {local_task_job_runner.py:120} INFO - ::group::Pre task execution logs
[2025-07-05T19:28:43.508+0000] {taskinstance.py:2076} INFO - Dependencies all met for dep_context=non-requeueable deps ti=<TaskInstance: fin_cotacoes_bcb_classic.extract scheduled__2024-01-02T00:00:00+00:00 [queued]>
[2025-07-05T19:28:43.518+0000] {taskinstance.py:2076} INFO - Dependencies all met for dep_context=requeueable deps ti=<TaskInstance: fin_cotacoes_bcb_classic.extract scheduled__2024-01-02T00:00:00+00:00 [queued]>
[2025-07-05T19:28:43.519+0000] {taskinstance.py:2306} INFO - Starting attempt 1 of 2
[2025-07-05T19:28:43.541+0000] {taskinstance.py:2330} INFO - Executing <Task(PythonOperator): extract> on 2024-01-02 00:00:00+00:00
[2025-07-05T19:28:43.557+0000] {standard_task_runner.py:90} INFO - Running: ['***', 'tasks', 'run', 'fin_cotacoes_bcb_classic', 'extract', 'scheduled__2024-01-02T00:00:00+00:00', '--job-id', '146', '--raw', '--subdir', 'DAGS_FOLDER/cotacoes.py', '--cfg-path', '/tmp/tmpsq168u2p']
[2025-07-05T19:28:43.560+0000] {standard_task_runner.py:91} INFO - Job 146: Subtask extract
[2025-07-05T19:28:43.572+0000] {logging_mixin.py:188} WARNING - /home/***/.local/lib/python3.12/site-packages/***/task/task_runner/standard_task_runner.py:61 DeprecationWarning: This process (pid=1270) is multi-threaded, use of fork() may lead to deadlocks in the child.
[2025-07-05T19:28:43.573+0000] {standard_task_runner.py:63} INFO - Started process 1294 to run task
[2025-07-05T19:28:43.667+0000] {task_command.py:426} INFO - Running <TaskInstance: fin_cotacoes_bcb_classic.extract scheduled__2024-01-02T00:00:00+00:00 [running]> on host 20adb53d65c4
[2025-07-05T19:28:43.835+0000] {taskinstance.py:2648} INFO - Exporting env vars: AIRFLOW_CTX_DAG_OWNER='***' AIRFLOW_CTX_DAG_ID='fin_cotacoes_bcb_classic' AIRFLOW_CTX_TASK_ID='extract' AIRFLOW_CTX_EXECUTION_DATE='2024-01-02T00:00:00+00:00' AIRFLOW_CTX_TRY_NUMBER='1' AIRFLOW_CTX_DAG_RUN_ID='scheduled__2024-01-02T00:00:00+00:00'
[2025-07-05T19:28:43.836+0000] {taskinstance.py:430} INFO - ::endgroup::
[2025-07-05T19:28:43.837+0000] {cotacoes.py:32} WARNING - https://www4.bcb.gov.br/Download/fechamento/20240102.csv
[2025-07-05T19:28:44.143+0000] {python.py:237} INFO - Done. Returned value was: 02/01/2024;005;A;AFN;0,06970000;0,06991000;69,97000000;70,17000000
02/01/2024;009;A;ETB;0,08577000;0,08731000;56,02550000;57,02550000
02/01/2024;015;A;THB;0,14250000;0,14270000;34,29000000;34,32000000
02/01/2024;020;A;PAB;4,89100000;4,89160000;1,00000000;1,00000000
02/01/2024;027;A;VES;0,13600000;0,13640000;35,86940000;35,95930000
02/01/2024;030;A;BOB;0,69770000;0,71310000;6,86000000;7,01000000
02/01/2024;035;A;GHS;0,40690000;0,41040000;11,92000000;12,02000000
02/01/2024;040;A;CRC;0,00940600;0,00942100;519,22000000;520,00000000
02/01/2024;045;A;SVC;0,55830000;0,55910000;8,74980000;8,75980000
02/01/2024;051;A;NIO;0,13220000;0,13510000;36,20000000;37,00000000
02/01/2024;055;A;DKK;0,71790000;0,71810000;6,81190000;6,81250000
02/01/2024;060;A;ISK;0,03548000;0,03557000;137,53000000;137,85000000
02/01/2024;065;A;NOK;0,47360000;0,47380000;10,32450000;10,32750000
02/01/2024;070;A;SEK;0,47970000;0,47990000;10,19250000;10,19550000
02/01/2024;075;A;CZK;0,21730000;0,21740000;22,50300000;22,51300000
02/01/2024;090;A;GMD;0,07193000;0,07361000;66,45000000;68,00000000
02/01/2024;095;A;DZD;0,03624000;0,03640000;134,38390000;134,97390000
02/01/2024;100;A;KWD;15,90050000;15,90760000;0,30750000;0,30760000
02/01/2024;105;A;BHD;12,97350000;12,97510000;0,37700000;0,37700000
02/01/2024;115;A;IQD;0,00373100;0,00373700;1309,00000000;1311,00000000
02/01/2024;125;A;JOD;6,88870000;6,90120000;0,70880000;0,71000000
02/01/2024;130;A;LYD;1,02200000;1,02690000;4,76340000;4,78570000
02/01/2024;132;A;MKD;0,08683000;0,08716000;56,12000000;56,33000000
02/01/2024;133;A;RSD;0,04566000;0,04571000;107,02000000;107,12000000
02/01/2024;134;A;SDG;0,00812300;0,00816900;598,80020000;602,14120000
02/01/2024;135;A;TND;1,57580000;1,58620000;3,08380000;3,10380000
02/01/2024;136;A;SSP;0,00450600;0,00463500;1055,44970000;1085,44970000
02/01/2024;138;B;SDR;6,55000000;6,55080000;1,33920000;1,33920000
02/01/2024;139;A;MAD;0,49230000;0,49260000;9,93050000;9,93550000
02/01/2024;145;A;AED;1,33170000;1,33200000;3,67250000;3,67280000
02/01/2024;149;A;STN;0,21540000;0,21990000;22,24840000;22,70450000
02/01/2024;150;B;AUD;3,30970000;3,31110000;0,67670000;0,67690000
02/01/2024;155;A;BSD;4,89100000;4,89160000;1,00000000;1,00000000
02/01/2024;160;A;BMD;4,89100000;4,89160000;1,00000000;1,00000000
02/01/2024;165;A;CAD;3,67330000;3,67400000;1,33140000;1,33150000
02/01/2024;170;A;GYD;0,02324000;0,02352000;207,98000000;210,45000000
02/01/2024;173;A;NAD;0,26330000;0,26350000;18,56200000;18,57300000
02/01/2024;175;A;BBD;2,39740000;2,44810000;1,99810000;2,04010000
02/01/2024;180;A;BZD;2,40560000;2,44800000;1,99820000;2,03320000
02/01/2024;185;A;BND;3,68690000;3,68950000;1,32580000;1,32660000
02/01/2024;190;A;KYD;5,85750000;5,92920000;0,82500000;0,83500000
02/01/2024;195;A;SGD;3,68690000;3,68950000;1,32580000;1,32660000
02/01/2024;197;B;CLF;203,27000000;203,29490000;41,56000000;41,56000000
02/01/2024;200;B;FJD;2,18920000;2,22370000;0,44760000;0,45460000
02/01/2024;205;A;HKD;0,62580000;0,62590000;7,81530000;7,81540000
02/01/2024;210;A;TTD;0,71650000;0,72480000;6,74860000;6,82600000
02/01/2024;215;A;XCD;1,79820000;1,81170000;2,70000000;2,72000000
02/01/2024;220;A;USD;4,89100000;4,89160000;1,00000000;1,00000000
02/01/2024;230;A;JMD;0,03157000;0,03185000;153,59000000;154,95000000
02/01/2024;235;A;LRD;0,02508000;0,02588000;189,00000000;195,00000000
02/01/2024;245;B;NZD;3,06270000;3,06460000;0,62620000;0,62650000
02/01/2024;250;B;SBD;0,56880000;0,60310000;0,11630000;0,12330000
02/01/2024;255;A;SRD;0,13040000;0,13320000;36,72300000;37,50800000
02/01/2024;260;A;VND;0,00020090;0,00020110;24325,00000000;24345,00000000
02/01/2024;275;A;AMD;0,01205000;0,01211000;403,79000000;405,79000000
02/01/2024;295;A;CVE;0,04840000;0,04885000;100,13000000;101,05000000
02/01/2024;325;A;ANG;2,68740000;2,74120000;1,78450000;1,82000000
02/01/2024;328;A;AWG;2,65820000;2,74810000;1,78000000;1,84000000
02/01/2024;345;A;HUF;0,01403000;0,01404000;348,43000000;348,63000000
02/01/2024;363;A;CDF;0,00174700;0,00183900;2660,00000000;2800,00000000
02/01/2024;365;A;BIF;0,00170700;0,00172600;2833,51000000;2864,51000000
02/01/2024;368;A;KMF;0,01084000;0,01089000;449,04000000;451,04000000
02/01/2024;370;A;XAF;0,00781700;0,00816300;599,21000000;625,73000000
02/01/2024;372;A;XOF;0,00817200;0,00827000;591,50000000;598,50000000
02/01/2024;380;A;XPF;0,04487000;0,04528000;108,04000000;109,00000000
02/01/2024;390;A;DJF;0,02739000;0,02755000;177,55000000;178,55000000
02/01/2024;398;A;GNF;0,00056320;0,00057470;8511,00000000;8685,00000000
02/01/2024;406;A;MGA;0,00106300;0,00107600;4547,00000000;4600,00000000
02/01/2024;420;A;RWF;0,00385600;0,00390900;1251,42000000;1268,42000000
02/01/2024;425;A;CHF;5,76290000;5,76430000;0,84860000;0,84870000
02/01/2024;440;A;HTG;0,03693000;0,03726000;131,29750000;132,44140000
02/01/2024;450;A;PYG;0,00067190;0,00067370;7261,17000000;7278,96000000
02/01/2024;460;A;UAH;0,12820000;0,12840000;38,10000000;38,15000000
02/01/2024;470;A;JPY;0,03446000;0,03447000;141,92000000;141,93000000
02/01/2024;482;A;GEL;1,81160000;1,83560000;2,66480000;2,69980000
02/01/2024;490;A;ALL;0,05165000;0,05225000;93,62000000;94,69000000
02/01/2024;495;A;HNL;0,19780000;0,19870000;24,62100000;24,72100000
02/01/2024;500;A;SLL;0,00021310;0,00021520;22732,00000000;22957,00000000
02/01/2024;503;A;MDL;0,28190000;0,28360000;17,25000000;17,35000000
02/01/2024;506;A;RON;1,07670000;1,07720000;4,54100000;4,54250000
02/01/2024;510;A;BGN;2,73620000;2,73760000;1,78680000;1,78750000
02/01/2024;530;B;GIP;6,22530000;6,23090000;1,27280000;1,27380000
02/01/2024;535;A;EGP;0,15800000;0,15860000;30,85000000;30,95000000
02/01/2024;540;B;GBP;6,17490000;6,17610000;1,26250000;1,26260000
02/01/2024;545;B;FKP;6,22530000;6,23090000;1,27280000;1,27380000
02/01/2024;560;A;LBP;0,00032480;0,00032610;15000,00000000;15060,00000000
02/01/2024;570;B;SHP;6,17880000;6,18440000;1,26330000;1,26430000
02/01/2024;575;A;SYP;0,00037610;0,00037630;13000,00000000;13003,00000000
02/01/2024;585;A;SZL;0,26340000;0,26350000;18,56350000;18,57150000
02/01/2024;603;A;LSL;0,26330000;0,26360000;18,55750000;18,57750000
02/01/2024;608;A;TMT;1,39740000;1,40160000;3,49000000;3,50000000
02/01/2024;622;A;MZN;0,07590000;0,07735000;63,24000000;64,44000000
02/01/2024;625;A;ERN;0,32280000;0,32610000;15,00000000;15,15000000
02/01/2024;630;A;NGN;0,00552200;0,00553500;883,80000000;885,80000000
02/01/2024;635;A;AOA;0,00575400;0,00580800;842,20000000;850,00000000
02/01/2024;640;A;TWD;0,15810000;0,15820000;30,92500000;30,93500000
02/01/2024;642;A;TRY;0,16440000;0,16460000;29,72600000;29,75900000
02/01/2024;660;A;PEN;1,31120000;1,31860000;3,70970000;3,73030000
02/01/2024;665;A;BTN;0,05868000;0,05873000;83,29400000;83,34900000
02/01/2024;670;A;MRO;0,01362000;0,01374000;356,00000000;359,00000000
02/01/2024;671;A;MRU;0,12450000;0,12480000;39,18000000;39,30000000
02/01/2024;680;B;TOP;2,06110000;2,18360000;0,42140000;0,44640000
02/01/2024;685;A;MOP;0,60670000;0,60770000;8,05000000;8,06200000
02/01/2024;706;A;ARS;0,00603300;0,00603500;810,60000000;810,70000000
02/01/2024;715;A;CLP;0,00551900;0,00553500;883,83000000;886,23000000
02/01/2024;720;A;COP;0,00125600;0,00125900;3886,30000000;3893,00000000
02/01/2024;721;B;COU;0,45830000;0,45830000;0,09370000;0,09370000
02/01/2024;725;A;CUP;0,20380000;0,20380000;24,00000000;24,00000000
02/01/2024;730;A;DOP;0,08415000;0,08459000;57,83000000;58,12000000
02/01/2024;735;A;PHP;0,08786000;0,08790000;55,65000000;55,67000000
02/01/2024;741;A;MXN;0,28690000;0,28710000;17,03700000;17,04600000
02/01/2024;745;A;UYU;0,12520000;0,12540000;39,02000000;39,05000000
02/01/2024;755;B;BWP;0,36490000;0,36740000;0,07460000;0,07510000
02/01/2024;760;A;MWK;0,00287700;0,00293500;1666,74000000;1700,04000000
02/01/2024;766;A;ZMW;0,18980000;0,19010000;25,72570000;25,77530000
02/01/2024;770;A;GTQ;0,62460000;0,62590000;7,81500000;7,83000000
02/01/2024;775;A;MMK;0,00232200;0,00233600;2093,70000000;2106,30000000
02/01/2024;778;B;PGK;1,26820000;1,35640000;0,25930000;0,27730000
02/01/2024;780;A;LAK;0,00023730;0,00023890;20476,00000000;20610,00000000
02/01/2024;785;A;ZAR;0,26330000;0,26360000;18,56010000;18,57510000
02/01/2024;795;A;CNY;0,68450000;0,68480000;7,14260000;7,14560000
02/01/2024;796;A;CNH;0,68410000;0,68420000;7,14900000;7,14970000
02/01/2024;800;A;QAR;1,34150000;1,34270000;3,64300000;3,64600000
02/01/2024;805;A;OMR;12,70060000;12,70880000;0,38490000;0,38510000
02/01/2024;810;A;YER;0,01953000;0,01957000;249,98000000;250,48000000
02/01/2024;815;A;IRR;0,00011640;0,00011650;42000,00000000;42005,00000000
02/01/2024;820;A;SAR;1,30420000;1,30440000;3,75010000;3,75030000
02/01/2024;825;A;KHR;0,00119500;0,00120100;4072,00000000;4092,00000000
02/01/2024;828;A;MYR;1,06210000;1,06340000;4,60000000;4,60500000
02/01/2024;830;A;RUB;0,05339000;0,05384000;90,85900000;91,60100000
02/01/2024;831;A;BYN;1,47850000;1,48410000;3,29610000;3,30810000
02/01/2024;835;A;TJS;0,44630000;0,44750000;10,93000000;10,96000000
02/01/2024;840;A;MUR;0,11070000;0,11150000;43,87000000;44,17000000
02/01/2024;845;A;NPR;0,03669000;0,03669000;133,31000000;133,32000000
02/01/2024;850;A;SCR;0,33310000;0,35110000;13,93130000;14,68160000
02/01/2024;855;A;LKR;0,01519000;0,01521000;321,50000000;322,00000000
02/01/2024;860;A;INR;0,05870000;0,05875000;83,26100000;83,31600000
02/01/2024;865;A;IDR;0,00031610;0,00031630;15465,00000000;15475,00000000
02/01/2024;870;A;MVR;0,31550000;0,31720000;15,42000000;15,50000000
02/01/2024;875;A;PKR;0,01744000;0,01769000;276,50000000;280,50000000
02/01/2024;880;A;ILS;1,34180000;1,34420000;3,63910000;3,64510000
02/01/2024;892;A;KGS;0,05487000;0,05491000;89,08530000;89,13960000
02/01/2024;893;A;UZS;0,00039580;0,00039610;12347,86000000;12357,86000000
02/01/2024;905;A;BDT;0,04446000;0,04467000;109,50000000;110,00000000
02/01/2024;912;B;WST;1,77010000;1,87790000;0,36190000;0,38390000
02/01/2024;913;A;KZT;0,01069000;0,01079000;453,40000000;457,32000000
02/01/2024;915;A;MNT;0,00141800;0,00142500;3432,00000000;3450,00000000
02/01/2024;920;A;VUV;0,04045000;0,04239000;115,40000000;120,92000000
02/01/2024;930;A;KRW;0,00372700;0,00372900;1311,69000000;1312,27000000
02/01/2024;946;A;TZS;0,00193900;0,00194700;2513,00000000;2523,00000000
02/01/2024;950;A;KES;0,03101000;0,03116000;157,00000000;157,70000000
02/01/2024;955;A;UGX;0,00128700;0,00129100;3790,00000000;3800,00000000
02/01/2024;960;A;SOS;0,00850600;0,00861200;568,00000000;575,00000000
02/01/2024;975;A;PLN;1,22740000;1,22810000;3,98320000;3,98490000
02/01/2024;978;B;EUR;5,35170000;5,35430000;1,09420000;1,09460000
02/01/2024;998;A;XAU;323,90730000;323,94700000;0,01510000;0,01510000

[2025-07-05T19:28:44.144+0000] {taskinstance.py:441} INFO - ::group::Post task execution logs
[2025-07-05T19:28:44.175+0000] {taskinstance.py:1206} INFO - Marking task as SUCCESS. dag_id=fin_cotacoes_bcb_classic, task_id=extract, run_id=scheduled__2024-01-02T00:00:00+00:00, execution_date=20240102T000000, start_date=20250705T192843, end_date=20250705T192844
[2025-07-05T19:28:44.231+0000] {local_task_job_runner.py:240} INFO - Task exited with return code 0
[2025-07-05T19:28:44.250+0000] {logging_mixin.py:188} WARNING - /home/***/.local/lib/python3.12/site-packages/***/models/baseoperator.py:1297 AirflowProviderDeprecationWarning: Call to deprecated class PostgresOperator. (Please use `***.providers.common.sql.operators.sql.SQLExecuteQueryOperator`.Also, you can provide `hook_params={'schema': <database>}`.)
[2025-07-05T19:28:44.277+0000] {taskinstance.py:3503} INFO - 1 downstream tasks scheduled from follow-on schedule check
[2025-07-05T19:28:44.278+0000] {local_task_job_runner.py:222} INFO - ::endgroup::
[2025-07-07T15:02:42.879+0000] {local_task_job_runner.py:120} INFO - ::group::Pre task execution logs
[2025-07-07T15:02:42.965+0000] {taskinstance.py:2076} INFO - Dependencies all met for dep_context=non-requeueable deps ti=<TaskInstance: fin_cotacoes_bcb_classic.extract scheduled__2024-01-02T00:00:00+00:00 [queued]>
[2025-07-07T15:02:42.987+0000] {taskinstance.py:2076} INFO - Dependencies all met for dep_context=requeueable deps ti=<TaskInstance: fin_cotacoes_bcb_classic.extract scheduled__2024-01-02T00:00:00+00:00 [queued]>
[2025-07-07T15:02:42.988+0000] {taskinstance.py:2306} INFO - Starting attempt 1 of 2
[2025-07-07T15:02:43.026+0000] {taskinstance.py:2330} INFO - Executing <Task(PythonOperator): extract> on 2024-01-02 00:00:00+00:00
[2025-07-07T15:02:43.062+0000] {logging_mixin.py:188} WARNING - /home/***/.local/lib/python3.12/site-packages/***/task/task_runner/standard_task_runner.py:61 DeprecationWarning: This process (pid=94524) is multi-threaded, use of fork() may lead to deadlocks in the child.
[2025-07-07T15:02:43.063+0000] {standard_task_runner.py:63} INFO - Started process 94566 to run task
[2025-07-07T15:02:43.061+0000] {standard_task_runner.py:90} INFO - Running: ['***', 'tasks', 'run', 'fin_cotacoes_bcb_classic', 'extract', 'scheduled__2024-01-02T00:00:00+00:00', '--job-id', '2768', '--raw', '--subdir', 'DAGS_FOLDER/cotacoes.py', '--cfg-path', '/tmp/tmpuduxq2i0']
[2025-07-07T15:02:43.067+0000] {standard_task_runner.py:91} INFO - Job 2768: Subtask extract
[2025-07-07T15:02:43.237+0000] {task_command.py:426} INFO - Running <TaskInstance: fin_cotacoes_bcb_classic.extract scheduled__2024-01-02T00:00:00+00:00 [running]> on host bc96ca91d307
[2025-07-07T15:02:43.444+0000] {taskinstance.py:2648} INFO - Exporting env vars: AIRFLOW_CTX_DAG_OWNER='***' AIRFLOW_CTX_DAG_ID='fin_cotacoes_bcb_classic' AIRFLOW_CTX_TASK_ID='extract' AIRFLOW_CTX_EXECUTION_DATE='2024-01-02T00:00:00+00:00' AIRFLOW_CTX_TRY_NUMBER='1' AIRFLOW_CTX_DAG_RUN_ID='scheduled__2024-01-02T00:00:00+00:00'
[2025-07-07T15:02:43.448+0000] {taskinstance.py:430} INFO - ::endgroup::
[2025-07-07T15:02:43.449+0000] {cotacoes.py:35} INFO - Iniciando extração da URL: https://www4.bcb.gov.br/Download/fechamento/20240102.csv
[2025-07-07T15:02:43.842+0000] {cotacoes.py:41} INFO - Extração concluída com sucesso.
[2025-07-07T15:02:43.848+0000] {python.py:237} INFO - Done. Returned value was: 02/01/2024;005;A;AFN;0,06970000;0,06991000;69,97000000;70,17000000
02/01/2024;009;A;ETB;0,08577000;0,08731000;56,02550000;57,02550000
02/01/2024;015;A;THB;0,14250000;0,14270000;34,29000000;34,32000000
02/01/2024;020;A;PAB;4,89100000;4,89160000;1,00000000;1,00000000
02/01/2024;027;A;VES;0,13600000;0,13640000;35,86940000;35,95930000
02/01/2024;030;A;BOB;0,69770000;0,71310000;6,86000000;7,01000000
02/01/2024;035;A;GHS;0,40690000;0,41040000;11,92000000;12,02000000
02/01/2024;040;A;CRC;0,00940600;0,00942100;519,22000000;520,00000000
02/01/2024;045;A;SVC;0,55830000;0,55910000;8,74980000;8,75980000
02/01/2024;051;A;NIO;0,13220000;0,13510000;36,20000000;37,00000000
02/01/2024;055;A;DKK;0,71790000;0,71810000;6,81190000;6,81250000
02/01/2024;060;A;ISK;0,03548000;0,03557000;137,53000000;137,85000000
02/01/2024;065;A;NOK;0,47360000;0,47380000;10,32450000;10,32750000
02/01/2024;070;A;SEK;0,47970000;0,47990000;10,19250000;10,19550000
02/01/2024;075;A;CZK;0,21730000;0,21740000;22,50300000;22,51300000
02/01/2024;090;A;GMD;0,07193000;0,07361000;66,45000000;68,00000000
02/01/2024;095;A;DZD;0,03624000;0,03640000;134,38390000;134,97390000
02/01/2024;100;A;KWD;15,90050000;15,90760000;0,30750000;0,30760000
02/01/2024;105;A;BHD;12,97350000;12,97510000;0,37700000;0,37700000
02/01/2024;115;A;IQD;0,00373100;0,00373700;1309,00000000;1311,00000000
02/01/2024;125;A;JOD;6,88870000;6,90120000;0,70880000;0,71000000
02/01/2024;130;A;LYD;1,02200000;1,02690000;4,76340000;4,78570000
02/01/2024;132;A;MKD;0,08683000;0,08716000;56,12000000;56,33000000
02/01/2024;133;A;RSD;0,04566000;0,04571000;107,02000000;107,12000000
02/01/2024;134;A;SDG;0,00812300;0,00816900;598,80020000;602,14120000
02/01/2024;135;A;TND;1,57580000;1,58620000;3,08380000;3,10380000
02/01/2024;136;A;SSP;0,00450600;0,00463500;1055,44970000;1085,44970000
02/01/2024;138;B;SDR;6,55000000;6,55080000;1,33920000;1,33920000
02/01/2024;139;A;MAD;0,49230000;0,49260000;9,93050000;9,93550000
02/01/2024;145;A;AED;1,33170000;1,33200000;3,67250000;3,67280000
02/01/2024;149;A;STN;0,21540000;0,21990000;22,24840000;22,70450000
02/01/2024;150;B;AUD;3,30970000;3,31110000;0,67670000;0,67690000
02/01/2024;155;A;BSD;4,89100000;4,89160000;1,00000000;1,00000000
02/01/2024;160;A;BMD;4,89100000;4,89160000;1,00000000;1,00000000
02/01/2024;165;A;CAD;3,67330000;3,67400000;1,33140000;1,33150000
02/01/2024;170;A;GYD;0,02324000;0,02352000;207,98000000;210,45000000
02/01/2024;173;A;NAD;0,26330000;0,26350000;18,56200000;18,57300000
02/01/2024;175;A;BBD;2,39740000;2,44810000;1,99810000;2,04010000
02/01/2024;180;A;BZD;2,40560000;2,44800000;1,99820000;2,03320000
02/01/2024;185;A;BND;3,68690000;3,68950000;1,32580000;1,32660000
02/01/2024;190;A;KYD;5,85750000;5,92920000;0,82500000;0,83500000
02/01/2024;195;A;SGD;3,68690000;3,68950000;1,32580000;1,32660000
02/01/2024;197;B;CLF;203,27000000;203,29490000;41,56000000;41,56000000
02/01/2024;200;B;FJD;2,18920000;2,22370000;0,44760000;0,45460000
02/01/2024;205;A;HKD;0,62580000;0,62590000;7,81530000;7,81540000
02/01/2024;210;A;TTD;0,71650000;0,72480000;6,74860000;6,82600000
02/01/2024;215;A;XCD;1,79820000;1,81170000;2,70000000;2,72000000
02/01/2024;220;A;USD;4,89100000;4,89160000;1,00000000;1,00000000
02/01/2024;230;A;JMD;0,03157000;0,03185000;153,59000000;154,95000000
02/01/2024;235;A;LRD;0,02508000;0,02588000;189,00000000;195,00000000
02/01/2024;245;B;NZD;3,06270000;3,06460000;0,62620000;0,62650000
02/01/2024;250;B;SBD;0,56880000;0,60310000;0,11630000;0,12330000
02/01/2024;255;A;SRD;0,13040000;0,13320000;36,72300000;37,50800000
02/01/2024;260;A;VND;0,00020090;0,00020110;24325,00000000;24345,00000000
02/01/2024;275;A;AMD;0,01205000;0,01211000;403,79000000;405,79000000
02/01/2024;295;A;CVE;0,04840000;0,04885000;100,13000000;101,05000000
02/01/2024;325;A;ANG;2,68740000;2,74120000;1,78450000;1,82000000
02/01/2024;328;A;AWG;2,65820000;2,74810000;1,78000000;1,84000000
02/01/2024;345;A;HUF;0,01403000;0,01404000;348,43000000;348,63000000
02/01/2024;363;A;CDF;0,00174700;0,00183900;2660,00000000;2800,00000000
02/01/2024;365;A;BIF;0,00170700;0,00172600;2833,51000000;2864,51000000
02/01/2024;368;A;KMF;0,01084000;0,01089000;449,04000000;451,04000000
02/01/2024;370;A;XAF;0,00781700;0,00816300;599,21000000;625,73000000
02/01/2024;372;A;XOF;0,00817200;0,00827000;591,50000000;598,50000000
02/01/2024;380;A;XPF;0,04487000;0,04528000;108,04000000;109,00000000
02/01/2024;390;A;DJF;0,02739000;0,02755000;177,55000000;178,55000000
02/01/2024;398;A;GNF;0,00056320;0,00057470;8511,00000000;8685,00000000
02/01/2024;406;A;MGA;0,00106300;0,00107600;4547,00000000;4600,00000000
02/01/2024;420;A;RWF;0,00385600;0,00390900;1251,42000000;1268,42000000
02/01/2024;425;A;CHF;5,76290000;5,76430000;0,84860000;0,84870000
02/01/2024;440;A;HTG;0,03693000;0,03726000;131,29750000;132,44140000
02/01/2024;450;A;PYG;0,00067190;0,00067370;7261,17000000;7278,96000000
02/01/2024;460;A;UAH;0,12820000;0,12840000;38,10000000;38,15000000
02/01/2024;470;A;JPY;0,03446000;0,03447000;141,92000000;141,93000000
02/01/2024;482;A;GEL;1,81160000;1,83560000;2,66480000;2,69980000
02/01/2024;490;A;ALL;0,05165000;0,05225000;93,62000000;94,69000000
02/01/2024;495;A;HNL;0,19780000;0,19870000;24,62100000;24,72100000
02/01/2024;500;A;SLL;0,00021310;0,00021520;22732,00000000;22957,00000000
02/01/2024;503;A;MDL;0,28190000;0,28360000;17,25000000;17,35000000
02/01/2024;506;A;RON;1,07670000;1,07720000;4,54100000;4,54250000
02/01/2024;510;A;BGN;2,73620000;2,73760000;1,78680000;1,78750000
02/01/2024;530;B;GIP;6,22530000;6,23090000;1,27280000;1,27380000
02/01/2024;535;A;EGP;0,15800000;0,15860000;30,85000000;30,95000000
02/01/2024;540;B;GBP;6,17490000;6,17610000;1,26250000;1,26260000
02/01/2024;545;B;FKP;6,22530000;6,23090000;1,27280000;1,27380000
02/01/2024;560;A;LBP;0,00032480;0,00032610;15000,00000000;15060,00000000
02/01/2024;570;B;SHP;6,17880000;6,18440000;1,26330000;1,26430000
02/01/2024;575;A;SYP;0,00037610;0,00037630;13000,00000000;13003,00000000
02/01/2024;585;A;SZL;0,26340000;0,26350000;18,56350000;18,57150000
02/01/2024;603;A;LSL;0,26330000;0,26360000;18,55750000;18,57750000
02/01/2024;608;A;TMT;1,39740000;1,40160000;3,49000000;3,50000000
02/01/2024;622;A;MZN;0,07590000;0,07735000;63,24000000;64,44000000
02/01/2024;625;A;ERN;0,32280000;0,32610000;15,00000000;15,15000000
02/01/2024;630;A;NGN;0,00552200;0,00553500;883,80000000;885,80000000
02/01/2024;635;A;AOA;0,00575400;0,00580800;842,20000000;850,00000000
02/01/2024;640;A;TWD;0,15810000;0,15820000;30,92500000;30,93500000
02/01/2024;642;A;TRY;0,16440000;0,16460000;29,72600000;29,75900000
02/01/2024;660;A;PEN;1,31120000;1,31860000;3,70970000;3,73030000
02/01/2024;665;A;BTN;0,05868000;0,05873000;83,29400000;83,34900000
02/01/2024;670;A;MRO;0,01362000;0,01374000;356,00000000;359,00000000
02/01/2024;671;A;MRU;0,12450000;0,12480000;39,18000000;39,30000000
02/01/2024;680;B;TOP;2,06110000;2,18360000;0,42140000;0,44640000
02/01/2024;685;A;MOP;0,60670000;0,60770000;8,05000000;8,06200000
02/01/2024;706;A;ARS;0,00603300;0,00603500;810,60000000;810,70000000
02/01/2024;715;A;CLP;0,00551900;0,00553500;883,83000000;886,23000000
02/01/2024;720;A;COP;0,00125600;0,00125900;3886,30000000;3893,00000000
02/01/2024;721;B;COU;0,45830000;0,45830000;0,09370000;0,09370000
02/01/2024;725;A;CUP;0,20380000;0,20380000;24,00000000;24,00000000
02/01/2024;730;A;DOP;0,08415000;0,08459000;57,83000000;58,12000000
02/01/2024;735;A;PHP;0,08786000;0,08790000;55,65000000;55,67000000
02/01/2024;741;A;MXN;0,28690000;0,28710000;17,03700000;17,04600000
02/01/2024;745;A;UYU;0,12520000;0,12540000;39,02000000;39,05000000
02/01/2024;755;B;BWP;0,36490000;0,36740000;0,07460000;0,07510000
02/01/2024;760;A;MWK;0,00287700;0,00293500;1666,74000000;1700,04000000
02/01/2024;766;A;ZMW;0,18980000;0,19010000;25,72570000;25,77530000
02/01/2024;770;A;GTQ;0,62460000;0,62590000;7,81500000;7,83000000
02/01/2024;775;A;MMK;0,00232200;0,00233600;2093,70000000;2106,30000000
02/01/2024;778;B;PGK;1,26820000;1,35640000;0,25930000;0,27730000
02/01/2024;780;A;LAK;0,00023730;0,00023890;20476,00000000;20610,00000000
02/01/2024;785;A;ZAR;0,26330000;0,26360000;18,56010000;18,57510000
02/01/2024;795;A;CNY;0,68450000;0,68480000;7,14260000;7,14560000
02/01/2024;796;A;CNH;0,68410000;0,68420000;7,14900000;7,14970000
02/01/2024;800;A;QAR;1,34150000;1,34270000;3,64300000;3,64600000
02/01/2024;805;A;OMR;12,70060000;12,70880000;0,38490000;0,38510000
02/01/2024;810;A;YER;0,01953000;0,01957000;249,98000000;250,48000000
02/01/2024;815;A;IRR;0,00011640;0,00011650;42000,00000000;42005,00000000
02/01/2024;820;A;SAR;1,30420000;1,30440000;3,75010000;3,75030000
02/01/2024;825;A;KHR;0,00119500;0,00120100;4072,00000000;4092,00000000
02/01/2024;828;A;MYR;1,06210000;1,06340000;4,60000000;4,60500000
02/01/2024;830;A;RUB;0,05339000;0,05384000;90,85900000;91,60100000
02/01/2024;831;A;BYN;1,47850000;1,48410000;3,29610000;3,30810000
02/01/2024;835;A;TJS;0,44630000;0,44750000;10,93000000;10,96000000
02/01/2024;840;A;MUR;0,11070000;0,11150000;43,87000000;44,17000000
02/01/2024;845;A;NPR;0,03669000;0,03669000;133,31000000;133,32000000
02/01/2024;850;A;SCR;0,33310000;0,35110000;13,93130000;14,68160000
02/01/2024;855;A;LKR;0,01519000;0,01521000;321,50000000;322,00000000
02/01/2024;860;A;INR;0,05870000;0,05875000;83,26100000;83,31600000
02/01/2024;865;A;IDR;0,00031610;0,00031630;15465,00000000;15475,00000000
02/01/2024;870;A;MVR;0,31550000;0,31720000;15,42000000;15,50000000
02/01/2024;875;A;PKR;0,01744000;0,01769000;276,50000000;280,50000000
02/01/2024;880;A;ILS;1,34180000;1,34420000;3,63910000;3,64510000
02/01/2024;892;A;KGS;0,05487000;0,05491000;89,08530000;89,13960000
02/01/2024;893;A;UZS;0,00039580;0,00039610;12347,86000000;12357,86000000
02/01/2024;905;A;BDT;0,04446000;0,04467000;109,50000000;110,00000000
02/01/2024;912;B;WST;1,77010000;1,87790000;0,36190000;0,38390000
02/01/2024;913;A;KZT;0,01069000;0,01079000;453,40000000;457,32000000
02/01/2024;915;A;MNT;0,00141800;0,00142500;3432,00000000;3450,00000000
02/01/2024;920;A;VUV;0,04045000;0,04239000;115,40000000;120,92000000
02/01/2024;930;A;KRW;0,00372700;0,00372900;1311,69000000;1312,27000000
02/01/2024;946;A;TZS;0,00193900;0,00194700;2513,00000000;2523,00000000
02/01/2024;950;A;KES;0,03101000;0,03116000;157,00000000;157,70000000
02/01/2024;955;A;UGX;0,00128700;0,00129100;3790,00000000;3800,00000000
02/01/2024;960;A;SOS;0,00850600;0,00861200;568,00000000;575,00000000
02/01/2024;975;A;PLN;1,22740000;1,22810000;3,98320000;3,98490000
02/01/2024;978;B;EUR;5,35170000;5,35430000;1,09420000;1,09460000
02/01/2024;998;A;XAU;323,90730000;323,94700000;0,01510000;0,01510000

[2025-07-07T15:02:43.849+0000] {taskinstance.py:441} INFO - ::group::Post task execution logs
[2025-07-07T15:02:43.916+0000] {taskinstance.py:1206} INFO - Marking task as SUCCESS. dag_id=fin_cotacoes_bcb_classic, task_id=extract, run_id=scheduled__2024-01-02T00:00:00+00:00, execution_date=20240102T000000, start_date=20250707T150242, end_date=20250707T150243
[2025-07-07T15:02:44.018+0000] {local_task_job_runner.py:240} INFO - Task exited with return code 0
[2025-07-07T15:02:44.041+0000] {local_task_job_runner.py:222} INFO - ::endgroup::
