[2025-07-05T19:18:22.860+0000] {local_task_job_runner.py:120} INFO - ::group::Pre task execution logs
[2025-07-05T19:18:22.942+0000] {taskinstance.py:2076} INFO - Dependencies all met for dep_context=non-requeueable deps ti=<TaskInstance: fin_cotacoes_bcb_classic.extract scheduled__2023-01-30T00:00:00+00:00 [queued]>
[2025-07-05T19:18:22.965+0000] {taskinstance.py:2076} INFO - Dependencies all met for dep_context=requeueable deps ti=<TaskInstance: fin_cotacoes_bcb_classic.extract scheduled__2023-01-30T00:00:00+00:00 [queued]>
[2025-07-05T19:18:22.965+0000] {taskinstance.py:2306} INFO - Starting attempt 1 of 2
[2025-07-05T19:18:22.996+0000] {taskinstance.py:2330} INFO - Executing <Task(PythonOperator): extract> on 2023-01-30 00:00:00+00:00
[2025-07-05T19:18:23.024+0000] {logging_mixin.py:188} WARNING - /home/***/.local/lib/python3.12/site-packages/***/task/task_runner/standard_task_runner.py:61 DeprecationWarning: This process (pid=5717) is multi-threaded, use of fork() may lead to deadlocks in the child.
[2025-07-05T19:18:23.027+0000] {standard_task_runner.py:63} INFO - Started process 5750 to run task
[2025-07-05T19:18:23.040+0000] {standard_task_runner.py:90} INFO - Running: ['***', 'tasks', 'run', 'fin_cotacoes_bcb_classic', 'extract', 'scheduled__2023-01-30T00:00:00+00:00', '--job-id', '69', '--raw', '--subdir', 'DAGS_FOLDER/cotacoes.py', '--cfg-path', '/tmp/tmpmxt7p4va']
[2025-07-05T19:18:23.049+0000] {standard_task_runner.py:91} INFO - Job 69: Subtask extract
[2025-07-05T19:18:23.194+0000] {task_command.py:426} INFO - Running <TaskInstance: fin_cotacoes_bcb_classic.extract scheduled__2023-01-30T00:00:00+00:00 [running]> on host 20adb53d65c4
[2025-07-05T19:18:23.383+0000] {taskinstance.py:2648} INFO - Exporting env vars: AIRFLOW_CTX_DAG_OWNER='***' AIRFLOW_CTX_DAG_ID='fin_cotacoes_bcb_classic' AIRFLOW_CTX_TASK_ID='extract' AIRFLOW_CTX_EXECUTION_DATE='2023-01-30T00:00:00+00:00' AIRFLOW_CTX_TRY_NUMBER='1' AIRFLOW_CTX_DAG_RUN_ID='scheduled__2023-01-30T00:00:00+00:00'
[2025-07-05T19:18:23.385+0000] {taskinstance.py:430} INFO - ::endgroup::
[2025-07-05T19:18:23.385+0000] {cotacoes.py:32} WARNING - https://www4.bcb.gov.br/Download/fechamento/20230130.csv
[2025-07-05T19:18:23.823+0000] {python.py:237} INFO - Done. Returned value was: 30/01/2023;005;A;AFN;0,05672000;0,05685000;89,63000000;89,83000000
30/01/2023;009;A;ETB;0,09462000;0,09532000;53,46250000;53,85030000
30/01/2023;015;A;THB;0,15570000;0,15580000;32,70000000;32,72000000
30/01/2023;020;A;PAB;5,09530000;5,09590000;1,00000000;1,00000000
30/01/2023;027;A;VES;0,23190000;0,23250000;21,91400000;21,96890000
30/01/2023;030;A;BOB;0,72790000;0,74390000;6,85000000;7,00000000
30/01/2023;035;A;GHS;0,40120000;0,42470000;12,00000000;12,70000000
30/01/2023;040;A;CRC;0,00917700;0,00920500;553,60000000;555,20000000
30/01/2023;045;A;SVC;0,58170000;0,58240000;8,74980000;8,75980000
30/01/2023;051;A;NIO;0,13770000;0,14120000;36,08000000;37,00000000
30/01/2023;055;A;DKK;0,74450000;0,74470000;6,84300000;6,84400000
30/01/2023;060;A;ISK;0,03618000;0,03627000;140,50000000;140,83000000
30/01/2023;065;A;NOK;0,51290000;0,51310000;9,93210000;9,93460000
30/01/2023;070;A;SEK;0,49130000;0,49150000;10,36870000;10,37070000
30/01/2023;075;A;CZK;0,23220000;0,23240000;21,93200000;21,94200000
30/01/2023;090;A;GMD;0,07839000;0,08300000;61,40000000;65,00000000
30/01/2023;095;A;DZD;0,03735000;0,03773000;135,05800000;136,40800000
30/01/2023;100;A;KWD;16,68400000;16,69150000;0,30530000;0,30540000
30/01/2023;105;A;BHD;13,51540000;13,51700000;0,37700000;0,37700000
30/01/2023;115;A;IQD;0,00348900;0,00349400;1458,52000000;1460,52000000
30/01/2023;125;A;JOD;7,17650000;7,19250000;0,70850000;0,71000000
30/01/2023;130;A;LYD;1,06880000;1,07390000;4,74520000;4,76750000
30/01/2023;132;A;MKD;0,08966000;0,09022000;56,48000000;56,83000000
30/01/2023;133;A;RSD;0,04712000;0,04725000;107,84000000;108,13000000
30/01/2023;134;A;SDG;0,00896100;0,00901500;565,25020000;568,59120000
30/01/2023;135;A;TND;1,66240000;1,66640000;3,05800000;3,06500000
30/01/2023;136;A;SSP;0,00736000;0,00749100;680,27070000;692,27070000
30/01/2023;138;B;SDR;6,88730000;6,88810000;1,35170000;1,35170000
30/01/2023;139;A;MAD;0,50070000;0,50120000;10,16770000;10,17660000
30/01/2023;145;A;AED;1,38720000;1,38740000;3,67290000;3,67310000
30/01/2023;149;A;STN;0,22160000;0,22620000;22,52660000;22,99480000
30/01/2023;150;B;AUD;3,60650000;3,60940000;0,70780000;0,70830000
30/01/2023;155;A;BSD;5,09530000;5,09590000;1,00000000;1,00000000
30/01/2023;160;A;BMD;5,09530000;5,09590000;1,00000000;1,00000000
30/01/2023;165;A;CAD;3,81810000;3,82000000;1,33400000;1,33450000
30/01/2023;170;A;GYD;0,02403000;0,02427000;210,00000000;212,00000000
30/01/2023;173;A;NAD;0,29370000;0,29400000;17,33300000;17,34800000
30/01/2023;175;A;BBD;2,49760000;2,55040000;1,99810000;2,04010000
30/01/2023;180;A;BZD;2,50600000;2,55020000;1,99820000;2,03320000
30/01/2023;185;A;BND;3,88010000;3,88110000;1,31300000;1,31320000
30/01/2023;190;A;KYD;6,10220000;6,17680000;0,82500000;0,83500000
30/01/2023;195;A;SGD;3,87950000;3,88140000;1,31290000;1,31340000
30/01/2023;197;B;CLF;221,92580000;221,95190000;43,55500000;43,55500000
30/01/2023;200;B;FJD;2,33570000;2,39300000;0,45840000;0,46960000
30/01/2023;205;A;HKD;0,65040000;0,65050000;7,83410000;7,83440000
30/01/2023;210;A;TTD;0,74650000;0,75380000;6,76000000;6,82600000
30/01/2023;215;A;XCD;1,87330000;1,88740000;2,70000000;2,72000000
30/01/2023;220;A;USD;5,09530000;5,09590000;1,00000000;1,00000000
30/01/2023;230;A;JMD;0,03245000;0,03353000;152,00000000;157,00000000
30/01/2023;235;A;LRD;0,03225000;0,03275000;155,60000000;158,00000000
30/01/2023;245;B;NZD;3,30430000;3,30670000;0,64850000;0,64890000
30/01/2023;250;B;SBD;0,58090000;0,63190000;0,11400000;0,12400000
30/01/2023;255;A;SRD;0,15590000;0,15970000;31,90600000;32,69100000
30/01/2023;260;A;VND;0,00021710;0,00021710;23470,00000000;23475,00000000
30/01/2023;275;A;AMD;0,01274000;0,01299000;392,25000000;400,00000000
30/01/2023;295;A;CVE;0,04977000;0,05025000;101,41000000;102,37000000
30/01/2023;325;A;ANG;2,79960000;2,85560000;1,78450000;1,82000000
30/01/2023;328;A;AWG;2,76920000;2,86290000;1,78000000;1,84000000
30/01/2023;345;A;HUF;0,01421000;0,01422000;358,31000000;358,65000000
30/01/2023;363;A;CDF;0,00242600;0,00249900;2039,50000000;2100,00000000
30/01/2023;365;A;BIF;0,00242600;0,00248600;2049,75000000;2100,00000000
30/01/2023;368;A;KMF;0,01124000;0,01129000;451,49000000;453,49000000
30/01/2023;370;A;XAF;0,00819500;0,00844700;603,29000000;621,79000000
30/01/2023;372;A;XOF;0,00838700;0,00848600;600,50000000;607,50000000
30/01/2023;380;A;XPF;0,04616000;0,04658000;109,40000000;110,39000000
30/01/2023;390;A;DJF;0,02854000;0,02871000;177,50000000;178,55000000
30/01/2023;398;A;GNF;0,00058670;0,00059700;8536,00000000;8685,00000000
30/01/2023;406;A;MGA;0,00118500;0,00119300;4270,56000000;4299,56000000
30/01/2023;420;A;RWF;0,00467800;0,00475300;1072,12000000;1089,12000000
30/01/2023;425;A;CHF;5,51920000;5,52220000;0,92280000;0,92320000
30/01/2023;440;A;HTG;0,03374000;0,03443000;148,00000000;151,00000000
30/01/2023;450;A;PYG;0,00069310;0,00069400;7342,79000000;7351,08000000
30/01/2023;460;A;UAH;0,13800000;0,13940000;36,56000000;36,93000000
30/01/2023;470;A;JPY;0,03910000;0,03910000;130,32000000;130,33000000
30/01/2023;482;A;GEL;1,91190000;1,95620000;2,60500000;2,66500000
30/01/2023;490;A;ALL;0,04731000;0,04767000;106,90000000;107,70000000
30/01/2023;495;A;HNL;0,20550000;0,20780000;24,52570000;24,80000000
30/01/2023;500;A;SLL;0,00026080;0,00026390;19310,00000000;19535,00000000
30/01/2023;503;A;MDL;0,27130000;0,27280000;18,68000000;18,78000000
30/01/2023;506;A;RON;1,12670000;1,12840000;4,51600000;4,52220000
30/01/2023;510;A;BGN;2,83060000;2,83280000;1,79890000;1,80010000
30/01/2023;530;B;GIP;6,30540000;6,31130000;1,23750000;1,23850000
30/01/2023;535;A;EGP;0,16930000;0,16950000;30,07000000;30,10000000
30/01/2023;540;B;GBP;6,30700000;6,31030000;1,23780000;1,23830000
30/01/2023;545;B;FKP;6,30540000;6,31130000;1,23750000;1,23850000
30/01/2023;560;A;LBP;0,00335600;0,00338500;1505,50000000;1518,50000000
30/01/2023;570;B;SHP;6,31410000;6,31990000;1,23920000;1,24020000
30/01/2023;575;A;SYP;0,00202800;0,00203000;2510,00000000;2513,00000000
30/01/2023;585;A;SZL;0,29350000;0,29390000;17,33630000;17,35910000
30/01/2023;603;A;LSL;0,29350000;0,29390000;17,34130000;17,36130000
30/01/2023;608;A;TMT;1,45580000;1,46010000;3,49000000;3,50000000
30/01/2023;622;A;MZN;0,07839000;0,08054000;63,27000000;65,00000000
30/01/2023;625;A;ERN;0,33630000;0,33970000;15,00000000;15,15000000
30/01/2023;630;A;NGN;0,01105000;0,01108000;459,91000000;460,91000000
30/01/2023;635;A;AOA;0,00984300;0,01011000;504,27000000;517,67000000
30/01/2023;640;A;TWD;0,16950000;0,16960000;30,04600000;30,05600000
30/01/2023;642;A;TRY;0,27080000;0,27090000;18,80920000;18,81530000
30/01/2023;660;A;PEN;1,32120000;1,33090000;3,82900000;3,85670000
30/01/2023;665;A;BTN;0,06249000;0,06254000;81,48200000;81,53700000
30/01/2023;670;A;MRO;0,01419000;0,01431000;356,00000000;359,00000000
30/01/2023;671;A;MRU;0,13960000;0,14100000;36,15010000;36,51010000
30/01/2023;680;B;TOP;2,11450000;2,26770000;0,41500000;0,44500000
30/01/2023;685;A;MOP;0,63080000;0,63160000;8,06800000;8,07800000
30/01/2023;706;A;ARS;0,02731000;0,02731000;186,57000000;186,58000000
30/01/2023;715;A;CLP;0,00629000;0,00629500;809,50000000;810,10000000
30/01/2023;720;A;COP;0,00109500;0,00109700;4646,32000000;4651,48000000
30/01/2023;721;B;COU;0,36480000;0,36490000;0,07160000;0,07160000
30/01/2023;725;A;CUP;0,21230000;0,21230000;24,00000000;24,00000000
30/01/2023;730;A;DOP;0,08947000;0,09024000;56,47000000;56,95000000
30/01/2023;735;A;PHP;0,09339000;0,09345000;54,53000000;54,56000000
30/01/2023;741;A;MXN;0,27140000;0,27160000;18,76420000;18,77470000
30/01/2023;745;A;UYU;0,13130000;0,13180000;38,65000000;38,80000000
30/01/2023;755;B;BWP;0,39640000;0,39950000;0,07780000;0,07840000
30/01/2023;760;A;MWK;0,00496100;0,00503500;1012,10000000;1027,10000000
30/01/2023;766;A;ZMW;0,26680000;0,26820000;19,00000000;19,10000000
30/01/2023;770;A;GTQ;0,64830000;0,65000000;7,84000000;7,86000000
30/01/2023;775;A;MMK;0,00241900;0,00243400;2093,70000000;2106,30000000
30/01/2023;778;B;PGK;1,40890000;1,48550000;0,27650000;0,29150000
30/01/2023;780;A;LAK;0,00030220;0,00030330;16800,00000000;16860,00000000
30/01/2023;785;A;ZAR;0,29360000;0,29370000;17,34850000;17,35480000
30/01/2023;795;A;CNY;0,75470000;0,75520000;6,74800000;6,75100000
30/01/2023;796;A;CNH;0,75500000;0,75520000;6,74790000;6,74830000
30/01/2023;800;A;QAR;1,38880000;1,39500000;3,65310000;3,66880000
30/01/2023;805;A;OMR;13,23110000;13,23950000;0,38490000;0,38510000
30/01/2023;810;A;YER;0,02034000;0,02039000;249,95000000;250,45000000
30/01/2023;815;A;IRR;0,00012130;0,00012130;42000,00000000;42005,00000000
30/01/2023;820;A;SAR;1,35720000;1,35750000;3,75380000;3,75420000
30/01/2023;825;A;KHR;0,00123800;0,00124400;4095,00000000;4115,00000000
30/01/2023;828;A;MYR;1,20000000;1,20130000;4,24200000;4,24600000
30/01/2023;830;A;RUB;0,07286000;0,07290000;69,90000000;69,93000000
30/01/2023;831;A;BYN;2,01390000;2,02370000;2,51810000;2,53010000
30/01/2023;835;A;TJS;0,49230000;0,49960000;10,20000000;10,35000000
30/01/2023;840;A;MUR;0,11420000;0,11500000;44,30000000;44,60000000
30/01/2023;845;A;NPR;0,03907000;0,03908000;130,39000000;130,41000000
30/01/2023;850;A;SCR;0,35000000;0,36900000;13,80970000;14,56000000
30/01/2023;855;A;LKR;0,01381000;0,01404000;363,00000000;369,00000000
30/01/2023;860;A;INR;0,06249000;0,06254000;81,47900000;81,53400000
30/01/2023;865;A;IDR;0,00034030;0,00034050;14965,00000000;14975,00000000
30/01/2023;870;A;MVR;0,32870000;0,33050000;15,42000000;15,50000000
30/01/2023;875;A;PKR;0,01934000;0,01941000;262,60000000;263,50000000
30/01/2023;880;A;ILS;1,47130000;1,47310000;3,45940000;3,46310000
30/01/2023;892;A;KGS;0,05911000;0,05915000;86,15000000;86,20430000
30/01/2023;893;A;UZS;0,00045060;0,00045110;11296,59000000;11306,59000000
30/01/2023;905;A;BDT;0,04793000;0,04812000;105,90000000;106,30000000
30/01/2023;912;B;WST;1,89140000;1,96290000;0,37120000;0,38520000
30/01/2023;913;A;KZT;0,01108000;0,01109000;459,60000000;459,70000000
30/01/2023;915;A;MNT;0,00146300;0,00147800;3448,00000000;3483,00000000
30/01/2023;920;A;VUV;0,04318000;0,04470000;114,00000000;118,00000000
30/01/2023;930;A;KRW;0,00414400;0,00414700;1228,75000000;1229,46000000
30/01/2023;946;A;TZS;0,00217300;0,00218400;2333,00000000;2345,00000000
30/01/2023;950;A;KES;0,04091000;0,04098000;124,35000000;124,55000000
30/01/2023;955;A;UGX;0,00138100;0,00138500;3680,00000000;3690,00000000
30/01/2023;960;A;SOS;0,00890800;0,00901900;565,00000000;572,00000000
30/01/2023;975;A;PLN;1,17580000;1,17640000;4,33170000;4,33330000
30/01/2023;978;B;EUR;5,53810000;5,54080000;1,08690000;1,08730000
30/01/2023;998;A;XAU;315,10820000;315,14530000;0,01617000;0,01617000

[2025-07-05T19:18:23.824+0000] {taskinstance.py:441} INFO - ::group::Post task execution logs
[2025-07-05T19:18:23.877+0000] {taskinstance.py:1206} INFO - Marking task as SUCCESS. dag_id=fin_cotacoes_bcb_classic, task_id=extract, run_id=scheduled__2023-01-30T00:00:00+00:00, execution_date=20230130T000000, start_date=20250705T191822, end_date=20250705T191823
[2025-07-05T19:18:23.948+0000] {local_task_job_runner.py:240} INFO - Task exited with return code 0
[2025-07-05T19:18:23.974+0000] {logging_mixin.py:188} WARNING - /home/***/.local/lib/python3.12/site-packages/***/models/baseoperator.py:1297 AirflowProviderDeprecationWarning: Call to deprecated class PostgresOperator. (Please use `***.providers.common.sql.operators.sql.SQLExecuteQueryOperator`.Also, you can provide `hook_params={'schema': <database>}`.)
[2025-07-05T19:18:24.005+0000] {taskinstance.py:3503} INFO - 1 downstream tasks scheduled from follow-on schedule check
[2025-07-05T19:18:24.016+0000] {local_task_job_runner.py:222} INFO - ::endgroup::
