[2025-07-06T18:12:33.916+0000] {local_task_job_runner.py:120} INFO - ::group::Pre task execution logs
[2025-07-06T18:12:34.006+0000] {taskinstance.py:2076} INFO - Dependencies all met for dep_context=non-requeueable deps ti=<TaskInstance: fin_cotacoes_bcb_classic.transform scheduled__2024-05-24T00:00:00+00:00 [queued]>
[2025-07-06T18:12:34.032+0000] {taskinstance.py:2076} INFO - Dependencies all met for dep_context=requeueable deps ti=<TaskInstance: fin_cotacoes_bcb_classic.transform scheduled__2024-05-24T00:00:00+00:00 [queued]>
[2025-07-06T18:12:34.032+0000] {taskinstance.py:2306} INFO - Starting attempt 2 of 2
[2025-07-06T18:12:34.196+0000] {taskinstance.py:2330} INFO - Executing <Task(PythonOperator): transform> on 2024-05-24 00:00:00+00:00
[2025-07-06T18:12:34.218+0000] {logging_mixin.py:188} WARNING - /home/***/.local/lib/python3.12/site-packages/***/task/task_runner/standard_task_runner.py:61 DeprecationWarning: This process (pid=7982) is multi-threaded, use of fork() may lead to deadlocks in the child.
[2025-07-06T18:12:34.220+0000] {standard_task_runner.py:90} INFO - Running: ['***', 'tasks', 'run', 'fin_cotacoes_bcb_classic', 'transform', 'scheduled__2024-05-24T00:00:00+00:00', '--job-id', '628', '--raw', '--subdir', 'DAGS_FOLDER/cotacoes.py', '--cfg-path', '/tmp/tmppz4aiuby']
[2025-07-06T18:12:34.221+0000] {standard_task_runner.py:91} INFO - Job 628: Subtask transform
[2025-07-06T18:12:34.219+0000] {standard_task_runner.py:63} INFO - Started process 8013 to run task
[2025-07-06T18:12:34.294+0000] {task_command.py:426} INFO - Running <TaskInstance: fin_cotacoes_bcb_classic.transform scheduled__2024-05-24T00:00:00+00:00 [running]> on host 20adb53d65c4
[2025-07-06T18:12:34.446+0000] {taskinstance.py:2648} INFO - Exporting env vars: AIRFLOW_CTX_DAG_OWNER='***' AIRFLOW_CTX_DAG_ID='fin_cotacoes_bcb_classic' AIRFLOW_CTX_TASK_ID='transform' AIRFLOW_CTX_EXECUTION_DATE='2024-05-24T00:00:00+00:00' AIRFLOW_CTX_TRY_NUMBER='2' AIRFLOW_CTX_DAG_RUN_ID='scheduled__2024-05-24T00:00:00+00:00'
[2025-07-06T18:12:34.453+0000] {taskinstance.py:430} INFO - ::endgroup::
[2025-07-06T18:12:34.454+0000] {taskinstance.py:441} INFO - ::group::Post task execution logs
[2025-07-06T18:12:34.455+0000] {taskinstance.py:2905} ERROR - Task failed with exception
Traceback (most recent call last):
  File "/home/airflow/.local/lib/python3.12/site-packages/airflow/models/taskinstance.py", line 465, in _execute_task
    result = _execute_callable(context=context, **execute_callable_kwargs)
             ^^^^^^^^^^^^^^^^^^^^^^^^^^^^^^^^^^^^^^^^^^^^^^^^^^^^^^^^^^^^^
  File "/home/airflow/.local/lib/python3.12/site-packages/airflow/models/taskinstance.py", line 432, in _execute_callable
    return execute_callable(context=context, **execute_callable_kwargs)
           ^^^^^^^^^^^^^^^^^^^^^^^^^^^^^^^^^^^^^^^^^^^^^^^^^^^^^^^^^^^^
  File "/home/airflow/.local/lib/python3.12/site-packages/airflow/models/baseoperator.py", line 401, in wrapper
    return func(self, *args, **kwargs)
           ^^^^^^^^^^^^^^^^^^^^^^^^^^^
  File "/home/airflow/.local/lib/python3.12/site-packages/airflow/operators/python.py", line 235, in execute
    return_value = self.execute_callable()
                   ^^^^^^^^^^^^^^^^^^^^^^^
  File "/home/airflow/.local/lib/python3.12/site-packages/airflow/operators/python.py", line 252, in execute_callable
    return self.python_callable(*self.op_args, **self.op_kwargs)
           ^^^^^^^^^^^^^^^^^^^^^^^^^^^^^^^^^^^^^^^^^^^^^^^^^^^^^
  File "/opt/airflow/dags/cotacoes.py", line 62, in transform
    cotacoes_csv = kwargs['ti'].xcom_pull(task_id='extract')
                   ^^^^^^^^^^^^^^^^^^^^^^^^^^^^^^^^^^^^^^^^^
  File "/home/airflow/.local/lib/python3.12/site-packages/airflow/utils/session.py", line 79, in wrapper
    return func(*args, session=session, **kwargs)
           ^^^^^^^^^^^^^^^^^^^^^^^^^^^^^^^^^^^^^^
TypeError: TaskInstance.xcom_pull() got an unexpected keyword argument 'task_id'
[2025-07-06T18:12:34.478+0000] {taskinstance.py:1206} INFO - Marking task as FAILED. dag_id=fin_cotacoes_bcb_classic, task_id=transform, run_id=scheduled__2024-05-24T00:00:00+00:00, execution_date=20240524T000000, start_date=20250706T181234, end_date=20250706T181234
[2025-07-06T18:12:34.497+0000] {standard_task_runner.py:110} ERROR - Failed to execute job 628 for task transform (TaskInstance.xcom_pull() got an unexpected keyword argument 'task_id'; 8013)
[2025-07-06T18:12:34.534+0000] {local_task_job_runner.py:240} INFO - Task exited with return code 1
[2025-07-06T18:12:34.548+0000] {logging_mixin.py:188} WARNING - /home/***/.local/lib/python3.12/site-packages/***/models/baseoperator.py:1297 AirflowProviderDeprecationWarning: Call to deprecated class PostgresOperator. (Please use `***.providers.common.sql.operators.sql.SQLExecuteQueryOperator`.Also, you can provide `hook_params={'schema': <database>}`.)
[2025-07-06T18:12:34.580+0000] {taskinstance.py:3503} INFO - 0 downstream tasks scheduled from follow-on schedule check
[2025-07-06T18:12:34.586+0000] {local_task_job_runner.py:222} INFO - ::endgroup::
