[2025-07-07T14:35:17.202+0000] {local_task_job_runner.py:120} INFO - ::group::Pre task execution logs
[2025-07-07T14:35:17.311+0000] {taskinstance.py:2076} INFO - Dependencies all met for dep_context=non-requeueable deps ti=<TaskInstance: fin_cotacoes_bcb_classic.transform_and_load scheduled__2025-05-11T00:00:00+00:00 [queued]>
[2025-07-07T14:35:17.340+0000] {taskinstance.py:2076} INFO - Dependencies all met for dep_context=requeueable deps ti=<TaskInstance: fin_cotacoes_bcb_classic.transform_and_load scheduled__2025-05-11T00:00:00+00:00 [queued]>
[2025-07-07T14:35:17.340+0000] {taskinstance.py:2306} INFO - Starting attempt 1 of 2
[2025-07-07T14:35:17.379+0000] {taskinstance.py:2330} INFO - Executing <Task(PythonOperator): transform_and_load> on 2025-05-11 00:00:00+00:00
[2025-07-07T14:35:17.409+0000] {logging_mixin.py:188} WARNING - /home/***/.local/lib/python3.12/site-packages/***/task/task_runner/standard_task_runner.py:61 DeprecationWarning: This process (pid=79501) is multi-threaded, use of fork() may lead to deadlocks in the child.
[2025-07-07T14:35:17.410+0000] {standard_task_runner.py:63} INFO - Started process 79529 to run task
[2025-07-07T14:35:17.408+0000] {standard_task_runner.py:90} INFO - Running: ['***', 'tasks', 'run', 'fin_cotacoes_bcb_classic', 'transform_and_load', 'scheduled__2025-05-11T00:00:00+00:00', '--job-id', '2581', '--raw', '--subdir', 'DAGS_FOLDER/cotacoes.py', '--cfg-path', '/tmp/tmpvly4mp35']
[2025-07-07T14:35:17.415+0000] {standard_task_runner.py:91} INFO - Job 2581: Subtask transform_and_load
[2025-07-07T14:35:17.557+0000] {task_command.py:426} INFO - Running <TaskInstance: fin_cotacoes_bcb_classic.transform_and_load scheduled__2025-05-11T00:00:00+00:00 [running]> on host bc96ca91d307
[2025-07-07T14:35:17.830+0000] {taskinstance.py:2648} INFO - Exporting env vars: AIRFLOW_CTX_DAG_OWNER='***' AIRFLOW_CTX_DAG_ID='fin_cotacoes_bcb_classic' AIRFLOW_CTX_TASK_ID='transform_and_load' AIRFLOW_CTX_EXECUTION_DATE='2025-05-11T00:00:00+00:00' AIRFLOW_CTX_TRY_NUMBER='1' AIRFLOW_CTX_DAG_RUN_ID='scheduled__2025-05-11T00:00:00+00:00'
[2025-07-07T14:35:17.832+0000] {taskinstance.py:430} INFO - ::endgroup::
[2025-07-07T14:35:17.863+0000] {cotacoes.py:91} WARNING - Nenhum dado recebido da tarefa de extração. Pulando transformação e carga.
[2025-07-07T14:35:17.864+0000] {python.py:237} INFO - Done. Returned value was: None
[2025-07-07T14:35:17.864+0000] {taskinstance.py:441} INFO - ::group::Post task execution logs
[2025-07-07T14:35:17.886+0000] {taskinstance.py:1206} INFO - Marking task as SUCCESS. dag_id=fin_cotacoes_bcb_classic, task_id=transform_and_load, run_id=scheduled__2025-05-11T00:00:00+00:00, execution_date=20250511T000000, start_date=20250707T143517, end_date=20250707T143517
[2025-07-07T14:35:17.953+0000] {local_task_job_runner.py:240} INFO - Task exited with return code 0
[2025-07-07T14:35:17.976+0000] {local_task_job_runner.py:222} INFO - ::endgroup::
[2025-07-07T15:12:34.832+0000] {local_task_job_runner.py:120} INFO - ::group::Pre task execution logs
[2025-07-07T15:12:34.964+0000] {taskinstance.py:2076} INFO - Dependencies all met for dep_context=non-requeueable deps ti=<TaskInstance: fin_cotacoes_bcb_classic.transform_and_load scheduled__2025-05-11T00:00:00+00:00 [queued]>
[2025-07-07T15:12:34.974+0000] {taskinstance.py:2076} INFO - Dependencies all met for dep_context=requeueable deps ti=<TaskInstance: fin_cotacoes_bcb_classic.transform_and_load scheduled__2025-05-11T00:00:00+00:00 [queued]>
[2025-07-07T15:12:34.975+0000] {taskinstance.py:2306} INFO - Starting attempt 1 of 2
[2025-07-07T15:12:34.998+0000] {taskinstance.py:2330} INFO - Executing <Task(PythonOperator): transform_and_load> on 2025-05-11 00:00:00+00:00
[2025-07-07T15:12:35.018+0000] {logging_mixin.py:188} WARNING - /home/***/.local/lib/python3.12/site-packages/***/task/task_runner/standard_task_runner.py:61 DeprecationWarning: This process (pid=104072) is multi-threaded, use of fork() may lead to deadlocks in the child.
[2025-07-07T15:12:35.024+0000] {standard_task_runner.py:63} INFO - Started process 104146 to run task
[2025-07-07T15:12:35.022+0000] {standard_task_runner.py:90} INFO - Running: ['***', 'tasks', 'run', 'fin_cotacoes_bcb_classic', 'transform_and_load', 'scheduled__2025-05-11T00:00:00+00:00', '--job-id', '4258', '--raw', '--subdir', 'DAGS_FOLDER/cotacoes.py', '--cfg-path', '/tmp/tmprz8xf4ma']
[2025-07-07T15:12:35.026+0000] {standard_task_runner.py:91} INFO - Job 4258: Subtask transform_and_load
[2025-07-07T15:12:35.146+0000] {task_command.py:426} INFO - Running <TaskInstance: fin_cotacoes_bcb_classic.transform_and_load scheduled__2025-05-11T00:00:00+00:00 [running]> on host bc96ca91d307
[2025-07-07T15:12:35.375+0000] {taskinstance.py:2648} INFO - Exporting env vars: AIRFLOW_CTX_DAG_OWNER='***' AIRFLOW_CTX_DAG_ID='fin_cotacoes_bcb_classic' AIRFLOW_CTX_TASK_ID='transform_and_load' AIRFLOW_CTX_EXECUTION_DATE='2025-05-11T00:00:00+00:00' AIRFLOW_CTX_TRY_NUMBER='1' AIRFLOW_CTX_DAG_RUN_ID='scheduled__2025-05-11T00:00:00+00:00'
[2025-07-07T15:12:35.382+0000] {taskinstance.py:430} INFO - ::endgroup::
[2025-07-07T15:12:35.412+0000] {cotacoes.py:91} WARNING - Nenhum dado recebido da tarefa de extração. Pulando transformação e carga.
[2025-07-07T15:12:35.413+0000] {python.py:237} INFO - Done. Returned value was: None
[2025-07-07T15:12:35.413+0000] {taskinstance.py:441} INFO - ::group::Post task execution logs
[2025-07-07T15:12:35.437+0000] {taskinstance.py:1206} INFO - Marking task as SUCCESS. dag_id=fin_cotacoes_bcb_classic, task_id=transform_and_load, run_id=scheduled__2025-05-11T00:00:00+00:00, execution_date=20250511T000000, start_date=20250707T151234, end_date=20250707T151235
[2025-07-07T15:12:35.490+0000] {local_task_job_runner.py:240} INFO - Task exited with return code 0
[2025-07-07T15:12:35.532+0000] {taskinstance.py:3503} INFO - 0 downstream tasks scheduled from follow-on schedule check
[2025-07-07T15:12:35.534+0000] {local_task_job_runner.py:222} INFO - ::endgroup::
