[2025-07-07T15:08:27.951+0000] {local_task_job_runner.py:120} INFO - ::group::Pre task execution logs
[2025-07-07T15:08:28.052+0000] {taskinstance.py:2076} INFO - Dependencies all met for dep_context=non-requeueable deps ti=<TaskInstance: fin_cotacoes_bcb_classic.extract scheduled__2024-10-09T00:00:00+00:00 [queued]>
[2025-07-07T15:08:28.084+0000] {taskinstance.py:2076} INFO - Dependencies all met for dep_context=requeueable deps ti=<TaskInstance: fin_cotacoes_bcb_classic.extract scheduled__2024-10-09T00:00:00+00:00 [queued]>
[2025-07-07T15:08:28.084+0000] {taskinstance.py:2306} INFO - Starting attempt 1 of 2
[2025-07-07T15:08:28.133+0000] {taskinstance.py:2330} INFO - Executing <Task(PythonOperator): extract> on 2024-10-09 00:00:00+00:00
[2025-07-07T15:08:28.152+0000] {logging_mixin.py:188} WARNING - /home/***/.local/lib/python3.12/site-packages/***/task/task_runner/standard_task_runner.py:61 DeprecationWarning: This process (pid=100036) is multi-threaded, use of fork() may lead to deadlocks in the child.
[2025-07-07T15:08:28.153+0000] {standard_task_runner.py:63} INFO - Started process 100109 to run task
[2025-07-07T15:08:28.151+0000] {standard_task_runner.py:90} INFO - Running: ['***', 'tasks', 'run', 'fin_cotacoes_bcb_classic', 'extract', 'scheduled__2024-10-09T00:00:00+00:00', '--job-id', '3610', '--raw', '--subdir', 'DAGS_FOLDER/cotacoes.py', '--cfg-path', '/tmp/tmp1vsgi4b_']
[2025-07-07T15:08:28.160+0000] {standard_task_runner.py:91} INFO - Job 3610: Subtask extract
[2025-07-07T15:08:28.260+0000] {task_command.py:426} INFO - Running <TaskInstance: fin_cotacoes_bcb_classic.extract scheduled__2024-10-09T00:00:00+00:00 [running]> on host bc96ca91d307
[2025-07-07T15:08:28.415+0000] {taskinstance.py:2648} INFO - Exporting env vars: AIRFLOW_CTX_DAG_OWNER='***' AIRFLOW_CTX_DAG_ID='fin_cotacoes_bcb_classic' AIRFLOW_CTX_TASK_ID='extract' AIRFLOW_CTX_EXECUTION_DATE='2024-10-09T00:00:00+00:00' AIRFLOW_CTX_TRY_NUMBER='1' AIRFLOW_CTX_DAG_RUN_ID='scheduled__2024-10-09T00:00:00+00:00'
[2025-07-07T15:08:28.416+0000] {taskinstance.py:430} INFO - ::endgroup::
[2025-07-07T15:08:28.421+0000] {cotacoes.py:35} INFO - Iniciando extração da URL: https://www4.bcb.gov.br/Download/fechamento/20241009.csv
[2025-07-07T15:08:28.728+0000] {cotacoes.py:41} INFO - Extração concluída com sucesso.
[2025-07-07T15:08:28.730+0000] {python.py:237} INFO - Done. Returned value was: 09/10/2024;005;A;AFN;0,08247000;0,08272000;67,38000000;67,58000000
09/10/2024;009;A;ETB;0,04527000;0,04720000;118,09820000;123,09820000
09/10/2024;015;A;THB;0,16640000;0,16650000;33,47000000;33,49000000
09/10/2024;020;A;PAB;5,57310000;5,57370000;1,00000000;1,00000000
09/10/2024;027;A;VES;0,15030000;0,15070000;36,98130000;37,07400000
09/10/2024;030;A;BOB;0,79620000;0,81370000;6,85000000;7,00000000
09/10/2024;035;A;GHS;0,34940000;0,35170000;15,85000000;15,95000000
09/10/2024;040;A;CRC;0,01073000;0,01086000;513,25000000;519,40000000
09/10/2024;045;A;SVC;0,63620000;0,63700000;8,74980000;8,75980000
09/10/2024;051;A;NIO;0,15060000;0,15230000;36,60000000;37,00000000
09/10/2024;055;A;DKK;0,81820000;0,81840000;6,81060000;6,81120000
09/10/2024;060;A;ISK;0,04105000;0,04114000;135,47000000;135,75000000
09/10/2024;065;A;NOK;0,51740000;0,51760000;10,76850000;10,77190000
09/10/2024;070;A;SEK;0,53650000;0,53670000;10,38490000;10,38810000
09/10/2024;075;A;CZK;0,24070000;0,24080000;23,14500000;23,15400000
09/10/2024;090;A;GMD;0,07849000;0,07912000;70,45000000;71,00000000
09/10/2024;095;A;DZD;0,04181000;0,04199000;132,75350000;133,30060000
09/10/2024;100;A;KWD;18,17710000;18,18500000;0,30650000;0,30660000
09/10/2024;105;A;BHD;14,77490000;14,79220000;0,37680000;0,37720000
09/10/2024;115;A;IQD;0,00425100;0,00425800;1309,00000000;1311,00000000
09/10/2024;125;A;JOD;7,84170000;7,89140000;0,70630000;0,71070000
09/10/2024;130;A;LYD;1,16160000;1,16710000;4,77560000;4,79790000
09/10/2024;132;A;MKD;0,09874000;0,09965000;55,93000000;56,44000000
09/10/2024;133;A;RSD;0,05213000;0,05217000;106,83000000;106,90000000
09/10/2024;134;A;SDG;0,00925500;0,00930700;598,85020000;602,19120000
09/10/2024;135;A;TND;1,80940000;1,82150000;3,06000000;3,08000000
09/10/2024;136;A;SSP;0,00170200;0,00174500;3195,00000000;3275,00000000
09/10/2024;138;B;SDR;7,46680000;7,46760000;1,33980000;1,33980000
09/10/2024;139;A;MAD;0,56700000;0,56740000;9,82400000;9,82900000
09/10/2024;145;A;AED;1,51720000;1,51760000;3,67270000;3,67330000
09/10/2024;149;A;STN;0,24410000;0,24910000;22,37230000;22,83100000
09/10/2024;150;B;AUD;3,74740000;3,74830000;0,67240000;0,67250000
09/10/2024;155;A;BSD;5,57310000;5,57370000;1,00000000;1,00000000
09/10/2024;160;A;BMD;5,57310000;5,57370000;1,00000000;1,00000000
09/10/2024;165;A;CAD;4,07210000;4,07290000;1,36850000;1,36860000
09/10/2024;170;A;GYD;0,02648000;0,02680000;207,98000000;210,45000000
09/10/2024;173;A;NAD;0,31590000;0,31600000;17,64000000;17,64300000
09/10/2024;175;A;BBD;2,73180000;2,78950000;1,99810000;2,04010000
09/10/2024;180;A;BZD;2,74100000;2,78940000;1,99820000;2,03320000
09/10/2024;185;A;BND;4,26500000;4,26810000;1,30590000;1,30670000
09/10/2024;190;A;KYD;6,67440000;6,73560000;0,82750000;0,83500000
09/10/2024;195;A;SGD;4,26500000;4,26810000;1,30590000;1,30670000
09/10/2024;197;B;CLF;226,38490000;226,40930000;40,62100000;40,62100000
09/10/2024;200;B;FJD;2,46550000;2,54160000;0,44240000;0,45600000
09/10/2024;205;A;HKD;0,71710000;0,71720000;7,77150000;7,77160000
09/10/2024;210;A;TTD;0,81650000;0,82550000;6,75230000;6,82600000
09/10/2024;215;A;XCD;2,04890000;2,06430000;2,70000000;2,72000000
09/10/2024;220;A;USD;5,57310000;5,57370000;1,00000000;1,00000000
09/10/2024;230;A;JMD;0,03507000;0,03548000;157,11000000;158,91000000
09/10/2024;235;A;LRD;0,02873000;0,02903000;192,00000000;194,00000000
09/10/2024;245;B;NZD;3,37950000;3,38040000;0,60640000;0,60650000
09/10/2024;250;B;SBD;0,62420000;0,69110000;0,11200000;0,12400000
09/10/2024;255;A;SRD;0,16980000;0,17400000;32,02900000;32,81400000
09/10/2024;260;A;VND;0,00022440;0,00022450;24830,00000000;24840,00000000
09/10/2024;275;A;AMD;0,01425000;0,01444000;386,00000000;391,00000000
09/10/2024;295;A;CVE;0,05485000;0,05536000;100,69000000;101,61000000
09/10/2024;325;A;ANG;3,06210000;3,12340000;1,78450000;1,82000000
09/10/2024;328;A;AWG;3,02890000;3,13130000;1,78000000;1,84000000
09/10/2024;345;A;HUF;0,01530000;0,01531000;364,08000000;364,16000000
09/10/2024;363;A;CDF;0,00195600;0,00195600;2849,00000000;2850,00000000
09/10/2024;365;A;BIF;0,00190800;0,00194000;2873,79000000;2921,21000000
09/10/2024;368;A;KMF;0,01236000;0,01241000;448,99000000;450,99000000
09/10/2024;370;A;XAF;0,00904600;0,00930500;598,99000000;616,10000000
09/10/2024;372;A;XOF;0,00925800;0,00936800;595,00000000;602,00000000
09/10/2024;380;A;XPF;0,05084000;0,05129000;108,66000000;109,61000000
09/10/2024;390;A;DJF;0,03121000;0,03138000;177,60000000;178,55000000
09/10/2024;398;A;GNF;0,00064170;0,00065010;8573,00000000;8685,00000000
09/10/2024;406;A;MGA;0,00121000;0,00122000;4569,31000000;4605,83000000
09/10/2024;420;A;RWF;0,00412200;0,00419100;1330,05000000;1351,95000000
09/10/2024;425;A;CHF;6,48260000;6,48480000;0,85950000;0,85970000
09/10/2024;440;A;HTG;0,04218000;0,04241000;131,43360000;132,14220000
09/10/2024;450;A;PYG;0,00071430;0,00071500;7794,96000000;7802,26000000
09/10/2024;460;A;UAH;0,13530000;0,13540000;41,15000000;41,20000000
09/10/2024;470;A;JPY;0,03735000;0,03736000;149,19000000;149,20000000
09/10/2024;482;A;GEL;2,02290000;2,06820000;2,69500000;2,75500000
09/10/2024;490;A;ALL;0,06168000;0,06216000;89,66000000;90,35000000
09/10/2024;495;A;HNL;0,22360000;0,22450000;24,82400000;24,92400000
09/10/2024;500;A;SLL;0,00024330;0,00024570;22683,00000000;22908,00000000
09/10/2024;503;A;MDL;0,31520000;0,31700000;17,58000000;17,68000000
09/10/2024;506;A;RON;1,22590000;1,22720000;4,54190000;4,54600000
09/10/2024;510;A;BGN;3,12030000;3,12130000;1,78570000;1,78610000
09/10/2024;530;B;GIP;7,28400000;7,29040000;1,30700000;1,30800000
09/10/2024;535;A;EGP;0,11480000;0,11500000;48,45000000;48,55000000
09/10/2024;540;B;GBP;7,28790000;7,29040000;1,30770000;1,30800000
09/10/2024;545;B;FKP;7,28400000;7,29040000;1,30700000;1,30800000
09/10/2024;560;A;LBP;0,00006220;0,00006230;89500,00000000;89600,00000000
09/10/2024;570;B;SHP;7,29180000;7,29820000;1,30840000;1,30940000
09/10/2024;575;A;SYP;0,00042860;0,00042870;13000,00000000;13003,00000000
09/10/2024;585;A;SZL;0,31580000;0,31600000;17,63850000;17,64650000
09/10/2024;603;A;LSL;0,31590000;0,31600000;17,64000000;17,64300000
09/10/2024;608;A;TMT;1,59010000;1,59490000;3,49480000;3,50480000
09/10/2024;622;A;MZN;0,08635000;0,08809000;63,27000000;64,54000000
09/10/2024;625;A;ERN;0,36790000;0,37160000;15,00000000;15,15000000
09/10/2024;630;A;NGN;0,00338800;0,00349500;1595,00000000;1645,00000000
09/10/2024;635;A;AOA;0,00597900;0,00610500;912,94600000;932,09600000
09/10/2024;640;A;TWD;0,17270000;0,17290000;32,23700000;32,26700000
09/10/2024;642;A;TRY;0,16280000;0,16290000;34,21960000;34,22960000
09/10/2024;660;A;PEN;1,49400000;1,49840000;3,71980000;3,73030000
09/10/2024;665;A;BTN;0,06636000;0,06641000;83,92600000;83,98100000
09/10/2024;670;A;MRO;0,01552000;0,01566000;356,00000000;359,00000000
09/10/2024;671;A;MRU;0,14070000;0,14110000;39,49000000;39,60800000
09/10/2024;680;B;TOP;2,32680000;2,46640000;0,41750000;0,44250000
09/10/2024;685;A;MOP;0,69520000;0,69610000;8,00700000;8,01700000
09/10/2024;706;A;ARS;0,00571300;0,00571700;975,00000000;975,50000000
09/10/2024;715;A;CLP;0,00596600;0,00597000;933,60000000;934,10000000
09/10/2024;720;A;COP;0,00131600;0,00131700;4233,24000000;4234,99000000
09/10/2024;721;B;COU;0,49270000;0,49270000;0,08840000;0,08840000
09/10/2024;725;A;CUP;0,23220000;0,23220000;24,00000000;24,00000000
09/10/2024;730;A;DOP;0,09213000;0,09282000;60,05000000;60,49000000
09/10/2024;735;A;PHP;0,09769000;0,09774000;57,02700000;57,04700000
09/10/2024;741;A;MXN;0,28710000;0,28730000;19,40290000;19,41340000
09/10/2024;745;A;UYU;0,13530000;0,13540000;41,16000000;41,19000000
09/10/2024;755;B;BWP;0,41740000;0,41860000;0,07490000;0,07510000
09/10/2024;760;A;MWK;0,00318400;0,00324600;1717,02000000;1750,32000000
09/10/2024;766;A;ZMW;0,21070000;0,21110000;26,40000000;26,45000000
09/10/2024;770;A;GTQ;0,71980000;0,72170000;7,72300000;7,74300000
09/10/2024;775;A;MMK;0,00264600;0,00266200;2093,70000000;2106,30000000
09/10/2024;778;B;PGK;1,37770000;1,46140000;0,24720000;0,26220000
09/10/2024;780;A;LAK;0,00025180;0,00025300;22031,00000000;22132,00000000
09/10/2024;785;A;ZAR;0,31590000;0,31600000;17,64090000;17,64460000
09/10/2024;795;A;CNY;0,78690000;0,78700000;7,08180000;7,08240000
09/10/2024;796;A;CNH;0,78560000;0,78570000;7,09400000;7,09430000
09/10/2024;800;A;QAR;1,52810000;1,52910000;3,64500000;3,64700000
09/10/2024;805;A;OMR;14,46810000;14,48470000;0,38480000;0,38520000
09/10/2024;810;A;YER;0,02225000;0,02230000;249,97000000;250,47000000
09/10/2024;815;A;IRR;0,00013270;0,00013270;42000,00000000;42005,00000000
09/10/2024;820;A;SAR;1,48420000;1,48450000;3,75460000;3,75500000
09/10/2024;825;A;KHR;0,00136700;0,00137300;4058,50000000;4078,50000000
09/10/2024;828;A;MYR;1,30060000;1,30230000;4,28000000;4,28500000
09/10/2024;830;A;RUB;0,05745000;0,05746000;96,99550000;97,00450000
09/10/2024;831;A;BYN;1,69960000;1,70650000;3,26610000;3,27910000
09/10/2024;835;A;TJS;0,52090000;0,52580000;10,60000000;10,70000000
09/10/2024;840;A;MUR;0,12070000;0,12150000;45,87000000;46,17000000
09/10/2024;845;A;NPR;0,04148000;0,04149000;134,34000000;134,36000000
09/10/2024;850;A;SCR;0,41330000;0,41330000;13,48500000;13,48510000
09/10/2024;855;A;LKR;0,01902000;0,01903000;292,90000000;293,00000000
09/10/2024;860;A;INR;0,06636000;0,06641000;83,93400000;83,98900000
09/10/2024;865;A;IDR;0,00035670;0,00035690;15615,00000000;15625,00000000
09/10/2024;870;A;MVR;0,35960000;0,36150000;15,42000000;15,50000000
09/10/2024;875;A;PKR;0,02006000;0,02007000;277,70000000;277,80000000
09/10/2024;880;A;ILS;1,48080000;1,48220000;3,76050000;3,76350000
09/10/2024;892;A;KGS;0,06548000;0,06553000;85,06110000;85,11540000
09/10/2024;893;A;UZS;0,00043600;0,00043640;12773,00000000;12783,00000000
09/10/2024;905;A;BDT;0,04644000;0,04684000;119,00000000;120,00000000
09/10/2024;912;B;WST;2,02300000;2,10130000;0,36300000;0,37700000
09/10/2024;913;A;KZT;0,01134000;0,01135000;490,89000000;491,44000000
09/10/2024;915;A;MNT;0,00162400;0,00165300;3371,00000000;3431,00000000
09/10/2024;920;A;VUV;0,04531000;0,04805000;116,00000000;123,00000000
09/10/2024;930;A;KRW;0,00413900;0,00414200;1345,81000000;1346,55000000
09/10/2024;946;A;TZS;0,00203800;0,00205300;2715,00000000;2735,00000000
09/10/2024;950;A;KES;0,04304000;0,04338000;128,50000000;129,50000000
09/10/2024;955;A;UGX;0,00151400;0,00151900;3670,00000000;3680,00000000
09/10/2024;960;A;SOS;0,00969200;0,00981300;568,00000000;575,00000000
09/10/2024;975;A;PLN;1,42090000;1,42140000;3,92120000;3,92230000
09/10/2024;978;B;EUR;6,10200000;6,10380000;1,09490000;1,09510000
09/10/2024;998;A;XAU;468,72160000;468,77210000;0,01189000;0,01189000

[2025-07-07T15:08:28.733+0000] {taskinstance.py:441} INFO - ::group::Post task execution logs
[2025-07-07T15:08:28.772+0000] {taskinstance.py:1206} INFO - Marking task as SUCCESS. dag_id=fin_cotacoes_bcb_classic, task_id=extract, run_id=scheduled__2024-10-09T00:00:00+00:00, execution_date=20241009T000000, start_date=20250707T150828, end_date=20250707T150828
[2025-07-07T15:08:28.853+0000] {local_task_job_runner.py:240} INFO - Task exited with return code 0
[2025-07-07T15:08:28.951+0000] {taskinstance.py:3503} INFO - 0 downstream tasks scheduled from follow-on schedule check
[2025-07-07T15:08:28.959+0000] {local_task_job_runner.py:222} INFO - ::endgroup::
