[2025-07-06T18:57:22.222+0000] {local_task_job_runner.py:120} INFO - ::group::Pre task execution logs
[2025-07-06T18:57:22.348+0000] {taskinstance.py:2076} INFO - Dependencies all met for dep_context=non-requeueable deps ti=<TaskInstance: fin_cotacoes_bcb_classic.extract scheduled__2024-07-15T00:00:00+00:00 [queued]>
[2025-07-06T18:57:22.372+0000] {taskinstance.py:2076} INFO - Dependencies all met for dep_context=requeueable deps ti=<TaskInstance: fin_cotacoes_bcb_classic.extract scheduled__2024-07-15T00:00:00+00:00 [queued]>
[2025-07-06T18:57:22.372+0000] {taskinstance.py:2306} INFO - Starting attempt 1 of 2
[2025-07-06T18:57:22.414+0000] {taskinstance.py:2330} INFO - Executing <Task(PythonOperator): extract> on 2024-07-15 00:00:00+00:00
[2025-07-06T18:57:22.437+0000] {standard_task_runner.py:90} INFO - Running: ['***', 'tasks', 'run', 'fin_cotacoes_bcb_classic', 'extract', 'scheduled__2024-07-15T00:00:00+00:00', '--job-id', '736', '--raw', '--subdir', 'DAGS_FOLDER/cotacoes.py', '--cfg-path', '/tmp/tmpy7wchfe7']
[2025-07-06T18:57:22.442+0000] {standard_task_runner.py:91} INFO - Job 736: Subtask extract
[2025-07-06T18:57:22.442+0000] {logging_mixin.py:188} WARNING - /home/***/.local/lib/python3.12/site-packages/***/task/task_runner/standard_task_runner.py:61 DeprecationWarning: This process (pid=5462) is multi-threaded, use of fork() may lead to deadlocks in the child.
[2025-07-06T18:57:22.443+0000] {standard_task_runner.py:63} INFO - Started process 5482 to run task
[2025-07-06T18:57:22.581+0000] {task_command.py:426} INFO - Running <TaskInstance: fin_cotacoes_bcb_classic.extract scheduled__2024-07-15T00:00:00+00:00 [running]> on host 20adb53d65c4
[2025-07-06T18:57:22.827+0000] {taskinstance.py:2648} INFO - Exporting env vars: AIRFLOW_CTX_DAG_OWNER='***' AIRFLOW_CTX_DAG_ID='fin_cotacoes_bcb_classic' AIRFLOW_CTX_TASK_ID='extract' AIRFLOW_CTX_EXECUTION_DATE='2024-07-15T00:00:00+00:00' AIRFLOW_CTX_TRY_NUMBER='1' AIRFLOW_CTX_DAG_RUN_ID='scheduled__2024-07-15T00:00:00+00:00'
[2025-07-06T18:57:22.829+0000] {taskinstance.py:430} INFO - ::endgroup::
[2025-07-06T18:57:22.829+0000] {cotacoes.py:37} INFO - Iniciando extração da URL: https://www4.bcb.gov.br/Download/fechamento/20240715.csv
[2025-07-06T18:57:23.236+0000] {cotacoes.py:43} INFO - Extração concluída com sucesso.
[2025-07-06T18:57:23.238+0000] {python.py:237} INFO - Done. Returned value was: 15/07/2024;005;A;AFN;0,07687000;0,07710000;70,77000000;70,97000000
15/07/2024;009;A;ETB;0,09384000;0,09503000;57,41830000;58,13660000
15/07/2024;015;A;THB;0,15100000;0,15110000;36,12000000;36,14000000
15/07/2024;020;A;PAB;5,45570000;5,45630000;1,00000000;1,00000000
15/07/2024;027;A;VES;0,14940000;0,14980000;36,43300000;36,52430000
15/07/2024;030;A;BOB;0,77830000;0,79540000;6,86000000;7,01000000
15/07/2024;035;A;GHS;0,35360000;0,35590000;15,33000000;15,43000000
15/07/2024;040;A;CRC;0,01040000;0,01052000;518,62000000;524,77000000
15/07/2024;045;A;SVC;0,62280000;0,62360000;8,74950000;8,75950000
15/07/2024;051;A;NIO;0,14750000;0,14900000;36,62000000;37,00000000
15/07/2024;055;A;DKK;0,79780000;0,79800000;6,83760000;6,83820000
15/07/2024;060;A;ISK;0,03985000;0,03990000;136,74000000;136,92000000
15/07/2024;065;A;NOK;0,50560000;0,50580000;10,78750000;10,79130000
15/07/2024;070;A;SEK;0,51570000;0,51590000;10,57640000;10,57870000
15/07/2024;075;A;CZK;0,23460000;0,23470000;23,25000000;23,26000000
15/07/2024;090;A;GMD;0,07878000;0,07902000;69,05000000;69,25000000
15/07/2024;095;A;DZD;0,04043000;0,04084000;133,59900000;134,93500000
15/07/2024;100;A;KWD;17,85240000;17,86020000;0,30550000;0,30560000
15/07/2024;105;A;BHD;14,47140000;14,47680000;0,37690000;0,37700000
15/07/2024;115;A;IQD;0,00416200;0,00416800;1309,00000000;1311,00000000
15/07/2024;125;A;JOD;7,68410000;7,70660000;0,70800000;0,71000000
15/07/2024;130;A;LYD;1,12620000;1,13150000;4,82200000;4,84430000
15/07/2024;132;A;MKD;0,09646000;0,09685000;56,34000000;56,56000000
15/07/2024;133;A;RSD;0,05085000;0,05090000;107,19000000;107,30000000
15/07/2024;134;A;SDG;0,00906000;0,00911100;598,85020000;602,19120000
15/07/2024;135;A;TND;1,74500000;1,75940000;3,10120000;3,12650000
15/07/2024;136;A;SSP;0,00347700;0,00356800;1529,29700000;1569,29700000
15/07/2024;138;B;SDR;7,24140000;7,24210000;1,32730000;1,32730000
15/07/2024;139;A;MAD;0,55580000;0,55620000;9,81080000;9,81580000
15/07/2024;145;A;AED;1,48530000;1,48560000;3,67290000;3,67310000
15/07/2024;149;A;STN;0,23810000;0,24300000;22,45230000;22,91260000
15/07/2024;150;B;AUD;3,69680000;3,69830000;0,67760000;0,67780000
15/07/2024;155;A;BSD;5,45570000;5,45630000;1,00000000;1,00000000
15/07/2024;160;A;BMD;5,45570000;5,45630000;1,00000000;1,00000000
15/07/2024;165;A;CAD;3,99280000;3,99350000;1,36630000;1,36640000
15/07/2024;170;A;GYD;0,02592000;0,02623000;207,98000000;210,45000000
15/07/2024;173;A;NAD;0,29990000;0,30000000;18,18860000;18,19200000
15/07/2024;175;A;BBD;2,67420000;2,73070000;1,99810000;2,04010000
15/07/2024;180;A;BZD;2,68330000;2,73060000;1,99820000;2,03320000
15/07/2024;185;A;BND;4,06380000;4,06580000;1,34200000;1,34250000
15/07/2024;190;A;KYD;6,53380000;6,61370000;0,82500000;0,83500000
15/07/2024;195;A;SGD;4,06380000;4,06580000;1,34200000;1,34250000
15/07/2024;197;B;CLF;225,74600000;225,77080000;41,37800000;41,37800000
15/07/2024;200;B;FJD;2,41690000;2,49130000;0,44300000;0,45660000
15/07/2024;205;A;HKD;0,69890000;0,69900000;7,80590000;7,80600000
15/07/2024;210;A;TTD;0,79930000;0,80800000;6,75290000;6,82600000
15/07/2024;215;A;XCD;2,00580000;2,02090000;2,70000000;2,72000000
15/07/2024;220;A;USD;5,45570000;5,45630000;1,00000000;1,00000000
15/07/2024;230;A;JMD;0,03453000;0,03498000;156,00000000;158,00000000
15/07/2024;235;A;LRD;0,02784000;0,02813000;194,00000000;196,00000000
15/07/2024;245;B;NZD;3,32250000;3,32510000;0,60900000;0,60940000
15/07/2024;250;B;SBD;0,61100000;0,67660000;0,11200000;0,12400000
15/07/2024;255;A;SRD;0,18070000;0,18560000;29,39900000;30,18400000
15/07/2024;260;A;VND;0,00021500;0,00021520;25360,00000000;25380,00000000
15/07/2024;275;A;AMD;0,01403000;0,01411000;386,81000000;388,81000000
15/07/2024;295;A;CVE;0,05350000;0,05400000;101,05000000;101,98000000
15/07/2024;325;A;ANG;2,99760000;3,05760000;1,78450000;1,82000000
15/07/2024;328;A;AWG;2,96510000;3,06530000;1,78000000;1,84000000
15/07/2024;345;A;HUF;0,01521000;0,01522000;358,54000000;358,78000000
15/07/2024;363;A;CDF;0,00191400;0,00195600;2790,00000000;2850,00000000
15/07/2024;365;A;BIF;0,00188500;0,00190500;2863,78000000;2894,78000000
15/07/2024;368;A;KMF;0,01202000;0,01208000;451,83000000;453,83000000
15/07/2024;370;A;XAF;0,00902500;0,00907100;601,54000000;604,54000000
15/07/2024;372;A;XOF;0,00898800;0,00909400;600,00000000;607,00000000
15/07/2024;380;A;XPF;0,04959000;0,05004000;109,03000000;110,02000000
15/07/2024;390;A;DJF;0,03056000;0,03073000;177,55000000;178,55000000
15/07/2024;398;A;GNF;0,00062820;0,00063890;8540,00000000;8685,00000000
15/07/2024;406;A;MGA;0,00120500;0,00121600;4487,30000000;4526,71000000
15/07/2024;420;A;RWF;0,00413900;0,00419400;1301,00000000;1318,00000000
15/07/2024;425;A;CHF;6,09440000;6,09780000;0,89480000;0,89520000
15/07/2024;440;A;HTG;0,04118000;0,04138000;131,85000000;132,50000000
15/07/2024;450;A;PYG;0,00072170;0,00072210;7556,03000000;7559,13000000
15/07/2024;460;A;UAH;0,13300000;0,13310000;41,00000000;41,02100000
15/07/2024;470;A;JPY;0,03455000;0,03456000;157,88000000;157,91000000
15/07/2024;482;A;GEL;2,00140000;2,04360000;2,67000000;2,72600000
15/07/2024;490;A;ALL;0,05904000;0,05963000;91,50000000;92,40000000
15/07/2024;495;A;HNL;0,21980000;0,22070000;24,71900000;24,81900000
15/07/2024;500;A;SLL;0,00023820;0,00024050;22683,00000000;22908,00000000
15/07/2024;503;A;MDL;0,30910000;0,31090000;17,55000000;17,65000000
15/07/2024;506;A;RON;1,19770000;1,19890000;4,55110000;4,55510000
15/07/2024;510;A;BGN;3,04310000;3,04500000;1,79190000;1,79280000
15/07/2024;530;B;GIP;7,07330000;7,07950000;1,29650000;1,29750000
15/07/2024;535;A;EGP;0,11370000;0,11390000;47,90000000;48,00000000
15/07/2024;540;B;GBP;7,08150000;7,08450000;1,29800000;1,29840000
15/07/2024;545;B;FKP;7,07330000;7,07950000;1,29650000;1,29750000
15/07/2024;560;A;LBP;0,00006090;0,00006100;89500,00000000;89600,00000000
15/07/2024;570;B;SHP;7,08370000;7,08990000;1,29840000;1,29940000
15/07/2024;575;A;SYP;0,00041960;0,00041970;13000,00000000;13003,00000000
15/07/2024;585;A;SZL;0,29990000;0,30000000;18,18480000;18,19280000
15/07/2024;603;A;LSL;0,29980000;0,30010000;18,17880000;18,19880000
15/07/2024;608;A;TMT;1,55660000;1,56130000;3,49480000;3,50480000
15/07/2024;622;A;MZN;0,08460000;0,08627000;63,25000000;64,49000000
15/07/2024;625;A;ERN;0,36010000;0,36380000;15,00000000;15,15000000
15/07/2024;630;A;NGN;0,00332700;0,00349800;1560,00000000;1640,00000000
15/07/2024;635;A;AOA;0,00612900;0,00625300;872,63500000;890,09600000
15/07/2024;640;A;TWD;0,16730000;0,16750000;32,57300000;32,60300000
15/07/2024;642;A;TRY;0,16510000;0,16550000;32,96460000;33,05340000
15/07/2024;660;A;PEN;1,46430000;1,46560000;3,72300000;3,72570000
15/07/2024;665;A;BTN;0,06524000;0,06529000;83,57500000;83,63000000
15/07/2024;670;A;MRO;0,01520000;0,01533000;356,00000000;359,00000000
15/07/2024;671;A;MRU;0,13760000;0,13810000;39,52000000;39,63900000
15/07/2024;680;B;TOP;2,27560000;2,41220000;0,41710000;0,44210000
15/07/2024;685;A;MOP;0,67760000;0,67860000;8,04000000;8,05200000
15/07/2024;706;A;ARS;0,00591700;0,00592100;921,50000000;922,00000000
15/07/2024;715;A;CLP;0,00600400;0,00600900;908,07000000;908,66000000
15/07/2024;720;A;COP;0,00138700;0,00138900;3929,50000000;3934,00000000
15/07/2024;721;B;COU;0,51720000;0,51730000;0,09480000;0,09480000
15/07/2024;725;A;CUP;0,22730000;0,22730000;24,00000000;24,00000000
15/07/2024;730;A;DOP;0,09202000;0,09262000;58,91000000;59,29000000
15/07/2024;735;A;PHP;0,09332000;0,09336000;58,44200000;58,46200000
15/07/2024;741;A;MXN;0,30700000;0,30720000;17,76000000;17,77200000
15/07/2024;745;A;UYU;0,13590000;0,13610000;40,10000000;40,14000000
15/07/2024;755;B;BWP;0,40150000;0,40430000;0,07360000;0,07410000
15/07/2024;760;A;MWK;0,00311700;0,00317800;1717,02000000;1750,32000000
15/07/2024;766;A;ZMW;0,21270000;0,21310000;25,60000000;25,65000000
15/07/2024;770;A;GTQ;0,70260000;0,70450000;7,74500000;7,76500000
15/07/2024;775;A;MMK;0,00259000;0,00260600;2093,70000000;2106,30000000
15/07/2024;778;B;PGK;1,37430000;1,41540000;0,25190000;0,25940000
15/07/2024;780;A;LAK;0,00024530;0,00024740;22055,00000000;22245,00000000
15/07/2024;785;A;ZAR;0,29990000;0,30000000;18,18580000;18,19320000
15/07/2024;795;A;CNY;0,75150000;0,75160000;7,25920000;7,26000000
15/07/2024;796;A;CNH;0,75020000;0,75040000;7,27110000;7,27200000
15/07/2024;800;A;QAR;1,49570000;1,49660000;3,64570000;3,64750000
15/07/2024;805;A;OMR;14,17060000;14,17220000;0,38500000;0,38500000
15/07/2024;810;A;YER;0,02178000;0,02183000;249,98000000;250,48000000
15/07/2024;815;A;IRR;0,00012990;0,00012990;42000,00000000;42005,00000000
15/07/2024;820;A;SAR;1,45450000;1,45480000;3,75060000;3,75080000
15/07/2024;825;A;KHR;0,00132600;0,00133200;4096,00000000;4116,00000000
15/07/2024;828;A;MYR;1,16750000;1,16840000;4,67000000;4,67300000
15/07/2024;830;A;RUB;0,06175000;0,06176000;88,34550000;88,35450000
15/07/2024;831;A;BYN;1,66380000;1,67060000;3,26610000;3,27910000
15/07/2024;835;A;TJS;0,50990000;0,51470000;10,60000000;10,70000000
15/07/2024;840;A;MUR;0,11670000;0,11750000;46,45000000;46,75000000
15/07/2024;845;A;NPR;0,04079000;0,04079000;133,75000000;133,76000000
15/07/2024;850;A;SCR;0,39080000;0,39090000;13,95860000;13,95870000
15/07/2024;855;A;LKR;0,01803000;0,01805000;302,30000000;302,60000000
15/07/2024;860;A;INR;0,06528000;0,06531000;83,55100000;83,56800000
15/07/2024;865;A;IDR;0,00033730;0,00033750;16165,00000000;16175,00000000
15/07/2024;870;A;MVR;0,35200000;0,35380000;15,42000000;15,50000000
15/07/2024;875;A;PKR;0,01956000;0,01961000;278,25000000;278,90000000
15/07/2024;880;A;ILS;1,50490000;1,50590000;3,62330000;3,62540000
15/07/2024;892;A;KGS;0,06392000;0,06397000;85,30000000;85,35430000
15/07/2024;893;A;UZS;0,00043260;0,00043290;12602,62000000;12612,62000000
15/07/2024;905;A;BDT;0,04623000;0,04664000;117,00000000;118,00000000
15/07/2024;912;B;WST;1,95040000;2,07070000;0,35750000;0,37950000
15/07/2024;913;A;KZT;0,01152000;0,01154000;472,99000000;473,53000000
15/07/2024;915;A;MNT;0,00159000;0,00161900;3371,00000000;3431,00000000
15/07/2024;920;A;VUV;0,04400000;0,04624000;118,00000000;124,00000000
15/07/2024;930;A;KRW;0,00394400;0,00394600;1382,82000000;1383,16000000
15/07/2024;946;A;TZS;0,00205100;0,00205900;2650,00000000;2660,00000000
15/07/2024;950;A;KES;0,04205000;0,04238000;128,75000000;129,75000000
15/07/2024;955;A;UGX;0,00147300;0,00147700;3695,00000000;3705,00000000
15/07/2024;960;A;SOS;0,00948800;0,00960600;568,00000000;575,00000000
15/07/2024;975;A;PLN;1,39980000;1,40040000;3,89620000;3,89740000
15/07/2024;978;B;EUR;5,95220000;5,95500000;1,09100000;1,09140000
15/07/2024;998;A;XAU;426,89360000;426,94050000;0,01278000;0,01278000

[2025-07-06T18:57:23.242+0000] {taskinstance.py:441} INFO - ::group::Post task execution logs
[2025-07-06T18:57:23.310+0000] {taskinstance.py:1206} INFO - Marking task as SUCCESS. dag_id=fin_cotacoes_bcb_classic, task_id=extract, run_id=scheduled__2024-07-15T00:00:00+00:00, execution_date=20240715T000000, start_date=20250706T185722, end_date=20250706T185723
[2025-07-06T18:57:23.416+0000] {local_task_job_runner.py:240} INFO - Task exited with return code 0
[2025-07-06T18:57:23.444+0000] {local_task_job_runner.py:222} INFO - ::endgroup::
[2025-07-07T15:06:43.548+0000] {local_task_job_runner.py:120} INFO - ::group::Pre task execution logs
[2025-07-07T15:06:43.636+0000] {taskinstance.py:2076} INFO - Dependencies all met for dep_context=non-requeueable deps ti=<TaskInstance: fin_cotacoes_bcb_classic.extract scheduled__2024-07-15T00:00:00+00:00 [queued]>
[2025-07-07T15:06:43.655+0000] {taskinstance.py:2076} INFO - Dependencies all met for dep_context=requeueable deps ti=<TaskInstance: fin_cotacoes_bcb_classic.extract scheduled__2024-07-15T00:00:00+00:00 [queued]>
[2025-07-07T15:06:43.655+0000] {taskinstance.py:2306} INFO - Starting attempt 1 of 2
[2025-07-07T15:06:43.693+0000] {taskinstance.py:2330} INFO - Executing <Task(PythonOperator): extract> on 2024-07-15 00:00:00+00:00
[2025-07-07T15:06:43.716+0000] {standard_task_runner.py:90} INFO - Running: ['***', 'tasks', 'run', 'fin_cotacoes_bcb_classic', 'extract', 'scheduled__2024-07-15T00:00:00+00:00', '--job-id', '3343', '--raw', '--subdir', 'DAGS_FOLDER/cotacoes.py', '--cfg-path', '/tmp/tmpvbi31scu']
[2025-07-07T15:06:43.718+0000] {standard_task_runner.py:91} INFO - Job 3343: Subtask extract
[2025-07-07T15:06:43.719+0000] {logging_mixin.py:188} WARNING - /home/***/.local/lib/python3.12/site-packages/***/task/task_runner/standard_task_runner.py:61 DeprecationWarning: This process (pid=98312) is multi-threaded, use of fork() may lead to deadlocks in the child.
[2025-07-07T15:06:43.719+0000] {standard_task_runner.py:63} INFO - Started process 98341 to run task
[2025-07-07T15:06:43.847+0000] {task_command.py:426} INFO - Running <TaskInstance: fin_cotacoes_bcb_classic.extract scheduled__2024-07-15T00:00:00+00:00 [running]> on host bc96ca91d307
[2025-07-07T15:06:44.313+0000] {taskinstance.py:2648} INFO - Exporting env vars: AIRFLOW_CTX_DAG_OWNER='***' AIRFLOW_CTX_DAG_ID='fin_cotacoes_bcb_classic' AIRFLOW_CTX_TASK_ID='extract' AIRFLOW_CTX_EXECUTION_DATE='2024-07-15T00:00:00+00:00' AIRFLOW_CTX_TRY_NUMBER='1' AIRFLOW_CTX_DAG_RUN_ID='scheduled__2024-07-15T00:00:00+00:00'
[2025-07-07T15:06:44.314+0000] {taskinstance.py:430} INFO - ::endgroup::
[2025-07-07T15:06:44.315+0000] {cotacoes.py:35} INFO - Iniciando extração da URL: https://www4.bcb.gov.br/Download/fechamento/20240715.csv
[2025-07-07T15:06:44.722+0000] {cotacoes.py:41} INFO - Extração concluída com sucesso.
[2025-07-07T15:06:44.728+0000] {python.py:237} INFO - Done. Returned value was: 15/07/2024;005;A;AFN;0,07687000;0,07710000;70,77000000;70,97000000
15/07/2024;009;A;ETB;0,09384000;0,09503000;57,41830000;58,13660000
15/07/2024;015;A;THB;0,15100000;0,15110000;36,12000000;36,14000000
15/07/2024;020;A;PAB;5,45570000;5,45630000;1,00000000;1,00000000
15/07/2024;027;A;VES;0,14940000;0,14980000;36,43300000;36,52430000
15/07/2024;030;A;BOB;0,77830000;0,79540000;6,86000000;7,01000000
15/07/2024;035;A;GHS;0,35360000;0,35590000;15,33000000;15,43000000
15/07/2024;040;A;CRC;0,01040000;0,01052000;518,62000000;524,77000000
15/07/2024;045;A;SVC;0,62280000;0,62360000;8,74950000;8,75950000
15/07/2024;051;A;NIO;0,14750000;0,14900000;36,62000000;37,00000000
15/07/2024;055;A;DKK;0,79780000;0,79800000;6,83760000;6,83820000
15/07/2024;060;A;ISK;0,03985000;0,03990000;136,74000000;136,92000000
15/07/2024;065;A;NOK;0,50560000;0,50580000;10,78750000;10,79130000
15/07/2024;070;A;SEK;0,51570000;0,51590000;10,57640000;10,57870000
15/07/2024;075;A;CZK;0,23460000;0,23470000;23,25000000;23,26000000
15/07/2024;090;A;GMD;0,07878000;0,07902000;69,05000000;69,25000000
15/07/2024;095;A;DZD;0,04043000;0,04084000;133,59900000;134,93500000
15/07/2024;100;A;KWD;17,85240000;17,86020000;0,30550000;0,30560000
15/07/2024;105;A;BHD;14,47140000;14,47680000;0,37690000;0,37700000
15/07/2024;115;A;IQD;0,00416200;0,00416800;1309,00000000;1311,00000000
15/07/2024;125;A;JOD;7,68410000;7,70660000;0,70800000;0,71000000
15/07/2024;130;A;LYD;1,12620000;1,13150000;4,82200000;4,84430000
15/07/2024;132;A;MKD;0,09646000;0,09685000;56,34000000;56,56000000
15/07/2024;133;A;RSD;0,05085000;0,05090000;107,19000000;107,30000000
15/07/2024;134;A;SDG;0,00906000;0,00911100;598,85020000;602,19120000
15/07/2024;135;A;TND;1,74500000;1,75940000;3,10120000;3,12650000
15/07/2024;136;A;SSP;0,00347700;0,00356800;1529,29700000;1569,29700000
15/07/2024;138;B;SDR;7,24140000;7,24210000;1,32730000;1,32730000
15/07/2024;139;A;MAD;0,55580000;0,55620000;9,81080000;9,81580000
15/07/2024;145;A;AED;1,48530000;1,48560000;3,67290000;3,67310000
15/07/2024;149;A;STN;0,23810000;0,24300000;22,45230000;22,91260000
15/07/2024;150;B;AUD;3,69680000;3,69830000;0,67760000;0,67780000
15/07/2024;155;A;BSD;5,45570000;5,45630000;1,00000000;1,00000000
15/07/2024;160;A;BMD;5,45570000;5,45630000;1,00000000;1,00000000
15/07/2024;165;A;CAD;3,99280000;3,99350000;1,36630000;1,36640000
15/07/2024;170;A;GYD;0,02592000;0,02623000;207,98000000;210,45000000
15/07/2024;173;A;NAD;0,29990000;0,30000000;18,18860000;18,19200000
15/07/2024;175;A;BBD;2,67420000;2,73070000;1,99810000;2,04010000
15/07/2024;180;A;BZD;2,68330000;2,73060000;1,99820000;2,03320000
15/07/2024;185;A;BND;4,06380000;4,06580000;1,34200000;1,34250000
15/07/2024;190;A;KYD;6,53380000;6,61370000;0,82500000;0,83500000
15/07/2024;195;A;SGD;4,06380000;4,06580000;1,34200000;1,34250000
15/07/2024;197;B;CLF;225,74600000;225,77080000;41,37800000;41,37800000
15/07/2024;200;B;FJD;2,41690000;2,49130000;0,44300000;0,45660000
15/07/2024;205;A;HKD;0,69890000;0,69900000;7,80590000;7,80600000
15/07/2024;210;A;TTD;0,79930000;0,80800000;6,75290000;6,82600000
15/07/2024;215;A;XCD;2,00580000;2,02090000;2,70000000;2,72000000
15/07/2024;220;A;USD;5,45570000;5,45630000;1,00000000;1,00000000
15/07/2024;230;A;JMD;0,03453000;0,03498000;156,00000000;158,00000000
15/07/2024;235;A;LRD;0,02784000;0,02813000;194,00000000;196,00000000
15/07/2024;245;B;NZD;3,32250000;3,32510000;0,60900000;0,60940000
15/07/2024;250;B;SBD;0,61100000;0,67660000;0,11200000;0,12400000
15/07/2024;255;A;SRD;0,18070000;0,18560000;29,39900000;30,18400000
15/07/2024;260;A;VND;0,00021500;0,00021520;25360,00000000;25380,00000000
15/07/2024;275;A;AMD;0,01403000;0,01411000;386,81000000;388,81000000
15/07/2024;295;A;CVE;0,05350000;0,05400000;101,05000000;101,98000000
15/07/2024;325;A;ANG;2,99760000;3,05760000;1,78450000;1,82000000
15/07/2024;328;A;AWG;2,96510000;3,06530000;1,78000000;1,84000000
15/07/2024;345;A;HUF;0,01521000;0,01522000;358,54000000;358,78000000
15/07/2024;363;A;CDF;0,00191400;0,00195600;2790,00000000;2850,00000000
15/07/2024;365;A;BIF;0,00188500;0,00190500;2863,78000000;2894,78000000
15/07/2024;368;A;KMF;0,01202000;0,01208000;451,83000000;453,83000000
15/07/2024;370;A;XAF;0,00902500;0,00907100;601,54000000;604,54000000
15/07/2024;372;A;XOF;0,00898800;0,00909400;600,00000000;607,00000000
15/07/2024;380;A;XPF;0,04959000;0,05004000;109,03000000;110,02000000
15/07/2024;390;A;DJF;0,03056000;0,03073000;177,55000000;178,55000000
15/07/2024;398;A;GNF;0,00062820;0,00063890;8540,00000000;8685,00000000
15/07/2024;406;A;MGA;0,00120500;0,00121600;4487,30000000;4526,71000000
15/07/2024;420;A;RWF;0,00413900;0,00419400;1301,00000000;1318,00000000
15/07/2024;425;A;CHF;6,09440000;6,09780000;0,89480000;0,89520000
15/07/2024;440;A;HTG;0,04118000;0,04138000;131,85000000;132,50000000
15/07/2024;450;A;PYG;0,00072170;0,00072210;7556,03000000;7559,13000000
15/07/2024;460;A;UAH;0,13300000;0,13310000;41,00000000;41,02100000
15/07/2024;470;A;JPY;0,03455000;0,03456000;157,88000000;157,91000000
15/07/2024;482;A;GEL;2,00140000;2,04360000;2,67000000;2,72600000
15/07/2024;490;A;ALL;0,05904000;0,05963000;91,50000000;92,40000000
15/07/2024;495;A;HNL;0,21980000;0,22070000;24,71900000;24,81900000
15/07/2024;500;A;SLL;0,00023820;0,00024050;22683,00000000;22908,00000000
15/07/2024;503;A;MDL;0,30910000;0,31090000;17,55000000;17,65000000
15/07/2024;506;A;RON;1,19770000;1,19890000;4,55110000;4,55510000
15/07/2024;510;A;BGN;3,04310000;3,04500000;1,79190000;1,79280000
15/07/2024;530;B;GIP;7,07330000;7,07950000;1,29650000;1,29750000
15/07/2024;535;A;EGP;0,11370000;0,11390000;47,90000000;48,00000000
15/07/2024;540;B;GBP;7,08150000;7,08450000;1,29800000;1,29840000
15/07/2024;545;B;FKP;7,07330000;7,07950000;1,29650000;1,29750000
15/07/2024;560;A;LBP;0,00006090;0,00006100;89500,00000000;89600,00000000
15/07/2024;570;B;SHP;7,08370000;7,08990000;1,29840000;1,29940000
15/07/2024;575;A;SYP;0,00041960;0,00041970;13000,00000000;13003,00000000
15/07/2024;585;A;SZL;0,29990000;0,30000000;18,18480000;18,19280000
15/07/2024;603;A;LSL;0,29980000;0,30010000;18,17880000;18,19880000
15/07/2024;608;A;TMT;1,55660000;1,56130000;3,49480000;3,50480000
15/07/2024;622;A;MZN;0,08460000;0,08627000;63,25000000;64,49000000
15/07/2024;625;A;ERN;0,36010000;0,36380000;15,00000000;15,15000000
15/07/2024;630;A;NGN;0,00332700;0,00349800;1560,00000000;1640,00000000
15/07/2024;635;A;AOA;0,00612900;0,00625300;872,63500000;890,09600000
15/07/2024;640;A;TWD;0,16730000;0,16750000;32,57300000;32,60300000
15/07/2024;642;A;TRY;0,16510000;0,16550000;32,96460000;33,05340000
15/07/2024;660;A;PEN;1,46430000;1,46560000;3,72300000;3,72570000
15/07/2024;665;A;BTN;0,06524000;0,06529000;83,57500000;83,63000000
15/07/2024;670;A;MRO;0,01520000;0,01533000;356,00000000;359,00000000
15/07/2024;671;A;MRU;0,13760000;0,13810000;39,52000000;39,63900000
15/07/2024;680;B;TOP;2,27560000;2,41220000;0,41710000;0,44210000
15/07/2024;685;A;MOP;0,67760000;0,67860000;8,04000000;8,05200000
15/07/2024;706;A;ARS;0,00591700;0,00592100;921,50000000;922,00000000
15/07/2024;715;A;CLP;0,00600400;0,00600900;908,07000000;908,66000000
15/07/2024;720;A;COP;0,00138700;0,00138900;3929,50000000;3934,00000000
15/07/2024;721;B;COU;0,51720000;0,51730000;0,09480000;0,09480000
15/07/2024;725;A;CUP;0,22730000;0,22730000;24,00000000;24,00000000
15/07/2024;730;A;DOP;0,09202000;0,09262000;58,91000000;59,29000000
15/07/2024;735;A;PHP;0,09332000;0,09336000;58,44200000;58,46200000
15/07/2024;741;A;MXN;0,30700000;0,30720000;17,76000000;17,77200000
15/07/2024;745;A;UYU;0,13590000;0,13610000;40,10000000;40,14000000
15/07/2024;755;B;BWP;0,40150000;0,40430000;0,07360000;0,07410000
15/07/2024;760;A;MWK;0,00311700;0,00317800;1717,02000000;1750,32000000
15/07/2024;766;A;ZMW;0,21270000;0,21310000;25,60000000;25,65000000
15/07/2024;770;A;GTQ;0,70260000;0,70450000;7,74500000;7,76500000
15/07/2024;775;A;MMK;0,00259000;0,00260600;2093,70000000;2106,30000000
15/07/2024;778;B;PGK;1,37430000;1,41540000;0,25190000;0,25940000
15/07/2024;780;A;LAK;0,00024530;0,00024740;22055,00000000;22245,00000000
15/07/2024;785;A;ZAR;0,29990000;0,30000000;18,18580000;18,19320000
15/07/2024;795;A;CNY;0,75150000;0,75160000;7,25920000;7,26000000
15/07/2024;796;A;CNH;0,75020000;0,75040000;7,27110000;7,27200000
15/07/2024;800;A;QAR;1,49570000;1,49660000;3,64570000;3,64750000
15/07/2024;805;A;OMR;14,17060000;14,17220000;0,38500000;0,38500000
15/07/2024;810;A;YER;0,02178000;0,02183000;249,98000000;250,48000000
15/07/2024;815;A;IRR;0,00012990;0,00012990;42000,00000000;42005,00000000
15/07/2024;820;A;SAR;1,45450000;1,45480000;3,75060000;3,75080000
15/07/2024;825;A;KHR;0,00132600;0,00133200;4096,00000000;4116,00000000
15/07/2024;828;A;MYR;1,16750000;1,16840000;4,67000000;4,67300000
15/07/2024;830;A;RUB;0,06175000;0,06176000;88,34550000;88,35450000
15/07/2024;831;A;BYN;1,66380000;1,67060000;3,26610000;3,27910000
15/07/2024;835;A;TJS;0,50990000;0,51470000;10,60000000;10,70000000
15/07/2024;840;A;MUR;0,11670000;0,11750000;46,45000000;46,75000000
15/07/2024;845;A;NPR;0,04079000;0,04079000;133,75000000;133,76000000
15/07/2024;850;A;SCR;0,39080000;0,39090000;13,95860000;13,95870000
15/07/2024;855;A;LKR;0,01803000;0,01805000;302,30000000;302,60000000
15/07/2024;860;A;INR;0,06528000;0,06531000;83,55100000;83,56800000
15/07/2024;865;A;IDR;0,00033730;0,00033750;16165,00000000;16175,00000000
15/07/2024;870;A;MVR;0,35200000;0,35380000;15,42000000;15,50000000
15/07/2024;875;A;PKR;0,01956000;0,01961000;278,25000000;278,90000000
15/07/2024;880;A;ILS;1,50490000;1,50590000;3,62330000;3,62540000
15/07/2024;892;A;KGS;0,06392000;0,06397000;85,30000000;85,35430000
15/07/2024;893;A;UZS;0,00043260;0,00043290;12602,62000000;12612,62000000
15/07/2024;905;A;BDT;0,04623000;0,04664000;117,00000000;118,00000000
15/07/2024;912;B;WST;1,95040000;2,07070000;0,35750000;0,37950000
15/07/2024;913;A;KZT;0,01152000;0,01154000;472,99000000;473,53000000
15/07/2024;915;A;MNT;0,00159000;0,00161900;3371,00000000;3431,00000000
15/07/2024;920;A;VUV;0,04400000;0,04624000;118,00000000;124,00000000
15/07/2024;930;A;KRW;0,00394400;0,00394600;1382,82000000;1383,16000000
15/07/2024;946;A;TZS;0,00205100;0,00205900;2650,00000000;2660,00000000
15/07/2024;950;A;KES;0,04205000;0,04238000;128,75000000;129,75000000
15/07/2024;955;A;UGX;0,00147300;0,00147700;3695,00000000;3705,00000000
15/07/2024;960;A;SOS;0,00948800;0,00960600;568,00000000;575,00000000
15/07/2024;975;A;PLN;1,39980000;1,40040000;3,89620000;3,89740000
15/07/2024;978;B;EUR;5,95220000;5,95500000;1,09100000;1,09140000
15/07/2024;998;A;XAU;426,89360000;426,94050000;0,01278000;0,01278000

[2025-07-07T15:06:44.729+0000] {taskinstance.py:441} INFO - ::group::Post task execution logs
[2025-07-07T15:06:44.803+0000] {taskinstance.py:1206} INFO - Marking task as SUCCESS. dag_id=fin_cotacoes_bcb_classic, task_id=extract, run_id=scheduled__2024-07-15T00:00:00+00:00, execution_date=20240715T000000, start_date=20250707T150643, end_date=20250707T150644
[2025-07-07T15:06:44.907+0000] {local_task_job_runner.py:240} INFO - Task exited with return code 0
[2025-07-07T15:06:45.013+0000] {taskinstance.py:3503} INFO - 0 downstream tasks scheduled from follow-on schedule check
[2025-07-07T15:06:45.021+0000] {local_task_job_runner.py:222} INFO - ::endgroup::
