[2025-07-07T14:34:20.382+0000] {local_task_job_runner.py:120} INFO - ::group::Pre task execution logs
[2025-07-07T14:34:20.513+0000] {taskinstance.py:2076} INFO - Dependencies all met for dep_context=non-requeueable deps ti=<TaskInstance: fin_cotacoes_bcb_classic.create_table_postgres scheduled__2025-03-31T00:00:00+00:00 [queued]>
[2025-07-07T14:34:20.530+0000] {taskinstance.py:2076} INFO - Dependencies all met for dep_context=requeueable deps ti=<TaskInstance: fin_cotacoes_bcb_classic.create_table_postgres scheduled__2025-03-31T00:00:00+00:00 [queued]>
[2025-07-07T14:34:20.530+0000] {taskinstance.py:2306} INFO - Starting attempt 1 of 2
[2025-07-07T14:34:20.563+0000] {taskinstance.py:2330} INFO - Executing <Task(SQLExecuteQueryOperator): create_table_postgres> on 2025-03-31 00:00:00+00:00
[2025-07-07T14:34:20.583+0000] {standard_task_runner.py:90} INFO - Running: ['***', 'tasks', 'run', 'fin_cotacoes_bcb_classic', 'create_table_postgres', 'scheduled__2025-03-31T00:00:00+00:00', '--job-id', '2434', '--raw', '--subdir', 'DAGS_FOLDER/cotacoes.py', '--cfg-path', '/tmp/tmpg2jtxm41']
[2025-07-07T14:34:20.588+0000] {standard_task_runner.py:91} INFO - Job 2434: Subtask create_table_postgres
[2025-07-07T14:34:20.588+0000] {logging_mixin.py:188} WARNING - /home/***/.local/lib/python3.12/site-packages/***/task/task_runner/standard_task_runner.py:61 DeprecationWarning: This process (pid=78551) is multi-threaded, use of fork() may lead to deadlocks in the child.
[2025-07-07T14:34:20.589+0000] {standard_task_runner.py:63} INFO - Started process 78584 to run task
[2025-07-07T14:34:20.717+0000] {task_command.py:426} INFO - Running <TaskInstance: fin_cotacoes_bcb_classic.create_table_postgres scheduled__2025-03-31T00:00:00+00:00 [running]> on host bc96ca91d307
[2025-07-07T14:34:20.927+0000] {taskinstance.py:2648} INFO - Exporting env vars: AIRFLOW_CTX_DAG_OWNER='***' AIRFLOW_CTX_DAG_ID='fin_cotacoes_bcb_classic' AIRFLOW_CTX_TASK_ID='create_table_postgres' AIRFLOW_CTX_EXECUTION_DATE='2025-03-31T00:00:00+00:00' AIRFLOW_CTX_TRY_NUMBER='1' AIRFLOW_CTX_DAG_RUN_ID='scheduled__2025-03-31T00:00:00+00:00'
[2025-07-07T14:34:20.928+0000] {taskinstance.py:430} INFO - ::endgroup::
[2025-07-07T14:34:20.930+0000] {sql.py:276} INFO - Executing: 
CREATE TABLE IF NOT EXISTS cotacoes (
    dt_fechamento DATE,
    cod_moeda TEXT,
    tipo_moeda TEXT,
    desc_moeda TEXT,
    taxa_compra REAL,
    taxa_venda REAL,
    paridade_compra REAL,
    paridade_venda REAL,
    data_processamento TIMESTAMP,
    CONSTRAINT table_pk PRIMARY KEY (dt_fechamento, cod_moeda)
);
[2025-07-07T14:34:20.953+0000] {base.py:84} INFO - Using connection ID '***-postgres' for task execution.
[2025-07-07T14:34:20.969+0000] {base.py:84} INFO - Using connection ID '***-postgres' for task execution.
[2025-07-07T14:34:20.978+0000] {sql.py:487} INFO - Running statement: 
CREATE TABLE IF NOT EXISTS cotacoes (
    dt_fechamento DATE,
    cod_moeda TEXT,
    tipo_moeda TEXT,
    desc_moeda TEXT,
    taxa_compra REAL,
    taxa_venda REAL,
    paridade_compra REAL,
    paridade_venda REAL,
    data_processamento TIMESTAMP,
    CONSTRAINT table_pk PRIMARY KEY (dt_fechamento, cod_moeda)
);, parameters: None
[2025-07-07T14:34:20.982+0000] {taskinstance.py:441} INFO - ::group::Post task execution logs
[2025-07-07T14:34:21.002+0000] {taskinstance.py:1206} INFO - Marking task as SUCCESS. dag_id=fin_cotacoes_bcb_classic, task_id=create_table_postgres, run_id=scheduled__2025-03-31T00:00:00+00:00, execution_date=20250331T000000, start_date=20250707T143420, end_date=20250707T143421
[2025-07-07T14:34:21.057+0000] {local_task_job_runner.py:240} INFO - Task exited with return code 0
[2025-07-07T14:34:21.108+0000] {taskinstance.py:3503} INFO - 0 downstream tasks scheduled from follow-on schedule check
[2025-07-07T14:34:21.112+0000] {local_task_job_runner.py:222} INFO - ::endgroup::
[2025-07-07T15:11:47.235+0000] {local_task_job_runner.py:120} INFO - ::group::Pre task execution logs
[2025-07-07T15:11:47.358+0000] {taskinstance.py:2076} INFO - Dependencies all met for dep_context=non-requeueable deps ti=<TaskInstance: fin_cotacoes_bcb_classic.create_table_postgres scheduled__2025-03-31T00:00:00+00:00 [queued]>
[2025-07-07T15:11:47.379+0000] {taskinstance.py:2076} INFO - Dependencies all met for dep_context=requeueable deps ti=<TaskInstance: fin_cotacoes_bcb_classic.create_table_postgres scheduled__2025-03-31T00:00:00+00:00 [queued]>
[2025-07-07T15:11:47.379+0000] {taskinstance.py:2306} INFO - Starting attempt 1 of 2
[2025-07-07T15:11:47.422+0000] {taskinstance.py:2330} INFO - Executing <Task(SQLExecuteQueryOperator): create_table_postgres> on 2025-03-31 00:00:00+00:00
[2025-07-07T15:11:47.450+0000] {standard_task_runner.py:90} INFO - Running: ['***', 'tasks', 'run', 'fin_cotacoes_bcb_classic', 'create_table_postgres', 'scheduled__2025-03-31T00:00:00+00:00', '--job-id', '4126', '--raw', '--subdir', 'DAGS_FOLDER/cotacoes.py', '--cfg-path', '/tmp/tmpn35n4xv2']
[2025-07-07T15:11:47.455+0000] {standard_task_runner.py:91} INFO - Job 4126: Subtask create_table_postgres
[2025-07-07T15:11:47.463+0000] {logging_mixin.py:188} WARNING - /home/***/.local/lib/python3.12/site-packages/***/task/task_runner/standard_task_runner.py:61 DeprecationWarning: This process (pid=103315) is multi-threaded, use of fork() may lead to deadlocks in the child.
[2025-07-07T15:11:47.464+0000] {standard_task_runner.py:63} INFO - Started process 103372 to run task
[2025-07-07T15:11:47.626+0000] {task_command.py:426} INFO - Running <TaskInstance: fin_cotacoes_bcb_classic.create_table_postgres scheduled__2025-03-31T00:00:00+00:00 [running]> on host bc96ca91d307
[2025-07-07T15:11:47.916+0000] {taskinstance.py:2648} INFO - Exporting env vars: AIRFLOW_CTX_DAG_OWNER='***' AIRFLOW_CTX_DAG_ID='fin_cotacoes_bcb_classic' AIRFLOW_CTX_TASK_ID='create_table_postgres' AIRFLOW_CTX_EXECUTION_DATE='2025-03-31T00:00:00+00:00' AIRFLOW_CTX_TRY_NUMBER='1' AIRFLOW_CTX_DAG_RUN_ID='scheduled__2025-03-31T00:00:00+00:00'
[2025-07-07T15:11:47.917+0000] {taskinstance.py:430} INFO - ::endgroup::
[2025-07-07T15:11:47.920+0000] {sql.py:276} INFO - Executing: 
CREATE TABLE IF NOT EXISTS cotacoes (
    dt_fechamento DATE,
    cod_moeda TEXT,
    tipo_moeda TEXT,
    desc_moeda TEXT,
    taxa_compra REAL,
    taxa_venda REAL,
    paridade_compra REAL,
    paridade_venda REAL,
    data_processamento TIMESTAMP,
    CONSTRAINT table_pk PRIMARY KEY (dt_fechamento, cod_moeda)
);
[2025-07-07T15:11:47.947+0000] {base.py:84} INFO - Using connection ID '***-postgres' for task execution.
[2025-07-07T15:11:47.971+0000] {base.py:84} INFO - Using connection ID '***-postgres' for task execution.
[2025-07-07T15:11:47.983+0000] {sql.py:487} INFO - Running statement: 
CREATE TABLE IF NOT EXISTS cotacoes (
    dt_fechamento DATE,
    cod_moeda TEXT,
    tipo_moeda TEXT,
    desc_moeda TEXT,
    taxa_compra REAL,
    taxa_venda REAL,
    paridade_compra REAL,
    paridade_venda REAL,
    data_processamento TIMESTAMP,
    CONSTRAINT table_pk PRIMARY KEY (dt_fechamento, cod_moeda)
);, parameters: None
[2025-07-07T15:11:47.987+0000] {taskinstance.py:441} INFO - ::group::Post task execution logs
[2025-07-07T15:11:48.005+0000] {taskinstance.py:1206} INFO - Marking task as SUCCESS. dag_id=fin_cotacoes_bcb_classic, task_id=create_table_postgres, run_id=scheduled__2025-03-31T00:00:00+00:00, execution_date=20250331T000000, start_date=20250707T151147, end_date=20250707T151148
[2025-07-07T15:11:48.068+0000] {local_task_job_runner.py:240} INFO - Task exited with return code 0
[2025-07-07T15:11:48.115+0000] {local_task_job_runner.py:222} INFO - ::endgroup::
