[2025-07-07T14:33:48.126+0000] {local_task_job_runner.py:120} INFO - ::group::Pre task execution logs
[2025-07-07T14:33:48.159+0000] {taskinstance.py:2076} INFO - Dependencies all met for dep_context=non-requeueable deps ti=<TaskInstance: fin_cotacoes_bcb_classic.transform_and_load scheduled__2025-02-27T00:00:00+00:00 [queued]>
[2025-07-07T14:33:48.167+0000] {taskinstance.py:2076} INFO - Dependencies all met for dep_context=requeueable deps ti=<TaskInstance: fin_cotacoes_bcb_classic.transform_and_load scheduled__2025-02-27T00:00:00+00:00 [queued]>
[2025-07-07T14:33:48.168+0000] {taskinstance.py:2306} INFO - Starting attempt 1 of 2
[2025-07-07T14:33:48.182+0000] {taskinstance.py:2330} INFO - Executing <Task(PythonOperator): transform_and_load> on 2025-02-27 00:00:00+00:00
[2025-07-07T14:33:48.192+0000] {logging_mixin.py:188} WARNING - /home/***/.local/lib/python3.12/site-packages/***/task/task_runner/standard_task_runner.py:61 DeprecationWarning: This process (pid=78044) is multi-threaded, use of fork() may lead to deadlocks in the child.
[2025-07-07T14:33:48.194+0000] {standard_task_runner.py:63} INFO - Started process 78075 to run task
[2025-07-07T14:33:48.192+0000] {standard_task_runner.py:90} INFO - Running: ['***', 'tasks', 'run', 'fin_cotacoes_bcb_classic', 'transform_and_load', 'scheduled__2025-02-27T00:00:00+00:00', '--job-id', '2363', '--raw', '--subdir', 'DAGS_FOLDER/cotacoes.py', '--cfg-path', '/tmp/tmpudk5c87e']
[2025-07-07T14:33:48.194+0000] {standard_task_runner.py:91} INFO - Job 2363: Subtask transform_and_load
[2025-07-07T14:33:48.242+0000] {task_command.py:426} INFO - Running <TaskInstance: fin_cotacoes_bcb_classic.transform_and_load scheduled__2025-02-27T00:00:00+00:00 [running]> on host bc96ca91d307
[2025-07-07T14:33:48.335+0000] {taskinstance.py:2648} INFO - Exporting env vars: AIRFLOW_CTX_DAG_OWNER='***' AIRFLOW_CTX_DAG_ID='fin_cotacoes_bcb_classic' AIRFLOW_CTX_TASK_ID='transform_and_load' AIRFLOW_CTX_EXECUTION_DATE='2025-02-27T00:00:00+00:00' AIRFLOW_CTX_TRY_NUMBER='1' AIRFLOW_CTX_DAG_RUN_ID='scheduled__2025-02-27T00:00:00+00:00'
[2025-07-07T14:33:48.336+0000] {taskinstance.py:430} INFO - ::endgroup::
[2025-07-07T14:33:48.357+0000] {logging_mixin.py:188} WARNING - /opt/***/dags/cotacoes.py:104 UserWarning: Parsing dates in %d/%m/%Y format when dayfirst=False (the default) was specified. Pass `dayfirst=True` or specify a format to silence this warning.
[2025-07-07T14:33:48.363+0000] {cotacoes.py:109} INFO - DataFrame transformado com 156 linhas.
[2025-07-07T14:33:48.372+0000] {base.py:84} INFO - Using connection ID '***-postgres' for task execution.
[2025-07-07T14:33:48.381+0000] {base.py:84} INFO - Using connection ID '***-postgres' for task execution.
[2025-07-07T14:33:48.411+0000] {sql.py:598} INFO - Loaded 156 rows into cotacoes so far
[2025-07-07T14:33:48.411+0000] {sql.py:611} INFO - Done loading. Loaded a total of 156 rows into cotacoes
[2025-07-07T14:33:48.412+0000] {cotacoes.py:124} INFO - Carregados/Atualizados 156 registros na tabela cotacoes.
[2025-07-07T14:33:48.412+0000] {python.py:237} INFO - Done. Returned value was: None
[2025-07-07T14:33:48.412+0000] {taskinstance.py:441} INFO - ::group::Post task execution logs
[2025-07-07T14:33:48.423+0000] {taskinstance.py:1206} INFO - Marking task as SUCCESS. dag_id=fin_cotacoes_bcb_classic, task_id=transform_and_load, run_id=scheduled__2025-02-27T00:00:00+00:00, execution_date=20250227T000000, start_date=20250707T143348, end_date=20250707T143348
[2025-07-07T14:33:48.448+0000] {local_task_job_runner.py:240} INFO - Task exited with return code 0
[2025-07-07T14:33:48.464+0000] {taskinstance.py:3503} INFO - 0 downstream tasks scheduled from follow-on schedule check
[2025-07-07T14:33:48.466+0000] {local_task_job_runner.py:222} INFO - ::endgroup::
[2025-07-07T15:11:17.363+0000] {local_task_job_runner.py:120} INFO - ::group::Pre task execution logs
[2025-07-07T15:11:17.449+0000] {taskinstance.py:2076} INFO - Dependencies all met for dep_context=non-requeueable deps ti=<TaskInstance: fin_cotacoes_bcb_classic.transform_and_load scheduled__2025-02-27T00:00:00+00:00 [queued]>
[2025-07-07T15:11:17.471+0000] {taskinstance.py:2076} INFO - Dependencies all met for dep_context=requeueable deps ti=<TaskInstance: fin_cotacoes_bcb_classic.transform_and_load scheduled__2025-02-27T00:00:00+00:00 [queued]>
[2025-07-07T15:11:17.471+0000] {taskinstance.py:2306} INFO - Starting attempt 1 of 2
[2025-07-07T15:11:17.504+0000] {taskinstance.py:2330} INFO - Executing <Task(PythonOperator): transform_and_load> on 2025-02-27 00:00:00+00:00
[2025-07-07T15:11:17.526+0000] {logging_mixin.py:188} WARNING - /home/***/.local/lib/python3.12/site-packages/***/task/task_runner/standard_task_runner.py:61 DeprecationWarning: This process (pid=102820) is multi-threaded, use of fork() may lead to deadlocks in the child.
[2025-07-07T15:11:17.527+0000] {standard_task_runner.py:63} INFO - Started process 102882 to run task
[2025-07-07T15:11:17.527+0000] {standard_task_runner.py:90} INFO - Running: ['***', 'tasks', 'run', 'fin_cotacoes_bcb_classic', 'transform_and_load', 'scheduled__2025-02-27T00:00:00+00:00', '--job-id', '4052', '--raw', '--subdir', 'DAGS_FOLDER/cotacoes.py', '--cfg-path', '/tmp/tmp_wessks4']
[2025-07-07T15:11:17.528+0000] {standard_task_runner.py:91} INFO - Job 4052: Subtask transform_and_load
[2025-07-07T15:11:17.628+0000] {task_command.py:426} INFO - Running <TaskInstance: fin_cotacoes_bcb_classic.transform_and_load scheduled__2025-02-27T00:00:00+00:00 [running]> on host bc96ca91d307
[2025-07-07T15:11:17.902+0000] {taskinstance.py:2648} INFO - Exporting env vars: AIRFLOW_CTX_DAG_OWNER='***' AIRFLOW_CTX_DAG_ID='fin_cotacoes_bcb_classic' AIRFLOW_CTX_TASK_ID='transform_and_load' AIRFLOW_CTX_EXECUTION_DATE='2025-02-27T00:00:00+00:00' AIRFLOW_CTX_TRY_NUMBER='1' AIRFLOW_CTX_DAG_RUN_ID='scheduled__2025-02-27T00:00:00+00:00'
[2025-07-07T15:11:17.903+0000] {taskinstance.py:430} INFO - ::endgroup::
[2025-07-07T15:11:17.962+0000] {logging_mixin.py:188} WARNING - /opt/***/dags/cotacoes.py:104 UserWarning: Parsing dates in %d/%m/%Y format when dayfirst=False (the default) was specified. Pass `dayfirst=True` or specify a format to silence this warning.
[2025-07-07T15:11:17.974+0000] {cotacoes.py:109} INFO - DataFrame transformado com 156 linhas.
[2025-07-07T15:11:18.001+0000] {base.py:84} INFO - Using connection ID '***-postgres' for task execution.
[2025-07-07T15:11:18.025+0000] {base.py:84} INFO - Using connection ID '***-postgres' for task execution.
[2025-07-07T15:11:18.145+0000] {sql.py:598} INFO - Loaded 156 rows into cotacoes so far
[2025-07-07T15:11:18.151+0000] {sql.py:611} INFO - Done loading. Loaded a total of 156 rows into cotacoes
[2025-07-07T15:11:18.152+0000] {cotacoes.py:124} INFO - Carregados/Atualizados 156 registros na tabela cotacoes.
[2025-07-07T15:11:18.152+0000] {python.py:237} INFO - Done. Returned value was: None
[2025-07-07T15:11:18.152+0000] {taskinstance.py:441} INFO - ::group::Post task execution logs
[2025-07-07T15:11:18.181+0000] {taskinstance.py:1206} INFO - Marking task as SUCCESS. dag_id=fin_cotacoes_bcb_classic, task_id=transform_and_load, run_id=scheduled__2025-02-27T00:00:00+00:00, execution_date=20250227T000000, start_date=20250707T151117, end_date=20250707T151118
[2025-07-07T15:11:18.283+0000] {local_task_job_runner.py:240} INFO - Task exited with return code 0
[2025-07-07T15:11:18.320+0000] {local_task_job_runner.py:222} INFO - ::endgroup::
