[2025-07-06T20:06:02.172+0000] {local_task_job_runner.py:120} INFO - ::group::Pre task execution logs
[2025-07-06T20:06:02.242+0000] {taskinstance.py:2076} INFO - Dependencies all met for dep_context=non-requeueable deps ti=<TaskInstance: fin_cotacoes_bcb_classic.extract scheduled__2025-05-28T00:00:00+00:00 [queued]>
[2025-07-06T20:06:02.270+0000] {taskinstance.py:2076} INFO - Dependencies all met for dep_context=requeueable deps ti=<TaskInstance: fin_cotacoes_bcb_classic.extract scheduled__2025-05-28T00:00:00+00:00 [queued]>
[2025-07-06T20:06:02.271+0000] {taskinstance.py:2306} INFO - Starting attempt 1 of 2
[2025-07-06T20:06:02.504+0000] {taskinstance.py:2330} INFO - Executing <Task(PythonOperator): extract> on 2025-05-28 00:00:00+00:00
[2025-07-06T20:06:02.537+0000] {logging_mixin.py:188} WARNING - /home/***/.local/lib/python3.12/site-packages/***/task/task_runner/standard_task_runner.py:61 DeprecationWarning: This process (pid=19918) is multi-threaded, use of fork() may lead to deadlocks in the child.
[2025-07-06T20:06:02.541+0000] {standard_task_runner.py:63} INFO - Started process 19956 to run task
[2025-07-06T20:06:02.540+0000] {standard_task_runner.py:90} INFO - Running: ['***', 'tasks', 'run', 'fin_cotacoes_bcb_classic', 'extract', 'scheduled__2025-05-28T00:00:00+00:00', '--job-id', '1364', '--raw', '--subdir', 'DAGS_FOLDER/cotacoes.py', '--cfg-path', '/tmp/tmp6zjv5658']
[2025-07-06T20:06:02.541+0000] {standard_task_runner.py:91} INFO - Job 1364: Subtask extract
[2025-07-06T20:06:02.668+0000] {task_command.py:426} INFO - Running <TaskInstance: fin_cotacoes_bcb_classic.extract scheduled__2025-05-28T00:00:00+00:00 [running]> on host 20adb53d65c4
[2025-07-06T20:06:02.875+0000] {taskinstance.py:2648} INFO - Exporting env vars: AIRFLOW_CTX_DAG_OWNER='***' AIRFLOW_CTX_DAG_ID='fin_cotacoes_bcb_classic' AIRFLOW_CTX_TASK_ID='extract' AIRFLOW_CTX_EXECUTION_DATE='2025-05-28T00:00:00+00:00' AIRFLOW_CTX_TRY_NUMBER='1' AIRFLOW_CTX_DAG_RUN_ID='scheduled__2025-05-28T00:00:00+00:00'
[2025-07-06T20:06:02.877+0000] {taskinstance.py:430} INFO - ::endgroup::
[2025-07-06T20:06:02.880+0000] {cotacoes.py:37} INFO - Iniciando extração da URL: https://www4.bcb.gov.br/Download/fechamento/20250528.csv
[2025-07-06T20:06:03.125+0000] {cotacoes.py:43} INFO - Extração concluída com sucesso.
[2025-07-06T20:06:03.134+0000] {python.py:237} INFO - Done. Returned value was: 28/05/2025;005;A;AFN;0,08155000;0,08179000;69,61000000;69,81000000
28/05/2025;009;A;ETB;0,04115000;0,04270000;133,33790000;138,33790000
28/05/2025;015;A;THB;0,17400000;0,17420000;32,69000000;32,72000000
28/05/2025;020;A;PAB;5,69300000;5,69360000;1,00000000;1,00000000
28/05/2025;027;A;VES;0,05942000;0,05958000;95,56570000;95,80520000
28/05/2025;030;A;BOB;0,81210000;0,83000000;6,86000000;7,01000000
28/05/2025;035;A;GHS;0,55000000;0,55550000;10,25000000;10,35000000
28/05/2025;040;A;CRC;0,01112000;0,01128000;504,86400000;511,80000000
28/05/2025;045;A;SVC;0,64990000;0,65070000;8,74950000;8,75950000
28/05/2025;051;A;NIO;0,15390000;0,15560000;36,60000000;37,00000000
28/05/2025;055;A;DKK;0,86150000;0,86170000;6,60740000;6,60820000
28/05/2025;060;A;ISK;0,04452000;0,04465000;127,53000000;127,87000000
28/05/2025;065;A;NOK;0,55870000;0,55960000;10,17530000;10,19010000
28/05/2025;070;A;SEK;0,58960000;0,58990000;9,65200000;9,65580000
28/05/2025;075;A;CZK;0,25780000;0,25790000;22,07300000;22,08400000
28/05/2025;090;A;GMD;0,07799000;0,07853000;72,50000000;73,00000000
28/05/2025;095;A;DZD;0,04295000;0,04314000;131,99030000;132,53440000
28/05/2025;100;A;KWD;18,52590000;18,55800000;0,30680000;0,30730000
28/05/2025;105;A;BHD;15,09680000;15,10640000;0,37690000;0,37710000
28/05/2025;115;A;IQD;0,00434300;0,00435000;1309,00000000;1311,00000000
28/05/2025;125;A;JOD;8,01830000;8,04180000;0,70800000;0,71000000
28/05/2025;130;A;LYD;1,03870000;1,04410000;5,45300000;5,48070000
28/05/2025;132;A;MKD;0,10410000;0,10500000;54,20000000;54,71000000
28/05/2025;133;A;RSD;0,05476000;0,05493000;103,66000000;103,97000000
28/05/2025;134;A;SDG;0,00945600;0,00951000;598,70020000;602,04120000
28/05/2025;135;A;TND;1,89240000;1,90400000;2,99040000;3,00840000
28/05/2025;136;A;SSP;0,00124800;0,00128500;4432,33920000;4562,33920000
28/05/2025;138;B;SDR;7,72370000;7,72450000;1,35670000;1,35670000
28/05/2025;139;A;MAD;0,61400000;0,61490000;9,25950000;9,27250000
28/05/2025;145;A;AED;1,54980000;1,55030000;3,67260000;3,67330000
28/05/2025;149;A;STN;0,25710000;0,26240000;21,69670000;22,14150000
28/05/2025;150;B;AUD;3,65210000;3,65420000;0,64150000;0,64180000
28/05/2025;155;A;BSD;5,69300000;5,69360000;1,00000000;1,00000000
28/05/2025;160;A;BMD;5,69300000;5,69360000;1,00000000;1,00000000
28/05/2025;165;A;CAD;4,11940000;4,12010000;1,38190000;1,38200000
28/05/2025;170;A;GYD;0,02705000;0,02738000;207,98000000;210,45000000
28/05/2025;173;A;NAD;0,31710000;0,31720000;17,94870000;17,95170000
28/05/2025;175;A;BBD;2,79050000;2,84950000;1,99810000;2,04010000
28/05/2025;180;A;BZD;2,82220000;2,84650000;2,00020000;2,01720000
28/05/2025;185;A;BND;4,41420000;4,41500000;1,28960000;1,28970000
28/05/2025;190;A;KYD;6,81800000;6,88050000;0,82750000;0,83500000
28/05/2025;195;A;SGD;4,41420000;4,41500000;1,28960000;1,28970000
28/05/2025;197;B;CLF;236,74340000;236,76840000;41,58500000;41,58500000
28/05/2025;200;B;FJD;2,48270000;2,54620000;0,43610000;0,44720000
28/05/2025;205;A;HKD;0,72620000;0,72630000;7,83880000;7,83890000
28/05/2025;210;A;TTD;0,83400000;0,84250000;6,75810000;6,82600000
28/05/2025;215;A;XCD;2,09300000;2,11660000;2,69000000;2,72000000
28/05/2025;220;A;USD;5,69300000;5,69360000;1,00000000;1,00000000
28/05/2025;230;A;JMD;0,03553000;0,03594000;158,41000000;160,21000000
28/05/2025;235;A;LRD;0,02818000;0,02876000;198,00000000;202,00000000
28/05/2025;245;B;NZD;3,38850000;3,39110000;0,59520000;0,59560000
28/05/2025;250;B;SBD;0,63360000;0,70090000;0,11130000;0,12310000
28/05/2025;255;A;SRD;0,15390000;0,15680000;36,30000000;37,00000000
28/05/2025;260;A;VND;0,00021900;0,00021940;25950,00000000;25990,00000000
28/05/2025;275;A;AMD;0,01477000;0,01485000;383,44000000;385,44000000
28/05/2025;295;A;CVE;0,05777000;0,05831000;97,65000000;98,54000000
28/05/2025;325;A;ANG;3,12800000;3,19060000;1,78450000;1,82000000
28/05/2025;326;A;XCG;3,12800000;3,19060000;1,78450000;1,82000000
28/05/2025;328;A;AWG;3,09400000;3,19870000;1,78000000;1,84000000
28/05/2025;345;A;HUF;0,01593000;0,01593000;357,32000000;357,48000000
28/05/2025;363;A;CDF;0,00193000;0,00199200;2859,00000000;2950,00000000
28/05/2025;365;A;BIF;0,00188800;0,00193800;2938,05000000;3015,00000000
28/05/2025;368;A;KMF;0,01302000;0,01308000;435,19000000;437,19000000
28/05/2025;370;A;XAF;0,00955600;0,00980100;580,90000000;595,76000000
28/05/2025;372;A;XOF;0,00976900;0,00988900;575,75000000;582,75000000
28/05/2025;380;A;XPF;0,05356000;0,05403000;105,37000000;106,29000000
28/05/2025;390;A;DJF;0,03188000;0,03206000;177,60000000;178,55000000
28/05/2025;398;A;GNF;0,00065440;0,00065980;8629,00000000;8700,00000000
28/05/2025;406;A;MGA;0,00124800;0,00125700;4531,43000000;4560,43000000
28/05/2025;420;A;RWF;0,00400300;0,00405200;1405,32000000;1422,32000000
28/05/2025;425;A;CHF;6,87640000;6,88050000;0,82750000;0,82790000
28/05/2025;440;A;HTG;0,04339000;0,04373000;130,20440000;131,19470000
28/05/2025;450;A;PYG;0,00071190;0,00071310;7984,00000000;7997,00000000
28/05/2025;460;A;UAH;0,13700000;0,13710000;41,52700000;41,54100000
28/05/2025;470;A;JPY;0,03924000;0,03926000;145,02000000;145,07000000
28/05/2025;482;A;GEL;2,06190000;2,10640000;2,70300000;2,76100000
28/05/2025;490;A;ALL;0,06517000;0,06550000;86,93000000;87,35000000
28/05/2025;495;A;HNL;0,21730000;0,21970000;25,91000000;26,20000000
28/05/2025;500;A;SLL;0,00024850;0,00025100;22683,00000000;22908,00000000
28/05/2025;503;A;MDL;0,33040000;0,33230000;17,13200000;17,23200000
28/05/2025;506;A;RON;1,27210000;1,27420000;4,46830000;4,47520000
28/05/2025;510;A;BGN;3,28640000;3,28730000;1,73200000;1,73230000
28/05/2025;530;B;GIP;7,66850000;7,67500000;1,34700000;1,34800000
28/05/2025;535;A;EGP;0,11420000;0,11450000;49,74000000;49,84000000
28/05/2025;540;B;GBP;7,66160000;7,66470000;1,34580000;1,34620000
28/05/2025;545;B;FKP;7,66850000;7,67500000;1,34700000;1,34800000
28/05/2025;560;A;LBP;0,00006350;0,00006360;89500,00000000;89700,00000000
28/05/2025;570;B;SHP;7,66560000;7,66810000;1,34650000;1,34680000
28/05/2025;575;A;SYP;0,00043760;0,00043800;13000,00000000;13010,00000000
28/05/2025;585;A;SZL;0,31710000;0,31760000;17,92590000;17,95600000
28/05/2025;603;A;LSL;0,31710000;0,31720000;17,94870000;17,95170000
28/05/2025;608;A;TMT;1,62450000;1,62930000;3,49450000;3,50450000
28/05/2025;622;A;MZN;0,08821000;0,08999000;63,27000000;64,54000000
28/05/2025;625;A;ERN;0,37580000;0,37960000;15,00000000;15,15000000
28/05/2025;630;A;NGN;0,00358000;0,00359100;1585,43000000;1590,04000000
28/05/2025;635;A;AOA;0,00615200;0,00624300;911,95500000;925,35500000
28/05/2025;640;A;TWD;0,19020000;0,19040000;29,90400000;29,93400000
28/05/2025;642;A;TRY;0,14570000;0,14570000;39,07590000;39,08140000
28/05/2025;660;A;PEN;1,56150000;1,56200000;3,64500000;3,64580000
28/05/2025;665;A;BTN;0,06665000;0,06670000;85,36500000;85,42000000
28/05/2025;670;A;MRO;0,01586000;0,01599000;356,00000000;359,00000000
28/05/2025;671;A;MRU;0,14360000;0,14400000;39,53000000;39,64900000
28/05/2025;680;B;TOP;2,33870000;2,48130000;0,41080000;0,43580000
28/05/2025;685;A;MOP;0,70440000;0,70520000;8,07400000;8,08200000
28/05/2025;706;A;ARS;0,00489100;0,00489600;1163,00000000;1164,00000000
28/05/2025;715;A;CLP;0,00604200;0,00604700;941,62000000;942,22000000
28/05/2025;720;A;COP;0,00137800;0,00137800;4131,64000000;4132,82000000
28/05/2025;721;B;COU;0,51640000;0,51640000;0,09070000;0,09070000
28/05/2025;725;A;CUP;0,23720000;0,23720000;24,00000000;24,00000000
28/05/2025;730;A;DOP;0,09612000;0,09675000;58,85000000;59,23000000
28/05/2025;735;A;PHP;0,10240000;0,10260000;55,49600000;55,58400000
28/05/2025;741;A;MXN;0,29330000;0,29350000;19,39830000;19,40880000
28/05/2025;745;A;UYU;0,13690000;0,13700000;41,55000000;41,58000000
28/05/2025;755;B;BWP;0,42130000;0,42300000;0,07400000;0,07430000
28/05/2025;760;A;MWK;0,00325300;0,00331600;1717,02000000;1750,32000000
28/05/2025;766;A;ZMW;0,21440000;0,21490000;26,50000000;26,55000000
28/05/2025;770;A;GTQ;0,74030000;0,74230000;7,67000000;7,69000000
28/05/2025;775;A;MMK;0,00270300;0,00271900;2093,70000000;2106,30000000
28/05/2025;778;B;PGK;1,34580000;1,38870000;0,23640000;0,24390000
28/05/2025;780;A;LAK;0,00026210;0,00026500;21487,00000000;21717,00000000
28/05/2025;785;A;ZAR;0,31710000;0,31730000;17,94590000;17,95590000
28/05/2025;795;A;CNY;0,79120000;0,79140000;7,19410000;7,19550000
28/05/2025;796;A;CNH;0,79150000;0,79160000;7,19240000;7,19280000
28/05/2025;800;A;QAR;1,56050000;1,56410000;3,64010000;3,64810000
28/05/2025;805;A;OMR;14,78320000;14,79240000;0,38490000;0,38510000
28/05/2025;810;A;YER;0,02335000;0,02340000;243,28000000;243,78000000
28/05/2025;815;A;IRR;0,00013550;0,00013560;42000,00000000;42005,00000000
28/05/2025;820;A;SAR;1,51740000;1,51840000;3,74970000;3,75190000
28/05/2025;825;A;KHR;0,00141800;0,00142600;3994,00000000;4014,00000000
28/05/2025;828;A;MYR;1,34590000;1,34920000;4,22000000;4,23000000
28/05/2025;830;A;RUB;0,07127000;0,07129000;79,87050000;79,87950000
28/05/2025;831;A;BYN;1,73610000;1,74320000;3,26610000;3,27910000
28/05/2025;835;A;TJS;0,56370000;0,57450000;9,91000000;10,10000000
28/05/2025;840;A;MUR;0,12440000;0,12520000;45,47000000;45,77000000
28/05/2025;845;A;NPR;0,04168000;0,04169000;136,58000000;136,59000000
28/05/2025;850;A;SCR;0,37780000;0,39650000;14,35840000;15,06960000
28/05/2025;855;A;LKR;0,01901000;0,01902000;299,40000000;299,50000000
28/05/2025;860;A;INR;0,06663000;0,06668000;85,38600000;85,44100000
28/05/2025;865;A;IDR;0,00034940;0,00034960;16285,00000000;16295,00000000
28/05/2025;870;A;MVR;0,36730000;0,36920000;15,42000000;15,50000000
28/05/2025;875;A;PKR;0,02010000;0,02017000;282,24000000;283,26000000
28/05/2025;880;A;ILS;1,62040000;1,62110000;3,51210000;3,51340000
28/05/2025;892;A;KGS;0,06506000;0,06511000;87,45000000;87,50430000
28/05/2025;893;A;UZS;0,00044350;0,00044390;12826,13000000;12836,13000000
28/05/2025;905;A;BDT;0,04640000;0,04678000;121,70000000;122,70000000
28/05/2025;912;B;WST;2,06090000;2,15790000;0,36200000;0,37900000
28/05/2025;913;A;KZT;0,01113000;0,01114000;511,15000000;511,35000000
28/05/2025;915;A;MNT;0,00159000;0,00159300;3574,00000000;3580,00000000
28/05/2025;920;A;VUV;0,04599000;0,04797000;118,70000000;123,80000000
28/05/2025;930;A;KRW;0,00414000;0,00414200;1374,59000000;1375,08000000
28/05/2025;946;A;TZS;0,00208900;0,00213200;2670,00000000;2725,00000000
28/05/2025;950;A;KES;0,04396000;0,04414000;129,00000000;129,50000000
28/05/2025;955;A;UGX;0,00156100;0,00156500;3638,00000000;3648,00000000
28/05/2025;960;A;SOS;0,00990100;0,01002000;568,00000000;575,00000000
28/05/2025;975;A;PLN;1,51640000;1,51740000;3,75230000;3,75440000
28/05/2025;978;B;EUR;6,42460000;6,42580000;1,12850000;1,12860000
28/05/2025;998;A;XAU;603,13590000;603,19950000;0,00943900;0,00943900

[2025-07-06T20:06:03.135+0000] {taskinstance.py:441} INFO - ::group::Post task execution logs
[2025-07-06T20:06:03.195+0000] {taskinstance.py:1206} INFO - Marking task as SUCCESS. dag_id=fin_cotacoes_bcb_classic, task_id=extract, run_id=scheduled__2025-05-28T00:00:00+00:00, execution_date=20250528T000000, start_date=20250706T200602, end_date=20250706T200603
[2025-07-06T20:06:03.695+0000] {local_task_job_runner.py:240} INFO - Task exited with return code 0
[2025-07-06T20:06:03.716+0000] {local_task_job_runner.py:222} INFO - ::endgroup::
[2025-07-07T14:35:30.819+0000] {local_task_job_runner.py:120} INFO - ::group::Pre task execution logs
[2025-07-07T14:35:30.909+0000] {taskinstance.py:2076} INFO - Dependencies all met for dep_context=non-requeueable deps ti=<TaskInstance: fin_cotacoes_bcb_classic.extract scheduled__2025-05-28T00:00:00+00:00 [queued]>
[2025-07-07T14:35:30.920+0000] {taskinstance.py:2076} INFO - Dependencies all met for dep_context=requeueable deps ti=<TaskInstance: fin_cotacoes_bcb_classic.extract scheduled__2025-05-28T00:00:00+00:00 [queued]>
[2025-07-07T14:35:30.920+0000] {taskinstance.py:2306} INFO - Starting attempt 1 of 2
[2025-07-07T14:35:30.949+0000] {taskinstance.py:2330} INFO - Executing <Task(PythonOperator): extract> on 2025-05-28 00:00:00+00:00
[2025-07-07T14:35:30.968+0000] {logging_mixin.py:188} WARNING - /home/***/.local/lib/python3.12/site-packages/***/task/task_runner/standard_task_runner.py:61 DeprecationWarning: This process (pid=79684) is multi-threaded, use of fork() may lead to deadlocks in the child.
[2025-07-07T14:35:30.970+0000] {standard_task_runner.py:63} INFO - Started process 79744 to run task
[2025-07-07T14:35:30.971+0000] {standard_task_runner.py:90} INFO - Running: ['***', 'tasks', 'run', 'fin_cotacoes_bcb_classic', 'extract', 'scheduled__2025-05-28T00:00:00+00:00', '--job-id', '2616', '--raw', '--subdir', 'DAGS_FOLDER/cotacoes.py', '--cfg-path', '/tmp/tmp2rm4fqi7']
[2025-07-07T14:35:30.979+0000] {standard_task_runner.py:91} INFO - Job 2616: Subtask extract
[2025-07-07T14:35:31.077+0000] {task_command.py:426} INFO - Running <TaskInstance: fin_cotacoes_bcb_classic.extract scheduled__2025-05-28T00:00:00+00:00 [running]> on host bc96ca91d307
[2025-07-07T14:35:31.233+0000] {taskinstance.py:2648} INFO - Exporting env vars: AIRFLOW_CTX_DAG_OWNER='***' AIRFLOW_CTX_DAG_ID='fin_cotacoes_bcb_classic' AIRFLOW_CTX_TASK_ID='extract' AIRFLOW_CTX_EXECUTION_DATE='2025-05-28T00:00:00+00:00' AIRFLOW_CTX_TRY_NUMBER='1' AIRFLOW_CTX_DAG_RUN_ID='scheduled__2025-05-28T00:00:00+00:00'
[2025-07-07T14:35:31.234+0000] {taskinstance.py:430} INFO - ::endgroup::
[2025-07-07T14:35:31.235+0000] {cotacoes.py:35} INFO - Iniciando extração da URL: https://www4.bcb.gov.br/Download/fechamento/20250528.csv
[2025-07-07T14:35:31.561+0000] {cotacoes.py:41} INFO - Extração concluída com sucesso.
[2025-07-07T14:35:31.584+0000] {python.py:237} INFO - Done. Returned value was: 28/05/2025;005;A;AFN;0,08155000;0,08179000;69,61000000;69,81000000
28/05/2025;009;A;ETB;0,04115000;0,04270000;133,33790000;138,33790000
28/05/2025;015;A;THB;0,17400000;0,17420000;32,69000000;32,72000000
28/05/2025;020;A;PAB;5,69300000;5,69360000;1,00000000;1,00000000
28/05/2025;027;A;VES;0,05942000;0,05958000;95,56570000;95,80520000
28/05/2025;030;A;BOB;0,81210000;0,83000000;6,86000000;7,01000000
28/05/2025;035;A;GHS;0,55000000;0,55550000;10,25000000;10,35000000
28/05/2025;040;A;CRC;0,01112000;0,01128000;504,86400000;511,80000000
28/05/2025;045;A;SVC;0,64990000;0,65070000;8,74950000;8,75950000
28/05/2025;051;A;NIO;0,15390000;0,15560000;36,60000000;37,00000000
28/05/2025;055;A;DKK;0,86150000;0,86170000;6,60740000;6,60820000
28/05/2025;060;A;ISK;0,04452000;0,04465000;127,53000000;127,87000000
28/05/2025;065;A;NOK;0,55870000;0,55960000;10,17530000;10,19010000
28/05/2025;070;A;SEK;0,58960000;0,58990000;9,65200000;9,65580000
28/05/2025;075;A;CZK;0,25780000;0,25790000;22,07300000;22,08400000
28/05/2025;090;A;GMD;0,07799000;0,07853000;72,50000000;73,00000000
28/05/2025;095;A;DZD;0,04295000;0,04314000;131,99030000;132,53440000
28/05/2025;100;A;KWD;18,52590000;18,55800000;0,30680000;0,30730000
28/05/2025;105;A;BHD;15,09680000;15,10640000;0,37690000;0,37710000
28/05/2025;115;A;IQD;0,00434300;0,00435000;1309,00000000;1311,00000000
28/05/2025;125;A;JOD;8,01830000;8,04180000;0,70800000;0,71000000
28/05/2025;130;A;LYD;1,03870000;1,04410000;5,45300000;5,48070000
28/05/2025;132;A;MKD;0,10410000;0,10500000;54,20000000;54,71000000
28/05/2025;133;A;RSD;0,05476000;0,05493000;103,66000000;103,97000000
28/05/2025;134;A;SDG;0,00945600;0,00951000;598,70020000;602,04120000
28/05/2025;135;A;TND;1,89240000;1,90400000;2,99040000;3,00840000
28/05/2025;136;A;SSP;0,00124800;0,00128500;4432,33920000;4562,33920000
28/05/2025;138;B;SDR;7,72370000;7,72450000;1,35670000;1,35670000
28/05/2025;139;A;MAD;0,61400000;0,61490000;9,25950000;9,27250000
28/05/2025;145;A;AED;1,54980000;1,55030000;3,67260000;3,67330000
28/05/2025;149;A;STN;0,25710000;0,26240000;21,69670000;22,14150000
28/05/2025;150;B;AUD;3,65210000;3,65420000;0,64150000;0,64180000
28/05/2025;155;A;BSD;5,69300000;5,69360000;1,00000000;1,00000000
28/05/2025;160;A;BMD;5,69300000;5,69360000;1,00000000;1,00000000
28/05/2025;165;A;CAD;4,11940000;4,12010000;1,38190000;1,38200000
28/05/2025;170;A;GYD;0,02705000;0,02738000;207,98000000;210,45000000
28/05/2025;173;A;NAD;0,31710000;0,31720000;17,94870000;17,95170000
28/05/2025;175;A;BBD;2,79050000;2,84950000;1,99810000;2,04010000
28/05/2025;180;A;BZD;2,82220000;2,84650000;2,00020000;2,01720000
28/05/2025;185;A;BND;4,41420000;4,41500000;1,28960000;1,28970000
28/05/2025;190;A;KYD;6,81800000;6,88050000;0,82750000;0,83500000
28/05/2025;195;A;SGD;4,41420000;4,41500000;1,28960000;1,28970000
28/05/2025;197;B;CLF;236,74340000;236,76840000;41,58500000;41,58500000
28/05/2025;200;B;FJD;2,48270000;2,54620000;0,43610000;0,44720000
28/05/2025;205;A;HKD;0,72620000;0,72630000;7,83880000;7,83890000
28/05/2025;210;A;TTD;0,83400000;0,84250000;6,75810000;6,82600000
28/05/2025;215;A;XCD;2,09300000;2,11660000;2,69000000;2,72000000
28/05/2025;220;A;USD;5,69300000;5,69360000;1,00000000;1,00000000
28/05/2025;230;A;JMD;0,03553000;0,03594000;158,41000000;160,21000000
28/05/2025;235;A;LRD;0,02818000;0,02876000;198,00000000;202,00000000
28/05/2025;245;B;NZD;3,38850000;3,39110000;0,59520000;0,59560000
28/05/2025;250;B;SBD;0,63360000;0,70090000;0,11130000;0,12310000
28/05/2025;255;A;SRD;0,15390000;0,15680000;36,30000000;37,00000000
28/05/2025;260;A;VND;0,00021900;0,00021940;25950,00000000;25990,00000000
28/05/2025;275;A;AMD;0,01477000;0,01485000;383,44000000;385,44000000
28/05/2025;295;A;CVE;0,05777000;0,05831000;97,65000000;98,54000000
28/05/2025;325;A;ANG;3,12800000;3,19060000;1,78450000;1,82000000
28/05/2025;326;A;XCG;3,12800000;3,19060000;1,78450000;1,82000000
28/05/2025;328;A;AWG;3,09400000;3,19870000;1,78000000;1,84000000
28/05/2025;345;A;HUF;0,01593000;0,01593000;357,32000000;357,48000000
28/05/2025;363;A;CDF;0,00193000;0,00199200;2859,00000000;2950,00000000
28/05/2025;365;A;BIF;0,00188800;0,00193800;2938,05000000;3015,00000000
28/05/2025;368;A;KMF;0,01302000;0,01308000;435,19000000;437,19000000
28/05/2025;370;A;XAF;0,00955600;0,00980100;580,90000000;595,76000000
28/05/2025;372;A;XOF;0,00976900;0,00988900;575,75000000;582,75000000
28/05/2025;380;A;XPF;0,05356000;0,05403000;105,37000000;106,29000000
28/05/2025;390;A;DJF;0,03188000;0,03206000;177,60000000;178,55000000
28/05/2025;398;A;GNF;0,00065440;0,00065980;8629,00000000;8700,00000000
28/05/2025;406;A;MGA;0,00124800;0,00125700;4531,43000000;4560,43000000
28/05/2025;420;A;RWF;0,00400300;0,00405200;1405,32000000;1422,32000000
28/05/2025;425;A;CHF;6,87640000;6,88050000;0,82750000;0,82790000
28/05/2025;440;A;HTG;0,04339000;0,04373000;130,20440000;131,19470000
28/05/2025;450;A;PYG;0,00071190;0,00071310;7984,00000000;7997,00000000
28/05/2025;460;A;UAH;0,13700000;0,13710000;41,52700000;41,54100000
28/05/2025;470;A;JPY;0,03924000;0,03926000;145,02000000;145,07000000
28/05/2025;482;A;GEL;2,06190000;2,10640000;2,70300000;2,76100000
28/05/2025;490;A;ALL;0,06517000;0,06550000;86,93000000;87,35000000
28/05/2025;495;A;HNL;0,21730000;0,21970000;25,91000000;26,20000000
28/05/2025;500;A;SLL;0,00024850;0,00025100;22683,00000000;22908,00000000
28/05/2025;503;A;MDL;0,33040000;0,33230000;17,13200000;17,23200000
28/05/2025;506;A;RON;1,27210000;1,27420000;4,46830000;4,47520000
28/05/2025;510;A;BGN;3,28640000;3,28730000;1,73200000;1,73230000
28/05/2025;530;B;GIP;7,66850000;7,67500000;1,34700000;1,34800000
28/05/2025;535;A;EGP;0,11420000;0,11450000;49,74000000;49,84000000
28/05/2025;540;B;GBP;7,66160000;7,66470000;1,34580000;1,34620000
28/05/2025;545;B;FKP;7,66850000;7,67500000;1,34700000;1,34800000
28/05/2025;560;A;LBP;0,00006350;0,00006360;89500,00000000;89700,00000000
28/05/2025;570;B;SHP;7,66560000;7,66810000;1,34650000;1,34680000
28/05/2025;575;A;SYP;0,00043760;0,00043800;13000,00000000;13010,00000000
28/05/2025;585;A;SZL;0,31710000;0,31760000;17,92590000;17,95600000
28/05/2025;603;A;LSL;0,31710000;0,31720000;17,94870000;17,95170000
28/05/2025;608;A;TMT;1,62450000;1,62930000;3,49450000;3,50450000
28/05/2025;622;A;MZN;0,08821000;0,08999000;63,27000000;64,54000000
28/05/2025;625;A;ERN;0,37580000;0,37960000;15,00000000;15,15000000
28/05/2025;630;A;NGN;0,00358000;0,00359100;1585,43000000;1590,04000000
28/05/2025;635;A;AOA;0,00615200;0,00624300;911,95500000;925,35500000
28/05/2025;640;A;TWD;0,19020000;0,19040000;29,90400000;29,93400000
28/05/2025;642;A;TRY;0,14570000;0,14570000;39,07590000;39,08140000
28/05/2025;660;A;PEN;1,56150000;1,56200000;3,64500000;3,64580000
28/05/2025;665;A;BTN;0,06665000;0,06670000;85,36500000;85,42000000
28/05/2025;670;A;MRO;0,01586000;0,01599000;356,00000000;359,00000000
28/05/2025;671;A;MRU;0,14360000;0,14400000;39,53000000;39,64900000
28/05/2025;680;B;TOP;2,33870000;2,48130000;0,41080000;0,43580000
28/05/2025;685;A;MOP;0,70440000;0,70520000;8,07400000;8,08200000
28/05/2025;706;A;ARS;0,00489100;0,00489600;1163,00000000;1164,00000000
28/05/2025;715;A;CLP;0,00604200;0,00604700;941,62000000;942,22000000
28/05/2025;720;A;COP;0,00137800;0,00137800;4131,64000000;4132,82000000
28/05/2025;721;B;COU;0,51640000;0,51640000;0,09070000;0,09070000
28/05/2025;725;A;CUP;0,23720000;0,23720000;24,00000000;24,00000000
28/05/2025;730;A;DOP;0,09612000;0,09675000;58,85000000;59,23000000
28/05/2025;735;A;PHP;0,10240000;0,10260000;55,49600000;55,58400000
28/05/2025;741;A;MXN;0,29330000;0,29350000;19,39830000;19,40880000
28/05/2025;745;A;UYU;0,13690000;0,13700000;41,55000000;41,58000000
28/05/2025;755;B;BWP;0,42130000;0,42300000;0,07400000;0,07430000
28/05/2025;760;A;MWK;0,00325300;0,00331600;1717,02000000;1750,32000000
28/05/2025;766;A;ZMW;0,21440000;0,21490000;26,50000000;26,55000000
28/05/2025;770;A;GTQ;0,74030000;0,74230000;7,67000000;7,69000000
28/05/2025;775;A;MMK;0,00270300;0,00271900;2093,70000000;2106,30000000
28/05/2025;778;B;PGK;1,34580000;1,38870000;0,23640000;0,24390000
28/05/2025;780;A;LAK;0,00026210;0,00026500;21487,00000000;21717,00000000
28/05/2025;785;A;ZAR;0,31710000;0,31730000;17,94590000;17,95590000
28/05/2025;795;A;CNY;0,79120000;0,79140000;7,19410000;7,19550000
28/05/2025;796;A;CNH;0,79150000;0,79160000;7,19240000;7,19280000
28/05/2025;800;A;QAR;1,56050000;1,56410000;3,64010000;3,64810000
28/05/2025;805;A;OMR;14,78320000;14,79240000;0,38490000;0,38510000
28/05/2025;810;A;YER;0,02335000;0,02340000;243,28000000;243,78000000
28/05/2025;815;A;IRR;0,00013550;0,00013560;42000,00000000;42005,00000000
28/05/2025;820;A;SAR;1,51740000;1,51840000;3,74970000;3,75190000
28/05/2025;825;A;KHR;0,00141800;0,00142600;3994,00000000;4014,00000000
28/05/2025;828;A;MYR;1,34590000;1,34920000;4,22000000;4,23000000
28/05/2025;830;A;RUB;0,07127000;0,07129000;79,87050000;79,87950000
28/05/2025;831;A;BYN;1,73610000;1,74320000;3,26610000;3,27910000
28/05/2025;835;A;TJS;0,56370000;0,57450000;9,91000000;10,10000000
28/05/2025;840;A;MUR;0,12440000;0,12520000;45,47000000;45,77000000
28/05/2025;845;A;NPR;0,04168000;0,04169000;136,58000000;136,59000000
28/05/2025;850;A;SCR;0,37780000;0,39650000;14,35840000;15,06960000
28/05/2025;855;A;LKR;0,01901000;0,01902000;299,40000000;299,50000000
28/05/2025;860;A;INR;0,06663000;0,06668000;85,38600000;85,44100000
28/05/2025;865;A;IDR;0,00034940;0,00034960;16285,00000000;16295,00000000
28/05/2025;870;A;MVR;0,36730000;0,36920000;15,42000000;15,50000000
28/05/2025;875;A;PKR;0,02010000;0,02017000;282,24000000;283,26000000
28/05/2025;880;A;ILS;1,62040000;1,62110000;3,51210000;3,51340000
28/05/2025;892;A;KGS;0,06506000;0,06511000;87,45000000;87,50430000
28/05/2025;893;A;UZS;0,00044350;0,00044390;12826,13000000;12836,13000000
28/05/2025;905;A;BDT;0,04640000;0,04678000;121,70000000;122,70000000
28/05/2025;912;B;WST;2,06090000;2,15790000;0,36200000;0,37900000
28/05/2025;913;A;KZT;0,01113000;0,01114000;511,15000000;511,35000000
28/05/2025;915;A;MNT;0,00159000;0,00159300;3574,00000000;3580,00000000
28/05/2025;920;A;VUV;0,04599000;0,04797000;118,70000000;123,80000000
28/05/2025;930;A;KRW;0,00414000;0,00414200;1374,59000000;1375,08000000
28/05/2025;946;A;TZS;0,00208900;0,00213200;2670,00000000;2725,00000000
28/05/2025;950;A;KES;0,04396000;0,04414000;129,00000000;129,50000000
28/05/2025;955;A;UGX;0,00156100;0,00156500;3638,00000000;3648,00000000
28/05/2025;960;A;SOS;0,00990100;0,01002000;568,00000000;575,00000000
28/05/2025;975;A;PLN;1,51640000;1,51740000;3,75230000;3,75440000
28/05/2025;978;B;EUR;6,42460000;6,42580000;1,12850000;1,12860000
28/05/2025;998;A;XAU;603,13590000;603,19950000;0,00943900;0,00943900

[2025-07-07T14:35:31.585+0000] {taskinstance.py:441} INFO - ::group::Post task execution logs
[2025-07-07T14:35:31.689+0000] {taskinstance.py:1206} INFO - Marking task as SUCCESS. dag_id=fin_cotacoes_bcb_classic, task_id=extract, run_id=scheduled__2025-05-28T00:00:00+00:00, execution_date=20250528T000000, start_date=20250707T143530, end_date=20250707T143531
[2025-07-07T14:35:31.776+0000] {local_task_job_runner.py:240} INFO - Task exited with return code 0
[2025-07-07T14:35:31.894+0000] {taskinstance.py:3503} INFO - 0 downstream tasks scheduled from follow-on schedule check
[2025-07-07T14:35:31.901+0000] {local_task_job_runner.py:222} INFO - ::endgroup::
[2025-07-07T15:12:48.987+0000] {local_task_job_runner.py:120} INFO - ::group::Pre task execution logs
[2025-07-07T15:12:49.090+0000] {taskinstance.py:2076} INFO - Dependencies all met for dep_context=non-requeueable deps ti=<TaskInstance: fin_cotacoes_bcb_classic.extract scheduled__2025-05-28T00:00:00+00:00 [queued]>
[2025-07-07T15:12:49.112+0000] {taskinstance.py:2076} INFO - Dependencies all met for dep_context=requeueable deps ti=<TaskInstance: fin_cotacoes_bcb_classic.extract scheduled__2025-05-28T00:00:00+00:00 [queued]>
[2025-07-07T15:12:49.113+0000] {taskinstance.py:2306} INFO - Starting attempt 1 of 2
[2025-07-07T15:12:49.150+0000] {taskinstance.py:2330} INFO - Executing <Task(PythonOperator): extract> on 2025-05-28 00:00:00+00:00
[2025-07-07T15:12:49.175+0000] {logging_mixin.py:188} WARNING - /home/***/.local/lib/python3.12/site-packages/***/task/task_runner/standard_task_runner.py:61 DeprecationWarning: This process (pid=104338) is multi-threaded, use of fork() may lead to deadlocks in the child.
[2025-07-07T15:12:49.176+0000] {standard_task_runner.py:63} INFO - Started process 104395 to run task
[2025-07-07T15:12:49.173+0000] {standard_task_runner.py:90} INFO - Running: ['***', 'tasks', 'run', 'fin_cotacoes_bcb_classic', 'extract', 'scheduled__2025-05-28T00:00:00+00:00', '--job-id', '4292', '--raw', '--subdir', 'DAGS_FOLDER/cotacoes.py', '--cfg-path', '/tmp/tmpoyan58h4']
[2025-07-07T15:12:49.178+0000] {standard_task_runner.py:91} INFO - Job 4292: Subtask extract
[2025-07-07T15:12:49.270+0000] {task_command.py:426} INFO - Running <TaskInstance: fin_cotacoes_bcb_classic.extract scheduled__2025-05-28T00:00:00+00:00 [running]> on host bc96ca91d307
[2025-07-07T15:12:49.526+0000] {taskinstance.py:2648} INFO - Exporting env vars: AIRFLOW_CTX_DAG_OWNER='***' AIRFLOW_CTX_DAG_ID='fin_cotacoes_bcb_classic' AIRFLOW_CTX_TASK_ID='extract' AIRFLOW_CTX_EXECUTION_DATE='2025-05-28T00:00:00+00:00' AIRFLOW_CTX_TRY_NUMBER='1' AIRFLOW_CTX_DAG_RUN_ID='scheduled__2025-05-28T00:00:00+00:00'
[2025-07-07T15:12:49.529+0000] {taskinstance.py:430} INFO - ::endgroup::
[2025-07-07T15:12:49.534+0000] {cotacoes.py:35} INFO - Iniciando extração da URL: https://www4.bcb.gov.br/Download/fechamento/20250528.csv
[2025-07-07T15:12:49.970+0000] {cotacoes.py:41} INFO - Extração concluída com sucesso.
[2025-07-07T15:12:49.980+0000] {python.py:237} INFO - Done. Returned value was: 28/05/2025;005;A;AFN;0,08155000;0,08179000;69,61000000;69,81000000
28/05/2025;009;A;ETB;0,04115000;0,04270000;133,33790000;138,33790000
28/05/2025;015;A;THB;0,17400000;0,17420000;32,69000000;32,72000000
28/05/2025;020;A;PAB;5,69300000;5,69360000;1,00000000;1,00000000
28/05/2025;027;A;VES;0,05942000;0,05958000;95,56570000;95,80520000
28/05/2025;030;A;BOB;0,81210000;0,83000000;6,86000000;7,01000000
28/05/2025;035;A;GHS;0,55000000;0,55550000;10,25000000;10,35000000
28/05/2025;040;A;CRC;0,01112000;0,01128000;504,86400000;511,80000000
28/05/2025;045;A;SVC;0,64990000;0,65070000;8,74950000;8,75950000
28/05/2025;051;A;NIO;0,15390000;0,15560000;36,60000000;37,00000000
28/05/2025;055;A;DKK;0,86150000;0,86170000;6,60740000;6,60820000
28/05/2025;060;A;ISK;0,04452000;0,04465000;127,53000000;127,87000000
28/05/2025;065;A;NOK;0,55870000;0,55960000;10,17530000;10,19010000
28/05/2025;070;A;SEK;0,58960000;0,58990000;9,65200000;9,65580000
28/05/2025;075;A;CZK;0,25780000;0,25790000;22,07300000;22,08400000
28/05/2025;090;A;GMD;0,07799000;0,07853000;72,50000000;73,00000000
28/05/2025;095;A;DZD;0,04295000;0,04314000;131,99030000;132,53440000
28/05/2025;100;A;KWD;18,52590000;18,55800000;0,30680000;0,30730000
28/05/2025;105;A;BHD;15,09680000;15,10640000;0,37690000;0,37710000
28/05/2025;115;A;IQD;0,00434300;0,00435000;1309,00000000;1311,00000000
28/05/2025;125;A;JOD;8,01830000;8,04180000;0,70800000;0,71000000
28/05/2025;130;A;LYD;1,03870000;1,04410000;5,45300000;5,48070000
28/05/2025;132;A;MKD;0,10410000;0,10500000;54,20000000;54,71000000
28/05/2025;133;A;RSD;0,05476000;0,05493000;103,66000000;103,97000000
28/05/2025;134;A;SDG;0,00945600;0,00951000;598,70020000;602,04120000
28/05/2025;135;A;TND;1,89240000;1,90400000;2,99040000;3,00840000
28/05/2025;136;A;SSP;0,00124800;0,00128500;4432,33920000;4562,33920000
28/05/2025;138;B;SDR;7,72370000;7,72450000;1,35670000;1,35670000
28/05/2025;139;A;MAD;0,61400000;0,61490000;9,25950000;9,27250000
28/05/2025;145;A;AED;1,54980000;1,55030000;3,67260000;3,67330000
28/05/2025;149;A;STN;0,25710000;0,26240000;21,69670000;22,14150000
28/05/2025;150;B;AUD;3,65210000;3,65420000;0,64150000;0,64180000
28/05/2025;155;A;BSD;5,69300000;5,69360000;1,00000000;1,00000000
28/05/2025;160;A;BMD;5,69300000;5,69360000;1,00000000;1,00000000
28/05/2025;165;A;CAD;4,11940000;4,12010000;1,38190000;1,38200000
28/05/2025;170;A;GYD;0,02705000;0,02738000;207,98000000;210,45000000
28/05/2025;173;A;NAD;0,31710000;0,31720000;17,94870000;17,95170000
28/05/2025;175;A;BBD;2,79050000;2,84950000;1,99810000;2,04010000
28/05/2025;180;A;BZD;2,82220000;2,84650000;2,00020000;2,01720000
28/05/2025;185;A;BND;4,41420000;4,41500000;1,28960000;1,28970000
28/05/2025;190;A;KYD;6,81800000;6,88050000;0,82750000;0,83500000
28/05/2025;195;A;SGD;4,41420000;4,41500000;1,28960000;1,28970000
28/05/2025;197;B;CLF;236,74340000;236,76840000;41,58500000;41,58500000
28/05/2025;200;B;FJD;2,48270000;2,54620000;0,43610000;0,44720000
28/05/2025;205;A;HKD;0,72620000;0,72630000;7,83880000;7,83890000
28/05/2025;210;A;TTD;0,83400000;0,84250000;6,75810000;6,82600000
28/05/2025;215;A;XCD;2,09300000;2,11660000;2,69000000;2,72000000
28/05/2025;220;A;USD;5,69300000;5,69360000;1,00000000;1,00000000
28/05/2025;230;A;JMD;0,03553000;0,03594000;158,41000000;160,21000000
28/05/2025;235;A;LRD;0,02818000;0,02876000;198,00000000;202,00000000
28/05/2025;245;B;NZD;3,38850000;3,39110000;0,59520000;0,59560000
28/05/2025;250;B;SBD;0,63360000;0,70090000;0,11130000;0,12310000
28/05/2025;255;A;SRD;0,15390000;0,15680000;36,30000000;37,00000000
28/05/2025;260;A;VND;0,00021900;0,00021940;25950,00000000;25990,00000000
28/05/2025;275;A;AMD;0,01477000;0,01485000;383,44000000;385,44000000
28/05/2025;295;A;CVE;0,05777000;0,05831000;97,65000000;98,54000000
28/05/2025;325;A;ANG;3,12800000;3,19060000;1,78450000;1,82000000
28/05/2025;326;A;XCG;3,12800000;3,19060000;1,78450000;1,82000000
28/05/2025;328;A;AWG;3,09400000;3,19870000;1,78000000;1,84000000
28/05/2025;345;A;HUF;0,01593000;0,01593000;357,32000000;357,48000000
28/05/2025;363;A;CDF;0,00193000;0,00199200;2859,00000000;2950,00000000
28/05/2025;365;A;BIF;0,00188800;0,00193800;2938,05000000;3015,00000000
28/05/2025;368;A;KMF;0,01302000;0,01308000;435,19000000;437,19000000
28/05/2025;370;A;XAF;0,00955600;0,00980100;580,90000000;595,76000000
28/05/2025;372;A;XOF;0,00976900;0,00988900;575,75000000;582,75000000
28/05/2025;380;A;XPF;0,05356000;0,05403000;105,37000000;106,29000000
28/05/2025;390;A;DJF;0,03188000;0,03206000;177,60000000;178,55000000
28/05/2025;398;A;GNF;0,00065440;0,00065980;8629,00000000;8700,00000000
28/05/2025;406;A;MGA;0,00124800;0,00125700;4531,43000000;4560,43000000
28/05/2025;420;A;RWF;0,00400300;0,00405200;1405,32000000;1422,32000000
28/05/2025;425;A;CHF;6,87640000;6,88050000;0,82750000;0,82790000
28/05/2025;440;A;HTG;0,04339000;0,04373000;130,20440000;131,19470000
28/05/2025;450;A;PYG;0,00071190;0,00071310;7984,00000000;7997,00000000
28/05/2025;460;A;UAH;0,13700000;0,13710000;41,52700000;41,54100000
28/05/2025;470;A;JPY;0,03924000;0,03926000;145,02000000;145,07000000
28/05/2025;482;A;GEL;2,06190000;2,10640000;2,70300000;2,76100000
28/05/2025;490;A;ALL;0,06517000;0,06550000;86,93000000;87,35000000
28/05/2025;495;A;HNL;0,21730000;0,21970000;25,91000000;26,20000000
28/05/2025;500;A;SLL;0,00024850;0,00025100;22683,00000000;22908,00000000
28/05/2025;503;A;MDL;0,33040000;0,33230000;17,13200000;17,23200000
28/05/2025;506;A;RON;1,27210000;1,27420000;4,46830000;4,47520000
28/05/2025;510;A;BGN;3,28640000;3,28730000;1,73200000;1,73230000
28/05/2025;530;B;GIP;7,66850000;7,67500000;1,34700000;1,34800000
28/05/2025;535;A;EGP;0,11420000;0,11450000;49,74000000;49,84000000
28/05/2025;540;B;GBP;7,66160000;7,66470000;1,34580000;1,34620000
28/05/2025;545;B;FKP;7,66850000;7,67500000;1,34700000;1,34800000
28/05/2025;560;A;LBP;0,00006350;0,00006360;89500,00000000;89700,00000000
28/05/2025;570;B;SHP;7,66560000;7,66810000;1,34650000;1,34680000
28/05/2025;575;A;SYP;0,00043760;0,00043800;13000,00000000;13010,00000000
28/05/2025;585;A;SZL;0,31710000;0,31760000;17,92590000;17,95600000
28/05/2025;603;A;LSL;0,31710000;0,31720000;17,94870000;17,95170000
28/05/2025;608;A;TMT;1,62450000;1,62930000;3,49450000;3,50450000
28/05/2025;622;A;MZN;0,08821000;0,08999000;63,27000000;64,54000000
28/05/2025;625;A;ERN;0,37580000;0,37960000;15,00000000;15,15000000
28/05/2025;630;A;NGN;0,00358000;0,00359100;1585,43000000;1590,04000000
28/05/2025;635;A;AOA;0,00615200;0,00624300;911,95500000;925,35500000
28/05/2025;640;A;TWD;0,19020000;0,19040000;29,90400000;29,93400000
28/05/2025;642;A;TRY;0,14570000;0,14570000;39,07590000;39,08140000
28/05/2025;660;A;PEN;1,56150000;1,56200000;3,64500000;3,64580000
28/05/2025;665;A;BTN;0,06665000;0,06670000;85,36500000;85,42000000
28/05/2025;670;A;MRO;0,01586000;0,01599000;356,00000000;359,00000000
28/05/2025;671;A;MRU;0,14360000;0,14400000;39,53000000;39,64900000
28/05/2025;680;B;TOP;2,33870000;2,48130000;0,41080000;0,43580000
28/05/2025;685;A;MOP;0,70440000;0,70520000;8,07400000;8,08200000
28/05/2025;706;A;ARS;0,00489100;0,00489600;1163,00000000;1164,00000000
28/05/2025;715;A;CLP;0,00604200;0,00604700;941,62000000;942,22000000
28/05/2025;720;A;COP;0,00137800;0,00137800;4131,64000000;4132,82000000
28/05/2025;721;B;COU;0,51640000;0,51640000;0,09070000;0,09070000
28/05/2025;725;A;CUP;0,23720000;0,23720000;24,00000000;24,00000000
28/05/2025;730;A;DOP;0,09612000;0,09675000;58,85000000;59,23000000
28/05/2025;735;A;PHP;0,10240000;0,10260000;55,49600000;55,58400000
28/05/2025;741;A;MXN;0,29330000;0,29350000;19,39830000;19,40880000
28/05/2025;745;A;UYU;0,13690000;0,13700000;41,55000000;41,58000000
28/05/2025;755;B;BWP;0,42130000;0,42300000;0,07400000;0,07430000
28/05/2025;760;A;MWK;0,00325300;0,00331600;1717,02000000;1750,32000000
28/05/2025;766;A;ZMW;0,21440000;0,21490000;26,50000000;26,55000000
28/05/2025;770;A;GTQ;0,74030000;0,74230000;7,67000000;7,69000000
28/05/2025;775;A;MMK;0,00270300;0,00271900;2093,70000000;2106,30000000
28/05/2025;778;B;PGK;1,34580000;1,38870000;0,23640000;0,24390000
28/05/2025;780;A;LAK;0,00026210;0,00026500;21487,00000000;21717,00000000
28/05/2025;785;A;ZAR;0,31710000;0,31730000;17,94590000;17,95590000
28/05/2025;795;A;CNY;0,79120000;0,79140000;7,19410000;7,19550000
28/05/2025;796;A;CNH;0,79150000;0,79160000;7,19240000;7,19280000
28/05/2025;800;A;QAR;1,56050000;1,56410000;3,64010000;3,64810000
28/05/2025;805;A;OMR;14,78320000;14,79240000;0,38490000;0,38510000
28/05/2025;810;A;YER;0,02335000;0,02340000;243,28000000;243,78000000
28/05/2025;815;A;IRR;0,00013550;0,00013560;42000,00000000;42005,00000000
28/05/2025;820;A;SAR;1,51740000;1,51840000;3,74970000;3,75190000
28/05/2025;825;A;KHR;0,00141800;0,00142600;3994,00000000;4014,00000000
28/05/2025;828;A;MYR;1,34590000;1,34920000;4,22000000;4,23000000
28/05/2025;830;A;RUB;0,07127000;0,07129000;79,87050000;79,87950000
28/05/2025;831;A;BYN;1,73610000;1,74320000;3,26610000;3,27910000
28/05/2025;835;A;TJS;0,56370000;0,57450000;9,91000000;10,10000000
28/05/2025;840;A;MUR;0,12440000;0,12520000;45,47000000;45,77000000
28/05/2025;845;A;NPR;0,04168000;0,04169000;136,58000000;136,59000000
28/05/2025;850;A;SCR;0,37780000;0,39650000;14,35840000;15,06960000
28/05/2025;855;A;LKR;0,01901000;0,01902000;299,40000000;299,50000000
28/05/2025;860;A;INR;0,06663000;0,06668000;85,38600000;85,44100000
28/05/2025;865;A;IDR;0,00034940;0,00034960;16285,00000000;16295,00000000
28/05/2025;870;A;MVR;0,36730000;0,36920000;15,42000000;15,50000000
28/05/2025;875;A;PKR;0,02010000;0,02017000;282,24000000;283,26000000
28/05/2025;880;A;ILS;1,62040000;1,62110000;3,51210000;3,51340000
28/05/2025;892;A;KGS;0,06506000;0,06511000;87,45000000;87,50430000
28/05/2025;893;A;UZS;0,00044350;0,00044390;12826,13000000;12836,13000000
28/05/2025;905;A;BDT;0,04640000;0,04678000;121,70000000;122,70000000
28/05/2025;912;B;WST;2,06090000;2,15790000;0,36200000;0,37900000
28/05/2025;913;A;KZT;0,01113000;0,01114000;511,15000000;511,35000000
28/05/2025;915;A;MNT;0,00159000;0,00159300;3574,00000000;3580,00000000
28/05/2025;920;A;VUV;0,04599000;0,04797000;118,70000000;123,80000000
28/05/2025;930;A;KRW;0,00414000;0,00414200;1374,59000000;1375,08000000
28/05/2025;946;A;TZS;0,00208900;0,00213200;2670,00000000;2725,00000000
28/05/2025;950;A;KES;0,04396000;0,04414000;129,00000000;129,50000000
28/05/2025;955;A;UGX;0,00156100;0,00156500;3638,00000000;3648,00000000
28/05/2025;960;A;SOS;0,00990100;0,01002000;568,00000000;575,00000000
28/05/2025;975;A;PLN;1,51640000;1,51740000;3,75230000;3,75440000
28/05/2025;978;B;EUR;6,42460000;6,42580000;1,12850000;1,12860000
28/05/2025;998;A;XAU;603,13590000;603,19950000;0,00943900;0,00943900

[2025-07-07T15:12:49.980+0000] {taskinstance.py:441} INFO - ::group::Post task execution logs
[2025-07-07T15:12:50.029+0000] {taskinstance.py:1206} INFO - Marking task as SUCCESS. dag_id=fin_cotacoes_bcb_classic, task_id=extract, run_id=scheduled__2025-05-28T00:00:00+00:00, execution_date=20250528T000000, start_date=20250707T151249, end_date=20250707T151250
[2025-07-07T15:12:50.093+0000] {local_task_job_runner.py:240} INFO - Task exited with return code 0
[2025-07-07T15:12:50.146+0000] {taskinstance.py:3503} INFO - 1 downstream tasks scheduled from follow-on schedule check
[2025-07-07T15:12:50.154+0000] {local_task_job_runner.py:222} INFO - ::endgroup::
