[2025-07-07T14:34:26.752+0000] {local_task_job_runner.py:120} INFO - ::group::Pre task execution logs
[2025-07-07T14:34:26.842+0000] {taskinstance.py:2076} INFO - Dependencies all met for dep_context=non-requeueable deps ti=<TaskInstance: fin_cotacoes_bcb_classic.transform_and_load scheduled__2025-03-29T00:00:00+00:00 [queued]>
[2025-07-07T14:34:26.873+0000] {taskinstance.py:2076} INFO - Dependencies all met for dep_context=requeueable deps ti=<TaskInstance: fin_cotacoes_bcb_classic.transform_and_load scheduled__2025-03-29T00:00:00+00:00 [queued]>
[2025-07-07T14:34:26.873+0000] {taskinstance.py:2306} INFO - Starting attempt 1 of 2
[2025-07-07T14:34:26.905+0000] {taskinstance.py:2330} INFO - Executing <Task(PythonOperator): transform_and_load> on 2025-03-29 00:00:00+00:00
[2025-07-07T14:34:26.929+0000] {standard_task_runner.py:90} INFO - Running: ['***', 'tasks', 'run', 'fin_cotacoes_bcb_classic', 'transform_and_load', 'scheduled__2025-03-29T00:00:00+00:00', '--job-id', '2453', '--raw', '--subdir', 'DAGS_FOLDER/cotacoes.py', '--cfg-path', '/tmp/tmpigoe4bg1']
[2025-07-07T14:34:26.930+0000] {standard_task_runner.py:91} INFO - Job 2453: Subtask transform_and_load
[2025-07-07T14:34:26.932+0000] {logging_mixin.py:188} WARNING - /home/***/.local/lib/python3.12/site-packages/***/task/task_runner/standard_task_runner.py:61 DeprecationWarning: This process (pid=78632) is multi-threaded, use of fork() may lead to deadlocks in the child.
[2025-07-07T14:34:26.933+0000] {standard_task_runner.py:63} INFO - Started process 78695 to run task
[2025-07-07T14:34:27.096+0000] {task_command.py:426} INFO - Running <TaskInstance: fin_cotacoes_bcb_classic.transform_and_load scheduled__2025-03-29T00:00:00+00:00 [running]> on host bc96ca91d307
[2025-07-07T14:34:27.355+0000] {taskinstance.py:2648} INFO - Exporting env vars: AIRFLOW_CTX_DAG_OWNER='***' AIRFLOW_CTX_DAG_ID='fin_cotacoes_bcb_classic' AIRFLOW_CTX_TASK_ID='transform_and_load' AIRFLOW_CTX_EXECUTION_DATE='2025-03-29T00:00:00+00:00' AIRFLOW_CTX_TRY_NUMBER='1' AIRFLOW_CTX_DAG_RUN_ID='scheduled__2025-03-29T00:00:00+00:00'
[2025-07-07T14:34:27.361+0000] {taskinstance.py:430} INFO - ::endgroup::
[2025-07-07T14:34:27.378+0000] {cotacoes.py:91} WARNING - Nenhum dado recebido da tarefa de extração. Pulando transformação e carga.
[2025-07-07T14:34:27.379+0000] {python.py:237} INFO - Done. Returned value was: None
[2025-07-07T14:34:27.383+0000] {taskinstance.py:441} INFO - ::group::Post task execution logs
[2025-07-07T14:34:27.411+0000] {taskinstance.py:1206} INFO - Marking task as SUCCESS. dag_id=fin_cotacoes_bcb_classic, task_id=transform_and_load, run_id=scheduled__2025-03-29T00:00:00+00:00, execution_date=20250329T000000, start_date=20250707T143426, end_date=20250707T143427
[2025-07-07T14:34:27.478+0000] {local_task_job_runner.py:240} INFO - Task exited with return code 0
[2025-07-07T14:34:27.508+0000] {taskinstance.py:3503} INFO - 0 downstream tasks scheduled from follow-on schedule check
[2025-07-07T14:34:27.516+0000] {local_task_job_runner.py:222} INFO - ::endgroup::
[2025-07-07T15:11:54.407+0000] {local_task_job_runner.py:120} INFO - ::group::Pre task execution logs
[2025-07-07T15:11:54.504+0000] {taskinstance.py:2076} INFO - Dependencies all met for dep_context=non-requeueable deps ti=<TaskInstance: fin_cotacoes_bcb_classic.transform_and_load scheduled__2025-03-29T00:00:00+00:00 [queued]>
[2025-07-07T15:11:54.528+0000] {taskinstance.py:2076} INFO - Dependencies all met for dep_context=requeueable deps ti=<TaskInstance: fin_cotacoes_bcb_classic.transform_and_load scheduled__2025-03-29T00:00:00+00:00 [queued]>
[2025-07-07T15:11:54.528+0000] {taskinstance.py:2306} INFO - Starting attempt 1 of 2
[2025-07-07T15:11:54.563+0000] {taskinstance.py:2330} INFO - Executing <Task(PythonOperator): transform_and_load> on 2025-03-29 00:00:00+00:00
[2025-07-07T15:11:54.589+0000] {logging_mixin.py:188} WARNING - /home/***/.local/lib/python3.12/site-packages/***/task/task_runner/standard_task_runner.py:61 DeprecationWarning: This process (pid=103409) is multi-threaded, use of fork() may lead to deadlocks in the child.
[2025-07-07T15:11:54.590+0000] {standard_task_runner.py:63} INFO - Started process 103440 to run task
[2025-07-07T15:11:54.591+0000] {standard_task_runner.py:90} INFO - Running: ['***', 'tasks', 'run', 'fin_cotacoes_bcb_classic', 'transform_and_load', 'scheduled__2025-03-29T00:00:00+00:00', '--job-id', '4150', '--raw', '--subdir', 'DAGS_FOLDER/cotacoes.py', '--cfg-path', '/tmp/tmpj7pxhigc']
[2025-07-07T15:11:54.592+0000] {standard_task_runner.py:91} INFO - Job 4150: Subtask transform_and_load
[2025-07-07T15:11:54.693+0000] {task_command.py:426} INFO - Running <TaskInstance: fin_cotacoes_bcb_classic.transform_and_load scheduled__2025-03-29T00:00:00+00:00 [running]> on host bc96ca91d307
[2025-07-07T15:11:54.867+0000] {taskinstance.py:2648} INFO - Exporting env vars: AIRFLOW_CTX_DAG_OWNER='***' AIRFLOW_CTX_DAG_ID='fin_cotacoes_bcb_classic' AIRFLOW_CTX_TASK_ID='transform_and_load' AIRFLOW_CTX_EXECUTION_DATE='2025-03-29T00:00:00+00:00' AIRFLOW_CTX_TRY_NUMBER='1' AIRFLOW_CTX_DAG_RUN_ID='scheduled__2025-03-29T00:00:00+00:00'
[2025-07-07T15:11:54.868+0000] {taskinstance.py:430} INFO - ::endgroup::
[2025-07-07T15:11:54.893+0000] {cotacoes.py:91} WARNING - Nenhum dado recebido da tarefa de extração. Pulando transformação e carga.
[2025-07-07T15:11:54.893+0000] {python.py:237} INFO - Done. Returned value was: None
[2025-07-07T15:11:54.894+0000] {taskinstance.py:441} INFO - ::group::Post task execution logs
[2025-07-07T15:11:54.913+0000] {taskinstance.py:1206} INFO - Marking task as SUCCESS. dag_id=fin_cotacoes_bcb_classic, task_id=transform_and_load, run_id=scheduled__2025-03-29T00:00:00+00:00, execution_date=20250329T000000, start_date=20250707T151154, end_date=20250707T151154
[2025-07-07T15:11:54.980+0000] {local_task_job_runner.py:240} INFO - Task exited with return code 0
[2025-07-07T15:11:55.001+0000] {local_task_job_runner.py:222} INFO - ::endgroup::
