[2025-07-06T19:44:43.432+0000] {local_task_job_runner.py:120} INFO - ::group::Pre task execution logs
[2025-07-06T19:44:43.515+0000] {taskinstance.py:2076} INFO - Dependencies all met for dep_context=non-requeueable deps ti=<TaskInstance: fin_cotacoes_bcb_classic.extract scheduled__2025-04-03T00:00:00+00:00 [queued]>
[2025-07-06T19:44:43.525+0000] {taskinstance.py:2076} INFO - Dependencies all met for dep_context=requeueable deps ti=<TaskInstance: fin_cotacoes_bcb_classic.extract scheduled__2025-04-03T00:00:00+00:00 [queued]>
[2025-07-06T19:44:43.526+0000] {taskinstance.py:2306} INFO - Starting attempt 1 of 2
[2025-07-06T19:44:43.547+0000] {taskinstance.py:2330} INFO - Executing <Task(PythonOperator): extract> on 2025-04-03 00:00:00+00:00
[2025-07-06T19:44:43.565+0000] {logging_mixin.py:188} WARNING - /home/***/.local/lib/python3.12/site-packages/***/task/task_runner/standard_task_runner.py:61 DeprecationWarning: This process (pid=8232) is multi-threaded, use of fork() may lead to deadlocks in the child.
[2025-07-06T19:44:43.563+0000] {standard_task_runner.py:90} INFO - Running: ['***', 'tasks', 'run', 'fin_cotacoes_bcb_classic', 'extract', 'scheduled__2025-04-03T00:00:00+00:00', '--job-id', '1179', '--raw', '--subdir', 'DAGS_FOLDER/cotacoes.py', '--cfg-path', '/tmp/tmpk8tqflf3']
[2025-07-06T19:44:43.568+0000] {standard_task_runner.py:91} INFO - Job 1179: Subtask extract
[2025-07-06T19:44:43.566+0000] {standard_task_runner.py:63} INFO - Started process 8304 to run task
[2025-07-06T19:44:43.701+0000] {task_command.py:426} INFO - Running <TaskInstance: fin_cotacoes_bcb_classic.extract scheduled__2025-04-03T00:00:00+00:00 [running]> on host 20adb53d65c4
[2025-07-06T19:44:43.937+0000] {taskinstance.py:2648} INFO - Exporting env vars: AIRFLOW_CTX_DAG_OWNER='***' AIRFLOW_CTX_DAG_ID='fin_cotacoes_bcb_classic' AIRFLOW_CTX_TASK_ID='extract' AIRFLOW_CTX_EXECUTION_DATE='2025-04-03T00:00:00+00:00' AIRFLOW_CTX_TRY_NUMBER='1' AIRFLOW_CTX_DAG_RUN_ID='scheduled__2025-04-03T00:00:00+00:00'
[2025-07-06T19:44:43.939+0000] {taskinstance.py:430} INFO - ::endgroup::
[2025-07-06T19:44:43.939+0000] {cotacoes.py:37} INFO - Iniciando extração da URL: https://www4.bcb.gov.br/Download/fechamento/20250403.csv
[2025-07-06T19:44:44.255+0000] {cotacoes.py:43} INFO - Extração concluída com sucesso.
[2025-07-06T19:44:44.262+0000] {python.py:237} INFO - Done. Returned value was: 03/04/2025;005;A;AFN;0,07819000;0,07842000;71,50000000;71,70000000
03/04/2025;009;A;ETB;0,04174000;0,04336000;129,30450000;134,30450000
03/04/2025;015;A;THB;0,16430000;0,16450000;34,09000000;34,12000000
03/04/2025;020;A;PAB;5,60620000;5,60670000;1,00000000;1,00000000
03/04/2025;027;A;VES;0,07980000;0,08001000;70,07370000;70,24930000
03/04/2025;030;A;BOB;0,79970000;0,81730000;6,86000000;7,01000000
03/04/2025;035;A;GHS;0,36050000;0,36290000;15,45000000;15,55000000
03/04/2025;040;A;CRC;0,01105000;0,01118000;501,38000000;507,53000000
03/04/2025;045;A;SVC;0,64000000;0,64080000;8,74950000;8,75950000
03/04/2025;051;A;NIO;0,15150000;0,15320000;36,60000000;37,00000000
03/04/2025;055;A;DKK;0,83020000;0,83040000;6,75190000;6,75310000
03/04/2025;060;A;ISK;0,04288000;0,04299000;130,41000000;130,75000000
03/04/2025;065;A;NOK;0,54300000;0,54330000;10,31950000;10,32470000
03/04/2025;070;A;SEK;0,57500000;0,57530000;9,74550000;9,74960000
03/04/2025;075;A;CZK;0,24750000;0,24770000;22,63900000;22,65200000
03/04/2025;090;A;GMD;0,07680000;0,07755000;72,30000000;73,00000000
03/04/2025;095;A;DZD;0,04212000;0,04230000;132,55460000;133,10090000
03/04/2025;100;A;KWD;18,21970000;18,22720000;0,30760000;0,30770000
03/04/2025;105;A;BHD;14,86660000;14,87980000;0,37680000;0,37710000
03/04/2025;115;A;IQD;0,00427600;0,00428300;1309,00000000;1311,00000000
03/04/2025;125;A;JOD;7,89610000;7,91910000;0,70800000;0,71000000
03/04/2025;130;A;LYD;1,15660000;1,16200000;4,82500000;4,84730000
03/04/2025;132;A;MKD;0,10050000;0,10140000;55,27000000;55,77000000
03/04/2025;133;A;RSD;0,05288000;0,05293000;105,93000000;106,02000000
03/04/2025;134;A;SDG;0,00931000;0,00936300;598,80020000;602,14120000
03/04/2025;135;A;TND;1,83370000;1,83570000;3,05430000;3,05730000
03/04/2025;136;A;SSP;0,00124600;0,00127400;4400,00000000;4500,00000000
03/04/2025;138;B;SDR;7,51060000;7,51130000;1,33970000;1,33970000
03/04/2025;139;A;MAD;0,58850000;0,58980000;9,50550000;9,52550000
03/04/2025;145;A;AED;1,52620000;1,52660000;3,67260000;3,67340000
03/04/2025;149;A;STN;0,24780000;0,25290000;22,16990000;22,62440000
03/04/2025;150;B;AUD;3,55940000;3,56140000;0,63490000;0,63520000
03/04/2025;155;A;BSD;5,60620000;5,60670000;1,00000000;1,00000000
03/04/2025;160;A;BMD;5,60620000;5,60670000;1,00000000;1,00000000
03/04/2025;165;A;CAD;3,98620000;3,98680000;1,40630000;1,40640000
03/04/2025;170;A;GYD;0,02664000;0,02696000;207,98000000;210,45000000
03/04/2025;173;A;NAD;0,29920000;0,29930000;18,73530000;18,73830000
03/04/2025;175;A;BBD;2,74800000;2,80600000;1,99810000;2,04010000
03/04/2025;180;A;BZD;2,77920000;2,80310000;2,00020000;2,01720000
03/04/2025;185;A;BND;4,19880000;4,20200000;1,33430000;1,33520000
03/04/2025;190;A;KYD;6,71400000;6,77550000;0,82750000;0,83500000
03/04/2025;195;A;SGD;4,19880000;4,20200000;1,33430000;1,33520000
03/04/2025;197;B;CLF;230,04480000;230,06530000;41,03400000;41,03400000
03/04/2025;200;B;FJD;2,36080000;2,45630000;0,42110000;0,43810000
03/04/2025;205;A;HKD;0,72090000;0,72100000;7,77670000;7,77690000
03/04/2025;210;A;TTD;0,82130000;0,83410000;6,72160000;6,82600000
03/04/2025;215;A;XCD;2,06110000;2,08430000;2,69000000;2,72000000
03/04/2025;220;A;USD;5,60620000;5,60670000;1,00000000;1,00000000
03/04/2025;230;A;JMD;0,03535000;0,03575000;156,81000000;158,61000000
03/04/2025;235;A;LRD;0,02775000;0,02832000;198,00000000;202,00000000
03/04/2025;245;B;NZD;3,25890000;3,25970000;0,58130000;0,58140000
03/04/2025;250;B;SBD;0,66100000;0,70030000;0,11790000;0,12490000
03/04/2025;255;A;SRD;0,15160000;0,15490000;36,20000000;36,98500000
03/04/2025;260;A;VND;0,00021710;0,00021740;25790,00000000;25820,00000000
03/04/2025;275;A;AMD;0,01429000;0,01436000;390,32000000;392,32000000
03/04/2025;295;A;CVE;0,05568000;0,05619000;99,78000000;100,69000000
03/04/2025;325;A;ANG;3,08030000;3,14190000;1,78450000;1,82000000
03/04/2025;326;A;XCG;3,08030000;3,14190000;1,78450000;1,82000000
03/04/2025;328;A;AWG;3,04680000;3,14980000;1,78000000;1,84000000
03/04/2025;345;A;HUF;0,01538000;0,01539000;364,28000000;364,55000000
03/04/2025;363;A;CDF;0,00190000;0,00195800;2863,00000000;2950,00000000
03/04/2025;365;A;BIF;0,00185900;0,00191400;2929,50000000;3015,00000000
03/04/2025;368;A;KMF;0,01228000;0,01233000;454,71000000;456,71000000
03/04/2025;370;A;XAF;0,00893400;0,00944800;593,41000000;627,49000000
03/04/2025;372;A;XOF;0,00931700;0,00942700;594,75000000;601,75000000
03/04/2025;380;A;XPF;0,05162000;0,05208000;107,66000000;108,61000000
03/04/2025;390;A;DJF;0,03140000;0,03157000;177,60000000;178,55000000
03/04/2025;398;A;GNF;0,00064440;0,00065130;8608,00000000;8700,00000000
03/04/2025;406;A;MGA;0,00120300;0,00122000;4597,07000000;4660,42000000
03/04/2025;420;A;RWF;0,00392100;0,00400000;1401,80000000;1429,80000000
03/04/2025;425;A;CHF;6,52340000;6,52850000;0,85880000;0,85940000
03/04/2025;440;A;HTG;0,04270000;0,04300000;130,40000000;131,30000000
03/04/2025;450;A;PYG;0,00069870;0,00069960;8013,77000000;8023,47000000
03/04/2025;460;A;UAH;0,13550000;0,13600000;41,23000000;41,37000000
03/04/2025;470;A;JPY;0,03838000;0,03839000;146,04000000;146,08000000
03/04/2025;482;A;GEL;2,01300000;2,05750000;2,72500000;2,78500000
03/04/2025;490;A;ALL;0,06211000;0,06259000;89,58000000;90,26000000
03/04/2025;495;A;HNL;0,21900000;0,21930000;25,57120000;25,60000000
03/04/2025;500;A;SLL;0,00024470;0,00024720;22683,00000000;22908,00000000
03/04/2025;503;A;MDL;0,31550000;0,31730000;17,67000000;17,77000000
03/04/2025;506;A;RON;1,24420000;1,24500000;4,50350000;4,50570000
03/04/2025;510;A;BGN;3,16720000;3,16830000;1,76960000;1,77010000
03/04/2025;530;B;GIP;7,35250000;7,35880000;1,31150000;1,31250000
03/04/2025;535;A;EGP;0,11070000;0,11090000;50,54000000;50,64000000
03/04/2025;540;B;GBP;7,34970000;7,35150000;1,31100000;1,31120000
03/04/2025;545;B;FKP;7,35420000;7,35600000;1,31180000;1,31200000
03/04/2025;560;A;LBP;0,00006250;0,00006260;89500,00000000;89700,00000000
03/04/2025;570;B;SHP;7,34750000;7,34980000;1,31060000;1,31090000
03/04/2025;575;A;SYP;0,00043090;0,00043130;13000,00000000;13010,00000000
03/04/2025;585;A;SZL;0,29920000;0,29930000;18,73530000;18,73830000
03/04/2025;603;A;LSL;0,29920000;0,29930000;18,73530000;18,73830000
03/04/2025;608;A;TMT;1,59960000;1,60430000;3,49470000;3,50470000
03/04/2025;622;A;MZN;0,08686000;0,08862000;63,27000000;64,54000000
03/04/2025;625;A;ERN;0,37000000;0,37380000;15,00000000;15,15000000
03/04/2025;630;A;NGN;0,00365200;0,00365700;1533,00000000;1535,00000000
03/04/2025;635;A;AOA;0,00602700;0,00614800;912,00000000;930,24000000
03/04/2025;640;A;TWD;0,16950000;0,16960000;33,05000000;33,08000000
03/04/2025;642;A;TRY;0,14770000;0,14780000;37,93800000;37,96020000
03/04/2025;660;A;PEN;1,53070000;1,53170000;3,66050000;3,66260000
03/04/2025;665;A;BTN;0,06562000;0,06571000;85,32800000;85,43700000
03/04/2025;670;A;MRO;0,01562000;0,01575000;356,00000000;359,00000000
03/04/2025;671;A;MRU;0,14140000;0,14190000;39,52000000;39,64000000
03/04/2025;680;B;TOP;2,25870000;2,39910000;0,40290000;0,42790000
03/04/2025;685;A;MOP;0,69900000;0,70000000;8,01000000;8,02000000
03/04/2025;706;A;ARS;0,00521900;0,00522000;1074,00000000;1074,25000000
03/04/2025;715;A;CLP;0,00591200;0,00592100;946,92000000;948,22000000
03/04/2025;720;A;COP;0,00135300;0,00135400;4139,69000000;4142,57000000
03/04/2025;721;B;COU;0,50620000;0,50630000;0,09030000;0,09030000
03/04/2025;725;A;CUP;0,23360000;0,23360000;24,00000000;24,00000000
03/04/2025;730;A;DOP;0,08850000;0,08905000;62,96000000;63,35000000
03/04/2025;735;A;PHP;0,09827000;0,09831000;57,03000000;57,05000000
03/04/2025;741;A;MXN;0,28090000;0,28100000;19,94950000;19,95530000
03/04/2025;745;A;UYU;0,13250000;0,13260000;42,29000000;42,32000000
03/04/2025;755;B;BWP;0,40310000;0,40820000;0,07190000;0,07280000
03/04/2025;760;A;MWK;0,00320300;0,00326500;1717,02000000;1750,32000000
03/04/2025;766;A;ZMW;0,20150000;0,20190000;27,77500000;27,82500000
03/04/2025;770;A;GTQ;0,72540000;0,72740000;7,70800000;7,72800000
03/04/2025;775;A;MMK;0,00266200;0,00267800;2093,70000000;2106,30000000
03/04/2025;778;B;PGK;1,33820000;1,38040000;0,23870000;0,24620000
03/04/2025;780;A;LAK;0,00025750;0,00026020;21545,00000000;21775,00000000
03/04/2025;785;A;ZAR;0,29910000;0,29920000;18,73720000;18,74450000
03/04/2025;795;A;CNY;0,76980000;0,77000000;7,28130000;7,28280000
03/04/2025;796;A;CNH;0,76910000;0,76930000;7,28840000;7,28900000
03/04/2025;800;A;QAR;1,53760000;1,53840000;3,64450000;3,64600000
03/04/2025;805;A;OMR;14,55780000;14,57040000;0,38480000;0,38510000
03/04/2025;810;A;YER;0,02281000;0,02286000;245,30000000;245,80000000
03/04/2025;815;A;IRR;0,00013350;0,00013350;42000,00000000;42005,00000000
03/04/2025;820;A;SAR;1,49430000;1,49450000;3,75150000;3,75170000
03/04/2025;825;A;KHR;0,00139700;0,00140400;3993,00000000;4013,00000000
03/04/2025;828;A;MYR;1,26150000;1,26280000;4,44000000;4,44400000
03/04/2025;830;A;RUB;0,06666000;0,06667000;84,09670000;84,10570000
03/04/2025;831;A;BYN;1,70970000;1,71660000;3,26610000;3,27910000
03/04/2025;835;A;TJS;0,51340000;0,51670000;10,85000000;10,92000000
03/04/2025;840;A;MUR;0,12320000;0,12400000;45,22000000;45,52000000
03/04/2025;845;A;NPR;0,04101000;0,04102000;136,69000000;136,70000000
03/04/2025;850;A;SCR;0,39160000;0,39160000;14,31580000;14,31620000
03/04/2025;855;A;LKR;0,01888000;0,01889000;296,80000000;296,90000000
03/04/2025;860;A;INR;0,06572000;0,06577000;85,24700000;85,30200000
03/04/2025;865;A;IDR;0,00033840;0,00033870;16555,00000000;16565,00000000
03/04/2025;870;A;MVR;0,36170000;0,36360000;15,42000000;15,50000000
03/04/2025;875;A;PKR;0,01998000;0,02000000;280,40000000;280,60000000
03/04/2025;880;A;ILS;1,51330000;1,51550000;3,69950000;3,70450000
03/04/2025;892;A;KGS;0,06457000;0,06462000;86,77050000;86,82480000
03/04/2025;893;A;UZS;0,00043370;0,00043410;12915,44000000;12925,44000000
03/04/2025;905;A;BDT;0,04595000;0,04634000;121,00000000;122,00000000
03/04/2025;912;B;WST;1,93750000;2,06100000;0,34560000;0,36760000
03/04/2025;913;A;KZT;0,01117000;0,01118000;501,70000000;501,90000000
03/04/2025;915;A;MNT;0,00159800;0,00160100;3502,00000000;3508,00000000
03/04/2025;920;A;VUV;0,04428000;0,04615000;121,50000000;126,60000000
03/04/2025;930;A;KRW;0,00385700;0,00386800;1449,53000000;1453,53000000
03/04/2025;946;A;TZS;0,00206500;0,00210800;2660,00000000;2715,00000000
03/04/2025;950;A;KES;0,04329000;0,04346000;129,00000000;129,50000000
03/04/2025;955;A;UGX;0,00153200;0,00153600;3650,00000000;3660,00000000
03/04/2025;960;A;SOS;0,00975000;0,00987100;568,00000000;575,00000000
03/04/2025;975;A;PLN;1,46510000;1,46570000;3,82540000;3,82650000
03/04/2025;978;B;EUR;6,19490000;6,19600000;1,10500000;1,10510000
03/04/2025;998;A;XAU;560,62000000;560,67000000;0,01000000;0,01000000

[2025-07-06T19:44:44.264+0000] {taskinstance.py:441} INFO - ::group::Post task execution logs
[2025-07-06T19:44:44.321+0000] {taskinstance.py:1206} INFO - Marking task as SUCCESS. dag_id=fin_cotacoes_bcb_classic, task_id=extract, run_id=scheduled__2025-04-03T00:00:00+00:00, execution_date=20250403T000000, start_date=20250706T194443, end_date=20250706T194444
[2025-07-06T19:44:44.398+0000] {local_task_job_runner.py:240} INFO - Task exited with return code 0
[2025-07-06T19:44:44.421+0000] {local_task_job_runner.py:222} INFO - ::endgroup::
[2025-07-07T14:34:33.123+0000] {local_task_job_runner.py:120} INFO - ::group::Pre task execution logs
[2025-07-07T14:34:33.227+0000] {taskinstance.py:2076} INFO - Dependencies all met for dep_context=non-requeueable deps ti=<TaskInstance: fin_cotacoes_bcb_classic.extract scheduled__2025-04-03T00:00:00+00:00 [queued]>
[2025-07-07T14:34:33.266+0000] {taskinstance.py:2076} INFO - Dependencies all met for dep_context=requeueable deps ti=<TaskInstance: fin_cotacoes_bcb_classic.extract scheduled__2025-04-03T00:00:00+00:00 [queued]>
[2025-07-07T14:34:33.266+0000] {taskinstance.py:2306} INFO - Starting attempt 1 of 2
[2025-07-07T14:34:33.297+0000] {taskinstance.py:2330} INFO - Executing <Task(PythonOperator): extract> on 2025-04-03 00:00:00+00:00
[2025-07-07T14:34:33.319+0000] {logging_mixin.py:188} WARNING - /home/***/.local/lib/python3.12/site-packages/***/task/task_runner/standard_task_runner.py:61 DeprecationWarning: This process (pid=78723) is multi-threaded, use of fork() may lead to deadlocks in the child.
[2025-07-07T14:34:33.321+0000] {standard_task_runner.py:63} INFO - Started process 78777 to run task
[2025-07-07T14:34:33.313+0000] {standard_task_runner.py:90} INFO - Running: ['***', 'tasks', 'run', 'fin_cotacoes_bcb_classic', 'extract', 'scheduled__2025-04-03T00:00:00+00:00', '--job-id', '2464', '--raw', '--subdir', 'DAGS_FOLDER/cotacoes.py', '--cfg-path', '/tmp/tmpl7phzvh5']
[2025-07-07T14:34:33.331+0000] {standard_task_runner.py:91} INFO - Job 2464: Subtask extract
[2025-07-07T14:34:33.476+0000] {task_command.py:426} INFO - Running <TaskInstance: fin_cotacoes_bcb_classic.extract scheduled__2025-04-03T00:00:00+00:00 [running]> on host bc96ca91d307
[2025-07-07T14:34:33.680+0000] {taskinstance.py:2648} INFO - Exporting env vars: AIRFLOW_CTX_DAG_OWNER='***' AIRFLOW_CTX_DAG_ID='fin_cotacoes_bcb_classic' AIRFLOW_CTX_TASK_ID='extract' AIRFLOW_CTX_EXECUTION_DATE='2025-04-03T00:00:00+00:00' AIRFLOW_CTX_TRY_NUMBER='1' AIRFLOW_CTX_DAG_RUN_ID='scheduled__2025-04-03T00:00:00+00:00'
[2025-07-07T14:34:33.682+0000] {taskinstance.py:430} INFO - ::endgroup::
[2025-07-07T14:34:33.682+0000] {cotacoes.py:35} INFO - Iniciando extração da URL: https://www4.bcb.gov.br/Download/fechamento/20250403.csv
[2025-07-07T14:34:34.018+0000] {cotacoes.py:41} INFO - Extração concluída com sucesso.
[2025-07-07T14:34:34.024+0000] {python.py:237} INFO - Done. Returned value was: 03/04/2025;005;A;AFN;0,07819000;0,07842000;71,50000000;71,70000000
03/04/2025;009;A;ETB;0,04174000;0,04336000;129,30450000;134,30450000
03/04/2025;015;A;THB;0,16430000;0,16450000;34,09000000;34,12000000
03/04/2025;020;A;PAB;5,60620000;5,60670000;1,00000000;1,00000000
03/04/2025;027;A;VES;0,07980000;0,08001000;70,07370000;70,24930000
03/04/2025;030;A;BOB;0,79970000;0,81730000;6,86000000;7,01000000
03/04/2025;035;A;GHS;0,36050000;0,36290000;15,45000000;15,55000000
03/04/2025;040;A;CRC;0,01105000;0,01118000;501,38000000;507,53000000
03/04/2025;045;A;SVC;0,64000000;0,64080000;8,74950000;8,75950000
03/04/2025;051;A;NIO;0,15150000;0,15320000;36,60000000;37,00000000
03/04/2025;055;A;DKK;0,83020000;0,83040000;6,75190000;6,75310000
03/04/2025;060;A;ISK;0,04288000;0,04299000;130,41000000;130,75000000
03/04/2025;065;A;NOK;0,54300000;0,54330000;10,31950000;10,32470000
03/04/2025;070;A;SEK;0,57500000;0,57530000;9,74550000;9,74960000
03/04/2025;075;A;CZK;0,24750000;0,24770000;22,63900000;22,65200000
03/04/2025;090;A;GMD;0,07680000;0,07755000;72,30000000;73,00000000
03/04/2025;095;A;DZD;0,04212000;0,04230000;132,55460000;133,10090000
03/04/2025;100;A;KWD;18,21970000;18,22720000;0,30760000;0,30770000
03/04/2025;105;A;BHD;14,86660000;14,87980000;0,37680000;0,37710000
03/04/2025;115;A;IQD;0,00427600;0,00428300;1309,00000000;1311,00000000
03/04/2025;125;A;JOD;7,89610000;7,91910000;0,70800000;0,71000000
03/04/2025;130;A;LYD;1,15660000;1,16200000;4,82500000;4,84730000
03/04/2025;132;A;MKD;0,10050000;0,10140000;55,27000000;55,77000000
03/04/2025;133;A;RSD;0,05288000;0,05293000;105,93000000;106,02000000
03/04/2025;134;A;SDG;0,00931000;0,00936300;598,80020000;602,14120000
03/04/2025;135;A;TND;1,83370000;1,83570000;3,05430000;3,05730000
03/04/2025;136;A;SSP;0,00124600;0,00127400;4400,00000000;4500,00000000
03/04/2025;138;B;SDR;7,51060000;7,51130000;1,33970000;1,33970000
03/04/2025;139;A;MAD;0,58850000;0,58980000;9,50550000;9,52550000
03/04/2025;145;A;AED;1,52620000;1,52660000;3,67260000;3,67340000
03/04/2025;149;A;STN;0,24780000;0,25290000;22,16990000;22,62440000
03/04/2025;150;B;AUD;3,55940000;3,56140000;0,63490000;0,63520000
03/04/2025;155;A;BSD;5,60620000;5,60670000;1,00000000;1,00000000
03/04/2025;160;A;BMD;5,60620000;5,60670000;1,00000000;1,00000000
03/04/2025;165;A;CAD;3,98620000;3,98680000;1,40630000;1,40640000
03/04/2025;170;A;GYD;0,02664000;0,02696000;207,98000000;210,45000000
03/04/2025;173;A;NAD;0,29920000;0,29930000;18,73530000;18,73830000
03/04/2025;175;A;BBD;2,74800000;2,80600000;1,99810000;2,04010000
03/04/2025;180;A;BZD;2,77920000;2,80310000;2,00020000;2,01720000
03/04/2025;185;A;BND;4,19880000;4,20200000;1,33430000;1,33520000
03/04/2025;190;A;KYD;6,71400000;6,77550000;0,82750000;0,83500000
03/04/2025;195;A;SGD;4,19880000;4,20200000;1,33430000;1,33520000
03/04/2025;197;B;CLF;230,04480000;230,06530000;41,03400000;41,03400000
03/04/2025;200;B;FJD;2,36080000;2,45630000;0,42110000;0,43810000
03/04/2025;205;A;HKD;0,72090000;0,72100000;7,77670000;7,77690000
03/04/2025;210;A;TTD;0,82130000;0,83410000;6,72160000;6,82600000
03/04/2025;215;A;XCD;2,06110000;2,08430000;2,69000000;2,72000000
03/04/2025;220;A;USD;5,60620000;5,60670000;1,00000000;1,00000000
03/04/2025;230;A;JMD;0,03535000;0,03575000;156,81000000;158,61000000
03/04/2025;235;A;LRD;0,02775000;0,02832000;198,00000000;202,00000000
03/04/2025;245;B;NZD;3,25890000;3,25970000;0,58130000;0,58140000
03/04/2025;250;B;SBD;0,66100000;0,70030000;0,11790000;0,12490000
03/04/2025;255;A;SRD;0,15160000;0,15490000;36,20000000;36,98500000
03/04/2025;260;A;VND;0,00021710;0,00021740;25790,00000000;25820,00000000
03/04/2025;275;A;AMD;0,01429000;0,01436000;390,32000000;392,32000000
03/04/2025;295;A;CVE;0,05568000;0,05619000;99,78000000;100,69000000
03/04/2025;325;A;ANG;3,08030000;3,14190000;1,78450000;1,82000000
03/04/2025;326;A;XCG;3,08030000;3,14190000;1,78450000;1,82000000
03/04/2025;328;A;AWG;3,04680000;3,14980000;1,78000000;1,84000000
03/04/2025;345;A;HUF;0,01538000;0,01539000;364,28000000;364,55000000
03/04/2025;363;A;CDF;0,00190000;0,00195800;2863,00000000;2950,00000000
03/04/2025;365;A;BIF;0,00185900;0,00191400;2929,50000000;3015,00000000
03/04/2025;368;A;KMF;0,01228000;0,01233000;454,71000000;456,71000000
03/04/2025;370;A;XAF;0,00893400;0,00944800;593,41000000;627,49000000
03/04/2025;372;A;XOF;0,00931700;0,00942700;594,75000000;601,75000000
03/04/2025;380;A;XPF;0,05162000;0,05208000;107,66000000;108,61000000
03/04/2025;390;A;DJF;0,03140000;0,03157000;177,60000000;178,55000000
03/04/2025;398;A;GNF;0,00064440;0,00065130;8608,00000000;8700,00000000
03/04/2025;406;A;MGA;0,00120300;0,00122000;4597,07000000;4660,42000000
03/04/2025;420;A;RWF;0,00392100;0,00400000;1401,80000000;1429,80000000
03/04/2025;425;A;CHF;6,52340000;6,52850000;0,85880000;0,85940000
03/04/2025;440;A;HTG;0,04270000;0,04300000;130,40000000;131,30000000
03/04/2025;450;A;PYG;0,00069870;0,00069960;8013,77000000;8023,47000000
03/04/2025;460;A;UAH;0,13550000;0,13600000;41,23000000;41,37000000
03/04/2025;470;A;JPY;0,03838000;0,03839000;146,04000000;146,08000000
03/04/2025;482;A;GEL;2,01300000;2,05750000;2,72500000;2,78500000
03/04/2025;490;A;ALL;0,06211000;0,06259000;89,58000000;90,26000000
03/04/2025;495;A;HNL;0,21900000;0,21930000;25,57120000;25,60000000
03/04/2025;500;A;SLL;0,00024470;0,00024720;22683,00000000;22908,00000000
03/04/2025;503;A;MDL;0,31550000;0,31730000;17,67000000;17,77000000
03/04/2025;506;A;RON;1,24420000;1,24500000;4,50350000;4,50570000
03/04/2025;510;A;BGN;3,16720000;3,16830000;1,76960000;1,77010000
03/04/2025;530;B;GIP;7,35250000;7,35880000;1,31150000;1,31250000
03/04/2025;535;A;EGP;0,11070000;0,11090000;50,54000000;50,64000000
03/04/2025;540;B;GBP;7,34970000;7,35150000;1,31100000;1,31120000
03/04/2025;545;B;FKP;7,35420000;7,35600000;1,31180000;1,31200000
03/04/2025;560;A;LBP;0,00006250;0,00006260;89500,00000000;89700,00000000
03/04/2025;570;B;SHP;7,34750000;7,34980000;1,31060000;1,31090000
03/04/2025;575;A;SYP;0,00043090;0,00043130;13000,00000000;13010,00000000
03/04/2025;585;A;SZL;0,29920000;0,29930000;18,73530000;18,73830000
03/04/2025;603;A;LSL;0,29920000;0,29930000;18,73530000;18,73830000
03/04/2025;608;A;TMT;1,59960000;1,60430000;3,49470000;3,50470000
03/04/2025;622;A;MZN;0,08686000;0,08862000;63,27000000;64,54000000
03/04/2025;625;A;ERN;0,37000000;0,37380000;15,00000000;15,15000000
03/04/2025;630;A;NGN;0,00365200;0,00365700;1533,00000000;1535,00000000
03/04/2025;635;A;AOA;0,00602700;0,00614800;912,00000000;930,24000000
03/04/2025;640;A;TWD;0,16950000;0,16960000;33,05000000;33,08000000
03/04/2025;642;A;TRY;0,14770000;0,14780000;37,93800000;37,96020000
03/04/2025;660;A;PEN;1,53070000;1,53170000;3,66050000;3,66260000
03/04/2025;665;A;BTN;0,06562000;0,06571000;85,32800000;85,43700000
03/04/2025;670;A;MRO;0,01562000;0,01575000;356,00000000;359,00000000
03/04/2025;671;A;MRU;0,14140000;0,14190000;39,52000000;39,64000000
03/04/2025;680;B;TOP;2,25870000;2,39910000;0,40290000;0,42790000
03/04/2025;685;A;MOP;0,69900000;0,70000000;8,01000000;8,02000000
03/04/2025;706;A;ARS;0,00521900;0,00522000;1074,00000000;1074,25000000
03/04/2025;715;A;CLP;0,00591200;0,00592100;946,92000000;948,22000000
03/04/2025;720;A;COP;0,00135300;0,00135400;4139,69000000;4142,57000000
03/04/2025;721;B;COU;0,50620000;0,50630000;0,09030000;0,09030000
03/04/2025;725;A;CUP;0,23360000;0,23360000;24,00000000;24,00000000
03/04/2025;730;A;DOP;0,08850000;0,08905000;62,96000000;63,35000000
03/04/2025;735;A;PHP;0,09827000;0,09831000;57,03000000;57,05000000
03/04/2025;741;A;MXN;0,28090000;0,28100000;19,94950000;19,95530000
03/04/2025;745;A;UYU;0,13250000;0,13260000;42,29000000;42,32000000
03/04/2025;755;B;BWP;0,40310000;0,40820000;0,07190000;0,07280000
03/04/2025;760;A;MWK;0,00320300;0,00326500;1717,02000000;1750,32000000
03/04/2025;766;A;ZMW;0,20150000;0,20190000;27,77500000;27,82500000
03/04/2025;770;A;GTQ;0,72540000;0,72740000;7,70800000;7,72800000
03/04/2025;775;A;MMK;0,00266200;0,00267800;2093,70000000;2106,30000000
03/04/2025;778;B;PGK;1,33820000;1,38040000;0,23870000;0,24620000
03/04/2025;780;A;LAK;0,00025750;0,00026020;21545,00000000;21775,00000000
03/04/2025;785;A;ZAR;0,29910000;0,29920000;18,73720000;18,74450000
03/04/2025;795;A;CNY;0,76980000;0,77000000;7,28130000;7,28280000
03/04/2025;796;A;CNH;0,76910000;0,76930000;7,28840000;7,28900000
03/04/2025;800;A;QAR;1,53760000;1,53840000;3,64450000;3,64600000
03/04/2025;805;A;OMR;14,55780000;14,57040000;0,38480000;0,38510000
03/04/2025;810;A;YER;0,02281000;0,02286000;245,30000000;245,80000000
03/04/2025;815;A;IRR;0,00013350;0,00013350;42000,00000000;42005,00000000
03/04/2025;820;A;SAR;1,49430000;1,49450000;3,75150000;3,75170000
03/04/2025;825;A;KHR;0,00139700;0,00140400;3993,00000000;4013,00000000
03/04/2025;828;A;MYR;1,26150000;1,26280000;4,44000000;4,44400000
03/04/2025;830;A;RUB;0,06666000;0,06667000;84,09670000;84,10570000
03/04/2025;831;A;BYN;1,70970000;1,71660000;3,26610000;3,27910000
03/04/2025;835;A;TJS;0,51340000;0,51670000;10,85000000;10,92000000
03/04/2025;840;A;MUR;0,12320000;0,12400000;45,22000000;45,52000000
03/04/2025;845;A;NPR;0,04101000;0,04102000;136,69000000;136,70000000
03/04/2025;850;A;SCR;0,39160000;0,39160000;14,31580000;14,31620000
03/04/2025;855;A;LKR;0,01888000;0,01889000;296,80000000;296,90000000
03/04/2025;860;A;INR;0,06572000;0,06577000;85,24700000;85,30200000
03/04/2025;865;A;IDR;0,00033840;0,00033870;16555,00000000;16565,00000000
03/04/2025;870;A;MVR;0,36170000;0,36360000;15,42000000;15,50000000
03/04/2025;875;A;PKR;0,01998000;0,02000000;280,40000000;280,60000000
03/04/2025;880;A;ILS;1,51330000;1,51550000;3,69950000;3,70450000
03/04/2025;892;A;KGS;0,06457000;0,06462000;86,77050000;86,82480000
03/04/2025;893;A;UZS;0,00043370;0,00043410;12915,44000000;12925,44000000
03/04/2025;905;A;BDT;0,04595000;0,04634000;121,00000000;122,00000000
03/04/2025;912;B;WST;1,93750000;2,06100000;0,34560000;0,36760000
03/04/2025;913;A;KZT;0,01117000;0,01118000;501,70000000;501,90000000
03/04/2025;915;A;MNT;0,00159800;0,00160100;3502,00000000;3508,00000000
03/04/2025;920;A;VUV;0,04428000;0,04615000;121,50000000;126,60000000
03/04/2025;930;A;KRW;0,00385700;0,00386800;1449,53000000;1453,53000000
03/04/2025;946;A;TZS;0,00206500;0,00210800;2660,00000000;2715,00000000
03/04/2025;950;A;KES;0,04329000;0,04346000;129,00000000;129,50000000
03/04/2025;955;A;UGX;0,00153200;0,00153600;3650,00000000;3660,00000000
03/04/2025;960;A;SOS;0,00975000;0,00987100;568,00000000;575,00000000
03/04/2025;975;A;PLN;1,46510000;1,46570000;3,82540000;3,82650000
03/04/2025;978;B;EUR;6,19490000;6,19600000;1,10500000;1,10510000
03/04/2025;998;A;XAU;560,62000000;560,67000000;0,01000000;0,01000000

[2025-07-07T14:34:34.025+0000] {taskinstance.py:441} INFO - ::group::Post task execution logs
[2025-07-07T14:34:34.101+0000] {taskinstance.py:1206} INFO - Marking task as SUCCESS. dag_id=fin_cotacoes_bcb_classic, task_id=extract, run_id=scheduled__2025-04-03T00:00:00+00:00, execution_date=20250403T000000, start_date=20250707T143433, end_date=20250707T143434
[2025-07-07T14:34:34.200+0000] {local_task_job_runner.py:240} INFO - Task exited with return code 0
[2025-07-07T14:34:34.234+0000] {local_task_job_runner.py:222} INFO - ::endgroup::
[2025-07-07T15:11:48.972+0000] {local_task_job_runner.py:120} INFO - ::group::Pre task execution logs
[2025-07-07T15:11:49.041+0000] {taskinstance.py:2076} INFO - Dependencies all met for dep_context=non-requeueable deps ti=<TaskInstance: fin_cotacoes_bcb_classic.extract scheduled__2025-04-03T00:00:00+00:00 [queued]>
[2025-07-07T15:11:49.055+0000] {taskinstance.py:2076} INFO - Dependencies all met for dep_context=requeueable deps ti=<TaskInstance: fin_cotacoes_bcb_classic.extract scheduled__2025-04-03T00:00:00+00:00 [queued]>
[2025-07-07T15:11:49.055+0000] {taskinstance.py:2306} INFO - Starting attempt 1 of 2
[2025-07-07T15:11:49.407+0000] {taskinstance.py:2330} INFO - Executing <Task(PythonOperator): extract> on 2025-04-03 00:00:00+00:00
[2025-07-07T15:11:49.427+0000] {standard_task_runner.py:90} INFO - Running: ['***', 'tasks', 'run', 'fin_cotacoes_bcb_classic', 'extract', 'scheduled__2025-04-03T00:00:00+00:00', '--job-id', '4132', '--raw', '--subdir', 'DAGS_FOLDER/cotacoes.py', '--cfg-path', '/tmp/tmp880237pn']
[2025-07-07T15:11:49.429+0000] {standard_task_runner.py:91} INFO - Job 4132: Subtask extract
[2025-07-07T15:11:49.426+0000] {logging_mixin.py:188} WARNING - /home/***/.local/lib/python3.12/site-packages/***/task/task_runner/standard_task_runner.py:61 DeprecationWarning: This process (pid=103326) is multi-threaded, use of fork() may lead to deadlocks in the child.
[2025-07-07T15:11:49.435+0000] {standard_task_runner.py:63} INFO - Started process 103392 to run task
[2025-07-07T15:11:49.590+0000] {task_command.py:426} INFO - Running <TaskInstance: fin_cotacoes_bcb_classic.extract scheduled__2025-04-03T00:00:00+00:00 [running]> on host bc96ca91d307
[2025-07-07T15:11:49.945+0000] {taskinstance.py:2648} INFO - Exporting env vars: AIRFLOW_CTX_DAG_OWNER='***' AIRFLOW_CTX_DAG_ID='fin_cotacoes_bcb_classic' AIRFLOW_CTX_TASK_ID='extract' AIRFLOW_CTX_EXECUTION_DATE='2025-04-03T00:00:00+00:00' AIRFLOW_CTX_TRY_NUMBER='1' AIRFLOW_CTX_DAG_RUN_ID='scheduled__2025-04-03T00:00:00+00:00'
[2025-07-07T15:11:49.947+0000] {taskinstance.py:430} INFO - ::endgroup::
[2025-07-07T15:11:49.947+0000] {cotacoes.py:35} INFO - Iniciando extração da URL: https://www4.bcb.gov.br/Download/fechamento/20250403.csv
[2025-07-07T15:11:50.341+0000] {cotacoes.py:41} INFO - Extração concluída com sucesso.
[2025-07-07T15:11:50.343+0000] {python.py:237} INFO - Done. Returned value was: 03/04/2025;005;A;AFN;0,07819000;0,07842000;71,50000000;71,70000000
03/04/2025;009;A;ETB;0,04174000;0,04336000;129,30450000;134,30450000
03/04/2025;015;A;THB;0,16430000;0,16450000;34,09000000;34,12000000
03/04/2025;020;A;PAB;5,60620000;5,60670000;1,00000000;1,00000000
03/04/2025;027;A;VES;0,07980000;0,08001000;70,07370000;70,24930000
03/04/2025;030;A;BOB;0,79970000;0,81730000;6,86000000;7,01000000
03/04/2025;035;A;GHS;0,36050000;0,36290000;15,45000000;15,55000000
03/04/2025;040;A;CRC;0,01105000;0,01118000;501,38000000;507,53000000
03/04/2025;045;A;SVC;0,64000000;0,64080000;8,74950000;8,75950000
03/04/2025;051;A;NIO;0,15150000;0,15320000;36,60000000;37,00000000
03/04/2025;055;A;DKK;0,83020000;0,83040000;6,75190000;6,75310000
03/04/2025;060;A;ISK;0,04288000;0,04299000;130,41000000;130,75000000
03/04/2025;065;A;NOK;0,54300000;0,54330000;10,31950000;10,32470000
03/04/2025;070;A;SEK;0,57500000;0,57530000;9,74550000;9,74960000
03/04/2025;075;A;CZK;0,24750000;0,24770000;22,63900000;22,65200000
03/04/2025;090;A;GMD;0,07680000;0,07755000;72,30000000;73,00000000
03/04/2025;095;A;DZD;0,04212000;0,04230000;132,55460000;133,10090000
03/04/2025;100;A;KWD;18,21970000;18,22720000;0,30760000;0,30770000
03/04/2025;105;A;BHD;14,86660000;14,87980000;0,37680000;0,37710000
03/04/2025;115;A;IQD;0,00427600;0,00428300;1309,00000000;1311,00000000
03/04/2025;125;A;JOD;7,89610000;7,91910000;0,70800000;0,71000000
03/04/2025;130;A;LYD;1,15660000;1,16200000;4,82500000;4,84730000
03/04/2025;132;A;MKD;0,10050000;0,10140000;55,27000000;55,77000000
03/04/2025;133;A;RSD;0,05288000;0,05293000;105,93000000;106,02000000
03/04/2025;134;A;SDG;0,00931000;0,00936300;598,80020000;602,14120000
03/04/2025;135;A;TND;1,83370000;1,83570000;3,05430000;3,05730000
03/04/2025;136;A;SSP;0,00124600;0,00127400;4400,00000000;4500,00000000
03/04/2025;138;B;SDR;7,51060000;7,51130000;1,33970000;1,33970000
03/04/2025;139;A;MAD;0,58850000;0,58980000;9,50550000;9,52550000
03/04/2025;145;A;AED;1,52620000;1,52660000;3,67260000;3,67340000
03/04/2025;149;A;STN;0,24780000;0,25290000;22,16990000;22,62440000
03/04/2025;150;B;AUD;3,55940000;3,56140000;0,63490000;0,63520000
03/04/2025;155;A;BSD;5,60620000;5,60670000;1,00000000;1,00000000
03/04/2025;160;A;BMD;5,60620000;5,60670000;1,00000000;1,00000000
03/04/2025;165;A;CAD;3,98620000;3,98680000;1,40630000;1,40640000
03/04/2025;170;A;GYD;0,02664000;0,02696000;207,98000000;210,45000000
03/04/2025;173;A;NAD;0,29920000;0,29930000;18,73530000;18,73830000
03/04/2025;175;A;BBD;2,74800000;2,80600000;1,99810000;2,04010000
03/04/2025;180;A;BZD;2,77920000;2,80310000;2,00020000;2,01720000
03/04/2025;185;A;BND;4,19880000;4,20200000;1,33430000;1,33520000
03/04/2025;190;A;KYD;6,71400000;6,77550000;0,82750000;0,83500000
03/04/2025;195;A;SGD;4,19880000;4,20200000;1,33430000;1,33520000
03/04/2025;197;B;CLF;230,04480000;230,06530000;41,03400000;41,03400000
03/04/2025;200;B;FJD;2,36080000;2,45630000;0,42110000;0,43810000
03/04/2025;205;A;HKD;0,72090000;0,72100000;7,77670000;7,77690000
03/04/2025;210;A;TTD;0,82130000;0,83410000;6,72160000;6,82600000
03/04/2025;215;A;XCD;2,06110000;2,08430000;2,69000000;2,72000000
03/04/2025;220;A;USD;5,60620000;5,60670000;1,00000000;1,00000000
03/04/2025;230;A;JMD;0,03535000;0,03575000;156,81000000;158,61000000
03/04/2025;235;A;LRD;0,02775000;0,02832000;198,00000000;202,00000000
03/04/2025;245;B;NZD;3,25890000;3,25970000;0,58130000;0,58140000
03/04/2025;250;B;SBD;0,66100000;0,70030000;0,11790000;0,12490000
03/04/2025;255;A;SRD;0,15160000;0,15490000;36,20000000;36,98500000
03/04/2025;260;A;VND;0,00021710;0,00021740;25790,00000000;25820,00000000
03/04/2025;275;A;AMD;0,01429000;0,01436000;390,32000000;392,32000000
03/04/2025;295;A;CVE;0,05568000;0,05619000;99,78000000;100,69000000
03/04/2025;325;A;ANG;3,08030000;3,14190000;1,78450000;1,82000000
03/04/2025;326;A;XCG;3,08030000;3,14190000;1,78450000;1,82000000
03/04/2025;328;A;AWG;3,04680000;3,14980000;1,78000000;1,84000000
03/04/2025;345;A;HUF;0,01538000;0,01539000;364,28000000;364,55000000
03/04/2025;363;A;CDF;0,00190000;0,00195800;2863,00000000;2950,00000000
03/04/2025;365;A;BIF;0,00185900;0,00191400;2929,50000000;3015,00000000
03/04/2025;368;A;KMF;0,01228000;0,01233000;454,71000000;456,71000000
03/04/2025;370;A;XAF;0,00893400;0,00944800;593,41000000;627,49000000
03/04/2025;372;A;XOF;0,00931700;0,00942700;594,75000000;601,75000000
03/04/2025;380;A;XPF;0,05162000;0,05208000;107,66000000;108,61000000
03/04/2025;390;A;DJF;0,03140000;0,03157000;177,60000000;178,55000000
03/04/2025;398;A;GNF;0,00064440;0,00065130;8608,00000000;8700,00000000
03/04/2025;406;A;MGA;0,00120300;0,00122000;4597,07000000;4660,42000000
03/04/2025;420;A;RWF;0,00392100;0,00400000;1401,80000000;1429,80000000
03/04/2025;425;A;CHF;6,52340000;6,52850000;0,85880000;0,85940000
03/04/2025;440;A;HTG;0,04270000;0,04300000;130,40000000;131,30000000
03/04/2025;450;A;PYG;0,00069870;0,00069960;8013,77000000;8023,47000000
03/04/2025;460;A;UAH;0,13550000;0,13600000;41,23000000;41,37000000
03/04/2025;470;A;JPY;0,03838000;0,03839000;146,04000000;146,08000000
03/04/2025;482;A;GEL;2,01300000;2,05750000;2,72500000;2,78500000
03/04/2025;490;A;ALL;0,06211000;0,06259000;89,58000000;90,26000000
03/04/2025;495;A;HNL;0,21900000;0,21930000;25,57120000;25,60000000
03/04/2025;500;A;SLL;0,00024470;0,00024720;22683,00000000;22908,00000000
03/04/2025;503;A;MDL;0,31550000;0,31730000;17,67000000;17,77000000
03/04/2025;506;A;RON;1,24420000;1,24500000;4,50350000;4,50570000
03/04/2025;510;A;BGN;3,16720000;3,16830000;1,76960000;1,77010000
03/04/2025;530;B;GIP;7,35250000;7,35880000;1,31150000;1,31250000
03/04/2025;535;A;EGP;0,11070000;0,11090000;50,54000000;50,64000000
03/04/2025;540;B;GBP;7,34970000;7,35150000;1,31100000;1,31120000
03/04/2025;545;B;FKP;7,35420000;7,35600000;1,31180000;1,31200000
03/04/2025;560;A;LBP;0,00006250;0,00006260;89500,00000000;89700,00000000
03/04/2025;570;B;SHP;7,34750000;7,34980000;1,31060000;1,31090000
03/04/2025;575;A;SYP;0,00043090;0,00043130;13000,00000000;13010,00000000
03/04/2025;585;A;SZL;0,29920000;0,29930000;18,73530000;18,73830000
03/04/2025;603;A;LSL;0,29920000;0,29930000;18,73530000;18,73830000
03/04/2025;608;A;TMT;1,59960000;1,60430000;3,49470000;3,50470000
03/04/2025;622;A;MZN;0,08686000;0,08862000;63,27000000;64,54000000
03/04/2025;625;A;ERN;0,37000000;0,37380000;15,00000000;15,15000000
03/04/2025;630;A;NGN;0,00365200;0,00365700;1533,00000000;1535,00000000
03/04/2025;635;A;AOA;0,00602700;0,00614800;912,00000000;930,24000000
03/04/2025;640;A;TWD;0,16950000;0,16960000;33,05000000;33,08000000
03/04/2025;642;A;TRY;0,14770000;0,14780000;37,93800000;37,96020000
03/04/2025;660;A;PEN;1,53070000;1,53170000;3,66050000;3,66260000
03/04/2025;665;A;BTN;0,06562000;0,06571000;85,32800000;85,43700000
03/04/2025;670;A;MRO;0,01562000;0,01575000;356,00000000;359,00000000
03/04/2025;671;A;MRU;0,14140000;0,14190000;39,52000000;39,64000000
03/04/2025;680;B;TOP;2,25870000;2,39910000;0,40290000;0,42790000
03/04/2025;685;A;MOP;0,69900000;0,70000000;8,01000000;8,02000000
03/04/2025;706;A;ARS;0,00521900;0,00522000;1074,00000000;1074,25000000
03/04/2025;715;A;CLP;0,00591200;0,00592100;946,92000000;948,22000000
03/04/2025;720;A;COP;0,00135300;0,00135400;4139,69000000;4142,57000000
03/04/2025;721;B;COU;0,50620000;0,50630000;0,09030000;0,09030000
03/04/2025;725;A;CUP;0,23360000;0,23360000;24,00000000;24,00000000
03/04/2025;730;A;DOP;0,08850000;0,08905000;62,96000000;63,35000000
03/04/2025;735;A;PHP;0,09827000;0,09831000;57,03000000;57,05000000
03/04/2025;741;A;MXN;0,28090000;0,28100000;19,94950000;19,95530000
03/04/2025;745;A;UYU;0,13250000;0,13260000;42,29000000;42,32000000
03/04/2025;755;B;BWP;0,40310000;0,40820000;0,07190000;0,07280000
03/04/2025;760;A;MWK;0,00320300;0,00326500;1717,02000000;1750,32000000
03/04/2025;766;A;ZMW;0,20150000;0,20190000;27,77500000;27,82500000
03/04/2025;770;A;GTQ;0,72540000;0,72740000;7,70800000;7,72800000
03/04/2025;775;A;MMK;0,00266200;0,00267800;2093,70000000;2106,30000000
03/04/2025;778;B;PGK;1,33820000;1,38040000;0,23870000;0,24620000
03/04/2025;780;A;LAK;0,00025750;0,00026020;21545,00000000;21775,00000000
03/04/2025;785;A;ZAR;0,29910000;0,29920000;18,73720000;18,74450000
03/04/2025;795;A;CNY;0,76980000;0,77000000;7,28130000;7,28280000
03/04/2025;796;A;CNH;0,76910000;0,76930000;7,28840000;7,28900000
03/04/2025;800;A;QAR;1,53760000;1,53840000;3,64450000;3,64600000
03/04/2025;805;A;OMR;14,55780000;14,57040000;0,38480000;0,38510000
03/04/2025;810;A;YER;0,02281000;0,02286000;245,30000000;245,80000000
03/04/2025;815;A;IRR;0,00013350;0,00013350;42000,00000000;42005,00000000
03/04/2025;820;A;SAR;1,49430000;1,49450000;3,75150000;3,75170000
03/04/2025;825;A;KHR;0,00139700;0,00140400;3993,00000000;4013,00000000
03/04/2025;828;A;MYR;1,26150000;1,26280000;4,44000000;4,44400000
03/04/2025;830;A;RUB;0,06666000;0,06667000;84,09670000;84,10570000
03/04/2025;831;A;BYN;1,70970000;1,71660000;3,26610000;3,27910000
03/04/2025;835;A;TJS;0,51340000;0,51670000;10,85000000;10,92000000
03/04/2025;840;A;MUR;0,12320000;0,12400000;45,22000000;45,52000000
03/04/2025;845;A;NPR;0,04101000;0,04102000;136,69000000;136,70000000
03/04/2025;850;A;SCR;0,39160000;0,39160000;14,31580000;14,31620000
03/04/2025;855;A;LKR;0,01888000;0,01889000;296,80000000;296,90000000
03/04/2025;860;A;INR;0,06572000;0,06577000;85,24700000;85,30200000
03/04/2025;865;A;IDR;0,00033840;0,00033870;16555,00000000;16565,00000000
03/04/2025;870;A;MVR;0,36170000;0,36360000;15,42000000;15,50000000
03/04/2025;875;A;PKR;0,01998000;0,02000000;280,40000000;280,60000000
03/04/2025;880;A;ILS;1,51330000;1,51550000;3,69950000;3,70450000
03/04/2025;892;A;KGS;0,06457000;0,06462000;86,77050000;86,82480000
03/04/2025;893;A;UZS;0,00043370;0,00043410;12915,44000000;12925,44000000
03/04/2025;905;A;BDT;0,04595000;0,04634000;121,00000000;122,00000000
03/04/2025;912;B;WST;1,93750000;2,06100000;0,34560000;0,36760000
03/04/2025;913;A;KZT;0,01117000;0,01118000;501,70000000;501,90000000
03/04/2025;915;A;MNT;0,00159800;0,00160100;3502,00000000;3508,00000000
03/04/2025;920;A;VUV;0,04428000;0,04615000;121,50000000;126,60000000
03/04/2025;930;A;KRW;0,00385700;0,00386800;1449,53000000;1453,53000000
03/04/2025;946;A;TZS;0,00206500;0,00210800;2660,00000000;2715,00000000
03/04/2025;950;A;KES;0,04329000;0,04346000;129,00000000;129,50000000
03/04/2025;955;A;UGX;0,00153200;0,00153600;3650,00000000;3660,00000000
03/04/2025;960;A;SOS;0,00975000;0,00987100;568,00000000;575,00000000
03/04/2025;975;A;PLN;1,46510000;1,46570000;3,82540000;3,82650000
03/04/2025;978;B;EUR;6,19490000;6,19600000;1,10500000;1,10510000
03/04/2025;998;A;XAU;560,62000000;560,67000000;0,01000000;0,01000000

[2025-07-07T15:11:50.352+0000] {taskinstance.py:441} INFO - ::group::Post task execution logs
[2025-07-07T15:11:50.413+0000] {taskinstance.py:1206} INFO - Marking task as SUCCESS. dag_id=fin_cotacoes_bcb_classic, task_id=extract, run_id=scheduled__2025-04-03T00:00:00+00:00, execution_date=20250403T000000, start_date=20250707T151149, end_date=20250707T151150
[2025-07-07T15:11:50.553+0000] {local_task_job_runner.py:240} INFO - Task exited with return code 0
[2025-07-07T15:11:50.681+0000] {taskinstance.py:3503} INFO - 1 downstream tasks scheduled from follow-on schedule check
[2025-07-07T15:11:50.692+0000] {local_task_job_runner.py:222} INFO - ::endgroup::
