[2025-07-06T18:02:11.760+0000] {local_task_job_runner.py:120} INFO - ::group::Pre task execution logs
[2025-07-06T18:02:11.825+0000] {taskinstance.py:2076} INFO - Dependencies all met for dep_context=non-requeueable deps ti=<TaskInstance: fin_cotacoes_bcb_classic.extract scheduled__2024-05-17T00:00:00+00:00 [queued]>
[2025-07-06T18:02:11.835+0000] {taskinstance.py:2076} INFO - Dependencies all met for dep_context=requeueable deps ti=<TaskInstance: fin_cotacoes_bcb_classic.extract scheduled__2024-05-17T00:00:00+00:00 [queued]>
[2025-07-06T18:02:11.836+0000] {taskinstance.py:2306} INFO - Starting attempt 1 of 2
[2025-07-06T18:02:11.861+0000] {taskinstance.py:2330} INFO - Executing <Task(PythonOperator): extract> on 2024-05-17 00:00:00+00:00
[2025-07-06T18:02:11.887+0000] {standard_task_runner.py:90} INFO - Running: ['***', 'tasks', 'run', 'fin_cotacoes_bcb_classic', 'extract', 'scheduled__2024-05-17T00:00:00+00:00', '--job-id', '549', '--raw', '--subdir', 'DAGS_FOLDER/cotacoes.py', '--cfg-path', '/tmp/tmpx0ec78iu']
[2025-07-06T18:02:11.889+0000] {standard_task_runner.py:91} INFO - Job 549: Subtask extract
[2025-07-06T18:02:11.900+0000] {logging_mixin.py:188} WARNING - /home/***/.local/lib/python3.12/site-packages/***/task/task_runner/standard_task_runner.py:61 DeprecationWarning: This process (pid=2391) is multi-threaded, use of fork() may lead to deadlocks in the child.
[2025-07-06T18:02:11.902+0000] {standard_task_runner.py:63} INFO - Started process 2420 to run task
[2025-07-06T18:02:11.995+0000] {task_command.py:426} INFO - Running <TaskInstance: fin_cotacoes_bcb_classic.extract scheduled__2024-05-17T00:00:00+00:00 [running]> on host 20adb53d65c4
[2025-07-06T18:02:12.197+0000] {taskinstance.py:2648} INFO - Exporting env vars: AIRFLOW_CTX_DAG_OWNER='***' AIRFLOW_CTX_DAG_ID='fin_cotacoes_bcb_classic' AIRFLOW_CTX_TASK_ID='extract' AIRFLOW_CTX_EXECUTION_DATE='2024-05-17T00:00:00+00:00' AIRFLOW_CTX_TRY_NUMBER='1' AIRFLOW_CTX_DAG_RUN_ID='scheduled__2024-05-17T00:00:00+00:00'
[2025-07-06T18:02:12.198+0000] {taskinstance.py:430} INFO - ::endgroup::
[2025-07-06T18:02:12.198+0000] {cotacoes.py:37} INFO - Iniciando extração da URL: https://www4.bcb.gov.br/Download/fechamento/20240517.csv
[2025-07-06T18:02:12.550+0000] {cotacoes.py:43} INFO - Extração concluída com sucesso.
[2025-07-06T18:02:12.551+0000] {python.py:237} INFO - Done. Returned value was: 17/05/2024;005;A;AFN;0,07108000;0,07129000;71,76000000;71,96000000
17/05/2024;009;A;ETB;0,08836000;0,08977000;56,98880000;57,89030000
17/05/2024;015;A;THB;0,14150000;0,14170000;36,11000000;36,14000000
17/05/2024;020;A;PAB;5,11510000;5,11570000;1,00000000;1,00000000
17/05/2024;027;A;VES;0,13970000;0,14000000;36,53490000;36,62650000
17/05/2024;030;A;BOB;0,73180000;0,74680000;6,85000000;6,99000000
17/05/2024;035;A;GHS;0,35400000;0,35650000;14,35000000;14,45000000
17/05/2024;040;A;CRC;0,00993200;0,01006000;508,65000000;515,00000000
17/05/2024;045;A;SVC;0,58390000;0,58470000;8,74950000;8,75950000
17/05/2024;051;A;NIO;0,13820000;0,13970000;36,62000000;37,00000000
17/05/2024;055;A;DKK;0,74500000;0,74520000;6,86450000;6,86550000
17/05/2024;060;A;ISK;0,03695000;0,03704000;138,12000000;138,45000000
17/05/2024;065;A;NOK;0,47860000;0,47880000;10,68390000;10,68690000
17/05/2024;070;A;SEK;0,47730000;0,47750000;10,71460000;10,71730000
17/05/2024;075;A;CZK;0,22500000;0,22510000;22,72700000;22,73700000
17/05/2024;090;A;GMD;0,07467000;0,07509000;68,13000000;68,50000000
17/05/2024;095;A;DZD;0,03786000;0,03824000;133,76700000;135,10400000
17/05/2024;100;A;KWD;16,62910000;16,66350000;0,30700000;0,30760000
17/05/2024;105;A;BHD;13,56790000;13,56950000;0,37700000;0,37700000
17/05/2024;115;A;IQD;0,00390200;0,00390800;1309,00000000;1311,00000000
17/05/2024;125;A;JOD;7,20440000;7,22560000;0,70800000;0,71000000
17/05/2024;130;A;LYD;1,05590000;1,06090000;4,82220000;4,84450000
17/05/2024;132;A;MKD;0,08986000;0,09022000;56,70000000;56,92000000
17/05/2024;133;A;RSD;0,04746000;0,04750000;107,70000000;107,78000000
17/05/2024;134;A;SDG;0,00849500;0,00854300;598,80020000;602,14120000
17/05/2024;135;A;TND;1,64120000;1,64300000;3,11360000;3,11660000
17/05/2024;136;A;SSP;0,00323000;0,00331400;1543,64980000;1583,64980000
17/05/2024;138;B;SDR;6,77140000;6,77220000;1,32380000;1,32380000
17/05/2024;139;A;MAD;0,51400000;0,51430000;9,94660000;9,95160000
17/05/2024;145;A;AED;1,39250000;1,39300000;3,67240000;3,67340000
17/05/2024;149;A;STN;0,22230000;0,22690000;22,54110000;23,00960000
17/05/2024;150;B;AUD;3,41790000;3,41930000;0,66820000;0,66840000
17/05/2024;155;A;BSD;5,11510000;5,11570000;1,00000000;1,00000000
17/05/2024;160;A;BMD;5,11510000;5,11570000;1,00000000;1,00000000
17/05/2024;165;A;CAD;3,75640000;3,75710000;1,36160000;1,36170000
17/05/2024;170;A;GYD;0,02431000;0,02460000;207,98000000;210,45000000
17/05/2024;173;A;NAD;0,28130000;0,28140000;18,18120000;18,18490000
17/05/2024;175;A;BBD;2,50730000;2,56030000;1,99810000;2,04010000
17/05/2024;180;A;BZD;2,51580000;2,56020000;1,99820000;2,03320000
17/05/2024;185;A;BND;3,80110000;3,80380000;1,34490000;1,34570000
17/05/2024;190;A;KYD;6,12590000;6,20080000;0,82500000;0,83500000
17/05/2024;195;A;SGD;3,80110000;3,80380000;1,34490000;1,34570000
17/05/2024;197;B;CLF;213,11550000;213,14050000;41,66400000;41,66400000
17/05/2024;200;B;FJD;2,25930000;2,32920000;0,44170000;0,45530000
17/05/2024;205;A;HKD;0,65560000;0,65570000;7,80170000;7,80180000
17/05/2024;210;A;TTD;0,74940000;0,75760000;6,75250000;6,82600000
17/05/2024;215;A;XCD;1,88060000;1,89470000;2,70000000;2,72000000
17/05/2024;220;A;USD;5,11510000;5,11570000;1,00000000;1,00000000
17/05/2024;230;A;JMD;0,03258000;0,03298000;155,11000000;157,01000000
17/05/2024;235;A;LRD;0,02630000;0,02664000;192,00000000;194,50000000
17/05/2024;245;B;NZD;3,13450000;3,13640000;0,61280000;0,61310000
17/05/2024;250;B;SBD;0,57290000;0,63430000;0,11200000;0,12400000
17/05/2024;255;A;SRD;0,15720000;0,16080000;31,82000000;32,54600000
17/05/2024;260;A;VND;0,00020100;0,00020100;25448,00000000;25450,00000000
17/05/2024;275;A;AMD;0,01316000;0,01323000;386,60000000;388,60000000
17/05/2024;295;A;CVE;0,04995000;0,05043000;101,45000000;102,41000000
17/05/2024;325;A;ANG;2,81050000;2,86670000;1,78450000;1,82000000
17/05/2024;328;A;AWG;2,77990000;2,87400000;1,78000000;1,84000000
17/05/2024;345;A;HUF;0,01437000;0,01437000;355,90000000;356,02000000
17/05/2024;363;A;CDF;0,00182700;0,00184000;2780,00000000;2800,00000000
17/05/2024;365;A;BIF;0,00177000;0,00179500;2850,00000000;2890,00000000
17/05/2024;368;A;KMF;0,01122000;0,01127000;453,79000000;455,79000000
17/05/2024;370;A;XAF;0,00819100;0,00847700;603,46000000;624,49000000
17/05/2024;372;A;XOF;0,00842000;0,00851900;600,50000000;607,50000000
17/05/2024;380;A;XPF;0,04632000;0,04673000;109,48000000;110,44000000
17/05/2024;390;A;DJF;0,02865000;0,02880000;177,60000000;178,55000000
17/05/2024;398;A;GNF;0,00058900;0,00060140;8506,00000000;8685,00000000
17/05/2024;406;A;MGA;0,00115400;0,00116200;4401,21000000;4434,32000000
17/05/2024;420;A;RWF;0,00392400;0,00397700;1286,41000000;1303,41000000
17/05/2024;425;A;CHF;5,63210000;5,63530000;0,90780000;0,90820000
17/05/2024;440;A;HTG;0,03835000;0,03881000;131,79740000;133,36510000
17/05/2024;450;A;PYG;0,00068290;0,00068430;7476,23000000;7490,05000000
17/05/2024;460;A;UAH;0,12930000;0,12970000;39,45000000;39,55000000
17/05/2024;470;A;JPY;0,03288000;0,03289000;155,56000000;155,58000000
17/05/2024;482;A;GEL;1,89100000;1,91600000;2,67000000;2,70500000
17/05/2024;490;A;ALL;0,05516000;0,05560000;92,01000000;92,74000000
17/05/2024;495;A;HNL;0,20650000;0,20740000;24,66600000;24,76600000
17/05/2024;500;A;SLL;0,00022330;0,00022550;22683,00000000;22908,00000000
17/05/2024;503;A;MDL;0,28950000;0,29120000;17,57000000;17,67000000
17/05/2024;506;A;RON;1,11720000;1,11790000;4,57610000;4,57840000
17/05/2024;510;A;BGN;2,84190000;2,84360000;1,79900000;1,79990000
17/05/2024;530;B;GIP;6,47570000;6,48160000;1,26600000;1,26700000
17/05/2024;535;A;EGP;0,10890000;0,10920000;46,86000000;46,96000000
17/05/2024;540;B;GBP;6,49670000;6,49800000;1,27010000;1,27020000
17/05/2024;545;B;FKP;6,47570000;6,48160000;1,26600000;1,26700000
17/05/2024;560;A;LBP;0,00005710;0,00005720;89500,00000000;89600,00000000
17/05/2024;570;B;SHP;6,47520000;6,48110000;1,26590000;1,26690000
17/05/2024;575;A;SYP;0,00039340;0,00039350;13000,00000000;13003,00000000
17/05/2024;585;A;SZL;0,28120000;0,28140000;18,18100000;18,18900000
17/05/2024;603;A;LSL;0,28110000;0,28150000;18,17500000;18,19500000
17/05/2024;608;A;TMT;1,45950000;1,46380000;3,49480000;3,50480000
17/05/2024;622;A;MZN;0,07982000;0,08088000;63,25000000;64,08000000
17/05/2024;625;A;ERN;0,33760000;0,34100000;15,00000000;15,15000000
17/05/2024;630;A;NGN;0,00348200;0,00348700;1467,00000000;1469,00000000
17/05/2024;635;A;AOA;0,00591800;0,00603700;847,41700000;864,32300000
17/05/2024;640;A;TWD;0,15880000;0,15900000;32,17600000;32,20600000
17/05/2024;642;A;TRY;0,15880000;0,15890000;32,19830000;32,21380000
17/05/2024;660;A;PEN;1,36780000;1,36880000;3,73740000;3,73960000
17/05/2024;665;A;BTN;0,06133000;0,06138000;83,34300000;83,39800000
17/05/2024;670;A;MRO;0,01425000;0,01437000;356,00000000;359,00000000
17/05/2024;671;A;MRU;0,12800000;0,12920000;39,60010000;39,96010000
17/05/2024;680;B;TOP;2,12990000;2,25810000;0,41640000;0,44140000
17/05/2024;685;A;MOP;0,63590000;0,63660000;8,03600000;8,04400000
17/05/2024;706;A;ARS;0,00576700;0,00577100;886,50000000;887,00000000
17/05/2024;715;A;CLP;0,00570500;0,00571000;895,99000000;896,58000000
17/05/2024;720;A;COP;0,00133500;0,00133600;3829,13000000;3831,73000000
17/05/2024;721;B;COU;0,49460000;0,49470000;0,09670000;0,09670000
17/05/2024;725;A;CUP;0,21310000;0,21320000;24,00000000;24,00000000
17/05/2024;730;A;DOP;0,08695000;0,08752000;58,45000000;58,83000000
17/05/2024;735;A;PHP;0,08865000;0,08869000;57,68000000;57,70000000
17/05/2024;741;A;MXN;0,30770000;0,30780000;16,61980000;16,62330000
17/05/2024;745;A;UYU;0,13180000;0,13190000;38,78000000;38,81000000
17/05/2024;755;B;BWP;0,37800000;0,37910000;0,07390000;0,07410000
17/05/2024;760;A;MWK;0,00292300;0,00298000;1716,73000000;1750,03000000
17/05/2024;766;A;ZMW;0,19980000;0,20020000;25,55000000;25,60000000
17/05/2024;770;A;GTQ;0,65750000;0,65920000;7,76000000;7,78000000
17/05/2024;775;A;MMK;0,00242900;0,00244300;2093,70000000;2106,30000000
17/05/2024;778;B;PGK;1,29820000;1,33670000;0,25380000;0,26130000
17/05/2024;780;A;LAK;0,00023890;0,00024050;21275,00000000;21414,00000000
17/05/2024;785;A;ZAR;0,28130000;0,28140000;18,18090000;18,18350000
17/05/2024;795;A;CNY;0,70800000;0,70820000;7,22330000;7,22480000
17/05/2024;796;A;CNH;0,70730000;0,70740000;7,23160000;7,23190000
17/05/2024;800;A;QAR;1,40260000;1,40390000;3,64400000;3,64700000
17/05/2024;805;A;OMR;13,28600000;13,29100000;0,38490000;0,38500000
17/05/2024;810;A;YER;0,02042000;0,02046000;249,98000000;250,48000000
17/05/2024;815;A;IRR;0,00012180;0,00012180;42000,00000000;42005,00000000
17/05/2024;820;A;SAR;1,36380000;1,36410000;3,75030000;3,75050000
17/05/2024;825;A;KHR;0,00125200;0,00125800;4067,00000000;4087,00000000
17/05/2024;828;A;MYR;1,09060000;1,09190000;4,68500000;4,69000000
17/05/2024;830;A;RUB;0,05616000;0,05617000;91,07050000;91,07950000
17/05/2024;831;A;BYN;1,55990000;1,56630000;3,26610000;3,27910000
17/05/2024;835;A;TJS;0,47100000;0,47370000;10,80000000;10,86000000
17/05/2024;840;A;MUR;0,11120000;0,11190000;45,71000000;46,01000000
17/05/2024;845;A;NPR;0,03836000;0,03837000;133,34000000;133,35000000
17/05/2024;850;A;SCR;0,37030000;0,37040000;13,81190000;13,81200000
17/05/2024;855;A;LKR;0,01707000;0,01709000;299,30000000;299,60000000
17/05/2024;860;A;INR;0,06138000;0,06143000;83,28000000;83,33500000
17/05/2024;865;A;IDR;0,00032050;0,00032070;15950,00000000;15960,00000000
17/05/2024;870;A;MVR;0,33000000;0,33180000;15,42000000;15,50000000
17/05/2024;875;A;PKR;0,01835000;0,01838000;278,30000000;278,80000000
17/05/2024;880;A;ILS;1,37970000;1,38080000;3,70500000;3,70740000
17/05/2024;892;A;KGS;0,05795000;0,05800000;88,20930000;88,26360000
17/05/2024;893;A;UZS;0,00040370;0,00040410;12659,87000000;12669,87000000
17/05/2024;905;A;BDT;0,04350000;0,04387000;116,60000000;117,60000000
17/05/2024;912;B;WST;1,82460000;1,93730000;0,35670000;0,37870000
17/05/2024;913;A;KZT;0,01150000;0,01151000;444,38000000;444,62000000
17/05/2024;915;A;MNT;0,00149200;0,00152100;3363,00000000;3429,00000000
17/05/2024;920;A;VUV;0,04167000;0,04350000;117,61000000;122,75000000
17/05/2024;930;A;KRW;0,00377700;0,00377900;1353,83000000;1354,40000000
17/05/2024;946;A;TZS;0,00196700;0,00197500;2590,00000000;2600,00000000
17/05/2024;950;A;KES;0,03875000;0,03905000;131,00000000;132,00000000
17/05/2024;955;A;UGX;0,00135200;0,00135600;3773,00000000;3783,00000000
17/05/2024;960;A;SOS;0,00889600;0,00900700;568,00000000;575,00000000
17/05/2024;975;A;PLN;1,30400000;1,30460000;3,92120000;3,92250000
17/05/2024;978;B;EUR;5,55860000;5,56130000;1,08670000;1,08710000
17/05/2024;998;A;XAU;395,90560000;395,95200000;0,01292000;0,01292000

[2025-07-06T18:02:12.557+0000] {taskinstance.py:441} INFO - ::group::Post task execution logs
[2025-07-06T18:02:12.611+0000] {taskinstance.py:1206} INFO - Marking task as SUCCESS. dag_id=fin_cotacoes_bcb_classic, task_id=extract, run_id=scheduled__2024-05-17T00:00:00+00:00, execution_date=20240517T000000, start_date=20250706T180211, end_date=20250706T180212
[2025-07-06T18:02:12.769+0000] {local_task_job_runner.py:240} INFO - Task exited with return code 0
[2025-07-06T18:02:12.792+0000] {logging_mixin.py:188} WARNING - /home/***/.local/lib/python3.12/site-packages/***/models/baseoperator.py:1297 AirflowProviderDeprecationWarning: Call to deprecated class PostgresOperator. (Please use `***.providers.common.sql.operators.sql.SQLExecuteQueryOperator`.Also, you can provide `hook_params={'schema': <database>}`.)
[2025-07-06T18:02:12.821+0000] {taskinstance.py:3503} INFO - 1 downstream tasks scheduled from follow-on schedule check
[2025-07-06T18:02:12.827+0000] {local_task_job_runner.py:222} INFO - ::endgroup::
[2025-07-07T15:05:26.869+0000] {local_task_job_runner.py:120} INFO - ::group::Pre task execution logs
[2025-07-07T15:05:26.950+0000] {taskinstance.py:2076} INFO - Dependencies all met for dep_context=non-requeueable deps ti=<TaskInstance: fin_cotacoes_bcb_classic.extract scheduled__2024-05-17T00:00:00+00:00 [queued]>
[2025-07-07T15:05:26.969+0000] {taskinstance.py:2076} INFO - Dependencies all met for dep_context=requeueable deps ti=<TaskInstance: fin_cotacoes_bcb_classic.extract scheduled__2024-05-17T00:00:00+00:00 [queued]>
[2025-07-07T15:05:26.969+0000] {taskinstance.py:2306} INFO - Starting attempt 1 of 2
[2025-07-07T15:05:27.010+0000] {taskinstance.py:2330} INFO - Executing <Task(PythonOperator): extract> on 2024-05-17 00:00:00+00:00
[2025-07-07T15:05:27.036+0000] {standard_task_runner.py:90} INFO - Running: ['***', 'tasks', 'run', 'fin_cotacoes_bcb_classic', 'extract', 'scheduled__2024-05-17T00:00:00+00:00', '--job-id', '3165', '--raw', '--subdir', 'DAGS_FOLDER/cotacoes.py', '--cfg-path', '/tmp/tmp6vlhtfqg']
[2025-07-07T15:05:27.042+0000] {standard_task_runner.py:91} INFO - Job 3165: Subtask extract
[2025-07-07T15:05:27.042+0000] {logging_mixin.py:188} WARNING - /home/***/.local/lib/python3.12/site-packages/***/task/task_runner/standard_task_runner.py:61 DeprecationWarning: This process (pid=97124) is multi-threaded, use of fork() may lead to deadlocks in the child.
[2025-07-07T15:05:27.043+0000] {standard_task_runner.py:63} INFO - Started process 97184 to run task
[2025-07-07T15:05:27.157+0000] {task_command.py:426} INFO - Running <TaskInstance: fin_cotacoes_bcb_classic.extract scheduled__2024-05-17T00:00:00+00:00 [running]> on host bc96ca91d307
[2025-07-07T15:05:27.358+0000] {taskinstance.py:2648} INFO - Exporting env vars: AIRFLOW_CTX_DAG_OWNER='***' AIRFLOW_CTX_DAG_ID='fin_cotacoes_bcb_classic' AIRFLOW_CTX_TASK_ID='extract' AIRFLOW_CTX_EXECUTION_DATE='2024-05-17T00:00:00+00:00' AIRFLOW_CTX_TRY_NUMBER='1' AIRFLOW_CTX_DAG_RUN_ID='scheduled__2024-05-17T00:00:00+00:00'
[2025-07-07T15:05:27.360+0000] {taskinstance.py:430} INFO - ::endgroup::
[2025-07-07T15:05:27.361+0000] {cotacoes.py:35} INFO - Iniciando extração da URL: https://www4.bcb.gov.br/Download/fechamento/20240517.csv
[2025-07-07T15:05:27.661+0000] {cotacoes.py:41} INFO - Extração concluída com sucesso.
[2025-07-07T15:05:27.670+0000] {python.py:237} INFO - Done. Returned value was: 17/05/2024;005;A;AFN;0,07108000;0,07129000;71,76000000;71,96000000
17/05/2024;009;A;ETB;0,08836000;0,08977000;56,98880000;57,89030000
17/05/2024;015;A;THB;0,14150000;0,14170000;36,11000000;36,14000000
17/05/2024;020;A;PAB;5,11510000;5,11570000;1,00000000;1,00000000
17/05/2024;027;A;VES;0,13970000;0,14000000;36,53490000;36,62650000
17/05/2024;030;A;BOB;0,73180000;0,74680000;6,85000000;6,99000000
17/05/2024;035;A;GHS;0,35400000;0,35650000;14,35000000;14,45000000
17/05/2024;040;A;CRC;0,00993200;0,01006000;508,65000000;515,00000000
17/05/2024;045;A;SVC;0,58390000;0,58470000;8,74950000;8,75950000
17/05/2024;051;A;NIO;0,13820000;0,13970000;36,62000000;37,00000000
17/05/2024;055;A;DKK;0,74500000;0,74520000;6,86450000;6,86550000
17/05/2024;060;A;ISK;0,03695000;0,03704000;138,12000000;138,45000000
17/05/2024;065;A;NOK;0,47860000;0,47880000;10,68390000;10,68690000
17/05/2024;070;A;SEK;0,47730000;0,47750000;10,71460000;10,71730000
17/05/2024;075;A;CZK;0,22500000;0,22510000;22,72700000;22,73700000
17/05/2024;090;A;GMD;0,07467000;0,07509000;68,13000000;68,50000000
17/05/2024;095;A;DZD;0,03786000;0,03824000;133,76700000;135,10400000
17/05/2024;100;A;KWD;16,62910000;16,66350000;0,30700000;0,30760000
17/05/2024;105;A;BHD;13,56790000;13,56950000;0,37700000;0,37700000
17/05/2024;115;A;IQD;0,00390200;0,00390800;1309,00000000;1311,00000000
17/05/2024;125;A;JOD;7,20440000;7,22560000;0,70800000;0,71000000
17/05/2024;130;A;LYD;1,05590000;1,06090000;4,82220000;4,84450000
17/05/2024;132;A;MKD;0,08986000;0,09022000;56,70000000;56,92000000
17/05/2024;133;A;RSD;0,04746000;0,04750000;107,70000000;107,78000000
17/05/2024;134;A;SDG;0,00849500;0,00854300;598,80020000;602,14120000
17/05/2024;135;A;TND;1,64120000;1,64300000;3,11360000;3,11660000
17/05/2024;136;A;SSP;0,00323000;0,00331400;1543,64980000;1583,64980000
17/05/2024;138;B;SDR;6,77140000;6,77220000;1,32380000;1,32380000
17/05/2024;139;A;MAD;0,51400000;0,51430000;9,94660000;9,95160000
17/05/2024;145;A;AED;1,39250000;1,39300000;3,67240000;3,67340000
17/05/2024;149;A;STN;0,22230000;0,22690000;22,54110000;23,00960000
17/05/2024;150;B;AUD;3,41790000;3,41930000;0,66820000;0,66840000
17/05/2024;155;A;BSD;5,11510000;5,11570000;1,00000000;1,00000000
17/05/2024;160;A;BMD;5,11510000;5,11570000;1,00000000;1,00000000
17/05/2024;165;A;CAD;3,75640000;3,75710000;1,36160000;1,36170000
17/05/2024;170;A;GYD;0,02431000;0,02460000;207,98000000;210,45000000
17/05/2024;173;A;NAD;0,28130000;0,28140000;18,18120000;18,18490000
17/05/2024;175;A;BBD;2,50730000;2,56030000;1,99810000;2,04010000
17/05/2024;180;A;BZD;2,51580000;2,56020000;1,99820000;2,03320000
17/05/2024;185;A;BND;3,80110000;3,80380000;1,34490000;1,34570000
17/05/2024;190;A;KYD;6,12590000;6,20080000;0,82500000;0,83500000
17/05/2024;195;A;SGD;3,80110000;3,80380000;1,34490000;1,34570000
17/05/2024;197;B;CLF;213,11550000;213,14050000;41,66400000;41,66400000
17/05/2024;200;B;FJD;2,25930000;2,32920000;0,44170000;0,45530000
17/05/2024;205;A;HKD;0,65560000;0,65570000;7,80170000;7,80180000
17/05/2024;210;A;TTD;0,74940000;0,75760000;6,75250000;6,82600000
17/05/2024;215;A;XCD;1,88060000;1,89470000;2,70000000;2,72000000
17/05/2024;220;A;USD;5,11510000;5,11570000;1,00000000;1,00000000
17/05/2024;230;A;JMD;0,03258000;0,03298000;155,11000000;157,01000000
17/05/2024;235;A;LRD;0,02630000;0,02664000;192,00000000;194,50000000
17/05/2024;245;B;NZD;3,13450000;3,13640000;0,61280000;0,61310000
17/05/2024;250;B;SBD;0,57290000;0,63430000;0,11200000;0,12400000
17/05/2024;255;A;SRD;0,15720000;0,16080000;31,82000000;32,54600000
17/05/2024;260;A;VND;0,00020100;0,00020100;25448,00000000;25450,00000000
17/05/2024;275;A;AMD;0,01316000;0,01323000;386,60000000;388,60000000
17/05/2024;295;A;CVE;0,04995000;0,05043000;101,45000000;102,41000000
17/05/2024;325;A;ANG;2,81050000;2,86670000;1,78450000;1,82000000
17/05/2024;328;A;AWG;2,77990000;2,87400000;1,78000000;1,84000000
17/05/2024;345;A;HUF;0,01437000;0,01437000;355,90000000;356,02000000
17/05/2024;363;A;CDF;0,00182700;0,00184000;2780,00000000;2800,00000000
17/05/2024;365;A;BIF;0,00177000;0,00179500;2850,00000000;2890,00000000
17/05/2024;368;A;KMF;0,01122000;0,01127000;453,79000000;455,79000000
17/05/2024;370;A;XAF;0,00819100;0,00847700;603,46000000;624,49000000
17/05/2024;372;A;XOF;0,00842000;0,00851900;600,50000000;607,50000000
17/05/2024;380;A;XPF;0,04632000;0,04673000;109,48000000;110,44000000
17/05/2024;390;A;DJF;0,02865000;0,02880000;177,60000000;178,55000000
17/05/2024;398;A;GNF;0,00058900;0,00060140;8506,00000000;8685,00000000
17/05/2024;406;A;MGA;0,00115400;0,00116200;4401,21000000;4434,32000000
17/05/2024;420;A;RWF;0,00392400;0,00397700;1286,41000000;1303,41000000
17/05/2024;425;A;CHF;5,63210000;5,63530000;0,90780000;0,90820000
17/05/2024;440;A;HTG;0,03835000;0,03881000;131,79740000;133,36510000
17/05/2024;450;A;PYG;0,00068290;0,00068430;7476,23000000;7490,05000000
17/05/2024;460;A;UAH;0,12930000;0,12970000;39,45000000;39,55000000
17/05/2024;470;A;JPY;0,03288000;0,03289000;155,56000000;155,58000000
17/05/2024;482;A;GEL;1,89100000;1,91600000;2,67000000;2,70500000
17/05/2024;490;A;ALL;0,05516000;0,05560000;92,01000000;92,74000000
17/05/2024;495;A;HNL;0,20650000;0,20740000;24,66600000;24,76600000
17/05/2024;500;A;SLL;0,00022330;0,00022550;22683,00000000;22908,00000000
17/05/2024;503;A;MDL;0,28950000;0,29120000;17,57000000;17,67000000
17/05/2024;506;A;RON;1,11720000;1,11790000;4,57610000;4,57840000
17/05/2024;510;A;BGN;2,84190000;2,84360000;1,79900000;1,79990000
17/05/2024;530;B;GIP;6,47570000;6,48160000;1,26600000;1,26700000
17/05/2024;535;A;EGP;0,10890000;0,10920000;46,86000000;46,96000000
17/05/2024;540;B;GBP;6,49670000;6,49800000;1,27010000;1,27020000
17/05/2024;545;B;FKP;6,47570000;6,48160000;1,26600000;1,26700000
17/05/2024;560;A;LBP;0,00005710;0,00005720;89500,00000000;89600,00000000
17/05/2024;570;B;SHP;6,47520000;6,48110000;1,26590000;1,26690000
17/05/2024;575;A;SYP;0,00039340;0,00039350;13000,00000000;13003,00000000
17/05/2024;585;A;SZL;0,28120000;0,28140000;18,18100000;18,18900000
17/05/2024;603;A;LSL;0,28110000;0,28150000;18,17500000;18,19500000
17/05/2024;608;A;TMT;1,45950000;1,46380000;3,49480000;3,50480000
17/05/2024;622;A;MZN;0,07982000;0,08088000;63,25000000;64,08000000
17/05/2024;625;A;ERN;0,33760000;0,34100000;15,00000000;15,15000000
17/05/2024;630;A;NGN;0,00348200;0,00348700;1467,00000000;1469,00000000
17/05/2024;635;A;AOA;0,00591800;0,00603700;847,41700000;864,32300000
17/05/2024;640;A;TWD;0,15880000;0,15900000;32,17600000;32,20600000
17/05/2024;642;A;TRY;0,15880000;0,15890000;32,19830000;32,21380000
17/05/2024;660;A;PEN;1,36780000;1,36880000;3,73740000;3,73960000
17/05/2024;665;A;BTN;0,06133000;0,06138000;83,34300000;83,39800000
17/05/2024;670;A;MRO;0,01425000;0,01437000;356,00000000;359,00000000
17/05/2024;671;A;MRU;0,12800000;0,12920000;39,60010000;39,96010000
17/05/2024;680;B;TOP;2,12990000;2,25810000;0,41640000;0,44140000
17/05/2024;685;A;MOP;0,63590000;0,63660000;8,03600000;8,04400000
17/05/2024;706;A;ARS;0,00576700;0,00577100;886,50000000;887,00000000
17/05/2024;715;A;CLP;0,00570500;0,00571000;895,99000000;896,58000000
17/05/2024;720;A;COP;0,00133500;0,00133600;3829,13000000;3831,73000000
17/05/2024;721;B;COU;0,49460000;0,49470000;0,09670000;0,09670000
17/05/2024;725;A;CUP;0,21310000;0,21320000;24,00000000;24,00000000
17/05/2024;730;A;DOP;0,08695000;0,08752000;58,45000000;58,83000000
17/05/2024;735;A;PHP;0,08865000;0,08869000;57,68000000;57,70000000
17/05/2024;741;A;MXN;0,30770000;0,30780000;16,61980000;16,62330000
17/05/2024;745;A;UYU;0,13180000;0,13190000;38,78000000;38,81000000
17/05/2024;755;B;BWP;0,37800000;0,37910000;0,07390000;0,07410000
17/05/2024;760;A;MWK;0,00292300;0,00298000;1716,73000000;1750,03000000
17/05/2024;766;A;ZMW;0,19980000;0,20020000;25,55000000;25,60000000
17/05/2024;770;A;GTQ;0,65750000;0,65920000;7,76000000;7,78000000
17/05/2024;775;A;MMK;0,00242900;0,00244300;2093,70000000;2106,30000000
17/05/2024;778;B;PGK;1,29820000;1,33670000;0,25380000;0,26130000
17/05/2024;780;A;LAK;0,00023890;0,00024050;21275,00000000;21414,00000000
17/05/2024;785;A;ZAR;0,28130000;0,28140000;18,18090000;18,18350000
17/05/2024;795;A;CNY;0,70800000;0,70820000;7,22330000;7,22480000
17/05/2024;796;A;CNH;0,70730000;0,70740000;7,23160000;7,23190000
17/05/2024;800;A;QAR;1,40260000;1,40390000;3,64400000;3,64700000
17/05/2024;805;A;OMR;13,28600000;13,29100000;0,38490000;0,38500000
17/05/2024;810;A;YER;0,02042000;0,02046000;249,98000000;250,48000000
17/05/2024;815;A;IRR;0,00012180;0,00012180;42000,00000000;42005,00000000
17/05/2024;820;A;SAR;1,36380000;1,36410000;3,75030000;3,75050000
17/05/2024;825;A;KHR;0,00125200;0,00125800;4067,00000000;4087,00000000
17/05/2024;828;A;MYR;1,09060000;1,09190000;4,68500000;4,69000000
17/05/2024;830;A;RUB;0,05616000;0,05617000;91,07050000;91,07950000
17/05/2024;831;A;BYN;1,55990000;1,56630000;3,26610000;3,27910000
17/05/2024;835;A;TJS;0,47100000;0,47370000;10,80000000;10,86000000
17/05/2024;840;A;MUR;0,11120000;0,11190000;45,71000000;46,01000000
17/05/2024;845;A;NPR;0,03836000;0,03837000;133,34000000;133,35000000
17/05/2024;850;A;SCR;0,37030000;0,37040000;13,81190000;13,81200000
17/05/2024;855;A;LKR;0,01707000;0,01709000;299,30000000;299,60000000
17/05/2024;860;A;INR;0,06138000;0,06143000;83,28000000;83,33500000
17/05/2024;865;A;IDR;0,00032050;0,00032070;15950,00000000;15960,00000000
17/05/2024;870;A;MVR;0,33000000;0,33180000;15,42000000;15,50000000
17/05/2024;875;A;PKR;0,01835000;0,01838000;278,30000000;278,80000000
17/05/2024;880;A;ILS;1,37970000;1,38080000;3,70500000;3,70740000
17/05/2024;892;A;KGS;0,05795000;0,05800000;88,20930000;88,26360000
17/05/2024;893;A;UZS;0,00040370;0,00040410;12659,87000000;12669,87000000
17/05/2024;905;A;BDT;0,04350000;0,04387000;116,60000000;117,60000000
17/05/2024;912;B;WST;1,82460000;1,93730000;0,35670000;0,37870000
17/05/2024;913;A;KZT;0,01150000;0,01151000;444,38000000;444,62000000
17/05/2024;915;A;MNT;0,00149200;0,00152100;3363,00000000;3429,00000000
17/05/2024;920;A;VUV;0,04167000;0,04350000;117,61000000;122,75000000
17/05/2024;930;A;KRW;0,00377700;0,00377900;1353,83000000;1354,40000000
17/05/2024;946;A;TZS;0,00196700;0,00197500;2590,00000000;2600,00000000
17/05/2024;950;A;KES;0,03875000;0,03905000;131,00000000;132,00000000
17/05/2024;955;A;UGX;0,00135200;0,00135600;3773,00000000;3783,00000000
17/05/2024;960;A;SOS;0,00889600;0,00900700;568,00000000;575,00000000
17/05/2024;975;A;PLN;1,30400000;1,30460000;3,92120000;3,92250000
17/05/2024;978;B;EUR;5,55860000;5,56130000;1,08670000;1,08710000
17/05/2024;998;A;XAU;395,90560000;395,95200000;0,01292000;0,01292000

[2025-07-07T15:05:27.671+0000] {taskinstance.py:441} INFO - ::group::Post task execution logs
[2025-07-07T15:05:27.733+0000] {taskinstance.py:1206} INFO - Marking task as SUCCESS. dag_id=fin_cotacoes_bcb_classic, task_id=extract, run_id=scheduled__2024-05-17T00:00:00+00:00, execution_date=20240517T000000, start_date=20250707T150526, end_date=20250707T150527
[2025-07-07T15:05:27.795+0000] {local_task_job_runner.py:240} INFO - Task exited with return code 0
[2025-07-07T15:05:27.847+0000] {taskinstance.py:3503} INFO - 0 downstream tasks scheduled from follow-on schedule check
[2025-07-07T15:05:27.852+0000] {local_task_job_runner.py:222} INFO - ::endgroup::
