[2025-07-06T18:12:40.953+0000] {local_task_job_runner.py:120} INFO - ::group::Pre task execution logs
[2025-07-06T18:12:41.080+0000] {taskinstance.py:2076} INFO - Dependencies all met for dep_context=non-requeueable deps ti=<TaskInstance: fin_cotacoes_bcb_classic.extract scheduled__2024-06-15T00:00:00+00:00 [queued]>
[2025-07-06T18:12:41.107+0000] {taskinstance.py:2076} INFO - Dependencies all met for dep_context=requeueable deps ti=<TaskInstance: fin_cotacoes_bcb_classic.extract scheduled__2024-06-15T00:00:00+00:00 [queued]>
[2025-07-06T18:12:41.108+0000] {taskinstance.py:2306} INFO - Starting attempt 1 of 2
[2025-07-06T18:12:41.166+0000] {taskinstance.py:2330} INFO - Executing <Task(PythonOperator): extract> on 2024-06-15 00:00:00+00:00
[2025-07-06T18:12:41.200+0000] {logging_mixin.py:188} WARNING - /home/***/.local/lib/python3.12/site-packages/***/task/task_runner/standard_task_runner.py:61 DeprecationWarning: This process (pid=8170) is multi-threaded, use of fork() may lead to deadlocks in the child.
[2025-07-06T18:12:41.202+0000] {standard_task_runner.py:63} INFO - Started process 8250 to run task
[2025-07-06T18:12:41.199+0000] {standard_task_runner.py:90} INFO - Running: ['***', 'tasks', 'run', 'fin_cotacoes_bcb_classic', 'extract', 'scheduled__2024-06-15T00:00:00+00:00', '--job-id', '642', '--raw', '--subdir', 'DAGS_FOLDER/cotacoes.py', '--cfg-path', '/tmp/tmp2znb38mu']
[2025-07-06T18:12:41.210+0000] {standard_task_runner.py:91} INFO - Job 642: Subtask extract
[2025-07-06T18:12:41.339+0000] {task_command.py:426} INFO - Running <TaskInstance: fin_cotacoes_bcb_classic.extract scheduled__2024-06-15T00:00:00+00:00 [running]> on host 20adb53d65c4
[2025-07-06T18:12:41.544+0000] {taskinstance.py:2648} INFO - Exporting env vars: AIRFLOW_CTX_DAG_OWNER='***' AIRFLOW_CTX_DAG_ID='fin_cotacoes_bcb_classic' AIRFLOW_CTX_TASK_ID='extract' AIRFLOW_CTX_EXECUTION_DATE='2024-06-15T00:00:00+00:00' AIRFLOW_CTX_TRY_NUMBER='1' AIRFLOW_CTX_DAG_RUN_ID='scheduled__2024-06-15T00:00:00+00:00'
[2025-07-06T18:12:41.545+0000] {taskinstance.py:430} INFO - ::endgroup::
[2025-07-06T18:12:41.546+0000] {cotacoes.py:37} INFO - Iniciando extração da URL: https://www4.bcb.gov.br/Download/fechamento/20240615.csv
[2025-07-06T18:12:41.896+0000] {cotacoes.py:46} ERROR - Erro ao acessar a URL: 404 Client Error: Not Found for url: https://www4.bcb.gov.br/Download/fechamento/20240615.csv
[2025-07-06T18:12:41.897+0000] {python.py:237} INFO - Done. Returned value was: None
[2025-07-06T18:12:41.900+0000] {taskinstance.py:441} INFO - ::group::Post task execution logs
[2025-07-06T18:12:41.922+0000] {taskinstance.py:1206} INFO - Marking task as SUCCESS. dag_id=fin_cotacoes_bcb_classic, task_id=extract, run_id=scheduled__2024-06-15T00:00:00+00:00, execution_date=20240615T000000, start_date=20250706T181241, end_date=20250706T181241
[2025-07-06T18:12:41.992+0000] {local_task_job_runner.py:240} INFO - Task exited with return code 0
[2025-07-06T18:12:42.020+0000] {local_task_job_runner.py:222} INFO - ::endgroup::
[2025-07-07T15:06:02.494+0000] {local_task_job_runner.py:120} INFO - ::group::Pre task execution logs
[2025-07-07T15:06:02.604+0000] {taskinstance.py:2076} INFO - Dependencies all met for dep_context=non-requeueable deps ti=<TaskInstance: fin_cotacoes_bcb_classic.extract scheduled__2024-06-15T00:00:00+00:00 [queued]>
[2025-07-07T15:06:02.615+0000] {taskinstance.py:2076} INFO - Dependencies all met for dep_context=requeueable deps ti=<TaskInstance: fin_cotacoes_bcb_classic.extract scheduled__2024-06-15T00:00:00+00:00 [queued]>
[2025-07-07T15:06:02.615+0000] {taskinstance.py:2306} INFO - Starting attempt 1 of 2
[2025-07-07T15:06:02.632+0000] {taskinstance.py:2330} INFO - Executing <Task(PythonOperator): extract> on 2024-06-15 00:00:00+00:00
[2025-07-07T15:06:02.651+0000] {logging_mixin.py:188} WARNING - /home/***/.local/lib/python3.12/site-packages/***/task/task_runner/standard_task_runner.py:61 DeprecationWarning: This process (pid=97679) is multi-threaded, use of fork() may lead to deadlocks in the child.
[2025-07-07T15:06:02.652+0000] {standard_task_runner.py:63} INFO - Started process 97762 to run task
[2025-07-07T15:06:02.648+0000] {standard_task_runner.py:90} INFO - Running: ['***', 'tasks', 'run', 'fin_cotacoes_bcb_classic', 'extract', 'scheduled__2024-06-15T00:00:00+00:00', '--job-id', '3253', '--raw', '--subdir', 'DAGS_FOLDER/cotacoes.py', '--cfg-path', '/tmp/tmpo8x2kgne']
[2025-07-07T15:06:02.660+0000] {standard_task_runner.py:91} INFO - Job 3253: Subtask extract
[2025-07-07T15:06:02.857+0000] {task_command.py:426} INFO - Running <TaskInstance: fin_cotacoes_bcb_classic.extract scheduled__2024-06-15T00:00:00+00:00 [running]> on host bc96ca91d307
[2025-07-07T15:06:03.194+0000] {taskinstance.py:2648} INFO - Exporting env vars: AIRFLOW_CTX_DAG_OWNER='***' AIRFLOW_CTX_DAG_ID='fin_cotacoes_bcb_classic' AIRFLOW_CTX_TASK_ID='extract' AIRFLOW_CTX_EXECUTION_DATE='2024-06-15T00:00:00+00:00' AIRFLOW_CTX_TRY_NUMBER='1' AIRFLOW_CTX_DAG_RUN_ID='scheduled__2024-06-15T00:00:00+00:00'
[2025-07-07T15:06:03.195+0000] {taskinstance.py:430} INFO - ::endgroup::
[2025-07-07T15:06:03.199+0000] {cotacoes.py:35} INFO - Iniciando extração da URL: https://www4.bcb.gov.br/Download/fechamento/20240615.csv
[2025-07-07T15:06:03.595+0000] {cotacoes.py:46} WARNING - Não foi possível extrair dados da URL (pode ser um dia sem cotação): 404 Client Error: Not Found for url: https://www4.bcb.gov.br/Download/fechamento/20240615.csv
[2025-07-07T15:06:03.605+0000] {python.py:237} INFO - Done. Returned value was: None
[2025-07-07T15:06:03.605+0000] {taskinstance.py:441} INFO - ::group::Post task execution logs
[2025-07-07T15:06:03.636+0000] {taskinstance.py:1206} INFO - Marking task as SUCCESS. dag_id=fin_cotacoes_bcb_classic, task_id=extract, run_id=scheduled__2024-06-15T00:00:00+00:00, execution_date=20240615T000000, start_date=20250707T150602, end_date=20250707T150603
[2025-07-07T15:06:03.700+0000] {local_task_job_runner.py:240} INFO - Task exited with return code 0
[2025-07-07T15:06:03.800+0000] {taskinstance.py:3503} INFO - 1 downstream tasks scheduled from follow-on schedule check
[2025-07-07T15:06:03.804+0000] {local_task_job_runner.py:222} INFO - ::endgroup::
