[2025-07-06T20:00:47.882+0000] {local_task_job_runner.py:120} INFO - ::group::Pre task execution logs
[2025-07-06T20:00:47.975+0000] {taskinstance.py:2076} INFO - Dependencies all met for dep_context=non-requeueable deps ti=<TaskInstance: fin_cotacoes_bcb_classic.extract scheduled__2025-05-21T00:00:00+00:00 [queued]>
[2025-07-06T20:00:47.995+0000] {taskinstance.py:2076} INFO - Dependencies all met for dep_context=requeueable deps ti=<TaskInstance: fin_cotacoes_bcb_classic.extract scheduled__2025-05-21T00:00:00+00:00 [queued]>
[2025-07-06T20:00:47.995+0000] {taskinstance.py:2306} INFO - Starting attempt 1 of 2
[2025-07-06T20:00:48.036+0000] {taskinstance.py:2330} INFO - Executing <Task(PythonOperator): extract> on 2025-05-21 00:00:00+00:00
[2025-07-06T20:00:48.056+0000] {standard_task_runner.py:90} INFO - Running: ['***', 'tasks', 'run', 'fin_cotacoes_bcb_classic', 'extract', 'scheduled__2025-05-21T00:00:00+00:00', '--job-id', '1329', '--raw', '--subdir', 'DAGS_FOLDER/cotacoes.py', '--cfg-path', '/tmp/tmp61pd2c8k']
[2025-07-06T20:00:48.062+0000] {standard_task_runner.py:91} INFO - Job 1329: Subtask extract
[2025-07-06T20:00:48.061+0000] {logging_mixin.py:188} WARNING - /home/***/.local/lib/python3.12/site-packages/***/task/task_runner/standard_task_runner.py:61 DeprecationWarning: This process (pid=17067) is multi-threaded, use of fork() may lead to deadlocks in the child.
[2025-07-06T20:00:48.064+0000] {standard_task_runner.py:63} INFO - Started process 17117 to run task
[2025-07-06T20:00:48.173+0000] {task_command.py:426} INFO - Running <TaskInstance: fin_cotacoes_bcb_classic.extract scheduled__2025-05-21T00:00:00+00:00 [running]> on host 20adb53d65c4
[2025-07-06T20:00:48.399+0000] {taskinstance.py:2648} INFO - Exporting env vars: AIRFLOW_CTX_DAG_OWNER='***' AIRFLOW_CTX_DAG_ID='fin_cotacoes_bcb_classic' AIRFLOW_CTX_TASK_ID='extract' AIRFLOW_CTX_EXECUTION_DATE='2025-05-21T00:00:00+00:00' AIRFLOW_CTX_TRY_NUMBER='1' AIRFLOW_CTX_DAG_RUN_ID='scheduled__2025-05-21T00:00:00+00:00'
[2025-07-06T20:00:48.400+0000] {taskinstance.py:430} INFO - ::endgroup::
[2025-07-06T20:00:48.401+0000] {cotacoes.py:37} INFO - Iniciando extração da URL: https://www4.bcb.gov.br/Download/fechamento/20250521.csv
[2025-07-06T20:00:48.671+0000] {cotacoes.py:43} INFO - Extração concluída com sucesso.
[2025-07-06T20:00:48.675+0000] {python.py:237} INFO - Done. Returned value was: 21/05/2025;005;A;AFN;0,08076000;0,08100000;69,84000000;70,04000000
21/05/2025;009;A;ETB;0,04099000;0,04254000;132,99520000;137,99520000
21/05/2025;015;A;THB;0,17310000;0,17340000;32,62000000;32,68000000
21/05/2025;020;A;PAB;5,65650000;5,65710000;1,00000000;1,00000000
21/05/2025;027;A;VES;0,05963000;0,05979000;94,61850000;94,85560000
21/05/2025;030;A;BOB;0,80690000;0,82470000;6,86000000;7,01000000
21/05/2025;035;A;GHS;0,47530000;0,47940000;11,80000000;11,90000000
21/05/2025;040;A;CRC;0,01105000;0,01127000;502,14000000;511,80000000
21/05/2025;045;A;SVC;0,64580000;0,64660000;8,74950000;8,75950000
21/05/2025;051;A;NIO;0,15290000;0,15460000;36,60000000;37,00000000
21/05/2025;055;A;DKK;0,85990000;0,86010000;6,57730000;6,57780000
21/05/2025;060;A;ISK;0,04439000;0,04449000;127,15000000;127,42000000
21/05/2025;065;A;NOK;0,55800000;0,55830000;10,13230000;10,13670000
21/05/2025;070;A;SEK;0,59220000;0,59250000;9,54830000;9,55140000
21/05/2025;075;A;CZK;0,25780000;0,25800000;21,93000000;21,94000000
21/05/2025;090;A;GMD;0,07749000;0,07808000;72,45000000;73,00000000
21/05/2025;095;A;DZD;0,04254000;0,04294000;131,73850000;132,96290000
21/05/2025;100;A;KWD;18,42510000;18,45710000;0,30650000;0,30700000
21/05/2025;105;A;BHD;15,00400000;15,00560000;0,37700000;0,37700000
21/05/2025;115;A;IQD;0,00431500;0,00432200;1309,00000000;1311,00000000
21/05/2025;125;A;JOD;7,96690000;7,99030000;0,70800000;0,71000000
21/05/2025;130;A;LYD;1,03310000;1,03850000;5,44750000;5,47520000
21/05/2025;132;A;MKD;0,10370000;0,10460000;54,06000000;54,55000000
21/05/2025;133;A;RSD;0,05463000;0,05480000;103,23000000;103,54000000
21/05/2025;134;A;SDG;0,00939400;0,00944700;598,80020000;602,14120000
21/05/2025;135;A;TND;1,88610000;1,89780000;2,98090000;2,99910000
21/05/2025;136;A;SSP;0,00124000;0,00127600;4432,63790000;4562,63790000
21/05/2025;138;B;SDR;7,67420000;7,67500000;1,35670000;1,35670000
21/05/2025;139;A;MAD;0,61390000;0,61470000;9,20260000;9,21460000
21/05/2025;145;A;AED;1,54000000;1,54020000;3,67290000;3,67310000
21/05/2025;149;A;STN;0,25660000;0,26190000;21,59730000;22,04190000
21/05/2025;150;B;AUD;3,65690000;3,65900000;0,64650000;0,64680000
21/05/2025;155;A;BSD;5,65650000;5,65710000;1,00000000;1,00000000
21/05/2025;160;A;BMD;5,65650000;5,65710000;1,00000000;1,00000000
21/05/2025;165;A;CAD;4,09210000;4,09280000;1,38220000;1,38230000
21/05/2025;170;A;GYD;0,02688000;0,02704000;209,19000000;210,47000000
21/05/2025;173;A;NAD;0,31580000;0,31620000;17,89300000;17,91100000
21/05/2025;175;A;BBD;2,77270000;2,83120000;1,99810000;2,04010000
21/05/2025;180;A;BZD;2,80410000;2,82830000;2,00020000;2,01720000
21/05/2025;185;A;BND;4,39100000;4,39390000;1,28750000;1,28820000
21/05/2025;190;A;KYD;6,77430000;6,83640000;0,82750000;0,83500000
21/05/2025;195;A;SGD;4,39100000;4,39390000;1,28750000;1,28820000
21/05/2025;197;B;CLF;234,64860000;234,67350000;41,48300000;41,48300000
21/05/2025;200;B;FJD;2,47470000;2,53780000;0,43750000;0,44860000
21/05/2025;205;A;HKD;0,72220000;0,72230000;7,83170000;7,83190000
21/05/2025;210;A;TTD;0,82870000;0,83580000;6,76850000;6,82600000
21/05/2025;215;A;XCD;2,07960000;2,10300000;2,69000000;2,72000000
21/05/2025;220;A;USD;5,65650000;5,65710000;1,00000000;1,00000000
21/05/2025;230;A;JMD;0,03540000;0,03580000;158,01000000;159,81000000
21/05/2025;235;A;LRD;0,02800000;0,02857000;198,00000000;202,00000000
21/05/2025;245;B;NZD;3,37350000;3,37560000;0,59640000;0,59670000
21/05/2025;250;B;SBD;0,63070000;0,69750000;0,11150000;0,12330000
21/05/2025;255;A;SRD;0,15230000;0,15560000;36,36000000;37,14500000
21/05/2025;260;A;VND;0,00021780;0,00021780;25970,00000000;25976,00000000
21/05/2025;275;A;AMD;0,01465000;0,01473000;384,06000000;386,06000000
21/05/2025;295;A;CVE;0,05766000;0,05820000;97,20000000;98,10000000
21/05/2025;325;A;ANG;3,10800000;3,17010000;1,78450000;1,82000000
21/05/2025;326;A;XCG;3,10800000;3,17010000;1,78450000;1,82000000
21/05/2025;328;A;AWG;3,07420000;3,17810000;1,78000000;1,84000000
21/05/2025;345;A;HUF;0,01593000;0,01594000;354,83000000;355,03000000
21/05/2025;363;A;CDF;0,00191800;0,00198500;2850,00000000;2950,00000000
21/05/2025;365;A;BIF;0,00187600;0,00192600;2936,90000000;3015,00000000
21/05/2025;368;A;KMF;0,01296000;0,01302000;434,55000000;436,55000000
21/05/2025;370;A;XAF;0,00939000;0,00978400;578,19000000;602,41000000
21/05/2025;372;A;XOF;0,00971100;0,00983000;575,50000000;582,50000000
21/05/2025;380;A;XPF;0,05345000;0,05394000;104,88000000;105,82000000
21/05/2025;390;A;DJF;0,03168000;0,03185000;177,60000000;178,55000000
21/05/2025;398;A;GNF;0,00065020;0,00065590;8625,00000000;8700,00000000
21/05/2025;406;A;MGA;0,00125600;0,00127300;4442,87000000;4504,58000000
21/05/2025;420;A;RWF;0,00397900;0,00402800;1404,55000000;1421,55000000
21/05/2025;425;A;CHF;6,85390000;6,85880000;0,82480000;0,82530000
21/05/2025;440;A;HTG;0,04311000;0,04332000;130,60000000;131,20000000
21/05/2025;450;A;PYG;0,00070960;0,00070970;7971,01000000;7971,15000000
21/05/2025;460;A;UAH;0,13640000;0,13650000;41,45900000;41,47600000
21/05/2025;470;A;JPY;0,03937000;0,03937000;143,68000000;143,69000000
21/05/2025;482;A;GEL;2,04580000;2,08980000;2,70700000;2,76500000
21/05/2025;490;A;ALL;0,06521000;0,06568000;86,13000000;86,74000000
21/05/2025;495;A;HNL;0,21590000;0,21880000;25,86020000;26,20000000
21/05/2025;500;A;SLL;0,00024690;0,00024940;22683,00000000;22908,00000000
21/05/2025;503;A;MDL;0,32790000;0,32990000;17,15000000;17,25000000
21/05/2025;506;A;RON;1,26500000;1,26570000;4,46940000;4,47150000
21/05/2025;510;A;BGN;3,28050000;3,28120000;1,72410000;1,72430000
21/05/2025;530;B;GIP;7,60230000;7,60880000;1,34400000;1,34500000
21/05/2025;535;A;EGP;0,11340000;0,11360000;49,80000000;49,90000000
21/05/2025;540;B;GBP;7,60520000;7,60650000;1,34450000;1,34460000
21/05/2025;545;B;FKP;7,60230000;7,60880000;1,34400000;1,34500000
21/05/2025;560;A;LBP;0,00006310;0,00006320;89500,00000000;89700,00000000
21/05/2025;570;B;SHP;7,60350000;7,60600000;1,34420000;1,34450000
21/05/2025;575;A;SYP;0,00043480;0,00043520;13000,00000000;13010,00000000
21/05/2025;585;A;SZL;0,31570000;0,31630000;17,88650000;17,91850000
21/05/2025;603;A;LSL;0,31590000;0,31630000;17,88340000;17,90730000
21/05/2025;608;A;TMT;1,61410000;1,61890000;3,49450000;3,50450000
21/05/2025;622;A;MZN;0,08764000;0,08941000;63,27000000;64,54000000
21/05/2025;625;A;ERN;0,37340000;0,37710000;15,00000000;15,15000000
21/05/2025;630;A;NGN;0,00355300;0,00356800;1585,46000000;1592,06000000
21/05/2025;635;A;AOA;0,00607900;0,00620300;911,95500000;930,50000000
21/05/2025;640;A;TWD;0,18840000;0,18860000;29,99600000;30,02600000
21/05/2025;642;A;TRY;0,14570000;0,14580000;38,81030000;38,82090000
21/05/2025;660;A;PEN;1,53760000;1,53810000;3,67800000;3,67880000
21/05/2025;665;A;BTN;0,06609000;0,06614000;85,53000000;85,58500000
21/05/2025;670;A;MRO;0,01576000;0,01589000;356,00000000;359,00000000
21/05/2025;671;A;MRU;0,14280000;0,14330000;39,48000000;39,60000000
21/05/2025;680;B;TOP;2,31920000;2,46080000;0,41000000;0,43500000
21/05/2025;685;A;MOP;0,70010000;0,70130000;8,06700000;8,07900000
21/05/2025;706;A;ARS;0,00493600;0,00493900;1145,50000000;1146,00000000
21/05/2025;715;A;CLP;0,00599100;0,00599500;943,60000000;944,10000000
21/05/2025;720;A;COP;0,00135700;0,00135800;4165,71000000;4167,68000000
21/05/2025;721;B;COU;0,50740000;0,50740000;0,08970000;0,08970000
21/05/2025;725;A;CUP;0,23570000;0,23570000;24,00000000;24,00000000
21/05/2025;730;A;DOP;0,09552000;0,09616000;58,83000000;59,22000000
21/05/2025;735;A;PHP;0,10170000;0,10180000;55,59400000;55,62100000
21/05/2025;741;A;MXN;0,29260000;0,29270000;19,32600000;19,33100000
21/05/2025;745;A;UYU;0,13590000;0,13610000;41,58000000;41,61000000
21/05/2025;755;B;BWP;0,41910000;0,42090000;0,07410000;0,07440000
21/05/2025;760;A;MWK;0,00323200;0,00329500;1717,02000000;1750,32000000
21/05/2025;766;A;ZMW;0,20800000;0,20840000;27,15000000;27,20000000
21/05/2025;770;A;GTQ;0,73580000;0,73800000;7,66500000;7,68800000
21/05/2025;775;A;MMK;0,00268600;0,00270200;2093,70000000;2106,30000000
21/05/2025;778;B;PGK;1,33890000;1,42390000;0,23670000;0,25170000
21/05/2025;780;A;LAK;0,00026030;0,00026310;21500,00000000;21730,00000000
21/05/2025;785;A;ZAR;0,31590000;0,31600000;17,89960000;17,90670000
21/05/2025;795;A;CNY;0,78530000;0,78550000;7,20190000;7,20310000
21/05/2025;796;A;CNH;0,78550000;0,78560000;7,20080000;7,20110000
21/05/2025;800;A;QAR;1,55040000;1,55390000;3,64050000;3,64850000
21/05/2025;805;A;OMR;14,68840000;14,69760000;0,38490000;0,38510000
21/05/2025;810;A;YER;0,02317000;0,02322000;243,63000000;244,13000000
21/05/2025;815;A;IRR;0,00013470;0,00013470;42000,00000000;42005,00000000
21/05/2025;820;A;SAR;1,50810000;1,50840000;3,75050000;3,75070000
21/05/2025;825;A;KHR;0,00141000;0,00141700;3993,00000000;4013,00000000
21/05/2025;828;A;MYR;1,32380000;1,32580000;4,26700000;4,27300000
21/05/2025;830;A;RUB;0,07084000;0,07085000;79,84550000;79,85450000
21/05/2025;831;A;BYN;1,72500000;1,73210000;3,26610000;3,27910000
21/05/2025;835;A;TJS;0,54860000;0,55460000;10,20000000;10,31000000
21/05/2025;840;A;MUR;0,12410000;0,12490000;45,29000000;45,59000000
21/05/2025;845;A;NPR;0,04128000;0,04129000;137,02000000;137,04000000
21/05/2025;850;A;SCR;0,37050000;0,38970000;14,51840000;15,26870000
21/05/2025;855;A;LKR;0,01888000;0,01889000;299,50000000;299,60000000
21/05/2025;860;A;INR;0,06606000;0,06611000;85,57500000;85,63000000
21/05/2025;865;A;IDR;0,00034490;0,00034520;16390,00000000;16400,00000000
21/05/2025;870;A;MVR;0,36490000;0,36690000;15,42000000;15,50000000
21/05/2025;875;A;PKR;0,02006000;0,02010000;281,50000000;282,00000000
21/05/2025;880;A;ILS;1,59420000;1,59710000;3,54220000;3,54820000
21/05/2025;892;A;KGS;0,06464000;0,06469000;87,45000000;87,50430000
21/05/2025;893;A;UZS;0,00043700;0,00043740;12932,93000000;12942,93000000
21/05/2025;905;A;BDT;0,04625000;0,04664000;121,30000000;122,30000000
21/05/2025;912;B;WST;2,04770000;2,14400000;0,36200000;0,37900000
21/05/2025;913;A;KZT;0,01111000;0,01111000;509,00000000;509,15000000
21/05/2025;915;A;MNT;0,00158000;0,00158300;3574,00000000;3580,00000000
21/05/2025;920;A;VUV;0,04556000;0,04752000;119,05000000;124,15000000
21/05/2025;930;A;KRW;0,00412300;0,00412500;1371,54000000;1372,04000000
21/05/2025;946;A;TZS;0,00208000;0,00210300;2690,00000000;2720,00000000
21/05/2025;950;A;KES;0,04370000;0,04387000;128,95000000;129,45000000
21/05/2025;955;A;UGX;0,00154700;0,00155100;3647,00000000;3657,00000000
21/05/2025;960;A;SOS;0,00983700;0,00996000;568,00000000;575,00000000
21/05/2025;975;A;PLN;1,51310000;1,51380000;3,73690000;3,73830000
21/05/2025;978;B;EUR;6,41560000;6,41680000;1,13420000;1,13430000
21/05/2025;998;A;XAU;602,20380000;602,26760000;0,00939300;0,00939300

[2025-07-06T20:00:48.676+0000] {taskinstance.py:441} INFO - ::group::Post task execution logs
[2025-07-06T20:00:48.734+0000] {taskinstance.py:1206} INFO - Marking task as SUCCESS. dag_id=fin_cotacoes_bcb_classic, task_id=extract, run_id=scheduled__2025-05-21T00:00:00+00:00, execution_date=20250521T000000, start_date=20250706T200047, end_date=20250706T200048
[2025-07-06T20:00:48.806+0000] {local_task_job_runner.py:240} INFO - Task exited with return code 0
[2025-07-06T20:00:48.830+0000] {logging_mixin.py:188} WARNING - /home/***/.local/lib/python3.12/site-packages/***/models/baseoperator.py:1297 AirflowProviderDeprecationWarning: Call to deprecated class PostgresOperator. (Please use `***.providers.common.sql.operators.sql.SQLExecuteQueryOperator`.Also, you can provide `hook_params={'schema': <database>}`.)
[2025-07-06T20:00:48.868+0000] {taskinstance.py:3503} INFO - 1 downstream tasks scheduled from follow-on schedule check
[2025-07-06T20:00:48.876+0000] {local_task_job_runner.py:222} INFO - ::endgroup::
[2025-07-07T14:35:26.635+0000] {local_task_job_runner.py:120} INFO - ::group::Pre task execution logs
[2025-07-07T14:35:26.696+0000] {taskinstance.py:2076} INFO - Dependencies all met for dep_context=non-requeueable deps ti=<TaskInstance: fin_cotacoes_bcb_classic.extract scheduled__2025-05-21T00:00:00+00:00 [queued]>
[2025-07-07T14:35:26.715+0000] {taskinstance.py:2076} INFO - Dependencies all met for dep_context=requeueable deps ti=<TaskInstance: fin_cotacoes_bcb_classic.extract scheduled__2025-05-21T00:00:00+00:00 [queued]>
[2025-07-07T14:35:26.721+0000] {taskinstance.py:2306} INFO - Starting attempt 1 of 2
[2025-07-07T14:35:26.772+0000] {taskinstance.py:2330} INFO - Executing <Task(PythonOperator): extract> on 2025-05-21 00:00:00+00:00
[2025-07-07T14:35:26.815+0000] {standard_task_runner.py:90} INFO - Running: ['***', 'tasks', 'run', 'fin_cotacoes_bcb_classic', 'extract', 'scheduled__2025-05-21T00:00:00+00:00', '--job-id', '2604', '--raw', '--subdir', 'DAGS_FOLDER/cotacoes.py', '--cfg-path', '/tmp/tmp7g7ww0fp']
[2025-07-07T14:35:26.824+0000] {standard_task_runner.py:91} INFO - Job 2604: Subtask extract
[2025-07-07T14:35:26.821+0000] {logging_mixin.py:188} WARNING - /home/***/.local/lib/python3.12/site-packages/***/task/task_runner/standard_task_runner.py:61 DeprecationWarning: This process (pid=79594) is multi-threaded, use of fork() may lead to deadlocks in the child.
[2025-07-07T14:35:26.833+0000] {standard_task_runner.py:63} INFO - Started process 79655 to run task
[2025-07-07T14:35:26.987+0000] {task_command.py:426} INFO - Running <TaskInstance: fin_cotacoes_bcb_classic.extract scheduled__2025-05-21T00:00:00+00:00 [running]> on host bc96ca91d307
[2025-07-07T14:35:27.257+0000] {taskinstance.py:2648} INFO - Exporting env vars: AIRFLOW_CTX_DAG_OWNER='***' AIRFLOW_CTX_DAG_ID='fin_cotacoes_bcb_classic' AIRFLOW_CTX_TASK_ID='extract' AIRFLOW_CTX_EXECUTION_DATE='2025-05-21T00:00:00+00:00' AIRFLOW_CTX_TRY_NUMBER='1' AIRFLOW_CTX_DAG_RUN_ID='scheduled__2025-05-21T00:00:00+00:00'
[2025-07-07T14:35:27.258+0000] {taskinstance.py:430} INFO - ::endgroup::
[2025-07-07T14:35:27.262+0000] {cotacoes.py:35} INFO - Iniciando extração da URL: https://www4.bcb.gov.br/Download/fechamento/20250521.csv
[2025-07-07T14:35:27.491+0000] {cotacoes.py:41} INFO - Extração concluída com sucesso.
[2025-07-07T14:35:27.497+0000] {python.py:237} INFO - Done. Returned value was: 21/05/2025;005;A;AFN;0,08076000;0,08100000;69,84000000;70,04000000
21/05/2025;009;A;ETB;0,04099000;0,04254000;132,99520000;137,99520000
21/05/2025;015;A;THB;0,17310000;0,17340000;32,62000000;32,68000000
21/05/2025;020;A;PAB;5,65650000;5,65710000;1,00000000;1,00000000
21/05/2025;027;A;VES;0,05963000;0,05979000;94,61850000;94,85560000
21/05/2025;030;A;BOB;0,80690000;0,82470000;6,86000000;7,01000000
21/05/2025;035;A;GHS;0,47530000;0,47940000;11,80000000;11,90000000
21/05/2025;040;A;CRC;0,01105000;0,01127000;502,14000000;511,80000000
21/05/2025;045;A;SVC;0,64580000;0,64660000;8,74950000;8,75950000
21/05/2025;051;A;NIO;0,15290000;0,15460000;36,60000000;37,00000000
21/05/2025;055;A;DKK;0,85990000;0,86010000;6,57730000;6,57780000
21/05/2025;060;A;ISK;0,04439000;0,04449000;127,15000000;127,42000000
21/05/2025;065;A;NOK;0,55800000;0,55830000;10,13230000;10,13670000
21/05/2025;070;A;SEK;0,59220000;0,59250000;9,54830000;9,55140000
21/05/2025;075;A;CZK;0,25780000;0,25800000;21,93000000;21,94000000
21/05/2025;090;A;GMD;0,07749000;0,07808000;72,45000000;73,00000000
21/05/2025;095;A;DZD;0,04254000;0,04294000;131,73850000;132,96290000
21/05/2025;100;A;KWD;18,42510000;18,45710000;0,30650000;0,30700000
21/05/2025;105;A;BHD;15,00400000;15,00560000;0,37700000;0,37700000
21/05/2025;115;A;IQD;0,00431500;0,00432200;1309,00000000;1311,00000000
21/05/2025;125;A;JOD;7,96690000;7,99030000;0,70800000;0,71000000
21/05/2025;130;A;LYD;1,03310000;1,03850000;5,44750000;5,47520000
21/05/2025;132;A;MKD;0,10370000;0,10460000;54,06000000;54,55000000
21/05/2025;133;A;RSD;0,05463000;0,05480000;103,23000000;103,54000000
21/05/2025;134;A;SDG;0,00939400;0,00944700;598,80020000;602,14120000
21/05/2025;135;A;TND;1,88610000;1,89780000;2,98090000;2,99910000
21/05/2025;136;A;SSP;0,00124000;0,00127600;4432,63790000;4562,63790000
21/05/2025;138;B;SDR;7,67420000;7,67500000;1,35670000;1,35670000
21/05/2025;139;A;MAD;0,61390000;0,61470000;9,20260000;9,21460000
21/05/2025;145;A;AED;1,54000000;1,54020000;3,67290000;3,67310000
21/05/2025;149;A;STN;0,25660000;0,26190000;21,59730000;22,04190000
21/05/2025;150;B;AUD;3,65690000;3,65900000;0,64650000;0,64680000
21/05/2025;155;A;BSD;5,65650000;5,65710000;1,00000000;1,00000000
21/05/2025;160;A;BMD;5,65650000;5,65710000;1,00000000;1,00000000
21/05/2025;165;A;CAD;4,09210000;4,09280000;1,38220000;1,38230000
21/05/2025;170;A;GYD;0,02688000;0,02704000;209,19000000;210,47000000
21/05/2025;173;A;NAD;0,31580000;0,31620000;17,89300000;17,91100000
21/05/2025;175;A;BBD;2,77270000;2,83120000;1,99810000;2,04010000
21/05/2025;180;A;BZD;2,80410000;2,82830000;2,00020000;2,01720000
21/05/2025;185;A;BND;4,39100000;4,39390000;1,28750000;1,28820000
21/05/2025;190;A;KYD;6,77430000;6,83640000;0,82750000;0,83500000
21/05/2025;195;A;SGD;4,39100000;4,39390000;1,28750000;1,28820000
21/05/2025;197;B;CLF;234,64860000;234,67350000;41,48300000;41,48300000
21/05/2025;200;B;FJD;2,47470000;2,53780000;0,43750000;0,44860000
21/05/2025;205;A;HKD;0,72220000;0,72230000;7,83170000;7,83190000
21/05/2025;210;A;TTD;0,82870000;0,83580000;6,76850000;6,82600000
21/05/2025;215;A;XCD;2,07960000;2,10300000;2,69000000;2,72000000
21/05/2025;220;A;USD;5,65650000;5,65710000;1,00000000;1,00000000
21/05/2025;230;A;JMD;0,03540000;0,03580000;158,01000000;159,81000000
21/05/2025;235;A;LRD;0,02800000;0,02857000;198,00000000;202,00000000
21/05/2025;245;B;NZD;3,37350000;3,37560000;0,59640000;0,59670000
21/05/2025;250;B;SBD;0,63070000;0,69750000;0,11150000;0,12330000
21/05/2025;255;A;SRD;0,15230000;0,15560000;36,36000000;37,14500000
21/05/2025;260;A;VND;0,00021780;0,00021780;25970,00000000;25976,00000000
21/05/2025;275;A;AMD;0,01465000;0,01473000;384,06000000;386,06000000
21/05/2025;295;A;CVE;0,05766000;0,05820000;97,20000000;98,10000000
21/05/2025;325;A;ANG;3,10800000;3,17010000;1,78450000;1,82000000
21/05/2025;326;A;XCG;3,10800000;3,17010000;1,78450000;1,82000000
21/05/2025;328;A;AWG;3,07420000;3,17810000;1,78000000;1,84000000
21/05/2025;345;A;HUF;0,01593000;0,01594000;354,83000000;355,03000000
21/05/2025;363;A;CDF;0,00191800;0,00198500;2850,00000000;2950,00000000
21/05/2025;365;A;BIF;0,00187600;0,00192600;2936,90000000;3015,00000000
21/05/2025;368;A;KMF;0,01296000;0,01302000;434,55000000;436,55000000
21/05/2025;370;A;XAF;0,00939000;0,00978400;578,19000000;602,41000000
21/05/2025;372;A;XOF;0,00971100;0,00983000;575,50000000;582,50000000
21/05/2025;380;A;XPF;0,05345000;0,05394000;104,88000000;105,82000000
21/05/2025;390;A;DJF;0,03168000;0,03185000;177,60000000;178,55000000
21/05/2025;398;A;GNF;0,00065020;0,00065590;8625,00000000;8700,00000000
21/05/2025;406;A;MGA;0,00125600;0,00127300;4442,87000000;4504,58000000
21/05/2025;420;A;RWF;0,00397900;0,00402800;1404,55000000;1421,55000000
21/05/2025;425;A;CHF;6,85390000;6,85880000;0,82480000;0,82530000
21/05/2025;440;A;HTG;0,04311000;0,04332000;130,60000000;131,20000000
21/05/2025;450;A;PYG;0,00070960;0,00070970;7971,01000000;7971,15000000
21/05/2025;460;A;UAH;0,13640000;0,13650000;41,45900000;41,47600000
21/05/2025;470;A;JPY;0,03937000;0,03937000;143,68000000;143,69000000
21/05/2025;482;A;GEL;2,04580000;2,08980000;2,70700000;2,76500000
21/05/2025;490;A;ALL;0,06521000;0,06568000;86,13000000;86,74000000
21/05/2025;495;A;HNL;0,21590000;0,21880000;25,86020000;26,20000000
21/05/2025;500;A;SLL;0,00024690;0,00024940;22683,00000000;22908,00000000
21/05/2025;503;A;MDL;0,32790000;0,32990000;17,15000000;17,25000000
21/05/2025;506;A;RON;1,26500000;1,26570000;4,46940000;4,47150000
21/05/2025;510;A;BGN;3,28050000;3,28120000;1,72410000;1,72430000
21/05/2025;530;B;GIP;7,60230000;7,60880000;1,34400000;1,34500000
21/05/2025;535;A;EGP;0,11340000;0,11360000;49,80000000;49,90000000
21/05/2025;540;B;GBP;7,60520000;7,60650000;1,34450000;1,34460000
21/05/2025;545;B;FKP;7,60230000;7,60880000;1,34400000;1,34500000
21/05/2025;560;A;LBP;0,00006310;0,00006320;89500,00000000;89700,00000000
21/05/2025;570;B;SHP;7,60350000;7,60600000;1,34420000;1,34450000
21/05/2025;575;A;SYP;0,00043480;0,00043520;13000,00000000;13010,00000000
21/05/2025;585;A;SZL;0,31570000;0,31630000;17,88650000;17,91850000
21/05/2025;603;A;LSL;0,31590000;0,31630000;17,88340000;17,90730000
21/05/2025;608;A;TMT;1,61410000;1,61890000;3,49450000;3,50450000
21/05/2025;622;A;MZN;0,08764000;0,08941000;63,27000000;64,54000000
21/05/2025;625;A;ERN;0,37340000;0,37710000;15,00000000;15,15000000
21/05/2025;630;A;NGN;0,00355300;0,00356800;1585,46000000;1592,06000000
21/05/2025;635;A;AOA;0,00607900;0,00620300;911,95500000;930,50000000
21/05/2025;640;A;TWD;0,18840000;0,18860000;29,99600000;30,02600000
21/05/2025;642;A;TRY;0,14570000;0,14580000;38,81030000;38,82090000
21/05/2025;660;A;PEN;1,53760000;1,53810000;3,67800000;3,67880000
21/05/2025;665;A;BTN;0,06609000;0,06614000;85,53000000;85,58500000
21/05/2025;670;A;MRO;0,01576000;0,01589000;356,00000000;359,00000000
21/05/2025;671;A;MRU;0,14280000;0,14330000;39,48000000;39,60000000
21/05/2025;680;B;TOP;2,31920000;2,46080000;0,41000000;0,43500000
21/05/2025;685;A;MOP;0,70010000;0,70130000;8,06700000;8,07900000
21/05/2025;706;A;ARS;0,00493600;0,00493900;1145,50000000;1146,00000000
21/05/2025;715;A;CLP;0,00599100;0,00599500;943,60000000;944,10000000
21/05/2025;720;A;COP;0,00135700;0,00135800;4165,71000000;4167,68000000
21/05/2025;721;B;COU;0,50740000;0,50740000;0,08970000;0,08970000
21/05/2025;725;A;CUP;0,23570000;0,23570000;24,00000000;24,00000000
21/05/2025;730;A;DOP;0,09552000;0,09616000;58,83000000;59,22000000
21/05/2025;735;A;PHP;0,10170000;0,10180000;55,59400000;55,62100000
21/05/2025;741;A;MXN;0,29260000;0,29270000;19,32600000;19,33100000
21/05/2025;745;A;UYU;0,13590000;0,13610000;41,58000000;41,61000000
21/05/2025;755;B;BWP;0,41910000;0,42090000;0,07410000;0,07440000
21/05/2025;760;A;MWK;0,00323200;0,00329500;1717,02000000;1750,32000000
21/05/2025;766;A;ZMW;0,20800000;0,20840000;27,15000000;27,20000000
21/05/2025;770;A;GTQ;0,73580000;0,73800000;7,66500000;7,68800000
21/05/2025;775;A;MMK;0,00268600;0,00270200;2093,70000000;2106,30000000
21/05/2025;778;B;PGK;1,33890000;1,42390000;0,23670000;0,25170000
21/05/2025;780;A;LAK;0,00026030;0,00026310;21500,00000000;21730,00000000
21/05/2025;785;A;ZAR;0,31590000;0,31600000;17,89960000;17,90670000
21/05/2025;795;A;CNY;0,78530000;0,78550000;7,20190000;7,20310000
21/05/2025;796;A;CNH;0,78550000;0,78560000;7,20080000;7,20110000
21/05/2025;800;A;QAR;1,55040000;1,55390000;3,64050000;3,64850000
21/05/2025;805;A;OMR;14,68840000;14,69760000;0,38490000;0,38510000
21/05/2025;810;A;YER;0,02317000;0,02322000;243,63000000;244,13000000
21/05/2025;815;A;IRR;0,00013470;0,00013470;42000,00000000;42005,00000000
21/05/2025;820;A;SAR;1,50810000;1,50840000;3,75050000;3,75070000
21/05/2025;825;A;KHR;0,00141000;0,00141700;3993,00000000;4013,00000000
21/05/2025;828;A;MYR;1,32380000;1,32580000;4,26700000;4,27300000
21/05/2025;830;A;RUB;0,07084000;0,07085000;79,84550000;79,85450000
21/05/2025;831;A;BYN;1,72500000;1,73210000;3,26610000;3,27910000
21/05/2025;835;A;TJS;0,54860000;0,55460000;10,20000000;10,31000000
21/05/2025;840;A;MUR;0,12410000;0,12490000;45,29000000;45,59000000
21/05/2025;845;A;NPR;0,04128000;0,04129000;137,02000000;137,04000000
21/05/2025;850;A;SCR;0,37050000;0,38970000;14,51840000;15,26870000
21/05/2025;855;A;LKR;0,01888000;0,01889000;299,50000000;299,60000000
21/05/2025;860;A;INR;0,06606000;0,06611000;85,57500000;85,63000000
21/05/2025;865;A;IDR;0,00034490;0,00034520;16390,00000000;16400,00000000
21/05/2025;870;A;MVR;0,36490000;0,36690000;15,42000000;15,50000000
21/05/2025;875;A;PKR;0,02006000;0,02010000;281,50000000;282,00000000
21/05/2025;880;A;ILS;1,59420000;1,59710000;3,54220000;3,54820000
21/05/2025;892;A;KGS;0,06464000;0,06469000;87,45000000;87,50430000
21/05/2025;893;A;UZS;0,00043700;0,00043740;12932,93000000;12942,93000000
21/05/2025;905;A;BDT;0,04625000;0,04664000;121,30000000;122,30000000
21/05/2025;912;B;WST;2,04770000;2,14400000;0,36200000;0,37900000
21/05/2025;913;A;KZT;0,01111000;0,01111000;509,00000000;509,15000000
21/05/2025;915;A;MNT;0,00158000;0,00158300;3574,00000000;3580,00000000
21/05/2025;920;A;VUV;0,04556000;0,04752000;119,05000000;124,15000000
21/05/2025;930;A;KRW;0,00412300;0,00412500;1371,54000000;1372,04000000
21/05/2025;946;A;TZS;0,00208000;0,00210300;2690,00000000;2720,00000000
21/05/2025;950;A;KES;0,04370000;0,04387000;128,95000000;129,45000000
21/05/2025;955;A;UGX;0,00154700;0,00155100;3647,00000000;3657,00000000
21/05/2025;960;A;SOS;0,00983700;0,00996000;568,00000000;575,00000000
21/05/2025;975;A;PLN;1,51310000;1,51380000;3,73690000;3,73830000
21/05/2025;978;B;EUR;6,41560000;6,41680000;1,13420000;1,13430000
21/05/2025;998;A;XAU;602,20380000;602,26760000;0,00939300;0,00939300

[2025-07-07T14:35:27.498+0000] {taskinstance.py:441} INFO - ::group::Post task execution logs
[2025-07-07T14:35:27.608+0000] {taskinstance.py:1206} INFO - Marking task as SUCCESS. dag_id=fin_cotacoes_bcb_classic, task_id=extract, run_id=scheduled__2025-05-21T00:00:00+00:00, execution_date=20250521T000000, start_date=20250707T143526, end_date=20250707T143527
[2025-07-07T14:35:28.084+0000] {local_task_job_runner.py:240} INFO - Task exited with return code 0
[2025-07-07T14:35:28.128+0000] {taskinstance.py:3503} INFO - 1 downstream tasks scheduled from follow-on schedule check
[2025-07-07T14:35:28.133+0000] {local_task_job_runner.py:222} INFO - ::endgroup::
[2025-07-07T15:12:43.775+0000] {local_task_job_runner.py:120} INFO - ::group::Pre task execution logs
[2025-07-07T15:12:43.891+0000] {taskinstance.py:2076} INFO - Dependencies all met for dep_context=non-requeueable deps ti=<TaskInstance: fin_cotacoes_bcb_classic.extract scheduled__2025-05-21T00:00:00+00:00 [queued]>
[2025-07-07T15:12:43.928+0000] {taskinstance.py:2076} INFO - Dependencies all met for dep_context=requeueable deps ti=<TaskInstance: fin_cotacoes_bcb_classic.extract scheduled__2025-05-21T00:00:00+00:00 [queued]>
[2025-07-07T15:12:43.928+0000] {taskinstance.py:2306} INFO - Starting attempt 1 of 2
[2025-07-07T15:12:43.990+0000] {taskinstance.py:2330} INFO - Executing <Task(PythonOperator): extract> on 2025-05-21 00:00:00+00:00
[2025-07-07T15:12:44.035+0000] {logging_mixin.py:188} WARNING - /home/***/.local/lib/python3.12/site-packages/***/task/task_runner/standard_task_runner.py:61 DeprecationWarning: This process (pid=104259) is multi-threaded, use of fork() may lead to deadlocks in the child.
[2025-07-07T15:12:44.036+0000] {standard_task_runner.py:63} INFO - Started process 104307 to run task
[2025-07-07T15:12:44.032+0000] {standard_task_runner.py:90} INFO - Running: ['***', 'tasks', 'run', 'fin_cotacoes_bcb_classic', 'extract', 'scheduled__2025-05-21T00:00:00+00:00', '--job-id', '4274', '--raw', '--subdir', 'DAGS_FOLDER/cotacoes.py', '--cfg-path', '/tmp/tmpf1n57_i5']
[2025-07-07T15:12:44.046+0000] {standard_task_runner.py:91} INFO - Job 4274: Subtask extract
[2025-07-07T15:12:44.265+0000] {task_command.py:426} INFO - Running <TaskInstance: fin_cotacoes_bcb_classic.extract scheduled__2025-05-21T00:00:00+00:00 [running]> on host bc96ca91d307
[2025-07-07T15:12:44.616+0000] {taskinstance.py:2648} INFO - Exporting env vars: AIRFLOW_CTX_DAG_OWNER='***' AIRFLOW_CTX_DAG_ID='fin_cotacoes_bcb_classic' AIRFLOW_CTX_TASK_ID='extract' AIRFLOW_CTX_EXECUTION_DATE='2025-05-21T00:00:00+00:00' AIRFLOW_CTX_TRY_NUMBER='1' AIRFLOW_CTX_DAG_RUN_ID='scheduled__2025-05-21T00:00:00+00:00'
[2025-07-07T15:12:44.617+0000] {taskinstance.py:430} INFO - ::endgroup::
[2025-07-07T15:12:44.618+0000] {cotacoes.py:35} INFO - Iniciando extração da URL: https://www4.bcb.gov.br/Download/fechamento/20250521.csv
[2025-07-07T15:12:44.985+0000] {cotacoes.py:41} INFO - Extração concluída com sucesso.
[2025-07-07T15:12:44.993+0000] {python.py:237} INFO - Done. Returned value was: 21/05/2025;005;A;AFN;0,08076000;0,08100000;69,84000000;70,04000000
21/05/2025;009;A;ETB;0,04099000;0,04254000;132,99520000;137,99520000
21/05/2025;015;A;THB;0,17310000;0,17340000;32,62000000;32,68000000
21/05/2025;020;A;PAB;5,65650000;5,65710000;1,00000000;1,00000000
21/05/2025;027;A;VES;0,05963000;0,05979000;94,61850000;94,85560000
21/05/2025;030;A;BOB;0,80690000;0,82470000;6,86000000;7,01000000
21/05/2025;035;A;GHS;0,47530000;0,47940000;11,80000000;11,90000000
21/05/2025;040;A;CRC;0,01105000;0,01127000;502,14000000;511,80000000
21/05/2025;045;A;SVC;0,64580000;0,64660000;8,74950000;8,75950000
21/05/2025;051;A;NIO;0,15290000;0,15460000;36,60000000;37,00000000
21/05/2025;055;A;DKK;0,85990000;0,86010000;6,57730000;6,57780000
21/05/2025;060;A;ISK;0,04439000;0,04449000;127,15000000;127,42000000
21/05/2025;065;A;NOK;0,55800000;0,55830000;10,13230000;10,13670000
21/05/2025;070;A;SEK;0,59220000;0,59250000;9,54830000;9,55140000
21/05/2025;075;A;CZK;0,25780000;0,25800000;21,93000000;21,94000000
21/05/2025;090;A;GMD;0,07749000;0,07808000;72,45000000;73,00000000
21/05/2025;095;A;DZD;0,04254000;0,04294000;131,73850000;132,96290000
21/05/2025;100;A;KWD;18,42510000;18,45710000;0,30650000;0,30700000
21/05/2025;105;A;BHD;15,00400000;15,00560000;0,37700000;0,37700000
21/05/2025;115;A;IQD;0,00431500;0,00432200;1309,00000000;1311,00000000
21/05/2025;125;A;JOD;7,96690000;7,99030000;0,70800000;0,71000000
21/05/2025;130;A;LYD;1,03310000;1,03850000;5,44750000;5,47520000
21/05/2025;132;A;MKD;0,10370000;0,10460000;54,06000000;54,55000000
21/05/2025;133;A;RSD;0,05463000;0,05480000;103,23000000;103,54000000
21/05/2025;134;A;SDG;0,00939400;0,00944700;598,80020000;602,14120000
21/05/2025;135;A;TND;1,88610000;1,89780000;2,98090000;2,99910000
21/05/2025;136;A;SSP;0,00124000;0,00127600;4432,63790000;4562,63790000
21/05/2025;138;B;SDR;7,67420000;7,67500000;1,35670000;1,35670000
21/05/2025;139;A;MAD;0,61390000;0,61470000;9,20260000;9,21460000
21/05/2025;145;A;AED;1,54000000;1,54020000;3,67290000;3,67310000
21/05/2025;149;A;STN;0,25660000;0,26190000;21,59730000;22,04190000
21/05/2025;150;B;AUD;3,65690000;3,65900000;0,64650000;0,64680000
21/05/2025;155;A;BSD;5,65650000;5,65710000;1,00000000;1,00000000
21/05/2025;160;A;BMD;5,65650000;5,65710000;1,00000000;1,00000000
21/05/2025;165;A;CAD;4,09210000;4,09280000;1,38220000;1,38230000
21/05/2025;170;A;GYD;0,02688000;0,02704000;209,19000000;210,47000000
21/05/2025;173;A;NAD;0,31580000;0,31620000;17,89300000;17,91100000
21/05/2025;175;A;BBD;2,77270000;2,83120000;1,99810000;2,04010000
21/05/2025;180;A;BZD;2,80410000;2,82830000;2,00020000;2,01720000
21/05/2025;185;A;BND;4,39100000;4,39390000;1,28750000;1,28820000
21/05/2025;190;A;KYD;6,77430000;6,83640000;0,82750000;0,83500000
21/05/2025;195;A;SGD;4,39100000;4,39390000;1,28750000;1,28820000
21/05/2025;197;B;CLF;234,64860000;234,67350000;41,48300000;41,48300000
21/05/2025;200;B;FJD;2,47470000;2,53780000;0,43750000;0,44860000
21/05/2025;205;A;HKD;0,72220000;0,72230000;7,83170000;7,83190000
21/05/2025;210;A;TTD;0,82870000;0,83580000;6,76850000;6,82600000
21/05/2025;215;A;XCD;2,07960000;2,10300000;2,69000000;2,72000000
21/05/2025;220;A;USD;5,65650000;5,65710000;1,00000000;1,00000000
21/05/2025;230;A;JMD;0,03540000;0,03580000;158,01000000;159,81000000
21/05/2025;235;A;LRD;0,02800000;0,02857000;198,00000000;202,00000000
21/05/2025;245;B;NZD;3,37350000;3,37560000;0,59640000;0,59670000
21/05/2025;250;B;SBD;0,63070000;0,69750000;0,11150000;0,12330000
21/05/2025;255;A;SRD;0,15230000;0,15560000;36,36000000;37,14500000
21/05/2025;260;A;VND;0,00021780;0,00021780;25970,00000000;25976,00000000
21/05/2025;275;A;AMD;0,01465000;0,01473000;384,06000000;386,06000000
21/05/2025;295;A;CVE;0,05766000;0,05820000;97,20000000;98,10000000
21/05/2025;325;A;ANG;3,10800000;3,17010000;1,78450000;1,82000000
21/05/2025;326;A;XCG;3,10800000;3,17010000;1,78450000;1,82000000
21/05/2025;328;A;AWG;3,07420000;3,17810000;1,78000000;1,84000000
21/05/2025;345;A;HUF;0,01593000;0,01594000;354,83000000;355,03000000
21/05/2025;363;A;CDF;0,00191800;0,00198500;2850,00000000;2950,00000000
21/05/2025;365;A;BIF;0,00187600;0,00192600;2936,90000000;3015,00000000
21/05/2025;368;A;KMF;0,01296000;0,01302000;434,55000000;436,55000000
21/05/2025;370;A;XAF;0,00939000;0,00978400;578,19000000;602,41000000
21/05/2025;372;A;XOF;0,00971100;0,00983000;575,50000000;582,50000000
21/05/2025;380;A;XPF;0,05345000;0,05394000;104,88000000;105,82000000
21/05/2025;390;A;DJF;0,03168000;0,03185000;177,60000000;178,55000000
21/05/2025;398;A;GNF;0,00065020;0,00065590;8625,00000000;8700,00000000
21/05/2025;406;A;MGA;0,00125600;0,00127300;4442,87000000;4504,58000000
21/05/2025;420;A;RWF;0,00397900;0,00402800;1404,55000000;1421,55000000
21/05/2025;425;A;CHF;6,85390000;6,85880000;0,82480000;0,82530000
21/05/2025;440;A;HTG;0,04311000;0,04332000;130,60000000;131,20000000
21/05/2025;450;A;PYG;0,00070960;0,00070970;7971,01000000;7971,15000000
21/05/2025;460;A;UAH;0,13640000;0,13650000;41,45900000;41,47600000
21/05/2025;470;A;JPY;0,03937000;0,03937000;143,68000000;143,69000000
21/05/2025;482;A;GEL;2,04580000;2,08980000;2,70700000;2,76500000
21/05/2025;490;A;ALL;0,06521000;0,06568000;86,13000000;86,74000000
21/05/2025;495;A;HNL;0,21590000;0,21880000;25,86020000;26,20000000
21/05/2025;500;A;SLL;0,00024690;0,00024940;22683,00000000;22908,00000000
21/05/2025;503;A;MDL;0,32790000;0,32990000;17,15000000;17,25000000
21/05/2025;506;A;RON;1,26500000;1,26570000;4,46940000;4,47150000
21/05/2025;510;A;BGN;3,28050000;3,28120000;1,72410000;1,72430000
21/05/2025;530;B;GIP;7,60230000;7,60880000;1,34400000;1,34500000
21/05/2025;535;A;EGP;0,11340000;0,11360000;49,80000000;49,90000000
21/05/2025;540;B;GBP;7,60520000;7,60650000;1,34450000;1,34460000
21/05/2025;545;B;FKP;7,60230000;7,60880000;1,34400000;1,34500000
21/05/2025;560;A;LBP;0,00006310;0,00006320;89500,00000000;89700,00000000
21/05/2025;570;B;SHP;7,60350000;7,60600000;1,34420000;1,34450000
21/05/2025;575;A;SYP;0,00043480;0,00043520;13000,00000000;13010,00000000
21/05/2025;585;A;SZL;0,31570000;0,31630000;17,88650000;17,91850000
21/05/2025;603;A;LSL;0,31590000;0,31630000;17,88340000;17,90730000
21/05/2025;608;A;TMT;1,61410000;1,61890000;3,49450000;3,50450000
21/05/2025;622;A;MZN;0,08764000;0,08941000;63,27000000;64,54000000
21/05/2025;625;A;ERN;0,37340000;0,37710000;15,00000000;15,15000000
21/05/2025;630;A;NGN;0,00355300;0,00356800;1585,46000000;1592,06000000
21/05/2025;635;A;AOA;0,00607900;0,00620300;911,95500000;930,50000000
21/05/2025;640;A;TWD;0,18840000;0,18860000;29,99600000;30,02600000
21/05/2025;642;A;TRY;0,14570000;0,14580000;38,81030000;38,82090000
21/05/2025;660;A;PEN;1,53760000;1,53810000;3,67800000;3,67880000
21/05/2025;665;A;BTN;0,06609000;0,06614000;85,53000000;85,58500000
21/05/2025;670;A;MRO;0,01576000;0,01589000;356,00000000;359,00000000
21/05/2025;671;A;MRU;0,14280000;0,14330000;39,48000000;39,60000000
21/05/2025;680;B;TOP;2,31920000;2,46080000;0,41000000;0,43500000
21/05/2025;685;A;MOP;0,70010000;0,70130000;8,06700000;8,07900000
21/05/2025;706;A;ARS;0,00493600;0,00493900;1145,50000000;1146,00000000
21/05/2025;715;A;CLP;0,00599100;0,00599500;943,60000000;944,10000000
21/05/2025;720;A;COP;0,00135700;0,00135800;4165,71000000;4167,68000000
21/05/2025;721;B;COU;0,50740000;0,50740000;0,08970000;0,08970000
21/05/2025;725;A;CUP;0,23570000;0,23570000;24,00000000;24,00000000
21/05/2025;730;A;DOP;0,09552000;0,09616000;58,83000000;59,22000000
21/05/2025;735;A;PHP;0,10170000;0,10180000;55,59400000;55,62100000
21/05/2025;741;A;MXN;0,29260000;0,29270000;19,32600000;19,33100000
21/05/2025;745;A;UYU;0,13590000;0,13610000;41,58000000;41,61000000
21/05/2025;755;B;BWP;0,41910000;0,42090000;0,07410000;0,07440000
21/05/2025;760;A;MWK;0,00323200;0,00329500;1717,02000000;1750,32000000
21/05/2025;766;A;ZMW;0,20800000;0,20840000;27,15000000;27,20000000
21/05/2025;770;A;GTQ;0,73580000;0,73800000;7,66500000;7,68800000
21/05/2025;775;A;MMK;0,00268600;0,00270200;2093,70000000;2106,30000000
21/05/2025;778;B;PGK;1,33890000;1,42390000;0,23670000;0,25170000
21/05/2025;780;A;LAK;0,00026030;0,00026310;21500,00000000;21730,00000000
21/05/2025;785;A;ZAR;0,31590000;0,31600000;17,89960000;17,90670000
21/05/2025;795;A;CNY;0,78530000;0,78550000;7,20190000;7,20310000
21/05/2025;796;A;CNH;0,78550000;0,78560000;7,20080000;7,20110000
21/05/2025;800;A;QAR;1,55040000;1,55390000;3,64050000;3,64850000
21/05/2025;805;A;OMR;14,68840000;14,69760000;0,38490000;0,38510000
21/05/2025;810;A;YER;0,02317000;0,02322000;243,63000000;244,13000000
21/05/2025;815;A;IRR;0,00013470;0,00013470;42000,00000000;42005,00000000
21/05/2025;820;A;SAR;1,50810000;1,50840000;3,75050000;3,75070000
21/05/2025;825;A;KHR;0,00141000;0,00141700;3993,00000000;4013,00000000
21/05/2025;828;A;MYR;1,32380000;1,32580000;4,26700000;4,27300000
21/05/2025;830;A;RUB;0,07084000;0,07085000;79,84550000;79,85450000
21/05/2025;831;A;BYN;1,72500000;1,73210000;3,26610000;3,27910000
21/05/2025;835;A;TJS;0,54860000;0,55460000;10,20000000;10,31000000
21/05/2025;840;A;MUR;0,12410000;0,12490000;45,29000000;45,59000000
21/05/2025;845;A;NPR;0,04128000;0,04129000;137,02000000;137,04000000
21/05/2025;850;A;SCR;0,37050000;0,38970000;14,51840000;15,26870000
21/05/2025;855;A;LKR;0,01888000;0,01889000;299,50000000;299,60000000
21/05/2025;860;A;INR;0,06606000;0,06611000;85,57500000;85,63000000
21/05/2025;865;A;IDR;0,00034490;0,00034520;16390,00000000;16400,00000000
21/05/2025;870;A;MVR;0,36490000;0,36690000;15,42000000;15,50000000
21/05/2025;875;A;PKR;0,02006000;0,02010000;281,50000000;282,00000000
21/05/2025;880;A;ILS;1,59420000;1,59710000;3,54220000;3,54820000
21/05/2025;892;A;KGS;0,06464000;0,06469000;87,45000000;87,50430000
21/05/2025;893;A;UZS;0,00043700;0,00043740;12932,93000000;12942,93000000
21/05/2025;905;A;BDT;0,04625000;0,04664000;121,30000000;122,30000000
21/05/2025;912;B;WST;2,04770000;2,14400000;0,36200000;0,37900000
21/05/2025;913;A;KZT;0,01111000;0,01111000;509,00000000;509,15000000
21/05/2025;915;A;MNT;0,00158000;0,00158300;3574,00000000;3580,00000000
21/05/2025;920;A;VUV;0,04556000;0,04752000;119,05000000;124,15000000
21/05/2025;930;A;KRW;0,00412300;0,00412500;1371,54000000;1372,04000000
21/05/2025;946;A;TZS;0,00208000;0,00210300;2690,00000000;2720,00000000
21/05/2025;950;A;KES;0,04370000;0,04387000;128,95000000;129,45000000
21/05/2025;955;A;UGX;0,00154700;0,00155100;3647,00000000;3657,00000000
21/05/2025;960;A;SOS;0,00983700;0,00996000;568,00000000;575,00000000
21/05/2025;975;A;PLN;1,51310000;1,51380000;3,73690000;3,73830000
21/05/2025;978;B;EUR;6,41560000;6,41680000;1,13420000;1,13430000
21/05/2025;998;A;XAU;602,20380000;602,26760000;0,00939300;0,00939300

[2025-07-07T15:12:45.000+0000] {taskinstance.py:441} INFO - ::group::Post task execution logs
[2025-07-07T15:12:45.060+0000] {taskinstance.py:1206} INFO - Marking task as SUCCESS. dag_id=fin_cotacoes_bcb_classic, task_id=extract, run_id=scheduled__2025-05-21T00:00:00+00:00, execution_date=20250521T000000, start_date=20250707T151243, end_date=20250707T151245
[2025-07-07T15:12:45.122+0000] {local_task_job_runner.py:240} INFO - Task exited with return code 0
[2025-07-07T15:12:45.228+0000] {taskinstance.py:3503} INFO - 0 downstream tasks scheduled from follow-on schedule check
[2025-07-07T15:12:45.236+0000] {local_task_job_runner.py:222} INFO - ::endgroup::
