[2025-07-07T14:31:07.069+0000] {local_task_job_runner.py:120} INFO - ::group::Pre task execution logs
[2025-07-07T14:31:07.172+0000] {taskinstance.py:2076} INFO - Dependencies all met for dep_context=non-requeueable deps ti=<TaskInstance: fin_cotacoes_bcb_classic.create_table_postgres scheduled__2025-03-25T00:00:00+00:00 [queued]>
[2025-07-07T14:31:07.194+0000] {taskinstance.py:2076} INFO - Dependencies all met for dep_context=requeueable deps ti=<TaskInstance: fin_cotacoes_bcb_classic.create_table_postgres scheduled__2025-03-25T00:00:00+00:00 [queued]>
[2025-07-07T14:31:07.195+0000] {taskinstance.py:2306} INFO - Starting attempt 1 of 2
[2025-07-07T14:31:07.246+0000] {taskinstance.py:2330} INFO - Executing <Task(SQLExecuteQueryOperator): create_table_postgres> on 2025-03-25 00:00:00+00:00
[2025-07-07T14:31:07.263+0000] {logging_mixin.py:188} WARNING - /home/***/.local/lib/python3.12/site-packages/***/task/task_runner/standard_task_runner.py:61 DeprecationWarning: This process (pid=76056) is multi-threaded, use of fork() may lead to deadlocks in the child.
[2025-07-07T14:31:07.264+0000] {standard_task_runner.py:63} INFO - Started process 76128 to run task
[2025-07-07T14:31:07.265+0000] {standard_task_runner.py:90} INFO - Running: ['***', 'tasks', 'run', 'fin_cotacoes_bcb_classic', 'create_table_postgres', 'scheduled__2025-03-25T00:00:00+00:00', '--job-id', '2168', '--raw', '--subdir', 'DAGS_FOLDER/cotacoes.py', '--cfg-path', '/tmp/tmp_isfyyab']
[2025-07-07T14:31:07.266+0000] {standard_task_runner.py:91} INFO - Job 2168: Subtask create_table_postgres
[2025-07-07T14:31:07.367+0000] {task_command.py:426} INFO - Running <TaskInstance: fin_cotacoes_bcb_classic.create_table_postgres scheduled__2025-03-25T00:00:00+00:00 [running]> on host bc96ca91d307
[2025-07-07T14:31:07.727+0000] {taskinstance.py:2648} INFO - Exporting env vars: AIRFLOW_CTX_DAG_OWNER='***' AIRFLOW_CTX_DAG_ID='fin_cotacoes_bcb_classic' AIRFLOW_CTX_TASK_ID='create_table_postgres' AIRFLOW_CTX_EXECUTION_DATE='2025-03-25T00:00:00+00:00' AIRFLOW_CTX_TRY_NUMBER='1' AIRFLOW_CTX_DAG_RUN_ID='scheduled__2025-03-25T00:00:00+00:00'
[2025-07-07T14:31:07.729+0000] {taskinstance.py:430} INFO - ::endgroup::
[2025-07-07T14:31:07.730+0000] {sql.py:276} INFO - Executing: 
CREATE TABLE IF NOT EXISTS cotacoes (
    dt_fechamento DATE,
    cod_moeda TEXT,
    tipo_moeda TEXT,
    desc_moeda TEXT,
    taxa_compra REAL,
    taxa_venda REAL,
    paridade_compra REAL,
    paridade_venda REAL,
    data_processamento TIMESTAMP,
    CONSTRAINT table_pk PRIMARY KEY (dt_fechamento, cod_moeda)
);
[2025-07-07T14:31:07.758+0000] {base.py:84} INFO - Using connection ID '***-postgres' for task execution.
[2025-07-07T14:31:07.791+0000] {base.py:84} INFO - Using connection ID '***-postgres' for task execution.
[2025-07-07T14:31:07.803+0000] {sql.py:487} INFO - Running statement: 
CREATE TABLE IF NOT EXISTS cotacoes (
    dt_fechamento DATE,
    cod_moeda TEXT,
    tipo_moeda TEXT,
    desc_moeda TEXT,
    taxa_compra REAL,
    taxa_venda REAL,
    paridade_compra REAL,
    paridade_venda REAL,
    data_processamento TIMESTAMP,
    CONSTRAINT table_pk PRIMARY KEY (dt_fechamento, cod_moeda)
);, parameters: None
[2025-07-07T14:31:07.807+0000] {taskinstance.py:441} INFO - ::group::Post task execution logs
[2025-07-07T14:31:07.827+0000] {taskinstance.py:1206} INFO - Marking task as SUCCESS. dag_id=fin_cotacoes_bcb_classic, task_id=create_table_postgres, run_id=scheduled__2025-03-25T00:00:00+00:00, execution_date=20250325T000000, start_date=20250707T143107, end_date=20250707T143107
[2025-07-07T14:31:07.894+0000] {local_task_job_runner.py:240} INFO - Task exited with return code 0
[2025-07-07T14:31:07.916+0000] {local_task_job_runner.py:222} INFO - ::endgroup::
[2025-07-07T14:34:16.054+0000] {local_task_job_runner.py:120} INFO - ::group::Pre task execution logs
[2025-07-07T14:34:16.169+0000] {taskinstance.py:2076} INFO - Dependencies all met for dep_context=non-requeueable deps ti=<TaskInstance: fin_cotacoes_bcb_classic.create_table_postgres scheduled__2025-03-25T00:00:00+00:00 [queued]>
[2025-07-07T14:34:16.202+0000] {taskinstance.py:2076} INFO - Dependencies all met for dep_context=requeueable deps ti=<TaskInstance: fin_cotacoes_bcb_classic.create_table_postgres scheduled__2025-03-25T00:00:00+00:00 [queued]>
[2025-07-07T14:34:16.205+0000] {taskinstance.py:2306} INFO - Starting attempt 1 of 2
[2025-07-07T14:34:16.251+0000] {taskinstance.py:2330} INFO - Executing <Task(SQLExecuteQueryOperator): create_table_postgres> on 2025-03-25 00:00:00+00:00
[2025-07-07T14:34:16.276+0000] {standard_task_runner.py:90} INFO - Running: ['***', 'tasks', 'run', 'fin_cotacoes_bcb_classic', 'create_table_postgres', 'scheduled__2025-03-25T00:00:00+00:00', '--job-id', '2421', '--raw', '--subdir', 'DAGS_FOLDER/cotacoes.py', '--cfg-path', '/tmp/tmpffmwuklt']
[2025-07-07T14:34:16.282+0000] {standard_task_runner.py:91} INFO - Job 2421: Subtask create_table_postgres
[2025-07-07T14:34:16.285+0000] {logging_mixin.py:188} WARNING - /home/***/.local/lib/python3.12/site-packages/***/task/task_runner/standard_task_runner.py:61 DeprecationWarning: This process (pid=78496) is multi-threaded, use of fork() may lead to deadlocks in the child.
[2025-07-07T14:34:16.293+0000] {standard_task_runner.py:63} INFO - Started process 78514 to run task
[2025-07-07T14:34:16.457+0000] {task_command.py:426} INFO - Running <TaskInstance: fin_cotacoes_bcb_classic.create_table_postgres scheduled__2025-03-25T00:00:00+00:00 [running]> on host bc96ca91d307
[2025-07-07T14:34:16.964+0000] {taskinstance.py:2648} INFO - Exporting env vars: AIRFLOW_CTX_DAG_OWNER='***' AIRFLOW_CTX_DAG_ID='fin_cotacoes_bcb_classic' AIRFLOW_CTX_TASK_ID='create_table_postgres' AIRFLOW_CTX_EXECUTION_DATE='2025-03-25T00:00:00+00:00' AIRFLOW_CTX_TRY_NUMBER='1' AIRFLOW_CTX_DAG_RUN_ID='scheduled__2025-03-25T00:00:00+00:00'
[2025-07-07T14:34:16.972+0000] {taskinstance.py:430} INFO - ::endgroup::
[2025-07-07T14:34:16.973+0000] {sql.py:276} INFO - Executing: 
CREATE TABLE IF NOT EXISTS cotacoes (
    dt_fechamento DATE,
    cod_moeda TEXT,
    tipo_moeda TEXT,
    desc_moeda TEXT,
    taxa_compra REAL,
    taxa_venda REAL,
    paridade_compra REAL,
    paridade_venda REAL,
    data_processamento TIMESTAMP,
    CONSTRAINT table_pk PRIMARY KEY (dt_fechamento, cod_moeda)
);
[2025-07-07T14:34:16.997+0000] {base.py:84} INFO - Using connection ID '***-postgres' for task execution.
[2025-07-07T14:34:17.014+0000] {base.py:84} INFO - Using connection ID '***-postgres' for task execution.
[2025-07-07T14:34:17.021+0000] {sql.py:487} INFO - Running statement: 
CREATE TABLE IF NOT EXISTS cotacoes (
    dt_fechamento DATE,
    cod_moeda TEXT,
    tipo_moeda TEXT,
    desc_moeda TEXT,
    taxa_compra REAL,
    taxa_venda REAL,
    paridade_compra REAL,
    paridade_venda REAL,
    data_processamento TIMESTAMP,
    CONSTRAINT table_pk PRIMARY KEY (dt_fechamento, cod_moeda)
);, parameters: None
[2025-07-07T14:34:17.025+0000] {taskinstance.py:441} INFO - ::group::Post task execution logs
[2025-07-07T14:34:17.049+0000] {taskinstance.py:1206} INFO - Marking task as SUCCESS. dag_id=fin_cotacoes_bcb_classic, task_id=create_table_postgres, run_id=scheduled__2025-03-25T00:00:00+00:00, execution_date=20250325T000000, start_date=20250707T143416, end_date=20250707T143417
[2025-07-07T14:34:17.434+0000] {local_task_job_runner.py:240} INFO - Task exited with return code 0
[2025-07-07T14:34:17.468+0000] {taskinstance.py:3503} INFO - 1 downstream tasks scheduled from follow-on schedule check
[2025-07-07T14:34:17.473+0000] {local_task_job_runner.py:222} INFO - ::endgroup::
[2025-07-07T15:11:35.030+0000] {local_task_job_runner.py:120} INFO - ::group::Pre task execution logs
[2025-07-07T15:11:35.118+0000] {taskinstance.py:2076} INFO - Dependencies all met for dep_context=non-requeueable deps ti=<TaskInstance: fin_cotacoes_bcb_classic.create_table_postgres scheduled__2025-03-25T00:00:00+00:00 [queued]>
[2025-07-07T15:11:35.145+0000] {taskinstance.py:2076} INFO - Dependencies all met for dep_context=requeueable deps ti=<TaskInstance: fin_cotacoes_bcb_classic.create_table_postgres scheduled__2025-03-25T00:00:00+00:00 [queued]>
[2025-07-07T15:11:35.145+0000] {taskinstance.py:2306} INFO - Starting attempt 1 of 2
[2025-07-07T15:11:35.181+0000] {taskinstance.py:2330} INFO - Executing <Task(SQLExecuteQueryOperator): create_table_postgres> on 2025-03-25 00:00:00+00:00
[2025-07-07T15:11:35.223+0000] {logging_mixin.py:188} WARNING - /home/***/.local/lib/python3.12/site-packages/***/task/task_runner/standard_task_runner.py:61 DeprecationWarning: This process (pid=103050) is multi-threaded, use of fork() may lead to deadlocks in the child.
[2025-07-07T15:11:35.224+0000] {standard_task_runner.py:63} INFO - Started process 103172 to run task
[2025-07-07T15:11:35.222+0000] {standard_task_runner.py:90} INFO - Running: ['***', 'tasks', 'run', 'fin_cotacoes_bcb_classic', 'create_table_postgres', 'scheduled__2025-03-25T00:00:00+00:00', '--job-id', '4102', '--raw', '--subdir', 'DAGS_FOLDER/cotacoes.py', '--cfg-path', '/tmp/tmpp623pg3h']
[2025-07-07T15:11:35.230+0000] {standard_task_runner.py:91} INFO - Job 4102: Subtask create_table_postgres
[2025-07-07T15:11:35.336+0000] {task_command.py:426} INFO - Running <TaskInstance: fin_cotacoes_bcb_classic.create_table_postgres scheduled__2025-03-25T00:00:00+00:00 [running]> on host bc96ca91d307
[2025-07-07T15:11:35.496+0000] {taskinstance.py:2648} INFO - Exporting env vars: AIRFLOW_CTX_DAG_OWNER='***' AIRFLOW_CTX_DAG_ID='fin_cotacoes_bcb_classic' AIRFLOW_CTX_TASK_ID='create_table_postgres' AIRFLOW_CTX_EXECUTION_DATE='2025-03-25T00:00:00+00:00' AIRFLOW_CTX_TRY_NUMBER='1' AIRFLOW_CTX_DAG_RUN_ID='scheduled__2025-03-25T00:00:00+00:00'
[2025-07-07T15:11:35.498+0000] {taskinstance.py:430} INFO - ::endgroup::
[2025-07-07T15:11:35.498+0000] {sql.py:276} INFO - Executing: 
CREATE TABLE IF NOT EXISTS cotacoes (
    dt_fechamento DATE,
    cod_moeda TEXT,
    tipo_moeda TEXT,
    desc_moeda TEXT,
    taxa_compra REAL,
    taxa_venda REAL,
    paridade_compra REAL,
    paridade_venda REAL,
    data_processamento TIMESTAMP,
    CONSTRAINT table_pk PRIMARY KEY (dt_fechamento, cod_moeda)
);
[2025-07-07T15:11:35.532+0000] {base.py:84} INFO - Using connection ID '***-postgres' for task execution.
[2025-07-07T15:11:35.574+0000] {base.py:84} INFO - Using connection ID '***-postgres' for task execution.
[2025-07-07T15:11:35.579+0000] {sql.py:487} INFO - Running statement: 
CREATE TABLE IF NOT EXISTS cotacoes (
    dt_fechamento DATE,
    cod_moeda TEXT,
    tipo_moeda TEXT,
    desc_moeda TEXT,
    taxa_compra REAL,
    taxa_venda REAL,
    paridade_compra REAL,
    paridade_venda REAL,
    data_processamento TIMESTAMP,
    CONSTRAINT table_pk PRIMARY KEY (dt_fechamento, cod_moeda)
);, parameters: None
[2025-07-07T15:11:35.582+0000] {taskinstance.py:441} INFO - ::group::Post task execution logs
[2025-07-07T15:11:35.601+0000] {taskinstance.py:1206} INFO - Marking task as SUCCESS. dag_id=fin_cotacoes_bcb_classic, task_id=create_table_postgres, run_id=scheduled__2025-03-25T00:00:00+00:00, execution_date=20250325T000000, start_date=20250707T151135, end_date=20250707T151135
[2025-07-07T15:11:35.693+0000] {local_task_job_runner.py:240} INFO - Task exited with return code 0
[2025-07-07T15:11:35.741+0000] {taskinstance.py:3503} INFO - 0 downstream tasks scheduled from follow-on schedule check
[2025-07-07T15:11:35.748+0000] {local_task_job_runner.py:222} INFO - ::endgroup::
