[2025-07-06T19:50:11.884+0000] {local_task_job_runner.py:120} INFO - ::group::Pre task execution logs
[2025-07-06T19:50:11.945+0000] {taskinstance.py:2076} INFO - Dependencies all met for dep_context=non-requeueable deps ti=<TaskInstance: fin_cotacoes_bcb_classic.extract scheduled__2025-04-09T00:00:00+00:00 [queued]>
[2025-07-06T19:50:11.969+0000] {taskinstance.py:2076} INFO - Dependencies all met for dep_context=requeueable deps ti=<TaskInstance: fin_cotacoes_bcb_classic.extract scheduled__2025-04-09T00:00:00+00:00 [queued]>
[2025-07-06T19:50:11.969+0000] {taskinstance.py:2306} INFO - Starting attempt 1 of 2
[2025-07-06T19:50:12.115+0000] {taskinstance.py:2330} INFO - Executing <Task(PythonOperator): extract> on 2025-04-09 00:00:00+00:00
[2025-07-06T19:50:12.152+0000] {logging_mixin.py:188} WARNING - /home/***/.local/lib/python3.12/site-packages/***/task/task_runner/standard_task_runner.py:61 DeprecationWarning: This process (pid=11168) is multi-threaded, use of fork() may lead to deadlocks in the child.
[2025-07-06T19:50:12.153+0000] {standard_task_runner.py:63} INFO - Started process 11197 to run task
[2025-07-06T19:50:12.148+0000] {standard_task_runner.py:90} INFO - Running: ['***', 'tasks', 'run', 'fin_cotacoes_bcb_classic', 'extract', 'scheduled__2025-04-09T00:00:00+00:00', '--job-id', '1219', '--raw', '--subdir', 'DAGS_FOLDER/cotacoes.py', '--cfg-path', '/tmp/tmp3zz4sear']
[2025-07-06T19:50:12.157+0000] {standard_task_runner.py:91} INFO - Job 1219: Subtask extract
[2025-07-06T19:50:12.318+0000] {task_command.py:426} INFO - Running <TaskInstance: fin_cotacoes_bcb_classic.extract scheduled__2025-04-09T00:00:00+00:00 [running]> on host 20adb53d65c4
[2025-07-06T19:50:12.578+0000] {taskinstance.py:2648} INFO - Exporting env vars: AIRFLOW_CTX_DAG_OWNER='***' AIRFLOW_CTX_DAG_ID='fin_cotacoes_bcb_classic' AIRFLOW_CTX_TASK_ID='extract' AIRFLOW_CTX_EXECUTION_DATE='2025-04-09T00:00:00+00:00' AIRFLOW_CTX_TRY_NUMBER='1' AIRFLOW_CTX_DAG_RUN_ID='scheduled__2025-04-09T00:00:00+00:00'
[2025-07-06T19:50:12.580+0000] {taskinstance.py:430} INFO - ::endgroup::
[2025-07-06T19:50:12.580+0000] {cotacoes.py:37} INFO - Iniciando extração da URL: https://www4.bcb.gov.br/Download/fechamento/20250409.csv
[2025-07-06T19:50:13.130+0000] {cotacoes.py:43} INFO - Extração concluída com sucesso.
[2025-07-06T19:50:13.131+0000] {python.py:237} INFO - Done. Returned value was: 09/04/2025;005;A;AFN;0,08370000;0,08394000;72,20000000;72,40000000
09/04/2025;009;A;ETB;0,04510000;0,04684000;129,37550000;134,37550000
09/04/2025;015;A;THB;0,17630000;0,17640000;34,35000000;34,38000000
09/04/2025;020;A;PAB;6,05990000;6,06050000;1,00000000;1,00000000
09/04/2025;027;A;VES;0,08158000;0,08180000;74,09300000;74,27870000
09/04/2025;030;A;BOB;0,86450000;0,88350000;6,86000000;7,01000000
09/04/2025;035;A;GHS;0,38970000;0,39230000;15,45000000;15,55000000
09/04/2025;040;A;CRC;0,01165000;0,01192000;508,37500000;520,00000000
09/04/2025;045;A;SVC;0,69180000;0,69270000;8,74950000;8,75950000
09/04/2025;051;A;NIO;0,16380000;0,16560000;36,60000000;37,00000000
09/04/2025;055;A;DKK;0,89560000;0,89580000;6,76540000;6,76630000
09/04/2025;060;A;ISK;0,04605000;0,04615000;131,31000000;131,60000000
09/04/2025;065;A;NOK;0,55030000;0,55150000;10,98870000;11,01100000
09/04/2025;070;A;SEK;0,60340000;0,60370000;10,03930000;10,04230000
09/04/2025;075;A;CZK;0,26560000;0,26590000;22,79400000;22,81300000
09/04/2025;090;A;GMD;0,08301000;0,08382000;72,30000000;73,00000000
09/04/2025;095;A;DZD;0,04546000;0,04565000;132,74590000;133,29300000
09/04/2025;100;A;KWD;19,68780000;19,72180000;0,30730000;0,30780000
09/04/2025;105;A;BHD;16,06970000;16,07990000;0,37690000;0,37710000
09/04/2025;115;A;IQD;0,00462200;0,00463000;1309,00000000;1311,00000000
09/04/2025;125;A;JOD;8,53510000;8,56000000;0,70800000;0,71000000
09/04/2025;130;A;LYD;1,09040000;1,09600000;5,52980000;5,55750000
09/04/2025;132;A;MKD;0,10790000;0,10890000;55,65000000;56,15000000
09/04/2025;133;A;RSD;0,05709000;0,05714000;106,07000000;106,14000000
09/04/2025;134;A;SDG;0,01006000;0,01012000;598,80020000;602,14120000
09/04/2025;135;A;TND;1,96620000;1,97090000;3,07500000;3,08200000
09/04/2025;136;A;SSP;0,00134700;0,00137700;4400,00000000;4500,00000000
09/04/2025;138;B;SDR;8,09480000;8,09560000;1,33580000;1,33580000
09/04/2025;139;A;MAD;0,63750000;0,63890000;9,48530000;9,50530000
09/04/2025;145;A;AED;1,64980000;1,65010000;3,67290000;3,67320000
09/04/2025;149;A;STN;0,26760000;0,27310000;22,18800000;22,64280000
09/04/2025;150;B;AUD;3,63650000;3,63870000;0,60010000;0,60040000
09/04/2025;155;A;BSD;6,05990000;6,06050000;1,00000000;1,00000000
09/04/2025;160;A;BMD;6,05990000;6,06050000;1,00000000;1,00000000
09/04/2025;165;A;CAD;4,27020000;4,27190000;1,41870000;1,41910000
09/04/2025;170;A;GYD;0,02880000;0,02914000;207,98000000;210,45000000
09/04/2025;173;A;NAD;0,30560000;0,30570000;19,82200000;19,82650000
09/04/2025;175;A;BBD;2,97040000;3,03310000;1,99810000;2,04010000
09/04/2025;180;A;BZD;3,00410000;3,02990000;2,00020000;2,01720000
09/04/2025;185;A;BND;4,49510000;4,49590000;1,34800000;1,34810000
09/04/2025;190;A;KYD;7,25740000;7,32390000;0,82750000;0,83500000
09/04/2025;195;A;SGD;4,49510000;4,49590000;1,34800000;1,34810000
09/04/2025;197;B;CLF;234,80900000;234,83230000;38,74800000;38,74800000
09/04/2025;200;B;FJD;2,55300000;2,63570000;0,42130000;0,43490000
09/04/2025;205;A;HKD;0,78140000;0,78150000;7,75490000;7,75520000
09/04/2025;210;A;TTD;0,88780000;0,89740000;6,75370000;6,82600000
09/04/2025;215;A;XCD;2,22790000;2,25300000;2,69000000;2,72000000
09/04/2025;220;A;USD;6,05990000;6,06050000;1,00000000;1,00000000
09/04/2025;230;A;JMD;0,03809000;0,03853000;157,31000000;159,11000000
09/04/2025;235;A;LRD;0,03000000;0,03061000;198,00000000;202,00000000
09/04/2025;245;B;NZD;3,36750000;3,36840000;0,55570000;0,55580000
09/04/2025;250;B;SBD;0,71330000;0,75570000;0,11770000;0,12470000
09/04/2025;255;A;SRD;0,16380000;0,16740000;36,20000000;37,00000000
09/04/2025;260;A;VND;0,00023290;0,00023350;25960,00000000;26020,00000000
09/04/2025;275;A;AMD;0,01543000;0,01551000;390,78000000;392,78000000
09/04/2025;295;A;CVE;0,06011000;0,06067000;99,89000000;100,81000000
09/04/2025;325;A;ANG;3,32960000;3,39620000;1,78450000;1,82000000
09/04/2025;326;A;XCG;3,32960000;3,39620000;1,78450000;1,82000000
09/04/2025;328;A;AWG;3,29340000;3,40480000;1,78000000;1,84000000
09/04/2025;345;A;HUF;0,01633000;0,01634000;370,84000000;371,07000000
09/04/2025;363;A;CDF;0,00205400;0,00211900;2860,00000000;2950,00000000
09/04/2025;365;A;BIF;0,00201000;0,00206800;2930,25000000;3015,00000000
09/04/2025;368;A;KMF;0,01357000;0,01364000;444,43000000;446,43000000
09/04/2025;370;A;XAF;0,00987600;0,01020000;594,27000000;613,62000000
09/04/2025;372;A;XOF;0,01015000;0,01027000;590,25000000;597,25000000
09/04/2025;380;A;XPF;0,05575000;0,05625000;107,75000000;108,70000000
09/04/2025;390;A;DJF;0,03394000;0,03412000;177,60000000;178,55000000
09/04/2025;398;A;GNF;0,00069650;0,00070360;8613,00000000;8700,00000000
09/04/2025;406;A;MGA;0,00129900;0,00131700;4602,49000000;4665,91000000
09/04/2025;420;A;RWF;0,00427100;0,00432300;1401,96000000;1418,96000000
09/04/2025;425;A;CHF;7,19960000;7,20540000;0,84110000;0,84170000
09/04/2025;440;A;HTG;0,04624000;0,04657000;130,14210000;131,05060000
09/04/2025;450;A;PYG;0,00075590;0,00075740;8002,01000000;8016,78000000
09/04/2025;460;A;UAH;0,14540000;0,14670000;41,31000000;41,69000000
09/04/2025;470;A;JPY;0,04176000;0,04177000;145,09000000;145,10000000
09/04/2025;482;A;GEL;2,17590000;2,22400000;2,72500000;2,78500000
09/04/2025;490;A;ALL;0,06706000;0,06845000;88,54000000;90,36000000
09/04/2025;495;A;HNL;0,23130000;0,23660000;25,61600000;26,20000000
09/04/2025;500;A;SLL;0,00026450;0,00026720;22683,00000000;22908,00000000
09/04/2025;503;A;MDL;0,34200000;0,34400000;17,62000000;17,72000000
09/04/2025;506;A;RON;1,34260000;1,34440000;4,50810000;4,51340000
09/04/2025;510;A;BGN;3,41940000;3,42070000;1,77170000;1,77220000
09/04/2025;530;B;GIP;7,77790000;7,78470000;1,28350000;1,28450000
09/04/2025;535;A;EGP;0,11720000;0,11740000;51,62000000;51,72000000
09/04/2025;540;B;GBP;7,73730000;7,74110000;1,27680000;1,27730000
09/04/2025;545;B;FKP;7,77790000;7,78470000;1,28350000;1,28450000
09/04/2025;560;A;LBP;0,00006760;0,00006770;89500,00000000;89700,00000000
09/04/2025;570;B;SHP;7,73670000;7,73930000;1,27670000;1,27700000
09/04/2025;575;A;SYP;0,00046580;0,00046620;13000,00000000;13010,00000000
09/04/2025;585;A;SZL;0,30570000;0,30580000;19,82140000;19,82580000
09/04/2025;603;A;LSL;0,30570000;0,30580000;19,82140000;19,82580000
09/04/2025;608;A;TMT;1,72910000;1,73420000;3,49470000;3,50470000
09/04/2025;622;A;MZN;0,09392000;0,09582000;63,25000000;64,52000000
09/04/2025;625;A;ERN;0,40000000;0,40400000;15,00000000;15,15000000
09/04/2025;630;A;NGN;0,00388500;0,00389700;1555,23000000;1559,77000000
09/04/2025;635;A;AOA;0,00651400;0,00664500;912,00000000;930,24000000
09/04/2025;640;A;TWD;0,18430000;0,18450000;32,84600000;32,87600000
09/04/2025;642;A;TRY;0,15940000;0,15940000;38,00930000;38,01230000
09/04/2025;660;A;PEN;1,60360000;1,61360000;3,75600000;3,77900000
09/04/2025;665;A;BTN;0,06986000;0,06996000;86,62900000;86,73800000
09/04/2025;670;A;MRO;0,01688000;0,01702000;356,00000000;359,00000000
09/04/2025;671;A;MRU;0,15160000;0,15300000;39,62010000;39,98010000
09/04/2025;680;B;TOP;2,42090000;2,57270000;0,39950000;0,42450000
09/04/2025;685;A;MOP;0,75790000;0,75890000;7,98600000;7,99600000
09/04/2025;706;A;ARS;0,00562800;0,00563000;1076,50000000;1076,75000000
09/04/2025;715;A;CLP;0,00603000;0,00603700;1003,96000000;1004,94000000
09/04/2025;720;A;COP;0,00136800;0,00137000;4424,39000000;4428,39000000
09/04/2025;721;B;COU;0,51690000;0,51700000;0,08530000;0,08530000
09/04/2025;725;A;CUP;0,25250000;0,25250000;24,00000000;24,00000000
09/04/2025;730;A;DOP;0,09757000;0,09818000;61,73000000;62,11000000
09/04/2025;735;A;PHP;0,10570000;0,10580000;57,30100000;57,32100000
09/04/2025;741;A;MXN;0,28920000;0,28930000;20,95010000;20,95480000
09/04/2025;745;A;UYU;0,14100000;0,14110000;42,94000000;42,97000000
09/04/2025;755;B;BWP;0,42480000;0,42910000;0,07010000;0,07080000
09/04/2025;760;A;MWK;0,00346200;0,00353000;1717,02000000;1750,32000000
09/04/2025;766;A;ZMW;0,21530000;0,21570000;28,10000000;28,15000000
09/04/2025;770;A;GTQ;0,78450000;0,78660000;7,70500000;7,72500000
09/04/2025;775;A;MMK;0,00287700;0,00289500;2093,70000000;2106,30000000
09/04/2025;778;B;PGK;1,44470000;1,49030000;0,23840000;0,24590000
09/04/2025;780;A;LAK;0,00027830;0,00028130;21548,00000000;21778,00000000
09/04/2025;785;A;ZAR;0,30540000;0,30560000;19,83470000;19,84300000
09/04/2025;795;A;CNY;0,82450000;0,82460000;7,34990000;7,35010000
09/04/2025;796;A;CNH;0,82160000;0,82170000;7,37550000;7,37610000
09/04/2025;800;A;QAR;1,66210000;1,66290000;3,64450000;3,64600000
09/04/2025;805;A;OMR;15,73590000;15,74560000;0,38490000;0,38510000
09/04/2025;810;A;YER;0,02468000;0,02473000;245,08000000;245,58000000
09/04/2025;815;A;IRR;0,00014430;0,00014430;42000,00000000;42005,00000000
09/04/2025;820;A;SAR;1,61400000;1,61440000;3,75400000;3,75460000
09/04/2025;825;A;KHR;0,00150900;0,00151700;3995,00000000;4015,00000000
09/04/2025;828;A;MYR;1,34720000;1,34860000;4,49400000;4,49800000
09/04/2025;830;A;RUB;0,07034000;0,07035000;86,14550000;86,15450000
09/04/2025;831;A;BYN;1,84800000;1,85560000;3,26610000;3,27910000
09/04/2025;835;A;TJS;0,55540000;0,56010000;10,82000000;10,91000000
09/04/2025;840;A;MUR;0,13450000;0,13540000;44,75000000;45,05000000
09/04/2025;845;A;NPR;0,04368000;0,04370000;138,70000000;138,72000000
09/04/2025;850;A;SCR;0,42200000;0,42210000;14,35900000;14,35940000
09/04/2025;855;A;LKR;0,02012000;0,02015000;300,75000000;301,25000000
09/04/2025;860;A;INR;0,06990000;0,06995000;86,63600000;86,69100000
09/04/2025;865;A;IDR;0,00035920;0,00035950;16860,00000000;16870,00000000
09/04/2025;870;A;MVR;0,39100000;0,39300000;15,42000000;15,50000000
09/04/2025;875;A;PKR;0,02158000;0,02161000;280,50000000;280,75000000
09/04/2025;880;A;ILS;1,58370000;1,58780000;3,81690000;3,82630000
09/04/2025;892;A;KGS;0,06956000;0,06962000;87,05710000;87,11140000
09/04/2025;893;A;UZS;0,00046690;0,00046730;12968,31000000;12978,31000000
09/04/2025;905;A;BDT;0,04967000;0,05009000;121,00000000;122,00000000
09/04/2025;912;B;WST;2,04950000;2,18300000;0,33820000;0,36020000
09/04/2025;913;A;KZT;0,01163000;0,01165000;520,35000000;520,90000000
09/04/2025;915;A;MNT;0,00171400;0,00171700;3529,00000000;3535,00000000
09/04/2025;920;A;VUV;0,04678000;0,04870000;124,45000000;129,55000000
09/04/2025;930;A;KRW;0,00411200;0,00411500;1472,73000000;1473,70000000
09/04/2025;946;A;TZS;0,00222800;0,00227800;2660,00000000;2720,00000000
09/04/2025;950;A;KES;0,04672000;0,04680000;129,50000000;129,70000000
09/04/2025;955;A;UGX;0,00163300;0,00163800;3700,00000000;3710,00000000
09/04/2025;960;A;SOS;0,01054000;0,01067000;568,00000000;575,00000000
09/04/2025;975;A;PLN;1,55970000;1,56030000;3,88410000;3,88530000
09/04/2025;978;B;EUR;6,68830000;6,69020000;1,10370000;1,10390000
09/04/2025;998;A;XAU;601,18060000;601,24010000;0,01008000;0,01008000

[2025-07-06T19:50:13.147+0000] {taskinstance.py:441} INFO - ::group::Post task execution logs
[2025-07-06T19:50:13.214+0000] {taskinstance.py:1206} INFO - Marking task as SUCCESS. dag_id=fin_cotacoes_bcb_classic, task_id=extract, run_id=scheduled__2025-04-09T00:00:00+00:00, execution_date=20250409T000000, start_date=20250706T195011, end_date=20250706T195013
[2025-07-06T19:50:13.564+0000] {local_task_job_runner.py:240} INFO - Task exited with return code 0
[2025-07-06T19:50:13.602+0000] {logging_mixin.py:188} WARNING - /home/***/.local/lib/python3.12/site-packages/***/models/baseoperator.py:1297 AirflowProviderDeprecationWarning: Call to deprecated class PostgresOperator. (Please use `***.providers.common.sql.operators.sql.SQLExecuteQueryOperator`.Also, you can provide `hook_params={'schema': <database>}`.)
[2025-07-06T19:50:13.655+0000] {taskinstance.py:3503} INFO - 1 downstream tasks scheduled from follow-on schedule check
[2025-07-06T19:50:13.663+0000] {local_task_job_runner.py:222} INFO - ::endgroup::
[2025-07-07T14:34:35.602+0000] {local_task_job_runner.py:120} INFO - ::group::Pre task execution logs
[2025-07-07T14:34:35.780+0000] {taskinstance.py:2076} INFO - Dependencies all met for dep_context=non-requeueable deps ti=<TaskInstance: fin_cotacoes_bcb_classic.extract scheduled__2025-04-09T00:00:00+00:00 [queued]>
[2025-07-07T14:34:35.863+0000] {taskinstance.py:2076} INFO - Dependencies all met for dep_context=requeueable deps ti=<TaskInstance: fin_cotacoes_bcb_classic.extract scheduled__2025-04-09T00:00:00+00:00 [queued]>
[2025-07-07T14:34:35.864+0000] {taskinstance.py:2306} INFO - Starting attempt 1 of 2
[2025-07-07T14:34:36.272+0000] {taskinstance.py:2330} INFO - Executing <Task(PythonOperator): extract> on 2025-04-09 00:00:00+00:00
[2025-07-07T14:34:36.327+0000] {logging_mixin.py:188} WARNING - /home/***/.local/lib/python3.12/site-packages/***/task/task_runner/standard_task_runner.py:61 DeprecationWarning: This process (pid=78761) is multi-threaded, use of fork() may lead to deadlocks in the child.
[2025-07-07T14:34:36.328+0000] {standard_task_runner.py:63} INFO - Started process 78838 to run task
[2025-07-07T14:34:36.329+0000] {standard_task_runner.py:90} INFO - Running: ['***', 'tasks', 'run', 'fin_cotacoes_bcb_classic', 'extract', 'scheduled__2025-04-09T00:00:00+00:00', '--job-id', '2476', '--raw', '--subdir', 'DAGS_FOLDER/cotacoes.py', '--cfg-path', '/tmp/tmpdg_vytwo']
[2025-07-07T14:34:36.350+0000] {standard_task_runner.py:91} INFO - Job 2476: Subtask extract
[2025-07-07T14:34:36.570+0000] {task_command.py:426} INFO - Running <TaskInstance: fin_cotacoes_bcb_classic.extract scheduled__2025-04-09T00:00:00+00:00 [running]> on host bc96ca91d307
[2025-07-07T14:34:36.867+0000] {taskinstance.py:2648} INFO - Exporting env vars: AIRFLOW_CTX_DAG_OWNER='***' AIRFLOW_CTX_DAG_ID='fin_cotacoes_bcb_classic' AIRFLOW_CTX_TASK_ID='extract' AIRFLOW_CTX_EXECUTION_DATE='2025-04-09T00:00:00+00:00' AIRFLOW_CTX_TRY_NUMBER='1' AIRFLOW_CTX_DAG_RUN_ID='scheduled__2025-04-09T00:00:00+00:00'
[2025-07-07T14:34:36.869+0000] {taskinstance.py:430} INFO - ::endgroup::
[2025-07-07T14:34:36.869+0000] {cotacoes.py:35} INFO - Iniciando extração da URL: https://www4.bcb.gov.br/Download/fechamento/20250409.csv
[2025-07-07T14:34:37.311+0000] {cotacoes.py:41} INFO - Extração concluída com sucesso.
[2025-07-07T14:34:37.319+0000] {python.py:237} INFO - Done. Returned value was: 09/04/2025;005;A;AFN;0,08370000;0,08394000;72,20000000;72,40000000
09/04/2025;009;A;ETB;0,04510000;0,04684000;129,37550000;134,37550000
09/04/2025;015;A;THB;0,17630000;0,17640000;34,35000000;34,38000000
09/04/2025;020;A;PAB;6,05990000;6,06050000;1,00000000;1,00000000
09/04/2025;027;A;VES;0,08158000;0,08180000;74,09300000;74,27870000
09/04/2025;030;A;BOB;0,86450000;0,88350000;6,86000000;7,01000000
09/04/2025;035;A;GHS;0,38970000;0,39230000;15,45000000;15,55000000
09/04/2025;040;A;CRC;0,01165000;0,01192000;508,37500000;520,00000000
09/04/2025;045;A;SVC;0,69180000;0,69270000;8,74950000;8,75950000
09/04/2025;051;A;NIO;0,16380000;0,16560000;36,60000000;37,00000000
09/04/2025;055;A;DKK;0,89560000;0,89580000;6,76540000;6,76630000
09/04/2025;060;A;ISK;0,04605000;0,04615000;131,31000000;131,60000000
09/04/2025;065;A;NOK;0,55030000;0,55150000;10,98870000;11,01100000
09/04/2025;070;A;SEK;0,60340000;0,60370000;10,03930000;10,04230000
09/04/2025;075;A;CZK;0,26560000;0,26590000;22,79400000;22,81300000
09/04/2025;090;A;GMD;0,08301000;0,08382000;72,30000000;73,00000000
09/04/2025;095;A;DZD;0,04546000;0,04565000;132,74590000;133,29300000
09/04/2025;100;A;KWD;19,68780000;19,72180000;0,30730000;0,30780000
09/04/2025;105;A;BHD;16,06970000;16,07990000;0,37690000;0,37710000
09/04/2025;115;A;IQD;0,00462200;0,00463000;1309,00000000;1311,00000000
09/04/2025;125;A;JOD;8,53510000;8,56000000;0,70800000;0,71000000
09/04/2025;130;A;LYD;1,09040000;1,09600000;5,52980000;5,55750000
09/04/2025;132;A;MKD;0,10790000;0,10890000;55,65000000;56,15000000
09/04/2025;133;A;RSD;0,05709000;0,05714000;106,07000000;106,14000000
09/04/2025;134;A;SDG;0,01006000;0,01012000;598,80020000;602,14120000
09/04/2025;135;A;TND;1,96620000;1,97090000;3,07500000;3,08200000
09/04/2025;136;A;SSP;0,00134700;0,00137700;4400,00000000;4500,00000000
09/04/2025;138;B;SDR;8,09480000;8,09560000;1,33580000;1,33580000
09/04/2025;139;A;MAD;0,63750000;0,63890000;9,48530000;9,50530000
09/04/2025;145;A;AED;1,64980000;1,65010000;3,67290000;3,67320000
09/04/2025;149;A;STN;0,26760000;0,27310000;22,18800000;22,64280000
09/04/2025;150;B;AUD;3,63650000;3,63870000;0,60010000;0,60040000
09/04/2025;155;A;BSD;6,05990000;6,06050000;1,00000000;1,00000000
09/04/2025;160;A;BMD;6,05990000;6,06050000;1,00000000;1,00000000
09/04/2025;165;A;CAD;4,27020000;4,27190000;1,41870000;1,41910000
09/04/2025;170;A;GYD;0,02880000;0,02914000;207,98000000;210,45000000
09/04/2025;173;A;NAD;0,30560000;0,30570000;19,82200000;19,82650000
09/04/2025;175;A;BBD;2,97040000;3,03310000;1,99810000;2,04010000
09/04/2025;180;A;BZD;3,00410000;3,02990000;2,00020000;2,01720000
09/04/2025;185;A;BND;4,49510000;4,49590000;1,34800000;1,34810000
09/04/2025;190;A;KYD;7,25740000;7,32390000;0,82750000;0,83500000
09/04/2025;195;A;SGD;4,49510000;4,49590000;1,34800000;1,34810000
09/04/2025;197;B;CLF;234,80900000;234,83230000;38,74800000;38,74800000
09/04/2025;200;B;FJD;2,55300000;2,63570000;0,42130000;0,43490000
09/04/2025;205;A;HKD;0,78140000;0,78150000;7,75490000;7,75520000
09/04/2025;210;A;TTD;0,88780000;0,89740000;6,75370000;6,82600000
09/04/2025;215;A;XCD;2,22790000;2,25300000;2,69000000;2,72000000
09/04/2025;220;A;USD;6,05990000;6,06050000;1,00000000;1,00000000
09/04/2025;230;A;JMD;0,03809000;0,03853000;157,31000000;159,11000000
09/04/2025;235;A;LRD;0,03000000;0,03061000;198,00000000;202,00000000
09/04/2025;245;B;NZD;3,36750000;3,36840000;0,55570000;0,55580000
09/04/2025;250;B;SBD;0,71330000;0,75570000;0,11770000;0,12470000
09/04/2025;255;A;SRD;0,16380000;0,16740000;36,20000000;37,00000000
09/04/2025;260;A;VND;0,00023290;0,00023350;25960,00000000;26020,00000000
09/04/2025;275;A;AMD;0,01543000;0,01551000;390,78000000;392,78000000
09/04/2025;295;A;CVE;0,06011000;0,06067000;99,89000000;100,81000000
09/04/2025;325;A;ANG;3,32960000;3,39620000;1,78450000;1,82000000
09/04/2025;326;A;XCG;3,32960000;3,39620000;1,78450000;1,82000000
09/04/2025;328;A;AWG;3,29340000;3,40480000;1,78000000;1,84000000
09/04/2025;345;A;HUF;0,01633000;0,01634000;370,84000000;371,07000000
09/04/2025;363;A;CDF;0,00205400;0,00211900;2860,00000000;2950,00000000
09/04/2025;365;A;BIF;0,00201000;0,00206800;2930,25000000;3015,00000000
09/04/2025;368;A;KMF;0,01357000;0,01364000;444,43000000;446,43000000
09/04/2025;370;A;XAF;0,00987600;0,01020000;594,27000000;613,62000000
09/04/2025;372;A;XOF;0,01015000;0,01027000;590,25000000;597,25000000
09/04/2025;380;A;XPF;0,05575000;0,05625000;107,75000000;108,70000000
09/04/2025;390;A;DJF;0,03394000;0,03412000;177,60000000;178,55000000
09/04/2025;398;A;GNF;0,00069650;0,00070360;8613,00000000;8700,00000000
09/04/2025;406;A;MGA;0,00129900;0,00131700;4602,49000000;4665,91000000
09/04/2025;420;A;RWF;0,00427100;0,00432300;1401,96000000;1418,96000000
09/04/2025;425;A;CHF;7,19960000;7,20540000;0,84110000;0,84170000
09/04/2025;440;A;HTG;0,04624000;0,04657000;130,14210000;131,05060000
09/04/2025;450;A;PYG;0,00075590;0,00075740;8002,01000000;8016,78000000
09/04/2025;460;A;UAH;0,14540000;0,14670000;41,31000000;41,69000000
09/04/2025;470;A;JPY;0,04176000;0,04177000;145,09000000;145,10000000
09/04/2025;482;A;GEL;2,17590000;2,22400000;2,72500000;2,78500000
09/04/2025;490;A;ALL;0,06706000;0,06845000;88,54000000;90,36000000
09/04/2025;495;A;HNL;0,23130000;0,23660000;25,61600000;26,20000000
09/04/2025;500;A;SLL;0,00026450;0,00026720;22683,00000000;22908,00000000
09/04/2025;503;A;MDL;0,34200000;0,34400000;17,62000000;17,72000000
09/04/2025;506;A;RON;1,34260000;1,34440000;4,50810000;4,51340000
09/04/2025;510;A;BGN;3,41940000;3,42070000;1,77170000;1,77220000
09/04/2025;530;B;GIP;7,77790000;7,78470000;1,28350000;1,28450000
09/04/2025;535;A;EGP;0,11720000;0,11740000;51,62000000;51,72000000
09/04/2025;540;B;GBP;7,73730000;7,74110000;1,27680000;1,27730000
09/04/2025;545;B;FKP;7,77790000;7,78470000;1,28350000;1,28450000
09/04/2025;560;A;LBP;0,00006760;0,00006770;89500,00000000;89700,00000000
09/04/2025;570;B;SHP;7,73670000;7,73930000;1,27670000;1,27700000
09/04/2025;575;A;SYP;0,00046580;0,00046620;13000,00000000;13010,00000000
09/04/2025;585;A;SZL;0,30570000;0,30580000;19,82140000;19,82580000
09/04/2025;603;A;LSL;0,30570000;0,30580000;19,82140000;19,82580000
09/04/2025;608;A;TMT;1,72910000;1,73420000;3,49470000;3,50470000
09/04/2025;622;A;MZN;0,09392000;0,09582000;63,25000000;64,52000000
09/04/2025;625;A;ERN;0,40000000;0,40400000;15,00000000;15,15000000
09/04/2025;630;A;NGN;0,00388500;0,00389700;1555,23000000;1559,77000000
09/04/2025;635;A;AOA;0,00651400;0,00664500;912,00000000;930,24000000
09/04/2025;640;A;TWD;0,18430000;0,18450000;32,84600000;32,87600000
09/04/2025;642;A;TRY;0,15940000;0,15940000;38,00930000;38,01230000
09/04/2025;660;A;PEN;1,60360000;1,61360000;3,75600000;3,77900000
09/04/2025;665;A;BTN;0,06986000;0,06996000;86,62900000;86,73800000
09/04/2025;670;A;MRO;0,01688000;0,01702000;356,00000000;359,00000000
09/04/2025;671;A;MRU;0,15160000;0,15300000;39,62010000;39,98010000
09/04/2025;680;B;TOP;2,42090000;2,57270000;0,39950000;0,42450000
09/04/2025;685;A;MOP;0,75790000;0,75890000;7,98600000;7,99600000
09/04/2025;706;A;ARS;0,00562800;0,00563000;1076,50000000;1076,75000000
09/04/2025;715;A;CLP;0,00603000;0,00603700;1003,96000000;1004,94000000
09/04/2025;720;A;COP;0,00136800;0,00137000;4424,39000000;4428,39000000
09/04/2025;721;B;COU;0,51690000;0,51700000;0,08530000;0,08530000
09/04/2025;725;A;CUP;0,25250000;0,25250000;24,00000000;24,00000000
09/04/2025;730;A;DOP;0,09757000;0,09818000;61,73000000;62,11000000
09/04/2025;735;A;PHP;0,10570000;0,10580000;57,30100000;57,32100000
09/04/2025;741;A;MXN;0,28920000;0,28930000;20,95010000;20,95480000
09/04/2025;745;A;UYU;0,14100000;0,14110000;42,94000000;42,97000000
09/04/2025;755;B;BWP;0,42480000;0,42910000;0,07010000;0,07080000
09/04/2025;760;A;MWK;0,00346200;0,00353000;1717,02000000;1750,32000000
09/04/2025;766;A;ZMW;0,21530000;0,21570000;28,10000000;28,15000000
09/04/2025;770;A;GTQ;0,78450000;0,78660000;7,70500000;7,72500000
09/04/2025;775;A;MMK;0,00287700;0,00289500;2093,70000000;2106,30000000
09/04/2025;778;B;PGK;1,44470000;1,49030000;0,23840000;0,24590000
09/04/2025;780;A;LAK;0,00027830;0,00028130;21548,00000000;21778,00000000
09/04/2025;785;A;ZAR;0,30540000;0,30560000;19,83470000;19,84300000
09/04/2025;795;A;CNY;0,82450000;0,82460000;7,34990000;7,35010000
09/04/2025;796;A;CNH;0,82160000;0,82170000;7,37550000;7,37610000
09/04/2025;800;A;QAR;1,66210000;1,66290000;3,64450000;3,64600000
09/04/2025;805;A;OMR;15,73590000;15,74560000;0,38490000;0,38510000
09/04/2025;810;A;YER;0,02468000;0,02473000;245,08000000;245,58000000
09/04/2025;815;A;IRR;0,00014430;0,00014430;42000,00000000;42005,00000000
09/04/2025;820;A;SAR;1,61400000;1,61440000;3,75400000;3,75460000
09/04/2025;825;A;KHR;0,00150900;0,00151700;3995,00000000;4015,00000000
09/04/2025;828;A;MYR;1,34720000;1,34860000;4,49400000;4,49800000
09/04/2025;830;A;RUB;0,07034000;0,07035000;86,14550000;86,15450000
09/04/2025;831;A;BYN;1,84800000;1,85560000;3,26610000;3,27910000
09/04/2025;835;A;TJS;0,55540000;0,56010000;10,82000000;10,91000000
09/04/2025;840;A;MUR;0,13450000;0,13540000;44,75000000;45,05000000
09/04/2025;845;A;NPR;0,04368000;0,04370000;138,70000000;138,72000000
09/04/2025;850;A;SCR;0,42200000;0,42210000;14,35900000;14,35940000
09/04/2025;855;A;LKR;0,02012000;0,02015000;300,75000000;301,25000000
09/04/2025;860;A;INR;0,06990000;0,06995000;86,63600000;86,69100000
09/04/2025;865;A;IDR;0,00035920;0,00035950;16860,00000000;16870,00000000
09/04/2025;870;A;MVR;0,39100000;0,39300000;15,42000000;15,50000000
09/04/2025;875;A;PKR;0,02158000;0,02161000;280,50000000;280,75000000
09/04/2025;880;A;ILS;1,58370000;1,58780000;3,81690000;3,82630000
09/04/2025;892;A;KGS;0,06956000;0,06962000;87,05710000;87,11140000
09/04/2025;893;A;UZS;0,00046690;0,00046730;12968,31000000;12978,31000000
09/04/2025;905;A;BDT;0,04967000;0,05009000;121,00000000;122,00000000
09/04/2025;912;B;WST;2,04950000;2,18300000;0,33820000;0,36020000
09/04/2025;913;A;KZT;0,01163000;0,01165000;520,35000000;520,90000000
09/04/2025;915;A;MNT;0,00171400;0,00171700;3529,00000000;3535,00000000
09/04/2025;920;A;VUV;0,04678000;0,04870000;124,45000000;129,55000000
09/04/2025;930;A;KRW;0,00411200;0,00411500;1472,73000000;1473,70000000
09/04/2025;946;A;TZS;0,00222800;0,00227800;2660,00000000;2720,00000000
09/04/2025;950;A;KES;0,04672000;0,04680000;129,50000000;129,70000000
09/04/2025;955;A;UGX;0,00163300;0,00163800;3700,00000000;3710,00000000
09/04/2025;960;A;SOS;0,01054000;0,01067000;568,00000000;575,00000000
09/04/2025;975;A;PLN;1,55970000;1,56030000;3,88410000;3,88530000
09/04/2025;978;B;EUR;6,68830000;6,69020000;1,10370000;1,10390000
09/04/2025;998;A;XAU;601,18060000;601,24010000;0,01008000;0,01008000

[2025-07-07T14:34:37.320+0000] {taskinstance.py:441} INFO - ::group::Post task execution logs
[2025-07-07T14:34:37.385+0000] {taskinstance.py:1206} INFO - Marking task as SUCCESS. dag_id=fin_cotacoes_bcb_classic, task_id=extract, run_id=scheduled__2025-04-09T00:00:00+00:00, execution_date=20250409T000000, start_date=20250707T143435, end_date=20250707T143437
[2025-07-07T14:34:37.475+0000] {local_task_job_runner.py:240} INFO - Task exited with return code 0
[2025-07-07T14:34:37.500+0000] {local_task_job_runner.py:222} INFO - ::endgroup::
[2025-07-07T15:11:54.401+0000] {local_task_job_runner.py:120} INFO - ::group::Pre task execution logs
[2025-07-07T15:11:54.515+0000] {taskinstance.py:2076} INFO - Dependencies all met for dep_context=non-requeueable deps ti=<TaskInstance: fin_cotacoes_bcb_classic.extract scheduled__2025-04-09T00:00:00+00:00 [queued]>
[2025-07-07T15:11:54.539+0000] {taskinstance.py:2076} INFO - Dependencies all met for dep_context=requeueable deps ti=<TaskInstance: fin_cotacoes_bcb_classic.extract scheduled__2025-04-09T00:00:00+00:00 [queued]>
[2025-07-07T15:11:54.539+0000] {taskinstance.py:2306} INFO - Starting attempt 1 of 2
[2025-07-07T15:11:54.585+0000] {taskinstance.py:2330} INFO - Executing <Task(PythonOperator): extract> on 2025-04-09 00:00:00+00:00
[2025-07-07T15:11:54.613+0000] {standard_task_runner.py:90} INFO - Running: ['***', 'tasks', 'run', 'fin_cotacoes_bcb_classic', 'extract', 'scheduled__2025-04-09T00:00:00+00:00', '--job-id', '4149', '--raw', '--subdir', 'DAGS_FOLDER/cotacoes.py', '--cfg-path', '/tmp/tmpknybiln9']
[2025-07-07T15:11:54.615+0000] {standard_task_runner.py:91} INFO - Job 4149: Subtask extract
[2025-07-07T15:11:54.616+0000] {logging_mixin.py:188} WARNING - /home/***/.local/lib/python3.12/site-packages/***/task/task_runner/standard_task_runner.py:61 DeprecationWarning: This process (pid=103401) is multi-threaded, use of fork() may lead to deadlocks in the child.
[2025-07-07T15:11:54.617+0000] {standard_task_runner.py:63} INFO - Started process 103441 to run task
[2025-07-07T15:11:54.732+0000] {task_command.py:426} INFO - Running <TaskInstance: fin_cotacoes_bcb_classic.extract scheduled__2025-04-09T00:00:00+00:00 [running]> on host bc96ca91d307
[2025-07-07T15:11:54.892+0000] {taskinstance.py:2648} INFO - Exporting env vars: AIRFLOW_CTX_DAG_OWNER='***' AIRFLOW_CTX_DAG_ID='fin_cotacoes_bcb_classic' AIRFLOW_CTX_TASK_ID='extract' AIRFLOW_CTX_EXECUTION_DATE='2025-04-09T00:00:00+00:00' AIRFLOW_CTX_TRY_NUMBER='1' AIRFLOW_CTX_DAG_RUN_ID='scheduled__2025-04-09T00:00:00+00:00'
[2025-07-07T15:11:54.893+0000] {taskinstance.py:430} INFO - ::endgroup::
[2025-07-07T15:11:54.894+0000] {cotacoes.py:35} INFO - Iniciando extração da URL: https://www4.bcb.gov.br/Download/fechamento/20250409.csv
[2025-07-07T15:11:55.185+0000] {cotacoes.py:41} INFO - Extração concluída com sucesso.
[2025-07-07T15:11:55.186+0000] {python.py:237} INFO - Done. Returned value was: 09/04/2025;005;A;AFN;0,08370000;0,08394000;72,20000000;72,40000000
09/04/2025;009;A;ETB;0,04510000;0,04684000;129,37550000;134,37550000
09/04/2025;015;A;THB;0,17630000;0,17640000;34,35000000;34,38000000
09/04/2025;020;A;PAB;6,05990000;6,06050000;1,00000000;1,00000000
09/04/2025;027;A;VES;0,08158000;0,08180000;74,09300000;74,27870000
09/04/2025;030;A;BOB;0,86450000;0,88350000;6,86000000;7,01000000
09/04/2025;035;A;GHS;0,38970000;0,39230000;15,45000000;15,55000000
09/04/2025;040;A;CRC;0,01165000;0,01192000;508,37500000;520,00000000
09/04/2025;045;A;SVC;0,69180000;0,69270000;8,74950000;8,75950000
09/04/2025;051;A;NIO;0,16380000;0,16560000;36,60000000;37,00000000
09/04/2025;055;A;DKK;0,89560000;0,89580000;6,76540000;6,76630000
09/04/2025;060;A;ISK;0,04605000;0,04615000;131,31000000;131,60000000
09/04/2025;065;A;NOK;0,55030000;0,55150000;10,98870000;11,01100000
09/04/2025;070;A;SEK;0,60340000;0,60370000;10,03930000;10,04230000
09/04/2025;075;A;CZK;0,26560000;0,26590000;22,79400000;22,81300000
09/04/2025;090;A;GMD;0,08301000;0,08382000;72,30000000;73,00000000
09/04/2025;095;A;DZD;0,04546000;0,04565000;132,74590000;133,29300000
09/04/2025;100;A;KWD;19,68780000;19,72180000;0,30730000;0,30780000
09/04/2025;105;A;BHD;16,06970000;16,07990000;0,37690000;0,37710000
09/04/2025;115;A;IQD;0,00462200;0,00463000;1309,00000000;1311,00000000
09/04/2025;125;A;JOD;8,53510000;8,56000000;0,70800000;0,71000000
09/04/2025;130;A;LYD;1,09040000;1,09600000;5,52980000;5,55750000
09/04/2025;132;A;MKD;0,10790000;0,10890000;55,65000000;56,15000000
09/04/2025;133;A;RSD;0,05709000;0,05714000;106,07000000;106,14000000
09/04/2025;134;A;SDG;0,01006000;0,01012000;598,80020000;602,14120000
09/04/2025;135;A;TND;1,96620000;1,97090000;3,07500000;3,08200000
09/04/2025;136;A;SSP;0,00134700;0,00137700;4400,00000000;4500,00000000
09/04/2025;138;B;SDR;8,09480000;8,09560000;1,33580000;1,33580000
09/04/2025;139;A;MAD;0,63750000;0,63890000;9,48530000;9,50530000
09/04/2025;145;A;AED;1,64980000;1,65010000;3,67290000;3,67320000
09/04/2025;149;A;STN;0,26760000;0,27310000;22,18800000;22,64280000
09/04/2025;150;B;AUD;3,63650000;3,63870000;0,60010000;0,60040000
09/04/2025;155;A;BSD;6,05990000;6,06050000;1,00000000;1,00000000
09/04/2025;160;A;BMD;6,05990000;6,06050000;1,00000000;1,00000000
09/04/2025;165;A;CAD;4,27020000;4,27190000;1,41870000;1,41910000
09/04/2025;170;A;GYD;0,02880000;0,02914000;207,98000000;210,45000000
09/04/2025;173;A;NAD;0,30560000;0,30570000;19,82200000;19,82650000
09/04/2025;175;A;BBD;2,97040000;3,03310000;1,99810000;2,04010000
09/04/2025;180;A;BZD;3,00410000;3,02990000;2,00020000;2,01720000
09/04/2025;185;A;BND;4,49510000;4,49590000;1,34800000;1,34810000
09/04/2025;190;A;KYD;7,25740000;7,32390000;0,82750000;0,83500000
09/04/2025;195;A;SGD;4,49510000;4,49590000;1,34800000;1,34810000
09/04/2025;197;B;CLF;234,80900000;234,83230000;38,74800000;38,74800000
09/04/2025;200;B;FJD;2,55300000;2,63570000;0,42130000;0,43490000
09/04/2025;205;A;HKD;0,78140000;0,78150000;7,75490000;7,75520000
09/04/2025;210;A;TTD;0,88780000;0,89740000;6,75370000;6,82600000
09/04/2025;215;A;XCD;2,22790000;2,25300000;2,69000000;2,72000000
09/04/2025;220;A;USD;6,05990000;6,06050000;1,00000000;1,00000000
09/04/2025;230;A;JMD;0,03809000;0,03853000;157,31000000;159,11000000
09/04/2025;235;A;LRD;0,03000000;0,03061000;198,00000000;202,00000000
09/04/2025;245;B;NZD;3,36750000;3,36840000;0,55570000;0,55580000
09/04/2025;250;B;SBD;0,71330000;0,75570000;0,11770000;0,12470000
09/04/2025;255;A;SRD;0,16380000;0,16740000;36,20000000;37,00000000
09/04/2025;260;A;VND;0,00023290;0,00023350;25960,00000000;26020,00000000
09/04/2025;275;A;AMD;0,01543000;0,01551000;390,78000000;392,78000000
09/04/2025;295;A;CVE;0,06011000;0,06067000;99,89000000;100,81000000
09/04/2025;325;A;ANG;3,32960000;3,39620000;1,78450000;1,82000000
09/04/2025;326;A;XCG;3,32960000;3,39620000;1,78450000;1,82000000
09/04/2025;328;A;AWG;3,29340000;3,40480000;1,78000000;1,84000000
09/04/2025;345;A;HUF;0,01633000;0,01634000;370,84000000;371,07000000
09/04/2025;363;A;CDF;0,00205400;0,00211900;2860,00000000;2950,00000000
09/04/2025;365;A;BIF;0,00201000;0,00206800;2930,25000000;3015,00000000
09/04/2025;368;A;KMF;0,01357000;0,01364000;444,43000000;446,43000000
09/04/2025;370;A;XAF;0,00987600;0,01020000;594,27000000;613,62000000
09/04/2025;372;A;XOF;0,01015000;0,01027000;590,25000000;597,25000000
09/04/2025;380;A;XPF;0,05575000;0,05625000;107,75000000;108,70000000
09/04/2025;390;A;DJF;0,03394000;0,03412000;177,60000000;178,55000000
09/04/2025;398;A;GNF;0,00069650;0,00070360;8613,00000000;8700,00000000
09/04/2025;406;A;MGA;0,00129900;0,00131700;4602,49000000;4665,91000000
09/04/2025;420;A;RWF;0,00427100;0,00432300;1401,96000000;1418,96000000
09/04/2025;425;A;CHF;7,19960000;7,20540000;0,84110000;0,84170000
09/04/2025;440;A;HTG;0,04624000;0,04657000;130,14210000;131,05060000
09/04/2025;450;A;PYG;0,00075590;0,00075740;8002,01000000;8016,78000000
09/04/2025;460;A;UAH;0,14540000;0,14670000;41,31000000;41,69000000
09/04/2025;470;A;JPY;0,04176000;0,04177000;145,09000000;145,10000000
09/04/2025;482;A;GEL;2,17590000;2,22400000;2,72500000;2,78500000
09/04/2025;490;A;ALL;0,06706000;0,06845000;88,54000000;90,36000000
09/04/2025;495;A;HNL;0,23130000;0,23660000;25,61600000;26,20000000
09/04/2025;500;A;SLL;0,00026450;0,00026720;22683,00000000;22908,00000000
09/04/2025;503;A;MDL;0,34200000;0,34400000;17,62000000;17,72000000
09/04/2025;506;A;RON;1,34260000;1,34440000;4,50810000;4,51340000
09/04/2025;510;A;BGN;3,41940000;3,42070000;1,77170000;1,77220000
09/04/2025;530;B;GIP;7,77790000;7,78470000;1,28350000;1,28450000
09/04/2025;535;A;EGP;0,11720000;0,11740000;51,62000000;51,72000000
09/04/2025;540;B;GBP;7,73730000;7,74110000;1,27680000;1,27730000
09/04/2025;545;B;FKP;7,77790000;7,78470000;1,28350000;1,28450000
09/04/2025;560;A;LBP;0,00006760;0,00006770;89500,00000000;89700,00000000
09/04/2025;570;B;SHP;7,73670000;7,73930000;1,27670000;1,27700000
09/04/2025;575;A;SYP;0,00046580;0,00046620;13000,00000000;13010,00000000
09/04/2025;585;A;SZL;0,30570000;0,30580000;19,82140000;19,82580000
09/04/2025;603;A;LSL;0,30570000;0,30580000;19,82140000;19,82580000
09/04/2025;608;A;TMT;1,72910000;1,73420000;3,49470000;3,50470000
09/04/2025;622;A;MZN;0,09392000;0,09582000;63,25000000;64,52000000
09/04/2025;625;A;ERN;0,40000000;0,40400000;15,00000000;15,15000000
09/04/2025;630;A;NGN;0,00388500;0,00389700;1555,23000000;1559,77000000
09/04/2025;635;A;AOA;0,00651400;0,00664500;912,00000000;930,24000000
09/04/2025;640;A;TWD;0,18430000;0,18450000;32,84600000;32,87600000
09/04/2025;642;A;TRY;0,15940000;0,15940000;38,00930000;38,01230000
09/04/2025;660;A;PEN;1,60360000;1,61360000;3,75600000;3,77900000
09/04/2025;665;A;BTN;0,06986000;0,06996000;86,62900000;86,73800000
09/04/2025;670;A;MRO;0,01688000;0,01702000;356,00000000;359,00000000
09/04/2025;671;A;MRU;0,15160000;0,15300000;39,62010000;39,98010000
09/04/2025;680;B;TOP;2,42090000;2,57270000;0,39950000;0,42450000
09/04/2025;685;A;MOP;0,75790000;0,75890000;7,98600000;7,99600000
09/04/2025;706;A;ARS;0,00562800;0,00563000;1076,50000000;1076,75000000
09/04/2025;715;A;CLP;0,00603000;0,00603700;1003,96000000;1004,94000000
09/04/2025;720;A;COP;0,00136800;0,00137000;4424,39000000;4428,39000000
09/04/2025;721;B;COU;0,51690000;0,51700000;0,08530000;0,08530000
09/04/2025;725;A;CUP;0,25250000;0,25250000;24,00000000;24,00000000
09/04/2025;730;A;DOP;0,09757000;0,09818000;61,73000000;62,11000000
09/04/2025;735;A;PHP;0,10570000;0,10580000;57,30100000;57,32100000
09/04/2025;741;A;MXN;0,28920000;0,28930000;20,95010000;20,95480000
09/04/2025;745;A;UYU;0,14100000;0,14110000;42,94000000;42,97000000
09/04/2025;755;B;BWP;0,42480000;0,42910000;0,07010000;0,07080000
09/04/2025;760;A;MWK;0,00346200;0,00353000;1717,02000000;1750,32000000
09/04/2025;766;A;ZMW;0,21530000;0,21570000;28,10000000;28,15000000
09/04/2025;770;A;GTQ;0,78450000;0,78660000;7,70500000;7,72500000
09/04/2025;775;A;MMK;0,00287700;0,00289500;2093,70000000;2106,30000000
09/04/2025;778;B;PGK;1,44470000;1,49030000;0,23840000;0,24590000
09/04/2025;780;A;LAK;0,00027830;0,00028130;21548,00000000;21778,00000000
09/04/2025;785;A;ZAR;0,30540000;0,30560000;19,83470000;19,84300000
09/04/2025;795;A;CNY;0,82450000;0,82460000;7,34990000;7,35010000
09/04/2025;796;A;CNH;0,82160000;0,82170000;7,37550000;7,37610000
09/04/2025;800;A;QAR;1,66210000;1,66290000;3,64450000;3,64600000
09/04/2025;805;A;OMR;15,73590000;15,74560000;0,38490000;0,38510000
09/04/2025;810;A;YER;0,02468000;0,02473000;245,08000000;245,58000000
09/04/2025;815;A;IRR;0,00014430;0,00014430;42000,00000000;42005,00000000
09/04/2025;820;A;SAR;1,61400000;1,61440000;3,75400000;3,75460000
09/04/2025;825;A;KHR;0,00150900;0,00151700;3995,00000000;4015,00000000
09/04/2025;828;A;MYR;1,34720000;1,34860000;4,49400000;4,49800000
09/04/2025;830;A;RUB;0,07034000;0,07035000;86,14550000;86,15450000
09/04/2025;831;A;BYN;1,84800000;1,85560000;3,26610000;3,27910000
09/04/2025;835;A;TJS;0,55540000;0,56010000;10,82000000;10,91000000
09/04/2025;840;A;MUR;0,13450000;0,13540000;44,75000000;45,05000000
09/04/2025;845;A;NPR;0,04368000;0,04370000;138,70000000;138,72000000
09/04/2025;850;A;SCR;0,42200000;0,42210000;14,35900000;14,35940000
09/04/2025;855;A;LKR;0,02012000;0,02015000;300,75000000;301,25000000
09/04/2025;860;A;INR;0,06990000;0,06995000;86,63600000;86,69100000
09/04/2025;865;A;IDR;0,00035920;0,00035950;16860,00000000;16870,00000000
09/04/2025;870;A;MVR;0,39100000;0,39300000;15,42000000;15,50000000
09/04/2025;875;A;PKR;0,02158000;0,02161000;280,50000000;280,75000000
09/04/2025;880;A;ILS;1,58370000;1,58780000;3,81690000;3,82630000
09/04/2025;892;A;KGS;0,06956000;0,06962000;87,05710000;87,11140000
09/04/2025;893;A;UZS;0,00046690;0,00046730;12968,31000000;12978,31000000
09/04/2025;905;A;BDT;0,04967000;0,05009000;121,00000000;122,00000000
09/04/2025;912;B;WST;2,04950000;2,18300000;0,33820000;0,36020000
09/04/2025;913;A;KZT;0,01163000;0,01165000;520,35000000;520,90000000
09/04/2025;915;A;MNT;0,00171400;0,00171700;3529,00000000;3535,00000000
09/04/2025;920;A;VUV;0,04678000;0,04870000;124,45000000;129,55000000
09/04/2025;930;A;KRW;0,00411200;0,00411500;1472,73000000;1473,70000000
09/04/2025;946;A;TZS;0,00222800;0,00227800;2660,00000000;2720,00000000
09/04/2025;950;A;KES;0,04672000;0,04680000;129,50000000;129,70000000
09/04/2025;955;A;UGX;0,00163300;0,00163800;3700,00000000;3710,00000000
09/04/2025;960;A;SOS;0,01054000;0,01067000;568,00000000;575,00000000
09/04/2025;975;A;PLN;1,55970000;1,56030000;3,88410000;3,88530000
09/04/2025;978;B;EUR;6,68830000;6,69020000;1,10370000;1,10390000
09/04/2025;998;A;XAU;601,18060000;601,24010000;0,01008000;0,01008000

[2025-07-07T15:11:55.218+0000] {taskinstance.py:441} INFO - ::group::Post task execution logs
[2025-07-07T15:11:55.284+0000] {taskinstance.py:1206} INFO - Marking task as SUCCESS. dag_id=fin_cotacoes_bcb_classic, task_id=extract, run_id=scheduled__2025-04-09T00:00:00+00:00, execution_date=20250409T000000, start_date=20250707T151154, end_date=20250707T151155
[2025-07-07T15:11:55.339+0000] {local_task_job_runner.py:240} INFO - Task exited with return code 0
[2025-07-07T15:11:55.420+0000] {taskinstance.py:3503} INFO - 1 downstream tasks scheduled from follow-on schedule check
[2025-07-07T15:11:55.424+0000] {local_task_job_runner.py:222} INFO - ::endgroup::
