[2025-07-07T15:08:47.530+0000] {local_task_job_runner.py:120} INFO - ::group::Pre task execution logs
[2025-07-07T15:08:47.617+0000] {taskinstance.py:2076} INFO - Dependencies all met for dep_context=non-requeueable deps ti=<TaskInstance: fin_cotacoes_bcb_classic.extract scheduled__2024-10-26T00:00:00+00:00 [queued]>
[2025-07-07T15:08:47.642+0000] {taskinstance.py:2076} INFO - Dependencies all met for dep_context=requeueable deps ti=<TaskInstance: fin_cotacoes_bcb_classic.extract scheduled__2024-10-26T00:00:00+00:00 [queued]>
[2025-07-07T15:08:47.642+0000] {taskinstance.py:2306} INFO - Starting attempt 1 of 2
[2025-07-07T15:08:47.692+0000] {taskinstance.py:2330} INFO - Executing <Task(PythonOperator): extract> on 2024-10-26 00:00:00+00:00
[2025-07-07T15:08:47.722+0000] {logging_mixin.py:188} WARNING - /home/***/.local/lib/python3.12/site-packages/***/task/task_runner/standard_task_runner.py:61 DeprecationWarning: This process (pid=100336) is multi-threaded, use of fork() may lead to deadlocks in the child.
[2025-07-07T15:08:47.723+0000] {standard_task_runner.py:63} INFO - Started process 100372 to run task
[2025-07-07T15:08:47.730+0000] {standard_task_runner.py:90} INFO - Running: ['***', 'tasks', 'run', 'fin_cotacoes_bcb_classic', 'extract', 'scheduled__2024-10-26T00:00:00+00:00', '--job-id', '3660', '--raw', '--subdir', 'DAGS_FOLDER/cotacoes.py', '--cfg-path', '/tmp/tmp_rjh_zzc']
[2025-07-07T15:08:47.735+0000] {standard_task_runner.py:91} INFO - Job 3660: Subtask extract
[2025-07-07T15:08:47.889+0000] {task_command.py:426} INFO - Running <TaskInstance: fin_cotacoes_bcb_classic.extract scheduled__2024-10-26T00:00:00+00:00 [running]> on host bc96ca91d307
[2025-07-07T15:08:48.087+0000] {taskinstance.py:2648} INFO - Exporting env vars: AIRFLOW_CTX_DAG_OWNER='***' AIRFLOW_CTX_DAG_ID='fin_cotacoes_bcb_classic' AIRFLOW_CTX_TASK_ID='extract' AIRFLOW_CTX_EXECUTION_DATE='2024-10-26T00:00:00+00:00' AIRFLOW_CTX_TRY_NUMBER='1' AIRFLOW_CTX_DAG_RUN_ID='scheduled__2024-10-26T00:00:00+00:00'
[2025-07-07T15:08:48.088+0000] {taskinstance.py:430} INFO - ::endgroup::
[2025-07-07T15:08:48.089+0000] {cotacoes.py:35} INFO - Iniciando extração da URL: https://www4.bcb.gov.br/Download/fechamento/20241026.csv
[2025-07-07T15:08:48.480+0000] {cotacoes.py:46} WARNING - Não foi possível extrair dados da URL (pode ser um dia sem cotação): 404 Client Error: Not Found for url: https://www4.bcb.gov.br/Download/fechamento/20241026.csv
[2025-07-07T15:08:48.489+0000] {python.py:237} INFO - Done. Returned value was: None
[2025-07-07T15:08:48.490+0000] {taskinstance.py:441} INFO - ::group::Post task execution logs
[2025-07-07T15:08:48.538+0000] {taskinstance.py:1206} INFO - Marking task as SUCCESS. dag_id=fin_cotacoes_bcb_classic, task_id=extract, run_id=scheduled__2024-10-26T00:00:00+00:00, execution_date=20241026T000000, start_date=20250707T150847, end_date=20250707T150848
[2025-07-07T15:08:48.855+0000] {local_task_job_runner.py:240} INFO - Task exited with return code 0
[2025-07-07T15:08:48.923+0000] {taskinstance.py:3503} INFO - 0 downstream tasks scheduled from follow-on schedule check
[2025-07-07T15:08:48.931+0000] {local_task_job_runner.py:222} INFO - ::endgroup::
