[2025-07-07T14:34:32.702+0000] {local_task_job_runner.py:120} INFO - ::group::Pre task execution logs
[2025-07-07T14:34:32.750+0000] {taskinstance.py:2076} INFO - Dependencies all met for dep_context=non-requeueable deps ti=<TaskInstance: fin_cotacoes_bcb_classic.create_table_postgres scheduled__2025-04-04T00:00:00+00:00 [queued]>
[2025-07-07T14:34:32.760+0000] {taskinstance.py:2076} INFO - Dependencies all met for dep_context=requeueable deps ti=<TaskInstance: fin_cotacoes_bcb_classic.create_table_postgres scheduled__2025-04-04T00:00:00+00:00 [queued]>
[2025-07-07T14:34:32.761+0000] {taskinstance.py:2306} INFO - Starting attempt 1 of 2
[2025-07-07T14:34:32.780+0000] {taskinstance.py:2330} INFO - Executing <Task(SQLExecuteQueryOperator): create_table_postgres> on 2025-04-04 00:00:00+00:00
[2025-07-07T14:34:32.800+0000] {logging_mixin.py:188} WARNING - /home/***/.local/lib/python3.12/site-packages/***/task/task_runner/standard_task_runner.py:61 DeprecationWarning: This process (pid=78726) is multi-threaded, use of fork() may lead to deadlocks in the child.
[2025-07-07T14:34:32.802+0000] {standard_task_runner.py:63} INFO - Started process 78776 to run task
[2025-07-07T14:34:32.807+0000] {standard_task_runner.py:90} INFO - Running: ['***', 'tasks', 'run', 'fin_cotacoes_bcb_classic', 'create_table_postgres', 'scheduled__2025-04-04T00:00:00+00:00', '--job-id', '2463', '--raw', '--subdir', 'DAGS_FOLDER/cotacoes.py', '--cfg-path', '/tmp/tmp3kk2rnx4']
[2025-07-07T14:34:32.808+0000] {standard_task_runner.py:91} INFO - Job 2463: Subtask create_table_postgres
[2025-07-07T14:34:32.928+0000] {task_command.py:426} INFO - Running <TaskInstance: fin_cotacoes_bcb_classic.create_table_postgres scheduled__2025-04-04T00:00:00+00:00 [running]> on host bc96ca91d307
[2025-07-07T14:34:33.170+0000] {taskinstance.py:2648} INFO - Exporting env vars: AIRFLOW_CTX_DAG_OWNER='***' AIRFLOW_CTX_DAG_ID='fin_cotacoes_bcb_classic' AIRFLOW_CTX_TASK_ID='create_table_postgres' AIRFLOW_CTX_EXECUTION_DATE='2025-04-04T00:00:00+00:00' AIRFLOW_CTX_TRY_NUMBER='1' AIRFLOW_CTX_DAG_RUN_ID='scheduled__2025-04-04T00:00:00+00:00'
[2025-07-07T14:34:33.173+0000] {taskinstance.py:430} INFO - ::endgroup::
[2025-07-07T14:34:33.176+0000] {sql.py:276} INFO - Executing: 
CREATE TABLE IF NOT EXISTS cotacoes (
    dt_fechamento DATE,
    cod_moeda TEXT,
    tipo_moeda TEXT,
    desc_moeda TEXT,
    taxa_compra REAL,
    taxa_venda REAL,
    paridade_compra REAL,
    paridade_venda REAL,
    data_processamento TIMESTAMP,
    CONSTRAINT table_pk PRIMARY KEY (dt_fechamento, cod_moeda)
);
[2025-07-07T14:34:33.209+0000] {base.py:84} INFO - Using connection ID '***-postgres' for task execution.
[2025-07-07T14:34:33.237+0000] {base.py:84} INFO - Using connection ID '***-postgres' for task execution.
[2025-07-07T14:34:33.257+0000] {sql.py:487} INFO - Running statement: 
CREATE TABLE IF NOT EXISTS cotacoes (
    dt_fechamento DATE,
    cod_moeda TEXT,
    tipo_moeda TEXT,
    desc_moeda TEXT,
    taxa_compra REAL,
    taxa_venda REAL,
    paridade_compra REAL,
    paridade_venda REAL,
    data_processamento TIMESTAMP,
    CONSTRAINT table_pk PRIMARY KEY (dt_fechamento, cod_moeda)
);, parameters: None
[2025-07-07T14:34:33.262+0000] {taskinstance.py:441} INFO - ::group::Post task execution logs
[2025-07-07T14:34:33.281+0000] {taskinstance.py:1206} INFO - Marking task as SUCCESS. dag_id=fin_cotacoes_bcb_classic, task_id=create_table_postgres, run_id=scheduled__2025-04-04T00:00:00+00:00, execution_date=20250404T000000, start_date=20250707T143432, end_date=20250707T143433
[2025-07-07T14:34:33.360+0000] {local_task_job_runner.py:240} INFO - Task exited with return code 0
[2025-07-07T14:34:33.441+0000] {taskinstance.py:3503} INFO - 1 downstream tasks scheduled from follow-on schedule check
[2025-07-07T14:34:33.448+0000] {local_task_job_runner.py:222} INFO - ::endgroup::
[2025-07-07T15:11:49.340+0000] {local_task_job_runner.py:120} INFO - ::group::Pre task execution logs
[2025-07-07T15:11:49.517+0000] {taskinstance.py:2076} INFO - Dependencies all met for dep_context=non-requeueable deps ti=<TaskInstance: fin_cotacoes_bcb_classic.create_table_postgres scheduled__2025-04-04T00:00:00+00:00 [queued]>
[2025-07-07T15:11:49.559+0000] {taskinstance.py:2076} INFO - Dependencies all met for dep_context=requeueable deps ti=<TaskInstance: fin_cotacoes_bcb_classic.create_table_postgres scheduled__2025-04-04T00:00:00+00:00 [queued]>
[2025-07-07T15:11:49.560+0000] {taskinstance.py:2306} INFO - Starting attempt 1 of 2
[2025-07-07T15:11:49.598+0000] {taskinstance.py:2330} INFO - Executing <Task(SQLExecuteQueryOperator): create_table_postgres> on 2025-04-04 00:00:00+00:00
[2025-07-07T15:11:49.636+0000] {logging_mixin.py:188} WARNING - /home/***/.local/lib/python3.12/site-packages/***/task/task_runner/standard_task_runner.py:61 DeprecationWarning: This process (pid=103345) is multi-threaded, use of fork() may lead to deadlocks in the child.
[2025-07-07T15:11:49.637+0000] {standard_task_runner.py:63} INFO - Started process 103395 to run task
[2025-07-07T15:11:49.639+0000] {standard_task_runner.py:90} INFO - Running: ['***', 'tasks', 'run', 'fin_cotacoes_bcb_classic', 'create_table_postgres', 'scheduled__2025-04-04T00:00:00+00:00', '--job-id', '4136', '--raw', '--subdir', 'DAGS_FOLDER/cotacoes.py', '--cfg-path', '/tmp/tmp7yhwvlka']
[2025-07-07T15:11:49.646+0000] {standard_task_runner.py:91} INFO - Job 4136: Subtask create_table_postgres
[2025-07-07T15:11:49.797+0000] {task_command.py:426} INFO - Running <TaskInstance: fin_cotacoes_bcb_classic.create_table_postgres scheduled__2025-04-04T00:00:00+00:00 [running]> on host bc96ca91d307
[2025-07-07T15:11:50.110+0000] {taskinstance.py:2648} INFO - Exporting env vars: AIRFLOW_CTX_DAG_OWNER='***' AIRFLOW_CTX_DAG_ID='fin_cotacoes_bcb_classic' AIRFLOW_CTX_TASK_ID='create_table_postgres' AIRFLOW_CTX_EXECUTION_DATE='2025-04-04T00:00:00+00:00' AIRFLOW_CTX_TRY_NUMBER='1' AIRFLOW_CTX_DAG_RUN_ID='scheduled__2025-04-04T00:00:00+00:00'
[2025-07-07T15:11:50.111+0000] {taskinstance.py:430} INFO - ::endgroup::
[2025-07-07T15:11:50.111+0000] {sql.py:276} INFO - Executing: 
CREATE TABLE IF NOT EXISTS cotacoes (
    dt_fechamento DATE,
    cod_moeda TEXT,
    tipo_moeda TEXT,
    desc_moeda TEXT,
    taxa_compra REAL,
    taxa_venda REAL,
    paridade_compra REAL,
    paridade_venda REAL,
    data_processamento TIMESTAMP,
    CONSTRAINT table_pk PRIMARY KEY (dt_fechamento, cod_moeda)
);
[2025-07-07T15:11:50.133+0000] {base.py:84} INFO - Using connection ID '***-postgres' for task execution.
[2025-07-07T15:11:50.167+0000] {base.py:84} INFO - Using connection ID '***-postgres' for task execution.
[2025-07-07T15:11:50.176+0000] {sql.py:487} INFO - Running statement: 
CREATE TABLE IF NOT EXISTS cotacoes (
    dt_fechamento DATE,
    cod_moeda TEXT,
    tipo_moeda TEXT,
    desc_moeda TEXT,
    taxa_compra REAL,
    taxa_venda REAL,
    paridade_compra REAL,
    paridade_venda REAL,
    data_processamento TIMESTAMP,
    CONSTRAINT table_pk PRIMARY KEY (dt_fechamento, cod_moeda)
);, parameters: None
[2025-07-07T15:11:50.181+0000] {taskinstance.py:441} INFO - ::group::Post task execution logs
[2025-07-07T15:11:50.197+0000] {taskinstance.py:1206} INFO - Marking task as SUCCESS. dag_id=fin_cotacoes_bcb_classic, task_id=create_table_postgres, run_id=scheduled__2025-04-04T00:00:00+00:00, execution_date=20250404T000000, start_date=20250707T151149, end_date=20250707T151150
[2025-07-07T15:11:50.552+0000] {local_task_job_runner.py:240} INFO - Task exited with return code 0
[2025-07-07T15:11:50.625+0000] {local_task_job_runner.py:222} INFO - ::endgroup::
