[2025-07-07T14:36:21.554+0000] {local_task_job_runner.py:120} INFO - ::group::Pre task execution logs
[2025-07-07T14:36:21.605+0000] {taskinstance.py:2076} INFO - Dependencies all met for dep_context=non-requeueable deps ti=<TaskInstance: fin_cotacoes_bcb_classic.transform_and_load scheduled__2025-07-02T00:00:00+00:00 [queued]>
[2025-07-07T14:36:21.616+0000] {taskinstance.py:2076} INFO - Dependencies all met for dep_context=requeueable deps ti=<TaskInstance: fin_cotacoes_bcb_classic.transform_and_load scheduled__2025-07-02T00:00:00+00:00 [queued]>
[2025-07-07T14:36:21.616+0000] {taskinstance.py:2306} INFO - Starting attempt 1 of 2
[2025-07-07T14:36:21.632+0000] {taskinstance.py:2330} INFO - Executing <Task(PythonOperator): transform_and_load> on 2025-07-02 00:00:00+00:00
[2025-07-07T14:36:21.647+0000] {logging_mixin.py:188} WARNING - /home/***/.local/lib/python3.12/site-packages/***/task/task_runner/standard_task_runner.py:61 DeprecationWarning: This process (pid=80528) is multi-threaded, use of fork() may lead to deadlocks in the child.
[2025-07-07T14:36:21.648+0000] {standard_task_runner.py:63} INFO - Started process 80553 to run task
[2025-07-07T14:36:21.653+0000] {standard_task_runner.py:90} INFO - Running: ['***', 'tasks', 'run', 'fin_cotacoes_bcb_classic', 'transform_and_load', 'scheduled__2025-07-02T00:00:00+00:00', '--job-id', '2744', '--raw', '--subdir', 'DAGS_FOLDER/cotacoes.py', '--cfg-path', '/tmp/tmph8zcl8k7']
[2025-07-07T14:36:21.654+0000] {standard_task_runner.py:91} INFO - Job 2744: Subtask transform_and_load
[2025-07-07T14:36:21.733+0000] {task_command.py:426} INFO - Running <TaskInstance: fin_cotacoes_bcb_classic.transform_and_load scheduled__2025-07-02T00:00:00+00:00 [running]> on host bc96ca91d307
[2025-07-07T14:36:21.894+0000] {taskinstance.py:2648} INFO - Exporting env vars: AIRFLOW_CTX_DAG_OWNER='***' AIRFLOW_CTX_DAG_ID='fin_cotacoes_bcb_classic' AIRFLOW_CTX_TASK_ID='transform_and_load' AIRFLOW_CTX_EXECUTION_DATE='2025-07-02T00:00:00+00:00' AIRFLOW_CTX_TRY_NUMBER='1' AIRFLOW_CTX_DAG_RUN_ID='scheduled__2025-07-02T00:00:00+00:00'
[2025-07-07T14:36:21.895+0000] {taskinstance.py:430} INFO - ::endgroup::
[2025-07-07T14:36:21.930+0000] {cotacoes.py:109} INFO - DataFrame transformado com 156 linhas.
[2025-07-07T14:36:21.943+0000] {base.py:84} INFO - Using connection ID '***-postgres' for task execution.
[2025-07-07T14:36:21.959+0000] {base.py:84} INFO - Using connection ID '***-postgres' for task execution.
[2025-07-07T14:36:22.010+0000] {sql.py:598} INFO - Loaded 156 rows into cotacoes so far
[2025-07-07T14:36:22.011+0000] {sql.py:611} INFO - Done loading. Loaded a total of 156 rows into cotacoes
[2025-07-07T14:36:22.011+0000] {cotacoes.py:124} INFO - Carregados/Atualizados 156 registros na tabela cotacoes.
[2025-07-07T14:36:22.012+0000] {python.py:237} INFO - Done. Returned value was: None
[2025-07-07T14:36:22.012+0000] {taskinstance.py:441} INFO - ::group::Post task execution logs
[2025-07-07T14:36:22.024+0000] {taskinstance.py:1206} INFO - Marking task as SUCCESS. dag_id=fin_cotacoes_bcb_classic, task_id=transform_and_load, run_id=scheduled__2025-07-02T00:00:00+00:00, execution_date=20250702T000000, start_date=20250707T143621, end_date=20250707T143622
[2025-07-07T14:36:22.072+0000] {local_task_job_runner.py:240} INFO - Task exited with return code 0
[2025-07-07T14:36:22.091+0000] {taskinstance.py:3503} INFO - 0 downstream tasks scheduled from follow-on schedule check
[2025-07-07T14:36:22.092+0000] {local_task_job_runner.py:222} INFO - ::endgroup::
[2025-07-07T15:13:39.413+0000] {local_task_job_runner.py:120} INFO - ::group::Pre task execution logs
[2025-07-07T15:13:39.442+0000] {taskinstance.py:2076} INFO - Dependencies all met for dep_context=non-requeueable deps ti=<TaskInstance: fin_cotacoes_bcb_classic.transform_and_load scheduled__2025-07-02T00:00:00+00:00 [queued]>
[2025-07-07T15:13:39.449+0000] {taskinstance.py:2076} INFO - Dependencies all met for dep_context=requeueable deps ti=<TaskInstance: fin_cotacoes_bcb_classic.transform_and_load scheduled__2025-07-02T00:00:00+00:00 [queued]>
[2025-07-07T15:13:39.450+0000] {taskinstance.py:2306} INFO - Starting attempt 1 of 2
[2025-07-07T15:13:39.463+0000] {taskinstance.py:2330} INFO - Executing <Task(PythonOperator): transform_and_load> on 2025-07-02 00:00:00+00:00
[2025-07-07T15:13:39.474+0000] {logging_mixin.py:188} WARNING - /home/***/.local/lib/python3.12/site-packages/***/task/task_runner/standard_task_runner.py:61 DeprecationWarning: This process (pid=105174) is multi-threaded, use of fork() may lead to deadlocks in the child.
[2025-07-07T15:13:39.473+0000] {standard_task_runner.py:90} INFO - Running: ['***', 'tasks', 'run', 'fin_cotacoes_bcb_classic', 'transform_and_load', 'scheduled__2025-07-02T00:00:00+00:00', '--job-id', '4420', '--raw', '--subdir', 'DAGS_FOLDER/cotacoes.py', '--cfg-path', '/tmp/tmpbq0lmh02']
[2025-07-07T15:13:39.475+0000] {standard_task_runner.py:91} INFO - Job 4420: Subtask transform_and_load
[2025-07-07T15:13:39.475+0000] {standard_task_runner.py:63} INFO - Started process 105186 to run task
[2025-07-07T15:13:39.521+0000] {task_command.py:426} INFO - Running <TaskInstance: fin_cotacoes_bcb_classic.transform_and_load scheduled__2025-07-02T00:00:00+00:00 [running]> on host bc96ca91d307
[2025-07-07T15:13:39.616+0000] {taskinstance.py:2648} INFO - Exporting env vars: AIRFLOW_CTX_DAG_OWNER='***' AIRFLOW_CTX_DAG_ID='fin_cotacoes_bcb_classic' AIRFLOW_CTX_TASK_ID='transform_and_load' AIRFLOW_CTX_EXECUTION_DATE='2025-07-02T00:00:00+00:00' AIRFLOW_CTX_TRY_NUMBER='1' AIRFLOW_CTX_DAG_RUN_ID='scheduled__2025-07-02T00:00:00+00:00'
[2025-07-07T15:13:39.617+0000] {taskinstance.py:430} INFO - ::endgroup::
[2025-07-07T15:13:39.639+0000] {cotacoes.py:109} INFO - DataFrame transformado com 156 linhas.
[2025-07-07T15:13:39.648+0000] {base.py:84} INFO - Using connection ID '***-postgres' for task execution.
[2025-07-07T15:13:39.657+0000] {base.py:84} INFO - Using connection ID '***-postgres' for task execution.
[2025-07-07T15:13:39.691+0000] {sql.py:598} INFO - Loaded 156 rows into cotacoes so far
[2025-07-07T15:13:39.691+0000] {sql.py:611} INFO - Done loading. Loaded a total of 156 rows into cotacoes
[2025-07-07T15:13:39.691+0000] {cotacoes.py:124} INFO - Carregados/Atualizados 156 registros na tabela cotacoes.
[2025-07-07T15:13:39.692+0000] {python.py:237} INFO - Done. Returned value was: None
[2025-07-07T15:13:39.692+0000] {taskinstance.py:441} INFO - ::group::Post task execution logs
[2025-07-07T15:13:39.703+0000] {taskinstance.py:1206} INFO - Marking task as SUCCESS. dag_id=fin_cotacoes_bcb_classic, task_id=transform_and_load, run_id=scheduled__2025-07-02T00:00:00+00:00, execution_date=20250702T000000, start_date=20250707T151339, end_date=20250707T151339
[2025-07-07T15:13:39.729+0000] {local_task_job_runner.py:240} INFO - Task exited with return code 0
[2025-07-07T15:13:39.743+0000] {taskinstance.py:3503} INFO - 0 downstream tasks scheduled from follow-on schedule check
[2025-07-07T15:13:39.744+0000] {local_task_job_runner.py:222} INFO - ::endgroup::
