[2025-07-06T19:50:16.011+0000] {local_task_job_runner.py:120} INFO - ::group::Pre task execution logs
[2025-07-06T19:50:16.083+0000] {taskinstance.py:2076} INFO - Dependencies all met for dep_context=non-requeueable deps ti=<TaskInstance: fin_cotacoes_bcb_classic.extract scheduled__2025-04-16T00:00:00+00:00 [queued]>
[2025-07-06T19:50:16.102+0000] {taskinstance.py:2076} INFO - Dependencies all met for dep_context=requeueable deps ti=<TaskInstance: fin_cotacoes_bcb_classic.extract scheduled__2025-04-16T00:00:00+00:00 [queued]>
[2025-07-06T19:50:16.102+0000] {taskinstance.py:2306} INFO - Starting attempt 1 of 2
[2025-07-06T19:50:16.140+0000] {taskinstance.py:2330} INFO - Executing <Task(PythonOperator): extract> on 2025-04-16 00:00:00+00:00
[2025-07-06T19:50:16.158+0000] {logging_mixin.py:188} WARNING - /home/***/.local/lib/python3.12/site-packages/***/task/task_runner/standard_task_runner.py:61 DeprecationWarning: This process (pid=11186) is multi-threaded, use of fork() may lead to deadlocks in the child.
[2025-07-06T19:50:16.160+0000] {standard_task_runner.py:63} INFO - Started process 11300 to run task
[2025-07-06T19:50:16.171+0000] {standard_task_runner.py:90} INFO - Running: ['***', 'tasks', 'run', 'fin_cotacoes_bcb_classic', 'extract', 'scheduled__2025-04-16T00:00:00+00:00', '--job-id', '1230', '--raw', '--subdir', 'DAGS_FOLDER/cotacoes.py', '--cfg-path', '/tmp/tmptjb906tc']
[2025-07-06T19:50:16.173+0000] {standard_task_runner.py:91} INFO - Job 1230: Subtask extract
[2025-07-06T19:50:16.325+0000] {task_command.py:426} INFO - Running <TaskInstance: fin_cotacoes_bcb_classic.extract scheduled__2025-04-16T00:00:00+00:00 [running]> on host 20adb53d65c4
[2025-07-06T19:50:16.549+0000] {taskinstance.py:2648} INFO - Exporting env vars: AIRFLOW_CTX_DAG_OWNER='***' AIRFLOW_CTX_DAG_ID='fin_cotacoes_bcb_classic' AIRFLOW_CTX_TASK_ID='extract' AIRFLOW_CTX_EXECUTION_DATE='2025-04-16T00:00:00+00:00' AIRFLOW_CTX_TRY_NUMBER='1' AIRFLOW_CTX_DAG_RUN_ID='scheduled__2025-04-16T00:00:00+00:00'
[2025-07-06T19:50:16.551+0000] {taskinstance.py:430} INFO - ::endgroup::
[2025-07-06T19:50:16.551+0000] {cotacoes.py:37} INFO - Iniciando extração da URL: https://www4.bcb.gov.br/Download/fechamento/20250416.csv
[2025-07-06T19:50:16.924+0000] {cotacoes.py:43} INFO - Extração concluída com sucesso.
[2025-07-06T19:50:16.934+0000] {python.py:237} INFO - Done. Returned value was: 16/04/2025;005;A;AFN;0,08147000;0,08170000;71,98000000;72,18000000
16/04/2025;009;A;ETB;0,04338000;0,04505000;130,55330000;135,55330000
16/04/2025;015;A;THB;0,17770000;0,17800000;33,04000000;33,09000000
16/04/2025;020;A;PAB;5,88020000;5,88080000;1,00000000;1,00000000
16/04/2025;027;A;VES;0,07370000;0,07389000;79,58490000;79,78440000
16/04/2025;030;A;BOB;0,84000000;0,85850000;6,85000000;7,00000000
16/04/2025;035;A;GHS;0,37890000;0,38140000;15,42000000;15,52000000
16/04/2025;040;A;CRC;0,01164000;0,01178000;499,18000000;505,33000000
16/04/2025;045;A;SVC;0,67130000;0,67210000;8,74980000;8,75980000
16/04/2025;051;A;NIO;0,15890000;0,16070000;36,60000000;37,00000000
16/04/2025;055;A;DKK;0,89620000;0,89640000;6,56040000;6,56100000
16/04/2025;060;A;ISK;0,04608000;0,04618000;127,34000000;127,62000000
16/04/2025;065;A;NOK;0,55630000;0,55750000;10,54930000;10,56960000
16/04/2025;070;A;SEK;0,60220000;0,60330000;9,74800000;9,76380000
16/04/2025;075;A;CZK;0,26750000;0,26780000;21,96300000;21,98000000
16/04/2025;090;A;GMD;0,08055000;0,08128000;72,35000000;73,00000000
16/04/2025;095;A;DZD;0,04411000;0,04462000;131,78450000;133,30680000
16/04/2025;100;A;KWD;19,17250000;19,18070000;0,30660000;0,30670000
16/04/2025;105;A;BHD;15,59320000;15,60720000;0,37680000;0,37710000
16/04/2025;115;A;IQD;0,00448500;0,00449300;1309,00000000;1311,00000000
16/04/2025;125;A;JOD;8,28200000;8,30620000;0,70800000;0,71000000
16/04/2025;130;A;LYD;1,07220000;1,07770000;5,45660000;5,48430000
16/04/2025;132;A;MKD;0,10830000;0,10920000;53,83000000;54,32000000
16/04/2025;133;A;RSD;0,05709000;0,05714000;102,92000000;103,00000000
16/04/2025;134;A;SDG;0,00976500;0,00982000;598,85020000;602,19120000
16/04/2025;135;A;TND;1,96010000;1,97340000;2,98000000;3,00000000
16/04/2025;136;A;SSP;0,00130100;0,00133100;4420,00000000;4520,00000000
16/04/2025;138;B;SDR;7,96590000;7,96670000;1,35470000;1,35470000
16/04/2025;139;A;MAD;0,63360000;0,63470000;9,26560000;9,28060000
16/04/2025;145;A;AED;1,60080000;1,60110000;3,67290000;3,67320000
16/04/2025;149;A;STN;0,26770000;0,27320000;21,52710000;21,96830000
16/04/2025;150;B;AUD;3,75570000;3,75670000;0,63870000;0,63880000
16/04/2025;155;A;BSD;5,88020000;5,88080000;1,00000000;1,00000000
16/04/2025;160;A;BMD;5,88020000;5,88080000;1,00000000;1,00000000
16/04/2025;165;A;CAD;4,23550000;4,23630000;1,38820000;1,38830000
16/04/2025;170;A;GYD;0,02794000;0,02828000;207,98000000;210,45000000
16/04/2025;173;A;NAD;0,31270000;0,31280000;18,79890000;18,80180000
16/04/2025;175;A;BBD;2,88230000;2,94320000;1,99810000;2,04010000
16/04/2025;180;A;BZD;2,91500000;2,94010000;2,00020000;2,01720000
16/04/2025;185;A;BND;4,48390000;4,48710000;1,31060000;1,31140000
16/04/2025;190;A;KYD;7,04220000;7,10670000;0,82750000;0,83500000
16/04/2025;195;A;SGD;4,48390000;4,48710000;1,31060000;1,31140000
16/04/2025;197;B;CLF;236,56630000;236,59050000;40,23100000;40,23100000
16/04/2025;200;B;FJD;2,54670000;2,59460000;0,43310000;0,44120000
16/04/2025;205;A;HKD;0,75770000;0,75770000;7,76090000;7,76110000
16/04/2025;210;A;TTD;0,86140000;0,87200000;6,74410000;6,82600000
16/04/2025;215;A;XCD;2,16180000;2,18620000;2,69000000;2,72000000
16/04/2025;220;A;USD;5,88020000;5,88080000;1,00000000;1,00000000
16/04/2025;230;A;JMD;0,03700000;0,03741000;157,21000000;158,91000000
16/04/2025;235;A;LRD;0,02911000;0,02970000;198,00000000;202,00000000
16/04/2025;245;B;NZD;3,48580000;3,48850000;0,59280000;0,59320000
16/04/2025;250;B;SBD;0,69210000;0,73330000;0,11770000;0,12470000
16/04/2025;255;A;SRD;0,15890000;0,16250000;36,20000000;37,00000000
16/04/2025;260;A;VND;0,00022740;0,00022770;25830,00000000;25860,00000000
16/04/2025;275;A;AMD;0,01499000;0,01507000;390,27000000;392,27000000
16/04/2025;295;A;CVE;0,06014000;0,06070000;96,89000000;97,77000000
16/04/2025;325;A;ANG;3,23090000;3,29550000;1,78450000;1,82000000
16/04/2025;326;A;XCG;3,23090000;3,29550000;1,78450000;1,82000000
16/04/2025;328;A;AWG;3,19580000;3,30380000;1,78000000;1,84000000
16/04/2025;345;A;HUF;0,01642000;0,01643000;358,00000000;358,20000000
16/04/2025;363;A;CDF;0,00199300;0,00205600;2861,00000000;2950,00000000
16/04/2025;365;A;BIF;0,00195000;0,00200600;2931,05000000;3015,00000000
16/04/2025;368;A;KMF;0,01352000;0,01358000;432,91000000;434,91000000
16/04/2025;370;A;XAF;0,00986200;0,01021000;576,26000000;596,27000000
16/04/2025;372;A;XOF;0,01014000;0,01027000;572,75000000;579,75000000
16/04/2025;380;A;XPF;0,05576000;0,05625000;104,54000000;105,46000000
16/04/2025;390;A;DJF;0,03293000;0,03311000;177,60000000;178,55000000
16/04/2025;398;A;GNF;0,00067590;0,00068290;8611,00000000;8700,00000000
16/04/2025;406;A;MGA;0,00128500;0,00130200;4515,70000000;4577,20000000
16/04/2025;420;A;RWF;0,00414500;0,00419600;1401,69000000;1418,69000000
16/04/2025;425;A;CHF;7,22210000;7,22370000;0,81410000;0,81420000
16/04/2025;440;A;HTG;0,04491000;0,04522000;130,05110000;130,93720000
16/04/2025;450;A;PYG;0,00073390;0,00073480;8003,14000000;8011,74000000
16/04/2025;460;A;UAH;0,14230000;0,14240000;41,29920000;41,31600000
16/04/2025;470;A;JPY;0,04124000;0,04125000;142,56000000;142,57000000
16/04/2025;482;A;GEL;2,11590000;2,16290000;2,71900000;2,77900000
16/04/2025;490;A;ALL;0,06684000;0,06747000;87,16000000;87,97000000
16/04/2025;495;A;HNL;0,22440000;0,22930000;25,64880000;26,20000000
16/04/2025;500;A;SLL;0,00025670;0,00025930;22683,00000000;22908,00000000
16/04/2025;503;A;MDL;0,34150000;0,34350000;17,12000000;17,22000000
16/04/2025;506;A;RON;1,34390000;1,34550000;4,37070000;4,37550000
16/04/2025;510;A;BGN;3,42190000;3,42290000;1,71810000;1,71840000
16/04/2025;530;B;GIP;7,79710000;7,80380000;1,32600000;1,32700000
16/04/2025;535;A;EGP;0,11490000;0,11520000;51,07000000;51,17000000
16/04/2025;540;B;GBP;7,78710000;7,79030000;1,32430000;1,32470000
16/04/2025;545;B;FKP;7,79710000;7,80380000;1,32600000;1,32700000
16/04/2025;560;A;LBP;0,00006560;0,00006570;89500,00000000;89700,00000000
16/04/2025;570;B;SHP;7,78600000;7,78850000;1,32410000;1,32440000
16/04/2025;575;A;SYP;0,00045200;0,00045240;13000,00000000;13010,00000000
16/04/2025;585;A;SZL;0,31270000;0,31280000;18,79890000;18,80180000
16/04/2025;603;A;LSL;0,31270000;0,31280000;18,79890000;18,80180000
16/04/2025;608;A;TMT;1,67790000;1,68290000;3,49450000;3,50450000
16/04/2025;622;A;MZN;0,09111000;0,09295000;63,27000000;64,54000000
16/04/2025;625;A;ERN;0,38810000;0,39210000;15,00000000;15,15000000
16/04/2025;630;A;NGN;0,00364600;0,00368100;1597,77000000;1612,73000000
16/04/2025;635;A;AOA;0,00632100;0,00644800;912,00000000;930,24000000
16/04/2025;640;A;TWD;0,18110000;0,18130000;32,43500000;32,46500000
16/04/2025;642;A;TRY;0,15420000;0,15420000;38,12610000;38,13210000
16/04/2025;660;A;PEN;1,57480000;1,57870000;3,72500000;3,73400000
16/04/2025;665;A;BTN;0,06865000;0,06874000;85,55100000;85,66000000
16/04/2025;670;A;MRO;0,01638000;0,01652000;356,00000000;359,00000000
16/04/2025;671;A;MRU;0,14880000;0,14930000;39,40000000;39,52000000
16/04/2025;680;B;TOP;2,38500000;2,53230000;0,40560000;0,43060000
16/04/2025;685;A;MOP;0,73450000;0,73570000;7,99400000;8,00600000
16/04/2025;706;A;ARS;0,00509100;0,00510900;1151,00000000;1155,00000000
16/04/2025;715;A;CLP;0,00606800;0,00607600;967,90000000;969,01000000
16/04/2025;720;A;COP;0,00137100;0,00137300;4284,28000000;4287,72000000
16/04/2025;721;B;COU;0,50800000;0,50810000;0,08640000;0,08640000
16/04/2025;725;A;CUP;0,24500000;0,24500000;24,00000000;24,00000000
16/04/2025;730;A;DOP;0,09773000;0,09836000;59,79000000;60,17000000
16/04/2025;735;A;PHP;0,10390000;0,10400000;56,57000000;56,59700000
16/04/2025;741;A;MXN;0,29440000;0,29460000;19,96390000;19,97440000
16/04/2025;745;A;UYU;0,14020000;0,14030000;41,92000000;41,95000000
16/04/2025;755;B;BWP;0,42460000;0,42690000;0,07220000;0,07260000
16/04/2025;760;A;MWK;0,00336000;0,00342500;1717,02000000;1750,32000000
16/04/2025;766;A;ZMW;0,20680000;0,20720000;28,38500000;28,43500000
16/04/2025;770;A;GTQ;0,76240000;0,76440000;7,69300000;7,71300000
16/04/2025;775;A;MMK;0,00279200;0,00280900;2093,70000000;2106,30000000
16/04/2025;778;B;PGK;1,40010000;1,44430000;0,23810000;0,24560000
16/04/2025;780;A;LAK;0,00027010;0,00027300;21542,00000000;21772,00000000
16/04/2025;785;A;ZAR;0,31270000;0,31280000;18,79800000;18,80340000
16/04/2025;795;A;CNY;0,80470000;0,80500000;7,30530000;7,30730000
16/04/2025;796;A;CNH;0,80520000;0,80530000;7,30220000;7,30290000
16/04/2025;800;A;QAR;1,61110000;1,61550000;3,64030000;3,64990000
16/04/2025;805;A;OMR;15,26930000;15,27880000;0,38490000;0,38510000
16/04/2025;810;A;YER;0,02395000;0,02401000;244,98000000;245,48000000
16/04/2025;815;A;IRR;0,00014000;0,00014000;42000,00000000;42005,00000000
16/04/2025;820;A;SAR;1,56700000;1,56730000;3,75230000;3,75250000
16/04/2025;825;A;KHR;0,00146500;0,00147200;3995,00000000;4015,00000000
16/04/2025;828;A;MYR;1,33250000;1,33410000;4,40800000;4,41300000
16/04/2025;830;A;RUB;0,07084000;0,07086000;82,99550000;83,00450000
16/04/2025;831;A;BYN;1,79320000;1,80060000;3,26610000;3,27910000
16/04/2025;835;A;TJS;0,54200000;0,54710000;10,75000000;10,85000000
16/04/2025;840;A;MUR;0,12990000;0,13070000;44,98000000;45,28000000
16/04/2025;845;A;NPR;0,04289000;0,04290000;137,08000000;137,10000000
16/04/2025;850;A;SCR;0,41060000;0,41070000;14,32070000;14,32110000
16/04/2025;855;A;LKR;0,01969000;0,01971000;298,40000000;298,60000000
16/04/2025;860;A;INR;0,06866000;0,06871000;85,58700000;85,64200000
16/04/2025;865;A;IDR;0,00034940;0,00034960;16820,00000000;16830,00000000
16/04/2025;870;A;MVR;0,37940000;0,38140000;15,42000000;15,50000000
16/04/2025;875;A;PKR;0,02096000;0,02097000;280,40000000;280,50000000
16/04/2025;880;A;ILS;1,59460000;1,59720000;3,68190000;3,68750000
16/04/2025;892;A;KGS;0,06720000;0,06725000;87,44920000;87,50350000
16/04/2025;893;A;UZS;0,00045230;0,00045270;12989,59000000;12999,59000000
16/04/2025;905;A;BDT;0,04820000;0,04860000;121,00000000;122,00000000
16/04/2025;912;B;WST;2,05510000;2,18470000;0,34950000;0,37150000
16/04/2025;913;A;KZT;0,01122000;0,01123000;523,70000000;524,10000000
16/04/2025;915;A;MNT;0,00165600;0,00165900;3544,00000000;3550,00000000
16/04/2025;920;A;VUV;0,04712000;0,04913000;119,70000000;124,80000000
16/04/2025;930;A;KRW;0,00415400;0,00415600;1415,07000000;1415,60000000
16/04/2025;946;A;TZS;0,00216600;0,00222800;2640,00000000;2715,00000000
16/04/2025;950;A;KES;0,04525000;0,04543000;129,45000000;129,95000000
16/04/2025;955;A;UGX;0,00160200;0,00160700;3660,00000000;3670,00000000
16/04/2025;960;A;SOS;0,01023000;0,01035000;568,00000000;575,00000000
16/04/2025;975;A;PLN;1,56290000;1,56380000;3,76060000;3,76230000
16/04/2025;978;B;EUR;6,69280000;6,69410000;1,13820000;1,13830000
16/04/2025;998;A;XAU;628,69670000;628,76080000;0,00935300;0,00935300

[2025-07-06T19:50:16.934+0000] {taskinstance.py:441} INFO - ::group::Post task execution logs
[2025-07-06T19:50:17.001+0000] {taskinstance.py:1206} INFO - Marking task as SUCCESS. dag_id=fin_cotacoes_bcb_classic, task_id=extract, run_id=scheduled__2025-04-16T00:00:00+00:00, execution_date=20250416T000000, start_date=20250706T195016, end_date=20250706T195017
[2025-07-06T19:50:17.069+0000] {local_task_job_runner.py:240} INFO - Task exited with return code 0
[2025-07-06T19:50:17.102+0000] {logging_mixin.py:188} WARNING - /home/***/.local/lib/python3.12/site-packages/***/models/baseoperator.py:1297 AirflowProviderDeprecationWarning: Call to deprecated class PostgresOperator. (Please use `***.providers.common.sql.operators.sql.SQLExecuteQueryOperator`.Also, you can provide `hook_params={'schema': <database>}`.)
[2025-07-06T19:50:17.136+0000] {taskinstance.py:3503} INFO - 1 downstream tasks scheduled from follow-on schedule check
[2025-07-06T19:50:17.148+0000] {local_task_job_runner.py:222} INFO - ::endgroup::
[2025-07-07T14:34:41.526+0000] {local_task_job_runner.py:120} INFO - ::group::Pre task execution logs
[2025-07-07T14:34:41.585+0000] {taskinstance.py:2076} INFO - Dependencies all met for dep_context=non-requeueable deps ti=<TaskInstance: fin_cotacoes_bcb_classic.extract scheduled__2025-04-16T00:00:00+00:00 [queued]>
[2025-07-07T14:34:41.595+0000] {taskinstance.py:2076} INFO - Dependencies all met for dep_context=requeueable deps ti=<TaskInstance: fin_cotacoes_bcb_classic.extract scheduled__2025-04-16T00:00:00+00:00 [queued]>
[2025-07-07T14:34:41.595+0000] {taskinstance.py:2306} INFO - Starting attempt 1 of 2
[2025-07-07T14:34:41.617+0000] {taskinstance.py:2330} INFO - Executing <Task(PythonOperator): extract> on 2025-04-16 00:00:00+00:00
[2025-07-07T14:34:41.635+0000] {logging_mixin.py:188} WARNING - /home/***/.local/lib/python3.12/site-packages/***/task/task_runner/standard_task_runner.py:61 DeprecationWarning: This process (pid=78858) is multi-threaded, use of fork() may lead to deadlocks in the child.
[2025-07-07T14:34:41.636+0000] {standard_task_runner.py:63} INFO - Started process 78987 to run task
[2025-07-07T14:34:41.637+0000] {standard_task_runner.py:90} INFO - Running: ['***', 'tasks', 'run', 'fin_cotacoes_bcb_classic', 'extract', 'scheduled__2025-04-16T00:00:00+00:00', '--job-id', '2489', '--raw', '--subdir', 'DAGS_FOLDER/cotacoes.py', '--cfg-path', '/tmp/tmpjy7g5p0i']
[2025-07-07T14:34:41.638+0000] {standard_task_runner.py:91} INFO - Job 2489: Subtask extract
[2025-07-07T14:34:41.754+0000] {task_command.py:426} INFO - Running <TaskInstance: fin_cotacoes_bcb_classic.extract scheduled__2025-04-16T00:00:00+00:00 [running]> on host bc96ca91d307
[2025-07-07T14:34:41.982+0000] {taskinstance.py:2648} INFO - Exporting env vars: AIRFLOW_CTX_DAG_OWNER='***' AIRFLOW_CTX_DAG_ID='fin_cotacoes_bcb_classic' AIRFLOW_CTX_TASK_ID='extract' AIRFLOW_CTX_EXECUTION_DATE='2025-04-16T00:00:00+00:00' AIRFLOW_CTX_TRY_NUMBER='1' AIRFLOW_CTX_DAG_RUN_ID='scheduled__2025-04-16T00:00:00+00:00'
[2025-07-07T14:34:41.984+0000] {taskinstance.py:430} INFO - ::endgroup::
[2025-07-07T14:34:41.985+0000] {cotacoes.py:35} INFO - Iniciando extração da URL: https://www4.bcb.gov.br/Download/fechamento/20250416.csv
[2025-07-07T14:34:42.311+0000] {cotacoes.py:41} INFO - Extração concluída com sucesso.
[2025-07-07T14:34:42.313+0000] {python.py:237} INFO - Done. Returned value was: 16/04/2025;005;A;AFN;0,08147000;0,08170000;71,98000000;72,18000000
16/04/2025;009;A;ETB;0,04338000;0,04505000;130,55330000;135,55330000
16/04/2025;015;A;THB;0,17770000;0,17800000;33,04000000;33,09000000
16/04/2025;020;A;PAB;5,88020000;5,88080000;1,00000000;1,00000000
16/04/2025;027;A;VES;0,07370000;0,07389000;79,58490000;79,78440000
16/04/2025;030;A;BOB;0,84000000;0,85850000;6,85000000;7,00000000
16/04/2025;035;A;GHS;0,37890000;0,38140000;15,42000000;15,52000000
16/04/2025;040;A;CRC;0,01164000;0,01178000;499,18000000;505,33000000
16/04/2025;045;A;SVC;0,67130000;0,67210000;8,74980000;8,75980000
16/04/2025;051;A;NIO;0,15890000;0,16070000;36,60000000;37,00000000
16/04/2025;055;A;DKK;0,89620000;0,89640000;6,56040000;6,56100000
16/04/2025;060;A;ISK;0,04608000;0,04618000;127,34000000;127,62000000
16/04/2025;065;A;NOK;0,55630000;0,55750000;10,54930000;10,56960000
16/04/2025;070;A;SEK;0,60220000;0,60330000;9,74800000;9,76380000
16/04/2025;075;A;CZK;0,26750000;0,26780000;21,96300000;21,98000000
16/04/2025;090;A;GMD;0,08055000;0,08128000;72,35000000;73,00000000
16/04/2025;095;A;DZD;0,04411000;0,04462000;131,78450000;133,30680000
16/04/2025;100;A;KWD;19,17250000;19,18070000;0,30660000;0,30670000
16/04/2025;105;A;BHD;15,59320000;15,60720000;0,37680000;0,37710000
16/04/2025;115;A;IQD;0,00448500;0,00449300;1309,00000000;1311,00000000
16/04/2025;125;A;JOD;8,28200000;8,30620000;0,70800000;0,71000000
16/04/2025;130;A;LYD;1,07220000;1,07770000;5,45660000;5,48430000
16/04/2025;132;A;MKD;0,10830000;0,10920000;53,83000000;54,32000000
16/04/2025;133;A;RSD;0,05709000;0,05714000;102,92000000;103,00000000
16/04/2025;134;A;SDG;0,00976500;0,00982000;598,85020000;602,19120000
16/04/2025;135;A;TND;1,96010000;1,97340000;2,98000000;3,00000000
16/04/2025;136;A;SSP;0,00130100;0,00133100;4420,00000000;4520,00000000
16/04/2025;138;B;SDR;7,96590000;7,96670000;1,35470000;1,35470000
16/04/2025;139;A;MAD;0,63360000;0,63470000;9,26560000;9,28060000
16/04/2025;145;A;AED;1,60080000;1,60110000;3,67290000;3,67320000
16/04/2025;149;A;STN;0,26770000;0,27320000;21,52710000;21,96830000
16/04/2025;150;B;AUD;3,75570000;3,75670000;0,63870000;0,63880000
16/04/2025;155;A;BSD;5,88020000;5,88080000;1,00000000;1,00000000
16/04/2025;160;A;BMD;5,88020000;5,88080000;1,00000000;1,00000000
16/04/2025;165;A;CAD;4,23550000;4,23630000;1,38820000;1,38830000
16/04/2025;170;A;GYD;0,02794000;0,02828000;207,98000000;210,45000000
16/04/2025;173;A;NAD;0,31270000;0,31280000;18,79890000;18,80180000
16/04/2025;175;A;BBD;2,88230000;2,94320000;1,99810000;2,04010000
16/04/2025;180;A;BZD;2,91500000;2,94010000;2,00020000;2,01720000
16/04/2025;185;A;BND;4,48390000;4,48710000;1,31060000;1,31140000
16/04/2025;190;A;KYD;7,04220000;7,10670000;0,82750000;0,83500000
16/04/2025;195;A;SGD;4,48390000;4,48710000;1,31060000;1,31140000
16/04/2025;197;B;CLF;236,56630000;236,59050000;40,23100000;40,23100000
16/04/2025;200;B;FJD;2,54670000;2,59460000;0,43310000;0,44120000
16/04/2025;205;A;HKD;0,75770000;0,75770000;7,76090000;7,76110000
16/04/2025;210;A;TTD;0,86140000;0,87200000;6,74410000;6,82600000
16/04/2025;215;A;XCD;2,16180000;2,18620000;2,69000000;2,72000000
16/04/2025;220;A;USD;5,88020000;5,88080000;1,00000000;1,00000000
16/04/2025;230;A;JMD;0,03700000;0,03741000;157,21000000;158,91000000
16/04/2025;235;A;LRD;0,02911000;0,02970000;198,00000000;202,00000000
16/04/2025;245;B;NZD;3,48580000;3,48850000;0,59280000;0,59320000
16/04/2025;250;B;SBD;0,69210000;0,73330000;0,11770000;0,12470000
16/04/2025;255;A;SRD;0,15890000;0,16250000;36,20000000;37,00000000
16/04/2025;260;A;VND;0,00022740;0,00022770;25830,00000000;25860,00000000
16/04/2025;275;A;AMD;0,01499000;0,01507000;390,27000000;392,27000000
16/04/2025;295;A;CVE;0,06014000;0,06070000;96,89000000;97,77000000
16/04/2025;325;A;ANG;3,23090000;3,29550000;1,78450000;1,82000000
16/04/2025;326;A;XCG;3,23090000;3,29550000;1,78450000;1,82000000
16/04/2025;328;A;AWG;3,19580000;3,30380000;1,78000000;1,84000000
16/04/2025;345;A;HUF;0,01642000;0,01643000;358,00000000;358,20000000
16/04/2025;363;A;CDF;0,00199300;0,00205600;2861,00000000;2950,00000000
16/04/2025;365;A;BIF;0,00195000;0,00200600;2931,05000000;3015,00000000
16/04/2025;368;A;KMF;0,01352000;0,01358000;432,91000000;434,91000000
16/04/2025;370;A;XAF;0,00986200;0,01021000;576,26000000;596,27000000
16/04/2025;372;A;XOF;0,01014000;0,01027000;572,75000000;579,75000000
16/04/2025;380;A;XPF;0,05576000;0,05625000;104,54000000;105,46000000
16/04/2025;390;A;DJF;0,03293000;0,03311000;177,60000000;178,55000000
16/04/2025;398;A;GNF;0,00067590;0,00068290;8611,00000000;8700,00000000
16/04/2025;406;A;MGA;0,00128500;0,00130200;4515,70000000;4577,20000000
16/04/2025;420;A;RWF;0,00414500;0,00419600;1401,69000000;1418,69000000
16/04/2025;425;A;CHF;7,22210000;7,22370000;0,81410000;0,81420000
16/04/2025;440;A;HTG;0,04491000;0,04522000;130,05110000;130,93720000
16/04/2025;450;A;PYG;0,00073390;0,00073480;8003,14000000;8011,74000000
16/04/2025;460;A;UAH;0,14230000;0,14240000;41,29920000;41,31600000
16/04/2025;470;A;JPY;0,04124000;0,04125000;142,56000000;142,57000000
16/04/2025;482;A;GEL;2,11590000;2,16290000;2,71900000;2,77900000
16/04/2025;490;A;ALL;0,06684000;0,06747000;87,16000000;87,97000000
16/04/2025;495;A;HNL;0,22440000;0,22930000;25,64880000;26,20000000
16/04/2025;500;A;SLL;0,00025670;0,00025930;22683,00000000;22908,00000000
16/04/2025;503;A;MDL;0,34150000;0,34350000;17,12000000;17,22000000
16/04/2025;506;A;RON;1,34390000;1,34550000;4,37070000;4,37550000
16/04/2025;510;A;BGN;3,42190000;3,42290000;1,71810000;1,71840000
16/04/2025;530;B;GIP;7,79710000;7,80380000;1,32600000;1,32700000
16/04/2025;535;A;EGP;0,11490000;0,11520000;51,07000000;51,17000000
16/04/2025;540;B;GBP;7,78710000;7,79030000;1,32430000;1,32470000
16/04/2025;545;B;FKP;7,79710000;7,80380000;1,32600000;1,32700000
16/04/2025;560;A;LBP;0,00006560;0,00006570;89500,00000000;89700,00000000
16/04/2025;570;B;SHP;7,78600000;7,78850000;1,32410000;1,32440000
16/04/2025;575;A;SYP;0,00045200;0,00045240;13000,00000000;13010,00000000
16/04/2025;585;A;SZL;0,31270000;0,31280000;18,79890000;18,80180000
16/04/2025;603;A;LSL;0,31270000;0,31280000;18,79890000;18,80180000
16/04/2025;608;A;TMT;1,67790000;1,68290000;3,49450000;3,50450000
16/04/2025;622;A;MZN;0,09111000;0,09295000;63,27000000;64,54000000
16/04/2025;625;A;ERN;0,38810000;0,39210000;15,00000000;15,15000000
16/04/2025;630;A;NGN;0,00364600;0,00368100;1597,77000000;1612,73000000
16/04/2025;635;A;AOA;0,00632100;0,00644800;912,00000000;930,24000000
16/04/2025;640;A;TWD;0,18110000;0,18130000;32,43500000;32,46500000
16/04/2025;642;A;TRY;0,15420000;0,15420000;38,12610000;38,13210000
16/04/2025;660;A;PEN;1,57480000;1,57870000;3,72500000;3,73400000
16/04/2025;665;A;BTN;0,06865000;0,06874000;85,55100000;85,66000000
16/04/2025;670;A;MRO;0,01638000;0,01652000;356,00000000;359,00000000
16/04/2025;671;A;MRU;0,14880000;0,14930000;39,40000000;39,52000000
16/04/2025;680;B;TOP;2,38500000;2,53230000;0,40560000;0,43060000
16/04/2025;685;A;MOP;0,73450000;0,73570000;7,99400000;8,00600000
16/04/2025;706;A;ARS;0,00509100;0,00510900;1151,00000000;1155,00000000
16/04/2025;715;A;CLP;0,00606800;0,00607600;967,90000000;969,01000000
16/04/2025;720;A;COP;0,00137100;0,00137300;4284,28000000;4287,72000000
16/04/2025;721;B;COU;0,50800000;0,50810000;0,08640000;0,08640000
16/04/2025;725;A;CUP;0,24500000;0,24500000;24,00000000;24,00000000
16/04/2025;730;A;DOP;0,09773000;0,09836000;59,79000000;60,17000000
16/04/2025;735;A;PHP;0,10390000;0,10400000;56,57000000;56,59700000
16/04/2025;741;A;MXN;0,29440000;0,29460000;19,96390000;19,97440000
16/04/2025;745;A;UYU;0,14020000;0,14030000;41,92000000;41,95000000
16/04/2025;755;B;BWP;0,42460000;0,42690000;0,07220000;0,07260000
16/04/2025;760;A;MWK;0,00336000;0,00342500;1717,02000000;1750,32000000
16/04/2025;766;A;ZMW;0,20680000;0,20720000;28,38500000;28,43500000
16/04/2025;770;A;GTQ;0,76240000;0,76440000;7,69300000;7,71300000
16/04/2025;775;A;MMK;0,00279200;0,00280900;2093,70000000;2106,30000000
16/04/2025;778;B;PGK;1,40010000;1,44430000;0,23810000;0,24560000
16/04/2025;780;A;LAK;0,00027010;0,00027300;21542,00000000;21772,00000000
16/04/2025;785;A;ZAR;0,31270000;0,31280000;18,79800000;18,80340000
16/04/2025;795;A;CNY;0,80470000;0,80500000;7,30530000;7,30730000
16/04/2025;796;A;CNH;0,80520000;0,80530000;7,30220000;7,30290000
16/04/2025;800;A;QAR;1,61110000;1,61550000;3,64030000;3,64990000
16/04/2025;805;A;OMR;15,26930000;15,27880000;0,38490000;0,38510000
16/04/2025;810;A;YER;0,02395000;0,02401000;244,98000000;245,48000000
16/04/2025;815;A;IRR;0,00014000;0,00014000;42000,00000000;42005,00000000
16/04/2025;820;A;SAR;1,56700000;1,56730000;3,75230000;3,75250000
16/04/2025;825;A;KHR;0,00146500;0,00147200;3995,00000000;4015,00000000
16/04/2025;828;A;MYR;1,33250000;1,33410000;4,40800000;4,41300000
16/04/2025;830;A;RUB;0,07084000;0,07086000;82,99550000;83,00450000
16/04/2025;831;A;BYN;1,79320000;1,80060000;3,26610000;3,27910000
16/04/2025;835;A;TJS;0,54200000;0,54710000;10,75000000;10,85000000
16/04/2025;840;A;MUR;0,12990000;0,13070000;44,98000000;45,28000000
16/04/2025;845;A;NPR;0,04289000;0,04290000;137,08000000;137,10000000
16/04/2025;850;A;SCR;0,41060000;0,41070000;14,32070000;14,32110000
16/04/2025;855;A;LKR;0,01969000;0,01971000;298,40000000;298,60000000
16/04/2025;860;A;INR;0,06866000;0,06871000;85,58700000;85,64200000
16/04/2025;865;A;IDR;0,00034940;0,00034960;16820,00000000;16830,00000000
16/04/2025;870;A;MVR;0,37940000;0,38140000;15,42000000;15,50000000
16/04/2025;875;A;PKR;0,02096000;0,02097000;280,40000000;280,50000000
16/04/2025;880;A;ILS;1,59460000;1,59720000;3,68190000;3,68750000
16/04/2025;892;A;KGS;0,06720000;0,06725000;87,44920000;87,50350000
16/04/2025;893;A;UZS;0,00045230;0,00045270;12989,59000000;12999,59000000
16/04/2025;905;A;BDT;0,04820000;0,04860000;121,00000000;122,00000000
16/04/2025;912;B;WST;2,05510000;2,18470000;0,34950000;0,37150000
16/04/2025;913;A;KZT;0,01122000;0,01123000;523,70000000;524,10000000
16/04/2025;915;A;MNT;0,00165600;0,00165900;3544,00000000;3550,00000000
16/04/2025;920;A;VUV;0,04712000;0,04913000;119,70000000;124,80000000
16/04/2025;930;A;KRW;0,00415400;0,00415600;1415,07000000;1415,60000000
16/04/2025;946;A;TZS;0,00216600;0,00222800;2640,00000000;2715,00000000
16/04/2025;950;A;KES;0,04525000;0,04543000;129,45000000;129,95000000
16/04/2025;955;A;UGX;0,00160200;0,00160700;3660,00000000;3670,00000000
16/04/2025;960;A;SOS;0,01023000;0,01035000;568,00000000;575,00000000
16/04/2025;975;A;PLN;1,56290000;1,56380000;3,76060000;3,76230000
16/04/2025;978;B;EUR;6,69280000;6,69410000;1,13820000;1,13830000
16/04/2025;998;A;XAU;628,69670000;628,76080000;0,00935300;0,00935300

[2025-07-07T14:34:42.325+0000] {taskinstance.py:441} INFO - ::group::Post task execution logs
[2025-07-07T14:34:42.383+0000] {taskinstance.py:1206} INFO - Marking task as SUCCESS. dag_id=fin_cotacoes_bcb_classic, task_id=extract, run_id=scheduled__2025-04-16T00:00:00+00:00, execution_date=20250416T000000, start_date=20250707T143441, end_date=20250707T143442
[2025-07-07T14:34:42.482+0000] {local_task_job_runner.py:240} INFO - Task exited with return code 0
[2025-07-07T14:34:42.502+0000] {local_task_job_runner.py:222} INFO - ::endgroup::
[2025-07-07T15:12:06.803+0000] {local_task_job_runner.py:120} INFO - ::group::Pre task execution logs
[2025-07-07T15:12:06.930+0000] {taskinstance.py:2076} INFO - Dependencies all met for dep_context=non-requeueable deps ti=<TaskInstance: fin_cotacoes_bcb_classic.extract scheduled__2025-04-16T00:00:00+00:00 [queued]>
[2025-07-07T15:12:06.947+0000] {taskinstance.py:2076} INFO - Dependencies all met for dep_context=requeueable deps ti=<TaskInstance: fin_cotacoes_bcb_classic.extract scheduled__2025-04-16T00:00:00+00:00 [queued]>
[2025-07-07T15:12:06.948+0000] {taskinstance.py:2306} INFO - Starting attempt 1 of 2
[2025-07-07T15:12:06.976+0000] {taskinstance.py:2330} INFO - Executing <Task(PythonOperator): extract> on 2025-04-16 00:00:00+00:00
[2025-07-07T15:12:07.006+0000] {logging_mixin.py:188} WARNING - /home/***/.local/lib/python3.12/site-packages/***/task/task_runner/standard_task_runner.py:61 DeprecationWarning: This process (pid=103555) is multi-threaded, use of fork() may lead to deadlocks in the child.
[2025-07-07T15:12:07.007+0000] {standard_task_runner.py:63} INFO - Started process 103682 to run task
[2025-07-07T15:12:07.001+0000] {standard_task_runner.py:90} INFO - Running: ['***', 'tasks', 'run', 'fin_cotacoes_bcb_classic', 'extract', 'scheduled__2025-04-16T00:00:00+00:00', '--job-id', '4180', '--raw', '--subdir', 'DAGS_FOLDER/cotacoes.py', '--cfg-path', '/tmp/tmp88bl1_go']
[2025-07-07T15:12:07.010+0000] {standard_task_runner.py:91} INFO - Job 4180: Subtask extract
[2025-07-07T15:12:07.193+0000] {task_command.py:426} INFO - Running <TaskInstance: fin_cotacoes_bcb_classic.extract scheduled__2025-04-16T00:00:00+00:00 [running]> on host bc96ca91d307
[2025-07-07T15:12:07.517+0000] {taskinstance.py:2648} INFO - Exporting env vars: AIRFLOW_CTX_DAG_OWNER='***' AIRFLOW_CTX_DAG_ID='fin_cotacoes_bcb_classic' AIRFLOW_CTX_TASK_ID='extract' AIRFLOW_CTX_EXECUTION_DATE='2025-04-16T00:00:00+00:00' AIRFLOW_CTX_TRY_NUMBER='1' AIRFLOW_CTX_DAG_RUN_ID='scheduled__2025-04-16T00:00:00+00:00'
[2025-07-07T15:12:07.518+0000] {taskinstance.py:430} INFO - ::endgroup::
[2025-07-07T15:12:07.519+0000] {cotacoes.py:35} INFO - Iniciando extração da URL: https://www4.bcb.gov.br/Download/fechamento/20250416.csv
[2025-07-07T15:12:07.896+0000] {cotacoes.py:41} INFO - Extração concluída com sucesso.
[2025-07-07T15:12:07.898+0000] {python.py:237} INFO - Done. Returned value was: 16/04/2025;005;A;AFN;0,08147000;0,08170000;71,98000000;72,18000000
16/04/2025;009;A;ETB;0,04338000;0,04505000;130,55330000;135,55330000
16/04/2025;015;A;THB;0,17770000;0,17800000;33,04000000;33,09000000
16/04/2025;020;A;PAB;5,88020000;5,88080000;1,00000000;1,00000000
16/04/2025;027;A;VES;0,07370000;0,07389000;79,58490000;79,78440000
16/04/2025;030;A;BOB;0,84000000;0,85850000;6,85000000;7,00000000
16/04/2025;035;A;GHS;0,37890000;0,38140000;15,42000000;15,52000000
16/04/2025;040;A;CRC;0,01164000;0,01178000;499,18000000;505,33000000
16/04/2025;045;A;SVC;0,67130000;0,67210000;8,74980000;8,75980000
16/04/2025;051;A;NIO;0,15890000;0,16070000;36,60000000;37,00000000
16/04/2025;055;A;DKK;0,89620000;0,89640000;6,56040000;6,56100000
16/04/2025;060;A;ISK;0,04608000;0,04618000;127,34000000;127,62000000
16/04/2025;065;A;NOK;0,55630000;0,55750000;10,54930000;10,56960000
16/04/2025;070;A;SEK;0,60220000;0,60330000;9,74800000;9,76380000
16/04/2025;075;A;CZK;0,26750000;0,26780000;21,96300000;21,98000000
16/04/2025;090;A;GMD;0,08055000;0,08128000;72,35000000;73,00000000
16/04/2025;095;A;DZD;0,04411000;0,04462000;131,78450000;133,30680000
16/04/2025;100;A;KWD;19,17250000;19,18070000;0,30660000;0,30670000
16/04/2025;105;A;BHD;15,59320000;15,60720000;0,37680000;0,37710000
16/04/2025;115;A;IQD;0,00448500;0,00449300;1309,00000000;1311,00000000
16/04/2025;125;A;JOD;8,28200000;8,30620000;0,70800000;0,71000000
16/04/2025;130;A;LYD;1,07220000;1,07770000;5,45660000;5,48430000
16/04/2025;132;A;MKD;0,10830000;0,10920000;53,83000000;54,32000000
16/04/2025;133;A;RSD;0,05709000;0,05714000;102,92000000;103,00000000
16/04/2025;134;A;SDG;0,00976500;0,00982000;598,85020000;602,19120000
16/04/2025;135;A;TND;1,96010000;1,97340000;2,98000000;3,00000000
16/04/2025;136;A;SSP;0,00130100;0,00133100;4420,00000000;4520,00000000
16/04/2025;138;B;SDR;7,96590000;7,96670000;1,35470000;1,35470000
16/04/2025;139;A;MAD;0,63360000;0,63470000;9,26560000;9,28060000
16/04/2025;145;A;AED;1,60080000;1,60110000;3,67290000;3,67320000
16/04/2025;149;A;STN;0,26770000;0,27320000;21,52710000;21,96830000
16/04/2025;150;B;AUD;3,75570000;3,75670000;0,63870000;0,63880000
16/04/2025;155;A;BSD;5,88020000;5,88080000;1,00000000;1,00000000
16/04/2025;160;A;BMD;5,88020000;5,88080000;1,00000000;1,00000000
16/04/2025;165;A;CAD;4,23550000;4,23630000;1,38820000;1,38830000
16/04/2025;170;A;GYD;0,02794000;0,02828000;207,98000000;210,45000000
16/04/2025;173;A;NAD;0,31270000;0,31280000;18,79890000;18,80180000
16/04/2025;175;A;BBD;2,88230000;2,94320000;1,99810000;2,04010000
16/04/2025;180;A;BZD;2,91500000;2,94010000;2,00020000;2,01720000
16/04/2025;185;A;BND;4,48390000;4,48710000;1,31060000;1,31140000
16/04/2025;190;A;KYD;7,04220000;7,10670000;0,82750000;0,83500000
16/04/2025;195;A;SGD;4,48390000;4,48710000;1,31060000;1,31140000
16/04/2025;197;B;CLF;236,56630000;236,59050000;40,23100000;40,23100000
16/04/2025;200;B;FJD;2,54670000;2,59460000;0,43310000;0,44120000
16/04/2025;205;A;HKD;0,75770000;0,75770000;7,76090000;7,76110000
16/04/2025;210;A;TTD;0,86140000;0,87200000;6,74410000;6,82600000
16/04/2025;215;A;XCD;2,16180000;2,18620000;2,69000000;2,72000000
16/04/2025;220;A;USD;5,88020000;5,88080000;1,00000000;1,00000000
16/04/2025;230;A;JMD;0,03700000;0,03741000;157,21000000;158,91000000
16/04/2025;235;A;LRD;0,02911000;0,02970000;198,00000000;202,00000000
16/04/2025;245;B;NZD;3,48580000;3,48850000;0,59280000;0,59320000
16/04/2025;250;B;SBD;0,69210000;0,73330000;0,11770000;0,12470000
16/04/2025;255;A;SRD;0,15890000;0,16250000;36,20000000;37,00000000
16/04/2025;260;A;VND;0,00022740;0,00022770;25830,00000000;25860,00000000
16/04/2025;275;A;AMD;0,01499000;0,01507000;390,27000000;392,27000000
16/04/2025;295;A;CVE;0,06014000;0,06070000;96,89000000;97,77000000
16/04/2025;325;A;ANG;3,23090000;3,29550000;1,78450000;1,82000000
16/04/2025;326;A;XCG;3,23090000;3,29550000;1,78450000;1,82000000
16/04/2025;328;A;AWG;3,19580000;3,30380000;1,78000000;1,84000000
16/04/2025;345;A;HUF;0,01642000;0,01643000;358,00000000;358,20000000
16/04/2025;363;A;CDF;0,00199300;0,00205600;2861,00000000;2950,00000000
16/04/2025;365;A;BIF;0,00195000;0,00200600;2931,05000000;3015,00000000
16/04/2025;368;A;KMF;0,01352000;0,01358000;432,91000000;434,91000000
16/04/2025;370;A;XAF;0,00986200;0,01021000;576,26000000;596,27000000
16/04/2025;372;A;XOF;0,01014000;0,01027000;572,75000000;579,75000000
16/04/2025;380;A;XPF;0,05576000;0,05625000;104,54000000;105,46000000
16/04/2025;390;A;DJF;0,03293000;0,03311000;177,60000000;178,55000000
16/04/2025;398;A;GNF;0,00067590;0,00068290;8611,00000000;8700,00000000
16/04/2025;406;A;MGA;0,00128500;0,00130200;4515,70000000;4577,20000000
16/04/2025;420;A;RWF;0,00414500;0,00419600;1401,69000000;1418,69000000
16/04/2025;425;A;CHF;7,22210000;7,22370000;0,81410000;0,81420000
16/04/2025;440;A;HTG;0,04491000;0,04522000;130,05110000;130,93720000
16/04/2025;450;A;PYG;0,00073390;0,00073480;8003,14000000;8011,74000000
16/04/2025;460;A;UAH;0,14230000;0,14240000;41,29920000;41,31600000
16/04/2025;470;A;JPY;0,04124000;0,04125000;142,56000000;142,57000000
16/04/2025;482;A;GEL;2,11590000;2,16290000;2,71900000;2,77900000
16/04/2025;490;A;ALL;0,06684000;0,06747000;87,16000000;87,97000000
16/04/2025;495;A;HNL;0,22440000;0,22930000;25,64880000;26,20000000
16/04/2025;500;A;SLL;0,00025670;0,00025930;22683,00000000;22908,00000000
16/04/2025;503;A;MDL;0,34150000;0,34350000;17,12000000;17,22000000
16/04/2025;506;A;RON;1,34390000;1,34550000;4,37070000;4,37550000
16/04/2025;510;A;BGN;3,42190000;3,42290000;1,71810000;1,71840000
16/04/2025;530;B;GIP;7,79710000;7,80380000;1,32600000;1,32700000
16/04/2025;535;A;EGP;0,11490000;0,11520000;51,07000000;51,17000000
16/04/2025;540;B;GBP;7,78710000;7,79030000;1,32430000;1,32470000
16/04/2025;545;B;FKP;7,79710000;7,80380000;1,32600000;1,32700000
16/04/2025;560;A;LBP;0,00006560;0,00006570;89500,00000000;89700,00000000
16/04/2025;570;B;SHP;7,78600000;7,78850000;1,32410000;1,32440000
16/04/2025;575;A;SYP;0,00045200;0,00045240;13000,00000000;13010,00000000
16/04/2025;585;A;SZL;0,31270000;0,31280000;18,79890000;18,80180000
16/04/2025;603;A;LSL;0,31270000;0,31280000;18,79890000;18,80180000
16/04/2025;608;A;TMT;1,67790000;1,68290000;3,49450000;3,50450000
16/04/2025;622;A;MZN;0,09111000;0,09295000;63,27000000;64,54000000
16/04/2025;625;A;ERN;0,38810000;0,39210000;15,00000000;15,15000000
16/04/2025;630;A;NGN;0,00364600;0,00368100;1597,77000000;1612,73000000
16/04/2025;635;A;AOA;0,00632100;0,00644800;912,00000000;930,24000000
16/04/2025;640;A;TWD;0,18110000;0,18130000;32,43500000;32,46500000
16/04/2025;642;A;TRY;0,15420000;0,15420000;38,12610000;38,13210000
16/04/2025;660;A;PEN;1,57480000;1,57870000;3,72500000;3,73400000
16/04/2025;665;A;BTN;0,06865000;0,06874000;85,55100000;85,66000000
16/04/2025;670;A;MRO;0,01638000;0,01652000;356,00000000;359,00000000
16/04/2025;671;A;MRU;0,14880000;0,14930000;39,40000000;39,52000000
16/04/2025;680;B;TOP;2,38500000;2,53230000;0,40560000;0,43060000
16/04/2025;685;A;MOP;0,73450000;0,73570000;7,99400000;8,00600000
16/04/2025;706;A;ARS;0,00509100;0,00510900;1151,00000000;1155,00000000
16/04/2025;715;A;CLP;0,00606800;0,00607600;967,90000000;969,01000000
16/04/2025;720;A;COP;0,00137100;0,00137300;4284,28000000;4287,72000000
16/04/2025;721;B;COU;0,50800000;0,50810000;0,08640000;0,08640000
16/04/2025;725;A;CUP;0,24500000;0,24500000;24,00000000;24,00000000
16/04/2025;730;A;DOP;0,09773000;0,09836000;59,79000000;60,17000000
16/04/2025;735;A;PHP;0,10390000;0,10400000;56,57000000;56,59700000
16/04/2025;741;A;MXN;0,29440000;0,29460000;19,96390000;19,97440000
16/04/2025;745;A;UYU;0,14020000;0,14030000;41,92000000;41,95000000
16/04/2025;755;B;BWP;0,42460000;0,42690000;0,07220000;0,07260000
16/04/2025;760;A;MWK;0,00336000;0,00342500;1717,02000000;1750,32000000
16/04/2025;766;A;ZMW;0,20680000;0,20720000;28,38500000;28,43500000
16/04/2025;770;A;GTQ;0,76240000;0,76440000;7,69300000;7,71300000
16/04/2025;775;A;MMK;0,00279200;0,00280900;2093,70000000;2106,30000000
16/04/2025;778;B;PGK;1,40010000;1,44430000;0,23810000;0,24560000
16/04/2025;780;A;LAK;0,00027010;0,00027300;21542,00000000;21772,00000000
16/04/2025;785;A;ZAR;0,31270000;0,31280000;18,79800000;18,80340000
16/04/2025;795;A;CNY;0,80470000;0,80500000;7,30530000;7,30730000
16/04/2025;796;A;CNH;0,80520000;0,80530000;7,30220000;7,30290000
16/04/2025;800;A;QAR;1,61110000;1,61550000;3,64030000;3,64990000
16/04/2025;805;A;OMR;15,26930000;15,27880000;0,38490000;0,38510000
16/04/2025;810;A;YER;0,02395000;0,02401000;244,98000000;245,48000000
16/04/2025;815;A;IRR;0,00014000;0,00014000;42000,00000000;42005,00000000
16/04/2025;820;A;SAR;1,56700000;1,56730000;3,75230000;3,75250000
16/04/2025;825;A;KHR;0,00146500;0,00147200;3995,00000000;4015,00000000
16/04/2025;828;A;MYR;1,33250000;1,33410000;4,40800000;4,41300000
16/04/2025;830;A;RUB;0,07084000;0,07086000;82,99550000;83,00450000
16/04/2025;831;A;BYN;1,79320000;1,80060000;3,26610000;3,27910000
16/04/2025;835;A;TJS;0,54200000;0,54710000;10,75000000;10,85000000
16/04/2025;840;A;MUR;0,12990000;0,13070000;44,98000000;45,28000000
16/04/2025;845;A;NPR;0,04289000;0,04290000;137,08000000;137,10000000
16/04/2025;850;A;SCR;0,41060000;0,41070000;14,32070000;14,32110000
16/04/2025;855;A;LKR;0,01969000;0,01971000;298,40000000;298,60000000
16/04/2025;860;A;INR;0,06866000;0,06871000;85,58700000;85,64200000
16/04/2025;865;A;IDR;0,00034940;0,00034960;16820,00000000;16830,00000000
16/04/2025;870;A;MVR;0,37940000;0,38140000;15,42000000;15,50000000
16/04/2025;875;A;PKR;0,02096000;0,02097000;280,40000000;280,50000000
16/04/2025;880;A;ILS;1,59460000;1,59720000;3,68190000;3,68750000
16/04/2025;892;A;KGS;0,06720000;0,06725000;87,44920000;87,50350000
16/04/2025;893;A;UZS;0,00045230;0,00045270;12989,59000000;12999,59000000
16/04/2025;905;A;BDT;0,04820000;0,04860000;121,00000000;122,00000000
16/04/2025;912;B;WST;2,05510000;2,18470000;0,34950000;0,37150000
16/04/2025;913;A;KZT;0,01122000;0,01123000;523,70000000;524,10000000
16/04/2025;915;A;MNT;0,00165600;0,00165900;3544,00000000;3550,00000000
16/04/2025;920;A;VUV;0,04712000;0,04913000;119,70000000;124,80000000
16/04/2025;930;A;KRW;0,00415400;0,00415600;1415,07000000;1415,60000000
16/04/2025;946;A;TZS;0,00216600;0,00222800;2640,00000000;2715,00000000
16/04/2025;950;A;KES;0,04525000;0,04543000;129,45000000;129,95000000
16/04/2025;955;A;UGX;0,00160200;0,00160700;3660,00000000;3670,00000000
16/04/2025;960;A;SOS;0,01023000;0,01035000;568,00000000;575,00000000
16/04/2025;975;A;PLN;1,56290000;1,56380000;3,76060000;3,76230000
16/04/2025;978;B;EUR;6,69280000;6,69410000;1,13820000;1,13830000
16/04/2025;998;A;XAU;628,69670000;628,76080000;0,00935300;0,00935300

[2025-07-07T15:12:07.901+0000] {taskinstance.py:441} INFO - ::group::Post task execution logs
[2025-07-07T15:12:07.946+0000] {taskinstance.py:1206} INFO - Marking task as SUCCESS. dag_id=fin_cotacoes_bcb_classic, task_id=extract, run_id=scheduled__2025-04-16T00:00:00+00:00, execution_date=20250416T000000, start_date=20250707T151206, end_date=20250707T151207
[2025-07-07T15:12:08.002+0000] {local_task_job_runner.py:240} INFO - Task exited with return code 0
[2025-07-07T15:12:08.054+0000] {taskinstance.py:3503} INFO - 1 downstream tasks scheduled from follow-on schedule check
[2025-07-07T15:12:08.061+0000] {local_task_job_runner.py:222} INFO - ::endgroup::
