[2025-07-06T19:39:23.708+0000] {local_task_job_runner.py:120} INFO - ::group::Pre task execution logs
[2025-07-06T19:39:23.738+0000] {taskinstance.py:2076} INFO - Dependencies all met for dep_context=non-requeueable deps ti=<TaskInstance: fin_cotacoes_bcb_classic.extract scheduled__2025-03-05T00:00:00+00:00 [queued]>
[2025-07-06T19:39:23.745+0000] {taskinstance.py:2076} INFO - Dependencies all met for dep_context=requeueable deps ti=<TaskInstance: fin_cotacoes_bcb_classic.extract scheduled__2025-03-05T00:00:00+00:00 [queued]>
[2025-07-06T19:39:23.746+0000] {taskinstance.py:2306} INFO - Starting attempt 1 of 2
[2025-07-06T19:39:23.758+0000] {taskinstance.py:2330} INFO - Executing <Task(PythonOperator): extract> on 2025-03-05 00:00:00+00:00
[2025-07-06T19:39:23.765+0000] {logging_mixin.py:188} WARNING - /home/***/.local/lib/python3.12/site-packages/***/task/task_runner/standard_task_runner.py:61 DeprecationWarning: This process (pid=5197) is multi-threaded, use of fork() may lead to deadlocks in the child.
[2025-07-06T19:39:23.765+0000] {standard_task_runner.py:90} INFO - Running: ['***', 'tasks', 'run', 'fin_cotacoes_bcb_classic', 'extract', 'scheduled__2025-03-05T00:00:00+00:00', '--job-id', '1119', '--raw', '--subdir', 'DAGS_FOLDER/cotacoes.py', '--cfg-path', '/tmp/tmph9nv43ew']
[2025-07-06T19:39:23.766+0000] {standard_task_runner.py:63} INFO - Started process 5199 to run task
[2025-07-06T19:39:23.766+0000] {standard_task_runner.py:91} INFO - Job 1119: Subtask extract
[2025-07-06T19:39:23.810+0000] {task_command.py:426} INFO - Running <TaskInstance: fin_cotacoes_bcb_classic.extract scheduled__2025-03-05T00:00:00+00:00 [running]> on host 20adb53d65c4
[2025-07-06T19:39:23.868+0000] {taskinstance.py:2648} INFO - Exporting env vars: AIRFLOW_CTX_DAG_OWNER='***' AIRFLOW_CTX_DAG_ID='fin_cotacoes_bcb_classic' AIRFLOW_CTX_TASK_ID='extract' AIRFLOW_CTX_EXECUTION_DATE='2025-03-05T00:00:00+00:00' AIRFLOW_CTX_TRY_NUMBER='1' AIRFLOW_CTX_DAG_RUN_ID='scheduled__2025-03-05T00:00:00+00:00'
[2025-07-06T19:39:23.869+0000] {taskinstance.py:430} INFO - ::endgroup::
[2025-07-06T19:39:23.869+0000] {cotacoes.py:37} INFO - Iniciando extração da URL: https://www4.bcb.gov.br/Download/fechamento/20250305.csv
[2025-07-06T19:39:24.064+0000] {cotacoes.py:43} INFO - Extração concluída com sucesso.
[2025-07-06T19:39:24.065+0000] {python.py:237} INFO - Done. Returned value was: 05/03/2025;005;A;AFN;0,07930000;0,07953000;72,82000000;73,02000000
05/03/2025;009;A;ETB;0,04472000;0,04542000;127,50000000;129,50000000
05/03/2025;015;A;THB;0,17200000;0,17250000;33,58000000;33,67000000
05/03/2025;020;A;PAB;5,79080000;5,79140000;1,00000000;1,00000000
05/03/2025;027;A;VES;0,08980000;0,09004000;64,32320000;64,48440000
05/03/2025;030;A;BOB;0,82960000;0,84300000;6,87000000;6,98000000
05/03/2025;035;A;GHS;0,37240000;0,37480000;15,45000000;15,55000000
05/03/2025;040;A;CRC;0,01144000;0,01154000;502,00000000;506,00000000
05/03/2025;045;A;SVC;0,66110000;0,66190000;8,74980000;8,75980000
05/03/2025;051;A;NIO;0,15650000;0,15820000;36,60000000;37,00000000
05/03/2025;055;A;DKK;0,83630000;0,83670000;6,92210000;6,92450000
05/03/2025;060;A;ISK;0,04242000;0,04252000;136,22000000;136,52000000
05/03/2025;065;A;NOK;0,52920000;0,52960000;10,93540000;10,94160000
05/03/2025;070;A;SEK;0,56530000;0,56620000;10,22770000;10,24350000
05/03/2025;075;A;CZK;0,24960000;0,24970000;23,19000000;23,20100000
05/03/2025;090;A;GMD;0,07933000;0,08027000;72,15000000;73,00000000
05/03/2025;095;A;DZD;0,04318000;0,04336000;133,55960000;134,11000000
05/03/2025;100;A;KWD;18,74050000;18,77280000;0,30850000;0,30900000
05/03/2025;105;A;BHD;15,35610000;15,36590000;0,37690000;0,37710000
05/03/2025;115;A;IQD;0,00441700;0,00442400;1309,00000000;1311,00000000
05/03/2025;125;A;JOD;8,15610000;8,16840000;0,70900000;0,71000000
05/03/2025;130;A;LYD;1,18180000;1,18920000;4,87000000;4,90000000
05/03/2025;132;A;MKD;0,10030000;0,10110000;57,28000000;57,73000000
05/03/2025;133;A;RSD;0,05326000;0,05331000;108,64000000;108,73000000
05/03/2025;134;A;SDG;0,00961700;0,00967200;598,80020000;602,14120000
05/03/2025;135;A;TND;1,86260000;1,86880000;3,09900000;3,10900000
05/03/2025;136;A;SSP;0,00128800;0,00132100;4384,54360000;4494,54360000
05/03/2025;138;B;SDR;7,65780000;7,65850000;1,32240000;1,32240000
05/03/2025;139;A;MAD;0,59210000;0,59330000;9,76090000;9,78090000
05/03/2025;145;A;AED;1,57650000;1,57700000;3,67250000;3,67310000
05/03/2025;149;A;STN;0,24950000;0,25470000;22,73990000;23,20610000
05/03/2025;150;B;AUD;3,65920000;3,66070000;0,63190000;0,63210000
05/03/2025;155;A;BSD;5,79080000;5,79140000;1,00000000;1,00000000
05/03/2025;160;A;BMD;5,79080000;5,79140000;1,00000000;1,00000000
05/03/2025;165;A;CAD;4,03290000;4,03440000;1,43550000;1,43590000
05/03/2025;170;A;GYD;0,02752000;0,02785000;207,98000000;210,45000000
05/03/2025;173;A;NAD;0,31570000;0,31580000;18,33730000;18,34030000
05/03/2025;175;A;BBD;2,83850000;2,89850000;1,99810000;2,04010000
05/03/2025;180;A;BZD;2,87070000;2,89540000;2,00020000;2,01720000
05/03/2025;185;A;BND;4,34780000;4,35150000;1,33090000;1,33190000
05/03/2025;190;A;KYD;6,93510000;6,99870000;0,82750000;0,83500000
05/03/2025;195;A;SGD;4,34780000;4,35150000;1,33090000;1,33190000
05/03/2025;197;B;CLF;240,53830000;240,56320000;41,53800000;41,53800000
05/03/2025;200;B;FJD;2,46630000;2,54530000;0,42590000;0,43950000
05/03/2025;205;A;HKD;0,74510000;0,74520000;7,77180000;7,77200000
05/03/2025;210;A;TTD;0,84830000;0,85780000;6,75110000;6,82600000
05/03/2025;215;A;XCD;2,12900000;2,15290000;2,69000000;2,72000000
05/03/2025;220;A;USD;5,79080000;5,79140000;1,00000000;1,00000000
05/03/2025;230;A;JMD;0,03642000;0,03712000;156,00000000;159,00000000
05/03/2025;235;A;LRD;0,02867000;0,02925000;198,00000000;202,00000000
05/03/2025;245;B;NZD;3,30600000;3,30690000;0,57090000;0,57100000
05/03/2025;250;B;SBD;0,63990000;0,70830000;0,11050000;0,12230000
05/03/2025;255;A;SRD;0,16070000;0,16430000;35,25000000;36,03500000
05/03/2025;260;A;VND;0,00022690;0,00022720;25490,00000000;25520,00000000
05/03/2025;275;A;AMD;0,01462000;0,01477000;392,00000000;396,00000000
05/03/2025;295;A;CVE;0,05607000;0,05659000;102,34000000;103,28000000
05/03/2025;325;A;ANG;3,18180000;3,24540000;1,78450000;1,82000000
05/03/2025;328;A;AWG;3,14720000;3,25360000;1,78000000;1,84000000
05/03/2025;345;A;HUF;0,01566000;0,01567000;369,69000000;369,87000000
05/03/2025;363;A;CDF;0,00201800;0,00202600;2859,00000000;2870,00000000
05/03/2025;365;A;BIF;0,00193000;0,00198100;2924,20000000;3000,00000000
05/03/2025;368;A;KMF;0,01237000;0,01240000;467,20000000;468,00000000
05/03/2025;370;A;XAF;0,00895600;0,00951100;608,89000000;646,57000000
05/03/2025;372;A;XOF;0,00923600;0,00931100;622,00000000;627,00000000
05/03/2025;380;A;XPF;0,05198000;0,05244000;110,43000000;111,40000000
05/03/2025;390;A;DJF;0,03243000;0,03261000;177,60000000;178,55000000
05/03/2025;398;A;GNF;0,00066680;0,00067280;8608,00000000;8685,00000000
05/03/2025;406;A;MGA;0,00125200;0,00126300;4585,96000000;4624,95000000
05/03/2025;420;A;RWF;0,00409200;0,00416700;1390,00000000;1415,00000000
05/03/2025;425;A;CHF;6,49630000;6,49990000;0,89100000;0,89140000
05/03/2025;440;A;HTG;0,04387000;0,04434000;130,60000000;132,00000000
05/03/2025;450;A;PYG;0,00073120;0,00073150;7917,64000000;7919,95000000
05/03/2025;460;A;UAH;0,13950000;0,14020000;41,30000000;41,50000000
05/03/2025;470;A;JPY;0,03887000;0,03888000;148,94000000;148,99000000
05/03/2025;482;A;GEL;2,05930000;2,10440000;2,75200000;2,81200000
05/03/2025;490;A;ALL;0,06270000;0,06322000;91,61000000;92,36000000
05/03/2025;495;A;HNL;0,22620000;0,22680000;25,53720000;25,60000000
05/03/2025;500;A;SLL;0,00025280;0,00025530;22683,00000000;22908,00000000
05/03/2025;503;A;MDL;0,31640000;0,31820000;18,20000000;18,30000000
05/03/2025;506;A;RON;1,25320000;1,25390000;4,61860000;4,62070000
05/03/2025;510;A;BGN;3,18890000;3,19020000;1,81540000;1,81590000
05/03/2025;530;B;GIP;7,45740000;7,46110000;1,28780000;1,28830000
05/03/2025;535;A;EGP;0,11420000;0,11440000;50,62000000;50,72000000
05/03/2025;540;B;GBP;7,45570000;7,45870000;1,28750000;1,28790000
05/03/2025;545;B;FKP;7,45740000;7,46110000;1,28780000;1,28830000
05/03/2025;560;A;LBP;0,00006460;0,00006470;89500,00000000;89600,00000000
05/03/2025;570;B;SHP;7,45330000;7,45580000;1,28710000;1,28740000
05/03/2025;575;A;SYP;0,00044510;0,00044550;13000,00000000;13010,00000000
05/03/2025;585;A;SZL;0,31570000;0,31580000;18,33730000;18,34030000
05/03/2025;603;A;LSL;0,31570000;0,31580000;18,33730000;18,34030000
05/03/2025;608;A;TMT;1,65230000;1,65720000;3,49470000;3,50470000
05/03/2025;622;A;MZN;0,08972000;0,09153000;63,27000000;64,54000000
05/03/2025;625;A;ERN;0,38220000;0,38610000;15,00000000;15,15000000
05/03/2025;630;A;NGN;0,00384000;0,00386600;1498,00000000;1508,00000000
05/03/2025;635;A;AOA;0,00622500;0,00635000;912,00000000;930,24000000
05/03/2025;640;A;TWD;0,17610000;0,17630000;32,84800000;32,87800000
05/03/2025;642;A;TRY;0,15890000;0,15900000;36,42520000;36,43520000
05/03/2025;660;A;PEN;1,58600000;1,58630000;3,65100000;3,65110000
05/03/2025;665;A;BTN;0,06649000;0,06658000;86,98600000;87,09500000
05/03/2025;670;A;MRO;0,01613000;0,01627000;356,00000000;359,00000000
05/03/2025;671;A;MRU;0,14530000;0,14580000;39,73000000;39,85000000
05/03/2025;680;B;TOP;2,32440000;2,46950000;0,40140000;0,42640000
05/03/2025;685;A;MOP;0,72270000;0,72350000;8,00500000;8,01300000
05/03/2025;706;A;ARS;0,00544400;0,00544600;1063,50000000;1063,75000000
05/03/2025;715;A;CLP;0,00621200;0,00623000;929,64000000;932,25000000
05/03/2025;720;A;COP;0,00140600;0,00140800;4114,50000000;4119,50000000
05/03/2025;721;B;COU;0,52290000;0,52300000;0,09030000;0,09030000
05/03/2025;725;A;CUP;0,24130000;0,24130000;24,00000000;24,00000000
05/03/2025;730;A;DOP;0,09155000;0,09229000;62,75000000;63,25000000
05/03/2025;735;A;PHP;0,10110000;0,10110000;57,25700000;57,27900000
05/03/2025;741;A;MXN;0,28410000;0,28410000;20,38190000;20,38620000
05/03/2025;745;A;UYU;0,13590000;0,13600000;42,59000000;42,62000000
05/03/2025;755;B;BWP;0,41870000;0,42160000;0,07230000;0,07280000
05/03/2025;760;A;MWK;0,00330800;0,00337300;1717,02000000;1750,32000000
05/03/2025;766;A;ZMW;0,20160000;0,20200000;28,67500000;28,72500000
05/03/2025;770;A;GTQ;0,74960000;0,75160000;7,70500000;7,72500000
05/03/2025;775;A;MMK;0,00274900;0,00276600;2093,70000000;2106,30000000
05/03/2025;778;B;PGK;1,39670000;1,44030000;0,24120000;0,24870000
05/03/2025;780;A;LAK;0,00026540;0,00026870;21550,00000000;21820,00000000
05/03/2025;785;A;ZAR;0,31570000;0,31580000;18,33700000;18,34360000
05/03/2025;795;A;CNY;0,79840000;0,79870000;7,25060000;7,25260000
05/03/2025;796;A;CNH;0,79980000;0,79990000;7,24010000;7,24050000
05/03/2025;800;A;QAR;1,58850000;1,58930000;3,64400000;3,64550000
05/03/2025;805;A;OMR;15,03710000;15,04650000;0,38490000;0,38510000
05/03/2025;810;A;YER;0,02343000;0,02349000;246,60000000;247,20000000
05/03/2025;815;A;IRR;0,00013750;0,00013790;42000,00000000;42105,00000000
05/03/2025;820;A;SAR;1,54390000;1,54410000;3,75060000;3,75080000
05/03/2025;825;A;KHR;0,00144100;0,00144800;4000,00000000;4020,00000000
05/03/2025;828;A;MYR;1,30660000;1,30820000;4,42700000;4,43200000
05/03/2025;830;A;RUB;0,06405000;0,06407000;90,39550000;90,40450000
05/03/2025;831;A;BYN;1,76550000;1,77650000;3,26000000;3,28000000
05/03/2025;835;A;TJS;0,52880000;0,53380000;10,85000000;10,95000000
05/03/2025;840;A;MUR;0,12550000;0,12630000;45,85000000;46,15000000
05/03/2025;845;A;NPR;0,04162000;0,04163000;139,13000000;139,14000000
05/03/2025;850;A;SCR;0,40280000;0,40280000;14,37650000;14,37690000
05/03/2025;855;A;LKR;0,01961000;0,01962000;295,20000000;295,35000000
05/03/2025;860;A;INR;0,06662000;0,06667000;86,86700000;86,92200000
05/03/2025;865;A;IDR;0,00035490;0,00035510;16310,00000000;16315,00000000
05/03/2025;870;A;MVR;0,37360000;0,37560000;15,42000000;15,50000000
05/03/2025;875;A;PKR;0,02069000;0,02072000;279,50000000;279,90000000
05/03/2025;880;A;ILS;1,60150000;1,60360000;3,61140000;3,61590000
05/03/2025;892;A;KGS;0,06618000;0,06623000;87,44660000;87,50090000
05/03/2025;893;A;UZS;0,00044820;0,00044960;12880,00000000;12920,00000000
05/03/2025;905;A;BDT;0,04747000;0,04786000;121,00000000;122,00000000
05/03/2025;912;B;WST;1,98510000;2,08370000;0,34280000;0,35980000
05/03/2025;913;A;KZT;0,01165000;0,01166000;496,64000000;497,19000000
05/03/2025;915;A;MNT;0,00166600;0,00167100;3465,00000000;3475,00000000
05/03/2025;920;A;VUV;0,04560000;0,04747000;122,00000000;127,00000000
05/03/2025;930;A;KRW;0,00400500;0,00400700;1445,21000000;1445,80000000
05/03/2025;946;A;TZS;0,00219400;0,00223600;2590,00000000;2640,00000000
05/03/2025;950;A;KES;0,04475000;0,04489000;129,00000000;129,40000000
05/03/2025;955;A;UGX;0,00157600;0,00158000;3665,00000000;3675,00000000
05/03/2025;960;A;SOS;0,01007000;0,01020000;568,00000000;575,00000000
05/03/2025;975;A;PLN;1,50090000;1,50170000;3,85660000;3,85830000
05/03/2025;978;B;EUR;6,23780000;6,23970000;1,07720000;1,07740000
05/03/2025;998;A;XAU;543,22700000;543,28330000;0,01066000;0,01066000

[2025-07-06T19:39:24.065+0000] {taskinstance.py:441} INFO - ::group::Post task execution logs
[2025-07-06T19:39:24.085+0000] {taskinstance.py:1206} INFO - Marking task as SUCCESS. dag_id=fin_cotacoes_bcb_classic, task_id=extract, run_id=scheduled__2025-03-05T00:00:00+00:00, execution_date=20250305T000000, start_date=20250706T193923, end_date=20250706T193924
[2025-07-06T19:39:24.099+0000] {local_task_job_runner.py:240} INFO - Task exited with return code 0
[2025-07-06T19:39:24.108+0000] {logging_mixin.py:188} WARNING - /home/***/.local/lib/python3.12/site-packages/***/models/baseoperator.py:1297 AirflowProviderDeprecationWarning: Call to deprecated class PostgresOperator. (Please use `***.providers.common.sql.operators.sql.SQLExecuteQueryOperator`.Also, you can provide `hook_params={'schema': <database>}`.)
[2025-07-06T19:39:24.120+0000] {taskinstance.py:3503} INFO - 1 downstream tasks scheduled from follow-on schedule check
[2025-07-06T19:39:24.122+0000] {local_task_job_runner.py:222} INFO - ::endgroup::
[2025-07-07T14:25:49.042+0000] {local_task_job_runner.py:120} INFO - ::group::Pre task execution logs
[2025-07-07T14:25:49.075+0000] {taskinstance.py:2076} INFO - Dependencies all met for dep_context=non-requeueable deps ti=<TaskInstance: fin_cotacoes_bcb_classic.extract scheduled__2025-03-05T00:00:00+00:00 [queued]>
[2025-07-07T14:25:49.083+0000] {taskinstance.py:2076} INFO - Dependencies all met for dep_context=requeueable deps ti=<TaskInstance: fin_cotacoes_bcb_classic.extract scheduled__2025-03-05T00:00:00+00:00 [queued]>
[2025-07-07T14:25:49.084+0000] {taskinstance.py:2306} INFO - Starting attempt 1 of 2
[2025-07-07T14:25:49.097+0000] {taskinstance.py:2330} INFO - Executing <Task(PythonOperator): extract> on 2025-03-05 00:00:00+00:00
[2025-07-07T14:25:49.107+0000] {logging_mixin.py:188} WARNING - /home/***/.local/lib/python3.12/site-packages/***/task/task_runner/standard_task_runner.py:61 DeprecationWarning: This process (pid=73071) is multi-threaded, use of fork() may lead to deadlocks in the child.
[2025-07-07T14:25:49.107+0000] {standard_task_runner.py:90} INFO - Running: ['***', 'tasks', 'run', 'fin_cotacoes_bcb_classic', 'extract', 'scheduled__2025-03-05T00:00:00+00:00', '--job-id', '2101', '--raw', '--subdir', 'DAGS_FOLDER/cotacoes.py', '--cfg-path', '/tmp/tmp1xc_ey64']
[2025-07-07T14:25:49.108+0000] {standard_task_runner.py:91} INFO - Job 2101: Subtask extract
[2025-07-07T14:25:49.108+0000] {standard_task_runner.py:63} INFO - Started process 73100 to run task
[2025-07-07T14:25:49.150+0000] {task_command.py:426} INFO - Running <TaskInstance: fin_cotacoes_bcb_classic.extract scheduled__2025-03-05T00:00:00+00:00 [running]> on host bc96ca91d307
[2025-07-07T14:25:49.227+0000] {taskinstance.py:2648} INFO - Exporting env vars: AIRFLOW_CTX_DAG_OWNER='***' AIRFLOW_CTX_DAG_ID='fin_cotacoes_bcb_classic' AIRFLOW_CTX_TASK_ID='extract' AIRFLOW_CTX_EXECUTION_DATE='2025-03-05T00:00:00+00:00' AIRFLOW_CTX_TRY_NUMBER='1' AIRFLOW_CTX_DAG_RUN_ID='scheduled__2025-03-05T00:00:00+00:00'
[2025-07-07T14:25:49.229+0000] {taskinstance.py:430} INFO - ::endgroup::
[2025-07-07T14:25:49.229+0000] {cotacoes.py:35} INFO - Iniciando extração da URL: https://www4.bcb.gov.br/Download/fechamento/20250305.csv
[2025-07-07T14:25:49.441+0000] {cotacoes.py:41} INFO - Extração concluída com sucesso.
[2025-07-07T14:25:49.442+0000] {python.py:237} INFO - Done. Returned value was: 05/03/2025;005;A;AFN;0,07930000;0,07953000;72,82000000;73,02000000
05/03/2025;009;A;ETB;0,04472000;0,04542000;127,50000000;129,50000000
05/03/2025;015;A;THB;0,17200000;0,17250000;33,58000000;33,67000000
05/03/2025;020;A;PAB;5,79080000;5,79140000;1,00000000;1,00000000
05/03/2025;027;A;VES;0,08980000;0,09004000;64,32320000;64,48440000
05/03/2025;030;A;BOB;0,82960000;0,84300000;6,87000000;6,98000000
05/03/2025;035;A;GHS;0,37240000;0,37480000;15,45000000;15,55000000
05/03/2025;040;A;CRC;0,01144000;0,01154000;502,00000000;506,00000000
05/03/2025;045;A;SVC;0,66110000;0,66190000;8,74980000;8,75980000
05/03/2025;051;A;NIO;0,15650000;0,15820000;36,60000000;37,00000000
05/03/2025;055;A;DKK;0,83630000;0,83670000;6,92210000;6,92450000
05/03/2025;060;A;ISK;0,04242000;0,04252000;136,22000000;136,52000000
05/03/2025;065;A;NOK;0,52920000;0,52960000;10,93540000;10,94160000
05/03/2025;070;A;SEK;0,56530000;0,56620000;10,22770000;10,24350000
05/03/2025;075;A;CZK;0,24960000;0,24970000;23,19000000;23,20100000
05/03/2025;090;A;GMD;0,07933000;0,08027000;72,15000000;73,00000000
05/03/2025;095;A;DZD;0,04318000;0,04336000;133,55960000;134,11000000
05/03/2025;100;A;KWD;18,74050000;18,77280000;0,30850000;0,30900000
05/03/2025;105;A;BHD;15,35610000;15,36590000;0,37690000;0,37710000
05/03/2025;115;A;IQD;0,00441700;0,00442400;1309,00000000;1311,00000000
05/03/2025;125;A;JOD;8,15610000;8,16840000;0,70900000;0,71000000
05/03/2025;130;A;LYD;1,18180000;1,18920000;4,87000000;4,90000000
05/03/2025;132;A;MKD;0,10030000;0,10110000;57,28000000;57,73000000
05/03/2025;133;A;RSD;0,05326000;0,05331000;108,64000000;108,73000000
05/03/2025;134;A;SDG;0,00961700;0,00967200;598,80020000;602,14120000
05/03/2025;135;A;TND;1,86260000;1,86880000;3,09900000;3,10900000
05/03/2025;136;A;SSP;0,00128800;0,00132100;4384,54360000;4494,54360000
05/03/2025;138;B;SDR;7,65780000;7,65850000;1,32240000;1,32240000
05/03/2025;139;A;MAD;0,59210000;0,59330000;9,76090000;9,78090000
05/03/2025;145;A;AED;1,57650000;1,57700000;3,67250000;3,67310000
05/03/2025;149;A;STN;0,24950000;0,25470000;22,73990000;23,20610000
05/03/2025;150;B;AUD;3,65920000;3,66070000;0,63190000;0,63210000
05/03/2025;155;A;BSD;5,79080000;5,79140000;1,00000000;1,00000000
05/03/2025;160;A;BMD;5,79080000;5,79140000;1,00000000;1,00000000
05/03/2025;165;A;CAD;4,03290000;4,03440000;1,43550000;1,43590000
05/03/2025;170;A;GYD;0,02752000;0,02785000;207,98000000;210,45000000
05/03/2025;173;A;NAD;0,31570000;0,31580000;18,33730000;18,34030000
05/03/2025;175;A;BBD;2,83850000;2,89850000;1,99810000;2,04010000
05/03/2025;180;A;BZD;2,87070000;2,89540000;2,00020000;2,01720000
05/03/2025;185;A;BND;4,34780000;4,35150000;1,33090000;1,33190000
05/03/2025;190;A;KYD;6,93510000;6,99870000;0,82750000;0,83500000
05/03/2025;195;A;SGD;4,34780000;4,35150000;1,33090000;1,33190000
05/03/2025;197;B;CLF;240,53830000;240,56320000;41,53800000;41,53800000
05/03/2025;200;B;FJD;2,46630000;2,54530000;0,42590000;0,43950000
05/03/2025;205;A;HKD;0,74510000;0,74520000;7,77180000;7,77200000
05/03/2025;210;A;TTD;0,84830000;0,85780000;6,75110000;6,82600000
05/03/2025;215;A;XCD;2,12900000;2,15290000;2,69000000;2,72000000
05/03/2025;220;A;USD;5,79080000;5,79140000;1,00000000;1,00000000
05/03/2025;230;A;JMD;0,03642000;0,03712000;156,00000000;159,00000000
05/03/2025;235;A;LRD;0,02867000;0,02925000;198,00000000;202,00000000
05/03/2025;245;B;NZD;3,30600000;3,30690000;0,57090000;0,57100000
05/03/2025;250;B;SBD;0,63990000;0,70830000;0,11050000;0,12230000
05/03/2025;255;A;SRD;0,16070000;0,16430000;35,25000000;36,03500000
05/03/2025;260;A;VND;0,00022690;0,00022720;25490,00000000;25520,00000000
05/03/2025;275;A;AMD;0,01462000;0,01477000;392,00000000;396,00000000
05/03/2025;295;A;CVE;0,05607000;0,05659000;102,34000000;103,28000000
05/03/2025;325;A;ANG;3,18180000;3,24540000;1,78450000;1,82000000
05/03/2025;328;A;AWG;3,14720000;3,25360000;1,78000000;1,84000000
05/03/2025;345;A;HUF;0,01566000;0,01567000;369,69000000;369,87000000
05/03/2025;363;A;CDF;0,00201800;0,00202600;2859,00000000;2870,00000000
05/03/2025;365;A;BIF;0,00193000;0,00198100;2924,20000000;3000,00000000
05/03/2025;368;A;KMF;0,01237000;0,01240000;467,20000000;468,00000000
05/03/2025;370;A;XAF;0,00895600;0,00951100;608,89000000;646,57000000
05/03/2025;372;A;XOF;0,00923600;0,00931100;622,00000000;627,00000000
05/03/2025;380;A;XPF;0,05198000;0,05244000;110,43000000;111,40000000
05/03/2025;390;A;DJF;0,03243000;0,03261000;177,60000000;178,55000000
05/03/2025;398;A;GNF;0,00066680;0,00067280;8608,00000000;8685,00000000
05/03/2025;406;A;MGA;0,00125200;0,00126300;4585,96000000;4624,95000000
05/03/2025;420;A;RWF;0,00409200;0,00416700;1390,00000000;1415,00000000
05/03/2025;425;A;CHF;6,49630000;6,49990000;0,89100000;0,89140000
05/03/2025;440;A;HTG;0,04387000;0,04434000;130,60000000;132,00000000
05/03/2025;450;A;PYG;0,00073120;0,00073150;7917,64000000;7919,95000000
05/03/2025;460;A;UAH;0,13950000;0,14020000;41,30000000;41,50000000
05/03/2025;470;A;JPY;0,03887000;0,03888000;148,94000000;148,99000000
05/03/2025;482;A;GEL;2,05930000;2,10440000;2,75200000;2,81200000
05/03/2025;490;A;ALL;0,06270000;0,06322000;91,61000000;92,36000000
05/03/2025;495;A;HNL;0,22620000;0,22680000;25,53720000;25,60000000
05/03/2025;500;A;SLL;0,00025280;0,00025530;22683,00000000;22908,00000000
05/03/2025;503;A;MDL;0,31640000;0,31820000;18,20000000;18,30000000
05/03/2025;506;A;RON;1,25320000;1,25390000;4,61860000;4,62070000
05/03/2025;510;A;BGN;3,18890000;3,19020000;1,81540000;1,81590000
05/03/2025;530;B;GIP;7,45740000;7,46110000;1,28780000;1,28830000
05/03/2025;535;A;EGP;0,11420000;0,11440000;50,62000000;50,72000000
05/03/2025;540;B;GBP;7,45570000;7,45870000;1,28750000;1,28790000
05/03/2025;545;B;FKP;7,45740000;7,46110000;1,28780000;1,28830000
05/03/2025;560;A;LBP;0,00006460;0,00006470;89500,00000000;89600,00000000
05/03/2025;570;B;SHP;7,45330000;7,45580000;1,28710000;1,28740000
05/03/2025;575;A;SYP;0,00044510;0,00044550;13000,00000000;13010,00000000
05/03/2025;585;A;SZL;0,31570000;0,31580000;18,33730000;18,34030000
05/03/2025;603;A;LSL;0,31570000;0,31580000;18,33730000;18,34030000
05/03/2025;608;A;TMT;1,65230000;1,65720000;3,49470000;3,50470000
05/03/2025;622;A;MZN;0,08972000;0,09153000;63,27000000;64,54000000
05/03/2025;625;A;ERN;0,38220000;0,38610000;15,00000000;15,15000000
05/03/2025;630;A;NGN;0,00384000;0,00386600;1498,00000000;1508,00000000
05/03/2025;635;A;AOA;0,00622500;0,00635000;912,00000000;930,24000000
05/03/2025;640;A;TWD;0,17610000;0,17630000;32,84800000;32,87800000
05/03/2025;642;A;TRY;0,15890000;0,15900000;36,42520000;36,43520000
05/03/2025;660;A;PEN;1,58600000;1,58630000;3,65100000;3,65110000
05/03/2025;665;A;BTN;0,06649000;0,06658000;86,98600000;87,09500000
05/03/2025;670;A;MRO;0,01613000;0,01627000;356,00000000;359,00000000
05/03/2025;671;A;MRU;0,14530000;0,14580000;39,73000000;39,85000000
05/03/2025;680;B;TOP;2,32440000;2,46950000;0,40140000;0,42640000
05/03/2025;685;A;MOP;0,72270000;0,72350000;8,00500000;8,01300000
05/03/2025;706;A;ARS;0,00544400;0,00544600;1063,50000000;1063,75000000
05/03/2025;715;A;CLP;0,00621200;0,00623000;929,64000000;932,25000000
05/03/2025;720;A;COP;0,00140600;0,00140800;4114,50000000;4119,50000000
05/03/2025;721;B;COU;0,52290000;0,52300000;0,09030000;0,09030000
05/03/2025;725;A;CUP;0,24130000;0,24130000;24,00000000;24,00000000
05/03/2025;730;A;DOP;0,09155000;0,09229000;62,75000000;63,25000000
05/03/2025;735;A;PHP;0,10110000;0,10110000;57,25700000;57,27900000
05/03/2025;741;A;MXN;0,28410000;0,28410000;20,38190000;20,38620000
05/03/2025;745;A;UYU;0,13590000;0,13600000;42,59000000;42,62000000
05/03/2025;755;B;BWP;0,41870000;0,42160000;0,07230000;0,07280000
05/03/2025;760;A;MWK;0,00330800;0,00337300;1717,02000000;1750,32000000
05/03/2025;766;A;ZMW;0,20160000;0,20200000;28,67500000;28,72500000
05/03/2025;770;A;GTQ;0,74960000;0,75160000;7,70500000;7,72500000
05/03/2025;775;A;MMK;0,00274900;0,00276600;2093,70000000;2106,30000000
05/03/2025;778;B;PGK;1,39670000;1,44030000;0,24120000;0,24870000
05/03/2025;780;A;LAK;0,00026540;0,00026870;21550,00000000;21820,00000000
05/03/2025;785;A;ZAR;0,31570000;0,31580000;18,33700000;18,34360000
05/03/2025;795;A;CNY;0,79840000;0,79870000;7,25060000;7,25260000
05/03/2025;796;A;CNH;0,79980000;0,79990000;7,24010000;7,24050000
05/03/2025;800;A;QAR;1,58850000;1,58930000;3,64400000;3,64550000
05/03/2025;805;A;OMR;15,03710000;15,04650000;0,38490000;0,38510000
05/03/2025;810;A;YER;0,02343000;0,02349000;246,60000000;247,20000000
05/03/2025;815;A;IRR;0,00013750;0,00013790;42000,00000000;42105,00000000
05/03/2025;820;A;SAR;1,54390000;1,54410000;3,75060000;3,75080000
05/03/2025;825;A;KHR;0,00144100;0,00144800;4000,00000000;4020,00000000
05/03/2025;828;A;MYR;1,30660000;1,30820000;4,42700000;4,43200000
05/03/2025;830;A;RUB;0,06405000;0,06407000;90,39550000;90,40450000
05/03/2025;831;A;BYN;1,76550000;1,77650000;3,26000000;3,28000000
05/03/2025;835;A;TJS;0,52880000;0,53380000;10,85000000;10,95000000
05/03/2025;840;A;MUR;0,12550000;0,12630000;45,85000000;46,15000000
05/03/2025;845;A;NPR;0,04162000;0,04163000;139,13000000;139,14000000
05/03/2025;850;A;SCR;0,40280000;0,40280000;14,37650000;14,37690000
05/03/2025;855;A;LKR;0,01961000;0,01962000;295,20000000;295,35000000
05/03/2025;860;A;INR;0,06662000;0,06667000;86,86700000;86,92200000
05/03/2025;865;A;IDR;0,00035490;0,00035510;16310,00000000;16315,00000000
05/03/2025;870;A;MVR;0,37360000;0,37560000;15,42000000;15,50000000
05/03/2025;875;A;PKR;0,02069000;0,02072000;279,50000000;279,90000000
05/03/2025;880;A;ILS;1,60150000;1,60360000;3,61140000;3,61590000
05/03/2025;892;A;KGS;0,06618000;0,06623000;87,44660000;87,50090000
05/03/2025;893;A;UZS;0,00044820;0,00044960;12880,00000000;12920,00000000
05/03/2025;905;A;BDT;0,04747000;0,04786000;121,00000000;122,00000000
05/03/2025;912;B;WST;1,98510000;2,08370000;0,34280000;0,35980000
05/03/2025;913;A;KZT;0,01165000;0,01166000;496,64000000;497,19000000
05/03/2025;915;A;MNT;0,00166600;0,00167100;3465,00000000;3475,00000000
05/03/2025;920;A;VUV;0,04560000;0,04747000;122,00000000;127,00000000
05/03/2025;930;A;KRW;0,00400500;0,00400700;1445,21000000;1445,80000000
05/03/2025;946;A;TZS;0,00219400;0,00223600;2590,00000000;2640,00000000
05/03/2025;950;A;KES;0,04475000;0,04489000;129,00000000;129,40000000
05/03/2025;955;A;UGX;0,00157600;0,00158000;3665,00000000;3675,00000000
05/03/2025;960;A;SOS;0,01007000;0,01020000;568,00000000;575,00000000
05/03/2025;975;A;PLN;1,50090000;1,50170000;3,85660000;3,85830000
05/03/2025;978;B;EUR;6,23780000;6,23970000;1,07720000;1,07740000
05/03/2025;998;A;XAU;543,22700000;543,28330000;0,01066000;0,01066000

[2025-07-07T14:25:49.443+0000] {taskinstance.py:441} INFO - ::group::Post task execution logs
[2025-07-07T14:25:49.460+0000] {taskinstance.py:1206} INFO - Marking task as SUCCESS. dag_id=fin_cotacoes_bcb_classic, task_id=extract, run_id=scheduled__2025-03-05T00:00:00+00:00, execution_date=20250305T000000, start_date=20250707T142549, end_date=20250707T142549
[2025-07-07T14:25:49.482+0000] {local_task_job_runner.py:240} INFO - Task exited with return code 0
[2025-07-07T14:25:49.508+0000] {taskinstance.py:3503} INFO - 1 downstream tasks scheduled from follow-on schedule check
[2025-07-07T14:25:49.509+0000] {local_task_job_runner.py:222} INFO - ::endgroup::
[2025-07-07T14:33:54.559+0000] {local_task_job_runner.py:120} INFO - ::group::Pre task execution logs
[2025-07-07T14:33:54.742+0000] {taskinstance.py:2076} INFO - Dependencies all met for dep_context=non-requeueable deps ti=<TaskInstance: fin_cotacoes_bcb_classic.extract scheduled__2025-03-05T00:00:00+00:00 [queued]>
[2025-07-07T14:33:54.827+0000] {taskinstance.py:2076} INFO - Dependencies all met for dep_context=requeueable deps ti=<TaskInstance: fin_cotacoes_bcb_classic.extract scheduled__2025-03-05T00:00:00+00:00 [queued]>
[2025-07-07T14:33:54.827+0000] {taskinstance.py:2306} INFO - Starting attempt 1 of 2
[2025-07-07T14:33:55.621+0000] {taskinstance.py:2330} INFO - Executing <Task(PythonOperator): extract> on 2025-03-05 00:00:00+00:00
[2025-07-07T14:33:55.682+0000] {logging_mixin.py:188} WARNING - /home/***/.local/lib/python3.12/site-packages/***/task/task_runner/standard_task_runner.py:61 DeprecationWarning: This process (pid=78099) is multi-threaded, use of fork() may lead to deadlocks in the child.
[2025-07-07T14:33:55.689+0000] {standard_task_runner.py:63} INFO - Started process 78191 to run task
[2025-07-07T14:33:55.690+0000] {standard_task_runner.py:90} INFO - Running: ['***', 'tasks', 'run', 'fin_cotacoes_bcb_classic', 'extract', 'scheduled__2025-03-05T00:00:00+00:00', '--job-id', '2371', '--raw', '--subdir', 'DAGS_FOLDER/cotacoes.py', '--cfg-path', '/tmp/tmp2k0phv7p']
[2025-07-07T14:33:55.691+0000] {standard_task_runner.py:91} INFO - Job 2371: Subtask extract
[2025-07-07T14:33:55.845+0000] {task_command.py:426} INFO - Running <TaskInstance: fin_cotacoes_bcb_classic.extract scheduled__2025-03-05T00:00:00+00:00 [running]> on host bc96ca91d307
[2025-07-07T14:33:56.264+0000] {taskinstance.py:2648} INFO - Exporting env vars: AIRFLOW_CTX_DAG_OWNER='***' AIRFLOW_CTX_DAG_ID='fin_cotacoes_bcb_classic' AIRFLOW_CTX_TASK_ID='extract' AIRFLOW_CTX_EXECUTION_DATE='2025-03-05T00:00:00+00:00' AIRFLOW_CTX_TRY_NUMBER='1' AIRFLOW_CTX_DAG_RUN_ID='scheduled__2025-03-05T00:00:00+00:00'
[2025-07-07T14:33:56.268+0000] {taskinstance.py:430} INFO - ::endgroup::
[2025-07-07T14:33:56.270+0000] {cotacoes.py:35} INFO - Iniciando extração da URL: https://www4.bcb.gov.br/Download/fechamento/20250305.csv
[2025-07-07T14:33:56.705+0000] {cotacoes.py:41} INFO - Extração concluída com sucesso.
[2025-07-07T14:33:56.724+0000] {python.py:237} INFO - Done. Returned value was: 05/03/2025;005;A;AFN;0,07930000;0,07953000;72,82000000;73,02000000
05/03/2025;009;A;ETB;0,04472000;0,04542000;127,50000000;129,50000000
05/03/2025;015;A;THB;0,17200000;0,17250000;33,58000000;33,67000000
05/03/2025;020;A;PAB;5,79080000;5,79140000;1,00000000;1,00000000
05/03/2025;027;A;VES;0,08980000;0,09004000;64,32320000;64,48440000
05/03/2025;030;A;BOB;0,82960000;0,84300000;6,87000000;6,98000000
05/03/2025;035;A;GHS;0,37240000;0,37480000;15,45000000;15,55000000
05/03/2025;040;A;CRC;0,01144000;0,01154000;502,00000000;506,00000000
05/03/2025;045;A;SVC;0,66110000;0,66190000;8,74980000;8,75980000
05/03/2025;051;A;NIO;0,15650000;0,15820000;36,60000000;37,00000000
05/03/2025;055;A;DKK;0,83630000;0,83670000;6,92210000;6,92450000
05/03/2025;060;A;ISK;0,04242000;0,04252000;136,22000000;136,52000000
05/03/2025;065;A;NOK;0,52920000;0,52960000;10,93540000;10,94160000
05/03/2025;070;A;SEK;0,56530000;0,56620000;10,22770000;10,24350000
05/03/2025;075;A;CZK;0,24960000;0,24970000;23,19000000;23,20100000
05/03/2025;090;A;GMD;0,07933000;0,08027000;72,15000000;73,00000000
05/03/2025;095;A;DZD;0,04318000;0,04336000;133,55960000;134,11000000
05/03/2025;100;A;KWD;18,74050000;18,77280000;0,30850000;0,30900000
05/03/2025;105;A;BHD;15,35610000;15,36590000;0,37690000;0,37710000
05/03/2025;115;A;IQD;0,00441700;0,00442400;1309,00000000;1311,00000000
05/03/2025;125;A;JOD;8,15610000;8,16840000;0,70900000;0,71000000
05/03/2025;130;A;LYD;1,18180000;1,18920000;4,87000000;4,90000000
05/03/2025;132;A;MKD;0,10030000;0,10110000;57,28000000;57,73000000
05/03/2025;133;A;RSD;0,05326000;0,05331000;108,64000000;108,73000000
05/03/2025;134;A;SDG;0,00961700;0,00967200;598,80020000;602,14120000
05/03/2025;135;A;TND;1,86260000;1,86880000;3,09900000;3,10900000
05/03/2025;136;A;SSP;0,00128800;0,00132100;4384,54360000;4494,54360000
05/03/2025;138;B;SDR;7,65780000;7,65850000;1,32240000;1,32240000
05/03/2025;139;A;MAD;0,59210000;0,59330000;9,76090000;9,78090000
05/03/2025;145;A;AED;1,57650000;1,57700000;3,67250000;3,67310000
05/03/2025;149;A;STN;0,24950000;0,25470000;22,73990000;23,20610000
05/03/2025;150;B;AUD;3,65920000;3,66070000;0,63190000;0,63210000
05/03/2025;155;A;BSD;5,79080000;5,79140000;1,00000000;1,00000000
05/03/2025;160;A;BMD;5,79080000;5,79140000;1,00000000;1,00000000
05/03/2025;165;A;CAD;4,03290000;4,03440000;1,43550000;1,43590000
05/03/2025;170;A;GYD;0,02752000;0,02785000;207,98000000;210,45000000
05/03/2025;173;A;NAD;0,31570000;0,31580000;18,33730000;18,34030000
05/03/2025;175;A;BBD;2,83850000;2,89850000;1,99810000;2,04010000
05/03/2025;180;A;BZD;2,87070000;2,89540000;2,00020000;2,01720000
05/03/2025;185;A;BND;4,34780000;4,35150000;1,33090000;1,33190000
05/03/2025;190;A;KYD;6,93510000;6,99870000;0,82750000;0,83500000
05/03/2025;195;A;SGD;4,34780000;4,35150000;1,33090000;1,33190000
05/03/2025;197;B;CLF;240,53830000;240,56320000;41,53800000;41,53800000
05/03/2025;200;B;FJD;2,46630000;2,54530000;0,42590000;0,43950000
05/03/2025;205;A;HKD;0,74510000;0,74520000;7,77180000;7,77200000
05/03/2025;210;A;TTD;0,84830000;0,85780000;6,75110000;6,82600000
05/03/2025;215;A;XCD;2,12900000;2,15290000;2,69000000;2,72000000
05/03/2025;220;A;USD;5,79080000;5,79140000;1,00000000;1,00000000
05/03/2025;230;A;JMD;0,03642000;0,03712000;156,00000000;159,00000000
05/03/2025;235;A;LRD;0,02867000;0,02925000;198,00000000;202,00000000
05/03/2025;245;B;NZD;3,30600000;3,30690000;0,57090000;0,57100000
05/03/2025;250;B;SBD;0,63990000;0,70830000;0,11050000;0,12230000
05/03/2025;255;A;SRD;0,16070000;0,16430000;35,25000000;36,03500000
05/03/2025;260;A;VND;0,00022690;0,00022720;25490,00000000;25520,00000000
05/03/2025;275;A;AMD;0,01462000;0,01477000;392,00000000;396,00000000
05/03/2025;295;A;CVE;0,05607000;0,05659000;102,34000000;103,28000000
05/03/2025;325;A;ANG;3,18180000;3,24540000;1,78450000;1,82000000
05/03/2025;328;A;AWG;3,14720000;3,25360000;1,78000000;1,84000000
05/03/2025;345;A;HUF;0,01566000;0,01567000;369,69000000;369,87000000
05/03/2025;363;A;CDF;0,00201800;0,00202600;2859,00000000;2870,00000000
05/03/2025;365;A;BIF;0,00193000;0,00198100;2924,20000000;3000,00000000
05/03/2025;368;A;KMF;0,01237000;0,01240000;467,20000000;468,00000000
05/03/2025;370;A;XAF;0,00895600;0,00951100;608,89000000;646,57000000
05/03/2025;372;A;XOF;0,00923600;0,00931100;622,00000000;627,00000000
05/03/2025;380;A;XPF;0,05198000;0,05244000;110,43000000;111,40000000
05/03/2025;390;A;DJF;0,03243000;0,03261000;177,60000000;178,55000000
05/03/2025;398;A;GNF;0,00066680;0,00067280;8608,00000000;8685,00000000
05/03/2025;406;A;MGA;0,00125200;0,00126300;4585,96000000;4624,95000000
05/03/2025;420;A;RWF;0,00409200;0,00416700;1390,00000000;1415,00000000
05/03/2025;425;A;CHF;6,49630000;6,49990000;0,89100000;0,89140000
05/03/2025;440;A;HTG;0,04387000;0,04434000;130,60000000;132,00000000
05/03/2025;450;A;PYG;0,00073120;0,00073150;7917,64000000;7919,95000000
05/03/2025;460;A;UAH;0,13950000;0,14020000;41,30000000;41,50000000
05/03/2025;470;A;JPY;0,03887000;0,03888000;148,94000000;148,99000000
05/03/2025;482;A;GEL;2,05930000;2,10440000;2,75200000;2,81200000
05/03/2025;490;A;ALL;0,06270000;0,06322000;91,61000000;92,36000000
05/03/2025;495;A;HNL;0,22620000;0,22680000;25,53720000;25,60000000
05/03/2025;500;A;SLL;0,00025280;0,00025530;22683,00000000;22908,00000000
05/03/2025;503;A;MDL;0,31640000;0,31820000;18,20000000;18,30000000
05/03/2025;506;A;RON;1,25320000;1,25390000;4,61860000;4,62070000
05/03/2025;510;A;BGN;3,18890000;3,19020000;1,81540000;1,81590000
05/03/2025;530;B;GIP;7,45740000;7,46110000;1,28780000;1,28830000
05/03/2025;535;A;EGP;0,11420000;0,11440000;50,62000000;50,72000000
05/03/2025;540;B;GBP;7,45570000;7,45870000;1,28750000;1,28790000
05/03/2025;545;B;FKP;7,45740000;7,46110000;1,28780000;1,28830000
05/03/2025;560;A;LBP;0,00006460;0,00006470;89500,00000000;89600,00000000
05/03/2025;570;B;SHP;7,45330000;7,45580000;1,28710000;1,28740000
05/03/2025;575;A;SYP;0,00044510;0,00044550;13000,00000000;13010,00000000
05/03/2025;585;A;SZL;0,31570000;0,31580000;18,33730000;18,34030000
05/03/2025;603;A;LSL;0,31570000;0,31580000;18,33730000;18,34030000
05/03/2025;608;A;TMT;1,65230000;1,65720000;3,49470000;3,50470000
05/03/2025;622;A;MZN;0,08972000;0,09153000;63,27000000;64,54000000
05/03/2025;625;A;ERN;0,38220000;0,38610000;15,00000000;15,15000000
05/03/2025;630;A;NGN;0,00384000;0,00386600;1498,00000000;1508,00000000
05/03/2025;635;A;AOA;0,00622500;0,00635000;912,00000000;930,24000000
05/03/2025;640;A;TWD;0,17610000;0,17630000;32,84800000;32,87800000
05/03/2025;642;A;TRY;0,15890000;0,15900000;36,42520000;36,43520000
05/03/2025;660;A;PEN;1,58600000;1,58630000;3,65100000;3,65110000
05/03/2025;665;A;BTN;0,06649000;0,06658000;86,98600000;87,09500000
05/03/2025;670;A;MRO;0,01613000;0,01627000;356,00000000;359,00000000
05/03/2025;671;A;MRU;0,14530000;0,14580000;39,73000000;39,85000000
05/03/2025;680;B;TOP;2,32440000;2,46950000;0,40140000;0,42640000
05/03/2025;685;A;MOP;0,72270000;0,72350000;8,00500000;8,01300000
05/03/2025;706;A;ARS;0,00544400;0,00544600;1063,50000000;1063,75000000
05/03/2025;715;A;CLP;0,00621200;0,00623000;929,64000000;932,25000000
05/03/2025;720;A;COP;0,00140600;0,00140800;4114,50000000;4119,50000000
05/03/2025;721;B;COU;0,52290000;0,52300000;0,09030000;0,09030000
05/03/2025;725;A;CUP;0,24130000;0,24130000;24,00000000;24,00000000
05/03/2025;730;A;DOP;0,09155000;0,09229000;62,75000000;63,25000000
05/03/2025;735;A;PHP;0,10110000;0,10110000;57,25700000;57,27900000
05/03/2025;741;A;MXN;0,28410000;0,28410000;20,38190000;20,38620000
05/03/2025;745;A;UYU;0,13590000;0,13600000;42,59000000;42,62000000
05/03/2025;755;B;BWP;0,41870000;0,42160000;0,07230000;0,07280000
05/03/2025;760;A;MWK;0,00330800;0,00337300;1717,02000000;1750,32000000
05/03/2025;766;A;ZMW;0,20160000;0,20200000;28,67500000;28,72500000
05/03/2025;770;A;GTQ;0,74960000;0,75160000;7,70500000;7,72500000
05/03/2025;775;A;MMK;0,00274900;0,00276600;2093,70000000;2106,30000000
05/03/2025;778;B;PGK;1,39670000;1,44030000;0,24120000;0,24870000
05/03/2025;780;A;LAK;0,00026540;0,00026870;21550,00000000;21820,00000000
05/03/2025;785;A;ZAR;0,31570000;0,31580000;18,33700000;18,34360000
05/03/2025;795;A;CNY;0,79840000;0,79870000;7,25060000;7,25260000
05/03/2025;796;A;CNH;0,79980000;0,79990000;7,24010000;7,24050000
05/03/2025;800;A;QAR;1,58850000;1,58930000;3,64400000;3,64550000
05/03/2025;805;A;OMR;15,03710000;15,04650000;0,38490000;0,38510000
05/03/2025;810;A;YER;0,02343000;0,02349000;246,60000000;247,20000000
05/03/2025;815;A;IRR;0,00013750;0,00013790;42000,00000000;42105,00000000
05/03/2025;820;A;SAR;1,54390000;1,54410000;3,75060000;3,75080000
05/03/2025;825;A;KHR;0,00144100;0,00144800;4000,00000000;4020,00000000
05/03/2025;828;A;MYR;1,30660000;1,30820000;4,42700000;4,43200000
05/03/2025;830;A;RUB;0,06405000;0,06407000;90,39550000;90,40450000
05/03/2025;831;A;BYN;1,76550000;1,77650000;3,26000000;3,28000000
05/03/2025;835;A;TJS;0,52880000;0,53380000;10,85000000;10,95000000
05/03/2025;840;A;MUR;0,12550000;0,12630000;45,85000000;46,15000000
05/03/2025;845;A;NPR;0,04162000;0,04163000;139,13000000;139,14000000
05/03/2025;850;A;SCR;0,40280000;0,40280000;14,37650000;14,37690000
05/03/2025;855;A;LKR;0,01961000;0,01962000;295,20000000;295,35000000
05/03/2025;860;A;INR;0,06662000;0,06667000;86,86700000;86,92200000
05/03/2025;865;A;IDR;0,00035490;0,00035510;16310,00000000;16315,00000000
05/03/2025;870;A;MVR;0,37360000;0,37560000;15,42000000;15,50000000
05/03/2025;875;A;PKR;0,02069000;0,02072000;279,50000000;279,90000000
05/03/2025;880;A;ILS;1,60150000;1,60360000;3,61140000;3,61590000
05/03/2025;892;A;KGS;0,06618000;0,06623000;87,44660000;87,50090000
05/03/2025;893;A;UZS;0,00044820;0,00044960;12880,00000000;12920,00000000
05/03/2025;905;A;BDT;0,04747000;0,04786000;121,00000000;122,00000000
05/03/2025;912;B;WST;1,98510000;2,08370000;0,34280000;0,35980000
05/03/2025;913;A;KZT;0,01165000;0,01166000;496,64000000;497,19000000
05/03/2025;915;A;MNT;0,00166600;0,00167100;3465,00000000;3475,00000000
05/03/2025;920;A;VUV;0,04560000;0,04747000;122,00000000;127,00000000
05/03/2025;930;A;KRW;0,00400500;0,00400700;1445,21000000;1445,80000000
05/03/2025;946;A;TZS;0,00219400;0,00223600;2590,00000000;2640,00000000
05/03/2025;950;A;KES;0,04475000;0,04489000;129,00000000;129,40000000
05/03/2025;955;A;UGX;0,00157600;0,00158000;3665,00000000;3675,00000000
05/03/2025;960;A;SOS;0,01007000;0,01020000;568,00000000;575,00000000
05/03/2025;975;A;PLN;1,50090000;1,50170000;3,85660000;3,85830000
05/03/2025;978;B;EUR;6,23780000;6,23970000;1,07720000;1,07740000
05/03/2025;998;A;XAU;543,22700000;543,28330000;0,01066000;0,01066000

[2025-07-07T14:33:56.725+0000] {taskinstance.py:441} INFO - ::group::Post task execution logs
[2025-07-07T14:33:56.798+0000] {taskinstance.py:1206} INFO - Marking task as SUCCESS. dag_id=fin_cotacoes_bcb_classic, task_id=extract, run_id=scheduled__2025-03-05T00:00:00+00:00, execution_date=20250305T000000, start_date=20250707T143354, end_date=20250707T143356
[2025-07-07T14:33:56.974+0000] {local_task_job_runner.py:240} INFO - Task exited with return code 0
[2025-07-07T14:33:57.200+0000] {taskinstance.py:3503} INFO - 1 downstream tasks scheduled from follow-on schedule check
[2025-07-07T14:33:57.209+0000] {local_task_job_runner.py:222} INFO - ::endgroup::
[2025-07-07T15:11:14.279+0000] {local_task_job_runner.py:120} INFO - ::group::Pre task execution logs
[2025-07-07T15:11:14.386+0000] {taskinstance.py:2076} INFO - Dependencies all met for dep_context=non-requeueable deps ti=<TaskInstance: fin_cotacoes_bcb_classic.extract scheduled__2025-03-05T00:00:00+00:00 [queued]>
[2025-07-07T15:11:14.412+0000] {taskinstance.py:2076} INFO - Dependencies all met for dep_context=requeueable deps ti=<TaskInstance: fin_cotacoes_bcb_classic.extract scheduled__2025-03-05T00:00:00+00:00 [queued]>
[2025-07-07T15:11:14.413+0000] {taskinstance.py:2306} INFO - Starting attempt 1 of 2
[2025-07-07T15:11:14.469+0000] {taskinstance.py:2330} INFO - Executing <Task(PythonOperator): extract> on 2025-03-05 00:00:00+00:00
[2025-07-07T15:11:14.502+0000] {standard_task_runner.py:90} INFO - Running: ['***', 'tasks', 'run', 'fin_cotacoes_bcb_classic', 'extract', 'scheduled__2025-03-05T00:00:00+00:00', '--job-id', '4047', '--raw', '--subdir', 'DAGS_FOLDER/cotacoes.py', '--cfg-path', '/tmp/tmp9ie_fgiw']
[2025-07-07T15:11:14.509+0000] {standard_task_runner.py:91} INFO - Job 4047: Subtask extract
[2025-07-07T15:11:14.511+0000] {logging_mixin.py:188} WARNING - /home/***/.local/lib/python3.12/site-packages/***/task/task_runner/standard_task_runner.py:61 DeprecationWarning: This process (pid=102775) is multi-threaded, use of fork() may lead to deadlocks in the child.
[2025-07-07T15:11:14.512+0000] {standard_task_runner.py:63} INFO - Started process 102841 to run task
[2025-07-07T15:11:14.639+0000] {task_command.py:426} INFO - Running <TaskInstance: fin_cotacoes_bcb_classic.extract scheduled__2025-03-05T00:00:00+00:00 [running]> on host bc96ca91d307
[2025-07-07T15:11:15.052+0000] {taskinstance.py:2648} INFO - Exporting env vars: AIRFLOW_CTX_DAG_OWNER='***' AIRFLOW_CTX_DAG_ID='fin_cotacoes_bcb_classic' AIRFLOW_CTX_TASK_ID='extract' AIRFLOW_CTX_EXECUTION_DATE='2025-03-05T00:00:00+00:00' AIRFLOW_CTX_TRY_NUMBER='1' AIRFLOW_CTX_DAG_RUN_ID='scheduled__2025-03-05T00:00:00+00:00'
[2025-07-07T15:11:15.053+0000] {taskinstance.py:430} INFO - ::endgroup::
[2025-07-07T15:11:15.053+0000] {cotacoes.py:35} INFO - Iniciando extração da URL: https://www4.bcb.gov.br/Download/fechamento/20250305.csv
[2025-07-07T15:11:15.471+0000] {cotacoes.py:41} INFO - Extração concluída com sucesso.
[2025-07-07T15:11:15.481+0000] {python.py:237} INFO - Done. Returned value was: 05/03/2025;005;A;AFN;0,07930000;0,07953000;72,82000000;73,02000000
05/03/2025;009;A;ETB;0,04472000;0,04542000;127,50000000;129,50000000
05/03/2025;015;A;THB;0,17200000;0,17250000;33,58000000;33,67000000
05/03/2025;020;A;PAB;5,79080000;5,79140000;1,00000000;1,00000000
05/03/2025;027;A;VES;0,08980000;0,09004000;64,32320000;64,48440000
05/03/2025;030;A;BOB;0,82960000;0,84300000;6,87000000;6,98000000
05/03/2025;035;A;GHS;0,37240000;0,37480000;15,45000000;15,55000000
05/03/2025;040;A;CRC;0,01144000;0,01154000;502,00000000;506,00000000
05/03/2025;045;A;SVC;0,66110000;0,66190000;8,74980000;8,75980000
05/03/2025;051;A;NIO;0,15650000;0,15820000;36,60000000;37,00000000
05/03/2025;055;A;DKK;0,83630000;0,83670000;6,92210000;6,92450000
05/03/2025;060;A;ISK;0,04242000;0,04252000;136,22000000;136,52000000
05/03/2025;065;A;NOK;0,52920000;0,52960000;10,93540000;10,94160000
05/03/2025;070;A;SEK;0,56530000;0,56620000;10,22770000;10,24350000
05/03/2025;075;A;CZK;0,24960000;0,24970000;23,19000000;23,20100000
05/03/2025;090;A;GMD;0,07933000;0,08027000;72,15000000;73,00000000
05/03/2025;095;A;DZD;0,04318000;0,04336000;133,55960000;134,11000000
05/03/2025;100;A;KWD;18,74050000;18,77280000;0,30850000;0,30900000
05/03/2025;105;A;BHD;15,35610000;15,36590000;0,37690000;0,37710000
05/03/2025;115;A;IQD;0,00441700;0,00442400;1309,00000000;1311,00000000
05/03/2025;125;A;JOD;8,15610000;8,16840000;0,70900000;0,71000000
05/03/2025;130;A;LYD;1,18180000;1,18920000;4,87000000;4,90000000
05/03/2025;132;A;MKD;0,10030000;0,10110000;57,28000000;57,73000000
05/03/2025;133;A;RSD;0,05326000;0,05331000;108,64000000;108,73000000
05/03/2025;134;A;SDG;0,00961700;0,00967200;598,80020000;602,14120000
05/03/2025;135;A;TND;1,86260000;1,86880000;3,09900000;3,10900000
05/03/2025;136;A;SSP;0,00128800;0,00132100;4384,54360000;4494,54360000
05/03/2025;138;B;SDR;7,65780000;7,65850000;1,32240000;1,32240000
05/03/2025;139;A;MAD;0,59210000;0,59330000;9,76090000;9,78090000
05/03/2025;145;A;AED;1,57650000;1,57700000;3,67250000;3,67310000
05/03/2025;149;A;STN;0,24950000;0,25470000;22,73990000;23,20610000
05/03/2025;150;B;AUD;3,65920000;3,66070000;0,63190000;0,63210000
05/03/2025;155;A;BSD;5,79080000;5,79140000;1,00000000;1,00000000
05/03/2025;160;A;BMD;5,79080000;5,79140000;1,00000000;1,00000000
05/03/2025;165;A;CAD;4,03290000;4,03440000;1,43550000;1,43590000
05/03/2025;170;A;GYD;0,02752000;0,02785000;207,98000000;210,45000000
05/03/2025;173;A;NAD;0,31570000;0,31580000;18,33730000;18,34030000
05/03/2025;175;A;BBD;2,83850000;2,89850000;1,99810000;2,04010000
05/03/2025;180;A;BZD;2,87070000;2,89540000;2,00020000;2,01720000
05/03/2025;185;A;BND;4,34780000;4,35150000;1,33090000;1,33190000
05/03/2025;190;A;KYD;6,93510000;6,99870000;0,82750000;0,83500000
05/03/2025;195;A;SGD;4,34780000;4,35150000;1,33090000;1,33190000
05/03/2025;197;B;CLF;240,53830000;240,56320000;41,53800000;41,53800000
05/03/2025;200;B;FJD;2,46630000;2,54530000;0,42590000;0,43950000
05/03/2025;205;A;HKD;0,74510000;0,74520000;7,77180000;7,77200000
05/03/2025;210;A;TTD;0,84830000;0,85780000;6,75110000;6,82600000
05/03/2025;215;A;XCD;2,12900000;2,15290000;2,69000000;2,72000000
05/03/2025;220;A;USD;5,79080000;5,79140000;1,00000000;1,00000000
05/03/2025;230;A;JMD;0,03642000;0,03712000;156,00000000;159,00000000
05/03/2025;235;A;LRD;0,02867000;0,02925000;198,00000000;202,00000000
05/03/2025;245;B;NZD;3,30600000;3,30690000;0,57090000;0,57100000
05/03/2025;250;B;SBD;0,63990000;0,70830000;0,11050000;0,12230000
05/03/2025;255;A;SRD;0,16070000;0,16430000;35,25000000;36,03500000
05/03/2025;260;A;VND;0,00022690;0,00022720;25490,00000000;25520,00000000
05/03/2025;275;A;AMD;0,01462000;0,01477000;392,00000000;396,00000000
05/03/2025;295;A;CVE;0,05607000;0,05659000;102,34000000;103,28000000
05/03/2025;325;A;ANG;3,18180000;3,24540000;1,78450000;1,82000000
05/03/2025;328;A;AWG;3,14720000;3,25360000;1,78000000;1,84000000
05/03/2025;345;A;HUF;0,01566000;0,01567000;369,69000000;369,87000000
05/03/2025;363;A;CDF;0,00201800;0,00202600;2859,00000000;2870,00000000
05/03/2025;365;A;BIF;0,00193000;0,00198100;2924,20000000;3000,00000000
05/03/2025;368;A;KMF;0,01237000;0,01240000;467,20000000;468,00000000
05/03/2025;370;A;XAF;0,00895600;0,00951100;608,89000000;646,57000000
05/03/2025;372;A;XOF;0,00923600;0,00931100;622,00000000;627,00000000
05/03/2025;380;A;XPF;0,05198000;0,05244000;110,43000000;111,40000000
05/03/2025;390;A;DJF;0,03243000;0,03261000;177,60000000;178,55000000
05/03/2025;398;A;GNF;0,00066680;0,00067280;8608,00000000;8685,00000000
05/03/2025;406;A;MGA;0,00125200;0,00126300;4585,96000000;4624,95000000
05/03/2025;420;A;RWF;0,00409200;0,00416700;1390,00000000;1415,00000000
05/03/2025;425;A;CHF;6,49630000;6,49990000;0,89100000;0,89140000
05/03/2025;440;A;HTG;0,04387000;0,04434000;130,60000000;132,00000000
05/03/2025;450;A;PYG;0,00073120;0,00073150;7917,64000000;7919,95000000
05/03/2025;460;A;UAH;0,13950000;0,14020000;41,30000000;41,50000000
05/03/2025;470;A;JPY;0,03887000;0,03888000;148,94000000;148,99000000
05/03/2025;482;A;GEL;2,05930000;2,10440000;2,75200000;2,81200000
05/03/2025;490;A;ALL;0,06270000;0,06322000;91,61000000;92,36000000
05/03/2025;495;A;HNL;0,22620000;0,22680000;25,53720000;25,60000000
05/03/2025;500;A;SLL;0,00025280;0,00025530;22683,00000000;22908,00000000
05/03/2025;503;A;MDL;0,31640000;0,31820000;18,20000000;18,30000000
05/03/2025;506;A;RON;1,25320000;1,25390000;4,61860000;4,62070000
05/03/2025;510;A;BGN;3,18890000;3,19020000;1,81540000;1,81590000
05/03/2025;530;B;GIP;7,45740000;7,46110000;1,28780000;1,28830000
05/03/2025;535;A;EGP;0,11420000;0,11440000;50,62000000;50,72000000
05/03/2025;540;B;GBP;7,45570000;7,45870000;1,28750000;1,28790000
05/03/2025;545;B;FKP;7,45740000;7,46110000;1,28780000;1,28830000
05/03/2025;560;A;LBP;0,00006460;0,00006470;89500,00000000;89600,00000000
05/03/2025;570;B;SHP;7,45330000;7,45580000;1,28710000;1,28740000
05/03/2025;575;A;SYP;0,00044510;0,00044550;13000,00000000;13010,00000000
05/03/2025;585;A;SZL;0,31570000;0,31580000;18,33730000;18,34030000
05/03/2025;603;A;LSL;0,31570000;0,31580000;18,33730000;18,34030000
05/03/2025;608;A;TMT;1,65230000;1,65720000;3,49470000;3,50470000
05/03/2025;622;A;MZN;0,08972000;0,09153000;63,27000000;64,54000000
05/03/2025;625;A;ERN;0,38220000;0,38610000;15,00000000;15,15000000
05/03/2025;630;A;NGN;0,00384000;0,00386600;1498,00000000;1508,00000000
05/03/2025;635;A;AOA;0,00622500;0,00635000;912,00000000;930,24000000
05/03/2025;640;A;TWD;0,17610000;0,17630000;32,84800000;32,87800000
05/03/2025;642;A;TRY;0,15890000;0,15900000;36,42520000;36,43520000
05/03/2025;660;A;PEN;1,58600000;1,58630000;3,65100000;3,65110000
05/03/2025;665;A;BTN;0,06649000;0,06658000;86,98600000;87,09500000
05/03/2025;670;A;MRO;0,01613000;0,01627000;356,00000000;359,00000000
05/03/2025;671;A;MRU;0,14530000;0,14580000;39,73000000;39,85000000
05/03/2025;680;B;TOP;2,32440000;2,46950000;0,40140000;0,42640000
05/03/2025;685;A;MOP;0,72270000;0,72350000;8,00500000;8,01300000
05/03/2025;706;A;ARS;0,00544400;0,00544600;1063,50000000;1063,75000000
05/03/2025;715;A;CLP;0,00621200;0,00623000;929,64000000;932,25000000
05/03/2025;720;A;COP;0,00140600;0,00140800;4114,50000000;4119,50000000
05/03/2025;721;B;COU;0,52290000;0,52300000;0,09030000;0,09030000
05/03/2025;725;A;CUP;0,24130000;0,24130000;24,00000000;24,00000000
05/03/2025;730;A;DOP;0,09155000;0,09229000;62,75000000;63,25000000
05/03/2025;735;A;PHP;0,10110000;0,10110000;57,25700000;57,27900000
05/03/2025;741;A;MXN;0,28410000;0,28410000;20,38190000;20,38620000
05/03/2025;745;A;UYU;0,13590000;0,13600000;42,59000000;42,62000000
05/03/2025;755;B;BWP;0,41870000;0,42160000;0,07230000;0,07280000
05/03/2025;760;A;MWK;0,00330800;0,00337300;1717,02000000;1750,32000000
05/03/2025;766;A;ZMW;0,20160000;0,20200000;28,67500000;28,72500000
05/03/2025;770;A;GTQ;0,74960000;0,75160000;7,70500000;7,72500000
05/03/2025;775;A;MMK;0,00274900;0,00276600;2093,70000000;2106,30000000
05/03/2025;778;B;PGK;1,39670000;1,44030000;0,24120000;0,24870000
05/03/2025;780;A;LAK;0,00026540;0,00026870;21550,00000000;21820,00000000
05/03/2025;785;A;ZAR;0,31570000;0,31580000;18,33700000;18,34360000
05/03/2025;795;A;CNY;0,79840000;0,79870000;7,25060000;7,25260000
05/03/2025;796;A;CNH;0,79980000;0,79990000;7,24010000;7,24050000
05/03/2025;800;A;QAR;1,58850000;1,58930000;3,64400000;3,64550000
05/03/2025;805;A;OMR;15,03710000;15,04650000;0,38490000;0,38510000
05/03/2025;810;A;YER;0,02343000;0,02349000;246,60000000;247,20000000
05/03/2025;815;A;IRR;0,00013750;0,00013790;42000,00000000;42105,00000000
05/03/2025;820;A;SAR;1,54390000;1,54410000;3,75060000;3,75080000
05/03/2025;825;A;KHR;0,00144100;0,00144800;4000,00000000;4020,00000000
05/03/2025;828;A;MYR;1,30660000;1,30820000;4,42700000;4,43200000
05/03/2025;830;A;RUB;0,06405000;0,06407000;90,39550000;90,40450000
05/03/2025;831;A;BYN;1,76550000;1,77650000;3,26000000;3,28000000
05/03/2025;835;A;TJS;0,52880000;0,53380000;10,85000000;10,95000000
05/03/2025;840;A;MUR;0,12550000;0,12630000;45,85000000;46,15000000
05/03/2025;845;A;NPR;0,04162000;0,04163000;139,13000000;139,14000000
05/03/2025;850;A;SCR;0,40280000;0,40280000;14,37650000;14,37690000
05/03/2025;855;A;LKR;0,01961000;0,01962000;295,20000000;295,35000000
05/03/2025;860;A;INR;0,06662000;0,06667000;86,86700000;86,92200000
05/03/2025;865;A;IDR;0,00035490;0,00035510;16310,00000000;16315,00000000
05/03/2025;870;A;MVR;0,37360000;0,37560000;15,42000000;15,50000000
05/03/2025;875;A;PKR;0,02069000;0,02072000;279,50000000;279,90000000
05/03/2025;880;A;ILS;1,60150000;1,60360000;3,61140000;3,61590000
05/03/2025;892;A;KGS;0,06618000;0,06623000;87,44660000;87,50090000
05/03/2025;893;A;UZS;0,00044820;0,00044960;12880,00000000;12920,00000000
05/03/2025;905;A;BDT;0,04747000;0,04786000;121,00000000;122,00000000
05/03/2025;912;B;WST;1,98510000;2,08370000;0,34280000;0,35980000
05/03/2025;913;A;KZT;0,01165000;0,01166000;496,64000000;497,19000000
05/03/2025;915;A;MNT;0,00166600;0,00167100;3465,00000000;3475,00000000
05/03/2025;920;A;VUV;0,04560000;0,04747000;122,00000000;127,00000000
05/03/2025;930;A;KRW;0,00400500;0,00400700;1445,21000000;1445,80000000
05/03/2025;946;A;TZS;0,00219400;0,00223600;2590,00000000;2640,00000000
05/03/2025;950;A;KES;0,04475000;0,04489000;129,00000000;129,40000000
05/03/2025;955;A;UGX;0,00157600;0,00158000;3665,00000000;3675,00000000
05/03/2025;960;A;SOS;0,01007000;0,01020000;568,00000000;575,00000000
05/03/2025;975;A;PLN;1,50090000;1,50170000;3,85660000;3,85830000
05/03/2025;978;B;EUR;6,23780000;6,23970000;1,07720000;1,07740000
05/03/2025;998;A;XAU;543,22700000;543,28330000;0,01066000;0,01066000

[2025-07-07T15:11:15.481+0000] {taskinstance.py:441} INFO - ::group::Post task execution logs
[2025-07-07T15:11:15.546+0000] {taskinstance.py:1206} INFO - Marking task as SUCCESS. dag_id=fin_cotacoes_bcb_classic, task_id=extract, run_id=scheduled__2025-03-05T00:00:00+00:00, execution_date=20250305T000000, start_date=20250707T151114, end_date=20250707T151115
[2025-07-07T15:11:15.588+0000] {local_task_job_runner.py:240} INFO - Task exited with return code 0
[2025-07-07T15:11:15.733+0000] {taskinstance.py:3503} INFO - 1 downstream tasks scheduled from follow-on schedule check
[2025-07-07T15:11:15.741+0000] {local_task_job_runner.py:222} INFO - ::endgroup::
