[2025-07-07T14:31:11.742+0000] {local_task_job_runner.py:120} INFO - ::group::Pre task execution logs
[2025-07-07T14:31:11.833+0000] {taskinstance.py:2076} INFO - Dependencies all met for dep_context=non-requeueable deps ti=<TaskInstance: fin_cotacoes_bcb_classic.transform_and_load scheduled__2025-03-23T00:00:00+00:00 [queued]>
[2025-07-07T14:31:11.846+0000] {taskinstance.py:2076} INFO - Dependencies all met for dep_context=requeueable deps ti=<TaskInstance: fin_cotacoes_bcb_classic.transform_and_load scheduled__2025-03-23T00:00:00+00:00 [queued]>
[2025-07-07T14:31:11.846+0000] {taskinstance.py:2306} INFO - Starting attempt 1 of 2
[2025-07-07T14:31:11.865+0000] {taskinstance.py:2330} INFO - Executing <Task(PythonOperator): transform_and_load> on 2025-03-23 00:00:00+00:00
[2025-07-07T14:31:11.877+0000] {logging_mixin.py:188} WARNING - /home/***/.local/lib/python3.12/site-packages/***/task/task_runner/standard_task_runner.py:61 DeprecationWarning: This process (pid=76152) is multi-threaded, use of fork() may lead to deadlocks in the child.
[2025-07-07T14:31:11.880+0000] {standard_task_runner.py:63} INFO - Started process 76167 to run task
[2025-07-07T14:31:11.882+0000] {standard_task_runner.py:90} INFO - Running: ['***', 'tasks', 'run', 'fin_cotacoes_bcb_classic', 'transform_and_load', 'scheduled__2025-03-23T00:00:00+00:00', '--job-id', '2181', '--raw', '--subdir', 'DAGS_FOLDER/cotacoes.py', '--cfg-path', '/tmp/tmp6j7x9zx_']
[2025-07-07T14:31:11.884+0000] {standard_task_runner.py:91} INFO - Job 2181: Subtask transform_and_load
[2025-07-07T14:31:11.959+0000] {task_command.py:426} INFO - Running <TaskInstance: fin_cotacoes_bcb_classic.transform_and_load scheduled__2025-03-23T00:00:00+00:00 [running]> on host bc96ca91d307
[2025-07-07T14:31:12.058+0000] {taskinstance.py:2648} INFO - Exporting env vars: AIRFLOW_CTX_DAG_OWNER='***' AIRFLOW_CTX_DAG_ID='fin_cotacoes_bcb_classic' AIRFLOW_CTX_TASK_ID='transform_and_load' AIRFLOW_CTX_EXECUTION_DATE='2025-03-23T00:00:00+00:00' AIRFLOW_CTX_TRY_NUMBER='1' AIRFLOW_CTX_DAG_RUN_ID='scheduled__2025-03-23T00:00:00+00:00'
[2025-07-07T14:31:12.059+0000] {taskinstance.py:430} INFO - ::endgroup::
[2025-07-07T14:31:12.070+0000] {cotacoes.py:91} WARNING - Nenhum dado recebido da tarefa de extração. Pulando transformação e carga.
[2025-07-07T14:31:12.070+0000] {python.py:237} INFO - Done. Returned value was: None
[2025-07-07T14:31:12.071+0000] {taskinstance.py:441} INFO - ::group::Post task execution logs
[2025-07-07T14:31:12.080+0000] {taskinstance.py:1206} INFO - Marking task as SUCCESS. dag_id=fin_cotacoes_bcb_classic, task_id=transform_and_load, run_id=scheduled__2025-03-23T00:00:00+00:00, execution_date=20250323T000000, start_date=20250707T143111, end_date=20250707T143112
[2025-07-07T14:31:12.101+0000] {local_task_job_runner.py:240} INFO - Task exited with return code 0
[2025-07-07T14:31:12.120+0000] {taskinstance.py:3503} INFO - 0 downstream tasks scheduled from follow-on schedule check
[2025-07-07T14:31:12.121+0000] {local_task_job_runner.py:222} INFO - ::endgroup::
[2025-07-07T14:34:26.001+0000] {local_task_job_runner.py:120} INFO - ::group::Pre task execution logs
[2025-07-07T14:34:26.150+0000] {taskinstance.py:2076} INFO - Dependencies all met for dep_context=non-requeueable deps ti=<TaskInstance: fin_cotacoes_bcb_classic.transform_and_load scheduled__2025-03-23T00:00:00+00:00 [queued]>
[2025-07-07T14:34:26.179+0000] {taskinstance.py:2076} INFO - Dependencies all met for dep_context=requeueable deps ti=<TaskInstance: fin_cotacoes_bcb_classic.transform_and_load scheduled__2025-03-23T00:00:00+00:00 [queued]>
[2025-07-07T14:34:26.180+0000] {taskinstance.py:2306} INFO - Starting attempt 1 of 2
[2025-07-07T14:34:26.212+0000] {taskinstance.py:2330} INFO - Executing <Task(PythonOperator): transform_and_load> on 2025-03-23 00:00:00+00:00
[2025-07-07T14:34:26.237+0000] {logging_mixin.py:188} WARNING - /home/***/.local/lib/python3.12/site-packages/***/task/task_runner/standard_task_runner.py:61 DeprecationWarning: This process (pid=78591) is multi-threaded, use of fork() may lead to deadlocks in the child.
[2025-07-07T14:34:26.236+0000] {standard_task_runner.py:90} INFO - Running: ['***', 'tasks', 'run', 'fin_cotacoes_bcb_classic', 'transform_and_load', 'scheduled__2025-03-23T00:00:00+00:00', '--job-id', '2450', '--raw', '--subdir', 'DAGS_FOLDER/cotacoes.py', '--cfg-path', '/tmp/tmpmo_i_un6']
[2025-07-07T14:34:26.241+0000] {standard_task_runner.py:91} INFO - Job 2450: Subtask transform_and_load
[2025-07-07T14:34:26.241+0000] {standard_task_runner.py:63} INFO - Started process 78690 to run task
[2025-07-07T14:34:26.388+0000] {task_command.py:426} INFO - Running <TaskInstance: fin_cotacoes_bcb_classic.transform_and_load scheduled__2025-03-23T00:00:00+00:00 [running]> on host bc96ca91d307
[2025-07-07T14:34:26.661+0000] {taskinstance.py:2648} INFO - Exporting env vars: AIRFLOW_CTX_DAG_OWNER='***' AIRFLOW_CTX_DAG_ID='fin_cotacoes_bcb_classic' AIRFLOW_CTX_TASK_ID='transform_and_load' AIRFLOW_CTX_EXECUTION_DATE='2025-03-23T00:00:00+00:00' AIRFLOW_CTX_TRY_NUMBER='1' AIRFLOW_CTX_DAG_RUN_ID='scheduled__2025-03-23T00:00:00+00:00'
[2025-07-07T14:34:26.662+0000] {taskinstance.py:430} INFO - ::endgroup::
[2025-07-07T14:34:26.693+0000] {cotacoes.py:91} WARNING - Nenhum dado recebido da tarefa de extração. Pulando transformação e carga.
[2025-07-07T14:34:26.693+0000] {python.py:237} INFO - Done. Returned value was: None
[2025-07-07T14:34:26.693+0000] {taskinstance.py:441} INFO - ::group::Post task execution logs
[2025-07-07T14:34:26.718+0000] {taskinstance.py:1206} INFO - Marking task as SUCCESS. dag_id=fin_cotacoes_bcb_classic, task_id=transform_and_load, run_id=scheduled__2025-03-23T00:00:00+00:00, execution_date=20250323T000000, start_date=20250707T143426, end_date=20250707T143426
[2025-07-07T14:34:26.793+0000] {local_task_job_runner.py:240} INFO - Task exited with return code 0
[2025-07-07T14:34:26.856+0000] {taskinstance.py:3503} INFO - 0 downstream tasks scheduled from follow-on schedule check
[2025-07-07T14:34:26.868+0000] {local_task_job_runner.py:222} INFO - ::endgroup::
[2025-07-07T15:11:40.226+0000] {local_task_job_runner.py:120} INFO - ::group::Pre task execution logs
[2025-07-07T15:11:40.292+0000] {taskinstance.py:2076} INFO - Dependencies all met for dep_context=non-requeueable deps ti=<TaskInstance: fin_cotacoes_bcb_classic.transform_and_load scheduled__2025-03-23T00:00:00+00:00 [queued]>
[2025-07-07T15:11:40.302+0000] {taskinstance.py:2076} INFO - Dependencies all met for dep_context=requeueable deps ti=<TaskInstance: fin_cotacoes_bcb_classic.transform_and_load scheduled__2025-03-23T00:00:00+00:00 [queued]>
[2025-07-07T15:11:40.303+0000] {taskinstance.py:2306} INFO - Starting attempt 1 of 2
[2025-07-07T15:11:40.322+0000] {taskinstance.py:2330} INFO - Executing <Task(PythonOperator): transform_and_load> on 2025-03-23 00:00:00+00:00
[2025-07-07T15:11:40.339+0000] {logging_mixin.py:188} WARNING - /home/***/.local/lib/python3.12/site-packages/***/task/task_runner/standard_task_runner.py:61 DeprecationWarning: This process (pid=103208) is multi-threaded, use of fork() may lead to deadlocks in the child.
[2025-07-07T15:11:40.340+0000] {standard_task_runner.py:63} INFO - Started process 103281 to run task
[2025-07-07T15:11:40.337+0000] {standard_task_runner.py:90} INFO - Running: ['***', 'tasks', 'run', 'fin_cotacoes_bcb_classic', 'transform_and_load', 'scheduled__2025-03-23T00:00:00+00:00', '--job-id', '4116', '--raw', '--subdir', 'DAGS_FOLDER/cotacoes.py', '--cfg-path', '/tmp/tmpjm21y962']
[2025-07-07T15:11:40.342+0000] {standard_task_runner.py:91} INFO - Job 4116: Subtask transform_and_load
[2025-07-07T15:11:40.429+0000] {task_command.py:426} INFO - Running <TaskInstance: fin_cotacoes_bcb_classic.transform_and_load scheduled__2025-03-23T00:00:00+00:00 [running]> on host bc96ca91d307
[2025-07-07T15:11:40.584+0000] {taskinstance.py:2648} INFO - Exporting env vars: AIRFLOW_CTX_DAG_OWNER='***' AIRFLOW_CTX_DAG_ID='fin_cotacoes_bcb_classic' AIRFLOW_CTX_TASK_ID='transform_and_load' AIRFLOW_CTX_EXECUTION_DATE='2025-03-23T00:00:00+00:00' AIRFLOW_CTX_TRY_NUMBER='1' AIRFLOW_CTX_DAG_RUN_ID='scheduled__2025-03-23T00:00:00+00:00'
[2025-07-07T15:11:40.585+0000] {taskinstance.py:430} INFO - ::endgroup::
[2025-07-07T15:11:40.602+0000] {cotacoes.py:91} WARNING - Nenhum dado recebido da tarefa de extração. Pulando transformação e carga.
[2025-07-07T15:11:40.602+0000] {python.py:237} INFO - Done. Returned value was: None
[2025-07-07T15:11:40.602+0000] {taskinstance.py:441} INFO - ::group::Post task execution logs
[2025-07-07T15:11:40.613+0000] {taskinstance.py:1206} INFO - Marking task as SUCCESS. dag_id=fin_cotacoes_bcb_classic, task_id=transform_and_load, run_id=scheduled__2025-03-23T00:00:00+00:00, execution_date=20250323T000000, start_date=20250707T151140, end_date=20250707T151140
[2025-07-07T15:11:40.648+0000] {local_task_job_runner.py:240} INFO - Task exited with return code 0
[2025-07-07T15:11:40.673+0000] {taskinstance.py:3503} INFO - 0 downstream tasks scheduled from follow-on schedule check
[2025-07-07T15:11:40.679+0000] {local_task_job_runner.py:222} INFO - ::endgroup::
