[2025-07-06T19:44:42.813+0000] {local_task_job_runner.py:120} INFO - ::group::Pre task execution logs
[2025-07-06T19:44:42.934+0000] {taskinstance.py:2076} INFO - Dependencies all met for dep_context=non-requeueable deps ti=<TaskInstance: fin_cotacoes_bcb_classic.extract scheduled__2025-03-30T00:00:00+00:00 [queued]>
[2025-07-06T19:44:42.953+0000] {taskinstance.py:2076} INFO - Dependencies all met for dep_context=requeueable deps ti=<TaskInstance: fin_cotacoes_bcb_classic.extract scheduled__2025-03-30T00:00:00+00:00 [queued]>
[2025-07-06T19:44:42.953+0000] {taskinstance.py:2306} INFO - Starting attempt 1 of 2
[2025-07-06T19:44:42.984+0000] {taskinstance.py:2330} INFO - Executing <Task(PythonOperator): extract> on 2025-03-30 00:00:00+00:00
[2025-07-06T19:44:43.006+0000] {logging_mixin.py:188} WARNING - /home/***/.local/lib/python3.12/site-packages/***/task/task_runner/standard_task_runner.py:61 DeprecationWarning: This process (pid=8172) is multi-threaded, use of fork() may lead to deadlocks in the child.
[2025-07-06T19:44:43.010+0000] {standard_task_runner.py:63} INFO - Started process 8279 to run task
[2025-07-06T19:44:43.008+0000] {standard_task_runner.py:90} INFO - Running: ['***', 'tasks', 'run', 'fin_cotacoes_bcb_classic', 'extract', 'scheduled__2025-03-30T00:00:00+00:00', '--job-id', '1178', '--raw', '--subdir', 'DAGS_FOLDER/cotacoes.py', '--cfg-path', '/tmp/tmpin_nbk_x']
[2025-07-06T19:44:43.014+0000] {standard_task_runner.py:91} INFO - Job 1178: Subtask extract
[2025-07-06T19:44:43.160+0000] {task_command.py:426} INFO - Running <TaskInstance: fin_cotacoes_bcb_classic.extract scheduled__2025-03-30T00:00:00+00:00 [running]> on host 20adb53d65c4
[2025-07-06T19:44:43.415+0000] {taskinstance.py:2648} INFO - Exporting env vars: AIRFLOW_CTX_DAG_OWNER='***' AIRFLOW_CTX_DAG_ID='fin_cotacoes_bcb_classic' AIRFLOW_CTX_TASK_ID='extract' AIRFLOW_CTX_EXECUTION_DATE='2025-03-30T00:00:00+00:00' AIRFLOW_CTX_TRY_NUMBER='1' AIRFLOW_CTX_DAG_RUN_ID='scheduled__2025-03-30T00:00:00+00:00'
[2025-07-06T19:44:43.416+0000] {taskinstance.py:430} INFO - ::endgroup::
[2025-07-06T19:44:43.417+0000] {cotacoes.py:37} INFO - Iniciando extração da URL: https://www4.bcb.gov.br/Download/fechamento/20250330.csv
[2025-07-06T19:44:43.760+0000] {cotacoes.py:46} ERROR - Erro ao acessar a URL: 404 Client Error: Not Found for url: https://www4.bcb.gov.br/Download/fechamento/20250330.csv
[2025-07-06T19:44:43.777+0000] {python.py:237} INFO - Done. Returned value was: None
[2025-07-06T19:44:43.778+0000] {taskinstance.py:441} INFO - ::group::Post task execution logs
[2025-07-06T19:44:43.808+0000] {taskinstance.py:1206} INFO - Marking task as SUCCESS. dag_id=fin_cotacoes_bcb_classic, task_id=extract, run_id=scheduled__2025-03-30T00:00:00+00:00, execution_date=20250330T000000, start_date=20250706T194442, end_date=20250706T194443
[2025-07-06T19:44:44.276+0000] {local_task_job_runner.py:240} INFO - Task exited with return code 0
[2025-07-06T19:44:44.316+0000] {logging_mixin.py:188} WARNING - /home/***/.local/lib/python3.12/site-packages/***/models/baseoperator.py:1297 AirflowProviderDeprecationWarning: Call to deprecated class PostgresOperator. (Please use `***.providers.common.sql.operators.sql.SQLExecuteQueryOperator`.Also, you can provide `hook_params={'schema': <database>}`.)
[2025-07-06T19:44:44.398+0000] {taskinstance.py:3503} INFO - 1 downstream tasks scheduled from follow-on schedule check
[2025-07-06T19:44:44.403+0000] {local_task_job_runner.py:222} INFO - ::endgroup::
[2025-07-07T14:34:19.611+0000] {local_task_job_runner.py:120} INFO - ::group::Pre task execution logs
[2025-07-07T14:34:19.693+0000] {taskinstance.py:2076} INFO - Dependencies all met for dep_context=non-requeueable deps ti=<TaskInstance: fin_cotacoes_bcb_classic.extract scheduled__2025-03-30T00:00:00+00:00 [queued]>
[2025-07-07T14:34:19.737+0000] {taskinstance.py:2076} INFO - Dependencies all met for dep_context=requeueable deps ti=<TaskInstance: fin_cotacoes_bcb_classic.extract scheduled__2025-03-30T00:00:00+00:00 [queued]>
[2025-07-07T14:34:19.737+0000] {taskinstance.py:2306} INFO - Starting attempt 1 of 2
[2025-07-07T14:34:19.795+0000] {taskinstance.py:2330} INFO - Executing <Task(PythonOperator): extract> on 2025-03-30 00:00:00+00:00
[2025-07-07T14:34:19.832+0000] {standard_task_runner.py:90} INFO - Running: ['***', 'tasks', 'run', 'fin_cotacoes_bcb_classic', 'extract', 'scheduled__2025-03-30T00:00:00+00:00', '--job-id', '2430', '--raw', '--subdir', 'DAGS_FOLDER/cotacoes.py', '--cfg-path', '/tmp/tmpei0225j1']
[2025-07-07T14:34:19.838+0000] {standard_task_runner.py:91} INFO - Job 2430: Subtask extract
[2025-07-07T14:34:19.845+0000] {logging_mixin.py:188} WARNING - /home/***/.local/lib/python3.12/site-packages/***/task/task_runner/standard_task_runner.py:61 DeprecationWarning: This process (pid=78542) is multi-threaded, use of fork() may lead to deadlocks in the child.
[2025-07-07T14:34:19.846+0000] {standard_task_runner.py:63} INFO - Started process 78581 to run task
[2025-07-07T14:34:19.978+0000] {task_command.py:426} INFO - Running <TaskInstance: fin_cotacoes_bcb_classic.extract scheduled__2025-03-30T00:00:00+00:00 [running]> on host bc96ca91d307
[2025-07-07T14:34:20.418+0000] {taskinstance.py:2648} INFO - Exporting env vars: AIRFLOW_CTX_DAG_OWNER='***' AIRFLOW_CTX_DAG_ID='fin_cotacoes_bcb_classic' AIRFLOW_CTX_TASK_ID='extract' AIRFLOW_CTX_EXECUTION_DATE='2025-03-30T00:00:00+00:00' AIRFLOW_CTX_TRY_NUMBER='1' AIRFLOW_CTX_DAG_RUN_ID='scheduled__2025-03-30T00:00:00+00:00'
[2025-07-07T14:34:20.420+0000] {taskinstance.py:430} INFO - ::endgroup::
[2025-07-07T14:34:20.421+0000] {cotacoes.py:35} INFO - Iniciando extração da URL: https://www4.bcb.gov.br/Download/fechamento/20250330.csv
[2025-07-07T14:34:20.684+0000] {cotacoes.py:46} WARNING - Não foi possível extrair dados da URL (pode ser um dia sem cotação): 404 Client Error: Not Found for url: https://www4.bcb.gov.br/Download/fechamento/20250330.csv
[2025-07-07T14:34:20.691+0000] {python.py:237} INFO - Done. Returned value was: None
[2025-07-07T14:34:20.692+0000] {taskinstance.py:441} INFO - ::group::Post task execution logs
[2025-07-07T14:34:20.727+0000] {taskinstance.py:1206} INFO - Marking task as SUCCESS. dag_id=fin_cotacoes_bcb_classic, task_id=extract, run_id=scheduled__2025-03-30T00:00:00+00:00, execution_date=20250330T000000, start_date=20250707T143419, end_date=20250707T143420
[2025-07-07T14:34:20.817+0000] {local_task_job_runner.py:240} INFO - Task exited with return code 0
[2025-07-07T14:34:20.852+0000] {taskinstance.py:3503} INFO - 0 downstream tasks scheduled from follow-on schedule check
[2025-07-07T14:34:20.858+0000] {local_task_job_runner.py:222} INFO - ::endgroup::
[2025-07-07T15:11:46.943+0000] {local_task_job_runner.py:120} INFO - ::group::Pre task execution logs
[2025-07-07T15:11:47.014+0000] {taskinstance.py:2076} INFO - Dependencies all met for dep_context=non-requeueable deps ti=<TaskInstance: fin_cotacoes_bcb_classic.extract scheduled__2025-03-30T00:00:00+00:00 [queued]>
[2025-07-07T15:11:47.044+0000] {taskinstance.py:2076} INFO - Dependencies all met for dep_context=requeueable deps ti=<TaskInstance: fin_cotacoes_bcb_classic.extract scheduled__2025-03-30T00:00:00+00:00 [queued]>
[2025-07-07T15:11:47.044+0000] {taskinstance.py:2306} INFO - Starting attempt 1 of 2
[2025-07-07T15:11:47.105+0000] {taskinstance.py:2330} INFO - Executing <Task(PythonOperator): extract> on 2025-03-30 00:00:00+00:00
[2025-07-07T15:11:47.129+0000] {standard_task_runner.py:90} INFO - Running: ['***', 'tasks', 'run', 'fin_cotacoes_bcb_classic', 'extract', 'scheduled__2025-03-30T00:00:00+00:00', '--job-id', '4123', '--raw', '--subdir', 'DAGS_FOLDER/cotacoes.py', '--cfg-path', '/tmp/tmpoh4p3b_u']
[2025-07-07T15:11:47.136+0000] {standard_task_runner.py:91} INFO - Job 4123: Subtask extract
[2025-07-07T15:11:47.146+0000] {logging_mixin.py:188} WARNING - /home/***/.local/lib/python3.12/site-packages/***/task/task_runner/standard_task_runner.py:61 DeprecationWarning: This process (pid=103309) is multi-threaded, use of fork() may lead to deadlocks in the child.
[2025-07-07T15:11:47.147+0000] {standard_task_runner.py:63} INFO - Started process 103368 to run task
[2025-07-07T15:11:47.301+0000] {task_command.py:426} INFO - Running <TaskInstance: fin_cotacoes_bcb_classic.extract scheduled__2025-03-30T00:00:00+00:00 [running]> on host bc96ca91d307
[2025-07-07T15:11:47.626+0000] {taskinstance.py:2648} INFO - Exporting env vars: AIRFLOW_CTX_DAG_OWNER='***' AIRFLOW_CTX_DAG_ID='fin_cotacoes_bcb_classic' AIRFLOW_CTX_TASK_ID='extract' AIRFLOW_CTX_EXECUTION_DATE='2025-03-30T00:00:00+00:00' AIRFLOW_CTX_TRY_NUMBER='1' AIRFLOW_CTX_DAG_RUN_ID='scheduled__2025-03-30T00:00:00+00:00'
[2025-07-07T15:11:47.627+0000] {taskinstance.py:430} INFO - ::endgroup::
[2025-07-07T15:11:47.628+0000] {cotacoes.py:35} INFO - Iniciando extração da URL: https://www4.bcb.gov.br/Download/fechamento/20250330.csv
[2025-07-07T15:11:48.003+0000] {cotacoes.py:46} WARNING - Não foi possível extrair dados da URL (pode ser um dia sem cotação): 404 Client Error: Not Found for url: https://www4.bcb.gov.br/Download/fechamento/20250330.csv
[2025-07-07T15:11:48.005+0000] {python.py:237} INFO - Done. Returned value was: None
[2025-07-07T15:11:48.020+0000] {taskinstance.py:441} INFO - ::group::Post task execution logs
[2025-07-07T15:11:48.045+0000] {taskinstance.py:1206} INFO - Marking task as SUCCESS. dag_id=fin_cotacoes_bcb_classic, task_id=extract, run_id=scheduled__2025-03-30T00:00:00+00:00, execution_date=20250330T000000, start_date=20250707T151147, end_date=20250707T151148
[2025-07-07T15:11:48.144+0000] {local_task_job_runner.py:240} INFO - Task exited with return code 0
[2025-07-07T15:11:48.226+0000] {taskinstance.py:3503} INFO - 1 downstream tasks scheduled from follow-on schedule check
[2025-07-07T15:11:48.229+0000] {local_task_job_runner.py:222} INFO - ::endgroup::
