[2025-07-05T19:23:35.483+0000] {local_task_job_runner.py:120} INFO - ::group::Pre task execution logs
[2025-07-05T19:23:35.552+0000] {taskinstance.py:2076} INFO - Dependencies all met for dep_context=non-requeueable deps ti=<TaskInstance: fin_cotacoes_bcb_classic.extract scheduled__2023-02-09T00:00:00+00:00 [queued]>
[2025-07-05T19:23:35.574+0000] {taskinstance.py:2076} INFO - Dependencies all met for dep_context=requeueable deps ti=<TaskInstance: fin_cotacoes_bcb_classic.extract scheduled__2023-02-09T00:00:00+00:00 [queued]>
[2025-07-05T19:23:35.575+0000] {taskinstance.py:2306} INFO - Starting attempt 1 of 2
[2025-07-05T19:23:35.798+0000] {taskinstance.py:2330} INFO - Executing <Task(PythonOperator): extract> on 2023-02-09 00:00:00+00:00
[2025-07-05T19:23:35.826+0000] {logging_mixin.py:188} WARNING - /home/***/.local/lib/python3.12/site-packages/***/task/task_runner/standard_task_runner.py:61 DeprecationWarning: This process (pid=8523) is multi-threaded, use of fork() may lead to deadlocks in the child.
[2025-07-05T19:23:35.827+0000] {standard_task_runner.py:63} INFO - Started process 8557 to run task
[2025-07-05T19:23:35.822+0000] {standard_task_runner.py:90} INFO - Running: ['***', 'tasks', 'run', 'fin_cotacoes_bcb_classic', 'extract', 'scheduled__2023-02-09T00:00:00+00:00', '--job-id', '109', '--raw', '--subdir', 'DAGS_FOLDER/cotacoes.py', '--cfg-path', '/tmp/tmppwclokil']
[2025-07-05T19:23:35.829+0000] {standard_task_runner.py:91} INFO - Job 109: Subtask extract
[2025-07-05T19:23:35.977+0000] {task_command.py:426} INFO - Running <TaskInstance: fin_cotacoes_bcb_classic.extract scheduled__2023-02-09T00:00:00+00:00 [running]> on host 20adb53d65c4
[2025-07-05T19:23:36.161+0000] {taskinstance.py:2648} INFO - Exporting env vars: AIRFLOW_CTX_DAG_OWNER='***' AIRFLOW_CTX_DAG_ID='fin_cotacoes_bcb_classic' AIRFLOW_CTX_TASK_ID='extract' AIRFLOW_CTX_EXECUTION_DATE='2023-02-09T00:00:00+00:00' AIRFLOW_CTX_TRY_NUMBER='1' AIRFLOW_CTX_DAG_RUN_ID='scheduled__2023-02-09T00:00:00+00:00'
[2025-07-05T19:23:36.162+0000] {taskinstance.py:430} INFO - ::endgroup::
[2025-07-05T19:23:36.163+0000] {cotacoes.py:32} WARNING - https://www4.bcb.gov.br/Download/fechamento/20230209.csv
[2025-07-05T19:23:36.575+0000] {python.py:237} INFO - Done. Returned value was: 09/02/2023;005;A;AFN;0,05824000;0,05838000;89,61000000;89,81000000
09/02/2023;009;A;ETB;0,09714000;0,09766000;53,57120000;53,85030000
09/02/2023;015;A;THB;0,15590000;0,15610000;33,52000000;33,55000000
09/02/2023;020;A;PAB;5,23090000;5,23150000;1,00000000;1,00000000
09/02/2023;027;A;VES;0,21970000;0,22030000;23,75000000;23,80950000
09/02/2023;030;A;BOB;0,74620000;0,76260000;6,86000000;7,01000000
09/02/2023;035;A;GHS;0,41850000;0,45490000;11,50000000;12,50000000
09/02/2023;040;A;CRC;0,00898800;0,00904700;578,25000000;582,00000000
09/02/2023;045;A;SVC;0,59710000;0,59790000;8,74980000;8,75980000
09/02/2023;051;A;NIO;0,14140000;0,14500000;36,08000000;37,00000000
09/02/2023;055;A;DKK;0,75650000;0,75660000;6,91440000;6,91500000
09/02/2023;060;A;ISK;0,03721000;0,03726000;140,40000000;140,58000000
09/02/2023;065;A;NOK;0,51690000;0,51700000;10,11800000;10,12030000
09/02/2023;070;A;SEK;0,50750000;0,50770000;10,30380000;10,30680000
09/02/2023;075;A;CZK;0,23730000;0,23750000;22,03100000;22,04100000
09/02/2023;090;A;GMD;0,08048000;0,08493000;61,60000000;65,00000000
09/02/2023;095;A;DZD;0,03833000;0,03850000;135,88320000;136,47320000
09/02/2023;100;A;KWD;17,11120000;17,11880000;0,30560000;0,30570000
09/02/2023;105;A;BHD;13,87870000;13,88030000;0,37690000;0,37690000
09/02/2023;115;A;IQD;0,00358200;0,00358700;1458,52000000;1460,52000000
09/02/2023;125;A;JOD;7,36330000;7,36930000;0,70990000;0,71040000
09/02/2023;130;A;LYD;1,08980000;1,09500000;4,77760000;4,79990000
09/02/2023;132;A;MKD;0,09140000;0,09173000;57,03000000;57,23000000
09/02/2023;133;A;RSD;0,04791000;0,04802000;108,95000000;109,19000000
09/02/2023;134;A;SDG;0,00920100;0,00925700;565,15020000;568,49120000
09/02/2023;135;A;TND;1,67520000;1,68620000;3,10260000;3,12260000
09/02/2023;136;A;SSP;0,00683200;0,00694200;753,65110000;765,65110000
09/02/2023;138;B;SDR;7,02770000;7,02850000;1,34350000;1,34350000
09/02/2023;139;A;MAD;0,51100000;0,51130000;10,23210000;10,23710000
09/02/2023;145;A;AED;1,42410000;1,42440000;3,67290000;3,67320000
09/02/2023;149;A;STN;0,22500000;0,22970000;22,77790000;23,25140000
09/02/2023;150;B;AUD;3,64590000;3,64740000;0,69700000;0,69720000
09/02/2023;155;A;BSD;5,23090000;5,23150000;1,00000000;1,00000000
09/02/2023;160;A;BMD;5,23090000;5,23150000;1,00000000;1,00000000
09/02/2023;165;A;CAD;3,89870000;3,90030000;1,34130000;1,34170000
09/02/2023;170;A;GYD;0,02467000;0,02491000;210,00000000;212,00000000
09/02/2023;173;A;NAD;0,29450000;0,29520000;17,72300000;17,75900000
09/02/2023;175;A;BBD;2,56400000;2,61820000;1,99810000;2,04010000
09/02/2023;180;A;BZD;2,57270000;2,61810000;1,99820000;2,03320000
09/02/2023;185;A;BND;3,95140000;3,95460000;1,32290000;1,32380000
09/02/2023;190;A;KYD;6,26460000;6,34120000;0,82500000;0,83500000
09/02/2023;195;A;SGD;3,95140000;3,95460000;1,32290000;1,32380000
09/02/2023;197;B;CLF;230,70360000;230,73010000;44,10400000;44,10400000
09/02/2023;200;B;FJD;2,37330000;2,43210000;0,45370000;0,46490000
09/02/2023;205;A;HKD;0,66640000;0,66650000;7,84980000;7,84990000
09/02/2023;210;A;TTD;0,76630000;0,77510000;6,74930000;6,82600000
09/02/2023;215;A;XCD;1,92310000;1,93760000;2,70000000;2,72000000
09/02/2023;220;A;USD;5,23090000;5,23150000;1,00000000;1,00000000
09/02/2023;230;A;JMD;0,03332000;0,03419000;153,00000000;157,00000000
09/02/2023;235;A;LRD;0,03300000;0,03354000;156,00000000;158,50000000
09/02/2023;245;B;NZD;3,32010000;3,32250000;0,63470000;0,63510000
09/02/2023;250;B;SBD;0,59630000;0,64870000;0,11400000;0,12400000
09/02/2023;255;A;SRD;0,16000000;0,16320000;32,05000000;32,70000000
09/02/2023;260;A;VND;0,00022180;0,00022210;23560,00000000;23580,00000000
09/02/2023;275;A;AMD;0,01308000;0,01336000;391,50000000;400,00000000
09/02/2023;295;A;CVE;0,05055000;0,05103000;102,51000000;103,48000000
09/02/2023;325;A;ANG;2,87410000;2,93160000;1,78450000;1,82000000
09/02/2023;328;A;AWG;2,84290000;2,93900000;1,78000000;1,84000000
09/02/2023;345;A;HUF;0,01459000;0,01460000;358,25000000;358,45000000
09/02/2023;363;A;CDF;0,00249100;0,00254000;2060,00000000;2100,00000000
09/02/2023;365;A;BIF;0,00249100;0,00255000;2052,00000000;2100,00000000
09/02/2023;368;A;KMF;0,01141000;0,01147000;456,27000000;458,27000000
09/02/2023;370;A;XAF;0,00832700;0,00857900;609,80000000;628,16000000
09/02/2023;372;A;XOF;0,00850900;0,00860800;607,75000000;614,75000000
09/02/2023;380;A;XPF;0,04687000;0,04729000;110,63000000;111,61000000
09/02/2023;390;A;DJF;0,02930000;0,02947000;177,50000000;178,55000000
09/02/2023;398;A;GNF;0,00060230;0,00061330;8530,00000000;8685,00000000
09/02/2023;406;A;MGA;0,00120800;0,00121700;4300,62000000;4329,62000000
09/02/2023;420;A;RWF;0,00478500;0,00486100;1076,12000000;1093,12000000
09/02/2023;425;A;CHF;5,69010000;5,69320000;0,91890000;0,91930000
09/02/2023;440;A;HTG;0,03419000;0,03535000;148,00000000;153,00000000
09/02/2023;450;A;PYG;0,00071650;0,00071960;7269,84000000;7300,67000000
09/02/2023;460;A;UAH;0,14160000;0,14170000;36,93000000;36,93430000
09/02/2023;470;A;JPY;0,03995000;0,03997000;130,89000000;130,92000000
09/02/2023;482;A;GEL;1,93740000;1,98160000;2,64000000;2,70000000
09/02/2023;490;A;ALL;0,04830000;0,04867000;107,50000000;108,30000000
09/02/2023;495;A;HNL;0,21090000;0,21350000;24,50390000;24,80000000
09/02/2023;500;A;SLL;0,00026390;0,00026690;19600,00000000;19825,00000000
09/02/2023;503;A;MDL;0,27560000;0,27710000;18,87850000;18,97850000
09/02/2023;506;A;RON;1,14930000;1,15070000;4,54620000;4,55130000
09/02/2023;510;A;BGN;2,87570000;2,87750000;1,81810000;1,81900000
09/02/2023;530;B;GIP;6,32680000;6,33270000;1,20950000;1,21050000
09/02/2023;535;A;EGP;0,17120000;0,17180000;30,45000000;30,55000000
09/02/2023;540;B;GBP;6,36550000;6,36670000;1,21690000;1,21700000
09/02/2023;545;B;FKP;6,32680000;6,33270000;1,20950000;1,21050000
09/02/2023;560;A;LBP;0,00034820;0,00034870;15002,00000000;15022,00000000
09/02/2023;570;B;SHP;6,45600000;6,46190000;1,23420000;1,23520000
09/02/2023;575;A;SYP;0,00208100;0,00208300;2511,00000000;2514,00000000
09/02/2023;585;A;SZL;0,29490000;0,29500000;17,73100000;17,73900000
09/02/2023;603;A;LSL;0,29480000;0,29510000;17,72500000;17,74500000
09/02/2023;608;A;TMT;1,49450000;1,49900000;3,49000000;3,50000000
09/02/2023;622;A;MZN;0,08048000;0,08230000;63,57000000;65,00000000
09/02/2023;625;A;ERN;0,34530000;0,34880000;15,00000000;15,15000000
09/02/2023;630;A;NGN;0,01135000;0,01137000;459,97000000;460,97000000
09/02/2023;635;A;AOA;0,01006000;0,01042000;502,00000000;520,00000000
09/02/2023;640;A;TWD;0,17390000;0,17410000;30,04800000;30,07800000
09/02/2023;642;A;TRY;0,27780000;0,27790000;18,82250000;18,83250000
09/02/2023;660;A;PEN;1,34630000;1,35690000;3,85560000;3,88540000
09/02/2023;665;A;BTN;0,06333000;0,06338000;82,53700000;82,59200000
09/02/2023;670;A;MRO;0,01457000;0,01470000;356,00000000;359,00000000
09/02/2023;671;A;MRU;0,14340000;0,14480000;36,12010000;36,48010000
09/02/2023;680;B;TOP;2,14470000;2,24950000;0,41000000;0,43000000
09/02/2023;685;A;MOP;0,64580000;0,64830000;8,07000000;8,10000000
09/02/2023;706;A;ARS;0,02750000;0,02750000;190,21000000;190,22000000
09/02/2023;715;A;CLP;0,00653200;0,00654500;799,30000000;800,80000000
09/02/2023;720;A;COP;0,00110100;0,00110100;4751,40000000;4752,90000000
09/02/2023;721;B;COU;0,36040000;0,36050000;0,06890000;0,06890000
09/02/2023;725;A;CUP;0,21800000;0,21800000;24,00000000;24,00000000
09/02/2023;730;A;DOP;0,09257000;0,09337000;56,03000000;56,51000000
09/02/2023;735;A;PHP;0,09603000;0,09608000;54,45000000;54,47000000
09/02/2023;741;A;MXN;0,27570000;0,27590000;18,96180000;18,97230000
09/02/2023;745;A;UYU;0,13370000;0,13380000;39,09000000;39,12000000
09/02/2023;755;B;BWP;0,40120000;0,40440000;0,07670000;0,07730000
09/02/2023;760;A;MWK;0,00506400;0,00513900;1017,95000000;1032,95000000
09/02/2023;766;A;ZMW;0,27090000;0,27160000;19,26500000;19,31000000
09/02/2023;770;A;GTQ;0,66640000;0,66810000;7,83000000;7,85000000
09/02/2023;775;A;MMK;0,00248400;0,00249900;2093,70000000;2106,30000000
09/02/2023;778;B;PGK;1,43590000;1,53540000;0,27450000;0,29350000
09/02/2023;780;A;LAK;0,00030860;0,00030960;16900,00000000;16950,00000000
09/02/2023;785;A;ZAR;0,29480000;0,29490000;17,73740000;17,74440000
09/02/2023;795;A;CNY;0,77120000;0,77180000;6,77820000;6,78300000
09/02/2023;796;A;CNH;0,77050000;0,77060000;6,78850000;6,78910000
09/02/2023;800;A;QAR;1,43130000;1,43720000;3,64000000;3,65470000
09/02/2023;805;A;OMR;13,58320000;13,59180000;0,38490000;0,38510000
09/02/2023;810;A;YER;0,02089000;0,02093000;249,95000000;250,45000000
09/02/2023;815;A;IRR;0,00012450;0,00012460;42000,00000000;42005,00000000
09/02/2023;820;A;SAR;1,39380000;1,39410000;3,75260000;3,75290000
09/02/2023;825;A;KHR;0,00127300;0,00127900;4089,00000000;4109,00000000
09/02/2023;828;A;MYR;1,21090000;1,21320000;4,31200000;4,32000000
09/02/2023;830;A;RUB;0,07155000;0,07157000;73,09550000;73,10450000
09/02/2023;831;A;BYN;2,06750000;2,07760000;2,51810000;2,53010000
09/02/2023;835;A;TJS;0,50060000;0,51040000;10,25000000;10,45000000
09/02/2023;840;A;MUR;0,11500000;0,11570000;45,20000000;45,50000000
09/02/2023;845;A;NPR;0,03962000;0,03963000;132,02000000;132,03000000
09/02/2023;850;A;SCR;0,36010000;0,37970000;13,77690000;14,52720000
09/02/2023;855;A;LKR;0,01414000;0,01449000;361,00000000;370,00000000
09/02/2023;860;A;INR;0,06341000;0,06346000;82,43400000;82,48900000
09/02/2023;865;A;IDR;0,00034640;0,00034670;15090,00000000;15099,00000000
09/02/2023;870;A;MVR;0,33750000;0,33930000;15,42000000;15,50000000
09/02/2023;875;A;PKR;0,01902000;0,01909000;274,05000000;274,95000000
09/02/2023;880;A;ILS;1,49480000;1,49750000;3,49350000;3,49950000
09/02/2023;892;A;KGS;0,06025000;0,06029000;86,77000000;86,82430000
09/02/2023;893;A;UZS;0,00046070;0,00046110;11345,12000000;11355,12000000
09/02/2023;905;A;BDT;0,04995000;0,05000000;104,63000000;104,73000000
09/02/2023;912;B;WST;1,89780000;1,98690000;0,36280000;0,37980000
09/02/2023;913;A;KZT;0,01156000;0,01157000;452,03000000;452,38000000
09/02/2023;915;A;MNT;0,00148000;0,00150100;3485,00000000;3535,00000000
09/02/2023;920;A;VUV;0,04253000;0,04363000;119,90000000;123,00000000
09/02/2023;930;A;KRW;0,00415200;0,00415400;1259,37000000;1259,93000000
09/02/2023;946;A;TZS;0,00223100;0,00224100;2335,00000000;2345,00000000
09/02/2023;950;A;KES;0,04175000;0,04182000;125,10000000;125,30000000
09/02/2023;955;A;UGX;0,00142300;0,00142700;3665,00000000;3675,00000000
09/02/2023;960;A;SOS;0,00914500;0,00925900;565,00000000;572,00000000
09/02/2023;975;A;PLN;1,18420000;1,18480000;4,41540000;4,41740000
09/02/2023;978;B;EUR;5,62900000;5,63170000;1,07610000;1,07650000
09/02/2023;998;A;XAU;314,16820000;314,20420000;0,01665000;0,01665000

[2025-07-05T19:23:36.576+0000] {taskinstance.py:441} INFO - ::group::Post task execution logs
[2025-07-05T19:23:36.632+0000] {taskinstance.py:1206} INFO - Marking task as SUCCESS. dag_id=fin_cotacoes_bcb_classic, task_id=extract, run_id=scheduled__2023-02-09T00:00:00+00:00, execution_date=20230209T000000, start_date=20250705T192335, end_date=20250705T192336
[2025-07-05T19:23:36.905+0000] {local_task_job_runner.py:240} INFO - Task exited with return code 0
[2025-07-05T19:23:36.926+0000] {logging_mixin.py:188} WARNING - /home/***/.local/lib/python3.12/site-packages/***/models/baseoperator.py:1297 AirflowProviderDeprecationWarning: Call to deprecated class PostgresOperator. (Please use `***.providers.common.sql.operators.sql.SQLExecuteQueryOperator`.Also, you can provide `hook_params={'schema': <database>}`.)
[2025-07-05T19:23:36.975+0000] {taskinstance.py:3503} INFO - 1 downstream tasks scheduled from follow-on schedule check
[2025-07-05T19:23:36.978+0000] {local_task_job_runner.py:222} INFO - ::endgroup::
