[2025-07-06T19:23:39.367+0000] {local_task_job_runner.py:120} INFO - ::group::Pre task execution logs
[2025-07-06T19:23:39.464+0000] {taskinstance.py:2076} INFO - Dependencies all met for dep_context=non-requeueable deps ti=<TaskInstance: fin_cotacoes_bcb_classic.extract scheduled__2025-01-17T00:00:00+00:00 [queued]>
[2025-07-06T19:23:39.475+0000] {taskinstance.py:2076} INFO - Dependencies all met for dep_context=requeueable deps ti=<TaskInstance: fin_cotacoes_bcb_classic.extract scheduled__2025-01-17T00:00:00+00:00 [queued]>
[2025-07-06T19:23:39.476+0000] {taskinstance.py:2306} INFO - Starting attempt 1 of 2
[2025-07-06T19:23:39.700+0000] {taskinstance.py:2330} INFO - Executing <Task(PythonOperator): extract> on 2025-01-17 00:00:00+00:00
[2025-07-06T19:23:39.720+0000] {logging_mixin.py:188} WARNING - /home/***/.local/lib/python3.12/site-packages/***/task/task_runner/standard_task_runner.py:61 DeprecationWarning: This process (pid=20108) is multi-threaded, use of fork() may lead to deadlocks in the child.
[2025-07-06T19:23:39.721+0000] {standard_task_runner.py:63} INFO - Started process 20128 to run task
[2025-07-06T19:23:39.724+0000] {standard_task_runner.py:90} INFO - Running: ['***', 'tasks', 'run', 'fin_cotacoes_bcb_classic', 'extract', 'scheduled__2025-01-17T00:00:00+00:00', '--job-id', '974', '--raw', '--subdir', 'DAGS_FOLDER/cotacoes.py', '--cfg-path', '/tmp/tmp355ceo4p']
[2025-07-06T19:23:39.726+0000] {standard_task_runner.py:91} INFO - Job 974: Subtask extract
[2025-07-06T19:23:39.829+0000] {task_command.py:426} INFO - Running <TaskInstance: fin_cotacoes_bcb_classic.extract scheduled__2025-01-17T00:00:00+00:00 [running]> on host 20adb53d65c4
[2025-07-06T19:23:39.996+0000] {taskinstance.py:2648} INFO - Exporting env vars: AIRFLOW_CTX_DAG_OWNER='***' AIRFLOW_CTX_DAG_ID='fin_cotacoes_bcb_classic' AIRFLOW_CTX_TASK_ID='extract' AIRFLOW_CTX_EXECUTION_DATE='2025-01-17T00:00:00+00:00' AIRFLOW_CTX_TRY_NUMBER='1' AIRFLOW_CTX_DAG_RUN_ID='scheduled__2025-01-17T00:00:00+00:00'
[2025-07-06T19:23:39.997+0000] {taskinstance.py:430} INFO - ::endgroup::
[2025-07-06T19:23:40.000+0000] {cotacoes.py:37} INFO - Iniciando extração da URL: https://www4.bcb.gov.br/Download/fechamento/20250117.csv
[2025-07-06T19:23:40.336+0000] {cotacoes.py:43} INFO - Extração concluída com sucesso.
[2025-07-06T19:23:40.343+0000] {python.py:237} INFO - Done. Returned value was: 17/01/2025;005;A;AFN;0,08250000;0,08273000;73,26000000;73,46000000
17/01/2025;009;A;ETB;0,04653000;0,04840000;125,23700000;130,23700000
17/01/2025;015;A;THB;0,17630000;0,17640000;34,35000000;34,38000000
17/01/2025;020;A;PAB;6,06030000;6,06090000;1,00000000;1,00000000
17/01/2025;027;A;VES;0,11070000;0,11100000;54,62310000;54,76000000
17/01/2025;030;A;BOB;0,86450000;0,88350000;6,86000000;7,01000000
17/01/2025;035;A;GHS;0,40270000;0,40410000;15,00000000;15,05000000
17/01/2025;040;A;CRC;0,01201000;0,01215000;498,66000000;504,81000000
17/01/2025;045;A;SVC;0,69190000;0,69270000;8,74950000;8,75950000
17/01/2025;051;A;NIO;0,16380000;0,16560000;36,60000000;37,00000000
17/01/2025;055;A;DKK;0,83660000;0,83680000;7,24280000;7,24420000
17/01/2025;060;A;ISK;0,04283000;0,04292000;141,20000000;141,50000000
17/01/2025;065;A;NOK;0,53140000;0,53160000;11,40170000;11,40430000
17/01/2025;070;A;SEK;0,54370000;0,54380000;11,14520000;11,14690000
17/01/2025;075;A;CZK;0,24700000;0,24720000;24,52100000;24,53100000
17/01/2025;090;A;GMD;0,08302000;0,08418000;72,00000000;73,00000000
17/01/2025;095;A;DZD;0,04456000;0,04474000;135,45830000;136,01620000
17/01/2025;100;A;KWD;19,61900000;19,65910000;0,30830000;0,30890000
17/01/2025;105;A;BHD;16,07080000;16,08520000;0,37680000;0,37710000
17/01/2025;115;A;IQD;0,00462300;0,00463000;1309,00000000;1311,00000000
17/01/2025;125;A;JOD;8,53560000;8,56060000;0,70800000;0,71000000
17/01/2025;130;A;LYD;1,21990000;1,22550000;4,94550000;4,96780000
17/01/2025;132;A;MKD;0,10070000;0,10160000;59,68000000;60,20000000
17/01/2025;133;A;RSD;0,05323000;0,05333000;113,65000000;113,85000000
17/01/2025;134;A;SDG;0,01006000;0,01012000;598,80020000;602,14120000
17/01/2025;135;A;TND;1,88090000;1,88290000;3,21900000;3,22200000
17/01/2025;136;A;SSP;0,00147800;0,00151500;4000,00000000;4100,00000000
17/01/2025;138;B;SDR;7,86570000;7,86640000;1,29790000;1,29790000
17/01/2025;139;A;MAD;0,60280000;0,60320000;10,04810000;10,05310000
17/01/2025;145;A;AED;1,64980000;1,65030000;3,67270000;3,67330000
17/01/2025;149;A;STN;0,24960000;0,25470000;23,79560000;24,28360000
17/01/2025;150;B;AUD;3,76770000;3,76990000;0,62170000;0,62200000
17/01/2025;155;A;BSD;6,06030000;6,06090000;1,00000000;1,00000000
17/01/2025;160;A;BMD;6,06030000;6,06090000;1,00000000;1,00000000
17/01/2025;165;A;CAD;4,20770000;4,20900000;1,44000000;1,44030000
17/01/2025;170;A;GYD;0,02880000;0,02914000;207,98000000;210,45000000
17/01/2025;173;A;NAD;0,32390000;0,32400000;18,70600000;18,70890000
17/01/2025;175;A;BBD;2,97060000;3,03330000;1,99810000;2,04010000
17/01/2025;180;A;BZD;3,00430000;3,03010000;2,00020000;2,01720000
17/01/2025;185;A;BND;4,43300000;4,43600000;1,36630000;1,36710000
17/01/2025;190;A;KYD;7,25780000;7,32440000;0,82750000;0,83500000
17/01/2025;195;A;SGD;4,43300000;4,43600000;1,36630000;1,36710000
17/01/2025;197;B;CLF;230,95200000;230,97480000;38,10900000;38,10900000
17/01/2025;200;B;FJD;2,56410000;2,64680000;0,42310000;0,43670000
17/01/2025;205;A;HKD;0,77860000;0,77870000;7,78350000;7,78360000
17/01/2025;210;A;TTD;0,88780000;0,89670000;6,75900000;6,82600000
17/01/2025;215;A;XCD;2,22810000;2,25310000;2,69000000;2,72000000
17/01/2025;220;A;USD;6,06030000;6,06090000;1,00000000;1,00000000
17/01/2025;230;A;JMD;0,03831000;0,03875000;156,41000000;158,21000000
17/01/2025;235;A;LRD;0,03173000;0,03207000;189,00000000;191,00000000
17/01/2025;245;B;NZD;3,39320000;3,39590000;0,55990000;0,56030000
17/01/2025;250;B;SBD;0,67880000;0,75160000;0,11200000;0,12400000
17/01/2025;255;A;SRD;0,17050000;0,17440000;34,76000000;35,54500000
17/01/2025;260;A;VND;0,00023920;0,00023940;25315,00000000;25340,00000000
17/01/2025;275;A;AMD;0,01500000;0,01527000;397,00500000;404,00000000
17/01/2025;295;A;CVE;0,05607000;0,05659000;107,11000000;108,09000000
17/01/2025;325;A;ANG;3,32980000;3,39640000;1,78450000;1,82000000
17/01/2025;328;A;AWG;3,29360000;3,40500000;1,78000000;1,84000000
17/01/2025;345;A;HUF;0,01510000;0,01512000;400,92000000;401,32000000
17/01/2025;363;A;CDF;0,00211200;0,00214200;2830,00000000;2870,00000000
17/01/2025;365;A;BIF;0,00202000;0,00207700;2917,50000000;3000,00000000
17/01/2025;368;A;KMF;0,01262000;0,01267000;478,18000000;480,18000000
17/01/2025;370;A;XAF;0,00923300;0,00951200;637,22000000;656,37000000
17/01/2025;372;A;XOF;0,00944700;0,00955200;634,50000000;641,50000000
17/01/2025;380;A;XPF;0,05198000;0,05245000;115,56000000;116,58000000
17/01/2025;390;A;DJF;0,03394000;0,03413000;177,60000000;178,55000000
17/01/2025;398;A;GNF;0,00069780;0,00070430;8606,00000000;8685,00000000
17/01/2025;406;A;MGA;0,00128600;0,00129600;4675,61000000;4714,37000000
17/01/2025;420;A;RWF;0,00432300;0,00441000;1374,40000000;1401,80000000
17/01/2025;425;A;CHF;6,63200000;6,63340000;0,91370000;0,91380000
17/01/2025;440;A;HTG;0,04624000;0,04661000;130,02150000;131,06720000
17/01/2025;450;A;PYG;0,00076340;0,00076580;7914,28000000;7938,87000000
17/01/2025;460;A;UAH;0,14380000;0,14400000;42,09000000;42,14000000
17/01/2025;470;A;JPY;0,03882000;0,03883000;156,09000000;156,12000000
17/01/2025;482;A;GEL;2,10570000;2,15230000;2,81600000;2,87800000
17/01/2025;490;A;ALL;0,06330000;0,06387000;94,90000000;95,74000000
17/01/2025;495;A;HNL;0,23770000;0,23880000;25,37640000;25,50000000
17/01/2025;500;A;SLL;0,00026450;0,00026720;22683,00000000;22908,00000000
17/01/2025;503;A;MDL;0,32030000;0,32200000;18,82000000;18,92000000
17/01/2025;506;A;RON;1,25300000;1,25460000;4,83100000;4,83680000
17/01/2025;510;A;BGN;3,18900000;3,19010000;1,89990000;1,90040000
17/01/2025;530;B;GIP;7,39960000;7,40640000;1,22100000;1,22200000
17/01/2025;535;A;EGP;0,12010000;0,12040000;50,35000000;50,45000000
17/01/2025;540;B;GBP;7,39050000;7,39430000;1,21950000;1,22000000
17/01/2025;545;B;FKP;7,39960000;7,40640000;1,22100000;1,22200000
17/01/2025;560;A;LBP;0,00006760;0,00006770;89500,00000000;89600,00000000
17/01/2025;570;B;SHP;7,38510000;7,39190000;1,21860000;1,21960000
17/01/2025;575;A;SYP;0,00046580;0,00046620;13000,00000000;13010,00000000
17/01/2025;585;A;SZL;0,32360000;0,32420000;18,69400000;18,72600000
17/01/2025;603;A;LSL;0,32390000;0,32400000;18,70670000;18,70970000
17/01/2025;608;A;TMT;1,72920000;1,73430000;3,49470000;3,50470000
17/01/2025;622;A;MZN;0,09390000;0,09579000;63,27000000;64,54000000
17/01/2025;625;A;ERN;0,40000000;0,40410000;15,00000000;15,15000000
17/01/2025;630;A;NGN;0,00386800;0,00391900;1546,71000000;1566,71000000
17/01/2025;635;A;AOA;0,00650900;0,00664600;912,00000000;931,09600000
17/01/2025;640;A;TWD;0,18440000;0,18460000;32,84100000;32,87100000
17/01/2025;642;A;TRY;0,17040000;0,17040000;35,55860000;35,56540000
17/01/2025;660;A;PEN;1,61820000;1,62010000;3,74110000;3,74510000
17/01/2025;665;A;BTN;0,06996000;0,07006000;86,51100000;86,62000000
17/01/2025;670;A;MRO;0,01688000;0,01703000;356,00000000;359,00000000
17/01/2025;671;A;MRU;0,15230000;0,15280000;39,67000000;39,79000000
17/01/2025;680;B;TOP;2,44290000;2,59470000;0,40310000;0,42810000
17/01/2025;685;A;MOP;0,75480000;0,75600000;8,01700000;8,02900000
17/01/2025;706;A;ARS;0,00581600;0,00581900;1041,50000000;1042,00000000
17/01/2025;715;A;CLP;0,00601100;0,00601700;1007,24000000;1008,13000000
17/01/2025;720;A;COP;0,00139400;0,00139500;4344,63000000;4347,27000000
17/01/2025;721;B;COU;0,52300000;0,52310000;0,08630000;0,08630000
17/01/2025;725;A;CUP;0,25250000;0,25250000;24,00000000;24,00000000
17/01/2025;730;A;DOP;0,09825000;0,09887000;61,30000000;61,68000000
17/01/2025;735;A;PHP;0,10370000;0,10380000;58,39500000;58,41500000
17/01/2025;741;A;MXN;0,29270000;0,29290000;20,69600000;20,70200000
17/01/2025;745;A;UYU;0,13770000;0,13780000;43,98000000;44,01000000
17/01/2025;755;B;BWP;0,43150000;0,43580000;0,07120000;0,07190000
17/01/2025;760;A;MWK;0,00346200;0,00353000;1717,02000000;1750,32000000
17/01/2025;766;A;ZMW;0,21740000;0,21780000;27,82480000;27,87480000
17/01/2025;770;A;GTQ;0,78400000;0,78610000;7,71000000;7,73000000
17/01/2025;775;A;MMK;0,00287700;0,00289500;2093,70000000;2106,30000000
17/01/2025;778;B;PGK;1,46480000;1,51640000;0,24170000;0,25020000
17/01/2025;780;A;LAK;0,00027630;0,00027920;21705,00000000;21935,00000000
17/01/2025;785;A;ZAR;0,32390000;0,32400000;18,70820000;18,71310000
17/01/2025;795;A;CNY;0,82720000;0,82740000;7,32510000;7,32600000
17/01/2025;796;A;CNH;0,82590000;0,82590000;7,33810000;7,33820000
17/01/2025;800;A;QAR;1,66190000;1,66260000;3,64550000;3,64650000
17/01/2025;805;A;OMR;15,73700000;15,74670000;0,38490000;0,38510000
17/01/2025;810;A;YER;0,02433000;0,02438000;248,62000000;249,12000000
17/01/2025;815;A;IRR;0,00014430;0,00014430;42000,00000000;42005,00000000
17/01/2025;820;A;SAR;1,61470000;1,61590000;3,75080000;3,75320000
17/01/2025;825;A;KHR;0,00149800;0,00150600;4025,00000000;4045,00000000
17/01/2025;828;A;MYR;1,34430000;1,34570000;4,50400000;4,50800000
17/01/2025;830;A;RUB;0,05927000;0,05928000;102,24550000;102,25450000
17/01/2025;831;A;BYN;1,84820000;1,85570000;3,26610000;3,27910000
17/01/2025;835;A;TJS;0,55190000;0,55860000;10,85000000;10,98000000
17/01/2025;840;A;MUR;0,12890000;0,12980000;46,71000000;47,01000000
17/01/2025;845;A;NPR;0,04373000;0,04374000;138,58000000;138,59000000
17/01/2025;850;A;SCR;0,42060000;0,42060000;14,40920000;14,40960000
17/01/2025;855;A;LKR;0,02043000;0,02046000;296,30000000;296,60000000
17/01/2025;860;A;INR;0,06998000;0,07003000;86,54400000;86,59900000
17/01/2025;865;A;IDR;0,00037020;0,00037050;16360,00000000;16370,00000000
17/01/2025;870;A;MVR;0,39100000;0,39310000;15,42000000;15,50000000
17/01/2025;875;A;PKR;0,02174000;0,02175000;278,65000000;278,75000000
17/01/2025;880;A;ILS;1,69590000;1,70560000;3,55360000;3,57360000
17/01/2025;892;A;KGS;0,06926000;0,06931000;87,44950000;87,50380000
17/01/2025;893;A;UZS;0,00046720;0,00046760;12962,00000000;12972,00000000
17/01/2025;905;A;BDT;0,04967000;0,05009000;121,00000000;122,00000000
17/01/2025;912;B;WST;2,07380000;2,20740000;0,34220000;0,36420000
17/01/2025;913;A;KZT;0,01142000;0,01143000;530,25000000;530,80000000
17/01/2025;915;A;MNT;0,00176400;0,00176700;3430,00000000;3436,00000000
17/01/2025;920;A;VUV;0,04927000;0,05225000;116,00000000;123,00000000
17/01/2025;930;A;KRW;0,00415800;0,00416000;1456,81000000;1457,52000000
17/01/2025;946;A;TZS;0,00238600;0,00240500;2520,00000000;2540,00000000
17/01/2025;950;A;KES;0,04671000;0,04689000;129,25000000;129,75000000
17/01/2025;955;A;UGX;0,00164500;0,00164900;3675,00000000;3685,00000000
17/01/2025;960;A;SOS;0,01054000;0,01067000;568,00000000;575,00000000
17/01/2025;975;A;PLN;1,46550000;1,46600000;4,13420000;4,13540000
17/01/2025;978;B;EUR;6,24090000;6,24270000;1,02980000;1,03000000
17/01/2025;998;A;XAU;528,82200000;528,87430000;0,01146000;0,01146000

[2025-07-06T19:23:40.344+0000] {taskinstance.py:441} INFO - ::group::Post task execution logs
[2025-07-06T19:23:40.421+0000] {taskinstance.py:1206} INFO - Marking task as SUCCESS. dag_id=fin_cotacoes_bcb_classic, task_id=extract, run_id=scheduled__2025-01-17T00:00:00+00:00, execution_date=20250117T000000, start_date=20250706T192339, end_date=20250706T192340
[2025-07-06T19:23:40.628+0000] {local_task_job_runner.py:240} INFO - Task exited with return code 0
[2025-07-06T19:23:40.655+0000] {logging_mixin.py:188} WARNING - /home/***/.local/lib/python3.12/site-packages/***/models/baseoperator.py:1297 AirflowProviderDeprecationWarning: Call to deprecated class PostgresOperator. (Please use `***.providers.common.sql.operators.sql.SQLExecuteQueryOperator`.Also, you can provide `hook_params={'schema': <database>}`.)
[2025-07-06T19:23:40.681+0000] {taskinstance.py:3503} INFO - 1 downstream tasks scheduled from follow-on schedule check
[2025-07-06T19:23:40.687+0000] {local_task_job_runner.py:222} INFO - ::endgroup::
[2025-07-07T13:57:41.979+0000] {local_task_job_runner.py:120} INFO - ::group::Pre task execution logs
[2025-07-07T13:57:42.061+0000] {taskinstance.py:2076} INFO - Dependencies all met for dep_context=non-requeueable deps ti=<TaskInstance: fin_cotacoes_bcb_classic.extract scheduled__2025-01-17T00:00:00+00:00 [queued]>
[2025-07-07T13:57:42.078+0000] {taskinstance.py:2076} INFO - Dependencies all met for dep_context=requeueable deps ti=<TaskInstance: fin_cotacoes_bcb_classic.extract scheduled__2025-01-17T00:00:00+00:00 [queued]>
[2025-07-07T13:57:42.079+0000] {taskinstance.py:2306} INFO - Starting attempt 1 of 2
[2025-07-07T13:57:42.128+0000] {taskinstance.py:2330} INFO - Executing <Task(PythonOperator): extract> on 2025-01-17 00:00:00+00:00
[2025-07-07T13:57:42.157+0000] {logging_mixin.py:188} WARNING - /home/***/.local/lib/python3.12/site-packages/***/task/task_runner/standard_task_runner.py:61 DeprecationWarning: This process (pid=57108) is multi-threaded, use of fork() may lead to deadlocks in the child.
[2025-07-07T13:57:42.158+0000] {standard_task_runner.py:63} INFO - Started process 57133 to run task
[2025-07-07T13:57:42.160+0000] {standard_task_runner.py:90} INFO - Running: ['***', 'tasks', 'run', 'fin_cotacoes_bcb_classic', 'extract', 'scheduled__2025-01-17T00:00:00+00:00', '--job-id', '1724', '--raw', '--subdir', 'DAGS_FOLDER/cotacoes.py', '--cfg-path', '/tmp/tmps_d_5g48']
[2025-07-07T13:57:42.162+0000] {standard_task_runner.py:91} INFO - Job 1724: Subtask extract
[2025-07-07T13:57:42.228+0000] {task_command.py:426} INFO - Running <TaskInstance: fin_cotacoes_bcb_classic.extract scheduled__2025-01-17T00:00:00+00:00 [running]> on host bc96ca91d307
[2025-07-07T13:57:42.402+0000] {taskinstance.py:2648} INFO - Exporting env vars: AIRFLOW_CTX_DAG_OWNER='***' AIRFLOW_CTX_DAG_ID='fin_cotacoes_bcb_classic' AIRFLOW_CTX_TASK_ID='extract' AIRFLOW_CTX_EXECUTION_DATE='2025-01-17T00:00:00+00:00' AIRFLOW_CTX_TRY_NUMBER='1' AIRFLOW_CTX_DAG_RUN_ID='scheduled__2025-01-17T00:00:00+00:00'
[2025-07-07T13:57:42.405+0000] {taskinstance.py:430} INFO - ::endgroup::
[2025-07-07T13:57:42.406+0000] {cotacoes.py:35} INFO - Iniciando extração da URL: https://www4.bcb.gov.br/Download/fechamento/20250117.csv
[2025-07-07T13:57:42.695+0000] {cotacoes.py:41} INFO - Extração concluída com sucesso.
[2025-07-07T13:57:42.697+0000] {python.py:237} INFO - Done. Returned value was: 17/01/2025;005;A;AFN;0,08250000;0,08273000;73,26000000;73,46000000
17/01/2025;009;A;ETB;0,04653000;0,04840000;125,23700000;130,23700000
17/01/2025;015;A;THB;0,17630000;0,17640000;34,35000000;34,38000000
17/01/2025;020;A;PAB;6,06030000;6,06090000;1,00000000;1,00000000
17/01/2025;027;A;VES;0,11070000;0,11100000;54,62310000;54,76000000
17/01/2025;030;A;BOB;0,86450000;0,88350000;6,86000000;7,01000000
17/01/2025;035;A;GHS;0,40270000;0,40410000;15,00000000;15,05000000
17/01/2025;040;A;CRC;0,01201000;0,01215000;498,66000000;504,81000000
17/01/2025;045;A;SVC;0,69190000;0,69270000;8,74950000;8,75950000
17/01/2025;051;A;NIO;0,16380000;0,16560000;36,60000000;37,00000000
17/01/2025;055;A;DKK;0,83660000;0,83680000;7,24280000;7,24420000
17/01/2025;060;A;ISK;0,04283000;0,04292000;141,20000000;141,50000000
17/01/2025;065;A;NOK;0,53140000;0,53160000;11,40170000;11,40430000
17/01/2025;070;A;SEK;0,54370000;0,54380000;11,14520000;11,14690000
17/01/2025;075;A;CZK;0,24700000;0,24720000;24,52100000;24,53100000
17/01/2025;090;A;GMD;0,08302000;0,08418000;72,00000000;73,00000000
17/01/2025;095;A;DZD;0,04456000;0,04474000;135,45830000;136,01620000
17/01/2025;100;A;KWD;19,61900000;19,65910000;0,30830000;0,30890000
17/01/2025;105;A;BHD;16,07080000;16,08520000;0,37680000;0,37710000
17/01/2025;115;A;IQD;0,00462300;0,00463000;1309,00000000;1311,00000000
17/01/2025;125;A;JOD;8,53560000;8,56060000;0,70800000;0,71000000
17/01/2025;130;A;LYD;1,21990000;1,22550000;4,94550000;4,96780000
17/01/2025;132;A;MKD;0,10070000;0,10160000;59,68000000;60,20000000
17/01/2025;133;A;RSD;0,05323000;0,05333000;113,65000000;113,85000000
17/01/2025;134;A;SDG;0,01006000;0,01012000;598,80020000;602,14120000
17/01/2025;135;A;TND;1,88090000;1,88290000;3,21900000;3,22200000
17/01/2025;136;A;SSP;0,00147800;0,00151500;4000,00000000;4100,00000000
17/01/2025;138;B;SDR;7,86570000;7,86640000;1,29790000;1,29790000
17/01/2025;139;A;MAD;0,60280000;0,60320000;10,04810000;10,05310000
17/01/2025;145;A;AED;1,64980000;1,65030000;3,67270000;3,67330000
17/01/2025;149;A;STN;0,24960000;0,25470000;23,79560000;24,28360000
17/01/2025;150;B;AUD;3,76770000;3,76990000;0,62170000;0,62200000
17/01/2025;155;A;BSD;6,06030000;6,06090000;1,00000000;1,00000000
17/01/2025;160;A;BMD;6,06030000;6,06090000;1,00000000;1,00000000
17/01/2025;165;A;CAD;4,20770000;4,20900000;1,44000000;1,44030000
17/01/2025;170;A;GYD;0,02880000;0,02914000;207,98000000;210,45000000
17/01/2025;173;A;NAD;0,32390000;0,32400000;18,70600000;18,70890000
17/01/2025;175;A;BBD;2,97060000;3,03330000;1,99810000;2,04010000
17/01/2025;180;A;BZD;3,00430000;3,03010000;2,00020000;2,01720000
17/01/2025;185;A;BND;4,43300000;4,43600000;1,36630000;1,36710000
17/01/2025;190;A;KYD;7,25780000;7,32440000;0,82750000;0,83500000
17/01/2025;195;A;SGD;4,43300000;4,43600000;1,36630000;1,36710000
17/01/2025;197;B;CLF;230,95200000;230,97480000;38,10900000;38,10900000
17/01/2025;200;B;FJD;2,56410000;2,64680000;0,42310000;0,43670000
17/01/2025;205;A;HKD;0,77860000;0,77870000;7,78350000;7,78360000
17/01/2025;210;A;TTD;0,88780000;0,89670000;6,75900000;6,82600000
17/01/2025;215;A;XCD;2,22810000;2,25310000;2,69000000;2,72000000
17/01/2025;220;A;USD;6,06030000;6,06090000;1,00000000;1,00000000
17/01/2025;230;A;JMD;0,03831000;0,03875000;156,41000000;158,21000000
17/01/2025;235;A;LRD;0,03173000;0,03207000;189,00000000;191,00000000
17/01/2025;245;B;NZD;3,39320000;3,39590000;0,55990000;0,56030000
17/01/2025;250;B;SBD;0,67880000;0,75160000;0,11200000;0,12400000
17/01/2025;255;A;SRD;0,17050000;0,17440000;34,76000000;35,54500000
17/01/2025;260;A;VND;0,00023920;0,00023940;25315,00000000;25340,00000000
17/01/2025;275;A;AMD;0,01500000;0,01527000;397,00500000;404,00000000
17/01/2025;295;A;CVE;0,05607000;0,05659000;107,11000000;108,09000000
17/01/2025;325;A;ANG;3,32980000;3,39640000;1,78450000;1,82000000
17/01/2025;328;A;AWG;3,29360000;3,40500000;1,78000000;1,84000000
17/01/2025;345;A;HUF;0,01510000;0,01512000;400,92000000;401,32000000
17/01/2025;363;A;CDF;0,00211200;0,00214200;2830,00000000;2870,00000000
17/01/2025;365;A;BIF;0,00202000;0,00207700;2917,50000000;3000,00000000
17/01/2025;368;A;KMF;0,01262000;0,01267000;478,18000000;480,18000000
17/01/2025;370;A;XAF;0,00923300;0,00951200;637,22000000;656,37000000
17/01/2025;372;A;XOF;0,00944700;0,00955200;634,50000000;641,50000000
17/01/2025;380;A;XPF;0,05198000;0,05245000;115,56000000;116,58000000
17/01/2025;390;A;DJF;0,03394000;0,03413000;177,60000000;178,55000000
17/01/2025;398;A;GNF;0,00069780;0,00070430;8606,00000000;8685,00000000
17/01/2025;406;A;MGA;0,00128600;0,00129600;4675,61000000;4714,37000000
17/01/2025;420;A;RWF;0,00432300;0,00441000;1374,40000000;1401,80000000
17/01/2025;425;A;CHF;6,63200000;6,63340000;0,91370000;0,91380000
17/01/2025;440;A;HTG;0,04624000;0,04661000;130,02150000;131,06720000
17/01/2025;450;A;PYG;0,00076340;0,00076580;7914,28000000;7938,87000000
17/01/2025;460;A;UAH;0,14380000;0,14400000;42,09000000;42,14000000
17/01/2025;470;A;JPY;0,03882000;0,03883000;156,09000000;156,12000000
17/01/2025;482;A;GEL;2,10570000;2,15230000;2,81600000;2,87800000
17/01/2025;490;A;ALL;0,06330000;0,06387000;94,90000000;95,74000000
17/01/2025;495;A;HNL;0,23770000;0,23880000;25,37640000;25,50000000
17/01/2025;500;A;SLL;0,00026450;0,00026720;22683,00000000;22908,00000000
17/01/2025;503;A;MDL;0,32030000;0,32200000;18,82000000;18,92000000
17/01/2025;506;A;RON;1,25300000;1,25460000;4,83100000;4,83680000
17/01/2025;510;A;BGN;3,18900000;3,19010000;1,89990000;1,90040000
17/01/2025;530;B;GIP;7,39960000;7,40640000;1,22100000;1,22200000
17/01/2025;535;A;EGP;0,12010000;0,12040000;50,35000000;50,45000000
17/01/2025;540;B;GBP;7,39050000;7,39430000;1,21950000;1,22000000
17/01/2025;545;B;FKP;7,39960000;7,40640000;1,22100000;1,22200000
17/01/2025;560;A;LBP;0,00006760;0,00006770;89500,00000000;89600,00000000
17/01/2025;570;B;SHP;7,38510000;7,39190000;1,21860000;1,21960000
17/01/2025;575;A;SYP;0,00046580;0,00046620;13000,00000000;13010,00000000
17/01/2025;585;A;SZL;0,32360000;0,32420000;18,69400000;18,72600000
17/01/2025;603;A;LSL;0,32390000;0,32400000;18,70670000;18,70970000
17/01/2025;608;A;TMT;1,72920000;1,73430000;3,49470000;3,50470000
17/01/2025;622;A;MZN;0,09390000;0,09579000;63,27000000;64,54000000
17/01/2025;625;A;ERN;0,40000000;0,40410000;15,00000000;15,15000000
17/01/2025;630;A;NGN;0,00386800;0,00391900;1546,71000000;1566,71000000
17/01/2025;635;A;AOA;0,00650900;0,00664600;912,00000000;931,09600000
17/01/2025;640;A;TWD;0,18440000;0,18460000;32,84100000;32,87100000
17/01/2025;642;A;TRY;0,17040000;0,17040000;35,55860000;35,56540000
17/01/2025;660;A;PEN;1,61820000;1,62010000;3,74110000;3,74510000
17/01/2025;665;A;BTN;0,06996000;0,07006000;86,51100000;86,62000000
17/01/2025;670;A;MRO;0,01688000;0,01703000;356,00000000;359,00000000
17/01/2025;671;A;MRU;0,15230000;0,15280000;39,67000000;39,79000000
17/01/2025;680;B;TOP;2,44290000;2,59470000;0,40310000;0,42810000
17/01/2025;685;A;MOP;0,75480000;0,75600000;8,01700000;8,02900000
17/01/2025;706;A;ARS;0,00581600;0,00581900;1041,50000000;1042,00000000
17/01/2025;715;A;CLP;0,00601100;0,00601700;1007,24000000;1008,13000000
17/01/2025;720;A;COP;0,00139400;0,00139500;4344,63000000;4347,27000000
17/01/2025;721;B;COU;0,52300000;0,52310000;0,08630000;0,08630000
17/01/2025;725;A;CUP;0,25250000;0,25250000;24,00000000;24,00000000
17/01/2025;730;A;DOP;0,09825000;0,09887000;61,30000000;61,68000000
17/01/2025;735;A;PHP;0,10370000;0,10380000;58,39500000;58,41500000
17/01/2025;741;A;MXN;0,29270000;0,29290000;20,69600000;20,70200000
17/01/2025;745;A;UYU;0,13770000;0,13780000;43,98000000;44,01000000
17/01/2025;755;B;BWP;0,43150000;0,43580000;0,07120000;0,07190000
17/01/2025;760;A;MWK;0,00346200;0,00353000;1717,02000000;1750,32000000
17/01/2025;766;A;ZMW;0,21740000;0,21780000;27,82480000;27,87480000
17/01/2025;770;A;GTQ;0,78400000;0,78610000;7,71000000;7,73000000
17/01/2025;775;A;MMK;0,00287700;0,00289500;2093,70000000;2106,30000000
17/01/2025;778;B;PGK;1,46480000;1,51640000;0,24170000;0,25020000
17/01/2025;780;A;LAK;0,00027630;0,00027920;21705,00000000;21935,00000000
17/01/2025;785;A;ZAR;0,32390000;0,32400000;18,70820000;18,71310000
17/01/2025;795;A;CNY;0,82720000;0,82740000;7,32510000;7,32600000
17/01/2025;796;A;CNH;0,82590000;0,82590000;7,33810000;7,33820000
17/01/2025;800;A;QAR;1,66190000;1,66260000;3,64550000;3,64650000
17/01/2025;805;A;OMR;15,73700000;15,74670000;0,38490000;0,38510000
17/01/2025;810;A;YER;0,02433000;0,02438000;248,62000000;249,12000000
17/01/2025;815;A;IRR;0,00014430;0,00014430;42000,00000000;42005,00000000
17/01/2025;820;A;SAR;1,61470000;1,61590000;3,75080000;3,75320000
17/01/2025;825;A;KHR;0,00149800;0,00150600;4025,00000000;4045,00000000
17/01/2025;828;A;MYR;1,34430000;1,34570000;4,50400000;4,50800000
17/01/2025;830;A;RUB;0,05927000;0,05928000;102,24550000;102,25450000
17/01/2025;831;A;BYN;1,84820000;1,85570000;3,26610000;3,27910000
17/01/2025;835;A;TJS;0,55190000;0,55860000;10,85000000;10,98000000
17/01/2025;840;A;MUR;0,12890000;0,12980000;46,71000000;47,01000000
17/01/2025;845;A;NPR;0,04373000;0,04374000;138,58000000;138,59000000
17/01/2025;850;A;SCR;0,42060000;0,42060000;14,40920000;14,40960000
17/01/2025;855;A;LKR;0,02043000;0,02046000;296,30000000;296,60000000
17/01/2025;860;A;INR;0,06998000;0,07003000;86,54400000;86,59900000
17/01/2025;865;A;IDR;0,00037020;0,00037050;16360,00000000;16370,00000000
17/01/2025;870;A;MVR;0,39100000;0,39310000;15,42000000;15,50000000
17/01/2025;875;A;PKR;0,02174000;0,02175000;278,65000000;278,75000000
17/01/2025;880;A;ILS;1,69590000;1,70560000;3,55360000;3,57360000
17/01/2025;892;A;KGS;0,06926000;0,06931000;87,44950000;87,50380000
17/01/2025;893;A;UZS;0,00046720;0,00046760;12962,00000000;12972,00000000
17/01/2025;905;A;BDT;0,04967000;0,05009000;121,00000000;122,00000000
17/01/2025;912;B;WST;2,07380000;2,20740000;0,34220000;0,36420000
17/01/2025;913;A;KZT;0,01142000;0,01143000;530,25000000;530,80000000
17/01/2025;915;A;MNT;0,00176400;0,00176700;3430,00000000;3436,00000000
17/01/2025;920;A;VUV;0,04927000;0,05225000;116,00000000;123,00000000
17/01/2025;930;A;KRW;0,00415800;0,00416000;1456,81000000;1457,52000000
17/01/2025;946;A;TZS;0,00238600;0,00240500;2520,00000000;2540,00000000
17/01/2025;950;A;KES;0,04671000;0,04689000;129,25000000;129,75000000
17/01/2025;955;A;UGX;0,00164500;0,00164900;3675,00000000;3685,00000000
17/01/2025;960;A;SOS;0,01054000;0,01067000;568,00000000;575,00000000
17/01/2025;975;A;PLN;1,46550000;1,46600000;4,13420000;4,13540000
17/01/2025;978;B;EUR;6,24090000;6,24270000;1,02980000;1,03000000
17/01/2025;998;A;XAU;528,82200000;528,87430000;0,01146000;0,01146000

[2025-07-07T13:57:42.707+0000] {taskinstance.py:441} INFO - ::group::Post task execution logs
[2025-07-07T13:57:42.763+0000] {taskinstance.py:1206} INFO - Marking task as SUCCESS. dag_id=fin_cotacoes_bcb_classic, task_id=extract, run_id=scheduled__2025-01-17T00:00:00+00:00, execution_date=20250117T000000, start_date=20250707T135742, end_date=20250707T135742
[2025-07-07T13:57:42.828+0000] {local_task_job_runner.py:240} INFO - Task exited with return code 0
[2025-07-07T13:57:42.913+0000] {taskinstance.py:3503} INFO - 1 downstream tasks scheduled from follow-on schedule check
[2025-07-07T13:57:42.919+0000] {local_task_job_runner.py:222} INFO - ::endgroup::
[2025-07-07T14:06:38.576+0000] {local_task_job_runner.py:120} INFO - ::group::Pre task execution logs
[2025-07-07T14:06:38.599+0000] {taskinstance.py:2076} INFO - Dependencies all met for dep_context=non-requeueable deps ti=<TaskInstance: fin_cotacoes_bcb_classic.extract scheduled__2025-01-17T00:00:00+00:00 [queued]>
[2025-07-07T14:06:38.604+0000] {taskinstance.py:2076} INFO - Dependencies all met for dep_context=requeueable deps ti=<TaskInstance: fin_cotacoes_bcb_classic.extract scheduled__2025-01-17T00:00:00+00:00 [queued]>
[2025-07-07T14:06:38.604+0000] {taskinstance.py:2306} INFO - Starting attempt 1 of 2
[2025-07-07T14:06:38.612+0000] {taskinstance.py:2330} INFO - Executing <Task(PythonOperator): extract> on 2025-01-17 00:00:00+00:00
[2025-07-07T14:06:38.619+0000] {logging_mixin.py:188} WARNING - /home/***/.local/lib/python3.12/site-packages/***/task/task_runner/standard_task_runner.py:61 DeprecationWarning: This process (pid=62121) is multi-threaded, use of fork() may lead to deadlocks in the child.
[2025-07-07T14:06:38.619+0000] {standard_task_runner.py:90} INFO - Running: ['***', 'tasks', 'run', 'fin_cotacoes_bcb_classic', 'extract', 'scheduled__2025-01-17T00:00:00+00:00', '--job-id', '1813', '--raw', '--subdir', 'DAGS_FOLDER/cotacoes.py', '--cfg-path', '/tmp/tmp3hlybmp0']
[2025-07-07T14:06:38.620+0000] {standard_task_runner.py:63} INFO - Started process 62137 to run task
[2025-07-07T14:06:38.620+0000] {standard_task_runner.py:91} INFO - Job 1813: Subtask extract
[2025-07-07T14:06:38.655+0000] {task_command.py:426} INFO - Running <TaskInstance: fin_cotacoes_bcb_classic.extract scheduled__2025-01-17T00:00:00+00:00 [running]> on host bc96ca91d307
[2025-07-07T14:06:38.707+0000] {taskinstance.py:2648} INFO - Exporting env vars: AIRFLOW_CTX_DAG_OWNER='***' AIRFLOW_CTX_DAG_ID='fin_cotacoes_bcb_classic' AIRFLOW_CTX_TASK_ID='extract' AIRFLOW_CTX_EXECUTION_DATE='2025-01-17T00:00:00+00:00' AIRFLOW_CTX_TRY_NUMBER='1' AIRFLOW_CTX_DAG_RUN_ID='scheduled__2025-01-17T00:00:00+00:00'
[2025-07-07T14:06:38.708+0000] {taskinstance.py:430} INFO - ::endgroup::
[2025-07-07T14:06:38.708+0000] {cotacoes.py:35} INFO - Iniciando extração da URL: https://www4.bcb.gov.br/Download/fechamento/20250117.csv
[2025-07-07T14:06:38.862+0000] {cotacoes.py:41} INFO - Extração concluída com sucesso.
[2025-07-07T14:06:38.863+0000] {python.py:237} INFO - Done. Returned value was: 17/01/2025;005;A;AFN;0,08250000;0,08273000;73,26000000;73,46000000
17/01/2025;009;A;ETB;0,04653000;0,04840000;125,23700000;130,23700000
17/01/2025;015;A;THB;0,17630000;0,17640000;34,35000000;34,38000000
17/01/2025;020;A;PAB;6,06030000;6,06090000;1,00000000;1,00000000
17/01/2025;027;A;VES;0,11070000;0,11100000;54,62310000;54,76000000
17/01/2025;030;A;BOB;0,86450000;0,88350000;6,86000000;7,01000000
17/01/2025;035;A;GHS;0,40270000;0,40410000;15,00000000;15,05000000
17/01/2025;040;A;CRC;0,01201000;0,01215000;498,66000000;504,81000000
17/01/2025;045;A;SVC;0,69190000;0,69270000;8,74950000;8,75950000
17/01/2025;051;A;NIO;0,16380000;0,16560000;36,60000000;37,00000000
17/01/2025;055;A;DKK;0,83660000;0,83680000;7,24280000;7,24420000
17/01/2025;060;A;ISK;0,04283000;0,04292000;141,20000000;141,50000000
17/01/2025;065;A;NOK;0,53140000;0,53160000;11,40170000;11,40430000
17/01/2025;070;A;SEK;0,54370000;0,54380000;11,14520000;11,14690000
17/01/2025;075;A;CZK;0,24700000;0,24720000;24,52100000;24,53100000
17/01/2025;090;A;GMD;0,08302000;0,08418000;72,00000000;73,00000000
17/01/2025;095;A;DZD;0,04456000;0,04474000;135,45830000;136,01620000
17/01/2025;100;A;KWD;19,61900000;19,65910000;0,30830000;0,30890000
17/01/2025;105;A;BHD;16,07080000;16,08520000;0,37680000;0,37710000
17/01/2025;115;A;IQD;0,00462300;0,00463000;1309,00000000;1311,00000000
17/01/2025;125;A;JOD;8,53560000;8,56060000;0,70800000;0,71000000
17/01/2025;130;A;LYD;1,21990000;1,22550000;4,94550000;4,96780000
17/01/2025;132;A;MKD;0,10070000;0,10160000;59,68000000;60,20000000
17/01/2025;133;A;RSD;0,05323000;0,05333000;113,65000000;113,85000000
17/01/2025;134;A;SDG;0,01006000;0,01012000;598,80020000;602,14120000
17/01/2025;135;A;TND;1,88090000;1,88290000;3,21900000;3,22200000
17/01/2025;136;A;SSP;0,00147800;0,00151500;4000,00000000;4100,00000000
17/01/2025;138;B;SDR;7,86570000;7,86640000;1,29790000;1,29790000
17/01/2025;139;A;MAD;0,60280000;0,60320000;10,04810000;10,05310000
17/01/2025;145;A;AED;1,64980000;1,65030000;3,67270000;3,67330000
17/01/2025;149;A;STN;0,24960000;0,25470000;23,79560000;24,28360000
17/01/2025;150;B;AUD;3,76770000;3,76990000;0,62170000;0,62200000
17/01/2025;155;A;BSD;6,06030000;6,06090000;1,00000000;1,00000000
17/01/2025;160;A;BMD;6,06030000;6,06090000;1,00000000;1,00000000
17/01/2025;165;A;CAD;4,20770000;4,20900000;1,44000000;1,44030000
17/01/2025;170;A;GYD;0,02880000;0,02914000;207,98000000;210,45000000
17/01/2025;173;A;NAD;0,32390000;0,32400000;18,70600000;18,70890000
17/01/2025;175;A;BBD;2,97060000;3,03330000;1,99810000;2,04010000
17/01/2025;180;A;BZD;3,00430000;3,03010000;2,00020000;2,01720000
17/01/2025;185;A;BND;4,43300000;4,43600000;1,36630000;1,36710000
17/01/2025;190;A;KYD;7,25780000;7,32440000;0,82750000;0,83500000
17/01/2025;195;A;SGD;4,43300000;4,43600000;1,36630000;1,36710000
17/01/2025;197;B;CLF;230,95200000;230,97480000;38,10900000;38,10900000
17/01/2025;200;B;FJD;2,56410000;2,64680000;0,42310000;0,43670000
17/01/2025;205;A;HKD;0,77860000;0,77870000;7,78350000;7,78360000
17/01/2025;210;A;TTD;0,88780000;0,89670000;6,75900000;6,82600000
17/01/2025;215;A;XCD;2,22810000;2,25310000;2,69000000;2,72000000
17/01/2025;220;A;USD;6,06030000;6,06090000;1,00000000;1,00000000
17/01/2025;230;A;JMD;0,03831000;0,03875000;156,41000000;158,21000000
17/01/2025;235;A;LRD;0,03173000;0,03207000;189,00000000;191,00000000
17/01/2025;245;B;NZD;3,39320000;3,39590000;0,55990000;0,56030000
17/01/2025;250;B;SBD;0,67880000;0,75160000;0,11200000;0,12400000
17/01/2025;255;A;SRD;0,17050000;0,17440000;34,76000000;35,54500000
17/01/2025;260;A;VND;0,00023920;0,00023940;25315,00000000;25340,00000000
17/01/2025;275;A;AMD;0,01500000;0,01527000;397,00500000;404,00000000
17/01/2025;295;A;CVE;0,05607000;0,05659000;107,11000000;108,09000000
17/01/2025;325;A;ANG;3,32980000;3,39640000;1,78450000;1,82000000
17/01/2025;328;A;AWG;3,29360000;3,40500000;1,78000000;1,84000000
17/01/2025;345;A;HUF;0,01510000;0,01512000;400,92000000;401,32000000
17/01/2025;363;A;CDF;0,00211200;0,00214200;2830,00000000;2870,00000000
17/01/2025;365;A;BIF;0,00202000;0,00207700;2917,50000000;3000,00000000
17/01/2025;368;A;KMF;0,01262000;0,01267000;478,18000000;480,18000000
17/01/2025;370;A;XAF;0,00923300;0,00951200;637,22000000;656,37000000
17/01/2025;372;A;XOF;0,00944700;0,00955200;634,50000000;641,50000000
17/01/2025;380;A;XPF;0,05198000;0,05245000;115,56000000;116,58000000
17/01/2025;390;A;DJF;0,03394000;0,03413000;177,60000000;178,55000000
17/01/2025;398;A;GNF;0,00069780;0,00070430;8606,00000000;8685,00000000
17/01/2025;406;A;MGA;0,00128600;0,00129600;4675,61000000;4714,37000000
17/01/2025;420;A;RWF;0,00432300;0,00441000;1374,40000000;1401,80000000
17/01/2025;425;A;CHF;6,63200000;6,63340000;0,91370000;0,91380000
17/01/2025;440;A;HTG;0,04624000;0,04661000;130,02150000;131,06720000
17/01/2025;450;A;PYG;0,00076340;0,00076580;7914,28000000;7938,87000000
17/01/2025;460;A;UAH;0,14380000;0,14400000;42,09000000;42,14000000
17/01/2025;470;A;JPY;0,03882000;0,03883000;156,09000000;156,12000000
17/01/2025;482;A;GEL;2,10570000;2,15230000;2,81600000;2,87800000
17/01/2025;490;A;ALL;0,06330000;0,06387000;94,90000000;95,74000000
17/01/2025;495;A;HNL;0,23770000;0,23880000;25,37640000;25,50000000
17/01/2025;500;A;SLL;0,00026450;0,00026720;22683,00000000;22908,00000000
17/01/2025;503;A;MDL;0,32030000;0,32200000;18,82000000;18,92000000
17/01/2025;506;A;RON;1,25300000;1,25460000;4,83100000;4,83680000
17/01/2025;510;A;BGN;3,18900000;3,19010000;1,89990000;1,90040000
17/01/2025;530;B;GIP;7,39960000;7,40640000;1,22100000;1,22200000
17/01/2025;535;A;EGP;0,12010000;0,12040000;50,35000000;50,45000000
17/01/2025;540;B;GBP;7,39050000;7,39430000;1,21950000;1,22000000
17/01/2025;545;B;FKP;7,39960000;7,40640000;1,22100000;1,22200000
17/01/2025;560;A;LBP;0,00006760;0,00006770;89500,00000000;89600,00000000
17/01/2025;570;B;SHP;7,38510000;7,39190000;1,21860000;1,21960000
17/01/2025;575;A;SYP;0,00046580;0,00046620;13000,00000000;13010,00000000
17/01/2025;585;A;SZL;0,32360000;0,32420000;18,69400000;18,72600000
17/01/2025;603;A;LSL;0,32390000;0,32400000;18,70670000;18,70970000
17/01/2025;608;A;TMT;1,72920000;1,73430000;3,49470000;3,50470000
17/01/2025;622;A;MZN;0,09390000;0,09579000;63,27000000;64,54000000
17/01/2025;625;A;ERN;0,40000000;0,40410000;15,00000000;15,15000000
17/01/2025;630;A;NGN;0,00386800;0,00391900;1546,71000000;1566,71000000
17/01/2025;635;A;AOA;0,00650900;0,00664600;912,00000000;931,09600000
17/01/2025;640;A;TWD;0,18440000;0,18460000;32,84100000;32,87100000
17/01/2025;642;A;TRY;0,17040000;0,17040000;35,55860000;35,56540000
17/01/2025;660;A;PEN;1,61820000;1,62010000;3,74110000;3,74510000
17/01/2025;665;A;BTN;0,06996000;0,07006000;86,51100000;86,62000000
17/01/2025;670;A;MRO;0,01688000;0,01703000;356,00000000;359,00000000
17/01/2025;671;A;MRU;0,15230000;0,15280000;39,67000000;39,79000000
17/01/2025;680;B;TOP;2,44290000;2,59470000;0,40310000;0,42810000
17/01/2025;685;A;MOP;0,75480000;0,75600000;8,01700000;8,02900000
17/01/2025;706;A;ARS;0,00581600;0,00581900;1041,50000000;1042,00000000
17/01/2025;715;A;CLP;0,00601100;0,00601700;1007,24000000;1008,13000000
17/01/2025;720;A;COP;0,00139400;0,00139500;4344,63000000;4347,27000000
17/01/2025;721;B;COU;0,52300000;0,52310000;0,08630000;0,08630000
17/01/2025;725;A;CUP;0,25250000;0,25250000;24,00000000;24,00000000
17/01/2025;730;A;DOP;0,09825000;0,09887000;61,30000000;61,68000000
17/01/2025;735;A;PHP;0,10370000;0,10380000;58,39500000;58,41500000
17/01/2025;741;A;MXN;0,29270000;0,29290000;20,69600000;20,70200000
17/01/2025;745;A;UYU;0,13770000;0,13780000;43,98000000;44,01000000
17/01/2025;755;B;BWP;0,43150000;0,43580000;0,07120000;0,07190000
17/01/2025;760;A;MWK;0,00346200;0,00353000;1717,02000000;1750,32000000
17/01/2025;766;A;ZMW;0,21740000;0,21780000;27,82480000;27,87480000
17/01/2025;770;A;GTQ;0,78400000;0,78610000;7,71000000;7,73000000
17/01/2025;775;A;MMK;0,00287700;0,00289500;2093,70000000;2106,30000000
17/01/2025;778;B;PGK;1,46480000;1,51640000;0,24170000;0,25020000
17/01/2025;780;A;LAK;0,00027630;0,00027920;21705,00000000;21935,00000000
17/01/2025;785;A;ZAR;0,32390000;0,32400000;18,70820000;18,71310000
17/01/2025;795;A;CNY;0,82720000;0,82740000;7,32510000;7,32600000
17/01/2025;796;A;CNH;0,82590000;0,82590000;7,33810000;7,33820000
17/01/2025;800;A;QAR;1,66190000;1,66260000;3,64550000;3,64650000
17/01/2025;805;A;OMR;15,73700000;15,74670000;0,38490000;0,38510000
17/01/2025;810;A;YER;0,02433000;0,02438000;248,62000000;249,12000000
17/01/2025;815;A;IRR;0,00014430;0,00014430;42000,00000000;42005,00000000
17/01/2025;820;A;SAR;1,61470000;1,61590000;3,75080000;3,75320000
17/01/2025;825;A;KHR;0,00149800;0,00150600;4025,00000000;4045,00000000
17/01/2025;828;A;MYR;1,34430000;1,34570000;4,50400000;4,50800000
17/01/2025;830;A;RUB;0,05927000;0,05928000;102,24550000;102,25450000
17/01/2025;831;A;BYN;1,84820000;1,85570000;3,26610000;3,27910000
17/01/2025;835;A;TJS;0,55190000;0,55860000;10,85000000;10,98000000
17/01/2025;840;A;MUR;0,12890000;0,12980000;46,71000000;47,01000000
17/01/2025;845;A;NPR;0,04373000;0,04374000;138,58000000;138,59000000
17/01/2025;850;A;SCR;0,42060000;0,42060000;14,40920000;14,40960000
17/01/2025;855;A;LKR;0,02043000;0,02046000;296,30000000;296,60000000
17/01/2025;860;A;INR;0,06998000;0,07003000;86,54400000;86,59900000
17/01/2025;865;A;IDR;0,00037020;0,00037050;16360,00000000;16370,00000000
17/01/2025;870;A;MVR;0,39100000;0,39310000;15,42000000;15,50000000
17/01/2025;875;A;PKR;0,02174000;0,02175000;278,65000000;278,75000000
17/01/2025;880;A;ILS;1,69590000;1,70560000;3,55360000;3,57360000
17/01/2025;892;A;KGS;0,06926000;0,06931000;87,44950000;87,50380000
17/01/2025;893;A;UZS;0,00046720;0,00046760;12962,00000000;12972,00000000
17/01/2025;905;A;BDT;0,04967000;0,05009000;121,00000000;122,00000000
17/01/2025;912;B;WST;2,07380000;2,20740000;0,34220000;0,36420000
17/01/2025;913;A;KZT;0,01142000;0,01143000;530,25000000;530,80000000
17/01/2025;915;A;MNT;0,00176400;0,00176700;3430,00000000;3436,00000000
17/01/2025;920;A;VUV;0,04927000;0,05225000;116,00000000;123,00000000
17/01/2025;930;A;KRW;0,00415800;0,00416000;1456,81000000;1457,52000000
17/01/2025;946;A;TZS;0,00238600;0,00240500;2520,00000000;2540,00000000
17/01/2025;950;A;KES;0,04671000;0,04689000;129,25000000;129,75000000
17/01/2025;955;A;UGX;0,00164500;0,00164900;3675,00000000;3685,00000000
17/01/2025;960;A;SOS;0,01054000;0,01067000;568,00000000;575,00000000
17/01/2025;975;A;PLN;1,46550000;1,46600000;4,13420000;4,13540000
17/01/2025;978;B;EUR;6,24090000;6,24270000;1,02980000;1,03000000
17/01/2025;998;A;XAU;528,82200000;528,87430000;0,01146000;0,01146000

[2025-07-07T14:06:38.863+0000] {taskinstance.py:441} INFO - ::group::Post task execution logs
[2025-07-07T14:06:38.879+0000] {taskinstance.py:1206} INFO - Marking task as SUCCESS. dag_id=fin_cotacoes_bcb_classic, task_id=extract, run_id=scheduled__2025-01-17T00:00:00+00:00, execution_date=20250117T000000, start_date=20250707T140638, end_date=20250707T140638
[2025-07-07T14:06:38.913+0000] {local_task_job_runner.py:240} INFO - Task exited with return code 0
[2025-07-07T14:06:38.940+0000] {taskinstance.py:3503} INFO - 1 downstream tasks scheduled from follow-on schedule check
[2025-07-07T14:06:38.940+0000] {local_task_job_runner.py:222} INFO - ::endgroup::
[2025-07-07T14:14:58.812+0000] {local_task_job_runner.py:120} INFO - ::group::Pre task execution logs
[2025-07-07T14:14:58.847+0000] {taskinstance.py:2076} INFO - Dependencies all met for dep_context=non-requeueable deps ti=<TaskInstance: fin_cotacoes_bcb_classic.extract scheduled__2025-01-17T00:00:00+00:00 [queued]>
[2025-07-07T14:14:58.855+0000] {taskinstance.py:2076} INFO - Dependencies all met for dep_context=requeueable deps ti=<TaskInstance: fin_cotacoes_bcb_classic.extract scheduled__2025-01-17T00:00:00+00:00 [queued]>
[2025-07-07T14:14:58.855+0000] {taskinstance.py:2306} INFO - Starting attempt 1 of 2
[2025-07-07T14:14:58.865+0000] {taskinstance.py:2330} INFO - Executing <Task(PythonOperator): extract> on 2025-01-17 00:00:00+00:00
[2025-07-07T14:14:58.875+0000] {logging_mixin.py:188} WARNING - /home/***/.local/lib/python3.12/site-packages/***/task/task_runner/standard_task_runner.py:61 DeprecationWarning: This process (pid=66887) is multi-threaded, use of fork() may lead to deadlocks in the child.
[2025-07-07T14:14:58.875+0000] {standard_task_runner.py:90} INFO - Running: ['***', 'tasks', 'run', 'fin_cotacoes_bcb_classic', 'extract', 'scheduled__2025-01-17T00:00:00+00:00', '--job-id', '1943', '--raw', '--subdir', 'DAGS_FOLDER/cotacoes.py', '--cfg-path', '/tmp/tmp6qw_jwac']
[2025-07-07T14:14:58.876+0000] {standard_task_runner.py:91} INFO - Job 1943: Subtask extract
[2025-07-07T14:14:58.876+0000] {standard_task_runner.py:63} INFO - Started process 66902 to run task
[2025-07-07T14:14:58.920+0000] {task_command.py:426} INFO - Running <TaskInstance: fin_cotacoes_bcb_classic.extract scheduled__2025-01-17T00:00:00+00:00 [running]> on host bc96ca91d307
[2025-07-07T14:14:59.019+0000] {taskinstance.py:2648} INFO - Exporting env vars: AIRFLOW_CTX_DAG_OWNER='***' AIRFLOW_CTX_DAG_ID='fin_cotacoes_bcb_classic' AIRFLOW_CTX_TASK_ID='extract' AIRFLOW_CTX_EXECUTION_DATE='2025-01-17T00:00:00+00:00' AIRFLOW_CTX_TRY_NUMBER='1' AIRFLOW_CTX_DAG_RUN_ID='scheduled__2025-01-17T00:00:00+00:00'
[2025-07-07T14:14:59.020+0000] {taskinstance.py:430} INFO - ::endgroup::
[2025-07-07T14:14:59.021+0000] {cotacoes.py:35} INFO - Iniciando extração da URL: https://www4.bcb.gov.br/Download/fechamento/20250117.csv
[2025-07-07T14:14:59.185+0000] {cotacoes.py:41} INFO - Extração concluída com sucesso.
[2025-07-07T14:14:59.186+0000] {python.py:237} INFO - Done. Returned value was: 17/01/2025;005;A;AFN;0,08250000;0,08273000;73,26000000;73,46000000
17/01/2025;009;A;ETB;0,04653000;0,04840000;125,23700000;130,23700000
17/01/2025;015;A;THB;0,17630000;0,17640000;34,35000000;34,38000000
17/01/2025;020;A;PAB;6,06030000;6,06090000;1,00000000;1,00000000
17/01/2025;027;A;VES;0,11070000;0,11100000;54,62310000;54,76000000
17/01/2025;030;A;BOB;0,86450000;0,88350000;6,86000000;7,01000000
17/01/2025;035;A;GHS;0,40270000;0,40410000;15,00000000;15,05000000
17/01/2025;040;A;CRC;0,01201000;0,01215000;498,66000000;504,81000000
17/01/2025;045;A;SVC;0,69190000;0,69270000;8,74950000;8,75950000
17/01/2025;051;A;NIO;0,16380000;0,16560000;36,60000000;37,00000000
17/01/2025;055;A;DKK;0,83660000;0,83680000;7,24280000;7,24420000
17/01/2025;060;A;ISK;0,04283000;0,04292000;141,20000000;141,50000000
17/01/2025;065;A;NOK;0,53140000;0,53160000;11,40170000;11,40430000
17/01/2025;070;A;SEK;0,54370000;0,54380000;11,14520000;11,14690000
17/01/2025;075;A;CZK;0,24700000;0,24720000;24,52100000;24,53100000
17/01/2025;090;A;GMD;0,08302000;0,08418000;72,00000000;73,00000000
17/01/2025;095;A;DZD;0,04456000;0,04474000;135,45830000;136,01620000
17/01/2025;100;A;KWD;19,61900000;19,65910000;0,30830000;0,30890000
17/01/2025;105;A;BHD;16,07080000;16,08520000;0,37680000;0,37710000
17/01/2025;115;A;IQD;0,00462300;0,00463000;1309,00000000;1311,00000000
17/01/2025;125;A;JOD;8,53560000;8,56060000;0,70800000;0,71000000
17/01/2025;130;A;LYD;1,21990000;1,22550000;4,94550000;4,96780000
17/01/2025;132;A;MKD;0,10070000;0,10160000;59,68000000;60,20000000
17/01/2025;133;A;RSD;0,05323000;0,05333000;113,65000000;113,85000000
17/01/2025;134;A;SDG;0,01006000;0,01012000;598,80020000;602,14120000
17/01/2025;135;A;TND;1,88090000;1,88290000;3,21900000;3,22200000
17/01/2025;136;A;SSP;0,00147800;0,00151500;4000,00000000;4100,00000000
17/01/2025;138;B;SDR;7,86570000;7,86640000;1,29790000;1,29790000
17/01/2025;139;A;MAD;0,60280000;0,60320000;10,04810000;10,05310000
17/01/2025;145;A;AED;1,64980000;1,65030000;3,67270000;3,67330000
17/01/2025;149;A;STN;0,24960000;0,25470000;23,79560000;24,28360000
17/01/2025;150;B;AUD;3,76770000;3,76990000;0,62170000;0,62200000
17/01/2025;155;A;BSD;6,06030000;6,06090000;1,00000000;1,00000000
17/01/2025;160;A;BMD;6,06030000;6,06090000;1,00000000;1,00000000
17/01/2025;165;A;CAD;4,20770000;4,20900000;1,44000000;1,44030000
17/01/2025;170;A;GYD;0,02880000;0,02914000;207,98000000;210,45000000
17/01/2025;173;A;NAD;0,32390000;0,32400000;18,70600000;18,70890000
17/01/2025;175;A;BBD;2,97060000;3,03330000;1,99810000;2,04010000
17/01/2025;180;A;BZD;3,00430000;3,03010000;2,00020000;2,01720000
17/01/2025;185;A;BND;4,43300000;4,43600000;1,36630000;1,36710000
17/01/2025;190;A;KYD;7,25780000;7,32440000;0,82750000;0,83500000
17/01/2025;195;A;SGD;4,43300000;4,43600000;1,36630000;1,36710000
17/01/2025;197;B;CLF;230,95200000;230,97480000;38,10900000;38,10900000
17/01/2025;200;B;FJD;2,56410000;2,64680000;0,42310000;0,43670000
17/01/2025;205;A;HKD;0,77860000;0,77870000;7,78350000;7,78360000
17/01/2025;210;A;TTD;0,88780000;0,89670000;6,75900000;6,82600000
17/01/2025;215;A;XCD;2,22810000;2,25310000;2,69000000;2,72000000
17/01/2025;220;A;USD;6,06030000;6,06090000;1,00000000;1,00000000
17/01/2025;230;A;JMD;0,03831000;0,03875000;156,41000000;158,21000000
17/01/2025;235;A;LRD;0,03173000;0,03207000;189,00000000;191,00000000
17/01/2025;245;B;NZD;3,39320000;3,39590000;0,55990000;0,56030000
17/01/2025;250;B;SBD;0,67880000;0,75160000;0,11200000;0,12400000
17/01/2025;255;A;SRD;0,17050000;0,17440000;34,76000000;35,54500000
17/01/2025;260;A;VND;0,00023920;0,00023940;25315,00000000;25340,00000000
17/01/2025;275;A;AMD;0,01500000;0,01527000;397,00500000;404,00000000
17/01/2025;295;A;CVE;0,05607000;0,05659000;107,11000000;108,09000000
17/01/2025;325;A;ANG;3,32980000;3,39640000;1,78450000;1,82000000
17/01/2025;328;A;AWG;3,29360000;3,40500000;1,78000000;1,84000000
17/01/2025;345;A;HUF;0,01510000;0,01512000;400,92000000;401,32000000
17/01/2025;363;A;CDF;0,00211200;0,00214200;2830,00000000;2870,00000000
17/01/2025;365;A;BIF;0,00202000;0,00207700;2917,50000000;3000,00000000
17/01/2025;368;A;KMF;0,01262000;0,01267000;478,18000000;480,18000000
17/01/2025;370;A;XAF;0,00923300;0,00951200;637,22000000;656,37000000
17/01/2025;372;A;XOF;0,00944700;0,00955200;634,50000000;641,50000000
17/01/2025;380;A;XPF;0,05198000;0,05245000;115,56000000;116,58000000
17/01/2025;390;A;DJF;0,03394000;0,03413000;177,60000000;178,55000000
17/01/2025;398;A;GNF;0,00069780;0,00070430;8606,00000000;8685,00000000
17/01/2025;406;A;MGA;0,00128600;0,00129600;4675,61000000;4714,37000000
17/01/2025;420;A;RWF;0,00432300;0,00441000;1374,40000000;1401,80000000
17/01/2025;425;A;CHF;6,63200000;6,63340000;0,91370000;0,91380000
17/01/2025;440;A;HTG;0,04624000;0,04661000;130,02150000;131,06720000
17/01/2025;450;A;PYG;0,00076340;0,00076580;7914,28000000;7938,87000000
17/01/2025;460;A;UAH;0,14380000;0,14400000;42,09000000;42,14000000
17/01/2025;470;A;JPY;0,03882000;0,03883000;156,09000000;156,12000000
17/01/2025;482;A;GEL;2,10570000;2,15230000;2,81600000;2,87800000
17/01/2025;490;A;ALL;0,06330000;0,06387000;94,90000000;95,74000000
17/01/2025;495;A;HNL;0,23770000;0,23880000;25,37640000;25,50000000
17/01/2025;500;A;SLL;0,00026450;0,00026720;22683,00000000;22908,00000000
17/01/2025;503;A;MDL;0,32030000;0,32200000;18,82000000;18,92000000
17/01/2025;506;A;RON;1,25300000;1,25460000;4,83100000;4,83680000
17/01/2025;510;A;BGN;3,18900000;3,19010000;1,89990000;1,90040000
17/01/2025;530;B;GIP;7,39960000;7,40640000;1,22100000;1,22200000
17/01/2025;535;A;EGP;0,12010000;0,12040000;50,35000000;50,45000000
17/01/2025;540;B;GBP;7,39050000;7,39430000;1,21950000;1,22000000
17/01/2025;545;B;FKP;7,39960000;7,40640000;1,22100000;1,22200000
17/01/2025;560;A;LBP;0,00006760;0,00006770;89500,00000000;89600,00000000
17/01/2025;570;B;SHP;7,38510000;7,39190000;1,21860000;1,21960000
17/01/2025;575;A;SYP;0,00046580;0,00046620;13000,00000000;13010,00000000
17/01/2025;585;A;SZL;0,32360000;0,32420000;18,69400000;18,72600000
17/01/2025;603;A;LSL;0,32390000;0,32400000;18,70670000;18,70970000
17/01/2025;608;A;TMT;1,72920000;1,73430000;3,49470000;3,50470000
17/01/2025;622;A;MZN;0,09390000;0,09579000;63,27000000;64,54000000
17/01/2025;625;A;ERN;0,40000000;0,40410000;15,00000000;15,15000000
17/01/2025;630;A;NGN;0,00386800;0,00391900;1546,71000000;1566,71000000
17/01/2025;635;A;AOA;0,00650900;0,00664600;912,00000000;931,09600000
17/01/2025;640;A;TWD;0,18440000;0,18460000;32,84100000;32,87100000
17/01/2025;642;A;TRY;0,17040000;0,17040000;35,55860000;35,56540000
17/01/2025;660;A;PEN;1,61820000;1,62010000;3,74110000;3,74510000
17/01/2025;665;A;BTN;0,06996000;0,07006000;86,51100000;86,62000000
17/01/2025;670;A;MRO;0,01688000;0,01703000;356,00000000;359,00000000
17/01/2025;671;A;MRU;0,15230000;0,15280000;39,67000000;39,79000000
17/01/2025;680;B;TOP;2,44290000;2,59470000;0,40310000;0,42810000
17/01/2025;685;A;MOP;0,75480000;0,75600000;8,01700000;8,02900000
17/01/2025;706;A;ARS;0,00581600;0,00581900;1041,50000000;1042,00000000
17/01/2025;715;A;CLP;0,00601100;0,00601700;1007,24000000;1008,13000000
17/01/2025;720;A;COP;0,00139400;0,00139500;4344,63000000;4347,27000000
17/01/2025;721;B;COU;0,52300000;0,52310000;0,08630000;0,08630000
17/01/2025;725;A;CUP;0,25250000;0,25250000;24,00000000;24,00000000
17/01/2025;730;A;DOP;0,09825000;0,09887000;61,30000000;61,68000000
17/01/2025;735;A;PHP;0,10370000;0,10380000;58,39500000;58,41500000
17/01/2025;741;A;MXN;0,29270000;0,29290000;20,69600000;20,70200000
17/01/2025;745;A;UYU;0,13770000;0,13780000;43,98000000;44,01000000
17/01/2025;755;B;BWP;0,43150000;0,43580000;0,07120000;0,07190000
17/01/2025;760;A;MWK;0,00346200;0,00353000;1717,02000000;1750,32000000
17/01/2025;766;A;ZMW;0,21740000;0,21780000;27,82480000;27,87480000
17/01/2025;770;A;GTQ;0,78400000;0,78610000;7,71000000;7,73000000
17/01/2025;775;A;MMK;0,00287700;0,00289500;2093,70000000;2106,30000000
17/01/2025;778;B;PGK;1,46480000;1,51640000;0,24170000;0,25020000
17/01/2025;780;A;LAK;0,00027630;0,00027920;21705,00000000;21935,00000000
17/01/2025;785;A;ZAR;0,32390000;0,32400000;18,70820000;18,71310000
17/01/2025;795;A;CNY;0,82720000;0,82740000;7,32510000;7,32600000
17/01/2025;796;A;CNH;0,82590000;0,82590000;7,33810000;7,33820000
17/01/2025;800;A;QAR;1,66190000;1,66260000;3,64550000;3,64650000
17/01/2025;805;A;OMR;15,73700000;15,74670000;0,38490000;0,38510000
17/01/2025;810;A;YER;0,02433000;0,02438000;248,62000000;249,12000000
17/01/2025;815;A;IRR;0,00014430;0,00014430;42000,00000000;42005,00000000
17/01/2025;820;A;SAR;1,61470000;1,61590000;3,75080000;3,75320000
17/01/2025;825;A;KHR;0,00149800;0,00150600;4025,00000000;4045,00000000
17/01/2025;828;A;MYR;1,34430000;1,34570000;4,50400000;4,50800000
17/01/2025;830;A;RUB;0,05927000;0,05928000;102,24550000;102,25450000
17/01/2025;831;A;BYN;1,84820000;1,85570000;3,26610000;3,27910000
17/01/2025;835;A;TJS;0,55190000;0,55860000;10,85000000;10,98000000
17/01/2025;840;A;MUR;0,12890000;0,12980000;46,71000000;47,01000000
17/01/2025;845;A;NPR;0,04373000;0,04374000;138,58000000;138,59000000
17/01/2025;850;A;SCR;0,42060000;0,42060000;14,40920000;14,40960000
17/01/2025;855;A;LKR;0,02043000;0,02046000;296,30000000;296,60000000
17/01/2025;860;A;INR;0,06998000;0,07003000;86,54400000;86,59900000
17/01/2025;865;A;IDR;0,00037020;0,00037050;16360,00000000;16370,00000000
17/01/2025;870;A;MVR;0,39100000;0,39310000;15,42000000;15,50000000
17/01/2025;875;A;PKR;0,02174000;0,02175000;278,65000000;278,75000000
17/01/2025;880;A;ILS;1,69590000;1,70560000;3,55360000;3,57360000
17/01/2025;892;A;KGS;0,06926000;0,06931000;87,44950000;87,50380000
17/01/2025;893;A;UZS;0,00046720;0,00046760;12962,00000000;12972,00000000
17/01/2025;905;A;BDT;0,04967000;0,05009000;121,00000000;122,00000000
17/01/2025;912;B;WST;2,07380000;2,20740000;0,34220000;0,36420000
17/01/2025;913;A;KZT;0,01142000;0,01143000;530,25000000;530,80000000
17/01/2025;915;A;MNT;0,00176400;0,00176700;3430,00000000;3436,00000000
17/01/2025;920;A;VUV;0,04927000;0,05225000;116,00000000;123,00000000
17/01/2025;930;A;KRW;0,00415800;0,00416000;1456,81000000;1457,52000000
17/01/2025;946;A;TZS;0,00238600;0,00240500;2520,00000000;2540,00000000
17/01/2025;950;A;KES;0,04671000;0,04689000;129,25000000;129,75000000
17/01/2025;955;A;UGX;0,00164500;0,00164900;3675,00000000;3685,00000000
17/01/2025;960;A;SOS;0,01054000;0,01067000;568,00000000;575,00000000
17/01/2025;975;A;PLN;1,46550000;1,46600000;4,13420000;4,13540000
17/01/2025;978;B;EUR;6,24090000;6,24270000;1,02980000;1,03000000
17/01/2025;998;A;XAU;528,82200000;528,87430000;0,01146000;0,01146000

[2025-07-07T14:14:59.187+0000] {taskinstance.py:441} INFO - ::group::Post task execution logs
[2025-07-07T14:14:59.209+0000] {taskinstance.py:1206} INFO - Marking task as SUCCESS. dag_id=fin_cotacoes_bcb_classic, task_id=extract, run_id=scheduled__2025-01-17T00:00:00+00:00, execution_date=20250117T000000, start_date=20250707T141458, end_date=20250707T141459
[2025-07-07T14:14:59.258+0000] {local_task_job_runner.py:240} INFO - Task exited with return code 0
[2025-07-07T14:14:59.291+0000] {taskinstance.py:3503} INFO - 1 downstream tasks scheduled from follow-on schedule check
[2025-07-07T14:14:59.293+0000] {local_task_job_runner.py:222} INFO - ::endgroup::
[2025-07-07T14:32:57.580+0000] {local_task_job_runner.py:120} INFO - ::group::Pre task execution logs
[2025-07-07T14:32:57.731+0000] {taskinstance.py:2076} INFO - Dependencies all met for dep_context=non-requeueable deps ti=<TaskInstance: fin_cotacoes_bcb_classic.extract scheduled__2025-01-17T00:00:00+00:00 [queued]>
[2025-07-07T14:32:57.758+0000] {taskinstance.py:2076} INFO - Dependencies all met for dep_context=requeueable deps ti=<TaskInstance: fin_cotacoes_bcb_classic.extract scheduled__2025-01-17T00:00:00+00:00 [queued]>
[2025-07-07T14:32:57.761+0000] {taskinstance.py:2306} INFO - Starting attempt 1 of 2
[2025-07-07T14:32:57.799+0000] {taskinstance.py:2330} INFO - Executing <Task(PythonOperator): extract> on 2025-01-17 00:00:00+00:00
[2025-07-07T14:32:57.825+0000] {logging_mixin.py:188} WARNING - /home/***/.local/lib/python3.12/site-packages/***/task/task_runner/standard_task_runner.py:61 DeprecationWarning: This process (pid=77214) is multi-threaded, use of fork() may lead to deadlocks in the child.
[2025-07-07T14:32:57.826+0000] {standard_task_runner.py:63} INFO - Started process 77272 to run task
[2025-07-07T14:32:57.820+0000] {standard_task_runner.py:90} INFO - Running: ['***', 'tasks', 'run', 'fin_cotacoes_bcb_classic', 'extract', 'scheduled__2025-01-17T00:00:00+00:00', '--job-id', '2231', '--raw', '--subdir', 'DAGS_FOLDER/cotacoes.py', '--cfg-path', '/tmp/tmp169l2feo']
[2025-07-07T14:32:57.828+0000] {standard_task_runner.py:91} INFO - Job 2231: Subtask extract
[2025-07-07T14:32:57.952+0000] {task_command.py:426} INFO - Running <TaskInstance: fin_cotacoes_bcb_classic.extract scheduled__2025-01-17T00:00:00+00:00 [running]> on host bc96ca91d307
[2025-07-07T14:32:58.263+0000] {taskinstance.py:2648} INFO - Exporting env vars: AIRFLOW_CTX_DAG_OWNER='***' AIRFLOW_CTX_DAG_ID='fin_cotacoes_bcb_classic' AIRFLOW_CTX_TASK_ID='extract' AIRFLOW_CTX_EXECUTION_DATE='2025-01-17T00:00:00+00:00' AIRFLOW_CTX_TRY_NUMBER='1' AIRFLOW_CTX_DAG_RUN_ID='scheduled__2025-01-17T00:00:00+00:00'
[2025-07-07T14:32:58.264+0000] {taskinstance.py:430} INFO - ::endgroup::
[2025-07-07T14:32:58.265+0000] {cotacoes.py:35} INFO - Iniciando extração da URL: https://www4.bcb.gov.br/Download/fechamento/20250117.csv
[2025-07-07T14:32:58.589+0000] {cotacoes.py:41} INFO - Extração concluída com sucesso.
[2025-07-07T14:32:58.590+0000] {python.py:237} INFO - Done. Returned value was: 17/01/2025;005;A;AFN;0,08250000;0,08273000;73,26000000;73,46000000
17/01/2025;009;A;ETB;0,04653000;0,04840000;125,23700000;130,23700000
17/01/2025;015;A;THB;0,17630000;0,17640000;34,35000000;34,38000000
17/01/2025;020;A;PAB;6,06030000;6,06090000;1,00000000;1,00000000
17/01/2025;027;A;VES;0,11070000;0,11100000;54,62310000;54,76000000
17/01/2025;030;A;BOB;0,86450000;0,88350000;6,86000000;7,01000000
17/01/2025;035;A;GHS;0,40270000;0,40410000;15,00000000;15,05000000
17/01/2025;040;A;CRC;0,01201000;0,01215000;498,66000000;504,81000000
17/01/2025;045;A;SVC;0,69190000;0,69270000;8,74950000;8,75950000
17/01/2025;051;A;NIO;0,16380000;0,16560000;36,60000000;37,00000000
17/01/2025;055;A;DKK;0,83660000;0,83680000;7,24280000;7,24420000
17/01/2025;060;A;ISK;0,04283000;0,04292000;141,20000000;141,50000000
17/01/2025;065;A;NOK;0,53140000;0,53160000;11,40170000;11,40430000
17/01/2025;070;A;SEK;0,54370000;0,54380000;11,14520000;11,14690000
17/01/2025;075;A;CZK;0,24700000;0,24720000;24,52100000;24,53100000
17/01/2025;090;A;GMD;0,08302000;0,08418000;72,00000000;73,00000000
17/01/2025;095;A;DZD;0,04456000;0,04474000;135,45830000;136,01620000
17/01/2025;100;A;KWD;19,61900000;19,65910000;0,30830000;0,30890000
17/01/2025;105;A;BHD;16,07080000;16,08520000;0,37680000;0,37710000
17/01/2025;115;A;IQD;0,00462300;0,00463000;1309,00000000;1311,00000000
17/01/2025;125;A;JOD;8,53560000;8,56060000;0,70800000;0,71000000
17/01/2025;130;A;LYD;1,21990000;1,22550000;4,94550000;4,96780000
17/01/2025;132;A;MKD;0,10070000;0,10160000;59,68000000;60,20000000
17/01/2025;133;A;RSD;0,05323000;0,05333000;113,65000000;113,85000000
17/01/2025;134;A;SDG;0,01006000;0,01012000;598,80020000;602,14120000
17/01/2025;135;A;TND;1,88090000;1,88290000;3,21900000;3,22200000
17/01/2025;136;A;SSP;0,00147800;0,00151500;4000,00000000;4100,00000000
17/01/2025;138;B;SDR;7,86570000;7,86640000;1,29790000;1,29790000
17/01/2025;139;A;MAD;0,60280000;0,60320000;10,04810000;10,05310000
17/01/2025;145;A;AED;1,64980000;1,65030000;3,67270000;3,67330000
17/01/2025;149;A;STN;0,24960000;0,25470000;23,79560000;24,28360000
17/01/2025;150;B;AUD;3,76770000;3,76990000;0,62170000;0,62200000
17/01/2025;155;A;BSD;6,06030000;6,06090000;1,00000000;1,00000000
17/01/2025;160;A;BMD;6,06030000;6,06090000;1,00000000;1,00000000
17/01/2025;165;A;CAD;4,20770000;4,20900000;1,44000000;1,44030000
17/01/2025;170;A;GYD;0,02880000;0,02914000;207,98000000;210,45000000
17/01/2025;173;A;NAD;0,32390000;0,32400000;18,70600000;18,70890000
17/01/2025;175;A;BBD;2,97060000;3,03330000;1,99810000;2,04010000
17/01/2025;180;A;BZD;3,00430000;3,03010000;2,00020000;2,01720000
17/01/2025;185;A;BND;4,43300000;4,43600000;1,36630000;1,36710000
17/01/2025;190;A;KYD;7,25780000;7,32440000;0,82750000;0,83500000
17/01/2025;195;A;SGD;4,43300000;4,43600000;1,36630000;1,36710000
17/01/2025;197;B;CLF;230,95200000;230,97480000;38,10900000;38,10900000
17/01/2025;200;B;FJD;2,56410000;2,64680000;0,42310000;0,43670000
17/01/2025;205;A;HKD;0,77860000;0,77870000;7,78350000;7,78360000
17/01/2025;210;A;TTD;0,88780000;0,89670000;6,75900000;6,82600000
17/01/2025;215;A;XCD;2,22810000;2,25310000;2,69000000;2,72000000
17/01/2025;220;A;USD;6,06030000;6,06090000;1,00000000;1,00000000
17/01/2025;230;A;JMD;0,03831000;0,03875000;156,41000000;158,21000000
17/01/2025;235;A;LRD;0,03173000;0,03207000;189,00000000;191,00000000
17/01/2025;245;B;NZD;3,39320000;3,39590000;0,55990000;0,56030000
17/01/2025;250;B;SBD;0,67880000;0,75160000;0,11200000;0,12400000
17/01/2025;255;A;SRD;0,17050000;0,17440000;34,76000000;35,54500000
17/01/2025;260;A;VND;0,00023920;0,00023940;25315,00000000;25340,00000000
17/01/2025;275;A;AMD;0,01500000;0,01527000;397,00500000;404,00000000
17/01/2025;295;A;CVE;0,05607000;0,05659000;107,11000000;108,09000000
17/01/2025;325;A;ANG;3,32980000;3,39640000;1,78450000;1,82000000
17/01/2025;328;A;AWG;3,29360000;3,40500000;1,78000000;1,84000000
17/01/2025;345;A;HUF;0,01510000;0,01512000;400,92000000;401,32000000
17/01/2025;363;A;CDF;0,00211200;0,00214200;2830,00000000;2870,00000000
17/01/2025;365;A;BIF;0,00202000;0,00207700;2917,50000000;3000,00000000
17/01/2025;368;A;KMF;0,01262000;0,01267000;478,18000000;480,18000000
17/01/2025;370;A;XAF;0,00923300;0,00951200;637,22000000;656,37000000
17/01/2025;372;A;XOF;0,00944700;0,00955200;634,50000000;641,50000000
17/01/2025;380;A;XPF;0,05198000;0,05245000;115,56000000;116,58000000
17/01/2025;390;A;DJF;0,03394000;0,03413000;177,60000000;178,55000000
17/01/2025;398;A;GNF;0,00069780;0,00070430;8606,00000000;8685,00000000
17/01/2025;406;A;MGA;0,00128600;0,00129600;4675,61000000;4714,37000000
17/01/2025;420;A;RWF;0,00432300;0,00441000;1374,40000000;1401,80000000
17/01/2025;425;A;CHF;6,63200000;6,63340000;0,91370000;0,91380000
17/01/2025;440;A;HTG;0,04624000;0,04661000;130,02150000;131,06720000
17/01/2025;450;A;PYG;0,00076340;0,00076580;7914,28000000;7938,87000000
17/01/2025;460;A;UAH;0,14380000;0,14400000;42,09000000;42,14000000
17/01/2025;470;A;JPY;0,03882000;0,03883000;156,09000000;156,12000000
17/01/2025;482;A;GEL;2,10570000;2,15230000;2,81600000;2,87800000
17/01/2025;490;A;ALL;0,06330000;0,06387000;94,90000000;95,74000000
17/01/2025;495;A;HNL;0,23770000;0,23880000;25,37640000;25,50000000
17/01/2025;500;A;SLL;0,00026450;0,00026720;22683,00000000;22908,00000000
17/01/2025;503;A;MDL;0,32030000;0,32200000;18,82000000;18,92000000
17/01/2025;506;A;RON;1,25300000;1,25460000;4,83100000;4,83680000
17/01/2025;510;A;BGN;3,18900000;3,19010000;1,89990000;1,90040000
17/01/2025;530;B;GIP;7,39960000;7,40640000;1,22100000;1,22200000
17/01/2025;535;A;EGP;0,12010000;0,12040000;50,35000000;50,45000000
17/01/2025;540;B;GBP;7,39050000;7,39430000;1,21950000;1,22000000
17/01/2025;545;B;FKP;7,39960000;7,40640000;1,22100000;1,22200000
17/01/2025;560;A;LBP;0,00006760;0,00006770;89500,00000000;89600,00000000
17/01/2025;570;B;SHP;7,38510000;7,39190000;1,21860000;1,21960000
17/01/2025;575;A;SYP;0,00046580;0,00046620;13000,00000000;13010,00000000
17/01/2025;585;A;SZL;0,32360000;0,32420000;18,69400000;18,72600000
17/01/2025;603;A;LSL;0,32390000;0,32400000;18,70670000;18,70970000
17/01/2025;608;A;TMT;1,72920000;1,73430000;3,49470000;3,50470000
17/01/2025;622;A;MZN;0,09390000;0,09579000;63,27000000;64,54000000
17/01/2025;625;A;ERN;0,40000000;0,40410000;15,00000000;15,15000000
17/01/2025;630;A;NGN;0,00386800;0,00391900;1546,71000000;1566,71000000
17/01/2025;635;A;AOA;0,00650900;0,00664600;912,00000000;931,09600000
17/01/2025;640;A;TWD;0,18440000;0,18460000;32,84100000;32,87100000
17/01/2025;642;A;TRY;0,17040000;0,17040000;35,55860000;35,56540000
17/01/2025;660;A;PEN;1,61820000;1,62010000;3,74110000;3,74510000
17/01/2025;665;A;BTN;0,06996000;0,07006000;86,51100000;86,62000000
17/01/2025;670;A;MRO;0,01688000;0,01703000;356,00000000;359,00000000
17/01/2025;671;A;MRU;0,15230000;0,15280000;39,67000000;39,79000000
17/01/2025;680;B;TOP;2,44290000;2,59470000;0,40310000;0,42810000
17/01/2025;685;A;MOP;0,75480000;0,75600000;8,01700000;8,02900000
17/01/2025;706;A;ARS;0,00581600;0,00581900;1041,50000000;1042,00000000
17/01/2025;715;A;CLP;0,00601100;0,00601700;1007,24000000;1008,13000000
17/01/2025;720;A;COP;0,00139400;0,00139500;4344,63000000;4347,27000000
17/01/2025;721;B;COU;0,52300000;0,52310000;0,08630000;0,08630000
17/01/2025;725;A;CUP;0,25250000;0,25250000;24,00000000;24,00000000
17/01/2025;730;A;DOP;0,09825000;0,09887000;61,30000000;61,68000000
17/01/2025;735;A;PHP;0,10370000;0,10380000;58,39500000;58,41500000
17/01/2025;741;A;MXN;0,29270000;0,29290000;20,69600000;20,70200000
17/01/2025;745;A;UYU;0,13770000;0,13780000;43,98000000;44,01000000
17/01/2025;755;B;BWP;0,43150000;0,43580000;0,07120000;0,07190000
17/01/2025;760;A;MWK;0,00346200;0,00353000;1717,02000000;1750,32000000
17/01/2025;766;A;ZMW;0,21740000;0,21780000;27,82480000;27,87480000
17/01/2025;770;A;GTQ;0,78400000;0,78610000;7,71000000;7,73000000
17/01/2025;775;A;MMK;0,00287700;0,00289500;2093,70000000;2106,30000000
17/01/2025;778;B;PGK;1,46480000;1,51640000;0,24170000;0,25020000
17/01/2025;780;A;LAK;0,00027630;0,00027920;21705,00000000;21935,00000000
17/01/2025;785;A;ZAR;0,32390000;0,32400000;18,70820000;18,71310000
17/01/2025;795;A;CNY;0,82720000;0,82740000;7,32510000;7,32600000
17/01/2025;796;A;CNH;0,82590000;0,82590000;7,33810000;7,33820000
17/01/2025;800;A;QAR;1,66190000;1,66260000;3,64550000;3,64650000
17/01/2025;805;A;OMR;15,73700000;15,74670000;0,38490000;0,38510000
17/01/2025;810;A;YER;0,02433000;0,02438000;248,62000000;249,12000000
17/01/2025;815;A;IRR;0,00014430;0,00014430;42000,00000000;42005,00000000
17/01/2025;820;A;SAR;1,61470000;1,61590000;3,75080000;3,75320000
17/01/2025;825;A;KHR;0,00149800;0,00150600;4025,00000000;4045,00000000
17/01/2025;828;A;MYR;1,34430000;1,34570000;4,50400000;4,50800000
17/01/2025;830;A;RUB;0,05927000;0,05928000;102,24550000;102,25450000
17/01/2025;831;A;BYN;1,84820000;1,85570000;3,26610000;3,27910000
17/01/2025;835;A;TJS;0,55190000;0,55860000;10,85000000;10,98000000
17/01/2025;840;A;MUR;0,12890000;0,12980000;46,71000000;47,01000000
17/01/2025;845;A;NPR;0,04373000;0,04374000;138,58000000;138,59000000
17/01/2025;850;A;SCR;0,42060000;0,42060000;14,40920000;14,40960000
17/01/2025;855;A;LKR;0,02043000;0,02046000;296,30000000;296,60000000
17/01/2025;860;A;INR;0,06998000;0,07003000;86,54400000;86,59900000
17/01/2025;865;A;IDR;0,00037020;0,00037050;16360,00000000;16370,00000000
17/01/2025;870;A;MVR;0,39100000;0,39310000;15,42000000;15,50000000
17/01/2025;875;A;PKR;0,02174000;0,02175000;278,65000000;278,75000000
17/01/2025;880;A;ILS;1,69590000;1,70560000;3,55360000;3,57360000
17/01/2025;892;A;KGS;0,06926000;0,06931000;87,44950000;87,50380000
17/01/2025;893;A;UZS;0,00046720;0,00046760;12962,00000000;12972,00000000
17/01/2025;905;A;BDT;0,04967000;0,05009000;121,00000000;122,00000000
17/01/2025;912;B;WST;2,07380000;2,20740000;0,34220000;0,36420000
17/01/2025;913;A;KZT;0,01142000;0,01143000;530,25000000;530,80000000
17/01/2025;915;A;MNT;0,00176400;0,00176700;3430,00000000;3436,00000000
17/01/2025;920;A;VUV;0,04927000;0,05225000;116,00000000;123,00000000
17/01/2025;930;A;KRW;0,00415800;0,00416000;1456,81000000;1457,52000000
17/01/2025;946;A;TZS;0,00238600;0,00240500;2520,00000000;2540,00000000
17/01/2025;950;A;KES;0,04671000;0,04689000;129,25000000;129,75000000
17/01/2025;955;A;UGX;0,00164500;0,00164900;3675,00000000;3685,00000000
17/01/2025;960;A;SOS;0,01054000;0,01067000;568,00000000;575,00000000
17/01/2025;975;A;PLN;1,46550000;1,46600000;4,13420000;4,13540000
17/01/2025;978;B;EUR;6,24090000;6,24270000;1,02980000;1,03000000
17/01/2025;998;A;XAU;528,82200000;528,87430000;0,01146000;0,01146000

[2025-07-07T14:32:58.603+0000] {taskinstance.py:441} INFO - ::group::Post task execution logs
[2025-07-07T14:32:58.676+0000] {taskinstance.py:1206} INFO - Marking task as SUCCESS. dag_id=fin_cotacoes_bcb_classic, task_id=extract, run_id=scheduled__2025-01-17T00:00:00+00:00, execution_date=20250117T000000, start_date=20250707T143257, end_date=20250707T143258
[2025-07-07T14:32:58.913+0000] {local_task_job_runner.py:240} INFO - Task exited with return code 0
[2025-07-07T14:32:58.977+0000] {taskinstance.py:3503} INFO - 1 downstream tasks scheduled from follow-on schedule check
[2025-07-07T14:32:58.982+0000] {local_task_job_runner.py:222} INFO - ::endgroup::
[2025-07-07T15:10:20.565+0000] {local_task_job_runner.py:120} INFO - ::group::Pre task execution logs
[2025-07-07T15:10:20.678+0000] {taskinstance.py:2076} INFO - Dependencies all met for dep_context=non-requeueable deps ti=<TaskInstance: fin_cotacoes_bcb_classic.extract scheduled__2025-01-17T00:00:00+00:00 [queued]>
[2025-07-07T15:10:20.699+0000] {taskinstance.py:2076} INFO - Dependencies all met for dep_context=requeueable deps ti=<TaskInstance: fin_cotacoes_bcb_classic.extract scheduled__2025-01-17T00:00:00+00:00 [queued]>
[2025-07-07T15:10:20.699+0000] {taskinstance.py:2306} INFO - Starting attempt 1 of 2
[2025-07-07T15:10:20.736+0000] {taskinstance.py:2330} INFO - Executing <Task(PythonOperator): extract> on 2025-01-17 00:00:00+00:00
[2025-07-07T15:10:20.761+0000] {logging_mixin.py:188} WARNING - /home/***/.local/lib/python3.12/site-packages/***/task/task_runner/standard_task_runner.py:61 DeprecationWarning: This process (pid=101870) is multi-threaded, use of fork() may lead to deadlocks in the child.
[2025-07-07T15:10:20.762+0000] {standard_task_runner.py:63} INFO - Started process 101907 to run task
[2025-07-07T15:10:20.758+0000] {standard_task_runner.py:90} INFO - Running: ['***', 'tasks', 'run', 'fin_cotacoes_bcb_classic', 'extract', 'scheduled__2025-01-17T00:00:00+00:00', '--job-id', '3904', '--raw', '--subdir', 'DAGS_FOLDER/cotacoes.py', '--cfg-path', '/tmp/tmp3yofprkz']
[2025-07-07T15:10:20.774+0000] {standard_task_runner.py:91} INFO - Job 3904: Subtask extract
[2025-07-07T15:10:20.896+0000] {task_command.py:426} INFO - Running <TaskInstance: fin_cotacoes_bcb_classic.extract scheduled__2025-01-17T00:00:00+00:00 [running]> on host bc96ca91d307
[2025-07-07T15:10:21.242+0000] {taskinstance.py:2648} INFO - Exporting env vars: AIRFLOW_CTX_DAG_OWNER='***' AIRFLOW_CTX_DAG_ID='fin_cotacoes_bcb_classic' AIRFLOW_CTX_TASK_ID='extract' AIRFLOW_CTX_EXECUTION_DATE='2025-01-17T00:00:00+00:00' AIRFLOW_CTX_TRY_NUMBER='1' AIRFLOW_CTX_DAG_RUN_ID='scheduled__2025-01-17T00:00:00+00:00'
[2025-07-07T15:10:21.243+0000] {taskinstance.py:430} INFO - ::endgroup::
[2025-07-07T15:10:21.246+0000] {cotacoes.py:35} INFO - Iniciando extração da URL: https://www4.bcb.gov.br/Download/fechamento/20250117.csv
[2025-07-07T15:10:21.607+0000] {cotacoes.py:41} INFO - Extração concluída com sucesso.
[2025-07-07T15:10:21.610+0000] {python.py:237} INFO - Done. Returned value was: 17/01/2025;005;A;AFN;0,08250000;0,08273000;73,26000000;73,46000000
17/01/2025;009;A;ETB;0,04653000;0,04840000;125,23700000;130,23700000
17/01/2025;015;A;THB;0,17630000;0,17640000;34,35000000;34,38000000
17/01/2025;020;A;PAB;6,06030000;6,06090000;1,00000000;1,00000000
17/01/2025;027;A;VES;0,11070000;0,11100000;54,62310000;54,76000000
17/01/2025;030;A;BOB;0,86450000;0,88350000;6,86000000;7,01000000
17/01/2025;035;A;GHS;0,40270000;0,40410000;15,00000000;15,05000000
17/01/2025;040;A;CRC;0,01201000;0,01215000;498,66000000;504,81000000
17/01/2025;045;A;SVC;0,69190000;0,69270000;8,74950000;8,75950000
17/01/2025;051;A;NIO;0,16380000;0,16560000;36,60000000;37,00000000
17/01/2025;055;A;DKK;0,83660000;0,83680000;7,24280000;7,24420000
17/01/2025;060;A;ISK;0,04283000;0,04292000;141,20000000;141,50000000
17/01/2025;065;A;NOK;0,53140000;0,53160000;11,40170000;11,40430000
17/01/2025;070;A;SEK;0,54370000;0,54380000;11,14520000;11,14690000
17/01/2025;075;A;CZK;0,24700000;0,24720000;24,52100000;24,53100000
17/01/2025;090;A;GMD;0,08302000;0,08418000;72,00000000;73,00000000
17/01/2025;095;A;DZD;0,04456000;0,04474000;135,45830000;136,01620000
17/01/2025;100;A;KWD;19,61900000;19,65910000;0,30830000;0,30890000
17/01/2025;105;A;BHD;16,07080000;16,08520000;0,37680000;0,37710000
17/01/2025;115;A;IQD;0,00462300;0,00463000;1309,00000000;1311,00000000
17/01/2025;125;A;JOD;8,53560000;8,56060000;0,70800000;0,71000000
17/01/2025;130;A;LYD;1,21990000;1,22550000;4,94550000;4,96780000
17/01/2025;132;A;MKD;0,10070000;0,10160000;59,68000000;60,20000000
17/01/2025;133;A;RSD;0,05323000;0,05333000;113,65000000;113,85000000
17/01/2025;134;A;SDG;0,01006000;0,01012000;598,80020000;602,14120000
17/01/2025;135;A;TND;1,88090000;1,88290000;3,21900000;3,22200000
17/01/2025;136;A;SSP;0,00147800;0,00151500;4000,00000000;4100,00000000
17/01/2025;138;B;SDR;7,86570000;7,86640000;1,29790000;1,29790000
17/01/2025;139;A;MAD;0,60280000;0,60320000;10,04810000;10,05310000
17/01/2025;145;A;AED;1,64980000;1,65030000;3,67270000;3,67330000
17/01/2025;149;A;STN;0,24960000;0,25470000;23,79560000;24,28360000
17/01/2025;150;B;AUD;3,76770000;3,76990000;0,62170000;0,62200000
17/01/2025;155;A;BSD;6,06030000;6,06090000;1,00000000;1,00000000
17/01/2025;160;A;BMD;6,06030000;6,06090000;1,00000000;1,00000000
17/01/2025;165;A;CAD;4,20770000;4,20900000;1,44000000;1,44030000
17/01/2025;170;A;GYD;0,02880000;0,02914000;207,98000000;210,45000000
17/01/2025;173;A;NAD;0,32390000;0,32400000;18,70600000;18,70890000
17/01/2025;175;A;BBD;2,97060000;3,03330000;1,99810000;2,04010000
17/01/2025;180;A;BZD;3,00430000;3,03010000;2,00020000;2,01720000
17/01/2025;185;A;BND;4,43300000;4,43600000;1,36630000;1,36710000
17/01/2025;190;A;KYD;7,25780000;7,32440000;0,82750000;0,83500000
17/01/2025;195;A;SGD;4,43300000;4,43600000;1,36630000;1,36710000
17/01/2025;197;B;CLF;230,95200000;230,97480000;38,10900000;38,10900000
17/01/2025;200;B;FJD;2,56410000;2,64680000;0,42310000;0,43670000
17/01/2025;205;A;HKD;0,77860000;0,77870000;7,78350000;7,78360000
17/01/2025;210;A;TTD;0,88780000;0,89670000;6,75900000;6,82600000
17/01/2025;215;A;XCD;2,22810000;2,25310000;2,69000000;2,72000000
17/01/2025;220;A;USD;6,06030000;6,06090000;1,00000000;1,00000000
17/01/2025;230;A;JMD;0,03831000;0,03875000;156,41000000;158,21000000
17/01/2025;235;A;LRD;0,03173000;0,03207000;189,00000000;191,00000000
17/01/2025;245;B;NZD;3,39320000;3,39590000;0,55990000;0,56030000
17/01/2025;250;B;SBD;0,67880000;0,75160000;0,11200000;0,12400000
17/01/2025;255;A;SRD;0,17050000;0,17440000;34,76000000;35,54500000
17/01/2025;260;A;VND;0,00023920;0,00023940;25315,00000000;25340,00000000
17/01/2025;275;A;AMD;0,01500000;0,01527000;397,00500000;404,00000000
17/01/2025;295;A;CVE;0,05607000;0,05659000;107,11000000;108,09000000
17/01/2025;325;A;ANG;3,32980000;3,39640000;1,78450000;1,82000000
17/01/2025;328;A;AWG;3,29360000;3,40500000;1,78000000;1,84000000
17/01/2025;345;A;HUF;0,01510000;0,01512000;400,92000000;401,32000000
17/01/2025;363;A;CDF;0,00211200;0,00214200;2830,00000000;2870,00000000
17/01/2025;365;A;BIF;0,00202000;0,00207700;2917,50000000;3000,00000000
17/01/2025;368;A;KMF;0,01262000;0,01267000;478,18000000;480,18000000
17/01/2025;370;A;XAF;0,00923300;0,00951200;637,22000000;656,37000000
17/01/2025;372;A;XOF;0,00944700;0,00955200;634,50000000;641,50000000
17/01/2025;380;A;XPF;0,05198000;0,05245000;115,56000000;116,58000000
17/01/2025;390;A;DJF;0,03394000;0,03413000;177,60000000;178,55000000
17/01/2025;398;A;GNF;0,00069780;0,00070430;8606,00000000;8685,00000000
17/01/2025;406;A;MGA;0,00128600;0,00129600;4675,61000000;4714,37000000
17/01/2025;420;A;RWF;0,00432300;0,00441000;1374,40000000;1401,80000000
17/01/2025;425;A;CHF;6,63200000;6,63340000;0,91370000;0,91380000
17/01/2025;440;A;HTG;0,04624000;0,04661000;130,02150000;131,06720000
17/01/2025;450;A;PYG;0,00076340;0,00076580;7914,28000000;7938,87000000
17/01/2025;460;A;UAH;0,14380000;0,14400000;42,09000000;42,14000000
17/01/2025;470;A;JPY;0,03882000;0,03883000;156,09000000;156,12000000
17/01/2025;482;A;GEL;2,10570000;2,15230000;2,81600000;2,87800000
17/01/2025;490;A;ALL;0,06330000;0,06387000;94,90000000;95,74000000
17/01/2025;495;A;HNL;0,23770000;0,23880000;25,37640000;25,50000000
17/01/2025;500;A;SLL;0,00026450;0,00026720;22683,00000000;22908,00000000
17/01/2025;503;A;MDL;0,32030000;0,32200000;18,82000000;18,92000000
17/01/2025;506;A;RON;1,25300000;1,25460000;4,83100000;4,83680000
17/01/2025;510;A;BGN;3,18900000;3,19010000;1,89990000;1,90040000
17/01/2025;530;B;GIP;7,39960000;7,40640000;1,22100000;1,22200000
17/01/2025;535;A;EGP;0,12010000;0,12040000;50,35000000;50,45000000
17/01/2025;540;B;GBP;7,39050000;7,39430000;1,21950000;1,22000000
17/01/2025;545;B;FKP;7,39960000;7,40640000;1,22100000;1,22200000
17/01/2025;560;A;LBP;0,00006760;0,00006770;89500,00000000;89600,00000000
17/01/2025;570;B;SHP;7,38510000;7,39190000;1,21860000;1,21960000
17/01/2025;575;A;SYP;0,00046580;0,00046620;13000,00000000;13010,00000000
17/01/2025;585;A;SZL;0,32360000;0,32420000;18,69400000;18,72600000
17/01/2025;603;A;LSL;0,32390000;0,32400000;18,70670000;18,70970000
17/01/2025;608;A;TMT;1,72920000;1,73430000;3,49470000;3,50470000
17/01/2025;622;A;MZN;0,09390000;0,09579000;63,27000000;64,54000000
17/01/2025;625;A;ERN;0,40000000;0,40410000;15,00000000;15,15000000
17/01/2025;630;A;NGN;0,00386800;0,00391900;1546,71000000;1566,71000000
17/01/2025;635;A;AOA;0,00650900;0,00664600;912,00000000;931,09600000
17/01/2025;640;A;TWD;0,18440000;0,18460000;32,84100000;32,87100000
17/01/2025;642;A;TRY;0,17040000;0,17040000;35,55860000;35,56540000
17/01/2025;660;A;PEN;1,61820000;1,62010000;3,74110000;3,74510000
17/01/2025;665;A;BTN;0,06996000;0,07006000;86,51100000;86,62000000
17/01/2025;670;A;MRO;0,01688000;0,01703000;356,00000000;359,00000000
17/01/2025;671;A;MRU;0,15230000;0,15280000;39,67000000;39,79000000
17/01/2025;680;B;TOP;2,44290000;2,59470000;0,40310000;0,42810000
17/01/2025;685;A;MOP;0,75480000;0,75600000;8,01700000;8,02900000
17/01/2025;706;A;ARS;0,00581600;0,00581900;1041,50000000;1042,00000000
17/01/2025;715;A;CLP;0,00601100;0,00601700;1007,24000000;1008,13000000
17/01/2025;720;A;COP;0,00139400;0,00139500;4344,63000000;4347,27000000
17/01/2025;721;B;COU;0,52300000;0,52310000;0,08630000;0,08630000
17/01/2025;725;A;CUP;0,25250000;0,25250000;24,00000000;24,00000000
17/01/2025;730;A;DOP;0,09825000;0,09887000;61,30000000;61,68000000
17/01/2025;735;A;PHP;0,10370000;0,10380000;58,39500000;58,41500000
17/01/2025;741;A;MXN;0,29270000;0,29290000;20,69600000;20,70200000
17/01/2025;745;A;UYU;0,13770000;0,13780000;43,98000000;44,01000000
17/01/2025;755;B;BWP;0,43150000;0,43580000;0,07120000;0,07190000
17/01/2025;760;A;MWK;0,00346200;0,00353000;1717,02000000;1750,32000000
17/01/2025;766;A;ZMW;0,21740000;0,21780000;27,82480000;27,87480000
17/01/2025;770;A;GTQ;0,78400000;0,78610000;7,71000000;7,73000000
17/01/2025;775;A;MMK;0,00287700;0,00289500;2093,70000000;2106,30000000
17/01/2025;778;B;PGK;1,46480000;1,51640000;0,24170000;0,25020000
17/01/2025;780;A;LAK;0,00027630;0,00027920;21705,00000000;21935,00000000
17/01/2025;785;A;ZAR;0,32390000;0,32400000;18,70820000;18,71310000
17/01/2025;795;A;CNY;0,82720000;0,82740000;7,32510000;7,32600000
17/01/2025;796;A;CNH;0,82590000;0,82590000;7,33810000;7,33820000
17/01/2025;800;A;QAR;1,66190000;1,66260000;3,64550000;3,64650000
17/01/2025;805;A;OMR;15,73700000;15,74670000;0,38490000;0,38510000
17/01/2025;810;A;YER;0,02433000;0,02438000;248,62000000;249,12000000
17/01/2025;815;A;IRR;0,00014430;0,00014430;42000,00000000;42005,00000000
17/01/2025;820;A;SAR;1,61470000;1,61590000;3,75080000;3,75320000
17/01/2025;825;A;KHR;0,00149800;0,00150600;4025,00000000;4045,00000000
17/01/2025;828;A;MYR;1,34430000;1,34570000;4,50400000;4,50800000
17/01/2025;830;A;RUB;0,05927000;0,05928000;102,24550000;102,25450000
17/01/2025;831;A;BYN;1,84820000;1,85570000;3,26610000;3,27910000
17/01/2025;835;A;TJS;0,55190000;0,55860000;10,85000000;10,98000000
17/01/2025;840;A;MUR;0,12890000;0,12980000;46,71000000;47,01000000
17/01/2025;845;A;NPR;0,04373000;0,04374000;138,58000000;138,59000000
17/01/2025;850;A;SCR;0,42060000;0,42060000;14,40920000;14,40960000
17/01/2025;855;A;LKR;0,02043000;0,02046000;296,30000000;296,60000000
17/01/2025;860;A;INR;0,06998000;0,07003000;86,54400000;86,59900000
17/01/2025;865;A;IDR;0,00037020;0,00037050;16360,00000000;16370,00000000
17/01/2025;870;A;MVR;0,39100000;0,39310000;15,42000000;15,50000000
17/01/2025;875;A;PKR;0,02174000;0,02175000;278,65000000;278,75000000
17/01/2025;880;A;ILS;1,69590000;1,70560000;3,55360000;3,57360000
17/01/2025;892;A;KGS;0,06926000;0,06931000;87,44950000;87,50380000
17/01/2025;893;A;UZS;0,00046720;0,00046760;12962,00000000;12972,00000000
17/01/2025;905;A;BDT;0,04967000;0,05009000;121,00000000;122,00000000
17/01/2025;912;B;WST;2,07380000;2,20740000;0,34220000;0,36420000
17/01/2025;913;A;KZT;0,01142000;0,01143000;530,25000000;530,80000000
17/01/2025;915;A;MNT;0,00176400;0,00176700;3430,00000000;3436,00000000
17/01/2025;920;A;VUV;0,04927000;0,05225000;116,00000000;123,00000000
17/01/2025;930;A;KRW;0,00415800;0,00416000;1456,81000000;1457,52000000
17/01/2025;946;A;TZS;0,00238600;0,00240500;2520,00000000;2540,00000000
17/01/2025;950;A;KES;0,04671000;0,04689000;129,25000000;129,75000000
17/01/2025;955;A;UGX;0,00164500;0,00164900;3675,00000000;3685,00000000
17/01/2025;960;A;SOS;0,01054000;0,01067000;568,00000000;575,00000000
17/01/2025;975;A;PLN;1,46550000;1,46600000;4,13420000;4,13540000
17/01/2025;978;B;EUR;6,24090000;6,24270000;1,02980000;1,03000000
17/01/2025;998;A;XAU;528,82200000;528,87430000;0,01146000;0,01146000

[2025-07-07T15:10:21.611+0000] {taskinstance.py:441} INFO - ::group::Post task execution logs
[2025-07-07T15:10:21.668+0000] {taskinstance.py:1206} INFO - Marking task as SUCCESS. dag_id=fin_cotacoes_bcb_classic, task_id=extract, run_id=scheduled__2025-01-17T00:00:00+00:00, execution_date=20250117T000000, start_date=20250707T151020, end_date=20250707T151021
[2025-07-07T15:10:21.713+0000] {local_task_job_runner.py:240} INFO - Task exited with return code 0
[2025-07-07T15:10:21.753+0000] {taskinstance.py:3503} INFO - 0 downstream tasks scheduled from follow-on schedule check
[2025-07-07T15:10:21.760+0000] {local_task_job_runner.py:222} INFO - ::endgroup::
