[2025-07-06T17:55:01.319+0000] {local_task_job_runner.py:120} INFO - ::group::Pre task execution logs
[2025-07-06T17:55:01.432+0000] {taskinstance.py:2076} INFO - Dependencies all met for dep_context=non-requeueable deps ti=<TaskInstance: fin_cotacoes_bcb_classic.extract scheduled__2024-05-05T00:00:00+00:00 [queued]>
[2025-07-06T17:55:01.449+0000] {taskinstance.py:2076} INFO - Dependencies all met for dep_context=requeueable deps ti=<TaskInstance: fin_cotacoes_bcb_classic.extract scheduled__2024-05-05T00:00:00+00:00 [queued]>
[2025-07-06T17:55:01.450+0000] {taskinstance.py:2306} INFO - Starting attempt 1 of 2
[2025-07-06T17:55:01.610+0000] {taskinstance.py:2330} INFO - Executing <Task(PythonOperator): extract> on 2024-05-05 00:00:00+00:00
[2025-07-06T17:55:01.647+0000] {logging_mixin.py:188} WARNING - /home/***/.local/lib/python3.12/site-packages/***/task/task_runner/standard_task_runner.py:61 DeprecationWarning: This process (pid=9332) is multi-threaded, use of fork() may lead to deadlocks in the child.
[2025-07-06T17:55:01.648+0000] {standard_task_runner.py:63} INFO - Started process 9396 to run task
[2025-07-06T17:55:01.663+0000] {standard_task_runner.py:90} INFO - Running: ['***', 'tasks', 'run', 'fin_cotacoes_bcb_classic', 'extract', 'scheduled__2024-05-05T00:00:00+00:00', '--job-id', '505', '--raw', '--subdir', 'DAGS_FOLDER/cotacoes.py', '--cfg-path', '/tmp/tmpeg7fchbs']
[2025-07-06T17:55:01.664+0000] {standard_task_runner.py:91} INFO - Job 505: Subtask extract
[2025-07-06T17:55:01.797+0000] {task_command.py:426} INFO - Running <TaskInstance: fin_cotacoes_bcb_classic.extract scheduled__2024-05-05T00:00:00+00:00 [running]> on host 20adb53d65c4
[2025-07-06T17:55:02.069+0000] {taskinstance.py:2648} INFO - Exporting env vars: AIRFLOW_CTX_DAG_OWNER='***' AIRFLOW_CTX_DAG_ID='fin_cotacoes_bcb_classic' AIRFLOW_CTX_TASK_ID='extract' AIRFLOW_CTX_EXECUTION_DATE='2024-05-05T00:00:00+00:00' AIRFLOW_CTX_TRY_NUMBER='1' AIRFLOW_CTX_DAG_RUN_ID='scheduled__2024-05-05T00:00:00+00:00'
[2025-07-06T17:55:02.070+0000] {taskinstance.py:430} INFO - ::endgroup::
[2025-07-06T17:55:02.071+0000] {cotacoes.py:32} WARNING - https://www4.bcb.gov.br/Download/fechamento/20240505.csv
[2025-07-06T17:55:02.342+0000] {python.py:237} INFO - Done. Returned value was: None
[2025-07-06T17:55:02.343+0000] {taskinstance.py:441} INFO - ::group::Post task execution logs
[2025-07-06T17:55:02.376+0000] {taskinstance.py:1206} INFO - Marking task as SUCCESS. dag_id=fin_cotacoes_bcb_classic, task_id=extract, run_id=scheduled__2024-05-05T00:00:00+00:00, execution_date=20240505T000000, start_date=20250706T175501, end_date=20250706T175502
[2025-07-06T17:55:02.847+0000] {local_task_job_runner.py:240} INFO - Task exited with return code 0
[2025-07-06T17:55:02.872+0000] {logging_mixin.py:188} WARNING - /home/***/.local/lib/python3.12/site-packages/***/models/baseoperator.py:1297 AirflowProviderDeprecationWarning: Call to deprecated class PostgresOperator. (Please use `***.providers.common.sql.operators.sql.SQLExecuteQueryOperator`.Also, you can provide `hook_params={'schema': <database>}`.)
[2025-07-06T17:55:02.958+0000] {taskinstance.py:3503} INFO - 1 downstream tasks scheduled from follow-on schedule check
[2025-07-06T17:55:02.963+0000] {local_task_job_runner.py:222} INFO - ::endgroup::
[2025-07-07T15:05:10.818+0000] {local_task_job_runner.py:120} INFO - ::group::Pre task execution logs
[2025-07-07T15:05:10.898+0000] {taskinstance.py:2076} INFO - Dependencies all met for dep_context=non-requeueable deps ti=<TaskInstance: fin_cotacoes_bcb_classic.extract scheduled__2024-05-05T00:00:00+00:00 [queued]>
[2025-07-07T15:05:10.915+0000] {taskinstance.py:2076} INFO - Dependencies all met for dep_context=requeueable deps ti=<TaskInstance: fin_cotacoes_bcb_classic.extract scheduled__2024-05-05T00:00:00+00:00 [queued]>
[2025-07-07T15:05:10.916+0000] {taskinstance.py:2306} INFO - Starting attempt 1 of 2
[2025-07-07T15:05:10.947+0000] {taskinstance.py:2330} INFO - Executing <Task(PythonOperator): extract> on 2024-05-05 00:00:00+00:00
[2025-07-07T15:05:10.971+0000] {logging_mixin.py:188} WARNING - /home/***/.local/lib/python3.12/site-packages/***/task/task_runner/standard_task_runner.py:61 DeprecationWarning: This process (pid=96844) is multi-threaded, use of fork() may lead to deadlocks in the child.
[2025-07-07T15:05:10.972+0000] {standard_task_runner.py:63} INFO - Started process 96863 to run task
[2025-07-07T15:05:10.969+0000] {standard_task_runner.py:90} INFO - Running: ['***', 'tasks', 'run', 'fin_cotacoes_bcb_classic', 'extract', 'scheduled__2024-05-05T00:00:00+00:00', '--job-id', '3121', '--raw', '--subdir', 'DAGS_FOLDER/cotacoes.py', '--cfg-path', '/tmp/tmpv24eheb9']
[2025-07-07T15:05:10.974+0000] {standard_task_runner.py:91} INFO - Job 3121: Subtask extract
[2025-07-07T15:05:11.067+0000] {task_command.py:426} INFO - Running <TaskInstance: fin_cotacoes_bcb_classic.extract scheduled__2024-05-05T00:00:00+00:00 [running]> on host bc96ca91d307
[2025-07-07T15:05:11.287+0000] {taskinstance.py:2648} INFO - Exporting env vars: AIRFLOW_CTX_DAG_OWNER='***' AIRFLOW_CTX_DAG_ID='fin_cotacoes_bcb_classic' AIRFLOW_CTX_TASK_ID='extract' AIRFLOW_CTX_EXECUTION_DATE='2024-05-05T00:00:00+00:00' AIRFLOW_CTX_TRY_NUMBER='1' AIRFLOW_CTX_DAG_RUN_ID='scheduled__2024-05-05T00:00:00+00:00'
[2025-07-07T15:05:11.299+0000] {taskinstance.py:430} INFO - ::endgroup::
[2025-07-07T15:05:11.300+0000] {cotacoes.py:35} INFO - Iniciando extração da URL: https://www4.bcb.gov.br/Download/fechamento/20240505.csv
[2025-07-07T15:05:11.850+0000] {cotacoes.py:46} WARNING - Não foi possível extrair dados da URL (pode ser um dia sem cotação): 404 Client Error: Not Found for url: https://www4.bcb.gov.br/Download/fechamento/20240505.csv
[2025-07-07T15:05:11.851+0000] {python.py:237} INFO - Done. Returned value was: None
[2025-07-07T15:05:11.852+0000] {taskinstance.py:441} INFO - ::group::Post task execution logs
[2025-07-07T15:05:11.892+0000] {taskinstance.py:1206} INFO - Marking task as SUCCESS. dag_id=fin_cotacoes_bcb_classic, task_id=extract, run_id=scheduled__2024-05-05T00:00:00+00:00, execution_date=20240505T000000, start_date=20250707T150510, end_date=20250707T150511
[2025-07-07T15:05:12.015+0000] {local_task_job_runner.py:240} INFO - Task exited with return code 0
[2025-07-07T15:05:12.129+0000] {taskinstance.py:3503} INFO - 0 downstream tasks scheduled from follow-on schedule check
[2025-07-07T15:05:12.140+0000] {local_task_job_runner.py:222} INFO - ::endgroup::
