[2025-07-06T19:50:17.516+0000] {local_task_job_runner.py:120} INFO - ::group::Pre task execution logs
[2025-07-06T19:50:17.599+0000] {taskinstance.py:2076} INFO - Dependencies all met for dep_context=non-requeueable deps ti=<TaskInstance: fin_cotacoes_bcb_classic.extract scheduled__2025-04-20T00:00:00+00:00 [queued]>
[2025-07-06T19:50:17.609+0000] {taskinstance.py:2076} INFO - Dependencies all met for dep_context=requeueable deps ti=<TaskInstance: fin_cotacoes_bcb_classic.extract scheduled__2025-04-20T00:00:00+00:00 [queued]>
[2025-07-06T19:50:17.610+0000] {taskinstance.py:2306} INFO - Starting attempt 1 of 2
[2025-07-06T19:50:17.628+0000] {taskinstance.py:2330} INFO - Executing <Task(PythonOperator): extract> on 2025-04-20 00:00:00+00:00
[2025-07-06T19:50:17.647+0000] {logging_mixin.py:188} WARNING - /home/***/.local/lib/python3.12/site-packages/***/task/task_runner/standard_task_runner.py:61 DeprecationWarning: This process (pid=11228) is multi-threaded, use of fork() may lead to deadlocks in the child.
[2025-07-06T19:50:17.648+0000] {standard_task_runner.py:63} INFO - Started process 11345 to run task
[2025-07-06T19:50:17.646+0000] {standard_task_runner.py:90} INFO - Running: ['***', 'tasks', 'run', 'fin_cotacoes_bcb_classic', 'extract', 'scheduled__2025-04-20T00:00:00+00:00', '--job-id', '1236', '--raw', '--subdir', 'DAGS_FOLDER/cotacoes.py', '--cfg-path', '/tmp/tmpa6zqeo06']
[2025-07-06T19:50:17.650+0000] {standard_task_runner.py:91} INFO - Job 1236: Subtask extract
[2025-07-06T19:50:17.741+0000] {task_command.py:426} INFO - Running <TaskInstance: fin_cotacoes_bcb_classic.extract scheduled__2025-04-20T00:00:00+00:00 [running]> on host 20adb53d65c4
[2025-07-06T19:50:17.928+0000] {taskinstance.py:2648} INFO - Exporting env vars: AIRFLOW_CTX_DAG_OWNER='***' AIRFLOW_CTX_DAG_ID='fin_cotacoes_bcb_classic' AIRFLOW_CTX_TASK_ID='extract' AIRFLOW_CTX_EXECUTION_DATE='2025-04-20T00:00:00+00:00' AIRFLOW_CTX_TRY_NUMBER='1' AIRFLOW_CTX_DAG_RUN_ID='scheduled__2025-04-20T00:00:00+00:00'
[2025-07-06T19:50:17.930+0000] {taskinstance.py:430} INFO - ::endgroup::
[2025-07-06T19:50:17.930+0000] {cotacoes.py:37} INFO - Iniciando extração da URL: https://www4.bcb.gov.br/Download/fechamento/20250420.csv
[2025-07-06T19:50:18.209+0000] {cotacoes.py:46} ERROR - Erro ao acessar a URL: 404 Client Error: Not Found for url: https://www4.bcb.gov.br/Download/fechamento/20250420.csv
[2025-07-06T19:50:18.213+0000] {python.py:237} INFO - Done. Returned value was: None
[2025-07-06T19:50:18.215+0000] {taskinstance.py:441} INFO - ::group::Post task execution logs
[2025-07-06T19:50:18.241+0000] {taskinstance.py:1206} INFO - Marking task as SUCCESS. dag_id=fin_cotacoes_bcb_classic, task_id=extract, run_id=scheduled__2025-04-20T00:00:00+00:00, execution_date=20250420T000000, start_date=20250706T195017, end_date=20250706T195018
[2025-07-06T19:50:18.320+0000] {local_task_job_runner.py:240} INFO - Task exited with return code 0
[2025-07-06T19:50:18.371+0000] {local_task_job_runner.py:222} INFO - ::endgroup::
[2025-07-07T14:34:52.273+0000] {local_task_job_runner.py:120} INFO - ::group::Pre task execution logs
[2025-07-07T14:34:52.370+0000] {taskinstance.py:2076} INFO - Dependencies all met for dep_context=non-requeueable deps ti=<TaskInstance: fin_cotacoes_bcb_classic.extract scheduled__2025-04-20T00:00:00+00:00 [queued]>
[2025-07-07T14:34:52.411+0000] {taskinstance.py:2076} INFO - Dependencies all met for dep_context=requeueable deps ti=<TaskInstance: fin_cotacoes_bcb_classic.extract scheduled__2025-04-20T00:00:00+00:00 [queued]>
[2025-07-07T14:34:52.412+0000] {taskinstance.py:2306} INFO - Starting attempt 1 of 2
[2025-07-07T14:34:52.467+0000] {taskinstance.py:2330} INFO - Executing <Task(PythonOperator): extract> on 2025-04-20 00:00:00+00:00
[2025-07-07T14:34:52.509+0000] {logging_mixin.py:188} WARNING - /home/***/.local/lib/python3.12/site-packages/***/task/task_runner/standard_task_runner.py:61 DeprecationWarning: This process (pid=79055) is multi-threaded, use of fork() may lead to deadlocks in the child.
[2025-07-07T14:34:52.501+0000] {standard_task_runner.py:90} INFO - Running: ['***', 'tasks', 'run', 'fin_cotacoes_bcb_classic', 'extract', 'scheduled__2025-04-20T00:00:00+00:00', '--job-id', '2512', '--raw', '--subdir', 'DAGS_FOLDER/cotacoes.py', '--cfg-path', '/tmp/tmpl28yh0p8']
[2025-07-07T14:34:52.510+0000] {standard_task_runner.py:63} INFO - Started process 79090 to run task
[2025-07-07T14:34:52.511+0000] {standard_task_runner.py:91} INFO - Job 2512: Subtask extract
[2025-07-07T14:34:52.641+0000] {task_command.py:426} INFO - Running <TaskInstance: fin_cotacoes_bcb_classic.extract scheduled__2025-04-20T00:00:00+00:00 [running]> on host bc96ca91d307
[2025-07-07T14:34:52.877+0000] {taskinstance.py:2648} INFO - Exporting env vars: AIRFLOW_CTX_DAG_OWNER='***' AIRFLOW_CTX_DAG_ID='fin_cotacoes_bcb_classic' AIRFLOW_CTX_TASK_ID='extract' AIRFLOW_CTX_EXECUTION_DATE='2025-04-20T00:00:00+00:00' AIRFLOW_CTX_TRY_NUMBER='1' AIRFLOW_CTX_DAG_RUN_ID='scheduled__2025-04-20T00:00:00+00:00'
[2025-07-07T14:34:52.878+0000] {taskinstance.py:430} INFO - ::endgroup::
[2025-07-07T14:34:52.879+0000] {cotacoes.py:35} INFO - Iniciando extração da URL: https://www4.bcb.gov.br/Download/fechamento/20250420.csv
[2025-07-07T14:34:53.166+0000] {cotacoes.py:46} WARNING - Não foi possível extrair dados da URL (pode ser um dia sem cotação): 404 Client Error: Not Found for url: https://www4.bcb.gov.br/Download/fechamento/20250420.csv
[2025-07-07T14:34:53.167+0000] {python.py:237} INFO - Done. Returned value was: None
[2025-07-07T14:34:53.168+0000] {taskinstance.py:441} INFO - ::group::Post task execution logs
[2025-07-07T14:34:53.192+0000] {taskinstance.py:1206} INFO - Marking task as SUCCESS. dag_id=fin_cotacoes_bcb_classic, task_id=extract, run_id=scheduled__2025-04-20T00:00:00+00:00, execution_date=20250420T000000, start_date=20250707T143452, end_date=20250707T143453
[2025-07-07T14:34:53.264+0000] {local_task_job_runner.py:240} INFO - Task exited with return code 0
[2025-07-07T14:34:53.330+0000] {taskinstance.py:3503} INFO - 1 downstream tasks scheduled from follow-on schedule check
[2025-07-07T14:34:53.338+0000] {local_task_job_runner.py:222} INFO - ::endgroup::
[2025-07-07T15:12:07.545+0000] {local_task_job_runner.py:120} INFO - ::group::Pre task execution logs
[2025-07-07T15:12:07.668+0000] {taskinstance.py:2076} INFO - Dependencies all met for dep_context=non-requeueable deps ti=<TaskInstance: fin_cotacoes_bcb_classic.extract scheduled__2025-04-20T00:00:00+00:00 [queued]>
[2025-07-07T15:12:07.705+0000] {taskinstance.py:2076} INFO - Dependencies all met for dep_context=requeueable deps ti=<TaskInstance: fin_cotacoes_bcb_classic.extract scheduled__2025-04-20T00:00:00+00:00 [queued]>
[2025-07-07T15:12:07.706+0000] {taskinstance.py:2306} INFO - Starting attempt 1 of 2
[2025-07-07T15:12:07.750+0000] {taskinstance.py:2330} INFO - Executing <Task(PythonOperator): extract> on 2025-04-20 00:00:00+00:00
[2025-07-07T15:12:07.773+0000] {logging_mixin.py:188} WARNING - /home/***/.local/lib/python3.12/site-packages/***/task/task_runner/standard_task_runner.py:61 DeprecationWarning: This process (pid=103603) is multi-threaded, use of fork() may lead to deadlocks in the child.
[2025-07-07T15:12:07.774+0000] {standard_task_runner.py:63} INFO - Started process 103706 to run task
[2025-07-07T15:12:07.769+0000] {standard_task_runner.py:90} INFO - Running: ['***', 'tasks', 'run', 'fin_cotacoes_bcb_classic', 'extract', 'scheduled__2025-04-20T00:00:00+00:00', '--job-id', '4183', '--raw', '--subdir', 'DAGS_FOLDER/cotacoes.py', '--cfg-path', '/tmp/tmpba7kxbr3']
[2025-07-07T15:12:07.776+0000] {standard_task_runner.py:91} INFO - Job 4183: Subtask extract
[2025-07-07T15:12:07.878+0000] {task_command.py:426} INFO - Running <TaskInstance: fin_cotacoes_bcb_classic.extract scheduled__2025-04-20T00:00:00+00:00 [running]> on host bc96ca91d307
[2025-07-07T15:12:08.052+0000] {taskinstance.py:2648} INFO - Exporting env vars: AIRFLOW_CTX_DAG_OWNER='***' AIRFLOW_CTX_DAG_ID='fin_cotacoes_bcb_classic' AIRFLOW_CTX_TASK_ID='extract' AIRFLOW_CTX_EXECUTION_DATE='2025-04-20T00:00:00+00:00' AIRFLOW_CTX_TRY_NUMBER='1' AIRFLOW_CTX_DAG_RUN_ID='scheduled__2025-04-20T00:00:00+00:00'
[2025-07-07T15:12:08.053+0000] {taskinstance.py:430} INFO - ::endgroup::
[2025-07-07T15:12:08.056+0000] {cotacoes.py:35} INFO - Iniciando extração da URL: https://www4.bcb.gov.br/Download/fechamento/20250420.csv
[2025-07-07T15:12:08.308+0000] {cotacoes.py:46} WARNING - Não foi possível extrair dados da URL (pode ser um dia sem cotação): 404 Client Error: Not Found for url: https://www4.bcb.gov.br/Download/fechamento/20250420.csv
[2025-07-07T15:12:08.309+0000] {python.py:237} INFO - Done. Returned value was: None
[2025-07-07T15:12:08.319+0000] {taskinstance.py:441} INFO - ::group::Post task execution logs
[2025-07-07T15:12:08.337+0000] {taskinstance.py:1206} INFO - Marking task as SUCCESS. dag_id=fin_cotacoes_bcb_classic, task_id=extract, run_id=scheduled__2025-04-20T00:00:00+00:00, execution_date=20250420T000000, start_date=20250707T151207, end_date=20250707T151208
[2025-07-07T15:12:08.884+0000] {local_task_job_runner.py:240} INFO - Task exited with return code 0
[2025-07-07T15:12:08.947+0000] {taskinstance.py:3503} INFO - 1 downstream tasks scheduled from follow-on schedule check
[2025-07-07T15:12:08.951+0000] {local_task_job_runner.py:222} INFO - ::endgroup::
