[2025-07-05T19:28:43.780+0000] {local_task_job_runner.py:120} INFO - ::group::Pre task execution logs
[2025-07-05T19:28:43.833+0000] {taskinstance.py:2076} INFO - Dependencies all met for dep_context=non-requeueable deps ti=<TaskInstance: fin_cotacoes_bcb_classic.extract scheduled__2024-01-03T00:00:00+00:00 [queued]>
[2025-07-05T19:28:43.843+0000] {taskinstance.py:2076} INFO - Dependencies all met for dep_context=requeueable deps ti=<TaskInstance: fin_cotacoes_bcb_classic.extract scheduled__2024-01-03T00:00:00+00:00 [queued]>
[2025-07-05T19:28:43.845+0000] {taskinstance.py:2306} INFO - Starting attempt 1 of 2
[2025-07-05T19:28:43.867+0000] {taskinstance.py:2330} INFO - Executing <Task(PythonOperator): extract> on 2024-01-03 00:00:00+00:00
[2025-07-05T19:28:43.887+0000] {standard_task_runner.py:90} INFO - Running: ['***', 'tasks', 'run', 'fin_cotacoes_bcb_classic', 'extract', 'scheduled__2024-01-03T00:00:00+00:00', '--job-id', '148', '--raw', '--subdir', 'DAGS_FOLDER/cotacoes.py', '--cfg-path', '/tmp/tmpf2viek_y']
[2025-07-05T19:28:43.890+0000] {standard_task_runner.py:91} INFO - Job 148: Subtask extract
[2025-07-05T19:28:43.891+0000] {logging_mixin.py:188} WARNING - /home/***/.local/lib/python3.12/site-packages/***/task/task_runner/standard_task_runner.py:61 DeprecationWarning: This process (pid=1286) is multi-threaded, use of fork() may lead to deadlocks in the child.
[2025-07-05T19:28:43.892+0000] {standard_task_runner.py:63} INFO - Started process 1296 to run task
[2025-07-05T19:28:43.968+0000] {task_command.py:426} INFO - Running <TaskInstance: fin_cotacoes_bcb_classic.extract scheduled__2024-01-03T00:00:00+00:00 [running]> on host 20adb53d65c4
[2025-07-05T19:28:44.111+0000] {taskinstance.py:2648} INFO - Exporting env vars: AIRFLOW_CTX_DAG_OWNER='***' AIRFLOW_CTX_DAG_ID='fin_cotacoes_bcb_classic' AIRFLOW_CTX_TASK_ID='extract' AIRFLOW_CTX_EXECUTION_DATE='2024-01-03T00:00:00+00:00' AIRFLOW_CTX_TRY_NUMBER='1' AIRFLOW_CTX_DAG_RUN_ID='scheduled__2024-01-03T00:00:00+00:00'
[2025-07-05T19:28:44.113+0000] {taskinstance.py:430} INFO - ::endgroup::
[2025-07-05T19:28:44.114+0000] {cotacoes.py:32} WARNING - https://www4.bcb.gov.br/Download/fechamento/20240103.csv
[2025-07-05T19:28:44.323+0000] {python.py:237} INFO - Done. Returned value was: 03/01/2024;005;A;AFN;0,06991000;0,07012000;70,18000000;70,38000000
03/01/2024;009;A;ETB;0,08629000;0,08784000;56,02550000;57,02550000
03/01/2024;015;A;THB;0,14240000;0,14260000;34,52000000;34,55000000
03/01/2024;020;A;PAB;4,92060000;4,92120000;1,00000000;1,00000000
03/01/2024;027;A;VES;0,13720000;0,13760000;35,77730000;35,86700000
03/01/2024;030;A;BOB;0,70290000;0,71840000;6,85000000;7,00000000
03/01/2024;035;A;GHS;0,41010000;0,41350000;11,90000000;12,00000000
03/01/2024;040;A;CRC;0,00946300;0,00947800;519,22000000;520,00000000
03/01/2024;045;A;SVC;0,56170000;0,56250000;8,74950000;8,75950000
03/01/2024;051;A;NIO;0,13300000;0,13590000;36,20000000;37,00000000
03/01/2024;055;A;DKK;0,71950000;0,71970000;6,83780000;6,83880000
03/01/2024;060;A;ISK;0,03559000;0,03564000;138,09000000;138,27000000
03/01/2024;065;A;NOK;0,47450000;0,47470000;10,36800000;10,37100000
03/01/2024;070;A;SEK;0,47740000;0,47760000;10,30420000;10,30720000
03/01/2024;075;A;CZK;0,21770000;0,21780000;22,59600000;22,60600000
03/01/2024;090;A;GMD;0,07236000;0,07406000;66,45000000;68,00000000
03/01/2024;095;A;DZD;0,03645000;0,03661000;134,41090000;135,00090000
03/01/2024;100;A;KWD;15,98640000;15,99350000;0,30770000;0,30780000
03/01/2024;105;A;BHD;13,04850000;13,05700000;0,37690000;0,37710000
03/01/2024;115;A;IQD;0,00375300;0,00376000;1309,00000000;1311,00000000
03/01/2024;125;A;JOD;6,93040000;6,94300000;0,70880000;0,71000000
03/01/2024;130;A;LYD;1,02400000;1,02890000;4,78300000;4,80530000
03/01/2024;132;A;MKD;0,08700000;0,08733000;56,35000000;56,56000000
03/01/2024;133;A;RSD;0,04569000;0,04582000;107,40000000;107,70000000
03/01/2024;134;A;SDG;0,00817100;0,00821800;598,85020000;602,19120000
03/01/2024;135;A;TND;1,58570000;1,58740000;3,10020000;3,10320000
03/01/2024;136;A;SSP;0,00452900;0,00465800;1056,52390000;1086,52390000
03/01/2024;138;B;SDR;6,57440000;6,57520000;1,33610000;1,33610000
03/01/2024;139;A;MAD;0,49480000;0,49550000;9,93150000;9,94450000
03/01/2024;145;A;AED;1,33970000;1,34000000;3,67250000;3,67280000
03/01/2024;149;A;STN;0,21670000;0,22120000;22,24840000;22,70450000
03/01/2024;150;B;AUD;3,30220000;3,30360000;0,67110000;0,67130000
03/01/2024;155;A;BSD;4,92060000;4,92120000;1,00000000;1,00000000
03/01/2024;160;A;BMD;4,92060000;4,92120000;1,00000000;1,00000000
03/01/2024;165;A;CAD;3,68500000;3,68660000;1,33490000;1,33530000
03/01/2024;170;A;GYD;0,02338000;0,02366000;207,98000000;210,45000000
03/01/2024;173;A;NAD;0,26150000;0,26160000;18,81200000;18,81600000
03/01/2024;175;A;BBD;2,41190000;2,46290000;1,99810000;2,04010000
03/01/2024;180;A;BZD;2,42010000;2,46280000;1,99820000;2,03320000
03/01/2024;185;A;BND;3,69940000;3,70130000;1,32960000;1,33010000
03/01/2024;190;A;KYD;5,89290000;5,96510000;0,82500000;0,83500000
03/01/2024;195;A;SGD;3,69940000;3,70130000;1,32960000;1,33010000
03/01/2024;197;B;CLF;205,19390000;205,21900000;41,70100000;41,70100000
03/01/2024;200;B;FJD;2,18080000;2,23520000;0,44320000;0,45420000
03/01/2024;205;A;HKD;0,63020000;0,63030000;7,80750000;7,80760000
03/01/2024;210;A;TTD;0,72090000;0,72920000;6,74860000;6,82600000
03/01/2024;215;A;XCD;1,80900000;1,82270000;2,70000000;2,72000000
03/01/2024;220;A;USD;4,92060000;4,92120000;1,00000000;1,00000000
03/01/2024;230;A;JMD;0,03170000;0,03208000;153,39000000;155,23000000
03/01/2024;235;A;LRD;0,02523000;0,02604000;189,00000000;195,00000000
03/01/2024;245;B;NZD;3,06360000;3,06590000;0,62260000;0,62300000
03/01/2024;250;B;SBD;0,57230000;0,60680000;0,11630000;0,12330000
03/01/2024;255;A;SRD;0,13270000;0,13560000;36,29000000;37,07500000
03/01/2024;260;A;VND;0,00020170;0,00020190;24370,00000000;24400,00000000
03/01/2024;275;A;AMD;0,01211000;0,01217000;404,28000000;406,28000000
03/01/2024;295;A;CVE;0,04869000;0,04915000;100,13000000;101,05000000
03/01/2024;325;A;ANG;2,70360000;2,75770000;1,78450000;1,82000000
03/01/2024;328;A;AWG;2,67420000;2,76470000;1,78000000;1,84000000
03/01/2024;345;A;HUF;0,01411000;0,01411000;348,70000000;348,84000000
03/01/2024;363;A;CDF;0,00175700;0,00185000;2660,00000000;2800,00000000
03/01/2024;365;A;BIF;0,00171800;0,00173700;2833,71000000;2864,71000000
03/01/2024;368;A;KMF;0,01087000;0,01092000;450,66000000;452,66000000
03/01/2024;370;A;XAF;0,00786400;0,00818400;601,35000000;625,73000000
03/01/2024;372;A;XOF;0,00817400;0,00827100;595,00000000;602,00000000
03/01/2024;380;A;XPF;0,04469000;0,04510000;109,11000000;110,10000000
03/01/2024;390;A;DJF;0,02756000;0,02772000;177,55000000;178,55000000
03/01/2024;398;A;GNF;0,00056660;0,00057820;8511,00000000;8685,00000000
03/01/2024;406;A;MGA;0,00107000;0,00108200;4547,00000000;4600,00000000
03/01/2024;420;A;RWF;0,00387300;0,00392600;1253,60000000;1270,60000000
03/01/2024;425;A;CHF;5,77060000;5,77400000;0,85230000;0,85270000
03/01/2024;440;A;HTG;0,03715000;0,03748000;131,29750000;132,44140000
03/01/2024;450;A;PYG;0,00067760;0,00067860;7252,37000000;7261,30000000
03/01/2024;460;A;UAH;0,12890000;0,12910000;38,13000000;38,16000000
03/01/2024;470;A;JPY;0,03427000;0,03428000;143,58000000;143,59000000
03/01/2024;482;A;GEL;1,81570000;1,85010000;2,66000000;2,71000000
03/01/2024;490;A;ALL;0,05158000;0,05219000;94,30000000;95,40000000
03/01/2024;495;A;HNL;0,19900000;0,19990000;24,62100000;24,72100000
03/01/2024;500;A;SLL;0,00021690;0,00021910;22466,00000000;22691,00000000
03/01/2024;503;A;MDL;0,28130000;0,28300000;17,39000000;17,49000000
03/01/2024;506;A;RON;1,07830000;1,08010000;4,55640000;4,56320000
03/01/2024;510;A;BGN;2,74300000;2,74440000;1,79320000;1,79390000
03/01/2024;530;B;GIP;6,21960000;6,22530000;1,26400000;1,26500000
03/01/2024;535;A;EGP;0,15900000;0,15950000;30,85000000;30,95000000
03/01/2024;540;B;GBP;6,21320000;6,21600000;1,26270000;1,26310000
03/01/2024;545;B;FKP;6,21960000;6,22530000;1,26400000;1,26500000
03/01/2024;560;A;LBP;0,00032670;0,00032810;15000,00000000;15060,00000000
03/01/2024;570;B;SHP;6,21180000;6,21740000;1,26240000;1,26340000
03/01/2024;575;A;SYP;0,00037840;0,00037860;13000,00000000;13003,00000000
03/01/2024;585;A;SZL;0,26170000;0,26180000;18,79480000;18,80280000
03/01/2024;603;A;LSL;0,26160000;0,26190000;18,78880000;18,80880000
03/01/2024;608;A;TMT;1,40590000;1,41010000;3,49000000;3,50000000
03/01/2024;622;A;MZN;0,07637000;0,07783000;63,23000000;64,43000000
03/01/2024;625;A;ERN;0,32480000;0,32810000;15,00000000;15,15000000
03/01/2024;630;A;NGN;0,00551100;0,00552400;890,90000000;892,90000000
03/01/2024;635;A;AOA;0,00578900;0,00584300;842,20000000;850,00000000
03/01/2024;640;A;TWD;0,15840000;0,15840000;31,06300000;31,07300000
03/01/2024;642;A;TRY;0,16530000;0,16530000;29,77130000;29,77520000
03/01/2024;660;A;PEN;1,31770000;1,31790000;3,73420000;3,73430000
03/01/2024;665;A;BTN;0,05906000;0,05911000;83,25900000;83,31400000
03/01/2024;670;A;MRO;0,01371000;0,01382000;356,00000000;359,00000000
03/01/2024;671;A;MRU;0,12490000;0,12530000;39,28000000;39,39800000
03/01/2024;680;B;TOP;2,06520000;2,18850000;0,41970000;0,44470000
03/01/2024;685;A;MOP;0,61110000;0,61190000;8,04200000;8,05200000
03/01/2024;706;A;ARS;0,00606600;0,00606700;811,10000000;811,20000000
03/01/2024;715;A;CLP;0,00557400;0,00557800;882,22000000;882,82000000
03/01/2024;720;A;COP;0,00125800;0,00126100;3904,20000000;3911,39000000
03/01/2024;721;B;COU;0,45220000;0,45230000;0,09190000;0,09190000
03/01/2024;725;A;CUP;0,20500000;0,20510000;24,00000000;24,00000000
03/01/2024;730;A;DOP;0,08447000;0,08491000;57,96000000;58,25000000
03/01/2024;735;A;PHP;0,08850000;0,08854000;55,58000000;55,60000000
03/01/2024;741;A;MXN;0,28860000;0,28880000;17,04050000;17,05050000
03/01/2024;745;A;UYU;0,12580000;0,12590000;39,09000000;39,12000000
03/01/2024;755;B;BWP;0,36120000;0,36270000;0,07340000;0,07370000
03/01/2024;760;A;MWK;0,00289400;0,00295300;1666,74000000;1700,04000000
03/01/2024;766;A;ZMW;0,19070000;0,19110000;25,75000000;25,80000000
03/01/2024;770;A;GTQ;0,62840000;0,62970000;7,81500000;7,83000000
03/01/2024;775;A;MMK;0,00233600;0,00235100;2093,70000000;2106,30000000
03/01/2024;778;B;PGK;1,27590000;1,36460000;0,25930000;0,27730000
03/01/2024;780;A;LAK;0,00023800;0,00023950;20548,00000000;20672,00000000
03/01/2024;785;A;ZAR;0,26160000;0,26190000;18,79150000;18,80650000
03/01/2024;795;A;CNY;0,68800000;0,68830000;7,14970000;7,15200000
03/01/2024;796;A;CNH;0,68610000;0,68620000;7,17150000;7,17160000
03/01/2024;800;A;QAR;1,34960000;1,35020000;3,64490000;3,64590000
03/01/2024;805;A;OMR;12,78080000;12,81560000;0,38400000;0,38500000
03/01/2024;810;A;YER;0,01964000;0,01969000;249,98000000;250,48000000
03/01/2024;815;A;IRR;0,00011710;0,00011720;42000,00000000;42005,00000000
03/01/2024;820;A;SAR;1,31200000;1,31230000;3,75020000;3,75040000
03/01/2024;825;A;KHR;0,00120100;0,00120700;4076,00000000;4096,00000000
03/01/2024;828;A;MYR;1,06180000;1,06340000;4,62800000;4,63400000
03/01/2024;830;A;RUB;0,05333000;0,05388000;91,33900000;92,27500000
03/01/2024;831;A;BYN;1,48700000;1,49300000;3,29610000;3,30910000
03/01/2024;835;A;TJS;0,44900000;0,45020000;10,93000000;10,96000000
03/01/2024;840;A;MUR;0,11120000;0,11190000;43,96000000;44,26000000
03/01/2024;845;A;NPR;0,03692000;0,03693000;133,24000000;133,26000000
03/01/2024;850;A;SCR;0,36320000;0,36330000;13,54600000;13,54610000
03/01/2024;855;A;LKR;0,01523000;0,01526000;322,50000000;323,00000000
03/01/2024;860;A;INR;0,05903000;0,05905000;83,33580000;83,35280000
03/01/2024;865;A;IDR;0,00031780;0,00031800;15475,00000000;15485,00000000
03/01/2024;870;A;MVR;0,31750000;0,31910000;15,42000000;15,50000000
03/01/2024;875;A;PKR;0,01744000;0,01746000;281,80000000;282,20000000
03/01/2024;880;A;ILS;1,34420000;1,34600000;3,65620000;3,66060000
03/01/2024;892;A;KGS;0,05520000;0,05524000;89,08520000;89,13950000
03/01/2024;893;A;UZS;0,00039840;0,00039880;12340,12000000;12350,12000000
03/01/2024;905;A;BDT;0,04473000;0,04494000;109,50000000;110,00000000
03/01/2024;912;B;WST;1,77040000;1,87890000;0,35980000;0,38180000
03/01/2024;913;A;KZT;0,01075000;0,01077000;456,79000000;457,83000000
03/01/2024;915;A;MNT;0,00142700;0,00144800;3399,00000000;3449,00000000
03/01/2024;920;A;VUV;0,04047000;0,04226000;116,45000000;121,58000000
03/01/2024;930;A;KRW;0,00374700;0,00375000;1312,32000000;1313,31000000
03/01/2024;946;A;TZS;0,00195100;0,00195900;2512,00000000;2522,00000000
03/01/2024;950;A;KES;0,03130000;0,03145000;156,50000000;157,20000000
03/01/2024;955;A;UGX;0,00128800;0,00129300;3805,00000000;3820,00000000
03/01/2024;960;A;SOS;0,00855800;0,00866400;568,00000000;575,00000000
03/01/2024;975;A;PLN;1,23210000;1,23280000;3,99190000;3,99360000
03/01/2024;978;B;EUR;5,36490000;5,36760000;1,09030000;1,09070000
03/01/2024;998;A;XAU;321,60780000;321,64710000;0,01530000;0,01530000

[2025-07-05T19:28:44.324+0000] {taskinstance.py:441} INFO - ::group::Post task execution logs
[2025-07-05T19:28:44.348+0000] {taskinstance.py:1206} INFO - Marking task as SUCCESS. dag_id=fin_cotacoes_bcb_classic, task_id=extract, run_id=scheduled__2024-01-03T00:00:00+00:00, execution_date=20240103T000000, start_date=20250705T192843, end_date=20250705T192844
[2025-07-05T19:28:44.405+0000] {local_task_job_runner.py:240} INFO - Task exited with return code 0
[2025-07-05T19:28:44.417+0000] {logging_mixin.py:188} WARNING - /home/***/.local/lib/python3.12/site-packages/***/models/baseoperator.py:1297 AirflowProviderDeprecationWarning: Call to deprecated class PostgresOperator. (Please use `***.providers.common.sql.operators.sql.SQLExecuteQueryOperator`.Also, you can provide `hook_params={'schema': <database>}`.)
[2025-07-05T19:28:44.432+0000] {taskinstance.py:3503} INFO - 1 downstream tasks scheduled from follow-on schedule check
[2025-07-05T19:28:44.433+0000] {local_task_job_runner.py:222} INFO - ::endgroup::
[2025-07-07T15:02:42.333+0000] {local_task_job_runner.py:120} INFO - ::group::Pre task execution logs
[2025-07-07T15:02:42.461+0000] {taskinstance.py:2076} INFO - Dependencies all met for dep_context=non-requeueable deps ti=<TaskInstance: fin_cotacoes_bcb_classic.extract scheduled__2024-01-03T00:00:00+00:00 [queued]>
[2025-07-07T15:02:42.481+0000] {taskinstance.py:2076} INFO - Dependencies all met for dep_context=requeueable deps ti=<TaskInstance: fin_cotacoes_bcb_classic.extract scheduled__2024-01-03T00:00:00+00:00 [queued]>
[2025-07-07T15:02:42.482+0000] {taskinstance.py:2306} INFO - Starting attempt 1 of 2
[2025-07-07T15:02:42.533+0000] {taskinstance.py:2330} INFO - Executing <Task(PythonOperator): extract> on 2024-01-03 00:00:00+00:00
[2025-07-07T15:02:42.552+0000] {logging_mixin.py:188} WARNING - /home/***/.local/lib/python3.12/site-packages/***/task/task_runner/standard_task_runner.py:61 DeprecationWarning: This process (pid=94527) is multi-threaded, use of fork() may lead to deadlocks in the child.
[2025-07-07T15:02:42.553+0000] {standard_task_runner.py:63} INFO - Started process 94556 to run task
[2025-07-07T15:02:42.562+0000] {standard_task_runner.py:90} INFO - Running: ['***', 'tasks', 'run', 'fin_cotacoes_bcb_classic', 'extract', 'scheduled__2024-01-03T00:00:00+00:00', '--job-id', '2764', '--raw', '--subdir', 'DAGS_FOLDER/cotacoes.py', '--cfg-path', '/tmp/tmpjm253ckf']
[2025-07-07T15:02:42.567+0000] {standard_task_runner.py:91} INFO - Job 2764: Subtask extract
[2025-07-07T15:02:42.687+0000] {task_command.py:426} INFO - Running <TaskInstance: fin_cotacoes_bcb_classic.extract scheduled__2024-01-03T00:00:00+00:00 [running]> on host bc96ca91d307
[2025-07-07T15:02:42.882+0000] {taskinstance.py:2648} INFO - Exporting env vars: AIRFLOW_CTX_DAG_OWNER='***' AIRFLOW_CTX_DAG_ID='fin_cotacoes_bcb_classic' AIRFLOW_CTX_TASK_ID='extract' AIRFLOW_CTX_EXECUTION_DATE='2024-01-03T00:00:00+00:00' AIRFLOW_CTX_TRY_NUMBER='1' AIRFLOW_CTX_DAG_RUN_ID='scheduled__2024-01-03T00:00:00+00:00'
[2025-07-07T15:02:42.883+0000] {taskinstance.py:430} INFO - ::endgroup::
[2025-07-07T15:02:42.884+0000] {cotacoes.py:35} INFO - Iniciando extração da URL: https://www4.bcb.gov.br/Download/fechamento/20240103.csv
[2025-07-07T15:02:43.206+0000] {cotacoes.py:41} INFO - Extração concluída com sucesso.
[2025-07-07T15:02:43.216+0000] {python.py:237} INFO - Done. Returned value was: 03/01/2024;005;A;AFN;0,06991000;0,07012000;70,18000000;70,38000000
03/01/2024;009;A;ETB;0,08629000;0,08784000;56,02550000;57,02550000
03/01/2024;015;A;THB;0,14240000;0,14260000;34,52000000;34,55000000
03/01/2024;020;A;PAB;4,92060000;4,92120000;1,00000000;1,00000000
03/01/2024;027;A;VES;0,13720000;0,13760000;35,77730000;35,86700000
03/01/2024;030;A;BOB;0,70290000;0,71840000;6,85000000;7,00000000
03/01/2024;035;A;GHS;0,41010000;0,41350000;11,90000000;12,00000000
03/01/2024;040;A;CRC;0,00946300;0,00947800;519,22000000;520,00000000
03/01/2024;045;A;SVC;0,56170000;0,56250000;8,74950000;8,75950000
03/01/2024;051;A;NIO;0,13300000;0,13590000;36,20000000;37,00000000
03/01/2024;055;A;DKK;0,71950000;0,71970000;6,83780000;6,83880000
03/01/2024;060;A;ISK;0,03559000;0,03564000;138,09000000;138,27000000
03/01/2024;065;A;NOK;0,47450000;0,47470000;10,36800000;10,37100000
03/01/2024;070;A;SEK;0,47740000;0,47760000;10,30420000;10,30720000
03/01/2024;075;A;CZK;0,21770000;0,21780000;22,59600000;22,60600000
03/01/2024;090;A;GMD;0,07236000;0,07406000;66,45000000;68,00000000
03/01/2024;095;A;DZD;0,03645000;0,03661000;134,41090000;135,00090000
03/01/2024;100;A;KWD;15,98640000;15,99350000;0,30770000;0,30780000
03/01/2024;105;A;BHD;13,04850000;13,05700000;0,37690000;0,37710000
03/01/2024;115;A;IQD;0,00375300;0,00376000;1309,00000000;1311,00000000
03/01/2024;125;A;JOD;6,93040000;6,94300000;0,70880000;0,71000000
03/01/2024;130;A;LYD;1,02400000;1,02890000;4,78300000;4,80530000
03/01/2024;132;A;MKD;0,08700000;0,08733000;56,35000000;56,56000000
03/01/2024;133;A;RSD;0,04569000;0,04582000;107,40000000;107,70000000
03/01/2024;134;A;SDG;0,00817100;0,00821800;598,85020000;602,19120000
03/01/2024;135;A;TND;1,58570000;1,58740000;3,10020000;3,10320000
03/01/2024;136;A;SSP;0,00452900;0,00465800;1056,52390000;1086,52390000
03/01/2024;138;B;SDR;6,57440000;6,57520000;1,33610000;1,33610000
03/01/2024;139;A;MAD;0,49480000;0,49550000;9,93150000;9,94450000
03/01/2024;145;A;AED;1,33970000;1,34000000;3,67250000;3,67280000
03/01/2024;149;A;STN;0,21670000;0,22120000;22,24840000;22,70450000
03/01/2024;150;B;AUD;3,30220000;3,30360000;0,67110000;0,67130000
03/01/2024;155;A;BSD;4,92060000;4,92120000;1,00000000;1,00000000
03/01/2024;160;A;BMD;4,92060000;4,92120000;1,00000000;1,00000000
03/01/2024;165;A;CAD;3,68500000;3,68660000;1,33490000;1,33530000
03/01/2024;170;A;GYD;0,02338000;0,02366000;207,98000000;210,45000000
03/01/2024;173;A;NAD;0,26150000;0,26160000;18,81200000;18,81600000
03/01/2024;175;A;BBD;2,41190000;2,46290000;1,99810000;2,04010000
03/01/2024;180;A;BZD;2,42010000;2,46280000;1,99820000;2,03320000
03/01/2024;185;A;BND;3,69940000;3,70130000;1,32960000;1,33010000
03/01/2024;190;A;KYD;5,89290000;5,96510000;0,82500000;0,83500000
03/01/2024;195;A;SGD;3,69940000;3,70130000;1,32960000;1,33010000
03/01/2024;197;B;CLF;205,19390000;205,21900000;41,70100000;41,70100000
03/01/2024;200;B;FJD;2,18080000;2,23520000;0,44320000;0,45420000
03/01/2024;205;A;HKD;0,63020000;0,63030000;7,80750000;7,80760000
03/01/2024;210;A;TTD;0,72090000;0,72920000;6,74860000;6,82600000
03/01/2024;215;A;XCD;1,80900000;1,82270000;2,70000000;2,72000000
03/01/2024;220;A;USD;4,92060000;4,92120000;1,00000000;1,00000000
03/01/2024;230;A;JMD;0,03170000;0,03208000;153,39000000;155,23000000
03/01/2024;235;A;LRD;0,02523000;0,02604000;189,00000000;195,00000000
03/01/2024;245;B;NZD;3,06360000;3,06590000;0,62260000;0,62300000
03/01/2024;250;B;SBD;0,57230000;0,60680000;0,11630000;0,12330000
03/01/2024;255;A;SRD;0,13270000;0,13560000;36,29000000;37,07500000
03/01/2024;260;A;VND;0,00020170;0,00020190;24370,00000000;24400,00000000
03/01/2024;275;A;AMD;0,01211000;0,01217000;404,28000000;406,28000000
03/01/2024;295;A;CVE;0,04869000;0,04915000;100,13000000;101,05000000
03/01/2024;325;A;ANG;2,70360000;2,75770000;1,78450000;1,82000000
03/01/2024;328;A;AWG;2,67420000;2,76470000;1,78000000;1,84000000
03/01/2024;345;A;HUF;0,01411000;0,01411000;348,70000000;348,84000000
03/01/2024;363;A;CDF;0,00175700;0,00185000;2660,00000000;2800,00000000
03/01/2024;365;A;BIF;0,00171800;0,00173700;2833,71000000;2864,71000000
03/01/2024;368;A;KMF;0,01087000;0,01092000;450,66000000;452,66000000
03/01/2024;370;A;XAF;0,00786400;0,00818400;601,35000000;625,73000000
03/01/2024;372;A;XOF;0,00817400;0,00827100;595,00000000;602,00000000
03/01/2024;380;A;XPF;0,04469000;0,04510000;109,11000000;110,10000000
03/01/2024;390;A;DJF;0,02756000;0,02772000;177,55000000;178,55000000
03/01/2024;398;A;GNF;0,00056660;0,00057820;8511,00000000;8685,00000000
03/01/2024;406;A;MGA;0,00107000;0,00108200;4547,00000000;4600,00000000
03/01/2024;420;A;RWF;0,00387300;0,00392600;1253,60000000;1270,60000000
03/01/2024;425;A;CHF;5,77060000;5,77400000;0,85230000;0,85270000
03/01/2024;440;A;HTG;0,03715000;0,03748000;131,29750000;132,44140000
03/01/2024;450;A;PYG;0,00067760;0,00067860;7252,37000000;7261,30000000
03/01/2024;460;A;UAH;0,12890000;0,12910000;38,13000000;38,16000000
03/01/2024;470;A;JPY;0,03427000;0,03428000;143,58000000;143,59000000
03/01/2024;482;A;GEL;1,81570000;1,85010000;2,66000000;2,71000000
03/01/2024;490;A;ALL;0,05158000;0,05219000;94,30000000;95,40000000
03/01/2024;495;A;HNL;0,19900000;0,19990000;24,62100000;24,72100000
03/01/2024;500;A;SLL;0,00021690;0,00021910;22466,00000000;22691,00000000
03/01/2024;503;A;MDL;0,28130000;0,28300000;17,39000000;17,49000000
03/01/2024;506;A;RON;1,07830000;1,08010000;4,55640000;4,56320000
03/01/2024;510;A;BGN;2,74300000;2,74440000;1,79320000;1,79390000
03/01/2024;530;B;GIP;6,21960000;6,22530000;1,26400000;1,26500000
03/01/2024;535;A;EGP;0,15900000;0,15950000;30,85000000;30,95000000
03/01/2024;540;B;GBP;6,21320000;6,21600000;1,26270000;1,26310000
03/01/2024;545;B;FKP;6,21960000;6,22530000;1,26400000;1,26500000
03/01/2024;560;A;LBP;0,00032670;0,00032810;15000,00000000;15060,00000000
03/01/2024;570;B;SHP;6,21180000;6,21740000;1,26240000;1,26340000
03/01/2024;575;A;SYP;0,00037840;0,00037860;13000,00000000;13003,00000000
03/01/2024;585;A;SZL;0,26170000;0,26180000;18,79480000;18,80280000
03/01/2024;603;A;LSL;0,26160000;0,26190000;18,78880000;18,80880000
03/01/2024;608;A;TMT;1,40590000;1,41010000;3,49000000;3,50000000
03/01/2024;622;A;MZN;0,07637000;0,07783000;63,23000000;64,43000000
03/01/2024;625;A;ERN;0,32480000;0,32810000;15,00000000;15,15000000
03/01/2024;630;A;NGN;0,00551100;0,00552400;890,90000000;892,90000000
03/01/2024;635;A;AOA;0,00578900;0,00584300;842,20000000;850,00000000
03/01/2024;640;A;TWD;0,15840000;0,15840000;31,06300000;31,07300000
03/01/2024;642;A;TRY;0,16530000;0,16530000;29,77130000;29,77520000
03/01/2024;660;A;PEN;1,31770000;1,31790000;3,73420000;3,73430000
03/01/2024;665;A;BTN;0,05906000;0,05911000;83,25900000;83,31400000
03/01/2024;670;A;MRO;0,01371000;0,01382000;356,00000000;359,00000000
03/01/2024;671;A;MRU;0,12490000;0,12530000;39,28000000;39,39800000
03/01/2024;680;B;TOP;2,06520000;2,18850000;0,41970000;0,44470000
03/01/2024;685;A;MOP;0,61110000;0,61190000;8,04200000;8,05200000
03/01/2024;706;A;ARS;0,00606600;0,00606700;811,10000000;811,20000000
03/01/2024;715;A;CLP;0,00557400;0,00557800;882,22000000;882,82000000
03/01/2024;720;A;COP;0,00125800;0,00126100;3904,20000000;3911,39000000
03/01/2024;721;B;COU;0,45220000;0,45230000;0,09190000;0,09190000
03/01/2024;725;A;CUP;0,20500000;0,20510000;24,00000000;24,00000000
03/01/2024;730;A;DOP;0,08447000;0,08491000;57,96000000;58,25000000
03/01/2024;735;A;PHP;0,08850000;0,08854000;55,58000000;55,60000000
03/01/2024;741;A;MXN;0,28860000;0,28880000;17,04050000;17,05050000
03/01/2024;745;A;UYU;0,12580000;0,12590000;39,09000000;39,12000000
03/01/2024;755;B;BWP;0,36120000;0,36270000;0,07340000;0,07370000
03/01/2024;760;A;MWK;0,00289400;0,00295300;1666,74000000;1700,04000000
03/01/2024;766;A;ZMW;0,19070000;0,19110000;25,75000000;25,80000000
03/01/2024;770;A;GTQ;0,62840000;0,62970000;7,81500000;7,83000000
03/01/2024;775;A;MMK;0,00233600;0,00235100;2093,70000000;2106,30000000
03/01/2024;778;B;PGK;1,27590000;1,36460000;0,25930000;0,27730000
03/01/2024;780;A;LAK;0,00023800;0,00023950;20548,00000000;20672,00000000
03/01/2024;785;A;ZAR;0,26160000;0,26190000;18,79150000;18,80650000
03/01/2024;795;A;CNY;0,68800000;0,68830000;7,14970000;7,15200000
03/01/2024;796;A;CNH;0,68610000;0,68620000;7,17150000;7,17160000
03/01/2024;800;A;QAR;1,34960000;1,35020000;3,64490000;3,64590000
03/01/2024;805;A;OMR;12,78080000;12,81560000;0,38400000;0,38500000
03/01/2024;810;A;YER;0,01964000;0,01969000;249,98000000;250,48000000
03/01/2024;815;A;IRR;0,00011710;0,00011720;42000,00000000;42005,00000000
03/01/2024;820;A;SAR;1,31200000;1,31230000;3,75020000;3,75040000
03/01/2024;825;A;KHR;0,00120100;0,00120700;4076,00000000;4096,00000000
03/01/2024;828;A;MYR;1,06180000;1,06340000;4,62800000;4,63400000
03/01/2024;830;A;RUB;0,05333000;0,05388000;91,33900000;92,27500000
03/01/2024;831;A;BYN;1,48700000;1,49300000;3,29610000;3,30910000
03/01/2024;835;A;TJS;0,44900000;0,45020000;10,93000000;10,96000000
03/01/2024;840;A;MUR;0,11120000;0,11190000;43,96000000;44,26000000
03/01/2024;845;A;NPR;0,03692000;0,03693000;133,24000000;133,26000000
03/01/2024;850;A;SCR;0,36320000;0,36330000;13,54600000;13,54610000
03/01/2024;855;A;LKR;0,01523000;0,01526000;322,50000000;323,00000000
03/01/2024;860;A;INR;0,05903000;0,05905000;83,33580000;83,35280000
03/01/2024;865;A;IDR;0,00031780;0,00031800;15475,00000000;15485,00000000
03/01/2024;870;A;MVR;0,31750000;0,31910000;15,42000000;15,50000000
03/01/2024;875;A;PKR;0,01744000;0,01746000;281,80000000;282,20000000
03/01/2024;880;A;ILS;1,34420000;1,34600000;3,65620000;3,66060000
03/01/2024;892;A;KGS;0,05520000;0,05524000;89,08520000;89,13950000
03/01/2024;893;A;UZS;0,00039840;0,00039880;12340,12000000;12350,12000000
03/01/2024;905;A;BDT;0,04473000;0,04494000;109,50000000;110,00000000
03/01/2024;912;B;WST;1,77040000;1,87890000;0,35980000;0,38180000
03/01/2024;913;A;KZT;0,01075000;0,01077000;456,79000000;457,83000000
03/01/2024;915;A;MNT;0,00142700;0,00144800;3399,00000000;3449,00000000
03/01/2024;920;A;VUV;0,04047000;0,04226000;116,45000000;121,58000000
03/01/2024;930;A;KRW;0,00374700;0,00375000;1312,32000000;1313,31000000
03/01/2024;946;A;TZS;0,00195100;0,00195900;2512,00000000;2522,00000000
03/01/2024;950;A;KES;0,03130000;0,03145000;156,50000000;157,20000000
03/01/2024;955;A;UGX;0,00128800;0,00129300;3805,00000000;3820,00000000
03/01/2024;960;A;SOS;0,00855800;0,00866400;568,00000000;575,00000000
03/01/2024;975;A;PLN;1,23210000;1,23280000;3,99190000;3,99360000
03/01/2024;978;B;EUR;5,36490000;5,36760000;1,09030000;1,09070000
03/01/2024;998;A;XAU;321,60780000;321,64710000;0,01530000;0,01530000

[2025-07-07T15:02:43.218+0000] {taskinstance.py:441} INFO - ::group::Post task execution logs
[2025-07-07T15:02:43.293+0000] {taskinstance.py:1206} INFO - Marking task as SUCCESS. dag_id=fin_cotacoes_bcb_classic, task_id=extract, run_id=scheduled__2024-01-03T00:00:00+00:00, execution_date=20240103T000000, start_date=20250707T150242, end_date=20250707T150243
[2025-07-07T15:02:43.343+0000] {local_task_job_runner.py:240} INFO - Task exited with return code 0
[2025-07-07T15:02:43.413+0000] {taskinstance.py:3503} INFO - 1 downstream tasks scheduled from follow-on schedule check
[2025-07-07T15:02:43.421+0000] {local_task_job_runner.py:222} INFO - ::endgroup::
