[2025-07-06T17:49:36.138+0000] {local_task_job_runner.py:120} INFO - ::group::Pre task execution logs
[2025-07-06T17:49:36.216+0000] {taskinstance.py:2076} INFO - Dependencies all met for dep_context=non-requeueable deps ti=<TaskInstance: fin_cotacoes_bcb_classic.extract scheduled__2024-04-08T00:00:00+00:00 [queued]>
[2025-07-06T17:49:36.235+0000] {taskinstance.py:2076} INFO - Dependencies all met for dep_context=requeueable deps ti=<TaskInstance: fin_cotacoes_bcb_classic.extract scheduled__2024-04-08T00:00:00+00:00 [queued]>
[2025-07-06T17:49:36.235+0000] {taskinstance.py:2306} INFO - Starting attempt 1 of 2
[2025-07-06T17:49:36.422+0000] {taskinstance.py:2330} INFO - Executing <Task(PythonOperator): extract> on 2024-04-08 00:00:00+00:00
[2025-07-06T17:49:36.455+0000] {logging_mixin.py:188} WARNING - /home/***/.local/lib/python3.12/site-packages/***/task/task_runner/standard_task_runner.py:61 DeprecationWarning: This process (pid=6404) is multi-threaded, use of fork() may lead to deadlocks in the child.
[2025-07-06T17:49:36.446+0000] {standard_task_runner.py:90} INFO - Running: ['***', 'tasks', 'run', 'fin_cotacoes_bcb_classic', 'extract', 'scheduled__2024-04-08T00:00:00+00:00', '--job-id', '444', '--raw', '--subdir', 'DAGS_FOLDER/cotacoes.py', '--cfg-path', '/tmp/tmpa2d6o7xf']
[2025-07-06T17:49:36.460+0000] {standard_task_runner.py:63} INFO - Started process 6430 to run task
[2025-07-06T17:49:36.460+0000] {standard_task_runner.py:91} INFO - Job 444: Subtask extract
[2025-07-06T17:49:36.621+0000] {task_command.py:426} INFO - Running <TaskInstance: fin_cotacoes_bcb_classic.extract scheduled__2024-04-08T00:00:00+00:00 [running]> on host 20adb53d65c4
[2025-07-06T17:49:36.844+0000] {taskinstance.py:2648} INFO - Exporting env vars: AIRFLOW_CTX_DAG_OWNER='***' AIRFLOW_CTX_DAG_ID='fin_cotacoes_bcb_classic' AIRFLOW_CTX_TASK_ID='extract' AIRFLOW_CTX_EXECUTION_DATE='2024-04-08T00:00:00+00:00' AIRFLOW_CTX_TRY_NUMBER='1' AIRFLOW_CTX_DAG_RUN_ID='scheduled__2024-04-08T00:00:00+00:00'
[2025-07-06T17:49:36.845+0000] {taskinstance.py:430} INFO - ::endgroup::
[2025-07-06T17:49:36.850+0000] {cotacoes.py:32} WARNING - https://www4.bcb.gov.br/Download/fechamento/20240408.csv
[2025-07-06T17:49:37.277+0000] {python.py:237} INFO - Done. Returned value was: 08/04/2024;005;A;AFN;0,07058000;0,07079000;71,23000000;71,43000000
08/04/2024;009;A;ETB;0,08841000;0,08892000;56,70400000;57,02550000
08/04/2024;015;A;THB;0,13730000;0,13750000;36,68000000;36,71000000
08/04/2024;020;A;PAB;5,04150000;5,04210000;1,00000000;1,00000000
08/04/2024;027;A;VES;0,13920000;0,13950000;36,13680000;36,22740000
08/04/2024;030;A;BOB;0,71920000;0,73500000;6,86000000;7,01000000
08/04/2024;035;A;GHS;0,37620000;0,37910000;13,30000000;13,40000000
08/04/2024;040;A;CRC;0,00978900;0,01003000;502,73000000;515,00000000
08/04/2024;045;A;SVC;0,57550000;0,57630000;8,74980000;8,75980000
08/04/2024;051;A;NIO;0,13630000;0,13770000;36,61000000;37,00000000
08/04/2024;055;A;DKK;0,73350000;0,73360000;6,87280000;6,87330000
08/04/2024;060;A;ISK;0,03638000;0,03643000;138,41000000;138,59000000
08/04/2024;065;A;NOK;0,47100000;0,47110000;10,70200000;10,70480000
08/04/2024;070;A;SEK;0,47710000;0,47730000;10,56360000;10,56600000
08/04/2024;075;A;CZK;0,21570000;0,21590000;23,35700000;23,37400000
08/04/2024;090;A;GMD;0,07414000;0,07453000;67,65000000;68,00000000
08/04/2024;095;A;DZD;0,03740000;0,03756000;134,23020000;134,78320000
08/04/2024;100;A;KWD;16,39510000;16,40240000;0,30740000;0,30750000
08/04/2024;105;A;BHD;13,37270000;13,37430000;0,37700000;0,37700000
08/04/2024;115;A;IQD;0,00384600;0,00385200;1309,00000000;1311,00000000
08/04/2024;125;A;JOD;7,11370000;7,11960000;0,70820000;0,70870000
08/04/2024;130;A;LYD;1,03990000;1,04490000;4,82560000;4,84790000
08/04/2024;132;A;MKD;0,08857000;0,08891000;56,71000000;56,92000000
08/04/2024;133;A;RSD;0,04668000;0,04674000;107,88000000;108,00000000
08/04/2024;134;A;SDG;0,00837300;0,00842100;598,75020000;602,09120000
08/04/2024;135;A;TND;1,61590000;1,61770000;3,11690000;3,11990000
08/04/2024;136;A;SSP;0,00319800;0,00328100;1536,70560000;1576,70560000
08/04/2024;138;B;SDR;6,68300000;6,68380000;1,32560000;1,32560000
08/04/2024;139;A;MAD;0,50280000;0,50320000;10,02100000;10,02600000
08/04/2024;145;A;AED;1,37250000;1,37300000;3,67220000;3,67320000
08/04/2024;149;A;STN;0,21890000;0,22340000;22,57020000;23,03510000
08/04/2024;150;B;AUD;3,32690000;3,32930000;0,65990000;0,66030000
08/04/2024;155;A;BSD;5,04150000;5,04210000;1,00000000;1,00000000
08/04/2024;160;A;BMD;5,04150000;5,04210000;1,00000000;1,00000000
08/04/2024;165;A;CAD;3,71030000;3,71180000;1,35840000;1,35880000
08/04/2024;170;A;GYD;0,02396000;0,02424000;207,98000000;210,45000000
08/04/2024;173;A;NAD;0,27070000;0,27080000;18,62000000;18,62600000
08/04/2024;175;A;BBD;2,47120000;2,52340000;1,99810000;2,04010000
08/04/2024;180;A;BZD;2,47960000;2,52330000;1,99820000;2,03320000
08/04/2024;185;A;BND;3,73970000;3,74240000;1,34730000;1,34810000
08/04/2024;190;A;KYD;6,03770000;6,11160000;0,82500000;0,83500000
08/04/2024;195;A;SGD;3,73970000;3,74240000;1,34730000;1,34810000
08/04/2024;197;B;CLF;198,70570000;198,72930000;39,41400000;39,41400000
08/04/2024;200;B;FJD;2,21270000;2,28160000;0,43890000;0,45250000
08/04/2024;205;A;HKD;0,64380000;0,64380000;7,83120000;7,83130000
08/04/2024;210;A;TTD;0,73860000;0,74830000;6,73830000;6,82600000
08/04/2024;215;A;XCD;1,85350000;1,86740000;2,70000000;2,72000000
08/04/2024;220;A;USD;5,04150000;5,04210000;1,00000000;1,00000000
08/04/2024;230;A;JMD;0,03240000;0,03283000;153,57000000;155,62000000
08/04/2024;235;A;LRD;0,02585000;0,02599000;194,00000000;195,00000000
08/04/2024;245;B;NZD;3,03850000;3,04090000;0,60270000;0,60310000
08/04/2024;250;B;SBD;0,56460000;0,62520000;0,11200000;0,12400000
08/04/2024;255;A;SRD;0,14380000;0,14520000;34,72900000;35,06200000
08/04/2024;260;A;VND;0,00020190;0,00020200;24960,00000000;24965,00000000
08/04/2024;275;A;AMD;0,01293000;0,01299000;388,04000000;390,04000000
08/04/2024;295;A;CVE;0,04918000;0,04964000;101,58000000;102,52000000
08/04/2024;325;A;ANG;2,77010000;2,82550000;1,78450000;1,82000000
08/04/2024;328;A;AWG;2,78540000;2,81680000;1,79000000;1,81000000
08/04/2024;345;A;HUF;0,01403000;0,01405000;358,95000000;359,35000000
08/04/2024;363;A;CDF;0,00180100;0,00182500;2763,00000000;2800,00000000
08/04/2024;365;A;BIF;0,00175300;0,00177200;2846,00000000;2876,00000000
08/04/2024;368;A;KMF;0,01107000;0,01112000;453,46000000;455,46000000
08/04/2024;370;A;XAF;0,00809700;0,00834300;604,35000000;622,66000000
08/04/2024;372;A;XOF;0,00827800;0,00837600;602,00000000;609,00000000
08/04/2024;380;A;XPF;0,04559000;0,04600000;109,61000000;110,58000000
08/04/2024;390;A;DJF;0,02824000;0,02839000;177,60000000;178,55000000
08/04/2024;398;A;GNF;0,00058050;0,00059300;8503,00000000;8685,00000000
08/04/2024;406;A;MGA;0,00114700;0,00116300;4336,32000000;4397,14000000
08/04/2024;420;A;RWF;0,00389200;0,00394400;1278,47000000;1295,47000000
08/04/2024;425;A;CHF;5,56890000;5,57020000;0,90520000;0,90530000
08/04/2024;440;A;HTG;0,03780000;0,03826000;131,79740000;133,36510000
08/04/2024;450;A;PYG;0,00068370;0,00068490;7361,71000000;7373,44000000
08/04/2024;460;A;UAH;0,12930000;0,12960000;38,91900000;38,98600000
08/04/2024;470;A;JPY;0,03321000;0,03322000;151,78000000;151,79000000
08/04/2024;482;A;GEL;1,86580000;1,90120000;2,65200000;2,70200000
08/04/2024;490;A;ALL;0,05333000;0,05381000;93,71000000;94,54000000
08/04/2024;495;A;HNL;0,20380000;0,20470000;24,63400000;24,73400000
08/04/2024;500;A;SLL;0,00022010;0,00022230;22683,00000000;22908,00000000
08/04/2024;503;A;MDL;0,28530000;0,28700000;17,57000000;17,67000000
08/04/2024;506;A;RON;1,10050000;1,10220000;4,57460000;4,58090000
08/04/2024;510;A;BGN;2,79690000;2,79840000;1,80180000;1,80250000
08/04/2024;530;B;GIP;6,36740000;6,37320000;1,26300000;1,26400000
08/04/2024;535;A;EGP;0,10590000;0,10610000;47,50000000;47,60000000
08/04/2024;540;B;GBP;6,37800000;6,37930000;1,26510000;1,26520000
08/04/2024;545;B;FKP;6,36740000;6,37320000;1,26300000;1,26400000
08/04/2024;560;A;LBP;0,00005630;0,00005630;89500,00000000;89600,00000000
08/04/2024;570;B;SHP;6,37500000;6,38080000;1,26450000;1,26550000
08/04/2024;575;A;SYP;0,00038770;0,00038790;13000,00000000;13003,00000000
08/04/2024;585;A;SZL;0,27070000;0,27080000;18,62000000;18,62600000
08/04/2024;603;A;LSL;0,27060000;0,27090000;18,61250000;18,63250000
08/04/2024;608;A;TMT;1,44040000;1,44470000;3,49000000;3,50000000
08/04/2024;622;A;MZN;0,07816000;0,07897000;63,85000000;64,50000000
08/04/2024;625;A;ERN;0,33280000;0,33610000;15,00000000;15,15000000
08/04/2024;630;A;NGN;0,00406600;0,00409900;1230,00000000;1240,00000000
08/04/2024;635;A;AOA;0,00593200;0,00605600;832,63300000;849,82800000
08/04/2024;640;A;TWD;0,15680000;0,15700000;32,11700000;32,15300000
08/04/2024;642;A;TRY;0,15710000;0,15720000;32,06910000;32,08760000
08/04/2024;660;A;PEN;1,37300000;1,37320000;3,67170000;3,67180000
08/04/2024;665;A;BTN;0,06050000;0,06054000;83,28200000;83,33700000
08/04/2024;670;A;MRO;0,01404000;0,01416000;356,00000000;359,00000000
08/04/2024;671;A;MRU;0,12740000;0,12780000;39,45000000;39,55800000
08/04/2024;680;B;TOP;2,08570000;2,21200000;0,41370000;0,43870000
08/04/2024;685;A;MOP;0,62440000;0,62510000;8,06600000;8,07400000
08/04/2024;706;A;ARS;0,00583200;0,00583600;864,00000000;864,50000000
08/04/2024;715;A;CLP;0,00534900;0,00535600;941,38000000;942,58000000
08/04/2024;720;A;COP;0,00133400;0,00133500;3777,32000000;3779,07000000
08/04/2024;721;B;COU;0,49100000;0,49110000;0,09740000;0,09740000
08/04/2024;725;A;CUP;0,21010000;0,21010000;24,00000000;24,00000000
08/04/2024;730;A;DOP;0,08493000;0,08549000;58,98000000;59,36000000
08/04/2024;735;A;PHP;0,08914000;0,08918000;56,54000000;56,56000000
08/04/2024;741;A;MXN;0,30870000;0,30900000;16,32000000;16,33000000
08/04/2024;745;A;UYU;0,13080000;0,13090000;38,52000000;38,55000000
08/04/2024;755;B;BWP;0,36900000;0,37210000;0,07320000;0,07380000
08/04/2024;760;A;MWK;0,00288100;0,00293700;1716,73000000;1750,03000000
08/04/2024;766;A;ZMW;0,20390000;0,20430000;24,67400000;24,72360000
08/04/2024;770;A;GTQ;0,64650000;0,64830000;7,77800000;7,79800000
08/04/2024;775;A;MMK;0,00239400;0,00240800;2093,70000000;2106,30000000
08/04/2024;778;B;PGK;1,28910000;1,38000000;0,25570000;0,27370000
08/04/2024;780;A;LAK;0,00023750;0,00023900;21099,00000000;21226,00000000
08/04/2024;785;A;ZAR;0,27070000;0,27080000;18,61980000;18,62610000
08/04/2024;795;A;CNY;0,69720000;0,69730000;7,23050000;7,23120000
08/04/2024;796;A;CNH;0,69610000;0,69620000;7,24230000;7,24270000
08/04/2024;800;A;QAR;1,38180000;1,38270000;3,64650000;3,64850000
08/04/2024;805;A;OMR;13,09480000;13,09640000;0,38500000;0,38500000
08/04/2024;810;A;YER;0,02013000;0,02017000;249,97000000;250,47000000
08/04/2024;815;A;IRR;0,00012000;0,00012010;42000,00000000;42005,00000000
08/04/2024;820;A;SAR;1,34400000;1,34430000;3,75080000;3,75100000
08/04/2024;825;A;KHR;0,00124400;0,00125000;4033,00000000;4053,00000000
08/04/2024;828;A;MYR;1,06050000;1,06170000;4,74900000;4,75400000
08/04/2024;830;A;RUB;0,05431000;0,05447000;92,57400000;92,82300000
08/04/2024;831;A;BYN;1,53750000;1,54380000;3,26610000;3,27910000
08/04/2024;835;A;TJS;0,45920000;0,46170000;10,92000000;10,98000000
08/04/2024;840;A;MUR;0,10890000;0,10960000;46,00000000;46,30000000
08/04/2024;845;A;NPR;0,03782000;0,03783000;133,30000000;133,32000000
08/04/2024;850;A;SCR;0,33730000;0,35510000;14,19730000;14,94760000
08/04/2024;855;A;LKR;0,01686000;0,01687000;298,80000000;299,00000000
08/04/2024;860;A;INR;0,06054000;0,06056000;83,25430000;83,26930000
08/04/2024;865;A;IDR;0,00031810;0,00031830;15840,00000000;15850,00000000
08/04/2024;870;A;MVR;0,32530000;0,32700000;15,42000000;15,50000000
08/04/2024;875;A;PKR;0,01810000;0,01814000;278,00000000;278,50000000
08/04/2024;880;A;ILS;1,36530000;1,37290000;3,67260000;3,69260000
08/04/2024;892;A;KGS;0,05651000;0,05655000;89,16790000;89,22220000
08/04/2024;893;A;UZS;0,00039760;0,00039790;12670,88000000;12680,88000000
08/04/2024;905;A;BDT;0,04583000;0,04605000;109,50000000;110,00000000
08/04/2024;912;B;WST;1,78320000;1,86910000;0,35370000;0,37070000
08/04/2024;913;A;KZT;0,01128000;0,01132000;445,29000000;446,82000000
08/04/2024;915;A;MNT;0,00146600;0,00150000;3361,00000000;3440,00000000
08/04/2024;920;A;VUV;0,04070000;0,04255000;118,50000000;123,88000000
08/04/2024;930;A;KRW;0,00372400;0,00372500;1353,49000000;1353,83000000
08/04/2024;946;A;TZS;0,00195000;0,00195800;2575,00000000;2585,00000000
08/04/2024;950;A;KES;0,03863000;0,03894000;129,50000000;130,50000000
08/04/2024;955;A;UGX;0,00132300;0,00132500;3805,00000000;3812,00000000
08/04/2024;960;A;SOS;0,00876800;0,00887700;568,00000000;575,00000000
08/04/2024;975;A;PLN;1,28110000;1,28170000;3,93400000;3,93520000
08/04/2024;978;B;EUR;5,47000000;5,47270000;1,08500000;1,08540000
08/04/2024;998;A;XAU;377,35780000;377,40270000;0,01336000;0,01336000

[2025-07-06T17:49:37.278+0000] {taskinstance.py:441} INFO - ::group::Post task execution logs
[2025-07-06T17:49:37.339+0000] {taskinstance.py:1206} INFO - Marking task as SUCCESS. dag_id=fin_cotacoes_bcb_classic, task_id=extract, run_id=scheduled__2024-04-08T00:00:00+00:00, execution_date=20240408T000000, start_date=20250706T174936, end_date=20250706T174937
[2025-07-06T17:49:37.396+0000] {local_task_job_runner.py:240} INFO - Task exited with return code 0
[2025-07-06T17:49:37.440+0000] {local_task_job_runner.py:222} INFO - ::endgroup::
[2025-07-07T15:04:46.089+0000] {local_task_job_runner.py:120} INFO - ::group::Pre task execution logs
[2025-07-07T15:04:46.237+0000] {taskinstance.py:2076} INFO - Dependencies all met for dep_context=non-requeueable deps ti=<TaskInstance: fin_cotacoes_bcb_classic.extract scheduled__2024-04-08T00:00:00+00:00 [queued]>
[2025-07-07T15:04:46.272+0000] {taskinstance.py:2076} INFO - Dependencies all met for dep_context=requeueable deps ti=<TaskInstance: fin_cotacoes_bcb_classic.extract scheduled__2024-04-08T00:00:00+00:00 [queued]>
[2025-07-07T15:04:46.277+0000] {taskinstance.py:2306} INFO - Starting attempt 1 of 2
[2025-07-07T15:04:46.653+0000] {taskinstance.py:2330} INFO - Executing <Task(PythonOperator): extract> on 2024-04-08 00:00:00+00:00
[2025-07-07T15:04:46.678+0000] {standard_task_runner.py:90} INFO - Running: ['***', 'tasks', 'run', 'fin_cotacoes_bcb_classic', 'extract', 'scheduled__2024-04-08T00:00:00+00:00', '--job-id', '3061', '--raw', '--subdir', 'DAGS_FOLDER/cotacoes.py', '--cfg-path', '/tmp/tmpk4fuw9u3']
[2025-07-07T15:04:46.677+0000] {logging_mixin.py:188} WARNING - /home/***/.local/lib/python3.12/site-packages/***/task/task_runner/standard_task_runner.py:61 DeprecationWarning: This process (pid=96376) is multi-threaded, use of fork() may lead to deadlocks in the child.
[2025-07-07T15:04:46.679+0000] {standard_task_runner.py:91} INFO - Job 3061: Subtask extract
[2025-07-07T15:04:46.679+0000] {standard_task_runner.py:63} INFO - Started process 96521 to run task
[2025-07-07T15:04:46.807+0000] {task_command.py:426} INFO - Running <TaskInstance: fin_cotacoes_bcb_classic.extract scheduled__2024-04-08T00:00:00+00:00 [running]> on host bc96ca91d307
[2025-07-07T15:04:47.115+0000] {taskinstance.py:2648} INFO - Exporting env vars: AIRFLOW_CTX_DAG_OWNER='***' AIRFLOW_CTX_DAG_ID='fin_cotacoes_bcb_classic' AIRFLOW_CTX_TASK_ID='extract' AIRFLOW_CTX_EXECUTION_DATE='2024-04-08T00:00:00+00:00' AIRFLOW_CTX_TRY_NUMBER='1' AIRFLOW_CTX_DAG_RUN_ID='scheduled__2024-04-08T00:00:00+00:00'
[2025-07-07T15:04:47.116+0000] {taskinstance.py:430} INFO - ::endgroup::
[2025-07-07T15:04:47.122+0000] {cotacoes.py:35} INFO - Iniciando extração da URL: https://www4.bcb.gov.br/Download/fechamento/20240408.csv
[2025-07-07T15:04:47.660+0000] {cotacoes.py:41} INFO - Extração concluída com sucesso.
[2025-07-07T15:04:47.677+0000] {python.py:237} INFO - Done. Returned value was: 08/04/2024;005;A;AFN;0,07058000;0,07079000;71,23000000;71,43000000
08/04/2024;009;A;ETB;0,08841000;0,08892000;56,70400000;57,02550000
08/04/2024;015;A;THB;0,13730000;0,13750000;36,68000000;36,71000000
08/04/2024;020;A;PAB;5,04150000;5,04210000;1,00000000;1,00000000
08/04/2024;027;A;VES;0,13920000;0,13950000;36,13680000;36,22740000
08/04/2024;030;A;BOB;0,71920000;0,73500000;6,86000000;7,01000000
08/04/2024;035;A;GHS;0,37620000;0,37910000;13,30000000;13,40000000
08/04/2024;040;A;CRC;0,00978900;0,01003000;502,73000000;515,00000000
08/04/2024;045;A;SVC;0,57550000;0,57630000;8,74980000;8,75980000
08/04/2024;051;A;NIO;0,13630000;0,13770000;36,61000000;37,00000000
08/04/2024;055;A;DKK;0,73350000;0,73360000;6,87280000;6,87330000
08/04/2024;060;A;ISK;0,03638000;0,03643000;138,41000000;138,59000000
08/04/2024;065;A;NOK;0,47100000;0,47110000;10,70200000;10,70480000
08/04/2024;070;A;SEK;0,47710000;0,47730000;10,56360000;10,56600000
08/04/2024;075;A;CZK;0,21570000;0,21590000;23,35700000;23,37400000
08/04/2024;090;A;GMD;0,07414000;0,07453000;67,65000000;68,00000000
08/04/2024;095;A;DZD;0,03740000;0,03756000;134,23020000;134,78320000
08/04/2024;100;A;KWD;16,39510000;16,40240000;0,30740000;0,30750000
08/04/2024;105;A;BHD;13,37270000;13,37430000;0,37700000;0,37700000
08/04/2024;115;A;IQD;0,00384600;0,00385200;1309,00000000;1311,00000000
08/04/2024;125;A;JOD;7,11370000;7,11960000;0,70820000;0,70870000
08/04/2024;130;A;LYD;1,03990000;1,04490000;4,82560000;4,84790000
08/04/2024;132;A;MKD;0,08857000;0,08891000;56,71000000;56,92000000
08/04/2024;133;A;RSD;0,04668000;0,04674000;107,88000000;108,00000000
08/04/2024;134;A;SDG;0,00837300;0,00842100;598,75020000;602,09120000
08/04/2024;135;A;TND;1,61590000;1,61770000;3,11690000;3,11990000
08/04/2024;136;A;SSP;0,00319800;0,00328100;1536,70560000;1576,70560000
08/04/2024;138;B;SDR;6,68300000;6,68380000;1,32560000;1,32560000
08/04/2024;139;A;MAD;0,50280000;0,50320000;10,02100000;10,02600000
08/04/2024;145;A;AED;1,37250000;1,37300000;3,67220000;3,67320000
08/04/2024;149;A;STN;0,21890000;0,22340000;22,57020000;23,03510000
08/04/2024;150;B;AUD;3,32690000;3,32930000;0,65990000;0,66030000
08/04/2024;155;A;BSD;5,04150000;5,04210000;1,00000000;1,00000000
08/04/2024;160;A;BMD;5,04150000;5,04210000;1,00000000;1,00000000
08/04/2024;165;A;CAD;3,71030000;3,71180000;1,35840000;1,35880000
08/04/2024;170;A;GYD;0,02396000;0,02424000;207,98000000;210,45000000
08/04/2024;173;A;NAD;0,27070000;0,27080000;18,62000000;18,62600000
08/04/2024;175;A;BBD;2,47120000;2,52340000;1,99810000;2,04010000
08/04/2024;180;A;BZD;2,47960000;2,52330000;1,99820000;2,03320000
08/04/2024;185;A;BND;3,73970000;3,74240000;1,34730000;1,34810000
08/04/2024;190;A;KYD;6,03770000;6,11160000;0,82500000;0,83500000
08/04/2024;195;A;SGD;3,73970000;3,74240000;1,34730000;1,34810000
08/04/2024;197;B;CLF;198,70570000;198,72930000;39,41400000;39,41400000
08/04/2024;200;B;FJD;2,21270000;2,28160000;0,43890000;0,45250000
08/04/2024;205;A;HKD;0,64380000;0,64380000;7,83120000;7,83130000
08/04/2024;210;A;TTD;0,73860000;0,74830000;6,73830000;6,82600000
08/04/2024;215;A;XCD;1,85350000;1,86740000;2,70000000;2,72000000
08/04/2024;220;A;USD;5,04150000;5,04210000;1,00000000;1,00000000
08/04/2024;230;A;JMD;0,03240000;0,03283000;153,57000000;155,62000000
08/04/2024;235;A;LRD;0,02585000;0,02599000;194,00000000;195,00000000
08/04/2024;245;B;NZD;3,03850000;3,04090000;0,60270000;0,60310000
08/04/2024;250;B;SBD;0,56460000;0,62520000;0,11200000;0,12400000
08/04/2024;255;A;SRD;0,14380000;0,14520000;34,72900000;35,06200000
08/04/2024;260;A;VND;0,00020190;0,00020200;24960,00000000;24965,00000000
08/04/2024;275;A;AMD;0,01293000;0,01299000;388,04000000;390,04000000
08/04/2024;295;A;CVE;0,04918000;0,04964000;101,58000000;102,52000000
08/04/2024;325;A;ANG;2,77010000;2,82550000;1,78450000;1,82000000
08/04/2024;328;A;AWG;2,78540000;2,81680000;1,79000000;1,81000000
08/04/2024;345;A;HUF;0,01403000;0,01405000;358,95000000;359,35000000
08/04/2024;363;A;CDF;0,00180100;0,00182500;2763,00000000;2800,00000000
08/04/2024;365;A;BIF;0,00175300;0,00177200;2846,00000000;2876,00000000
08/04/2024;368;A;KMF;0,01107000;0,01112000;453,46000000;455,46000000
08/04/2024;370;A;XAF;0,00809700;0,00834300;604,35000000;622,66000000
08/04/2024;372;A;XOF;0,00827800;0,00837600;602,00000000;609,00000000
08/04/2024;380;A;XPF;0,04559000;0,04600000;109,61000000;110,58000000
08/04/2024;390;A;DJF;0,02824000;0,02839000;177,60000000;178,55000000
08/04/2024;398;A;GNF;0,00058050;0,00059300;8503,00000000;8685,00000000
08/04/2024;406;A;MGA;0,00114700;0,00116300;4336,32000000;4397,14000000
08/04/2024;420;A;RWF;0,00389200;0,00394400;1278,47000000;1295,47000000
08/04/2024;425;A;CHF;5,56890000;5,57020000;0,90520000;0,90530000
08/04/2024;440;A;HTG;0,03780000;0,03826000;131,79740000;133,36510000
08/04/2024;450;A;PYG;0,00068370;0,00068490;7361,71000000;7373,44000000
08/04/2024;460;A;UAH;0,12930000;0,12960000;38,91900000;38,98600000
08/04/2024;470;A;JPY;0,03321000;0,03322000;151,78000000;151,79000000
08/04/2024;482;A;GEL;1,86580000;1,90120000;2,65200000;2,70200000
08/04/2024;490;A;ALL;0,05333000;0,05381000;93,71000000;94,54000000
08/04/2024;495;A;HNL;0,20380000;0,20470000;24,63400000;24,73400000
08/04/2024;500;A;SLL;0,00022010;0,00022230;22683,00000000;22908,00000000
08/04/2024;503;A;MDL;0,28530000;0,28700000;17,57000000;17,67000000
08/04/2024;506;A;RON;1,10050000;1,10220000;4,57460000;4,58090000
08/04/2024;510;A;BGN;2,79690000;2,79840000;1,80180000;1,80250000
08/04/2024;530;B;GIP;6,36740000;6,37320000;1,26300000;1,26400000
08/04/2024;535;A;EGP;0,10590000;0,10610000;47,50000000;47,60000000
08/04/2024;540;B;GBP;6,37800000;6,37930000;1,26510000;1,26520000
08/04/2024;545;B;FKP;6,36740000;6,37320000;1,26300000;1,26400000
08/04/2024;560;A;LBP;0,00005630;0,00005630;89500,00000000;89600,00000000
08/04/2024;570;B;SHP;6,37500000;6,38080000;1,26450000;1,26550000
08/04/2024;575;A;SYP;0,00038770;0,00038790;13000,00000000;13003,00000000
08/04/2024;585;A;SZL;0,27070000;0,27080000;18,62000000;18,62600000
08/04/2024;603;A;LSL;0,27060000;0,27090000;18,61250000;18,63250000
08/04/2024;608;A;TMT;1,44040000;1,44470000;3,49000000;3,50000000
08/04/2024;622;A;MZN;0,07816000;0,07897000;63,85000000;64,50000000
08/04/2024;625;A;ERN;0,33280000;0,33610000;15,00000000;15,15000000
08/04/2024;630;A;NGN;0,00406600;0,00409900;1230,00000000;1240,00000000
08/04/2024;635;A;AOA;0,00593200;0,00605600;832,63300000;849,82800000
08/04/2024;640;A;TWD;0,15680000;0,15700000;32,11700000;32,15300000
08/04/2024;642;A;TRY;0,15710000;0,15720000;32,06910000;32,08760000
08/04/2024;660;A;PEN;1,37300000;1,37320000;3,67170000;3,67180000
08/04/2024;665;A;BTN;0,06050000;0,06054000;83,28200000;83,33700000
08/04/2024;670;A;MRO;0,01404000;0,01416000;356,00000000;359,00000000
08/04/2024;671;A;MRU;0,12740000;0,12780000;39,45000000;39,55800000
08/04/2024;680;B;TOP;2,08570000;2,21200000;0,41370000;0,43870000
08/04/2024;685;A;MOP;0,62440000;0,62510000;8,06600000;8,07400000
08/04/2024;706;A;ARS;0,00583200;0,00583600;864,00000000;864,50000000
08/04/2024;715;A;CLP;0,00534900;0,00535600;941,38000000;942,58000000
08/04/2024;720;A;COP;0,00133400;0,00133500;3777,32000000;3779,07000000
08/04/2024;721;B;COU;0,49100000;0,49110000;0,09740000;0,09740000
08/04/2024;725;A;CUP;0,21010000;0,21010000;24,00000000;24,00000000
08/04/2024;730;A;DOP;0,08493000;0,08549000;58,98000000;59,36000000
08/04/2024;735;A;PHP;0,08914000;0,08918000;56,54000000;56,56000000
08/04/2024;741;A;MXN;0,30870000;0,30900000;16,32000000;16,33000000
08/04/2024;745;A;UYU;0,13080000;0,13090000;38,52000000;38,55000000
08/04/2024;755;B;BWP;0,36900000;0,37210000;0,07320000;0,07380000
08/04/2024;760;A;MWK;0,00288100;0,00293700;1716,73000000;1750,03000000
08/04/2024;766;A;ZMW;0,20390000;0,20430000;24,67400000;24,72360000
08/04/2024;770;A;GTQ;0,64650000;0,64830000;7,77800000;7,79800000
08/04/2024;775;A;MMK;0,00239400;0,00240800;2093,70000000;2106,30000000
08/04/2024;778;B;PGK;1,28910000;1,38000000;0,25570000;0,27370000
08/04/2024;780;A;LAK;0,00023750;0,00023900;21099,00000000;21226,00000000
08/04/2024;785;A;ZAR;0,27070000;0,27080000;18,61980000;18,62610000
08/04/2024;795;A;CNY;0,69720000;0,69730000;7,23050000;7,23120000
08/04/2024;796;A;CNH;0,69610000;0,69620000;7,24230000;7,24270000
08/04/2024;800;A;QAR;1,38180000;1,38270000;3,64650000;3,64850000
08/04/2024;805;A;OMR;13,09480000;13,09640000;0,38500000;0,38500000
08/04/2024;810;A;YER;0,02013000;0,02017000;249,97000000;250,47000000
08/04/2024;815;A;IRR;0,00012000;0,00012010;42000,00000000;42005,00000000
08/04/2024;820;A;SAR;1,34400000;1,34430000;3,75080000;3,75100000
08/04/2024;825;A;KHR;0,00124400;0,00125000;4033,00000000;4053,00000000
08/04/2024;828;A;MYR;1,06050000;1,06170000;4,74900000;4,75400000
08/04/2024;830;A;RUB;0,05431000;0,05447000;92,57400000;92,82300000
08/04/2024;831;A;BYN;1,53750000;1,54380000;3,26610000;3,27910000
08/04/2024;835;A;TJS;0,45920000;0,46170000;10,92000000;10,98000000
08/04/2024;840;A;MUR;0,10890000;0,10960000;46,00000000;46,30000000
08/04/2024;845;A;NPR;0,03782000;0,03783000;133,30000000;133,32000000
08/04/2024;850;A;SCR;0,33730000;0,35510000;14,19730000;14,94760000
08/04/2024;855;A;LKR;0,01686000;0,01687000;298,80000000;299,00000000
08/04/2024;860;A;INR;0,06054000;0,06056000;83,25430000;83,26930000
08/04/2024;865;A;IDR;0,00031810;0,00031830;15840,00000000;15850,00000000
08/04/2024;870;A;MVR;0,32530000;0,32700000;15,42000000;15,50000000
08/04/2024;875;A;PKR;0,01810000;0,01814000;278,00000000;278,50000000
08/04/2024;880;A;ILS;1,36530000;1,37290000;3,67260000;3,69260000
08/04/2024;892;A;KGS;0,05651000;0,05655000;89,16790000;89,22220000
08/04/2024;893;A;UZS;0,00039760;0,00039790;12670,88000000;12680,88000000
08/04/2024;905;A;BDT;0,04583000;0,04605000;109,50000000;110,00000000
08/04/2024;912;B;WST;1,78320000;1,86910000;0,35370000;0,37070000
08/04/2024;913;A;KZT;0,01128000;0,01132000;445,29000000;446,82000000
08/04/2024;915;A;MNT;0,00146600;0,00150000;3361,00000000;3440,00000000
08/04/2024;920;A;VUV;0,04070000;0,04255000;118,50000000;123,88000000
08/04/2024;930;A;KRW;0,00372400;0,00372500;1353,49000000;1353,83000000
08/04/2024;946;A;TZS;0,00195000;0,00195800;2575,00000000;2585,00000000
08/04/2024;950;A;KES;0,03863000;0,03894000;129,50000000;130,50000000
08/04/2024;955;A;UGX;0,00132300;0,00132500;3805,00000000;3812,00000000
08/04/2024;960;A;SOS;0,00876800;0,00887700;568,00000000;575,00000000
08/04/2024;975;A;PLN;1,28110000;1,28170000;3,93400000;3,93520000
08/04/2024;978;B;EUR;5,47000000;5,47270000;1,08500000;1,08540000
08/04/2024;998;A;XAU;377,35780000;377,40270000;0,01336000;0,01336000

[2025-07-07T15:04:47.678+0000] {taskinstance.py:441} INFO - ::group::Post task execution logs
[2025-07-07T15:04:47.732+0000] {taskinstance.py:1206} INFO - Marking task as SUCCESS. dag_id=fin_cotacoes_bcb_classic, task_id=extract, run_id=scheduled__2024-04-08T00:00:00+00:00, execution_date=20240408T000000, start_date=20250707T150446, end_date=20250707T150447
[2025-07-07T15:04:47.782+0000] {local_task_job_runner.py:240} INFO - Task exited with return code 0
[2025-07-07T15:04:47.814+0000] {taskinstance.py:3503} INFO - 1 downstream tasks scheduled from follow-on schedule check
[2025-07-07T15:04:47.822+0000] {local_task_job_runner.py:222} INFO - ::endgroup::
