[2025-07-06T19:13:11.708+0000] {local_task_job_runner.py:120} INFO - ::group::Pre task execution logs
[2025-07-06T19:13:11.786+0000] {taskinstance.py:2076} INFO - Dependencies all met for dep_context=non-requeueable deps ti=<TaskInstance: fin_cotacoes_bcb_classic.extract scheduled__2024-09-03T00:00:00+00:00 [queued]>
[2025-07-06T19:13:11.812+0000] {taskinstance.py:2076} INFO - Dependencies all met for dep_context=requeueable deps ti=<TaskInstance: fin_cotacoes_bcb_classic.extract scheduled__2024-09-03T00:00:00+00:00 [queued]>
[2025-07-06T19:13:11.812+0000] {taskinstance.py:2306} INFO - Starting attempt 1 of 2
[2025-07-06T19:13:11.845+0000] {taskinstance.py:2330} INFO - Executing <Task(PythonOperator): extract> on 2024-09-03 00:00:00+00:00
[2025-07-06T19:13:11.863+0000] {standard_task_runner.py:90} INFO - Running: ['***', 'tasks', 'run', 'fin_cotacoes_bcb_classic', 'extract', 'scheduled__2024-09-03T00:00:00+00:00', '--job-id', '884', '--raw', '--subdir', 'DAGS_FOLDER/cotacoes.py', '--cfg-path', '/tmp/tmpxc7dd_yh']
[2025-07-06T19:13:11.864+0000] {standard_task_runner.py:91} INFO - Job 884: Subtask extract
[2025-07-06T19:13:11.866+0000] {logging_mixin.py:188} WARNING - /home/***/.local/lib/python3.12/site-packages/***/task/task_runner/standard_task_runner.py:61 DeprecationWarning: This process (pid=14200) is multi-threaded, use of fork() may lead to deadlocks in the child.
[2025-07-06T19:13:11.867+0000] {standard_task_runner.py:63} INFO - Started process 14229 to run task
[2025-07-06T19:13:11.993+0000] {task_command.py:426} INFO - Running <TaskInstance: fin_cotacoes_bcb_classic.extract scheduled__2024-09-03T00:00:00+00:00 [running]> on host 20adb53d65c4
[2025-07-06T19:13:12.245+0000] {taskinstance.py:2648} INFO - Exporting env vars: AIRFLOW_CTX_DAG_OWNER='***' AIRFLOW_CTX_DAG_ID='fin_cotacoes_bcb_classic' AIRFLOW_CTX_TASK_ID='extract' AIRFLOW_CTX_EXECUTION_DATE='2024-09-03T00:00:00+00:00' AIRFLOW_CTX_TRY_NUMBER='1' AIRFLOW_CTX_DAG_RUN_ID='scheduled__2024-09-03T00:00:00+00:00'
[2025-07-06T19:13:12.246+0000] {taskinstance.py:430} INFO - ::endgroup::
[2025-07-06T19:13:12.247+0000] {cotacoes.py:37} INFO - Iniciando extração da URL: https://www4.bcb.gov.br/Download/fechamento/20240903.csv
[2025-07-06T19:13:12.670+0000] {cotacoes.py:43} INFO - Extração concluída com sucesso.
[2025-07-06T19:13:12.671+0000] {python.py:237} INFO - Done. Returned value was: 03/09/2024;005;A;AFN;0,07991000;0,08015000;70,15000000;70,35000000
03/09/2024;009;A;ETB;0,04880000;0,05245000;107,19710000;115,19710000
03/09/2024;015;A;THB;0,16390000;0,16410000;34,27000000;34,30000000
03/09/2024;020;A;PAB;5,62180000;5,62240000;1,00000000;1,00000000
03/09/2024;027;A;VES;0,15340000;0,15380000;36,55380000;36,64540000
03/09/2024;030;A;BOB;0,80200000;0,81960000;6,86000000;7,01000000
03/09/2024;035;A;GHS;0,35850000;0,36090000;15,58000000;15,68000000
03/09/2024;040;A;CRC;0,01083000;0,01096000;512,77000000;518,92000000
03/09/2024;045;A;SVC;0,64180000;0,64260000;8,74980000;8,75980000
03/09/2024;051;A;NIO;0,15190000;0,15350000;36,62000000;37,00000000
03/09/2024;055;A;DKK;0,83210000;0,83230000;6,75550000;6,75600000
03/09/2024;060;A;ISK;0,04040000;0,04048000;138,88000000;139,16000000
03/09/2024;065;A;NOK;0,52570000;0,52580000;10,69250000;10,69490000
03/09/2024;070;A;SEK;0,54530000;0,54550000;10,30690000;10,30980000
03/09/2024;075;A;CZK;0,24730000;0,24740000;22,72500000;22,73700000
03/09/2024;090;A;GMD;0,07918000;0,08021000;70,10000000;71,00000000
03/09/2024;095;A;DZD;0,04204000;0,04246000;132,41200000;133,73600000
03/09/2024;100;A;KWD;18,38990000;18,39790000;0,30560000;0,30570000
03/09/2024;105;A;BHD;14,91190000;14,92540000;0,37670000;0,37700000
03/09/2024;115;A;IQD;0,00428800;0,00429500;1309,00000000;1311,00000000
03/09/2024;125;A;JOD;7,91800000;7,94120000;0,70800000;0,71000000
03/09/2024;130;A;LYD;1,17820000;1,18380000;4,74930000;4,77160000
03/09/2024;132;A;MKD;0,10060000;0,10100000;55,65000000;55,86000000
03/09/2024;133;A;RSD;0,05303000;0,05308000;105,93000000;106,01000000
03/09/2024;134;A;SDG;0,00933600;0,00938900;598,80020000;602,14120000
03/09/2024;135;A;TND;1,83120000;1,84640000;3,04500000;3,07000000
03/09/2024;136;A;SSP;0,00185000;0,00190300;2955,24700000;3039,24700000
03/09/2024;138;B;SDR;7,55060000;7,55140000;1,34310000;1,34310000
03/09/2024;139;A;MAD;0,57530000;0,57620000;9,75750000;9,77260000
03/09/2024;145;A;AED;1,53050000;1,53090000;3,67270000;3,67310000
03/09/2024;149;A;STN;0,24830000;0,25340000;22,18390000;22,64080000
03/09/2024;150;B;AUD;3,77780000;3,77880000;0,67200000;0,67210000
03/09/2024;155;A;BSD;5,62180000;5,62240000;1,00000000;1,00000000
03/09/2024;160;A;BMD;5,62180000;5,62240000;1,00000000;1,00000000
03/09/2024;165;A;CAD;4,15080000;4,15150000;1,35430000;1,35440000
03/09/2024;170;A;GYD;0,02671000;0,02703000;207,98000000;210,45000000
03/09/2024;173;A;NAD;0,31290000;0,31310000;17,95800000;17,96700000
03/09/2024;175;A;BBD;2,75560000;2,81390000;1,99810000;2,04010000
03/09/2024;180;A;BZD;2,76500000;2,81370000;1,99820000;2,03320000
03/09/2024;185;A;BND;4,29540000;4,29750000;1,30830000;1,30880000
03/09/2024;190;A;KYD;6,73270000;6,81500000;0,82500000;0,83500000
03/09/2024;195;A;SGD;4,29540000;4,29750000;1,30830000;1,30880000
03/09/2024;197;B;CLF;229,15580000;229,18030000;40,76200000;40,76200000
03/09/2024;200;B;FJD;2,49950000;2,57620000;0,44460000;0,45820000
03/09/2024;205;A;HKD;0,72090000;0,72100000;7,79850000;7,79880000
03/09/2024;210;A;TTD;0,82360000;0,83640000;6,72230000;6,82600000
03/09/2024;215;A;XCD;2,06680000;2,08240000;2,70000000;2,72000000
03/09/2024;220;A;USD;5,62180000;5,62240000;1,00000000;1,00000000
03/09/2024;230;A;JMD;0,03536000;0,03604000;156,00000000;159,00000000
03/09/2024;235;A;LRD;0,02868000;0,02891000;194,50000000;196,00000000
03/09/2024;245;B;NZD;3,47880000;3,47970000;0,61880000;0,61890000
03/09/2024;250;B;SBD;0,62960000;0,69720000;0,11200000;0,12400000
03/09/2024;255;A;SRD;0,18980000;0,19490000;28,84100000;29,62600000
03/09/2024;260;A;VND;0,00022590;0,00022620;24860,00000000;24890,00000000
03/09/2024;275;A;AMD;0,01438000;0,01457000;386,00000000;391,00000000
03/09/2024;295;A;CVE;0,05579000;0,05631000;99,84000000;100,77000000
03/09/2024;325;A;ANG;3,08890000;3,15070000;1,78450000;1,82000000
03/09/2024;328;A;AWG;3,05530000;3,15870000;1,78000000;1,84000000
03/09/2024;345;A;HUF;0,01574000;0,01575000;356,87000000;357,08000000
03/09/2024;363;A;CDF;0,00197300;0,00199300;2821,50000000;2850,00000000
03/09/2024;365;A;BIF;0,00194500;0,00196600;2860,00000000;2890,00000000
03/09/2024;368;A;KMF;0,01258000;0,01263000;445,04000000;447,04000000
03/09/2024;370;A;XAF;0,00921000;0,00946400;594,11000000;610,41000000
03/09/2024;372;A;XOF;0,00941200;0,00952500;590,30000000;597,30000000
03/09/2024;380;A;XPF;0,05173000;0,05219000;107,73000000;108,68000000
03/09/2024;390;A;DJF;0,03149000;0,03166000;177,60000000;178,55000000
03/09/2024;398;A;GNF;0,00064730;0,00065400;8597,00000000;8685,00000000
03/09/2024;406;A;MGA;0,00122900;0,00123700;4546,48000000;4573,65000000
03/09/2024;420;A;RWF;0,00416700;0,00425100;1322,70000000;1349,10000000
03/09/2024;425;A;CHF;6,61080000;6,61230000;0,85030000;0,85040000
03/09/2024;440;A;HTG;0,04253000;0,04276000;131,50000000;132,20000000
03/09/2024;450;A;PYG;0,00072850;0,00072960;7706,61000000;7717,10000000
03/09/2024;460;A;UAH;0,13580000;0,13610000;41,30000000;41,40000000
03/09/2024;470;A;JPY;0,03855000;0,03855000;145,84000000;145,85000000
03/09/2024;482;A;GEL;2,07060000;2,10970000;2,66500000;2,71500000
03/09/2024;490;A;ALL;0,06178000;0,06251000;89,95000000;91,00000000
03/09/2024;495;A;HNL;0,22640000;0,22740000;24,72900000;24,82900000
03/09/2024;500;A;SLL;0,00024540;0,00024790;22683,00000000;22908,00000000
03/09/2024;503;A;MDL;0,32280000;0,32470000;17,31800000;17,41800000
03/09/2024;506;A;RON;1,24770000;1,24850000;4,50350000;4,50570000
03/09/2024;510;A;BGN;3,17290000;3,17560000;1,77050000;1,77180000
03/09/2024;530;B;GIP;7,37020000;7,37660000;1,31100000;1,31200000
03/09/2024;535;A;EGP;0,11580000;0,11600000;48,45000000;48,55000000
03/09/2024;540;B;GBP;7,36570000;7,36700000;1,31020000;1,31030000
03/09/2024;545;B;FKP;7,37020000;7,37660000;1,31100000;1,31200000
03/09/2024;560;A;LBP;0,00006270;0,00006280;89500,00000000;89600,00000000
03/09/2024;570;B;SHP;7,38420000;7,39060000;1,31350000;1,31450000
03/09/2024;575;A;SYP;0,00043230;0,00043250;13000,00000000;13003,00000000
03/09/2024;585;A;SZL;0,31280000;0,31300000;17,96350000;17,97150000
03/09/2024;603;A;LSL;0,31270000;0,31310000;17,95750000;17,97750000
03/09/2024;608;A;TMT;1,60410000;1,60880000;3,49470000;3,50470000
03/09/2024;622;A;MZN;0,08711000;0,08886000;63,27000000;64,54000000
03/09/2024;625;A;ERN;0,37110000;0,37480000;15,00000000;15,15000000
03/09/2024;630;A;NGN;0,00348100;0,00359300;1565,00000000;1615,00000000
03/09/2024;635;A;AOA;0,00604100;0,00616300;912,35000000;930,59700000
03/09/2024;640;A;TWD;0,17520000;0,17540000;32,05000000;32,08200000
03/09/2024;642;A;TRY;0,16530000;0,16540000;33,98710000;34,00380000
03/09/2024;660;A;PEN;1,48470000;1,48680000;3,78150000;3,78640000
03/09/2024;665;A;BTN;0,06693000;0,06698000;83,93800000;83,99300000
03/09/2024;670;A;MRO;0,01566000;0,01579000;356,00000000;359,00000000
03/09/2024;671;A;MRU;0,14180000;0,14220000;39,53000000;39,64000000
03/09/2024;680;B;TOP;2,36000000;2,50080000;0,41980000;0,44480000
03/09/2024;685;A;MOP;0,69910000;0,69990000;8,03300000;8,04100000
03/09/2024;706;A;ARS;0,00589600;0,00590000;953,00000000;953,50000000
03/09/2024;715;A;CLP;0,00606600;0,00607000;926,24000000;926,84000000
03/09/2024;720;A;COP;0,00134500;0,00134700;4174,75000000;4178,52000000
03/09/2024;721;B;COU;0,50600000;0,50600000;0,09000000;0,09000000
03/09/2024;725;A;CUP;0,23420000;0,23430000;24,00000000;24,00000000
03/09/2024;730;A;DOP;0,09385000;0,09446000;59,52000000;59,90000000
03/09/2024;735;A;PHP;0,09952000;0,09956000;56,47000000;56,49000000
03/09/2024;741;A;MXN;0,28360000;0,28380000;19,81170000;19,82220000
03/09/2024;745;A;UYU;0,13940000;0,13950000;40,30000000;40,33000000
03/09/2024;755;B;BWP;0,41990000;0,42170000;0,07470000;0,07500000
03/09/2024;760;A;MWK;0,00321200;0,00327500;1717,02000000;1750,32000000
03/09/2024;766;A;ZMW;0,21340000;0,21380000;26,30000000;26,35000000
03/09/2024;770;A;GTQ;0,72590000;0,72830000;7,72000000;7,74500000
03/09/2024;775;A;MMK;0,00266900;0,00268500;2093,70000000;2106,30000000
03/09/2024;778;B;PGK;1,39980000;1,44210000;0,24900000;0,25650000
03/09/2024;780;A;LAK;0,00025320;0,00025500;22050,00000000;22200,00000000
03/09/2024;785;A;ZAR;0,31280000;0,31290000;17,96680000;17,97080000
03/09/2024;795;A;CNY;0,78940000;0,78960000;7,12090000;7,12180000
03/09/2024;796;A;CNH;0,78920000;0,78930000;7,12310000;7,12320000
03/09/2024;800;A;QAR;1,54190000;1,54290000;3,64400000;3,64600000
03/09/2024;805;A;OMR;14,59830000;14,60740000;0,38490000;0,38510000
03/09/2024;810;A;YER;0,02245000;0,02249000;249,97000000;250,47000000
03/09/2024;815;A;IRR;0,00013380;0,00013390;42000,00000000;42005,00000000
03/09/2024;820;A;SAR;1,49790000;1,49810000;3,75290000;3,75310000
03/09/2024;825;A;KHR;0,00138100;0,00138800;4050,00000000;4070,00000000
03/09/2024;828;A;MYR;1,28650000;1,28810000;4,36500000;4,37000000
03/09/2024;830;A;RUB;0,06454000;0,06455000;87,09550000;87,10450000
03/09/2024;831;A;BYN;1,71440000;1,72140000;3,26610000;3,27910000
03/09/2024;835;A;TJS;0,52540000;0,53040000;10,60000000;10,70000000
03/09/2024;840;A;MUR;0,12020000;0,12100000;46,48000000;46,78000000
03/09/2024;845;A;NPR;0,04184000;0,04185000;134,35000000;134,36000000
03/09/2024;850;A;SCR;0,37160000;0,39780000;14,13360000;15,12990000
03/09/2024;855;A;LKR;0,01880000;0,01880000;299,00000000;299,10000000
03/09/2024;860;A;INR;0,06693000;0,06698000;83,94000000;83,99500000
03/09/2024;865;A;IDR;0,00036200;0,00036230;15520,00000000;15530,00000000
03/09/2024;870;A;MVR;0,36270000;0,36460000;15,42000000;15,50000000
03/09/2024;875;A;PKR;0,02014000;0,02017000;278,82000000;279,13000000
03/09/2024;880;A;ILS;1,52340000;1,52560000;3,68540000;3,69040000
03/09/2024;892;A;KGS;0,06640000;0,06645000;84,60770000;84,66200000
03/09/2024;893;A;UZS;0,00044460;0,00044500;12635,02000000;12645,02000000
03/09/2024;905;A;BDT;0,04685000;0,04725000;119,00000000;120,00000000
03/09/2024;912;B;WST;2,04070000;2,11960000;0,36300000;0,37700000
03/09/2024;913;A;KZT;0,01163000;0,01165000;482,64000000;483,19000000
03/09/2024;915;A;MNT;0,00163900;0,00166800;3371,00000000;3431,00000000
03/09/2024;920;A;VUV;0,04571000;0,04847000;116,00000000;123,00000000
03/09/2024;930;A;KRW;0,00419400;0,00419700;1339,63000000;1340,49000000
03/09/2024;946;A;TZS;0,00206300;0,00207100;2715,00000000;2725,00000000
03/09/2024;950;A;KES;0,04350000;0,04384000;128,25000000;129,25000000
03/09/2024;955;A;UGX;0,00150600;0,00151000;3724,00000000;3734,00000000
03/09/2024;960;A;SOS;0,00977700;0,00989900;568,00000000;575,00000000
03/09/2024;975;A;PLN;1,45070000;1,45120000;3,87440000;3,87530000
03/09/2024;978;B;EUR;6,20760000;6,20880000;1,10420000;1,10430000
03/09/2024;998;A;XAU;449,74400000;449,79200000;0,01250000;0,01250000

[2025-07-06T19:13:12.684+0000] {taskinstance.py:441} INFO - ::group::Post task execution logs
[2025-07-06T19:13:12.749+0000] {taskinstance.py:1206} INFO - Marking task as SUCCESS. dag_id=fin_cotacoes_bcb_classic, task_id=extract, run_id=scheduled__2024-09-03T00:00:00+00:00, execution_date=20240903T000000, start_date=20250706T191311, end_date=20250706T191312
[2025-07-06T19:13:13.266+0000] {local_task_job_runner.py:240} INFO - Task exited with return code 0
[2025-07-06T19:13:13.283+0000] {logging_mixin.py:188} WARNING - /home/***/.local/lib/python3.12/site-packages/***/models/baseoperator.py:1297 AirflowProviderDeprecationWarning: Call to deprecated class PostgresOperator. (Please use `***.providers.common.sql.operators.sql.SQLExecuteQueryOperator`.Also, you can provide `hook_params={'schema': <database>}`.)
[2025-07-06T19:13:13.366+0000] {taskinstance.py:3503} INFO - 1 downstream tasks scheduled from follow-on schedule check
[2025-07-06T19:13:13.374+0000] {local_task_job_runner.py:222} INFO - ::endgroup::
[2025-07-07T15:07:38.903+0000] {local_task_job_runner.py:120} INFO - ::group::Pre task execution logs
[2025-07-07T15:07:38.987+0000] {taskinstance.py:2076} INFO - Dependencies all met for dep_context=non-requeueable deps ti=<TaskInstance: fin_cotacoes_bcb_classic.extract scheduled__2024-09-03T00:00:00+00:00 [queued]>
[2025-07-07T15:07:39.019+0000] {taskinstance.py:2076} INFO - Dependencies all met for dep_context=requeueable deps ti=<TaskInstance: fin_cotacoes_bcb_classic.extract scheduled__2024-09-03T00:00:00+00:00 [queued]>
[2025-07-07T15:07:39.020+0000] {taskinstance.py:2306} INFO - Starting attempt 1 of 2
[2025-07-07T15:07:39.067+0000] {taskinstance.py:2330} INFO - Executing <Task(PythonOperator): extract> on 2024-09-03 00:00:00+00:00
[2025-07-07T15:07:39.100+0000] {logging_mixin.py:188} WARNING - /home/***/.local/lib/python3.12/site-packages/***/task/task_runner/standard_task_runner.py:61 DeprecationWarning: This process (pid=99241) is multi-threaded, use of fork() may lead to deadlocks in the child.
[2025-07-07T15:07:39.101+0000] {standard_task_runner.py:63} INFO - Started process 99294 to run task
[2025-07-07T15:07:39.093+0000] {standard_task_runner.py:90} INFO - Running: ['***', 'tasks', 'run', 'fin_cotacoes_bcb_classic', 'extract', 'scheduled__2024-09-03T00:00:00+00:00', '--job-id', '3489', '--raw', '--subdir', 'DAGS_FOLDER/cotacoes.py', '--cfg-path', '/tmp/tmph5wmlubq']
[2025-07-07T15:07:39.116+0000] {standard_task_runner.py:91} INFO - Job 3489: Subtask extract
[2025-07-07T15:07:39.299+0000] {task_command.py:426} INFO - Running <TaskInstance: fin_cotacoes_bcb_classic.extract scheduled__2024-09-03T00:00:00+00:00 [running]> on host bc96ca91d307
[2025-07-07T15:07:39.625+0000] {taskinstance.py:2648} INFO - Exporting env vars: AIRFLOW_CTX_DAG_OWNER='***' AIRFLOW_CTX_DAG_ID='fin_cotacoes_bcb_classic' AIRFLOW_CTX_TASK_ID='extract' AIRFLOW_CTX_EXECUTION_DATE='2024-09-03T00:00:00+00:00' AIRFLOW_CTX_TRY_NUMBER='1' AIRFLOW_CTX_DAG_RUN_ID='scheduled__2024-09-03T00:00:00+00:00'
[2025-07-07T15:07:39.626+0000] {taskinstance.py:430} INFO - ::endgroup::
[2025-07-07T15:07:39.627+0000] {cotacoes.py:35} INFO - Iniciando extração da URL: https://www4.bcb.gov.br/Download/fechamento/20240903.csv
[2025-07-07T15:07:39.969+0000] {cotacoes.py:41} INFO - Extração concluída com sucesso.
[2025-07-07T15:07:39.970+0000] {python.py:237} INFO - Done. Returned value was: 03/09/2024;005;A;AFN;0,07991000;0,08015000;70,15000000;70,35000000
03/09/2024;009;A;ETB;0,04880000;0,05245000;107,19710000;115,19710000
03/09/2024;015;A;THB;0,16390000;0,16410000;34,27000000;34,30000000
03/09/2024;020;A;PAB;5,62180000;5,62240000;1,00000000;1,00000000
03/09/2024;027;A;VES;0,15340000;0,15380000;36,55380000;36,64540000
03/09/2024;030;A;BOB;0,80200000;0,81960000;6,86000000;7,01000000
03/09/2024;035;A;GHS;0,35850000;0,36090000;15,58000000;15,68000000
03/09/2024;040;A;CRC;0,01083000;0,01096000;512,77000000;518,92000000
03/09/2024;045;A;SVC;0,64180000;0,64260000;8,74980000;8,75980000
03/09/2024;051;A;NIO;0,15190000;0,15350000;36,62000000;37,00000000
03/09/2024;055;A;DKK;0,83210000;0,83230000;6,75550000;6,75600000
03/09/2024;060;A;ISK;0,04040000;0,04048000;138,88000000;139,16000000
03/09/2024;065;A;NOK;0,52570000;0,52580000;10,69250000;10,69490000
03/09/2024;070;A;SEK;0,54530000;0,54550000;10,30690000;10,30980000
03/09/2024;075;A;CZK;0,24730000;0,24740000;22,72500000;22,73700000
03/09/2024;090;A;GMD;0,07918000;0,08021000;70,10000000;71,00000000
03/09/2024;095;A;DZD;0,04204000;0,04246000;132,41200000;133,73600000
03/09/2024;100;A;KWD;18,38990000;18,39790000;0,30560000;0,30570000
03/09/2024;105;A;BHD;14,91190000;14,92540000;0,37670000;0,37700000
03/09/2024;115;A;IQD;0,00428800;0,00429500;1309,00000000;1311,00000000
03/09/2024;125;A;JOD;7,91800000;7,94120000;0,70800000;0,71000000
03/09/2024;130;A;LYD;1,17820000;1,18380000;4,74930000;4,77160000
03/09/2024;132;A;MKD;0,10060000;0,10100000;55,65000000;55,86000000
03/09/2024;133;A;RSD;0,05303000;0,05308000;105,93000000;106,01000000
03/09/2024;134;A;SDG;0,00933600;0,00938900;598,80020000;602,14120000
03/09/2024;135;A;TND;1,83120000;1,84640000;3,04500000;3,07000000
03/09/2024;136;A;SSP;0,00185000;0,00190300;2955,24700000;3039,24700000
03/09/2024;138;B;SDR;7,55060000;7,55140000;1,34310000;1,34310000
03/09/2024;139;A;MAD;0,57530000;0,57620000;9,75750000;9,77260000
03/09/2024;145;A;AED;1,53050000;1,53090000;3,67270000;3,67310000
03/09/2024;149;A;STN;0,24830000;0,25340000;22,18390000;22,64080000
03/09/2024;150;B;AUD;3,77780000;3,77880000;0,67200000;0,67210000
03/09/2024;155;A;BSD;5,62180000;5,62240000;1,00000000;1,00000000
03/09/2024;160;A;BMD;5,62180000;5,62240000;1,00000000;1,00000000
03/09/2024;165;A;CAD;4,15080000;4,15150000;1,35430000;1,35440000
03/09/2024;170;A;GYD;0,02671000;0,02703000;207,98000000;210,45000000
03/09/2024;173;A;NAD;0,31290000;0,31310000;17,95800000;17,96700000
03/09/2024;175;A;BBD;2,75560000;2,81390000;1,99810000;2,04010000
03/09/2024;180;A;BZD;2,76500000;2,81370000;1,99820000;2,03320000
03/09/2024;185;A;BND;4,29540000;4,29750000;1,30830000;1,30880000
03/09/2024;190;A;KYD;6,73270000;6,81500000;0,82500000;0,83500000
03/09/2024;195;A;SGD;4,29540000;4,29750000;1,30830000;1,30880000
03/09/2024;197;B;CLF;229,15580000;229,18030000;40,76200000;40,76200000
03/09/2024;200;B;FJD;2,49950000;2,57620000;0,44460000;0,45820000
03/09/2024;205;A;HKD;0,72090000;0,72100000;7,79850000;7,79880000
03/09/2024;210;A;TTD;0,82360000;0,83640000;6,72230000;6,82600000
03/09/2024;215;A;XCD;2,06680000;2,08240000;2,70000000;2,72000000
03/09/2024;220;A;USD;5,62180000;5,62240000;1,00000000;1,00000000
03/09/2024;230;A;JMD;0,03536000;0,03604000;156,00000000;159,00000000
03/09/2024;235;A;LRD;0,02868000;0,02891000;194,50000000;196,00000000
03/09/2024;245;B;NZD;3,47880000;3,47970000;0,61880000;0,61890000
03/09/2024;250;B;SBD;0,62960000;0,69720000;0,11200000;0,12400000
03/09/2024;255;A;SRD;0,18980000;0,19490000;28,84100000;29,62600000
03/09/2024;260;A;VND;0,00022590;0,00022620;24860,00000000;24890,00000000
03/09/2024;275;A;AMD;0,01438000;0,01457000;386,00000000;391,00000000
03/09/2024;295;A;CVE;0,05579000;0,05631000;99,84000000;100,77000000
03/09/2024;325;A;ANG;3,08890000;3,15070000;1,78450000;1,82000000
03/09/2024;328;A;AWG;3,05530000;3,15870000;1,78000000;1,84000000
03/09/2024;345;A;HUF;0,01574000;0,01575000;356,87000000;357,08000000
03/09/2024;363;A;CDF;0,00197300;0,00199300;2821,50000000;2850,00000000
03/09/2024;365;A;BIF;0,00194500;0,00196600;2860,00000000;2890,00000000
03/09/2024;368;A;KMF;0,01258000;0,01263000;445,04000000;447,04000000
03/09/2024;370;A;XAF;0,00921000;0,00946400;594,11000000;610,41000000
03/09/2024;372;A;XOF;0,00941200;0,00952500;590,30000000;597,30000000
03/09/2024;380;A;XPF;0,05173000;0,05219000;107,73000000;108,68000000
03/09/2024;390;A;DJF;0,03149000;0,03166000;177,60000000;178,55000000
03/09/2024;398;A;GNF;0,00064730;0,00065400;8597,00000000;8685,00000000
03/09/2024;406;A;MGA;0,00122900;0,00123700;4546,48000000;4573,65000000
03/09/2024;420;A;RWF;0,00416700;0,00425100;1322,70000000;1349,10000000
03/09/2024;425;A;CHF;6,61080000;6,61230000;0,85030000;0,85040000
03/09/2024;440;A;HTG;0,04253000;0,04276000;131,50000000;132,20000000
03/09/2024;450;A;PYG;0,00072850;0,00072960;7706,61000000;7717,10000000
03/09/2024;460;A;UAH;0,13580000;0,13610000;41,30000000;41,40000000
03/09/2024;470;A;JPY;0,03855000;0,03855000;145,84000000;145,85000000
03/09/2024;482;A;GEL;2,07060000;2,10970000;2,66500000;2,71500000
03/09/2024;490;A;ALL;0,06178000;0,06251000;89,95000000;91,00000000
03/09/2024;495;A;HNL;0,22640000;0,22740000;24,72900000;24,82900000
03/09/2024;500;A;SLL;0,00024540;0,00024790;22683,00000000;22908,00000000
03/09/2024;503;A;MDL;0,32280000;0,32470000;17,31800000;17,41800000
03/09/2024;506;A;RON;1,24770000;1,24850000;4,50350000;4,50570000
03/09/2024;510;A;BGN;3,17290000;3,17560000;1,77050000;1,77180000
03/09/2024;530;B;GIP;7,37020000;7,37660000;1,31100000;1,31200000
03/09/2024;535;A;EGP;0,11580000;0,11600000;48,45000000;48,55000000
03/09/2024;540;B;GBP;7,36570000;7,36700000;1,31020000;1,31030000
03/09/2024;545;B;FKP;7,37020000;7,37660000;1,31100000;1,31200000
03/09/2024;560;A;LBP;0,00006270;0,00006280;89500,00000000;89600,00000000
03/09/2024;570;B;SHP;7,38420000;7,39060000;1,31350000;1,31450000
03/09/2024;575;A;SYP;0,00043230;0,00043250;13000,00000000;13003,00000000
03/09/2024;585;A;SZL;0,31280000;0,31300000;17,96350000;17,97150000
03/09/2024;603;A;LSL;0,31270000;0,31310000;17,95750000;17,97750000
03/09/2024;608;A;TMT;1,60410000;1,60880000;3,49470000;3,50470000
03/09/2024;622;A;MZN;0,08711000;0,08886000;63,27000000;64,54000000
03/09/2024;625;A;ERN;0,37110000;0,37480000;15,00000000;15,15000000
03/09/2024;630;A;NGN;0,00348100;0,00359300;1565,00000000;1615,00000000
03/09/2024;635;A;AOA;0,00604100;0,00616300;912,35000000;930,59700000
03/09/2024;640;A;TWD;0,17520000;0,17540000;32,05000000;32,08200000
03/09/2024;642;A;TRY;0,16530000;0,16540000;33,98710000;34,00380000
03/09/2024;660;A;PEN;1,48470000;1,48680000;3,78150000;3,78640000
03/09/2024;665;A;BTN;0,06693000;0,06698000;83,93800000;83,99300000
03/09/2024;670;A;MRO;0,01566000;0,01579000;356,00000000;359,00000000
03/09/2024;671;A;MRU;0,14180000;0,14220000;39,53000000;39,64000000
03/09/2024;680;B;TOP;2,36000000;2,50080000;0,41980000;0,44480000
03/09/2024;685;A;MOP;0,69910000;0,69990000;8,03300000;8,04100000
03/09/2024;706;A;ARS;0,00589600;0,00590000;953,00000000;953,50000000
03/09/2024;715;A;CLP;0,00606600;0,00607000;926,24000000;926,84000000
03/09/2024;720;A;COP;0,00134500;0,00134700;4174,75000000;4178,52000000
03/09/2024;721;B;COU;0,50600000;0,50600000;0,09000000;0,09000000
03/09/2024;725;A;CUP;0,23420000;0,23430000;24,00000000;24,00000000
03/09/2024;730;A;DOP;0,09385000;0,09446000;59,52000000;59,90000000
03/09/2024;735;A;PHP;0,09952000;0,09956000;56,47000000;56,49000000
03/09/2024;741;A;MXN;0,28360000;0,28380000;19,81170000;19,82220000
03/09/2024;745;A;UYU;0,13940000;0,13950000;40,30000000;40,33000000
03/09/2024;755;B;BWP;0,41990000;0,42170000;0,07470000;0,07500000
03/09/2024;760;A;MWK;0,00321200;0,00327500;1717,02000000;1750,32000000
03/09/2024;766;A;ZMW;0,21340000;0,21380000;26,30000000;26,35000000
03/09/2024;770;A;GTQ;0,72590000;0,72830000;7,72000000;7,74500000
03/09/2024;775;A;MMK;0,00266900;0,00268500;2093,70000000;2106,30000000
03/09/2024;778;B;PGK;1,39980000;1,44210000;0,24900000;0,25650000
03/09/2024;780;A;LAK;0,00025320;0,00025500;22050,00000000;22200,00000000
03/09/2024;785;A;ZAR;0,31280000;0,31290000;17,96680000;17,97080000
03/09/2024;795;A;CNY;0,78940000;0,78960000;7,12090000;7,12180000
03/09/2024;796;A;CNH;0,78920000;0,78930000;7,12310000;7,12320000
03/09/2024;800;A;QAR;1,54190000;1,54290000;3,64400000;3,64600000
03/09/2024;805;A;OMR;14,59830000;14,60740000;0,38490000;0,38510000
03/09/2024;810;A;YER;0,02245000;0,02249000;249,97000000;250,47000000
03/09/2024;815;A;IRR;0,00013380;0,00013390;42000,00000000;42005,00000000
03/09/2024;820;A;SAR;1,49790000;1,49810000;3,75290000;3,75310000
03/09/2024;825;A;KHR;0,00138100;0,00138800;4050,00000000;4070,00000000
03/09/2024;828;A;MYR;1,28650000;1,28810000;4,36500000;4,37000000
03/09/2024;830;A;RUB;0,06454000;0,06455000;87,09550000;87,10450000
03/09/2024;831;A;BYN;1,71440000;1,72140000;3,26610000;3,27910000
03/09/2024;835;A;TJS;0,52540000;0,53040000;10,60000000;10,70000000
03/09/2024;840;A;MUR;0,12020000;0,12100000;46,48000000;46,78000000
03/09/2024;845;A;NPR;0,04184000;0,04185000;134,35000000;134,36000000
03/09/2024;850;A;SCR;0,37160000;0,39780000;14,13360000;15,12990000
03/09/2024;855;A;LKR;0,01880000;0,01880000;299,00000000;299,10000000
03/09/2024;860;A;INR;0,06693000;0,06698000;83,94000000;83,99500000
03/09/2024;865;A;IDR;0,00036200;0,00036230;15520,00000000;15530,00000000
03/09/2024;870;A;MVR;0,36270000;0,36460000;15,42000000;15,50000000
03/09/2024;875;A;PKR;0,02014000;0,02017000;278,82000000;279,13000000
03/09/2024;880;A;ILS;1,52340000;1,52560000;3,68540000;3,69040000
03/09/2024;892;A;KGS;0,06640000;0,06645000;84,60770000;84,66200000
03/09/2024;893;A;UZS;0,00044460;0,00044500;12635,02000000;12645,02000000
03/09/2024;905;A;BDT;0,04685000;0,04725000;119,00000000;120,00000000
03/09/2024;912;B;WST;2,04070000;2,11960000;0,36300000;0,37700000
03/09/2024;913;A;KZT;0,01163000;0,01165000;482,64000000;483,19000000
03/09/2024;915;A;MNT;0,00163900;0,00166800;3371,00000000;3431,00000000
03/09/2024;920;A;VUV;0,04571000;0,04847000;116,00000000;123,00000000
03/09/2024;930;A;KRW;0,00419400;0,00419700;1339,63000000;1340,49000000
03/09/2024;946;A;TZS;0,00206300;0,00207100;2715,00000000;2725,00000000
03/09/2024;950;A;KES;0,04350000;0,04384000;128,25000000;129,25000000
03/09/2024;955;A;UGX;0,00150600;0,00151000;3724,00000000;3734,00000000
03/09/2024;960;A;SOS;0,00977700;0,00989900;568,00000000;575,00000000
03/09/2024;975;A;PLN;1,45070000;1,45120000;3,87440000;3,87530000
03/09/2024;978;B;EUR;6,20760000;6,20880000;1,10420000;1,10430000
03/09/2024;998;A;XAU;449,74400000;449,79200000;0,01250000;0,01250000

[2025-07-07T15:07:39.979+0000] {taskinstance.py:441} INFO - ::group::Post task execution logs
[2025-07-07T15:07:40.032+0000] {taskinstance.py:1206} INFO - Marking task as SUCCESS. dag_id=fin_cotacoes_bcb_classic, task_id=extract, run_id=scheduled__2024-09-03T00:00:00+00:00, execution_date=20240903T000000, start_date=20250707T150738, end_date=20250707T150740
[2025-07-07T15:07:40.100+0000] {local_task_job_runner.py:240} INFO - Task exited with return code 0
[2025-07-07T15:07:40.122+0000] {local_task_job_runner.py:222} INFO - ::endgroup::
