[2025-07-07T15:09:05.392+0000] {local_task_job_runner.py:120} INFO - ::group::Pre task execution logs
[2025-07-07T15:09:05.460+0000] {taskinstance.py:2076} INFO - Dependencies all met for dep_context=non-requeueable deps ti=<TaskInstance: fin_cotacoes_bcb_classic.extract scheduled__2024-11-11T00:00:00+00:00 [queued]>
[2025-07-07T15:09:05.470+0000] {taskinstance.py:2076} INFO - Dependencies all met for dep_context=requeueable deps ti=<TaskInstance: fin_cotacoes_bcb_classic.extract scheduled__2024-11-11T00:00:00+00:00 [queued]>
[2025-07-07T15:09:05.471+0000] {taskinstance.py:2306} INFO - Starting attempt 1 of 2
[2025-07-07T15:09:05.495+0000] {taskinstance.py:2330} INFO - Executing <Task(PythonOperator): extract> on 2024-11-11 00:00:00+00:00
[2025-07-07T15:09:05.519+0000] {logging_mixin.py:188} WARNING - /home/***/.local/lib/python3.12/site-packages/***/task/task_runner/standard_task_runner.py:61 DeprecationWarning: This process (pid=100678) is multi-threaded, use of fork() may lead to deadlocks in the child.
[2025-07-07T15:09:05.520+0000] {standard_task_runner.py:63} INFO - Started process 100739 to run task
[2025-07-07T15:09:05.517+0000] {standard_task_runner.py:90} INFO - Running: ['***', 'tasks', 'run', 'fin_cotacoes_bcb_classic', 'extract', 'scheduled__2024-11-11T00:00:00+00:00', '--job-id', '3709', '--raw', '--subdir', 'DAGS_FOLDER/cotacoes.py', '--cfg-path', '/tmp/tmpzbrrgj76']
[2025-07-07T15:09:05.523+0000] {standard_task_runner.py:91} INFO - Job 3709: Subtask extract
[2025-07-07T15:09:05.609+0000] {task_command.py:426} INFO - Running <TaskInstance: fin_cotacoes_bcb_classic.extract scheduled__2024-11-11T00:00:00+00:00 [running]> on host bc96ca91d307
[2025-07-07T15:09:05.781+0000] {taskinstance.py:2648} INFO - Exporting env vars: AIRFLOW_CTX_DAG_OWNER='***' AIRFLOW_CTX_DAG_ID='fin_cotacoes_bcb_classic' AIRFLOW_CTX_TASK_ID='extract' AIRFLOW_CTX_EXECUTION_DATE='2024-11-11T00:00:00+00:00' AIRFLOW_CTX_TRY_NUMBER='1' AIRFLOW_CTX_DAG_RUN_ID='scheduled__2024-11-11T00:00:00+00:00'
[2025-07-07T15:09:05.782+0000] {taskinstance.py:430} INFO - ::endgroup::
[2025-07-07T15:09:05.783+0000] {cotacoes.py:35} INFO - Iniciando extração da URL: https://www4.bcb.gov.br/Download/fechamento/20241111.csv
[2025-07-07T15:09:06.364+0000] {cotacoes.py:41} INFO - Extração concluída com sucesso.
[2025-07-07T15:09:06.366+0000] {python.py:237} INFO - Done. Returned value was: 11/11/2024;005;A;AFN;0,08526000;0,08552000;67,80000000;68,00000000
11/11/2024;009;A;ETB;0,04598000;0,04788000;121,08550000;126,08550000
11/11/2024;015;A;THB;0,16760000;0,16770000;34,58000000;34,60000000
11/11/2024;020;A;PAB;5,79740000;5,79800000;1,00000000;1,00000000
11/11/2024;027;A;VES;0,12970000;0,13000000;44,59170000;44,70350000
11/11/2024;030;A;BOB;0,82820000;0,84640000;6,85000000;7,00000000
11/11/2024;035;A;GHS;0,35460000;0,35680000;16,25000000;16,35000000
11/11/2024;040;A;CRC;0,01126000;0,01140000;508,67000000;514,82000000
11/11/2024;045;A;SVC;0,66180000;0,66270000;8,74950000;8,75950000
11/11/2024;051;A;NIO;0,15670000;0,15840000;36,60000000;37,00000000
11/11/2024;055;A;DKK;0,82760000;0,82770000;7,00470000;7,00540000
11/11/2024;060;A;ISK;0,04169000;0,04178000;138,76000000;139,05000000
11/11/2024;065;A;NOK;0,52430000;0,52450000;11,05430000;11,05720000
11/11/2024;070;A;SEK;0,53390000;0,53410000;10,85660000;10,85870000
11/11/2024;075;A;CZK;0,24340000;0,24360000;23,80100000;23,81400000
11/11/2024;090;A;GMD;0,08052000;0,08143000;71,20000000;72,00000000
11/11/2024;095;A;DZD;0,04323000;0,04342000;133,54430000;134,09460000
11/11/2024;100;A;KWD;18,86560000;18,87370000;0,30720000;0,30730000
11/11/2024;105;A;BHD;15,37360000;15,39160000;0,37670000;0,37710000
11/11/2024;115;A;IQD;0,00442200;0,00442900;1309,00000000;1311,00000000
11/11/2024;125;A;JOD;8,16540000;8,18930000;0,70800000;0,71000000
11/11/2024;130;A;LYD;1,19370000;1,19940000;4,83420000;4,85650000
11/11/2024;132;A;MKD;0,09982000;0,10070000;57,56000000;58,08000000
11/11/2024;133;A;RSD;0,05277000;0,05281000;109,79000000;109,86000000
11/11/2024;134;A;SDG;0,00962700;0,00968200;598,85020000;602,19120000
11/11/2024;135;A;TND;1,84840000;1,85450000;3,12640000;3,13640000
11/11/2024;136;A;SSP;0,00174100;0,00178900;3240,28780000;3330,28780000
11/11/2024;138;B;SDR;7,65600000;7,65680000;1,32060000;1,32060000
11/11/2024;139;A;MAD;0,58370000;0,58400000;9,92740000;9,93240000
11/11/2024;145;A;AED;1,57840000;1,57860000;3,67290000;3,67300000
11/11/2024;149;A;STN;0,24690000;0,25200000;23,00900000;23,48070000
11/11/2024;150;B;AUD;3,80830000;3,80930000;0,65690000;0,65700000
11/11/2024;155;A;BSD;5,79740000;5,79800000;1,00000000;1,00000000
11/11/2024;160;A;BMD;5,79740000;5,79800000;1,00000000;1,00000000
11/11/2024;165;A;CAD;4,16150000;4,16220000;1,39300000;1,39310000
11/11/2024;170;A;GYD;0,02755000;0,02788000;207,98000000;210,45000000
11/11/2024;173;A;NAD;0,32270000;0,32280000;17,96100000;17,96400000
11/11/2024;175;A;BBD;2,84170000;2,90180000;1,99810000;2,04010000
11/11/2024;180;A;BZD;2,85140000;2,90160000;1,99820000;2,03320000
11/11/2024;185;A;BND;4,34420000;4,34530000;1,33430000;1,33450000
11/11/2024;190;A;KYD;6,94300000;7,00660000;0,82750000;0,83500000
11/11/2024;195;A;SGD;4,34420000;4,34530000;1,33430000;1,33450000
11/11/2024;197;B;CLF;224,35940000;224,38260000;38,70000000;38,70000000
11/11/2024;200;B;FJD;2,53060000;2,60970000;0,43650000;0,45010000
11/11/2024;205;A;HKD;0,74550000;0,74560000;7,77580000;7,77610000
11/11/2024;210;A;TTD;0,84930000;0,85700000;6,76560000;6,82600000
11/11/2024;215;A;XCD;2,13140000;2,14740000;2,70000000;2,72000000
11/11/2024;220;A;USD;5,79740000;5,79800000;1,00000000;1,00000000
11/11/2024;230;A;JMD;0,03628000;0,03669000;158,01000000;159,81000000
11/11/2024;235;A;LRD;0,03067000;0,03084000;188,00000000;189,00000000
11/11/2024;245;B;NZD;3,45410000;3,45500000;0,59580000;0,59590000
11/11/2024;250;B;SBD;0,64930000;0,71900000;0,11200000;0,12400000
11/11/2024;255;A;SRD;0,16310000;0,16680000;34,76000000;35,54500000
11/11/2024;260;A;VND;0,00022870;0,00022910;25310,00000000;25350,00000000
11/11/2024;275;A;AMD;0,01493000;0,01501000;386,36000000;388,36000000
11/11/2024;295;A;CVE;0,05548000;0,05599000;103,55000000;104,50000000
11/11/2024;325;A;ANG;3,18540000;3,24910000;1,78450000;1,82000000
11/11/2024;328;A;AWG;3,15080000;3,25730000;1,78000000;1,84000000
11/11/2024;345;A;HUF;0,01503000;0,01504000;385,54000000;385,84000000
11/11/2024;363;A;CDF;0,00202000;0,00203800;2845,00000000;2870,00000000
11/11/2024;365;A;BIF;0,00193300;0,00199700;2904,00000000;3000,00000000
11/11/2024;368;A;KMF;0,01249000;0,01255000;462,10000000;464,10000000
11/11/2024;370;A;XAF;0,00915500;0,00941200;616,04000000;633,28000000
11/11/2024;372;A;XOF;0,00939200;0,00950100;610,25000000;617,25000000
11/11/2024;380;A;XPF;0,05143000;0,05189000;111,74000000;112,72000000
11/11/2024;390;A;DJF;0,03247000;0,03265000;177,60000000;178,55000000
11/11/2024;398;A;GNF;0,00066750;0,00067770;8556,00000000;8685,00000000
11/11/2024;406;A;MGA;0,00123800;0,00124900;4641,46000000;4681,85000000
11/11/2024;420;A;RWF;0,00423500;0,00428900;1352,00000000;1369,00000000
11/11/2024;425;A;CHF;6,58800000;6,58940000;0,87990000;0,88000000
11/11/2024;440;A;HTG;0,04391000;0,04425000;131,02540000;132,03680000
11/11/2024;450;A;PYG;0,00074240;0,00074350;7798,51000000;7808,99000000
11/11/2024;460;A;UAH;0,14020000;0,14030000;41,33900000;41,36100000
11/11/2024;470;A;JPY;0,03768000;0,03769000;153,85000000;153,86000000
11/11/2024;482;A;GEL;2,10810000;2,15060000;2,69600000;2,75000000
11/11/2024;490;A;ALL;0,06263000;0,06330000;91,60000000;92,56000000
11/11/2024;495;A;HNL;0,22730000;0,23220000;24,97470000;25,50000000
11/11/2024;500;A;SLL;0,00025310;0,00025560;22683,00000000;22908,00000000
11/11/2024;503;A;MDL;0,32390000;0,32570000;17,80000000;17,90000000
11/11/2024;506;A;RON;1,24020000;1,24080000;4,67270000;4,67460000
11/11/2024;510;A;BGN;3,15570000;3,15670000;1,83670000;1,83710000
11/11/2024;530;B;GIP;7,48730000;7,49390000;1,29150000;1,29250000
11/11/2024;535;A;EGP;0,11770000;0,11800000;49,14000000;49,24000000
11/11/2024;540;B;GBP;7,46070000;7,46200000;1,28690000;1,28700000
11/11/2024;545;B;FKP;7,48730000;7,49390000;1,29150000;1,29250000
11/11/2024;560;A;LBP;0,00006470;0,00006480;89500,00000000;89600,00000000
11/11/2024;570;B;SHP;7,46240000;7,46900000;1,28720000;1,28820000
11/11/2024;575;A;SYP;0,00044560;0,00044600;13000,00000000;13010,00000000
11/11/2024;585;A;SZL;0,32270000;0,32280000;17,96100000;17,96400000
11/11/2024;603;A;LSL;0,32270000;0,32280000;17,96160000;17,96450000
11/11/2024;608;A;TMT;1,65420000;1,65910000;3,49470000;3,50470000
11/11/2024;622;A;MZN;0,08983000;0,09164000;63,27000000;64,54000000
11/11/2024;625;A;ERN;0,38270000;0,38650000;15,00000000;15,15000000
11/11/2024;630;A;NGN;0,00344000;0,00349000;1661,15000000;1685,15000000
11/11/2024;635;A;AOA;0,00625200;0,00637800;909,05100000;927,23200000
11/11/2024;640;A;TWD;0,17880000;0,17900000;32,39600000;32,42600000
11/11/2024;642;A;TRY;0,16880000;0,16880000;34,34370000;34,34950000
11/11/2024;660;A;PEN;1,53370000;1,53510000;3,77700000;3,78000000
11/11/2024;665;A;BTN;0,06868000;0,06873000;84,35900000;84,41400000
11/11/2024;670;A;MRO;0,01615000;0,01629000;356,00000000;359,00000000
11/11/2024;671;A;MRU;0,14530000;0,14580000;39,78000000;39,89900000
11/11/2024;680;B;TOP;2,39720000;2,54240000;0,41350000;0,43850000
11/11/2024;685;A;MOP;0,72310000;0,72390000;8,00900000;8,01700000
11/11/2024;706;A;ARS;0,00580900;0,00581300;997,50000000;998,00000000
11/11/2024;715;A;CLP;0,00590300;0,00590700;981,50000000;982,10000000
11/11/2024;720;A;COP;0,00132900;0,00133000;4358,49000000;4363,49000000
11/11/2024;721;B;COU;0,49920000;0,49920000;0,08610000;0,08610000
11/11/2024;725;A;CUP;0,24160000;0,24160000;24,00000000;24,00000000
11/11/2024;730;A;DOP;0,09590000;0,09652000;60,07000000;60,45000000
11/11/2024;735;A;PHP;0,09877000;0,09881000;58,67700000;58,69700000
11/11/2024;741;A;MXN;0,28290000;0,28310000;20,48250000;20,49300000
11/11/2024;745;A;UYU;0,13880000;0,13890000;41,73000000;41,76000000
11/11/2024;755;B;BWP;0,42840000;0,43140000;0,07390000;0,07440000
11/11/2024;760;A;MWK;0,00331200;0,00337700;1717,02000000;1750,32000000
11/11/2024;766;A;ZMW;0,21310000;0,21360000;27,15000000;27,20000000
11/11/2024;770;A;GTQ;0,74900000;0,75150000;7,71500000;7,74000000
11/11/2024;775;A;MMK;0,00275200;0,00276900;2093,70000000;2106,30000000
11/11/2024;778;B;PGK;1,42210000;1,46570000;0,24530000;0,25280000
11/11/2024;780;A;LAK;0,00026310;0,00026510;21875,00000000;22036,00000000
11/11/2024;785;A;ZAR;0,32270000;0,32280000;17,95900000;17,96450000
11/11/2024;795;A;CNY;0,80340000;0,80370000;7,21390000;7,21600000
11/11/2024;796;A;CNH;0,80170000;0,80180000;7,23100000;7,23150000
11/11/2024;800;A;QAR;1,59020000;1,59120000;3,64370000;3,64570000
11/11/2024;805;A;OMR;15,05040000;15,06760000;0,38480000;0,38520000
11/11/2024;810;A;YER;0,02318000;0,02323000;249,62000000;250,12000000
11/11/2024;815;A;IRR;0,00013800;0,00013800;42000,00000000;42005,00000000
11/11/2024;820;A;SAR;1,54340000;1,54370000;3,75600000;3,75620000
11/11/2024;825;A;KHR;0,00142700;0,00143400;4043,00000000;4063,00000000
11/11/2024;828;A;MYR;1,31370000;1,31560000;4,40700000;4,41300000
11/11/2024;830;A;RUB;0,05928000;0,05929000;97,79550000;97,80450000
11/11/2024;831;A;BYN;1,76800000;1,77520000;3,26610000;3,27910000
11/11/2024;835;A;TJS;0,54330000;0,54440000;10,65000000;10,67000000
11/11/2024;840;A;MUR;0,12360000;0,12440000;46,61000000;46,91000000
11/11/2024;845;A;NPR;0,04293000;0,04294000;135,03000000;135,04000000
11/11/2024;850;A;SCR;0,41010000;0,41020000;14,13480000;14,13490000
11/11/2024;855;A;LKR;0,01981000;0,01982000;292,55000000;292,65000000
11/11/2024;860;A;INR;0,06866000;0,06871000;84,38000000;84,43500000
11/11/2024;865;A;IDR;0,00036960;0,00036990;15675,00000000;15685,00000000
11/11/2024;870;A;MVR;0,37400000;0,37600000;15,42000000;15,50000000
11/11/2024;875;A;PKR;0,02086000;0,02087000;277,80000000;277,90000000
11/11/2024;880;A;ILS;1,54590000;1,54700000;3,74790000;3,75020000
11/11/2024;892;A;KGS;0,06721000;0,06726000;86,20000000;86,25430000
11/11/2024;893;A;UZS;0,00045260;0,00045300;12798,81000000;12808,81000000
11/11/2024;905;A;BDT;0,04831000;0,04872000;119,00000000;120,00000000
11/11/2024;912;B;WST;2,10450000;2,18580000;0,36300000;0,37700000
11/11/2024;913;A;KZT;0,01169000;0,01171000;495,34000000;495,89000000
11/11/2024;915;A;MNT;0,00169700;0,00170000;3410,00000000;3416,00000000
11/11/2024;920;A;VUV;0,04670000;0,04870000;119,05000000;124,15000000
11/11/2024;930;A;KRW;0,00413500;0,00413800;1401,19000000;1401,95000000
11/11/2024;946;A;TZS;0,00217100;0,00218800;2650,00000000;2670,00000000
11/11/2024;950;A;KES;0,04477000;0,04512000;128,50000000;129,50000000
11/11/2024;955;A;UGX;0,00157800;0,00158200;3664,00000000;3674,00000000
11/11/2024;960;A;SOS;0,01008000;0,01021000;568,00000000;575,00000000
11/11/2024;975;A;PLN;1,41810000;1,41860000;4,08720000;4,08820000
11/11/2024;978;B;EUR;6,17190000;6,17310000;1,06460000;1,06470000
11/11/2024;998;A;XAU;487,17650000;487,22690000;0,01190000;0,01190000

[2025-07-07T15:09:06.379+0000] {taskinstance.py:441} INFO - ::group::Post task execution logs
[2025-07-07T15:09:06.438+0000] {taskinstance.py:1206} INFO - Marking task as SUCCESS. dag_id=fin_cotacoes_bcb_classic, task_id=extract, run_id=scheduled__2024-11-11T00:00:00+00:00, execution_date=20241111T000000, start_date=20250707T150905, end_date=20250707T150906
[2025-07-07T15:09:06.555+0000] {local_task_job_runner.py:240} INFO - Task exited with return code 0
[2025-07-07T15:09:06.657+0000] {taskinstance.py:3503} INFO - 0 downstream tasks scheduled from follow-on schedule check
[2025-07-07T15:09:06.661+0000] {local_task_job_runner.py:222} INFO - ::endgroup::
