[2025-07-07T14:35:33.279+0000] {local_task_job_runner.py:120} INFO - ::group::Pre task execution logs
[2025-07-07T14:35:33.362+0000] {taskinstance.py:2076} INFO - Dependencies all met for dep_context=non-requeueable deps ti=<TaskInstance: fin_cotacoes_bcb_classic.transform_and_load scheduled__2025-05-23T00:00:00+00:00 [queued]>
[2025-07-07T14:35:33.399+0000] {taskinstance.py:2076} INFO - Dependencies all met for dep_context=requeueable deps ti=<TaskInstance: fin_cotacoes_bcb_classic.transform_and_load scheduled__2025-05-23T00:00:00+00:00 [queued]>
[2025-07-07T14:35:33.400+0000] {taskinstance.py:2306} INFO - Starting attempt 1 of 2
[2025-07-07T14:35:33.432+0000] {taskinstance.py:2330} INFO - Executing <Task(PythonOperator): transform_and_load> on 2025-05-23 00:00:00+00:00
[2025-07-07T14:35:33.450+0000] {standard_task_runner.py:90} INFO - Running: ['***', 'tasks', 'run', 'fin_cotacoes_bcb_classic', 'transform_and_load', 'scheduled__2025-05-23T00:00:00+00:00', '--job-id', '2627', '--raw', '--subdir', 'DAGS_FOLDER/cotacoes.py', '--cfg-path', '/tmp/tmp2hybkp51']
[2025-07-07T14:35:33.451+0000] {standard_task_runner.py:91} INFO - Job 2627: Subtask transform_and_load
[2025-07-07T14:35:33.450+0000] {logging_mixin.py:188} WARNING - /home/***/.local/lib/python3.12/site-packages/***/task/task_runner/standard_task_runner.py:61 DeprecationWarning: This process (pid=79715) is multi-threaded, use of fork() may lead to deadlocks in the child.
[2025-07-07T14:35:33.455+0000] {standard_task_runner.py:63} INFO - Started process 79778 to run task
[2025-07-07T14:35:33.546+0000] {task_command.py:426} INFO - Running <TaskInstance: fin_cotacoes_bcb_classic.transform_and_load scheduled__2025-05-23T00:00:00+00:00 [running]> on host bc96ca91d307
[2025-07-07T14:35:33.777+0000] {taskinstance.py:2648} INFO - Exporting env vars: AIRFLOW_CTX_DAG_OWNER='***' AIRFLOW_CTX_DAG_ID='fin_cotacoes_bcb_classic' AIRFLOW_CTX_TASK_ID='transform_and_load' AIRFLOW_CTX_EXECUTION_DATE='2025-05-23T00:00:00+00:00' AIRFLOW_CTX_TRY_NUMBER='1' AIRFLOW_CTX_DAG_RUN_ID='scheduled__2025-05-23T00:00:00+00:00'
[2025-07-07T14:35:33.778+0000] {taskinstance.py:430} INFO - ::endgroup::
[2025-07-07T14:35:33.814+0000] {logging_mixin.py:188} WARNING - /opt/***/dags/cotacoes.py:104 UserWarning: Parsing dates in %d/%m/%Y format when dayfirst=False (the default) was specified. Pass `dayfirst=True` or specify a format to silence this warning.
[2025-07-07T14:35:33.821+0000] {cotacoes.py:109} INFO - DataFrame transformado com 157 linhas.
[2025-07-07T14:35:33.835+0000] {base.py:84} INFO - Using connection ID '***-postgres' for task execution.
[2025-07-07T14:35:33.869+0000] {base.py:84} INFO - Using connection ID '***-postgres' for task execution.
[2025-07-07T14:35:33.930+0000] {sql.py:598} INFO - Loaded 157 rows into cotacoes so far
[2025-07-07T14:35:33.931+0000] {sql.py:611} INFO - Done loading. Loaded a total of 157 rows into cotacoes
[2025-07-07T14:35:33.931+0000] {cotacoes.py:124} INFO - Carregados/Atualizados 157 registros na tabela cotacoes.
[2025-07-07T14:35:33.931+0000] {python.py:237} INFO - Done. Returned value was: None
[2025-07-07T14:35:33.932+0000] {taskinstance.py:441} INFO - ::group::Post task execution logs
[2025-07-07T14:35:33.946+0000] {taskinstance.py:1206} INFO - Marking task as SUCCESS. dag_id=fin_cotacoes_bcb_classic, task_id=transform_and_load, run_id=scheduled__2025-05-23T00:00:00+00:00, execution_date=20250523T000000, start_date=20250707T143533, end_date=20250707T143533
[2025-07-07T14:35:33.997+0000] {local_task_job_runner.py:240} INFO - Task exited with return code 0
[2025-07-07T14:35:34.022+0000] {taskinstance.py:3503} INFO - 0 downstream tasks scheduled from follow-on schedule check
[2025-07-07T14:35:34.023+0000] {local_task_job_runner.py:222} INFO - ::endgroup::
[2025-07-07T15:12:54.486+0000] {local_task_job_runner.py:120} INFO - ::group::Pre task execution logs
[2025-07-07T15:12:54.549+0000] {taskinstance.py:2076} INFO - Dependencies all met for dep_context=non-requeueable deps ti=<TaskInstance: fin_cotacoes_bcb_classic.transform_and_load scheduled__2025-05-23T00:00:00+00:00 [queued]>
[2025-07-07T15:12:54.560+0000] {taskinstance.py:2076} INFO - Dependencies all met for dep_context=requeueable deps ti=<TaskInstance: fin_cotacoes_bcb_classic.transform_and_load scheduled__2025-05-23T00:00:00+00:00 [queued]>
[2025-07-07T15:12:54.560+0000] {taskinstance.py:2306} INFO - Starting attempt 1 of 2
[2025-07-07T15:12:54.580+0000] {taskinstance.py:2330} INFO - Executing <Task(PythonOperator): transform_and_load> on 2025-05-23 00:00:00+00:00
[2025-07-07T15:12:54.603+0000] {logging_mixin.py:188} WARNING - /home/***/.local/lib/python3.12/site-packages/***/task/task_runner/standard_task_runner.py:61 DeprecationWarning: This process (pid=104416) is multi-threaded, use of fork() may lead to deadlocks in the child.
[2025-07-07T15:12:54.603+0000] {standard_task_runner.py:63} INFO - Started process 104445 to run task
[2025-07-07T15:12:54.600+0000] {standard_task_runner.py:90} INFO - Running: ['***', 'tasks', 'run', 'fin_cotacoes_bcb_classic', 'transform_and_load', 'scheduled__2025-05-23T00:00:00+00:00', '--job-id', '4312', '--raw', '--subdir', 'DAGS_FOLDER/cotacoes.py', '--cfg-path', '/tmp/tmp1pbe806q']
[2025-07-07T15:12:54.608+0000] {standard_task_runner.py:91} INFO - Job 4312: Subtask transform_and_load
[2025-07-07T15:12:54.753+0000] {task_command.py:426} INFO - Running <TaskInstance: fin_cotacoes_bcb_classic.transform_and_load scheduled__2025-05-23T00:00:00+00:00 [running]> on host bc96ca91d307
[2025-07-07T15:12:54.928+0000] {taskinstance.py:2648} INFO - Exporting env vars: AIRFLOW_CTX_DAG_OWNER='***' AIRFLOW_CTX_DAG_ID='fin_cotacoes_bcb_classic' AIRFLOW_CTX_TASK_ID='transform_and_load' AIRFLOW_CTX_EXECUTION_DATE='2025-05-23T00:00:00+00:00' AIRFLOW_CTX_TRY_NUMBER='1' AIRFLOW_CTX_DAG_RUN_ID='scheduled__2025-05-23T00:00:00+00:00'
[2025-07-07T15:12:54.929+0000] {taskinstance.py:430} INFO - ::endgroup::
[2025-07-07T15:12:54.971+0000] {logging_mixin.py:188} WARNING - /opt/***/dags/cotacoes.py:104 UserWarning: Parsing dates in %d/%m/%Y format when dayfirst=False (the default) was specified. Pass `dayfirst=True` or specify a format to silence this warning.
[2025-07-07T15:12:54.977+0000] {cotacoes.py:109} INFO - DataFrame transformado com 157 linhas.
[2025-07-07T15:12:54.993+0000] {base.py:84} INFO - Using connection ID '***-postgres' for task execution.
[2025-07-07T15:12:55.010+0000] {base.py:84} INFO - Using connection ID '***-postgres' for task execution.
[2025-07-07T15:12:55.062+0000] {sql.py:598} INFO - Loaded 157 rows into cotacoes so far
[2025-07-07T15:12:55.062+0000] {sql.py:611} INFO - Done loading. Loaded a total of 157 rows into cotacoes
[2025-07-07T15:12:55.063+0000] {cotacoes.py:124} INFO - Carregados/Atualizados 157 registros na tabela cotacoes.
[2025-07-07T15:12:55.063+0000] {python.py:237} INFO - Done. Returned value was: None
[2025-07-07T15:12:55.064+0000] {taskinstance.py:441} INFO - ::group::Post task execution logs
[2025-07-07T15:12:55.078+0000] {taskinstance.py:1206} INFO - Marking task as SUCCESS. dag_id=fin_cotacoes_bcb_classic, task_id=transform_and_load, run_id=scheduled__2025-05-23T00:00:00+00:00, execution_date=20250523T000000, start_date=20250707T151254, end_date=20250707T151255
[2025-07-07T15:12:55.124+0000] {local_task_job_runner.py:240} INFO - Task exited with return code 0
[2025-07-07T15:12:55.144+0000] {taskinstance.py:3503} INFO - 0 downstream tasks scheduled from follow-on schedule check
[2025-07-07T15:12:55.145+0000] {local_task_job_runner.py:222} INFO - ::endgroup::
