[2025-07-07T15:09:57.182+0000] {local_task_job_runner.py:120} INFO - ::group::Pre task execution logs
[2025-07-07T15:09:57.269+0000] {taskinstance.py:2076} INFO - Dependencies all met for dep_context=non-requeueable deps ti=<TaskInstance: fin_cotacoes_bcb_classic.extract scheduled__2024-12-30T00:00:00+00:00 [queued]>
[2025-07-07T15:09:57.307+0000] {taskinstance.py:2076} INFO - Dependencies all met for dep_context=requeueable deps ti=<TaskInstance: fin_cotacoes_bcb_classic.extract scheduled__2024-12-30T00:00:00+00:00 [queued]>
[2025-07-07T15:09:57.307+0000] {taskinstance.py:2306} INFO - Starting attempt 1 of 2
[2025-07-07T15:09:57.327+0000] {taskinstance.py:2330} INFO - Executing <Task(PythonOperator): extract> on 2024-12-30 00:00:00+00:00
[2025-07-07T15:09:57.347+0000] {logging_mixin.py:188} WARNING - /home/***/.local/lib/python3.12/site-packages/***/task/task_runner/standard_task_runner.py:61 DeprecationWarning: This process (pid=101447) is multi-threaded, use of fork() may lead to deadlocks in the child.
[2025-07-07T15:09:57.349+0000] {standard_task_runner.py:63} INFO - Started process 101532 to run task
[2025-07-07T15:09:57.355+0000] {standard_task_runner.py:90} INFO - Running: ['***', 'tasks', 'run', 'fin_cotacoes_bcb_classic', 'extract', 'scheduled__2024-12-30T00:00:00+00:00', '--job-id', '3842', '--raw', '--subdir', 'DAGS_FOLDER/cotacoes.py', '--cfg-path', '/tmp/tmpear2gzce']
[2025-07-07T15:09:57.359+0000] {standard_task_runner.py:91} INFO - Job 3842: Subtask extract
[2025-07-07T15:09:57.475+0000] {task_command.py:426} INFO - Running <TaskInstance: fin_cotacoes_bcb_classic.extract scheduled__2024-12-30T00:00:00+00:00 [running]> on host bc96ca91d307
[2025-07-07T15:09:57.790+0000] {taskinstance.py:2648} INFO - Exporting env vars: AIRFLOW_CTX_DAG_OWNER='***' AIRFLOW_CTX_DAG_ID='fin_cotacoes_bcb_classic' AIRFLOW_CTX_TASK_ID='extract' AIRFLOW_CTX_EXECUTION_DATE='2024-12-30T00:00:00+00:00' AIRFLOW_CTX_TRY_NUMBER='1' AIRFLOW_CTX_DAG_RUN_ID='scheduled__2024-12-30T00:00:00+00:00'
[2025-07-07T15:09:57.791+0000] {taskinstance.py:430} INFO - ::endgroup::
[2025-07-07T15:09:57.792+0000] {cotacoes.py:35} INFO - Iniciando extração da URL: https://www4.bcb.gov.br/Download/fechamento/20241230.csv
[2025-07-07T15:09:58.220+0000] {cotacoes.py:41} INFO - Extração concluída com sucesso.
[2025-07-07T15:09:58.232+0000] {python.py:237} INFO - Done. Returned value was: 30/12/2024;005;A;AFN;0,08776000;0,08802000;70,35000000;70,55000000
30/12/2024;009;A;ETB;0,04749000;0,04939000;125,38300000;130,38300000
30/12/2024;015;A;THB;0,18060000;0,18090000;34,23000000;34,28000000
30/12/2024;020;A;PAB;6,19170000;6,19230000;1,00000000;1,00000000
30/12/2024;027;A;VES;0,11920000;0,11950000;51,80470000;51,93450000
30/12/2024;030;A;BOB;0,88450000;0,90400000;6,85000000;7,00000000
30/12/2024;035;A;GHS;0,41980000;0,42270000;14,65000000;14,75000000
30/12/2024;040;A;CRC;0,01209000;0,01224000;506,00000000;512,15000000
30/12/2024;045;A;SVC;0,70690000;0,70770000;8,74950000;8,75950000
30/12/2024;051;A;NIO;0,16730000;0,16920000;36,60000000;37,00000000
30/12/2024;055;A;DKK;0,86170000;0,86190000;7,18440000;7,18520000
30/12/2024;060;A;ISK;0,04462000;0,04472000;138,47000000;138,78000000
30/12/2024;065;A;NOK;0,54410000;0,54440000;11,37530000;11,37900000
30/12/2024;070;A;SEK;0,56070000;0,56090000;11,04090000;11,04370000
30/12/2024;075;A;CZK;0,25530000;0,25550000;24,23900000;24,25400000
30/12/2024;090;A;GMD;0,08482000;0,08600000;72,00000000;73,00000000
30/12/2024;095;A;DZD;0,04534000;0,04582000;135,15330000;136,57600000
30/12/2024;100;A;KWD;20,06380000;20,10490000;0,30800000;0,30860000
30/12/2024;105;A;BHD;16,40190000;16,42520000;0,37700000;0,37750000
30/12/2024;115;A;IQD;0,00472300;0,00473100;1309,00000000;1311,00000000
30/12/2024;125;A;JOD;8,72070000;8,73630000;0,70880000;0,71000000
30/12/2024;130;A;LYD;1,25750000;1,26330000;4,90150000;4,92380000
30/12/2024;132;A;MKD;0,10460000;0,10550000;58,71000000;59,22000000
30/12/2024;133;A;RSD;0,05487000;0,05497000;112,64000000;112,84000000
30/12/2024;134;A;SDG;0,01028000;0,01034000;598,85020000;602,19120000
30/12/2024;135;A;TND;1,93850000;1,94480000;3,18410000;3,19410000
30/12/2024;136;A;SSP;0,00157600;0,00161300;3838,06640000;3928,06640000
30/12/2024;138;B;SDR;8,07460000;8,07540000;1,30410000;1,30410000
30/12/2024;139;A;MAD;0,61080000;0,61110000;10,13230000;10,13730000
30/12/2024;145;A;AED;1,68560000;1,68620000;3,67240000;3,67340000
30/12/2024;149;A;STN;0,25710000;0,26240000;23,60080000;24,08470000
30/12/2024;150;B;AUD;3,84810000;3,85040000;0,62150000;0,62180000
30/12/2024;155;A;BSD;6,19170000;6,19230000;1,00000000;1,00000000
30/12/2024;160;A;BMD;6,19170000;6,19230000;1,00000000;1,00000000
30/12/2024;165;A;CAD;4,30370000;4,30440000;1,43860000;1,43870000
30/12/2024;170;A;GYD;0,02942000;0,02977000;207,98000000;210,45000000
30/12/2024;173;A;NAD;0,32990000;0,33030000;18,75000000;18,76900000
30/12/2024;175;A;BBD;3,03500000;3,09910000;1,99810000;2,04010000
30/12/2024;180;A;BZD;3,06950000;3,09580000;2,00020000;2,01720000
30/12/2024;185;A;BND;4,55270000;4,55520000;1,35940000;1,36000000
30/12/2024;190;A;KYD;7,41520000;7,48310000;0,82750000;0,83500000
30/12/2024;195;A;SGD;4,55270000;4,55520000;1,35940000;1,36000000
30/12/2024;197;B;CLF;239,22870000;239,25190000;38,63700000;38,63700000
30/12/2024;200;B;FJD;2,62340000;2,70790000;0,42370000;0,43730000
30/12/2024;205;A;HKD;0,79770000;0,79780000;7,76220000;7,76230000
30/12/2024;210;A;TTD;0,90710000;0,91520000;6,76610000;6,82600000
30/12/2024;215;A;XCD;2,27640000;2,30200000;2,69000000;2,72000000
30/12/2024;220;A;USD;6,19170000;6,19230000;1,00000000;1,00000000
30/12/2024;230;A;JMD;0,03941000;0,03987000;155,31000000;157,11000000
30/12/2024;235;A;LRD;0,03347000;0,03384000;183,00000000;185,00000000
30/12/2024;245;B;NZD;3,48960000;3,49180000;0,56360000;0,56390000
30/12/2024;250;B;SBD;0,69350000;0,76780000;0,11200000;0,12400000
30/12/2024;255;A;SRD;0,17210000;0,17600000;35,19200000;35,97700000
30/12/2024;260;A;VND;0,00024290;0,00024310;25476,00000000;25494,00000000
30/12/2024;275;A;AMD;0,01557000;0,01565000;395,56000000;397,56000000
30/12/2024;295;A;CVE;0,05776000;0,05830000;106,22000000;107,19000000
30/12/2024;325;A;ANG;3,40200000;3,47000000;1,78450000;1,82000000
30/12/2024;328;A;AWG;3,36510000;3,47880000;1,78000000;1,84000000
30/12/2024;345;A;HUF;0,01562000;0,01563000;396,18000000;396,37000000
30/12/2024;363;A;CDF;0,00215700;0,00217800;2843,00000000;2870,00000000
30/12/2024;365;A;BIF;0,00206400;0,00212500;2914,45000000;3000,00000000
30/12/2024;368;A;KMF;0,01303000;0,01308000;473,29000000;475,29000000
30/12/2024;370;A;XAF;0,00952400;0,00980000;631,88000000;650,10000000
30/12/2024;372;A;XOF;0,00978500;0,00989600;625,75000000;632,75000000
30/12/2024;380;A;XPF;0,05355000;0,05403000;114,61000000;115,62000000
30/12/2024;390;A;DJF;0,03468000;0,03487000;177,60000000;178,55000000
30/12/2024;398;A;GNF;0,00071290;0,00071990;8602,00000000;8685,00000000
30/12/2024;406;A;MGA;0,00131100;0,00132000;4692,38000000;4721,38000000
30/12/2024;420;A;RWF;0,00446900;0,00452500;1368,55000000;1385,55000000
30/12/2024;425;A;CHF;6,82810000;6,83250000;0,90630000;0,90680000
30/12/2024;440;A;HTG;0,04723000;0,04754000;130,25800000;131,08970000
30/12/2024;450;A;PYG;0,00078940;0,00079260;7812,52000000;7843,65000000
30/12/2024;460;A;UAH;0,14710000;0,14720000;42,07000000;42,10000000
30/12/2024;470;A;JPY;0,03938000;0,03940000;157,17000000;157,21000000
30/12/2024;482;A;GEL;2,18020000;2,23550000;2,77000000;2,84000000
30/12/2024;490;A;ALL;0,06511000;0,06574000;94,20000000;95,10000000
30/12/2024;495;A;HNL;0,24280000;0,24460000;25,31520000;25,50000000
30/12/2024;500;A;SLL;0,00027030;0,00027300;22683,00000000;22908,00000000
30/12/2024;503;A;MDL;0,33650000;0,33840000;18,30000000;18,40000000
30/12/2024;506;A;RON;1,29110000;1,29280000;4,78980000;4,79570000
30/12/2024;510;A;BGN;3,28980000;3,29200000;1,88100000;1,88210000
30/12/2024;530;B;GIP;7,78920000;7,79610000;1,25800000;1,25900000
30/12/2024;535;A;EGP;0,12160000;0,12190000;50,80000000;50,90000000
30/12/2024;540;B;GBP;7,74710000;7,74840000;1,25120000;1,25130000
30/12/2024;545;B;FKP;7,78920000;7,79610000;1,25800000;1,25900000
30/12/2024;560;A;LBP;0,00006910;0,00006920;89500,00000000;89600,00000000
30/12/2024;570;B;SHP;7,75390000;7,76080000;1,25230000;1,25330000
30/12/2024;575;A;SYP;0,00047590;0,00047630;13000,00000000;13010,00000000
30/12/2024;585;A;SZL;0,32970000;0,33020000;18,75570000;18,78060000
30/12/2024;603;A;LSL;0,32970000;0,33020000;18,75570000;18,78060000
30/12/2024;608;A;TMT;1,76670000;1,77190000;3,49470000;3,50470000
30/12/2024;622;A;MZN;0,09679000;0,09787000;63,27000000;63,97000000
30/12/2024;625;A;ERN;0,40870000;0,41280000;15,00000000;15,15000000
30/12/2024;630;A;NGN;0,00402200;0,00402700;1537,57000000;1539,57000000
30/12/2024;635;A;AOA;0,00669100;0,00679000;912,00000000;925,40000000
30/12/2024;640;A;TWD;0,18890000;0,18910000;32,74800000;32,77800000
30/12/2024;642;A;TRY;0,17520000;0,17530000;35,32980000;35,33830000
30/12/2024;660;A;PEN;1,64140000;1,64230000;3,77050000;3,77210000
30/12/2024;665;A;BTN;0,07237000;0,07242000;85,50200000;85,55700000
30/12/2024;670;A;MRO;0,01725000;0,01739000;356,00000000;359,00000000
30/12/2024;671;A;MRU;0,15510000;0,15540000;39,84000000;39,92000000
30/12/2024;680;B;TOP;2,49770000;2,65280000;0,40340000;0,42840000
30/12/2024;685;A;MOP;0,77330000;0,77450000;7,99500000;8,00700000
30/12/2024;706;A;ARS;0,00600600;0,00601200;1030,00000000;1031,00000000
30/12/2024;715;A;CLP;0,00622800;0,00624100;992,28000000;994,23000000
30/12/2024;720;A;COP;0,00140500;0,00140600;4403,39000000;4407,55000000
30/12/2024;721;B;COU;0,52630000;0,52630000;0,08500000;0,08500000
30/12/2024;725;A;CUP;0,25800000;0,25800000;24,00000000;24,00000000
30/12/2024;730;A;DOP;0,10100000;0,10170000;60,91000000;61,29000000
30/12/2024;735;A;PHP;0,10690000;0,10700000;57,88100000;57,90100000
30/12/2024;741;A;MXN;0,30200000;0,30220000;20,48940000;20,49990000
30/12/2024;745;A;UYU;0,14170000;0,14180000;43,66000000;43,69000000
30/12/2024;755;B;BWP;0,43960000;0,44520000;0,07100000;0,07190000
30/12/2024;760;A;MWK;0,00353800;0,00360600;1717,02000000;1750,32000000
30/12/2024;766;A;ZMW;0,22210000;0,22260000;27,82200000;27,87200000
30/12/2024;770;A;GTQ;0,80200000;0,80420000;7,70000000;7,72000000
30/12/2024;775;A;MMK;0,00294000;0,00295800;2093,70000000;2106,30000000
30/12/2024;778;B;PGK;1,50150000;1,54810000;0,24250000;0,25000000
30/12/2024;780;A;LAK;0,00028180;0,00028480;21744,00000000;21974,00000000
30/12/2024;785;A;ZAR;0,32970000;0,32980000;18,77480000;18,78010000
30/12/2024;795;A;CNY;0,84820000;0,84830000;7,29930000;7,29940000
30/12/2024;796;A;CNH;0,84600000;0,84610000;7,31840000;7,31880000
30/12/2024;800;A;QAR;1,69780000;1,69930000;3,64400000;3,64700000
30/12/2024;805;A;OMR;16,07820000;16,08810000;0,38490000;0,38510000
30/12/2024;810;A;YER;0,02481000;0,02486000;249,10000000;249,60000000
30/12/2024;815;A;IRR;0,00014740;0,00014740;42000,00000000;42005,00000000
30/12/2024;820;A;SAR;1,64760000;1,65000000;3,75300000;3,75800000
30/12/2024;825;A;KHR;0,00153500;0,00154200;4015,00000000;4035,00000000
30/12/2024;828;A;MYR;1,38520000;1,38840000;4,46000000;4,47000000
30/12/2024;830;A;RUB;0,05730000;0,05731000;108,04550000;108,05450000
30/12/2024;831;A;BYN;1,88820000;1,89590000;3,26610000;3,27910000
30/12/2024;835;A;TJS;0,56550000;0,57070000;10,85000000;10,95000000
30/12/2024;840;A;MUR;0,13130000;0,13220000;46,84000000;47,14000000
30/12/2024;845;A;NPR;0,04524000;0,04525000;136,86000000;136,87000000
30/12/2024;850;A;SCR;0,40500000;0,42600000;14,53680000;15,28710000
30/12/2024;855;A;LKR;0,02116000;0,02118000;292,35000000;292,65000000
30/12/2024;860;A;INR;0,07239000;0,07245000;85,47400000;85,52900000
30/12/2024;865;A;IDR;0,00038360;0,00038390;16130,00000000;16140,00000000
30/12/2024;870;A;MVR;0,39950000;0,40160000;15,42000000;15,50000000
30/12/2024;875;A;PKR;0,02223000;0,02224000;278,40000000;278,55000000
30/12/2024;880;A;ILS;1,69390000;1,69640000;3,65020000;3,65520000
30/12/2024;892;A;KGS;0,07113000;0,07118000;86,99940000;87,05370000
30/12/2024;893;A;UZS;0,00047960;0,00048000;12899,90000000;12909,90000000
30/12/2024;905;A;BDT;0,05160000;0,05204000;119,00000000;120,00000000
30/12/2024;912;B;WST;2,12070000;2,25710000;0,34250000;0,36450000
30/12/2024;913;A;KZT;0,01181000;0,01181000;524,25000000;524,45000000
30/12/2024;915;A;MNT;0,00180700;0,00181100;3420,00000000;3426,00000000
30/12/2024;920;A;VUV;0,05034000;0,05338000;116,00000000;123,00000000
30/12/2024;930;A;KRW;0,00419600;0,00420100;1473,92000000;1475,54000000
30/12/2024;946;A;TZS;0,00250700;0,00255900;2420,00000000;2470,00000000
30/12/2024;950;A;KES;0,04781000;0,04800000;129,00000000;129,50000000
30/12/2024;955;A;UGX;0,00168500;0,00169000;3665,05000000;3675,05000000
30/12/2024;960;A;SOS;0,01077000;0,01090000;568,00000000;575,00000000
30/12/2024;975;A;PLN;1,50240000;1,50310000;4,11970000;4,12120000
30/12/2024;978;B;EUR;6,42700000;6,42820000;1,03800000;1,03810000
30/12/2024;998;A;XAU;517,70070000;517,75080000;0,01196000;0,01196000

[2025-07-07T15:09:58.233+0000] {taskinstance.py:441} INFO - ::group::Post task execution logs
[2025-07-07T15:09:58.329+0000] {taskinstance.py:1206} INFO - Marking task as SUCCESS. dag_id=fin_cotacoes_bcb_classic, task_id=extract, run_id=scheduled__2024-12-30T00:00:00+00:00, execution_date=20241230T000000, start_date=20250707T150957, end_date=20250707T150958
[2025-07-07T15:09:58.440+0000] {local_task_job_runner.py:240} INFO - Task exited with return code 0
[2025-07-07T15:09:58.470+0000] {local_task_job_runner.py:222} INFO - ::endgroup::
