[2025-07-07T14:35:40.403+0000] {local_task_job_runner.py:120} INFO - ::group::Pre task execution logs
[2025-07-07T14:35:40.498+0000] {taskinstance.py:2076} INFO - Dependencies all met for dep_context=non-requeueable deps ti=<TaskInstance: fin_cotacoes_bcb_classic.create_table_postgres scheduled__2025-06-02T00:00:00+00:00 [queued]>
[2025-07-07T14:35:40.524+0000] {taskinstance.py:2076} INFO - Dependencies all met for dep_context=requeueable deps ti=<TaskInstance: fin_cotacoes_bcb_classic.create_table_postgres scheduled__2025-06-02T00:00:00+00:00 [queued]>
[2025-07-07T14:35:40.524+0000] {taskinstance.py:2306} INFO - Starting attempt 1 of 2
[2025-07-07T14:35:40.833+0000] {taskinstance.py:2330} INFO - Executing <Task(SQLExecuteQueryOperator): create_table_postgres> on 2025-06-02 00:00:00+00:00
[2025-07-07T14:35:40.866+0000] {standard_task_runner.py:90} INFO - Running: ['***', 'tasks', 'run', 'fin_cotacoes_bcb_classic', 'create_table_postgres', 'scheduled__2025-06-02T00:00:00+00:00', '--job-id', '2637', '--raw', '--subdir', 'DAGS_FOLDER/cotacoes.py', '--cfg-path', '/tmp/tmpojrquugr']
[2025-07-07T14:35:40.873+0000] {logging_mixin.py:188} WARNING - /home/***/.local/lib/python3.12/site-packages/***/task/task_runner/standard_task_runner.py:61 DeprecationWarning: This process (pid=79833) is multi-threaded, use of fork() may lead to deadlocks in the child.
[2025-07-07T14:35:40.880+0000] {standard_task_runner.py:63} INFO - Started process 79926 to run task
[2025-07-07T14:35:40.875+0000] {standard_task_runner.py:91} INFO - Job 2637: Subtask create_table_postgres
[2025-07-07T14:35:41.045+0000] {task_command.py:426} INFO - Running <TaskInstance: fin_cotacoes_bcb_classic.create_table_postgres scheduled__2025-06-02T00:00:00+00:00 [running]> on host bc96ca91d307
[2025-07-07T14:35:41.363+0000] {taskinstance.py:2648} INFO - Exporting env vars: AIRFLOW_CTX_DAG_OWNER='***' AIRFLOW_CTX_DAG_ID='fin_cotacoes_bcb_classic' AIRFLOW_CTX_TASK_ID='create_table_postgres' AIRFLOW_CTX_EXECUTION_DATE='2025-06-02T00:00:00+00:00' AIRFLOW_CTX_TRY_NUMBER='1' AIRFLOW_CTX_DAG_RUN_ID='scheduled__2025-06-02T00:00:00+00:00'
[2025-07-07T14:35:41.364+0000] {taskinstance.py:430} INFO - ::endgroup::
[2025-07-07T14:35:41.365+0000] {sql.py:276} INFO - Executing: 
CREATE TABLE IF NOT EXISTS cotacoes (
    dt_fechamento DATE,
    cod_moeda TEXT,
    tipo_moeda TEXT,
    desc_moeda TEXT,
    taxa_compra REAL,
    taxa_venda REAL,
    paridade_compra REAL,
    paridade_venda REAL,
    data_processamento TIMESTAMP,
    CONSTRAINT table_pk PRIMARY KEY (dt_fechamento, cod_moeda)
);
[2025-07-07T14:35:41.421+0000] {base.py:84} INFO - Using connection ID '***-postgres' for task execution.
[2025-07-07T14:35:41.448+0000] {base.py:84} INFO - Using connection ID '***-postgres' for task execution.
[2025-07-07T14:35:41.473+0000] {sql.py:487} INFO - Running statement: 
CREATE TABLE IF NOT EXISTS cotacoes (
    dt_fechamento DATE,
    cod_moeda TEXT,
    tipo_moeda TEXT,
    desc_moeda TEXT,
    taxa_compra REAL,
    taxa_venda REAL,
    paridade_compra REAL,
    paridade_venda REAL,
    data_processamento TIMESTAMP,
    CONSTRAINT table_pk PRIMARY KEY (dt_fechamento, cod_moeda)
);, parameters: None
[2025-07-07T14:35:41.486+0000] {taskinstance.py:441} INFO - ::group::Post task execution logs
[2025-07-07T14:35:41.515+0000] {taskinstance.py:1206} INFO - Marking task as SUCCESS. dag_id=fin_cotacoes_bcb_classic, task_id=create_table_postgres, run_id=scheduled__2025-06-02T00:00:00+00:00, execution_date=20250602T000000, start_date=20250707T143540, end_date=20250707T143541
[2025-07-07T14:35:41.649+0000] {local_task_job_runner.py:240} INFO - Task exited with return code 0
[2025-07-07T14:35:41.755+0000] {taskinstance.py:3503} INFO - 0 downstream tasks scheduled from follow-on schedule check
[2025-07-07T14:35:41.767+0000] {local_task_job_runner.py:222} INFO - ::endgroup::
[2025-07-07T15:13:00.525+0000] {local_task_job_runner.py:120} INFO - ::group::Pre task execution logs
[2025-07-07T15:13:00.615+0000] {taskinstance.py:2076} INFO - Dependencies all met for dep_context=non-requeueable deps ti=<TaskInstance: fin_cotacoes_bcb_classic.create_table_postgres scheduled__2025-06-02T00:00:00+00:00 [queued]>
[2025-07-07T15:13:00.635+0000] {taskinstance.py:2076} INFO - Dependencies all met for dep_context=requeueable deps ti=<TaskInstance: fin_cotacoes_bcb_classic.create_table_postgres scheduled__2025-06-02T00:00:00+00:00 [queued]>
[2025-07-07T15:13:00.635+0000] {taskinstance.py:2306} INFO - Starting attempt 1 of 2
[2025-07-07T15:13:00.668+0000] {taskinstance.py:2330} INFO - Executing <Task(SQLExecuteQueryOperator): create_table_postgres> on 2025-06-02 00:00:00+00:00
[2025-07-07T15:13:00.698+0000] {standard_task_runner.py:90} INFO - Running: ['***', 'tasks', 'run', 'fin_cotacoes_bcb_classic', 'create_table_postgres', 'scheduled__2025-06-02T00:00:00+00:00', '--job-id', '4319', '--raw', '--subdir', 'DAGS_FOLDER/cotacoes.py', '--cfg-path', '/tmp/tmp5mdpl705']
[2025-07-07T15:13:00.699+0000] {standard_task_runner.py:91} INFO - Job 4319: Subtask create_table_postgres
[2025-07-07T15:13:00.702+0000] {logging_mixin.py:188} WARNING - /home/***/.local/lib/python3.12/site-packages/***/task/task_runner/standard_task_runner.py:61 DeprecationWarning: This process (pid=104459) is multi-threaded, use of fork() may lead to deadlocks in the child.
[2025-07-07T15:13:00.703+0000] {standard_task_runner.py:63} INFO - Started process 104527 to run task
[2025-07-07T15:13:00.796+0000] {task_command.py:426} INFO - Running <TaskInstance: fin_cotacoes_bcb_classic.create_table_postgres scheduled__2025-06-02T00:00:00+00:00 [running]> on host bc96ca91d307
[2025-07-07T15:13:00.983+0000] {taskinstance.py:2648} INFO - Exporting env vars: AIRFLOW_CTX_DAG_OWNER='***' AIRFLOW_CTX_DAG_ID='fin_cotacoes_bcb_classic' AIRFLOW_CTX_TASK_ID='create_table_postgres' AIRFLOW_CTX_EXECUTION_DATE='2025-06-02T00:00:00+00:00' AIRFLOW_CTX_TRY_NUMBER='1' AIRFLOW_CTX_DAG_RUN_ID='scheduled__2025-06-02T00:00:00+00:00'
[2025-07-07T15:13:00.987+0000] {taskinstance.py:430} INFO - ::endgroup::
[2025-07-07T15:13:00.988+0000] {sql.py:276} INFO - Executing: 
CREATE TABLE IF NOT EXISTS cotacoes (
    dt_fechamento DATE,
    cod_moeda TEXT,
    tipo_moeda TEXT,
    desc_moeda TEXT,
    taxa_compra REAL,
    taxa_venda REAL,
    paridade_compra REAL,
    paridade_venda REAL,
    data_processamento TIMESTAMP,
    CONSTRAINT table_pk PRIMARY KEY (dt_fechamento, cod_moeda)
);
[2025-07-07T15:13:01.004+0000] {base.py:84} INFO - Using connection ID '***-postgres' for task execution.
[2025-07-07T15:13:01.023+0000] {base.py:84} INFO - Using connection ID '***-postgres' for task execution.
[2025-07-07T15:13:01.045+0000] {sql.py:487} INFO - Running statement: 
CREATE TABLE IF NOT EXISTS cotacoes (
    dt_fechamento DATE,
    cod_moeda TEXT,
    tipo_moeda TEXT,
    desc_moeda TEXT,
    taxa_compra REAL,
    taxa_venda REAL,
    paridade_compra REAL,
    paridade_venda REAL,
    data_processamento TIMESTAMP,
    CONSTRAINT table_pk PRIMARY KEY (dt_fechamento, cod_moeda)
);, parameters: None
[2025-07-07T15:13:01.050+0000] {taskinstance.py:441} INFO - ::group::Post task execution logs
[2025-07-07T15:13:01.066+0000] {taskinstance.py:1206} INFO - Marking task as SUCCESS. dag_id=fin_cotacoes_bcb_classic, task_id=create_table_postgres, run_id=scheduled__2025-06-02T00:00:00+00:00, execution_date=20250602T000000, start_date=20250707T151300, end_date=20250707T151301
[2025-07-07T15:13:01.131+0000] {local_task_job_runner.py:240} INFO - Task exited with return code 0
[2025-07-07T15:13:01.215+0000] {taskinstance.py:3503} INFO - 1 downstream tasks scheduled from follow-on schedule check
[2025-07-07T15:13:01.219+0000] {local_task_job_runner.py:222} INFO - ::endgroup::
