[2025-07-07T15:08:11.017+0000] {local_task_job_runner.py:120} INFO - ::group::Pre task execution logs
[2025-07-07T15:08:11.098+0000] {taskinstance.py:2076} INFO - Dependencies all met for dep_context=non-requeueable deps ti=<TaskInstance: fin_cotacoes_bcb_classic.extract scheduled__2024-09-27T00:00:00+00:00 [queued]>
[2025-07-07T15:08:11.129+0000] {taskinstance.py:2076} INFO - Dependencies all met for dep_context=requeueable deps ti=<TaskInstance: fin_cotacoes_bcb_classic.extract scheduled__2024-09-27T00:00:00+00:00 [queued]>
[2025-07-07T15:08:11.130+0000] {taskinstance.py:2306} INFO - Starting attempt 1 of 2
[2025-07-07T15:08:11.201+0000] {taskinstance.py:2330} INFO - Executing <Task(PythonOperator): extract> on 2024-09-27 00:00:00+00:00
[2025-07-07T15:08:11.257+0000] {logging_mixin.py:188} WARNING - /home/***/.local/lib/python3.12/site-packages/***/task/task_runner/standard_task_runner.py:61 DeprecationWarning: This process (pid=99762) is multi-threaded, use of fork() may lead to deadlocks in the child.
[2025-07-07T15:08:11.258+0000] {standard_task_runner.py:63} INFO - Started process 99812 to run task
[2025-07-07T15:08:11.239+0000] {standard_task_runner.py:90} INFO - Running: ['***', 'tasks', 'run', 'fin_cotacoes_bcb_classic', 'extract', 'scheduled__2024-09-27T00:00:00+00:00', '--job-id', '3568', '--raw', '--subdir', 'DAGS_FOLDER/cotacoes.py', '--cfg-path', '/tmp/tmpw4z065ev']
[2025-07-07T15:08:11.275+0000] {standard_task_runner.py:91} INFO - Job 3568: Subtask extract
[2025-07-07T15:08:11.461+0000] {task_command.py:426} INFO - Running <TaskInstance: fin_cotacoes_bcb_classic.extract scheduled__2024-09-27T00:00:00+00:00 [running]> on host bc96ca91d307
[2025-07-07T15:08:12.163+0000] {taskinstance.py:2648} INFO - Exporting env vars: AIRFLOW_CTX_DAG_OWNER='***' AIRFLOW_CTX_DAG_ID='fin_cotacoes_bcb_classic' AIRFLOW_CTX_TASK_ID='extract' AIRFLOW_CTX_EXECUTION_DATE='2024-09-27T00:00:00+00:00' AIRFLOW_CTX_TRY_NUMBER='1' AIRFLOW_CTX_DAG_RUN_ID='scheduled__2024-09-27T00:00:00+00:00'
[2025-07-07T15:08:12.164+0000] {taskinstance.py:430} INFO - ::endgroup::
[2025-07-07T15:08:12.165+0000] {cotacoes.py:35} INFO - Iniciando extração da URL: https://www4.bcb.gov.br/Download/fechamento/20240927.csv
[2025-07-07T15:08:12.572+0000] {cotacoes.py:41} INFO - Extração concluída com sucesso.
[2025-07-07T15:08:12.584+0000] {python.py:237} INFO - Done. Returned value was: 27/09/2024;005;A;AFN;0,07927000;0,07951000;68,46000000;68,66000000
27/09/2024;009;A;ETB;0,04526000;0,04723000;115,25320000;120,25320000
27/09/2024;015;A;THB;0,16820000;0,16840000;32,33000000;32,36000000
27/09/2024;020;A;PAB;5,44250000;5,44310000;1,00000000;1,00000000
27/09/2024;027;A;VES;0,14760000;0,14800000;36,77330000;36,86550000
27/09/2024;030;A;BOB;0,77640000;0,79350000;6,86000000;7,01000000
27/09/2024;035;A;GHS;0,34470000;0,34670000;15,70000000;15,79000000
27/09/2024;040;A;CRC;0,01043000;0,01053000;517,00000000;522,00000000
27/09/2024;045;A;SVC;0,62130000;0,62210000;8,74980000;8,75980000
27/09/2024;051;A;NIO;0,14710000;0,14870000;36,60000000;37,00000000
27/09/2024;055;A;DKK;0,81440000;0,81460000;6,68200000;6,68250000
27/09/2024;060;A;ISK;0,04021000;0,04027000;135,16000000;135,34000000
27/09/2024;065;A;NOK;0,51810000;0,51830000;10,50160000;10,50510000
27/09/2024;070;A;SEK;0,53850000;0,53890000;10,09950000;10,10590000
27/09/2024;075;A;CZK;0,24160000;0,24170000;22,52000000;22,53100000
27/09/2024;090;A;GMD;0,07665000;0,07737000;70,35000000;71,00000000
27/09/2024;095;A;DZD;0,04109000;0,04126000;131,91940000;132,46310000
27/09/2024;100;A;KWD;17,84430000;17,85210000;0,30490000;0,30500000
27/09/2024;105;A;BHD;14,43630000;14,44180000;0,37690000;0,37700000
27/09/2024;115;A;IQD;0,00415100;0,00415800;1309,00000000;1311,00000000
27/09/2024;125;A;JOD;7,66550000;7,68800000;0,70800000;0,71000000
27/09/2024;130;A;LYD;1,14480000;1,15030000;4,73170000;4,75400000
27/09/2024;132;A;MKD;0,09847000;0,09938000;54,77000000;55,27000000
27/09/2024;133;A;RSD;0,05183000;0,05193000;104,81000000;105,00000000
27/09/2024;134;A;SDG;0,00903900;0,00909100;598,75020000;602,09120000
27/09/2024;135;A;TND;1,79090000;1,79290000;3,03600000;3,03900000
27/09/2024;136;A;SSP;0,00175200;0,00179800;3027,00000000;3107,00000000
27/09/2024;138;B;SDR;7,37460000;7,37540000;1,35500000;1,35500000
27/09/2024;139;A;MAD;0,56080000;0,56170000;9,68970000;9,70470000
27/09/2024;145;A;AED;1,48170000;1,48200000;3,67280000;3,67320000
27/09/2024;149;A;STN;0,24290000;0,24790000;21,95530000;22,40540000
27/09/2024;150;B;AUD;3,76080000;3,76170000;0,69100000;0,69110000
27/09/2024;155;A;BSD;5,44250000;5,44310000;1,00000000;1,00000000
27/09/2024;160;A;BMD;5,44250000;5,44310000;1,00000000;1,00000000
27/09/2024;165;A;CAD;4,03000000;4,03070000;1,35040000;1,35050000
27/09/2024;170;A;GYD;0,02585000;0,02621000;207,69000000;210,52000000
27/09/2024;173;A;NAD;0,31820000;0,31830000;17,10040000;17,10340000
27/09/2024;175;A;BBD;2,66780000;2,72410000;1,99810000;2,04010000
27/09/2024;180;A;BZD;2,67680000;2,72400000;1,99820000;2,03320000
27/09/2024;185;A;BND;4,24900000;4,25010000;1,28070000;1,28090000
27/09/2024;190;A;KYD;6,51800000;6,57780000;0,82750000;0,83500000
27/09/2024;195;A;SGD;4,24900000;4,25010000;1,28070000;1,28090000
27/09/2024;197;B;CLF;229,66810000;229,69340000;42,19900000;42,19900000
27/09/2024;200;B;FJD;2,45620000;2,53050000;0,45130000;0,46490000
27/09/2024;205;A;HKD;0,70020000;0,70030000;7,77250000;7,77260000
27/09/2024;210;A;TTD;0,79730000;0,80410000;6,76930000;6,82600000
27/09/2024;215;A;XCD;2,00090000;2,01600000;2,70000000;2,72000000
27/09/2024;220;A;USD;5,44250000;5,44310000;1,00000000;1,00000000
27/09/2024;230;A;JMD;0,03458000;0,03462000;157,21000000;157,41000000
27/09/2024;235;A;LRD;0,02805000;0,02820000;193,00000000;194,00000000
27/09/2024;245;B;NZD;3,45050000;3,45260000;0,63400000;0,63430000
27/09/2024;250;B;SBD;0,60960000;0,67490000;0,11200000;0,12400000
27/09/2024;255;A;SRD;0,17390000;0,17840000;30,51500000;31,30000000
27/09/2024;260;A;VND;0,00022100;0,00022140;24590,00000000;24630,00000000
27/09/2024;275;A;AMD;0,01402000;0,01409000;386,32000000;388,32000000
27/09/2024;295;A;CVE;0,05458000;0,05509000;98,81000000;99,72000000
27/09/2024;325;A;ANG;2,99040000;3,05020000;1,78450000;1,82000000
27/09/2024;328;A;AWG;2,95790000;3,05790000;1,78000000;1,84000000
27/09/2024;345;A;HUF;0,01529000;0,01530000;355,76000000;355,89000000
27/09/2024;363;A;CDF;0,00188700;0,00191300;2845,00000000;2885,00000000
27/09/2024;365;A;BIF;0,00186100;0,00189200;2876,80000000;2923,80000000
27/09/2024;368;A;KMF;0,01232000;0,01238000;439,65000000;441,65000000
27/09/2024;370;A;XAF;0,00898300;0,00926000;587,83000000;605,86000000
27/09/2024;372;A;XOF;0,00918200;0,00929300;585,75000000;592,75000000
27/09/2024;380;A;XPF;0,05060000;0,05105000;106,62000000;107,56000000
27/09/2024;390;A;DJF;0,03048000;0,03065000;177,60000000;178,55000000
27/09/2024;398;A;GNF;0,00062670;0,00063400;8586,00000000;8685,00000000
27/09/2024;406;A;MGA;0,00119400;0,00120100;4531,30000000;4560,30000000
27/09/2024;420;A;RWF;0,00403500;0,00408600;1332,00000000;1349,00000000
27/09/2024;425;A;CHF;6,45990000;6,46220000;0,84230000;0,84250000
27/09/2024;440;A;HTG;0,04119000;0,04141000;131,43360000;132,14220000
27/09/2024;450;A;PYG;0,00069800;0,00069860;7790,93000000;7796,99000000
27/09/2024;460;A;UAH;0,13170000;0,13240000;41,10000000;41,32000000
27/09/2024;470;A;JPY;0,03816000;0,03817000;142,60000000;142,62000000
27/09/2024;482;A;GEL;1,97550000;2,01220000;2,70500000;2,75500000
27/09/2024;490;A;ALL;0,06112000;0,06178000;88,10000000;89,05000000
27/09/2024;495;A;HNL;0,21850000;0,21940000;24,80800000;24,90800000
27/09/2024;500;A;SLL;0,00023760;0,00024000;22683,00000000;22908,00000000
27/09/2024;503;A;MDL;0,31260000;0,31450000;17,30800000;17,40800000
27/09/2024;506;A;RON;1,21970000;1,22120000;4,45730000;4,46220000
27/09/2024;510;A;BGN;3,10450000;3,10540000;1,75280000;1,75310000
27/09/2024;530;B;GIP;7,29570000;7,30190000;1,34050000;1,34150000
27/09/2024;535;A;EGP;0,11240000;0,11260000;48,32000000;48,42000000
27/09/2024;540;B;GBP;7,28860000;7,28990000;1,33920000;1,33930000
27/09/2024;545;B;FKP;7,29570000;7,30190000;1,34050000;1,34150000
27/09/2024;560;A;LBP;0,00006070;0,00006080;89500,00000000;89600,00000000
27/09/2024;570;B;SHP;7,30110000;7,30740000;1,34150000;1,34250000
27/09/2024;575;A;SYP;0,00041860;0,00041870;13000,00000000;13003,00000000
27/09/2024;585;A;SZL;0,31820000;0,31830000;17,10040000;17,10340000
27/09/2024;603;A;LSL;0,31820000;0,31830000;17,10040000;17,10340000
27/09/2024;608;A;TMT;1,55290000;1,55750000;3,49470000;3,50470000
27/09/2024;622;A;MZN;0,08433000;0,08603000;63,27000000;64,54000000
27/09/2024;625;A;ERN;0,35920000;0,36290000;15,00000000;15,15000000
27/09/2024;630;A;NGN;0,00321300;0,00331100;1643,97000000;1693,97000000
27/09/2024;635;A;AOA;0,00564000;0,00574800;947,00000000;965,00000000
27/09/2024;640;A;TWD;0,17240000;0,17250000;31,54800000;31,57800000
27/09/2024;642;A;TRY;0,15930000;0,15930000;34,17020000;34,17500000
27/09/2024;660;A;PEN;1,46310000;1,46750000;3,70910000;3,71990000
27/09/2024;665;A;BTN;0,06502000;0,06507000;83,65600000;83,71100000
27/09/2024;670;A;MRO;0,01516000;0,01529000;356,00000000;359,00000000
27/09/2024;671;A;MRU;0,13630000;0,13750000;39,58010000;39,94010000
27/09/2024;680;B;TOP;2,29730000;2,43360000;0,42210000;0,44710000
27/09/2024;685;A;MOP;0,67890000;0,67990000;8,00600000;8,01700000
27/09/2024;706;A;ARS;0,00562200;0,00562600;967,50000000;968,00000000
27/09/2024;715;A;CLP;0,00606000;0,00606500;897,50000000;898,10000000
27/09/2024;720;A;COP;0,00130400;0,00130500;4172,00000000;4175,00000000
27/09/2024;721;B;COU;0,48660000;0,48660000;0,08940000;0,08940000
27/09/2024;725;A;CUP;0,22680000;0,22680000;24,00000000;24,00000000
27/09/2024;730;A;DOP;0,09009000;0,09069000;60,02000000;60,41000000
27/09/2024;735;A;PHP;0,09719000;0,09723000;55,98000000;56,00000000
27/09/2024;741;A;MXN;0,27690000;0,27710000;19,64270000;19,65320000
27/09/2024;745;A;UYU;0,13050000;0,13060000;41,69000000;41,72000000
27/09/2024;755;B;BWP;0,41690000;0,41860000;0,07660000;0,07690000
27/09/2024;760;A;MWK;0,00310900;0,00317000;1717,02000000;1750,32000000
27/09/2024;766;A;ZMW;0,20530000;0,20570000;26,46270000;26,51270000
27/09/2024;770;A;GTQ;0,70270000;0,70460000;7,72500000;7,74500000
27/09/2024;775;A;MMK;0,00258400;0,00260000;2093,70000000;2106,30000000
27/09/2024;778;B;PGK;1,34870000;1,38960000;0,24780000;0,25530000
27/09/2024;780;A;LAK;0,00024590;0,00024710;22031,00000000;22132,00000000
27/09/2024;785;A;ZAR;0,31820000;0,31830000;17,09850000;17,10490000
27/09/2024;795;A;CNY;0,77630000;0,77640000;7,01110000;7,01120000
27/09/2024;796;A;CNH;0,77910000;0,77930000;6,98490000;6,98530000
27/09/2024;800;A;QAR;1,49270000;1,49370000;3,64400000;3,64600000
27/09/2024;805;A;OMR;14,13270000;14,13790000;0,38500000;0,38510000
27/09/2024;810;A;YER;0,02173000;0,02177000;249,98000000;250,48000000
27/09/2024;815;A;IRR;0,00012960;0,00012960;42000,00000000;42005,00000000
27/09/2024;820;A;SAR;1,45090000;1,45110000;3,75100000;3,75120000
27/09/2024;825;A;KHR;0,00133700;0,00134400;4051,00000000;4071,00000000
27/09/2024;828;A;MYR;1,31840000;1,32050000;4,12200000;4,12800000
27/09/2024;830;A;RUB;0,05831000;0,05833000;93,32050000;93,32950000
27/09/2024;831;A;BYN;1,65930000;1,66970000;3,26000000;3,28000000
27/09/2024;835;A;TJS;0,50860000;0,51350000;10,60000000;10,70000000
27/09/2024;840;A;MUR;0,11810000;0,11880000;45,80000000;46,10000000
27/09/2024;845;A;NPR;0,04063000;0,04064000;133,92000000;133,94000000
27/09/2024;850;A;SCR;0,41070000;0,41070000;13,25200000;13,25210000
27/09/2024;855;A;LKR;0,01821000;0,01822000;298,70000000;298,90000000
27/09/2024;860;A;INR;0,06500000;0,06505000;83,67600000;83,73100000
27/09/2024;865;A;IDR;0,00035970;0,00036000;15120,00000000;15130,00000000
27/09/2024;870;A;MVR;0,35110000;0,35300000;15,42000000;15,50000000
27/09/2024;875;A;PKR;0,01957000;0,01960000;277,72000000;278,06000000
27/09/2024;880;A;ILS;1,46840000;1,47060000;3,70120000;3,70630000
27/09/2024;892;A;KGS;0,06460000;0,06464000;84,20000000;84,25430000
27/09/2024;893;A;UZS;0,00042790;0,00042820;12710,42000000;12720,42000000
27/09/2024;905;A;BDT;0,04535000;0,04574000;119,00000000;120,00000000
27/09/2024;912;B;WST;1,97560000;2,05200000;0,36300000;0,37700000
27/09/2024;913;A;KZT;0,01131000;0,01133000;480,59000000;481,13000000
27/09/2024;915;A;MNT;0,00160700;0,00161000;3381,00000000;3387,00000000
27/09/2024;920;A;VUV;0,04425000;0,04692000;116,00000000;123,00000000
27/09/2024;930;A;KRW;0,00415400;0,00415700;1309,36000000;1310,06000000
27/09/2024;946;A;TZS;0,00199000;0,00199800;2725,00000000;2735,00000000
27/09/2024;950;A;KES;0,04203000;0,04236000;128,50000000;129,50000000
27/09/2024;955;A;UGX;0,00147200;0,00147600;3687,00000000;3697,00000000
27/09/2024;960;A;SOS;0,00946500;0,00958300;568,00000000;575,00000000
27/09/2024;975;A;PLN;1,42100000;1,42160000;3,82890000;3,83010000
27/09/2024;978;B;EUR;6,07270000;6,07400000;1,11580000;1,11590000
27/09/2024;998;A;XAU;463,58600000;463,63710000;0,01174000;0,01174000

[2025-07-07T15:08:12.585+0000] {taskinstance.py:441} INFO - ::group::Post task execution logs
[2025-07-07T15:08:12.661+0000] {taskinstance.py:1206} INFO - Marking task as SUCCESS. dag_id=fin_cotacoes_bcb_classic, task_id=extract, run_id=scheduled__2024-09-27T00:00:00+00:00, execution_date=20240927T000000, start_date=20250707T150811, end_date=20250707T150812
[2025-07-07T15:08:12.752+0000] {local_task_job_runner.py:240} INFO - Task exited with return code 0
[2025-07-07T15:08:12.814+0000] {taskinstance.py:3503} INFO - 1 downstream tasks scheduled from follow-on schedule check
[2025-07-07T15:08:12.821+0000] {local_task_job_runner.py:222} INFO - ::endgroup::
