[2025-07-06T19:23:42.967+0000] {local_task_job_runner.py:120} INFO - ::group::Pre task execution logs
[2025-07-06T19:23:43.024+0000] {taskinstance.py:2076} INFO - Dependencies all met for dep_context=non-requeueable deps ti=<TaskInstance: fin_cotacoes_bcb_classic.extract scheduled__2025-01-28T00:00:00+00:00 [queued]>
[2025-07-06T19:23:43.036+0000] {taskinstance.py:2076} INFO - Dependencies all met for dep_context=requeueable deps ti=<TaskInstance: fin_cotacoes_bcb_classic.extract scheduled__2025-01-28T00:00:00+00:00 [queued]>
[2025-07-06T19:23:43.037+0000] {taskinstance.py:2306} INFO - Starting attempt 1 of 2
[2025-07-06T19:23:43.062+0000] {taskinstance.py:2330} INFO - Executing <Task(PythonOperator): extract> on 2025-01-28 00:00:00+00:00
[2025-07-06T19:23:43.079+0000] {logging_mixin.py:188} WARNING - /home/***/.local/lib/python3.12/site-packages/***/task/task_runner/standard_task_runner.py:61 DeprecationWarning: This process (pid=20138) is multi-threaded, use of fork() may lead to deadlocks in the child.
[2025-07-06T19:23:43.083+0000] {standard_task_runner.py:63} INFO - Started process 20173 to run task
[2025-07-06T19:23:43.084+0000] {standard_task_runner.py:90} INFO - Running: ['***', 'tasks', 'run', 'fin_cotacoes_bcb_classic', 'extract', 'scheduled__2025-01-28T00:00:00+00:00', '--job-id', '985', '--raw', '--subdir', 'DAGS_FOLDER/cotacoes.py', '--cfg-path', '/tmp/tmphx4zb7ul']
[2025-07-06T19:23:43.086+0000] {standard_task_runner.py:91} INFO - Job 985: Subtask extract
[2025-07-06T19:23:43.237+0000] {task_command.py:426} INFO - Running <TaskInstance: fin_cotacoes_bcb_classic.extract scheduled__2025-01-28T00:00:00+00:00 [running]> on host 20adb53d65c4
[2025-07-06T19:23:43.449+0000] {taskinstance.py:2648} INFO - Exporting env vars: AIRFLOW_CTX_DAG_OWNER='***' AIRFLOW_CTX_DAG_ID='fin_cotacoes_bcb_classic' AIRFLOW_CTX_TASK_ID='extract' AIRFLOW_CTX_EXECUTION_DATE='2025-01-28T00:00:00+00:00' AIRFLOW_CTX_TRY_NUMBER='1' AIRFLOW_CTX_DAG_RUN_ID='scheduled__2025-01-28T00:00:00+00:00'
[2025-07-06T19:23:43.450+0000] {taskinstance.py:430} INFO - ::endgroup::
[2025-07-06T19:23:43.455+0000] {cotacoes.py:37} INFO - Iniciando extração da URL: https://www4.bcb.gov.br/Download/fechamento/20250128.csv
[2025-07-06T19:23:43.831+0000] {cotacoes.py:43} INFO - Extração concluída com sucesso.
[2025-07-06T19:23:43.833+0000] {python.py:237} INFO - Done. Returned value was: 28/01/2025;005;A;AFN;0,07481000;0,07501000;78,56000000;78,76000000
28/01/2025;009;A;ETB;0,04518000;0,04698000;125,42480000;130,42480000
28/01/2025;015;A;THB;0,17350000;0,17370000;33,93000000;33,96000000
28/01/2025;020;A;PAB;5,89240000;5,89300000;1,00000000;1,00000000
28/01/2025;027;A;VES;0,10360000;0,10390000;56,71410000;56,85620000
28/01/2025;030;A;BOB;0,84060000;0,85900000;6,86000000;7,01000000
28/01/2025;035;A;GHS;0,38510000;0,38770000;15,20000000;15,30000000
28/01/2025;040;A;CRC;0,01155000;0,01169000;504,21000000;510,36000000
28/01/2025;045;A;SVC;0,67270000;0,67350000;8,74980000;8,75980000
28/01/2025;051;A;NIO;0,15930000;0,16100000;36,60000000;37,00000000
28/01/2025;055;A;DKK;0,82310000;0,82330000;7,15800000;7,15840000
28/01/2025;060;A;ISK;0,04205000;0,04215000;139,81000000;140,12000000
28/01/2025;065;A;NOK;0,52140000;0,52150000;11,29940000;11,30190000
28/01/2025;070;A;SEK;0,53510000;0,53520000;11,01030000;11,01200000
28/01/2025;075;A;CZK;0,24480000;0,24490000;24,06600000;24,07400000
28/01/2025;090;A;GMD;0,08072000;0,08185000;72,00000000;73,00000000
28/01/2025;095;A;DZD;0,04338000;0,04382000;134,47700000;135,82100000
28/01/2025;100;A;KWD;19,08780000;19,12690000;0,30810000;0,30870000
28/01/2025;105;A;BHD;15,62560000;15,63540000;0,37690000;0,37710000
28/01/2025;115;A;IQD;0,00449500;0,00450200;1309,00000000;1311,00000000
28/01/2025;125;A;JOD;8,29920000;8,30580000;0,70950000;0,71000000
28/01/2025;130;A;LYD;1,19810000;1,20370000;4,89590000;4,91820000
28/01/2025;132;A;MKD;0,09943000;0,10030000;58,76000000;59,26000000
28/01/2025;133;A;RSD;0,05244000;0,05248000;112,28000000;112,37000000
28/01/2025;134;A;SDG;0,00978500;0,00984100;598,85020000;602,19120000
28/01/2025;135;A;TND;1,84560000;1,84750000;3,18970000;3,19270000
28/01/2025;136;A;SSP;0,00143700;0,00147300;4000,00000000;4100,00000000
28/01/2025;138;B;SDR;7,69550000;7,69630000;1,30600000;1,30600000
28/01/2025;139;A;MAD;0,58850000;0,58880000;10,00810000;10,01310000
28/01/2025;145;A;AED;1,60420000;1,60460000;3,67260000;3,67320000
28/01/2025;149;A;STN;0,24570000;0,25080000;23,49890000;23,98310000
28/01/2025;150;B;AUD;3,67800000;3,68080000;0,62420000;0,62460000
28/01/2025;155;A;BSD;5,89240000;5,89300000;1,00000000;1,00000000
28/01/2025;160;A;BMD;5,89240000;5,89300000;1,00000000;1,00000000
28/01/2025;165;A;CAD;4,09390000;4,09460000;1,43920000;1,43930000
28/01/2025;170;A;GYD;0,02800000;0,02833000;207,98000000;210,45000000
28/01/2025;173;A;NAD;0,31450000;0,31450000;18,73490000;18,73780000
28/01/2025;175;A;BBD;2,88830000;2,94930000;1,99810000;2,04010000
28/01/2025;180;A;BZD;2,92110000;2,94620000;2,00020000;2,01720000
28/01/2025;185;A;BND;4,35670000;4,35970000;1,35170000;1,35250000
28/01/2025;190;A;KYD;7,05680000;7,12150000;0,82750000;0,83500000
28/01/2025;195;A;SGD;4,35670000;4,35970000;1,35170000;1,35250000
28/01/2025;197;B;CLF;227,72360000;227,74680000;38,64700000;38,64700000
28/01/2025;200;B;FJD;2,50310000;2,58350000;0,42480000;0,43840000
28/01/2025;205;A;HKD;0,75630000;0,75640000;7,79060000;7,79070000
28/01/2025;210;A;TTD;0,86320000;0,87190000;6,75850000;6,82600000
28/01/2025;215;A;XCD;2,16630000;2,19070000;2,69000000;2,72000000
28/01/2025;220;A;USD;5,89240000;5,89300000;1,00000000;1,00000000
28/01/2025;230;A;JMD;0,03724000;0,03765000;156,51000000;158,21000000
28/01/2025;235;A;LRD;0,02917000;0,03022000;195,00000000;202,00000000
28/01/2025;245;B;NZD;3,33270000;3,33540000;0,56560000;0,56600000
28/01/2025;250;B;SBD;0,65990000;0,73070000;0,11200000;0,12400000
28/01/2025;255;A;SRD;0,16620000;0,16950000;34,76000000;35,45000000
28/01/2025;260;A;VND;0,00023480;0,00023520;25060,00000000;25100,00000000
28/01/2025;275;A;AMD;0,01459000;0,01484000;397,10000000;404,00000000
28/01/2025;295;A;CVE;0,05520000;0,05572000;105,77000000;106,75000000
28/01/2025;325;A;ANG;3,23760000;3,30230000;1,78450000;1,82000000
28/01/2025;328;A;AWG;3,20240000;3,31070000;1,78000000;1,84000000
28/01/2025;345;A;HUF;0,01506000;0,01507000;390,93000000;391,33000000
28/01/2025;363;A;CDF;0,00205300;0,00207500;2840,00000000;2870,00000000
28/01/2025;365;A;BIF;0,00196400;0,00201900;2919,05000000;3000,00000000
28/01/2025;368;A;KMF;0,01244000;0,01250000;471,56000000;473,56000000
28/01/2025;370;A;XAF;0,00936900;0,00938000;628,24000000;628,94000000
28/01/2025;372;A;XOF;0,00932000;0,00942500;625,25000000;632,25000000
28/01/2025;380;A;XPF;0,05118000;0,05164000;114,12000000;115,13000000
28/01/2025;390;A;DJF;0,03300000;0,03318000;177,60000000;178,55000000
28/01/2025;398;A;GNF;0,00067850;0,00068480;8606,00000000;8685,00000000
28/01/2025;406;A;MGA;0,00124600;0,00125600;4691,09000000;4729,47000000
28/01/2025;420;A;RWF;0,00422200;0,00427500;1378,54000000;1395,54000000
28/01/2025;425;A;CHF;6,50300000;6,50800000;0,90550000;0,90610000
28/01/2025;440;A;HTG;0,04488000;0,04532000;130,04010000;131,30380000
28/01/2025;450;A;PYG;0,00074530;0,00074720;7886,89000000;7905,57000000
28/01/2025;460;A;UAH;0,14020000;0,14060000;41,90000000;42,04000000
28/01/2025;470;A;JPY;0,03783000;0,03785000;155,70000000;155,75000000
28/01/2025;482;A;GEL;2,02840000;2,07430000;2,84100000;2,90500000
28/01/2025;490;A;ALL;0,06180000;0,06218000;94,78000000;95,34000000
28/01/2025;495;A;HNL;0,23110000;0,23170000;25,43850000;25,50000000
28/01/2025;500;A;SLL;0,00025720;0,00025980;22683,00000000;22908,00000000
28/01/2025;503;A;MDL;0,31830000;0,32010000;18,41000000;18,51000000
28/01/2025;506;A;RON;1,23390000;1,23550000;4,76970000;4,77560000
28/01/2025;510;A;BGN;3,13990000;3,14130000;1,87600000;1,87660000
28/01/2025;530;B;GIP;7,33010000;7,33680000;1,24400000;1,24500000
28/01/2025;535;A;EGP;0,11720000;0,11750000;50,17000000;50,27000000
28/01/2025;540;B;GBP;7,32540000;7,32680000;1,24320000;1,24330000
28/01/2025;545;B;FKP;7,33010000;7,33680000;1,24400000;1,24500000
28/01/2025;560;A;LBP;0,00006580;0,00006580;89500,00000000;89600,00000000
28/01/2025;570;B;SHP;7,32900000;7,33560000;1,24380000;1,24480000
28/01/2025;575;A;SYP;0,00045290;0,00045330;13000,00000000;13010,00000000
28/01/2025;585;A;SZL;0,31450000;0,31450000;18,73490000;18,73780000
28/01/2025;603;A;LSL;0,31450000;0,31450000;18,73490000;18,73780000
28/01/2025;608;A;TMT;1,68130000;1,68630000;3,49470000;3,50470000
28/01/2025;622;A;MZN;0,09130000;0,09314000;63,27000000;64,54000000
28/01/2025;625;A;ERN;0,38890000;0,39290000;15,00000000;15,15000000
28/01/2025;630;A;NGN;0,00379800;0,00380300;1549,48000000;1551,48000000
28/01/2025;635;A;AOA;0,00633400;0,00646200;912,00000000;930,24000000
28/01/2025;640;A;TWD;0,17890000;0,17910000;32,90400000;32,93400000
28/01/2025;642;A;TRY;0,16480000;0,16480000;35,75330000;35,76050000
28/01/2025;660;A;PEN;1,57420000;1,57610000;3,73900000;3,74300000
28/01/2025;665;A;BTN;0,06805000;0,06815000;86,47700000;86,58600000
28/01/2025;670;A;MRO;0,01641000;0,01655000;356,00000000;359,00000000
28/01/2025;671;A;MRU;0,14820000;0,14870000;39,63000000;39,74900000
28/01/2025;680;B;TOP;2,38640000;2,53400000;0,40500000;0,43000000
28/01/2025;685;A;MOP;0,73330000;0,73440000;8,02400000;8,03600000
28/01/2025;706;A;ARS;0,00560900;0,00561200;1050,00000000;1050,50000000
28/01/2025;715;A;CLP;0,00593200;0,00593700;992,66000000;993,39000000
28/01/2025;720;A;COP;0,00139300;0,00139400;4226,09000000;4229,59000000
28/01/2025;721;B;COU;0,52270000;0,52270000;0,08870000;0,08870000
28/01/2025;725;A;CUP;0,24550000;0,24550000;24,00000000;24,00000000
28/01/2025;730;A;DOP;0,09538000;0,09598000;61,40000000;61,78000000
28/01/2025;735;A;PHP;0,10080000;0,10080000;58,46500000;58,48500000
28/01/2025;741;A;MXN;0,28660000;0,28680000;20,54640000;20,55690000
28/01/2025;745;A;UYU;0,13550000;0,13560000;43,46000000;43,49000000
28/01/2025;755;B;BWP;0,42250000;0,42610000;0,07170000;0,07230000
28/01/2025;760;A;MWK;0,00336700;0,00343200;1717,02000000;1750,32000000
28/01/2025;766;A;ZMW;0,21120000;0,21160000;27,85000000;27,90000000
28/01/2025;770;A;GTQ;0,76080000;0,76280000;7,72500000;7,74500000
28/01/2025;775;A;MMK;0,00279800;0,00281500;2093,70000000;2106,30000000
28/01/2025;778;B;PGK;1,42540000;1,46970000;0,24190000;0,24940000
28/01/2025;780;A;LAK;0,00026930;0,00027220;21649,00000000;21879,00000000
28/01/2025;785;A;ZAR;0,31440000;0,31450000;18,73600000;18,73930000
28/01/2025;795;A;CNY;0,81250000;0,81270000;7,25070000;7,25200000
28/01/2025;796;A;CNH;0,80950000;0,80960000;7,27870000;7,27910000
28/01/2025;800;A;QAR;1,61600000;1,61660000;3,64530000;3,64630000
28/01/2025;805;A;OMR;15,30100000;15,31050000;0,38490000;0,38510000
28/01/2025;810;A;YER;0,02366000;0,02371000;248,50000000;249,00000000
28/01/2025;815;A;IRR;0,00014030;0,00014030;42000,00000000;42005,00000000
28/01/2025;820;A;SAR;1,57090000;1,57120000;3,75070000;3,75090000
28/01/2025;825;A;KHR;0,00146200;0,00147000;4010,00000000;4030,00000000
28/01/2025;828;A;MYR;1,33980000;1,34300000;4,38800000;4,39800000
28/01/2025;830;A;RUB;0,05973000;0,05974000;98,64550000;98,65450000
28/01/2025;831;A;BYN;1,79700000;1,80430000;3,26610000;3,27910000
28/01/2025;835;A;TJS;0,53810000;0,54160000;10,88000000;10,95000000
28/01/2025;840;A;MUR;0,12660000;0,12750000;46,23000000;46,53000000
28/01/2025;845;A;NPR;0,04256000;0,04257000;138,44000000;138,45000000
28/01/2025;850;A;SCR;0,41080000;0,41090000;14,34210000;14,34250000
28/01/2025;855;A;LKR;0,01983000;0,01986000;296,80000000;297,10000000
28/01/2025;860;A;INR;0,06806000;0,06811000;86,51700000;86,57200000
28/01/2025;865;A;IDR;0,00036430;0,00036440;16170,00000000;16175,00000000
28/01/2025;870;A;MVR;0,38020000;0,38220000;15,42000000;15,50000000
28/01/2025;875;A;PKR;0,02112000;0,02114000;278,75000000;278,95000000
28/01/2025;880;A;ILS;1,62360000;1,62710000;3,62170000;3,62930000
28/01/2025;892;A;KGS;0,06734000;0,06739000;87,45000000;87,50430000
28/01/2025;893;A;UZS;0,00045400;0,00045440;12969,98000000;12979,98000000
28/01/2025;905;A;BDT;0,04830000;0,04870000;121,00000000;122,00000000
28/01/2025;912;B;WST;2,02930000;2,15920000;0,34440000;0,36640000
28/01/2025;913;A;KZT;0,01140000;0,01141000;516,35000000;516,89000000
28/01/2025;915;A;MNT;0,00170800;0,00171200;3443,00000000;3449,00000000
28/01/2025;920;A;VUV;0,04791000;0,05080000;116,00000000;123,00000000
28/01/2025;930;A;KRW;0,00406900;0,00407200;1447,26000000;1448,23000000
28/01/2025;946;A;TZS;0,00231800;0,00235400;2503,00000000;2542,00000000
28/01/2025;950;A;KES;0,04554000;0,04568000;129,00000000;129,40000000
28/01/2025;955;A;UGX;0,00159500;0,00159900;3685,00000000;3695,00000000
28/01/2025;960;A;SOS;0,01025000;0,01038000;568,00000000;575,00000000
28/01/2025;975;A;PLN;1,46170000;1,46210000;4,03060000;4,03120000
28/01/2025;978;B;EUR;6,14160000;6,14350000;1,04230000;1,04250000
28/01/2025;998;A;XAU;521,91320000;521,96630000;0,01129000;0,01129000

[2025-07-06T19:23:43.834+0000] {taskinstance.py:441} INFO - ::group::Post task execution logs
[2025-07-06T19:23:43.889+0000] {taskinstance.py:1206} INFO - Marking task as SUCCESS. dag_id=fin_cotacoes_bcb_classic, task_id=extract, run_id=scheduled__2025-01-28T00:00:00+00:00, execution_date=20250128T000000, start_date=20250706T192343, end_date=20250706T192343
[2025-07-06T19:23:44.414+0000] {local_task_job_runner.py:240} INFO - Task exited with return code 0
[2025-07-06T19:23:44.450+0000] {logging_mixin.py:188} WARNING - /home/***/.local/lib/python3.12/site-packages/***/models/baseoperator.py:1297 AirflowProviderDeprecationWarning: Call to deprecated class PostgresOperator. (Please use `***.providers.common.sql.operators.sql.SQLExecuteQueryOperator`.Also, you can provide `hook_params={'schema': <database>}`.)
[2025-07-06T19:23:44.505+0000] {taskinstance.py:3503} INFO - 1 downstream tasks scheduled from follow-on schedule check
[2025-07-06T19:23:44.510+0000] {local_task_job_runner.py:222} INFO - ::endgroup::
[2025-07-07T13:57:46.280+0000] {local_task_job_runner.py:120} INFO - ::group::Pre task execution logs
[2025-07-07T13:57:46.350+0000] {taskinstance.py:2076} INFO - Dependencies all met for dep_context=non-requeueable deps ti=<TaskInstance: fin_cotacoes_bcb_classic.extract scheduled__2025-01-28T00:00:00+00:00 [queued]>
[2025-07-07T13:57:46.373+0000] {taskinstance.py:2076} INFO - Dependencies all met for dep_context=requeueable deps ti=<TaskInstance: fin_cotacoes_bcb_classic.extract scheduled__2025-01-28T00:00:00+00:00 [queued]>
[2025-07-07T13:57:46.373+0000] {taskinstance.py:2306} INFO - Starting attempt 1 of 2
[2025-07-07T13:57:46.678+0000] {taskinstance.py:2330} INFO - Executing <Task(PythonOperator): extract> on 2025-01-28 00:00:00+00:00
[2025-07-07T13:57:46.717+0000] {standard_task_runner.py:90} INFO - Running: ['***', 'tasks', 'run', 'fin_cotacoes_bcb_classic', 'extract', 'scheduled__2025-01-28T00:00:00+00:00', '--job-id', '1738', '--raw', '--subdir', 'DAGS_FOLDER/cotacoes.py', '--cfg-path', '/tmp/tmp0n2xz89v']
[2025-07-07T13:57:46.719+0000] {standard_task_runner.py:91} INFO - Job 1738: Subtask extract
[2025-07-07T13:57:46.720+0000] {logging_mixin.py:188} WARNING - /home/***/.local/lib/python3.12/site-packages/***/task/task_runner/standard_task_runner.py:61 DeprecationWarning: This process (pid=57139) is multi-threaded, use of fork() may lead to deadlocks in the child.
[2025-07-07T13:57:46.721+0000] {standard_task_runner.py:63} INFO - Started process 57210 to run task
[2025-07-07T13:57:46.886+0000] {task_command.py:426} INFO - Running <TaskInstance: fin_cotacoes_bcb_classic.extract scheduled__2025-01-28T00:00:00+00:00 [running]> on host bc96ca91d307
[2025-07-07T13:57:47.110+0000] {taskinstance.py:2648} INFO - Exporting env vars: AIRFLOW_CTX_DAG_OWNER='***' AIRFLOW_CTX_DAG_ID='fin_cotacoes_bcb_classic' AIRFLOW_CTX_TASK_ID='extract' AIRFLOW_CTX_EXECUTION_DATE='2025-01-28T00:00:00+00:00' AIRFLOW_CTX_TRY_NUMBER='1' AIRFLOW_CTX_DAG_RUN_ID='scheduled__2025-01-28T00:00:00+00:00'
[2025-07-07T13:57:47.111+0000] {taskinstance.py:430} INFO - ::endgroup::
[2025-07-07T13:57:47.112+0000] {cotacoes.py:35} INFO - Iniciando extração da URL: https://www4.bcb.gov.br/Download/fechamento/20250128.csv
[2025-07-07T13:57:47.384+0000] {cotacoes.py:41} INFO - Extração concluída com sucesso.
[2025-07-07T13:57:47.388+0000] {python.py:237} INFO - Done. Returned value was: 28/01/2025;005;A;AFN;0,07481000;0,07501000;78,56000000;78,76000000
28/01/2025;009;A;ETB;0,04518000;0,04698000;125,42480000;130,42480000
28/01/2025;015;A;THB;0,17350000;0,17370000;33,93000000;33,96000000
28/01/2025;020;A;PAB;5,89240000;5,89300000;1,00000000;1,00000000
28/01/2025;027;A;VES;0,10360000;0,10390000;56,71410000;56,85620000
28/01/2025;030;A;BOB;0,84060000;0,85900000;6,86000000;7,01000000
28/01/2025;035;A;GHS;0,38510000;0,38770000;15,20000000;15,30000000
28/01/2025;040;A;CRC;0,01155000;0,01169000;504,21000000;510,36000000
28/01/2025;045;A;SVC;0,67270000;0,67350000;8,74980000;8,75980000
28/01/2025;051;A;NIO;0,15930000;0,16100000;36,60000000;37,00000000
28/01/2025;055;A;DKK;0,82310000;0,82330000;7,15800000;7,15840000
28/01/2025;060;A;ISK;0,04205000;0,04215000;139,81000000;140,12000000
28/01/2025;065;A;NOK;0,52140000;0,52150000;11,29940000;11,30190000
28/01/2025;070;A;SEK;0,53510000;0,53520000;11,01030000;11,01200000
28/01/2025;075;A;CZK;0,24480000;0,24490000;24,06600000;24,07400000
28/01/2025;090;A;GMD;0,08072000;0,08185000;72,00000000;73,00000000
28/01/2025;095;A;DZD;0,04338000;0,04382000;134,47700000;135,82100000
28/01/2025;100;A;KWD;19,08780000;19,12690000;0,30810000;0,30870000
28/01/2025;105;A;BHD;15,62560000;15,63540000;0,37690000;0,37710000
28/01/2025;115;A;IQD;0,00449500;0,00450200;1309,00000000;1311,00000000
28/01/2025;125;A;JOD;8,29920000;8,30580000;0,70950000;0,71000000
28/01/2025;130;A;LYD;1,19810000;1,20370000;4,89590000;4,91820000
28/01/2025;132;A;MKD;0,09943000;0,10030000;58,76000000;59,26000000
28/01/2025;133;A;RSD;0,05244000;0,05248000;112,28000000;112,37000000
28/01/2025;134;A;SDG;0,00978500;0,00984100;598,85020000;602,19120000
28/01/2025;135;A;TND;1,84560000;1,84750000;3,18970000;3,19270000
28/01/2025;136;A;SSP;0,00143700;0,00147300;4000,00000000;4100,00000000
28/01/2025;138;B;SDR;7,69550000;7,69630000;1,30600000;1,30600000
28/01/2025;139;A;MAD;0,58850000;0,58880000;10,00810000;10,01310000
28/01/2025;145;A;AED;1,60420000;1,60460000;3,67260000;3,67320000
28/01/2025;149;A;STN;0,24570000;0,25080000;23,49890000;23,98310000
28/01/2025;150;B;AUD;3,67800000;3,68080000;0,62420000;0,62460000
28/01/2025;155;A;BSD;5,89240000;5,89300000;1,00000000;1,00000000
28/01/2025;160;A;BMD;5,89240000;5,89300000;1,00000000;1,00000000
28/01/2025;165;A;CAD;4,09390000;4,09460000;1,43920000;1,43930000
28/01/2025;170;A;GYD;0,02800000;0,02833000;207,98000000;210,45000000
28/01/2025;173;A;NAD;0,31450000;0,31450000;18,73490000;18,73780000
28/01/2025;175;A;BBD;2,88830000;2,94930000;1,99810000;2,04010000
28/01/2025;180;A;BZD;2,92110000;2,94620000;2,00020000;2,01720000
28/01/2025;185;A;BND;4,35670000;4,35970000;1,35170000;1,35250000
28/01/2025;190;A;KYD;7,05680000;7,12150000;0,82750000;0,83500000
28/01/2025;195;A;SGD;4,35670000;4,35970000;1,35170000;1,35250000
28/01/2025;197;B;CLF;227,72360000;227,74680000;38,64700000;38,64700000
28/01/2025;200;B;FJD;2,50310000;2,58350000;0,42480000;0,43840000
28/01/2025;205;A;HKD;0,75630000;0,75640000;7,79060000;7,79070000
28/01/2025;210;A;TTD;0,86320000;0,87190000;6,75850000;6,82600000
28/01/2025;215;A;XCD;2,16630000;2,19070000;2,69000000;2,72000000
28/01/2025;220;A;USD;5,89240000;5,89300000;1,00000000;1,00000000
28/01/2025;230;A;JMD;0,03724000;0,03765000;156,51000000;158,21000000
28/01/2025;235;A;LRD;0,02917000;0,03022000;195,00000000;202,00000000
28/01/2025;245;B;NZD;3,33270000;3,33540000;0,56560000;0,56600000
28/01/2025;250;B;SBD;0,65990000;0,73070000;0,11200000;0,12400000
28/01/2025;255;A;SRD;0,16620000;0,16950000;34,76000000;35,45000000
28/01/2025;260;A;VND;0,00023480;0,00023520;25060,00000000;25100,00000000
28/01/2025;275;A;AMD;0,01459000;0,01484000;397,10000000;404,00000000
28/01/2025;295;A;CVE;0,05520000;0,05572000;105,77000000;106,75000000
28/01/2025;325;A;ANG;3,23760000;3,30230000;1,78450000;1,82000000
28/01/2025;328;A;AWG;3,20240000;3,31070000;1,78000000;1,84000000
28/01/2025;345;A;HUF;0,01506000;0,01507000;390,93000000;391,33000000
28/01/2025;363;A;CDF;0,00205300;0,00207500;2840,00000000;2870,00000000
28/01/2025;365;A;BIF;0,00196400;0,00201900;2919,05000000;3000,00000000
28/01/2025;368;A;KMF;0,01244000;0,01250000;471,56000000;473,56000000
28/01/2025;370;A;XAF;0,00936900;0,00938000;628,24000000;628,94000000
28/01/2025;372;A;XOF;0,00932000;0,00942500;625,25000000;632,25000000
28/01/2025;380;A;XPF;0,05118000;0,05164000;114,12000000;115,13000000
28/01/2025;390;A;DJF;0,03300000;0,03318000;177,60000000;178,55000000
28/01/2025;398;A;GNF;0,00067850;0,00068480;8606,00000000;8685,00000000
28/01/2025;406;A;MGA;0,00124600;0,00125600;4691,09000000;4729,47000000
28/01/2025;420;A;RWF;0,00422200;0,00427500;1378,54000000;1395,54000000
28/01/2025;425;A;CHF;6,50300000;6,50800000;0,90550000;0,90610000
28/01/2025;440;A;HTG;0,04488000;0,04532000;130,04010000;131,30380000
28/01/2025;450;A;PYG;0,00074530;0,00074720;7886,89000000;7905,57000000
28/01/2025;460;A;UAH;0,14020000;0,14060000;41,90000000;42,04000000
28/01/2025;470;A;JPY;0,03783000;0,03785000;155,70000000;155,75000000
28/01/2025;482;A;GEL;2,02840000;2,07430000;2,84100000;2,90500000
28/01/2025;490;A;ALL;0,06180000;0,06218000;94,78000000;95,34000000
28/01/2025;495;A;HNL;0,23110000;0,23170000;25,43850000;25,50000000
28/01/2025;500;A;SLL;0,00025720;0,00025980;22683,00000000;22908,00000000
28/01/2025;503;A;MDL;0,31830000;0,32010000;18,41000000;18,51000000
28/01/2025;506;A;RON;1,23390000;1,23550000;4,76970000;4,77560000
28/01/2025;510;A;BGN;3,13990000;3,14130000;1,87600000;1,87660000
28/01/2025;530;B;GIP;7,33010000;7,33680000;1,24400000;1,24500000
28/01/2025;535;A;EGP;0,11720000;0,11750000;50,17000000;50,27000000
28/01/2025;540;B;GBP;7,32540000;7,32680000;1,24320000;1,24330000
28/01/2025;545;B;FKP;7,33010000;7,33680000;1,24400000;1,24500000
28/01/2025;560;A;LBP;0,00006580;0,00006580;89500,00000000;89600,00000000
28/01/2025;570;B;SHP;7,32900000;7,33560000;1,24380000;1,24480000
28/01/2025;575;A;SYP;0,00045290;0,00045330;13000,00000000;13010,00000000
28/01/2025;585;A;SZL;0,31450000;0,31450000;18,73490000;18,73780000
28/01/2025;603;A;LSL;0,31450000;0,31450000;18,73490000;18,73780000
28/01/2025;608;A;TMT;1,68130000;1,68630000;3,49470000;3,50470000
28/01/2025;622;A;MZN;0,09130000;0,09314000;63,27000000;64,54000000
28/01/2025;625;A;ERN;0,38890000;0,39290000;15,00000000;15,15000000
28/01/2025;630;A;NGN;0,00379800;0,00380300;1549,48000000;1551,48000000
28/01/2025;635;A;AOA;0,00633400;0,00646200;912,00000000;930,24000000
28/01/2025;640;A;TWD;0,17890000;0,17910000;32,90400000;32,93400000
28/01/2025;642;A;TRY;0,16480000;0,16480000;35,75330000;35,76050000
28/01/2025;660;A;PEN;1,57420000;1,57610000;3,73900000;3,74300000
28/01/2025;665;A;BTN;0,06805000;0,06815000;86,47700000;86,58600000
28/01/2025;670;A;MRO;0,01641000;0,01655000;356,00000000;359,00000000
28/01/2025;671;A;MRU;0,14820000;0,14870000;39,63000000;39,74900000
28/01/2025;680;B;TOP;2,38640000;2,53400000;0,40500000;0,43000000
28/01/2025;685;A;MOP;0,73330000;0,73440000;8,02400000;8,03600000
28/01/2025;706;A;ARS;0,00560900;0,00561200;1050,00000000;1050,50000000
28/01/2025;715;A;CLP;0,00593200;0,00593700;992,66000000;993,39000000
28/01/2025;720;A;COP;0,00139300;0,00139400;4226,09000000;4229,59000000
28/01/2025;721;B;COU;0,52270000;0,52270000;0,08870000;0,08870000
28/01/2025;725;A;CUP;0,24550000;0,24550000;24,00000000;24,00000000
28/01/2025;730;A;DOP;0,09538000;0,09598000;61,40000000;61,78000000
28/01/2025;735;A;PHP;0,10080000;0,10080000;58,46500000;58,48500000
28/01/2025;741;A;MXN;0,28660000;0,28680000;20,54640000;20,55690000
28/01/2025;745;A;UYU;0,13550000;0,13560000;43,46000000;43,49000000
28/01/2025;755;B;BWP;0,42250000;0,42610000;0,07170000;0,07230000
28/01/2025;760;A;MWK;0,00336700;0,00343200;1717,02000000;1750,32000000
28/01/2025;766;A;ZMW;0,21120000;0,21160000;27,85000000;27,90000000
28/01/2025;770;A;GTQ;0,76080000;0,76280000;7,72500000;7,74500000
28/01/2025;775;A;MMK;0,00279800;0,00281500;2093,70000000;2106,30000000
28/01/2025;778;B;PGK;1,42540000;1,46970000;0,24190000;0,24940000
28/01/2025;780;A;LAK;0,00026930;0,00027220;21649,00000000;21879,00000000
28/01/2025;785;A;ZAR;0,31440000;0,31450000;18,73600000;18,73930000
28/01/2025;795;A;CNY;0,81250000;0,81270000;7,25070000;7,25200000
28/01/2025;796;A;CNH;0,80950000;0,80960000;7,27870000;7,27910000
28/01/2025;800;A;QAR;1,61600000;1,61660000;3,64530000;3,64630000
28/01/2025;805;A;OMR;15,30100000;15,31050000;0,38490000;0,38510000
28/01/2025;810;A;YER;0,02366000;0,02371000;248,50000000;249,00000000
28/01/2025;815;A;IRR;0,00014030;0,00014030;42000,00000000;42005,00000000
28/01/2025;820;A;SAR;1,57090000;1,57120000;3,75070000;3,75090000
28/01/2025;825;A;KHR;0,00146200;0,00147000;4010,00000000;4030,00000000
28/01/2025;828;A;MYR;1,33980000;1,34300000;4,38800000;4,39800000
28/01/2025;830;A;RUB;0,05973000;0,05974000;98,64550000;98,65450000
28/01/2025;831;A;BYN;1,79700000;1,80430000;3,26610000;3,27910000
28/01/2025;835;A;TJS;0,53810000;0,54160000;10,88000000;10,95000000
28/01/2025;840;A;MUR;0,12660000;0,12750000;46,23000000;46,53000000
28/01/2025;845;A;NPR;0,04256000;0,04257000;138,44000000;138,45000000
28/01/2025;850;A;SCR;0,41080000;0,41090000;14,34210000;14,34250000
28/01/2025;855;A;LKR;0,01983000;0,01986000;296,80000000;297,10000000
28/01/2025;860;A;INR;0,06806000;0,06811000;86,51700000;86,57200000
28/01/2025;865;A;IDR;0,00036430;0,00036440;16170,00000000;16175,00000000
28/01/2025;870;A;MVR;0,38020000;0,38220000;15,42000000;15,50000000
28/01/2025;875;A;PKR;0,02112000;0,02114000;278,75000000;278,95000000
28/01/2025;880;A;ILS;1,62360000;1,62710000;3,62170000;3,62930000
28/01/2025;892;A;KGS;0,06734000;0,06739000;87,45000000;87,50430000
28/01/2025;893;A;UZS;0,00045400;0,00045440;12969,98000000;12979,98000000
28/01/2025;905;A;BDT;0,04830000;0,04870000;121,00000000;122,00000000
28/01/2025;912;B;WST;2,02930000;2,15920000;0,34440000;0,36640000
28/01/2025;913;A;KZT;0,01140000;0,01141000;516,35000000;516,89000000
28/01/2025;915;A;MNT;0,00170800;0,00171200;3443,00000000;3449,00000000
28/01/2025;920;A;VUV;0,04791000;0,05080000;116,00000000;123,00000000
28/01/2025;930;A;KRW;0,00406900;0,00407200;1447,26000000;1448,23000000
28/01/2025;946;A;TZS;0,00231800;0,00235400;2503,00000000;2542,00000000
28/01/2025;950;A;KES;0,04554000;0,04568000;129,00000000;129,40000000
28/01/2025;955;A;UGX;0,00159500;0,00159900;3685,00000000;3695,00000000
28/01/2025;960;A;SOS;0,01025000;0,01038000;568,00000000;575,00000000
28/01/2025;975;A;PLN;1,46170000;1,46210000;4,03060000;4,03120000
28/01/2025;978;B;EUR;6,14160000;6,14350000;1,04230000;1,04250000
28/01/2025;998;A;XAU;521,91320000;521,96630000;0,01129000;0,01129000

[2025-07-07T13:57:47.391+0000] {taskinstance.py:441} INFO - ::group::Post task execution logs
[2025-07-07T13:57:47.435+0000] {taskinstance.py:1206} INFO - Marking task as SUCCESS. dag_id=fin_cotacoes_bcb_classic, task_id=extract, run_id=scheduled__2025-01-28T00:00:00+00:00, execution_date=20250128T000000, start_date=20250707T135746, end_date=20250707T135747
[2025-07-07T13:57:47.507+0000] {local_task_job_runner.py:240} INFO - Task exited with return code 0
[2025-07-07T13:57:47.556+0000] {taskinstance.py:3503} INFO - 1 downstream tasks scheduled from follow-on schedule check
[2025-07-07T13:57:47.562+0000] {local_task_job_runner.py:222} INFO - ::endgroup::
[2025-07-07T14:06:48.331+0000] {local_task_job_runner.py:120} INFO - ::group::Pre task execution logs
[2025-07-07T14:06:48.465+0000] {taskinstance.py:2076} INFO - Dependencies all met for dep_context=non-requeueable deps ti=<TaskInstance: fin_cotacoes_bcb_classic.extract scheduled__2025-01-28T00:00:00+00:00 [queued]>
[2025-07-07T14:06:48.482+0000] {taskinstance.py:2076} INFO - Dependencies all met for dep_context=requeueable deps ti=<TaskInstance: fin_cotacoes_bcb_classic.extract scheduled__2025-01-28T00:00:00+00:00 [queued]>
[2025-07-07T14:06:48.483+0000] {taskinstance.py:2306} INFO - Starting attempt 1 of 2
[2025-07-07T14:06:49.008+0000] {taskinstance.py:2330} INFO - Executing <Task(PythonOperator): extract> on 2025-01-28 00:00:00+00:00
[2025-07-07T14:06:49.087+0000] {standard_task_runner.py:90} INFO - Running: ['***', 'tasks', 'run', 'fin_cotacoes_bcb_classic', 'extract', 'scheduled__2025-01-28T00:00:00+00:00', '--job-id', '1825', '--raw', '--subdir', 'DAGS_FOLDER/cotacoes.py', '--cfg-path', '/tmp/tmp_bwrzpfo']
[2025-07-07T14:06:49.088+0000] {standard_task_runner.py:91} INFO - Job 1825: Subtask extract
[2025-07-07T14:06:49.083+0000] {logging_mixin.py:188} WARNING - /home/***/.local/lib/python3.12/site-packages/***/task/task_runner/standard_task_runner.py:61 DeprecationWarning: This process (pid=62224) is multi-threaded, use of fork() may lead to deadlocks in the child.
[2025-07-07T14:06:49.097+0000] {standard_task_runner.py:63} INFO - Started process 62260 to run task
[2025-07-07T14:06:49.289+0000] {task_command.py:426} INFO - Running <TaskInstance: fin_cotacoes_bcb_classic.extract scheduled__2025-01-28T00:00:00+00:00 [running]> on host bc96ca91d307
[2025-07-07T14:06:49.539+0000] {taskinstance.py:2648} INFO - Exporting env vars: AIRFLOW_CTX_DAG_OWNER='***' AIRFLOW_CTX_DAG_ID='fin_cotacoes_bcb_classic' AIRFLOW_CTX_TASK_ID='extract' AIRFLOW_CTX_EXECUTION_DATE='2025-01-28T00:00:00+00:00' AIRFLOW_CTX_TRY_NUMBER='1' AIRFLOW_CTX_DAG_RUN_ID='scheduled__2025-01-28T00:00:00+00:00'
[2025-07-07T14:06:49.540+0000] {taskinstance.py:430} INFO - ::endgroup::
[2025-07-07T14:06:49.541+0000] {cotacoes.py:35} INFO - Iniciando extração da URL: https://www4.bcb.gov.br/Download/fechamento/20250128.csv
[2025-07-07T14:06:49.842+0000] {cotacoes.py:41} INFO - Extração concluída com sucesso.
[2025-07-07T14:06:49.844+0000] {python.py:237} INFO - Done. Returned value was: 28/01/2025;005;A;AFN;0,07481000;0,07501000;78,56000000;78,76000000
28/01/2025;009;A;ETB;0,04518000;0,04698000;125,42480000;130,42480000
28/01/2025;015;A;THB;0,17350000;0,17370000;33,93000000;33,96000000
28/01/2025;020;A;PAB;5,89240000;5,89300000;1,00000000;1,00000000
28/01/2025;027;A;VES;0,10360000;0,10390000;56,71410000;56,85620000
28/01/2025;030;A;BOB;0,84060000;0,85900000;6,86000000;7,01000000
28/01/2025;035;A;GHS;0,38510000;0,38770000;15,20000000;15,30000000
28/01/2025;040;A;CRC;0,01155000;0,01169000;504,21000000;510,36000000
28/01/2025;045;A;SVC;0,67270000;0,67350000;8,74980000;8,75980000
28/01/2025;051;A;NIO;0,15930000;0,16100000;36,60000000;37,00000000
28/01/2025;055;A;DKK;0,82310000;0,82330000;7,15800000;7,15840000
28/01/2025;060;A;ISK;0,04205000;0,04215000;139,81000000;140,12000000
28/01/2025;065;A;NOK;0,52140000;0,52150000;11,29940000;11,30190000
28/01/2025;070;A;SEK;0,53510000;0,53520000;11,01030000;11,01200000
28/01/2025;075;A;CZK;0,24480000;0,24490000;24,06600000;24,07400000
28/01/2025;090;A;GMD;0,08072000;0,08185000;72,00000000;73,00000000
28/01/2025;095;A;DZD;0,04338000;0,04382000;134,47700000;135,82100000
28/01/2025;100;A;KWD;19,08780000;19,12690000;0,30810000;0,30870000
28/01/2025;105;A;BHD;15,62560000;15,63540000;0,37690000;0,37710000
28/01/2025;115;A;IQD;0,00449500;0,00450200;1309,00000000;1311,00000000
28/01/2025;125;A;JOD;8,29920000;8,30580000;0,70950000;0,71000000
28/01/2025;130;A;LYD;1,19810000;1,20370000;4,89590000;4,91820000
28/01/2025;132;A;MKD;0,09943000;0,10030000;58,76000000;59,26000000
28/01/2025;133;A;RSD;0,05244000;0,05248000;112,28000000;112,37000000
28/01/2025;134;A;SDG;0,00978500;0,00984100;598,85020000;602,19120000
28/01/2025;135;A;TND;1,84560000;1,84750000;3,18970000;3,19270000
28/01/2025;136;A;SSP;0,00143700;0,00147300;4000,00000000;4100,00000000
28/01/2025;138;B;SDR;7,69550000;7,69630000;1,30600000;1,30600000
28/01/2025;139;A;MAD;0,58850000;0,58880000;10,00810000;10,01310000
28/01/2025;145;A;AED;1,60420000;1,60460000;3,67260000;3,67320000
28/01/2025;149;A;STN;0,24570000;0,25080000;23,49890000;23,98310000
28/01/2025;150;B;AUD;3,67800000;3,68080000;0,62420000;0,62460000
28/01/2025;155;A;BSD;5,89240000;5,89300000;1,00000000;1,00000000
28/01/2025;160;A;BMD;5,89240000;5,89300000;1,00000000;1,00000000
28/01/2025;165;A;CAD;4,09390000;4,09460000;1,43920000;1,43930000
28/01/2025;170;A;GYD;0,02800000;0,02833000;207,98000000;210,45000000
28/01/2025;173;A;NAD;0,31450000;0,31450000;18,73490000;18,73780000
28/01/2025;175;A;BBD;2,88830000;2,94930000;1,99810000;2,04010000
28/01/2025;180;A;BZD;2,92110000;2,94620000;2,00020000;2,01720000
28/01/2025;185;A;BND;4,35670000;4,35970000;1,35170000;1,35250000
28/01/2025;190;A;KYD;7,05680000;7,12150000;0,82750000;0,83500000
28/01/2025;195;A;SGD;4,35670000;4,35970000;1,35170000;1,35250000
28/01/2025;197;B;CLF;227,72360000;227,74680000;38,64700000;38,64700000
28/01/2025;200;B;FJD;2,50310000;2,58350000;0,42480000;0,43840000
28/01/2025;205;A;HKD;0,75630000;0,75640000;7,79060000;7,79070000
28/01/2025;210;A;TTD;0,86320000;0,87190000;6,75850000;6,82600000
28/01/2025;215;A;XCD;2,16630000;2,19070000;2,69000000;2,72000000
28/01/2025;220;A;USD;5,89240000;5,89300000;1,00000000;1,00000000
28/01/2025;230;A;JMD;0,03724000;0,03765000;156,51000000;158,21000000
28/01/2025;235;A;LRD;0,02917000;0,03022000;195,00000000;202,00000000
28/01/2025;245;B;NZD;3,33270000;3,33540000;0,56560000;0,56600000
28/01/2025;250;B;SBD;0,65990000;0,73070000;0,11200000;0,12400000
28/01/2025;255;A;SRD;0,16620000;0,16950000;34,76000000;35,45000000
28/01/2025;260;A;VND;0,00023480;0,00023520;25060,00000000;25100,00000000
28/01/2025;275;A;AMD;0,01459000;0,01484000;397,10000000;404,00000000
28/01/2025;295;A;CVE;0,05520000;0,05572000;105,77000000;106,75000000
28/01/2025;325;A;ANG;3,23760000;3,30230000;1,78450000;1,82000000
28/01/2025;328;A;AWG;3,20240000;3,31070000;1,78000000;1,84000000
28/01/2025;345;A;HUF;0,01506000;0,01507000;390,93000000;391,33000000
28/01/2025;363;A;CDF;0,00205300;0,00207500;2840,00000000;2870,00000000
28/01/2025;365;A;BIF;0,00196400;0,00201900;2919,05000000;3000,00000000
28/01/2025;368;A;KMF;0,01244000;0,01250000;471,56000000;473,56000000
28/01/2025;370;A;XAF;0,00936900;0,00938000;628,24000000;628,94000000
28/01/2025;372;A;XOF;0,00932000;0,00942500;625,25000000;632,25000000
28/01/2025;380;A;XPF;0,05118000;0,05164000;114,12000000;115,13000000
28/01/2025;390;A;DJF;0,03300000;0,03318000;177,60000000;178,55000000
28/01/2025;398;A;GNF;0,00067850;0,00068480;8606,00000000;8685,00000000
28/01/2025;406;A;MGA;0,00124600;0,00125600;4691,09000000;4729,47000000
28/01/2025;420;A;RWF;0,00422200;0,00427500;1378,54000000;1395,54000000
28/01/2025;425;A;CHF;6,50300000;6,50800000;0,90550000;0,90610000
28/01/2025;440;A;HTG;0,04488000;0,04532000;130,04010000;131,30380000
28/01/2025;450;A;PYG;0,00074530;0,00074720;7886,89000000;7905,57000000
28/01/2025;460;A;UAH;0,14020000;0,14060000;41,90000000;42,04000000
28/01/2025;470;A;JPY;0,03783000;0,03785000;155,70000000;155,75000000
28/01/2025;482;A;GEL;2,02840000;2,07430000;2,84100000;2,90500000
28/01/2025;490;A;ALL;0,06180000;0,06218000;94,78000000;95,34000000
28/01/2025;495;A;HNL;0,23110000;0,23170000;25,43850000;25,50000000
28/01/2025;500;A;SLL;0,00025720;0,00025980;22683,00000000;22908,00000000
28/01/2025;503;A;MDL;0,31830000;0,32010000;18,41000000;18,51000000
28/01/2025;506;A;RON;1,23390000;1,23550000;4,76970000;4,77560000
28/01/2025;510;A;BGN;3,13990000;3,14130000;1,87600000;1,87660000
28/01/2025;530;B;GIP;7,33010000;7,33680000;1,24400000;1,24500000
28/01/2025;535;A;EGP;0,11720000;0,11750000;50,17000000;50,27000000
28/01/2025;540;B;GBP;7,32540000;7,32680000;1,24320000;1,24330000
28/01/2025;545;B;FKP;7,33010000;7,33680000;1,24400000;1,24500000
28/01/2025;560;A;LBP;0,00006580;0,00006580;89500,00000000;89600,00000000
28/01/2025;570;B;SHP;7,32900000;7,33560000;1,24380000;1,24480000
28/01/2025;575;A;SYP;0,00045290;0,00045330;13000,00000000;13010,00000000
28/01/2025;585;A;SZL;0,31450000;0,31450000;18,73490000;18,73780000
28/01/2025;603;A;LSL;0,31450000;0,31450000;18,73490000;18,73780000
28/01/2025;608;A;TMT;1,68130000;1,68630000;3,49470000;3,50470000
28/01/2025;622;A;MZN;0,09130000;0,09314000;63,27000000;64,54000000
28/01/2025;625;A;ERN;0,38890000;0,39290000;15,00000000;15,15000000
28/01/2025;630;A;NGN;0,00379800;0,00380300;1549,48000000;1551,48000000
28/01/2025;635;A;AOA;0,00633400;0,00646200;912,00000000;930,24000000
28/01/2025;640;A;TWD;0,17890000;0,17910000;32,90400000;32,93400000
28/01/2025;642;A;TRY;0,16480000;0,16480000;35,75330000;35,76050000
28/01/2025;660;A;PEN;1,57420000;1,57610000;3,73900000;3,74300000
28/01/2025;665;A;BTN;0,06805000;0,06815000;86,47700000;86,58600000
28/01/2025;670;A;MRO;0,01641000;0,01655000;356,00000000;359,00000000
28/01/2025;671;A;MRU;0,14820000;0,14870000;39,63000000;39,74900000
28/01/2025;680;B;TOP;2,38640000;2,53400000;0,40500000;0,43000000
28/01/2025;685;A;MOP;0,73330000;0,73440000;8,02400000;8,03600000
28/01/2025;706;A;ARS;0,00560900;0,00561200;1050,00000000;1050,50000000
28/01/2025;715;A;CLP;0,00593200;0,00593700;992,66000000;993,39000000
28/01/2025;720;A;COP;0,00139300;0,00139400;4226,09000000;4229,59000000
28/01/2025;721;B;COU;0,52270000;0,52270000;0,08870000;0,08870000
28/01/2025;725;A;CUP;0,24550000;0,24550000;24,00000000;24,00000000
28/01/2025;730;A;DOP;0,09538000;0,09598000;61,40000000;61,78000000
28/01/2025;735;A;PHP;0,10080000;0,10080000;58,46500000;58,48500000
28/01/2025;741;A;MXN;0,28660000;0,28680000;20,54640000;20,55690000
28/01/2025;745;A;UYU;0,13550000;0,13560000;43,46000000;43,49000000
28/01/2025;755;B;BWP;0,42250000;0,42610000;0,07170000;0,07230000
28/01/2025;760;A;MWK;0,00336700;0,00343200;1717,02000000;1750,32000000
28/01/2025;766;A;ZMW;0,21120000;0,21160000;27,85000000;27,90000000
28/01/2025;770;A;GTQ;0,76080000;0,76280000;7,72500000;7,74500000
28/01/2025;775;A;MMK;0,00279800;0,00281500;2093,70000000;2106,30000000
28/01/2025;778;B;PGK;1,42540000;1,46970000;0,24190000;0,24940000
28/01/2025;780;A;LAK;0,00026930;0,00027220;21649,00000000;21879,00000000
28/01/2025;785;A;ZAR;0,31440000;0,31450000;18,73600000;18,73930000
28/01/2025;795;A;CNY;0,81250000;0,81270000;7,25070000;7,25200000
28/01/2025;796;A;CNH;0,80950000;0,80960000;7,27870000;7,27910000
28/01/2025;800;A;QAR;1,61600000;1,61660000;3,64530000;3,64630000
28/01/2025;805;A;OMR;15,30100000;15,31050000;0,38490000;0,38510000
28/01/2025;810;A;YER;0,02366000;0,02371000;248,50000000;249,00000000
28/01/2025;815;A;IRR;0,00014030;0,00014030;42000,00000000;42005,00000000
28/01/2025;820;A;SAR;1,57090000;1,57120000;3,75070000;3,75090000
28/01/2025;825;A;KHR;0,00146200;0,00147000;4010,00000000;4030,00000000
28/01/2025;828;A;MYR;1,33980000;1,34300000;4,38800000;4,39800000
28/01/2025;830;A;RUB;0,05973000;0,05974000;98,64550000;98,65450000
28/01/2025;831;A;BYN;1,79700000;1,80430000;3,26610000;3,27910000
28/01/2025;835;A;TJS;0,53810000;0,54160000;10,88000000;10,95000000
28/01/2025;840;A;MUR;0,12660000;0,12750000;46,23000000;46,53000000
28/01/2025;845;A;NPR;0,04256000;0,04257000;138,44000000;138,45000000
28/01/2025;850;A;SCR;0,41080000;0,41090000;14,34210000;14,34250000
28/01/2025;855;A;LKR;0,01983000;0,01986000;296,80000000;297,10000000
28/01/2025;860;A;INR;0,06806000;0,06811000;86,51700000;86,57200000
28/01/2025;865;A;IDR;0,00036430;0,00036440;16170,00000000;16175,00000000
28/01/2025;870;A;MVR;0,38020000;0,38220000;15,42000000;15,50000000
28/01/2025;875;A;PKR;0,02112000;0,02114000;278,75000000;278,95000000
28/01/2025;880;A;ILS;1,62360000;1,62710000;3,62170000;3,62930000
28/01/2025;892;A;KGS;0,06734000;0,06739000;87,45000000;87,50430000
28/01/2025;893;A;UZS;0,00045400;0,00045440;12969,98000000;12979,98000000
28/01/2025;905;A;BDT;0,04830000;0,04870000;121,00000000;122,00000000
28/01/2025;912;B;WST;2,02930000;2,15920000;0,34440000;0,36640000
28/01/2025;913;A;KZT;0,01140000;0,01141000;516,35000000;516,89000000
28/01/2025;915;A;MNT;0,00170800;0,00171200;3443,00000000;3449,00000000
28/01/2025;920;A;VUV;0,04791000;0,05080000;116,00000000;123,00000000
28/01/2025;930;A;KRW;0,00406900;0,00407200;1447,26000000;1448,23000000
28/01/2025;946;A;TZS;0,00231800;0,00235400;2503,00000000;2542,00000000
28/01/2025;950;A;KES;0,04554000;0,04568000;129,00000000;129,40000000
28/01/2025;955;A;UGX;0,00159500;0,00159900;3685,00000000;3695,00000000
28/01/2025;960;A;SOS;0,01025000;0,01038000;568,00000000;575,00000000
28/01/2025;975;A;PLN;1,46170000;1,46210000;4,03060000;4,03120000
28/01/2025;978;B;EUR;6,14160000;6,14350000;1,04230000;1,04250000
28/01/2025;998;A;XAU;521,91320000;521,96630000;0,01129000;0,01129000

[2025-07-07T14:06:49.844+0000] {taskinstance.py:441} INFO - ::group::Post task execution logs
[2025-07-07T14:06:49.893+0000] {taskinstance.py:1206} INFO - Marking task as SUCCESS. dag_id=fin_cotacoes_bcb_classic, task_id=extract, run_id=scheduled__2025-01-28T00:00:00+00:00, execution_date=20250128T000000, start_date=20250707T140648, end_date=20250707T140649
[2025-07-07T14:06:49.941+0000] {local_task_job_runner.py:240} INFO - Task exited with return code 0
[2025-07-07T14:06:50.049+0000] {taskinstance.py:3503} INFO - 1 downstream tasks scheduled from follow-on schedule check
[2025-07-07T14:06:50.050+0000] {local_task_job_runner.py:222} INFO - ::endgroup::
[2025-07-07T14:20:09.809+0000] {local_task_job_runner.py:120} INFO - ::group::Pre task execution logs
[2025-07-07T14:20:09.849+0000] {taskinstance.py:2076} INFO - Dependencies all met for dep_context=non-requeueable deps ti=<TaskInstance: fin_cotacoes_bcb_classic.extract scheduled__2025-01-28T00:00:00+00:00 [queued]>
[2025-07-07T14:20:09.858+0000] {taskinstance.py:2076} INFO - Dependencies all met for dep_context=requeueable deps ti=<TaskInstance: fin_cotacoes_bcb_classic.extract scheduled__2025-01-28T00:00:00+00:00 [queued]>
[2025-07-07T14:20:09.859+0000] {taskinstance.py:2306} INFO - Starting attempt 1 of 2
[2025-07-07T14:20:09.876+0000] {taskinstance.py:2330} INFO - Executing <Task(PythonOperator): extract> on 2025-01-28 00:00:00+00:00
[2025-07-07T14:20:09.890+0000] {logging_mixin.py:188} WARNING - /home/***/.local/lib/python3.12/site-packages/***/task/task_runner/standard_task_runner.py:61 DeprecationWarning: This process (pid=69733) is multi-threaded, use of fork() may lead to deadlocks in the child.
[2025-07-07T14:20:09.891+0000] {standard_task_runner.py:63} INFO - Started process 69765 to run task
[2025-07-07T14:20:09.886+0000] {standard_task_runner.py:90} INFO - Running: ['***', 'tasks', 'run', 'fin_cotacoes_bcb_classic', 'extract', 'scheduled__2025-01-28T00:00:00+00:00', '--job-id', '1983', '--raw', '--subdir', 'DAGS_FOLDER/cotacoes.py', '--cfg-path', '/tmp/tmpibhdi8ar']
[2025-07-07T14:20:09.893+0000] {standard_task_runner.py:91} INFO - Job 1983: Subtask extract
[2025-07-07T14:20:09.969+0000] {task_command.py:426} INFO - Running <TaskInstance: fin_cotacoes_bcb_classic.extract scheduled__2025-01-28T00:00:00+00:00 [running]> on host bc96ca91d307
[2025-07-07T14:20:10.153+0000] {taskinstance.py:2648} INFO - Exporting env vars: AIRFLOW_CTX_DAG_OWNER='***' AIRFLOW_CTX_DAG_ID='fin_cotacoes_bcb_classic' AIRFLOW_CTX_TASK_ID='extract' AIRFLOW_CTX_EXECUTION_DATE='2025-01-28T00:00:00+00:00' AIRFLOW_CTX_TRY_NUMBER='1' AIRFLOW_CTX_DAG_RUN_ID='scheduled__2025-01-28T00:00:00+00:00'
[2025-07-07T14:20:10.156+0000] {taskinstance.py:430} INFO - ::endgroup::
[2025-07-07T14:20:10.157+0000] {cotacoes.py:35} INFO - Iniciando extração da URL: https://www4.bcb.gov.br/Download/fechamento/20250128.csv
[2025-07-07T14:20:10.381+0000] {cotacoes.py:41} INFO - Extração concluída com sucesso.
[2025-07-07T14:20:10.388+0000] {python.py:237} INFO - Done. Returned value was: 28/01/2025;005;A;AFN;0,07481000;0,07501000;78,56000000;78,76000000
28/01/2025;009;A;ETB;0,04518000;0,04698000;125,42480000;130,42480000
28/01/2025;015;A;THB;0,17350000;0,17370000;33,93000000;33,96000000
28/01/2025;020;A;PAB;5,89240000;5,89300000;1,00000000;1,00000000
28/01/2025;027;A;VES;0,10360000;0,10390000;56,71410000;56,85620000
28/01/2025;030;A;BOB;0,84060000;0,85900000;6,86000000;7,01000000
28/01/2025;035;A;GHS;0,38510000;0,38770000;15,20000000;15,30000000
28/01/2025;040;A;CRC;0,01155000;0,01169000;504,21000000;510,36000000
28/01/2025;045;A;SVC;0,67270000;0,67350000;8,74980000;8,75980000
28/01/2025;051;A;NIO;0,15930000;0,16100000;36,60000000;37,00000000
28/01/2025;055;A;DKK;0,82310000;0,82330000;7,15800000;7,15840000
28/01/2025;060;A;ISK;0,04205000;0,04215000;139,81000000;140,12000000
28/01/2025;065;A;NOK;0,52140000;0,52150000;11,29940000;11,30190000
28/01/2025;070;A;SEK;0,53510000;0,53520000;11,01030000;11,01200000
28/01/2025;075;A;CZK;0,24480000;0,24490000;24,06600000;24,07400000
28/01/2025;090;A;GMD;0,08072000;0,08185000;72,00000000;73,00000000
28/01/2025;095;A;DZD;0,04338000;0,04382000;134,47700000;135,82100000
28/01/2025;100;A;KWD;19,08780000;19,12690000;0,30810000;0,30870000
28/01/2025;105;A;BHD;15,62560000;15,63540000;0,37690000;0,37710000
28/01/2025;115;A;IQD;0,00449500;0,00450200;1309,00000000;1311,00000000
28/01/2025;125;A;JOD;8,29920000;8,30580000;0,70950000;0,71000000
28/01/2025;130;A;LYD;1,19810000;1,20370000;4,89590000;4,91820000
28/01/2025;132;A;MKD;0,09943000;0,10030000;58,76000000;59,26000000
28/01/2025;133;A;RSD;0,05244000;0,05248000;112,28000000;112,37000000
28/01/2025;134;A;SDG;0,00978500;0,00984100;598,85020000;602,19120000
28/01/2025;135;A;TND;1,84560000;1,84750000;3,18970000;3,19270000
28/01/2025;136;A;SSP;0,00143700;0,00147300;4000,00000000;4100,00000000
28/01/2025;138;B;SDR;7,69550000;7,69630000;1,30600000;1,30600000
28/01/2025;139;A;MAD;0,58850000;0,58880000;10,00810000;10,01310000
28/01/2025;145;A;AED;1,60420000;1,60460000;3,67260000;3,67320000
28/01/2025;149;A;STN;0,24570000;0,25080000;23,49890000;23,98310000
28/01/2025;150;B;AUD;3,67800000;3,68080000;0,62420000;0,62460000
28/01/2025;155;A;BSD;5,89240000;5,89300000;1,00000000;1,00000000
28/01/2025;160;A;BMD;5,89240000;5,89300000;1,00000000;1,00000000
28/01/2025;165;A;CAD;4,09390000;4,09460000;1,43920000;1,43930000
28/01/2025;170;A;GYD;0,02800000;0,02833000;207,98000000;210,45000000
28/01/2025;173;A;NAD;0,31450000;0,31450000;18,73490000;18,73780000
28/01/2025;175;A;BBD;2,88830000;2,94930000;1,99810000;2,04010000
28/01/2025;180;A;BZD;2,92110000;2,94620000;2,00020000;2,01720000
28/01/2025;185;A;BND;4,35670000;4,35970000;1,35170000;1,35250000
28/01/2025;190;A;KYD;7,05680000;7,12150000;0,82750000;0,83500000
28/01/2025;195;A;SGD;4,35670000;4,35970000;1,35170000;1,35250000
28/01/2025;197;B;CLF;227,72360000;227,74680000;38,64700000;38,64700000
28/01/2025;200;B;FJD;2,50310000;2,58350000;0,42480000;0,43840000
28/01/2025;205;A;HKD;0,75630000;0,75640000;7,79060000;7,79070000
28/01/2025;210;A;TTD;0,86320000;0,87190000;6,75850000;6,82600000
28/01/2025;215;A;XCD;2,16630000;2,19070000;2,69000000;2,72000000
28/01/2025;220;A;USD;5,89240000;5,89300000;1,00000000;1,00000000
28/01/2025;230;A;JMD;0,03724000;0,03765000;156,51000000;158,21000000
28/01/2025;235;A;LRD;0,02917000;0,03022000;195,00000000;202,00000000
28/01/2025;245;B;NZD;3,33270000;3,33540000;0,56560000;0,56600000
28/01/2025;250;B;SBD;0,65990000;0,73070000;0,11200000;0,12400000
28/01/2025;255;A;SRD;0,16620000;0,16950000;34,76000000;35,45000000
28/01/2025;260;A;VND;0,00023480;0,00023520;25060,00000000;25100,00000000
28/01/2025;275;A;AMD;0,01459000;0,01484000;397,10000000;404,00000000
28/01/2025;295;A;CVE;0,05520000;0,05572000;105,77000000;106,75000000
28/01/2025;325;A;ANG;3,23760000;3,30230000;1,78450000;1,82000000
28/01/2025;328;A;AWG;3,20240000;3,31070000;1,78000000;1,84000000
28/01/2025;345;A;HUF;0,01506000;0,01507000;390,93000000;391,33000000
28/01/2025;363;A;CDF;0,00205300;0,00207500;2840,00000000;2870,00000000
28/01/2025;365;A;BIF;0,00196400;0,00201900;2919,05000000;3000,00000000
28/01/2025;368;A;KMF;0,01244000;0,01250000;471,56000000;473,56000000
28/01/2025;370;A;XAF;0,00936900;0,00938000;628,24000000;628,94000000
28/01/2025;372;A;XOF;0,00932000;0,00942500;625,25000000;632,25000000
28/01/2025;380;A;XPF;0,05118000;0,05164000;114,12000000;115,13000000
28/01/2025;390;A;DJF;0,03300000;0,03318000;177,60000000;178,55000000
28/01/2025;398;A;GNF;0,00067850;0,00068480;8606,00000000;8685,00000000
28/01/2025;406;A;MGA;0,00124600;0,00125600;4691,09000000;4729,47000000
28/01/2025;420;A;RWF;0,00422200;0,00427500;1378,54000000;1395,54000000
28/01/2025;425;A;CHF;6,50300000;6,50800000;0,90550000;0,90610000
28/01/2025;440;A;HTG;0,04488000;0,04532000;130,04010000;131,30380000
28/01/2025;450;A;PYG;0,00074530;0,00074720;7886,89000000;7905,57000000
28/01/2025;460;A;UAH;0,14020000;0,14060000;41,90000000;42,04000000
28/01/2025;470;A;JPY;0,03783000;0,03785000;155,70000000;155,75000000
28/01/2025;482;A;GEL;2,02840000;2,07430000;2,84100000;2,90500000
28/01/2025;490;A;ALL;0,06180000;0,06218000;94,78000000;95,34000000
28/01/2025;495;A;HNL;0,23110000;0,23170000;25,43850000;25,50000000
28/01/2025;500;A;SLL;0,00025720;0,00025980;22683,00000000;22908,00000000
28/01/2025;503;A;MDL;0,31830000;0,32010000;18,41000000;18,51000000
28/01/2025;506;A;RON;1,23390000;1,23550000;4,76970000;4,77560000
28/01/2025;510;A;BGN;3,13990000;3,14130000;1,87600000;1,87660000
28/01/2025;530;B;GIP;7,33010000;7,33680000;1,24400000;1,24500000
28/01/2025;535;A;EGP;0,11720000;0,11750000;50,17000000;50,27000000
28/01/2025;540;B;GBP;7,32540000;7,32680000;1,24320000;1,24330000
28/01/2025;545;B;FKP;7,33010000;7,33680000;1,24400000;1,24500000
28/01/2025;560;A;LBP;0,00006580;0,00006580;89500,00000000;89600,00000000
28/01/2025;570;B;SHP;7,32900000;7,33560000;1,24380000;1,24480000
28/01/2025;575;A;SYP;0,00045290;0,00045330;13000,00000000;13010,00000000
28/01/2025;585;A;SZL;0,31450000;0,31450000;18,73490000;18,73780000
28/01/2025;603;A;LSL;0,31450000;0,31450000;18,73490000;18,73780000
28/01/2025;608;A;TMT;1,68130000;1,68630000;3,49470000;3,50470000
28/01/2025;622;A;MZN;0,09130000;0,09314000;63,27000000;64,54000000
28/01/2025;625;A;ERN;0,38890000;0,39290000;15,00000000;15,15000000
28/01/2025;630;A;NGN;0,00379800;0,00380300;1549,48000000;1551,48000000
28/01/2025;635;A;AOA;0,00633400;0,00646200;912,00000000;930,24000000
28/01/2025;640;A;TWD;0,17890000;0,17910000;32,90400000;32,93400000
28/01/2025;642;A;TRY;0,16480000;0,16480000;35,75330000;35,76050000
28/01/2025;660;A;PEN;1,57420000;1,57610000;3,73900000;3,74300000
28/01/2025;665;A;BTN;0,06805000;0,06815000;86,47700000;86,58600000
28/01/2025;670;A;MRO;0,01641000;0,01655000;356,00000000;359,00000000
28/01/2025;671;A;MRU;0,14820000;0,14870000;39,63000000;39,74900000
28/01/2025;680;B;TOP;2,38640000;2,53400000;0,40500000;0,43000000
28/01/2025;685;A;MOP;0,73330000;0,73440000;8,02400000;8,03600000
28/01/2025;706;A;ARS;0,00560900;0,00561200;1050,00000000;1050,50000000
28/01/2025;715;A;CLP;0,00593200;0,00593700;992,66000000;993,39000000
28/01/2025;720;A;COP;0,00139300;0,00139400;4226,09000000;4229,59000000
28/01/2025;721;B;COU;0,52270000;0,52270000;0,08870000;0,08870000
28/01/2025;725;A;CUP;0,24550000;0,24550000;24,00000000;24,00000000
28/01/2025;730;A;DOP;0,09538000;0,09598000;61,40000000;61,78000000
28/01/2025;735;A;PHP;0,10080000;0,10080000;58,46500000;58,48500000
28/01/2025;741;A;MXN;0,28660000;0,28680000;20,54640000;20,55690000
28/01/2025;745;A;UYU;0,13550000;0,13560000;43,46000000;43,49000000
28/01/2025;755;B;BWP;0,42250000;0,42610000;0,07170000;0,07230000
28/01/2025;760;A;MWK;0,00336700;0,00343200;1717,02000000;1750,32000000
28/01/2025;766;A;ZMW;0,21120000;0,21160000;27,85000000;27,90000000
28/01/2025;770;A;GTQ;0,76080000;0,76280000;7,72500000;7,74500000
28/01/2025;775;A;MMK;0,00279800;0,00281500;2093,70000000;2106,30000000
28/01/2025;778;B;PGK;1,42540000;1,46970000;0,24190000;0,24940000
28/01/2025;780;A;LAK;0,00026930;0,00027220;21649,00000000;21879,00000000
28/01/2025;785;A;ZAR;0,31440000;0,31450000;18,73600000;18,73930000
28/01/2025;795;A;CNY;0,81250000;0,81270000;7,25070000;7,25200000
28/01/2025;796;A;CNH;0,80950000;0,80960000;7,27870000;7,27910000
28/01/2025;800;A;QAR;1,61600000;1,61660000;3,64530000;3,64630000
28/01/2025;805;A;OMR;15,30100000;15,31050000;0,38490000;0,38510000
28/01/2025;810;A;YER;0,02366000;0,02371000;248,50000000;249,00000000
28/01/2025;815;A;IRR;0,00014030;0,00014030;42000,00000000;42005,00000000
28/01/2025;820;A;SAR;1,57090000;1,57120000;3,75070000;3,75090000
28/01/2025;825;A;KHR;0,00146200;0,00147000;4010,00000000;4030,00000000
28/01/2025;828;A;MYR;1,33980000;1,34300000;4,38800000;4,39800000
28/01/2025;830;A;RUB;0,05973000;0,05974000;98,64550000;98,65450000
28/01/2025;831;A;BYN;1,79700000;1,80430000;3,26610000;3,27910000
28/01/2025;835;A;TJS;0,53810000;0,54160000;10,88000000;10,95000000
28/01/2025;840;A;MUR;0,12660000;0,12750000;46,23000000;46,53000000
28/01/2025;845;A;NPR;0,04256000;0,04257000;138,44000000;138,45000000
28/01/2025;850;A;SCR;0,41080000;0,41090000;14,34210000;14,34250000
28/01/2025;855;A;LKR;0,01983000;0,01986000;296,80000000;297,10000000
28/01/2025;860;A;INR;0,06806000;0,06811000;86,51700000;86,57200000
28/01/2025;865;A;IDR;0,00036430;0,00036440;16170,00000000;16175,00000000
28/01/2025;870;A;MVR;0,38020000;0,38220000;15,42000000;15,50000000
28/01/2025;875;A;PKR;0,02112000;0,02114000;278,75000000;278,95000000
28/01/2025;880;A;ILS;1,62360000;1,62710000;3,62170000;3,62930000
28/01/2025;892;A;KGS;0,06734000;0,06739000;87,45000000;87,50430000
28/01/2025;893;A;UZS;0,00045400;0,00045440;12969,98000000;12979,98000000
28/01/2025;905;A;BDT;0,04830000;0,04870000;121,00000000;122,00000000
28/01/2025;912;B;WST;2,02930000;2,15920000;0,34440000;0,36640000
28/01/2025;913;A;KZT;0,01140000;0,01141000;516,35000000;516,89000000
28/01/2025;915;A;MNT;0,00170800;0,00171200;3443,00000000;3449,00000000
28/01/2025;920;A;VUV;0,04791000;0,05080000;116,00000000;123,00000000
28/01/2025;930;A;KRW;0,00406900;0,00407200;1447,26000000;1448,23000000
28/01/2025;946;A;TZS;0,00231800;0,00235400;2503,00000000;2542,00000000
28/01/2025;950;A;KES;0,04554000;0,04568000;129,00000000;129,40000000
28/01/2025;955;A;UGX;0,00159500;0,00159900;3685,00000000;3695,00000000
28/01/2025;960;A;SOS;0,01025000;0,01038000;568,00000000;575,00000000
28/01/2025;975;A;PLN;1,46170000;1,46210000;4,03060000;4,03120000
28/01/2025;978;B;EUR;6,14160000;6,14350000;1,04230000;1,04250000
28/01/2025;998;A;XAU;521,91320000;521,96630000;0,01129000;0,01129000

[2025-07-07T14:20:10.389+0000] {taskinstance.py:441} INFO - ::group::Post task execution logs
[2025-07-07T14:20:10.442+0000] {taskinstance.py:1206} INFO - Marking task as SUCCESS. dag_id=fin_cotacoes_bcb_classic, task_id=extract, run_id=scheduled__2025-01-28T00:00:00+00:00, execution_date=20250128T000000, start_date=20250707T142009, end_date=20250707T142010
[2025-07-07T14:20:10.478+0000] {local_task_job_runner.py:240} INFO - Task exited with return code 0
[2025-07-07T14:20:10.495+0000] {local_task_job_runner.py:222} INFO - ::endgroup::
[2025-07-07T14:33:04.365+0000] {local_task_job_runner.py:120} INFO - ::group::Pre task execution logs
[2025-07-07T14:33:04.438+0000] {taskinstance.py:2076} INFO - Dependencies all met for dep_context=non-requeueable deps ti=<TaskInstance: fin_cotacoes_bcb_classic.extract scheduled__2025-01-28T00:00:00+00:00 [queued]>
[2025-07-07T14:33:04.451+0000] {taskinstance.py:2076} INFO - Dependencies all met for dep_context=requeueable deps ti=<TaskInstance: fin_cotacoes_bcb_classic.extract scheduled__2025-01-28T00:00:00+00:00 [queued]>
[2025-07-07T14:33:04.452+0000] {taskinstance.py:2306} INFO - Starting attempt 1 of 2
[2025-07-07T14:33:04.485+0000] {taskinstance.py:2330} INFO - Executing <Task(PythonOperator): extract> on 2025-01-28 00:00:00+00:00
[2025-07-07T14:33:04.518+0000] {standard_task_runner.py:90} INFO - Running: ['***', 'tasks', 'run', 'fin_cotacoes_bcb_classic', 'extract', 'scheduled__2025-01-28T00:00:00+00:00', '--job-id', '2257', '--raw', '--subdir', 'DAGS_FOLDER/cotacoes.py', '--cfg-path', '/tmp/tmpn95t2nyi']
[2025-07-07T14:33:04.519+0000] {standard_task_runner.py:91} INFO - Job 2257: Subtask extract
[2025-07-07T14:33:04.521+0000] {logging_mixin.py:188} WARNING - /home/***/.local/lib/python3.12/site-packages/***/task/task_runner/standard_task_runner.py:61 DeprecationWarning: This process (pid=77322) is multi-threaded, use of fork() may lead to deadlocks in the child.
[2025-07-07T14:33:04.521+0000] {standard_task_runner.py:63} INFO - Started process 77407 to run task
[2025-07-07T14:33:04.628+0000] {task_command.py:426} INFO - Running <TaskInstance: fin_cotacoes_bcb_classic.extract scheduled__2025-01-28T00:00:00+00:00 [running]> on host bc96ca91d307
[2025-07-07T14:33:04.797+0000] {taskinstance.py:2648} INFO - Exporting env vars: AIRFLOW_CTX_DAG_OWNER='***' AIRFLOW_CTX_DAG_ID='fin_cotacoes_bcb_classic' AIRFLOW_CTX_TASK_ID='extract' AIRFLOW_CTX_EXECUTION_DATE='2025-01-28T00:00:00+00:00' AIRFLOW_CTX_TRY_NUMBER='1' AIRFLOW_CTX_DAG_RUN_ID='scheduled__2025-01-28T00:00:00+00:00'
[2025-07-07T14:33:04.799+0000] {taskinstance.py:430} INFO - ::endgroup::
[2025-07-07T14:33:04.800+0000] {cotacoes.py:35} INFO - Iniciando extração da URL: https://www4.bcb.gov.br/Download/fechamento/20250128.csv
[2025-07-07T14:33:05.076+0000] {cotacoes.py:41} INFO - Extração concluída com sucesso.
[2025-07-07T14:33:05.081+0000] {python.py:237} INFO - Done. Returned value was: 28/01/2025;005;A;AFN;0,07481000;0,07501000;78,56000000;78,76000000
28/01/2025;009;A;ETB;0,04518000;0,04698000;125,42480000;130,42480000
28/01/2025;015;A;THB;0,17350000;0,17370000;33,93000000;33,96000000
28/01/2025;020;A;PAB;5,89240000;5,89300000;1,00000000;1,00000000
28/01/2025;027;A;VES;0,10360000;0,10390000;56,71410000;56,85620000
28/01/2025;030;A;BOB;0,84060000;0,85900000;6,86000000;7,01000000
28/01/2025;035;A;GHS;0,38510000;0,38770000;15,20000000;15,30000000
28/01/2025;040;A;CRC;0,01155000;0,01169000;504,21000000;510,36000000
28/01/2025;045;A;SVC;0,67270000;0,67350000;8,74980000;8,75980000
28/01/2025;051;A;NIO;0,15930000;0,16100000;36,60000000;37,00000000
28/01/2025;055;A;DKK;0,82310000;0,82330000;7,15800000;7,15840000
28/01/2025;060;A;ISK;0,04205000;0,04215000;139,81000000;140,12000000
28/01/2025;065;A;NOK;0,52140000;0,52150000;11,29940000;11,30190000
28/01/2025;070;A;SEK;0,53510000;0,53520000;11,01030000;11,01200000
28/01/2025;075;A;CZK;0,24480000;0,24490000;24,06600000;24,07400000
28/01/2025;090;A;GMD;0,08072000;0,08185000;72,00000000;73,00000000
28/01/2025;095;A;DZD;0,04338000;0,04382000;134,47700000;135,82100000
28/01/2025;100;A;KWD;19,08780000;19,12690000;0,30810000;0,30870000
28/01/2025;105;A;BHD;15,62560000;15,63540000;0,37690000;0,37710000
28/01/2025;115;A;IQD;0,00449500;0,00450200;1309,00000000;1311,00000000
28/01/2025;125;A;JOD;8,29920000;8,30580000;0,70950000;0,71000000
28/01/2025;130;A;LYD;1,19810000;1,20370000;4,89590000;4,91820000
28/01/2025;132;A;MKD;0,09943000;0,10030000;58,76000000;59,26000000
28/01/2025;133;A;RSD;0,05244000;0,05248000;112,28000000;112,37000000
28/01/2025;134;A;SDG;0,00978500;0,00984100;598,85020000;602,19120000
28/01/2025;135;A;TND;1,84560000;1,84750000;3,18970000;3,19270000
28/01/2025;136;A;SSP;0,00143700;0,00147300;4000,00000000;4100,00000000
28/01/2025;138;B;SDR;7,69550000;7,69630000;1,30600000;1,30600000
28/01/2025;139;A;MAD;0,58850000;0,58880000;10,00810000;10,01310000
28/01/2025;145;A;AED;1,60420000;1,60460000;3,67260000;3,67320000
28/01/2025;149;A;STN;0,24570000;0,25080000;23,49890000;23,98310000
28/01/2025;150;B;AUD;3,67800000;3,68080000;0,62420000;0,62460000
28/01/2025;155;A;BSD;5,89240000;5,89300000;1,00000000;1,00000000
28/01/2025;160;A;BMD;5,89240000;5,89300000;1,00000000;1,00000000
28/01/2025;165;A;CAD;4,09390000;4,09460000;1,43920000;1,43930000
28/01/2025;170;A;GYD;0,02800000;0,02833000;207,98000000;210,45000000
28/01/2025;173;A;NAD;0,31450000;0,31450000;18,73490000;18,73780000
28/01/2025;175;A;BBD;2,88830000;2,94930000;1,99810000;2,04010000
28/01/2025;180;A;BZD;2,92110000;2,94620000;2,00020000;2,01720000
28/01/2025;185;A;BND;4,35670000;4,35970000;1,35170000;1,35250000
28/01/2025;190;A;KYD;7,05680000;7,12150000;0,82750000;0,83500000
28/01/2025;195;A;SGD;4,35670000;4,35970000;1,35170000;1,35250000
28/01/2025;197;B;CLF;227,72360000;227,74680000;38,64700000;38,64700000
28/01/2025;200;B;FJD;2,50310000;2,58350000;0,42480000;0,43840000
28/01/2025;205;A;HKD;0,75630000;0,75640000;7,79060000;7,79070000
28/01/2025;210;A;TTD;0,86320000;0,87190000;6,75850000;6,82600000
28/01/2025;215;A;XCD;2,16630000;2,19070000;2,69000000;2,72000000
28/01/2025;220;A;USD;5,89240000;5,89300000;1,00000000;1,00000000
28/01/2025;230;A;JMD;0,03724000;0,03765000;156,51000000;158,21000000
28/01/2025;235;A;LRD;0,02917000;0,03022000;195,00000000;202,00000000
28/01/2025;245;B;NZD;3,33270000;3,33540000;0,56560000;0,56600000
28/01/2025;250;B;SBD;0,65990000;0,73070000;0,11200000;0,12400000
28/01/2025;255;A;SRD;0,16620000;0,16950000;34,76000000;35,45000000
28/01/2025;260;A;VND;0,00023480;0,00023520;25060,00000000;25100,00000000
28/01/2025;275;A;AMD;0,01459000;0,01484000;397,10000000;404,00000000
28/01/2025;295;A;CVE;0,05520000;0,05572000;105,77000000;106,75000000
28/01/2025;325;A;ANG;3,23760000;3,30230000;1,78450000;1,82000000
28/01/2025;328;A;AWG;3,20240000;3,31070000;1,78000000;1,84000000
28/01/2025;345;A;HUF;0,01506000;0,01507000;390,93000000;391,33000000
28/01/2025;363;A;CDF;0,00205300;0,00207500;2840,00000000;2870,00000000
28/01/2025;365;A;BIF;0,00196400;0,00201900;2919,05000000;3000,00000000
28/01/2025;368;A;KMF;0,01244000;0,01250000;471,56000000;473,56000000
28/01/2025;370;A;XAF;0,00936900;0,00938000;628,24000000;628,94000000
28/01/2025;372;A;XOF;0,00932000;0,00942500;625,25000000;632,25000000
28/01/2025;380;A;XPF;0,05118000;0,05164000;114,12000000;115,13000000
28/01/2025;390;A;DJF;0,03300000;0,03318000;177,60000000;178,55000000
28/01/2025;398;A;GNF;0,00067850;0,00068480;8606,00000000;8685,00000000
28/01/2025;406;A;MGA;0,00124600;0,00125600;4691,09000000;4729,47000000
28/01/2025;420;A;RWF;0,00422200;0,00427500;1378,54000000;1395,54000000
28/01/2025;425;A;CHF;6,50300000;6,50800000;0,90550000;0,90610000
28/01/2025;440;A;HTG;0,04488000;0,04532000;130,04010000;131,30380000
28/01/2025;450;A;PYG;0,00074530;0,00074720;7886,89000000;7905,57000000
28/01/2025;460;A;UAH;0,14020000;0,14060000;41,90000000;42,04000000
28/01/2025;470;A;JPY;0,03783000;0,03785000;155,70000000;155,75000000
28/01/2025;482;A;GEL;2,02840000;2,07430000;2,84100000;2,90500000
28/01/2025;490;A;ALL;0,06180000;0,06218000;94,78000000;95,34000000
28/01/2025;495;A;HNL;0,23110000;0,23170000;25,43850000;25,50000000
28/01/2025;500;A;SLL;0,00025720;0,00025980;22683,00000000;22908,00000000
28/01/2025;503;A;MDL;0,31830000;0,32010000;18,41000000;18,51000000
28/01/2025;506;A;RON;1,23390000;1,23550000;4,76970000;4,77560000
28/01/2025;510;A;BGN;3,13990000;3,14130000;1,87600000;1,87660000
28/01/2025;530;B;GIP;7,33010000;7,33680000;1,24400000;1,24500000
28/01/2025;535;A;EGP;0,11720000;0,11750000;50,17000000;50,27000000
28/01/2025;540;B;GBP;7,32540000;7,32680000;1,24320000;1,24330000
28/01/2025;545;B;FKP;7,33010000;7,33680000;1,24400000;1,24500000
28/01/2025;560;A;LBP;0,00006580;0,00006580;89500,00000000;89600,00000000
28/01/2025;570;B;SHP;7,32900000;7,33560000;1,24380000;1,24480000
28/01/2025;575;A;SYP;0,00045290;0,00045330;13000,00000000;13010,00000000
28/01/2025;585;A;SZL;0,31450000;0,31450000;18,73490000;18,73780000
28/01/2025;603;A;LSL;0,31450000;0,31450000;18,73490000;18,73780000
28/01/2025;608;A;TMT;1,68130000;1,68630000;3,49470000;3,50470000
28/01/2025;622;A;MZN;0,09130000;0,09314000;63,27000000;64,54000000
28/01/2025;625;A;ERN;0,38890000;0,39290000;15,00000000;15,15000000
28/01/2025;630;A;NGN;0,00379800;0,00380300;1549,48000000;1551,48000000
28/01/2025;635;A;AOA;0,00633400;0,00646200;912,00000000;930,24000000
28/01/2025;640;A;TWD;0,17890000;0,17910000;32,90400000;32,93400000
28/01/2025;642;A;TRY;0,16480000;0,16480000;35,75330000;35,76050000
28/01/2025;660;A;PEN;1,57420000;1,57610000;3,73900000;3,74300000
28/01/2025;665;A;BTN;0,06805000;0,06815000;86,47700000;86,58600000
28/01/2025;670;A;MRO;0,01641000;0,01655000;356,00000000;359,00000000
28/01/2025;671;A;MRU;0,14820000;0,14870000;39,63000000;39,74900000
28/01/2025;680;B;TOP;2,38640000;2,53400000;0,40500000;0,43000000
28/01/2025;685;A;MOP;0,73330000;0,73440000;8,02400000;8,03600000
28/01/2025;706;A;ARS;0,00560900;0,00561200;1050,00000000;1050,50000000
28/01/2025;715;A;CLP;0,00593200;0,00593700;992,66000000;993,39000000
28/01/2025;720;A;COP;0,00139300;0,00139400;4226,09000000;4229,59000000
28/01/2025;721;B;COU;0,52270000;0,52270000;0,08870000;0,08870000
28/01/2025;725;A;CUP;0,24550000;0,24550000;24,00000000;24,00000000
28/01/2025;730;A;DOP;0,09538000;0,09598000;61,40000000;61,78000000
28/01/2025;735;A;PHP;0,10080000;0,10080000;58,46500000;58,48500000
28/01/2025;741;A;MXN;0,28660000;0,28680000;20,54640000;20,55690000
28/01/2025;745;A;UYU;0,13550000;0,13560000;43,46000000;43,49000000
28/01/2025;755;B;BWP;0,42250000;0,42610000;0,07170000;0,07230000
28/01/2025;760;A;MWK;0,00336700;0,00343200;1717,02000000;1750,32000000
28/01/2025;766;A;ZMW;0,21120000;0,21160000;27,85000000;27,90000000
28/01/2025;770;A;GTQ;0,76080000;0,76280000;7,72500000;7,74500000
28/01/2025;775;A;MMK;0,00279800;0,00281500;2093,70000000;2106,30000000
28/01/2025;778;B;PGK;1,42540000;1,46970000;0,24190000;0,24940000
28/01/2025;780;A;LAK;0,00026930;0,00027220;21649,00000000;21879,00000000
28/01/2025;785;A;ZAR;0,31440000;0,31450000;18,73600000;18,73930000
28/01/2025;795;A;CNY;0,81250000;0,81270000;7,25070000;7,25200000
28/01/2025;796;A;CNH;0,80950000;0,80960000;7,27870000;7,27910000
28/01/2025;800;A;QAR;1,61600000;1,61660000;3,64530000;3,64630000
28/01/2025;805;A;OMR;15,30100000;15,31050000;0,38490000;0,38510000
28/01/2025;810;A;YER;0,02366000;0,02371000;248,50000000;249,00000000
28/01/2025;815;A;IRR;0,00014030;0,00014030;42000,00000000;42005,00000000
28/01/2025;820;A;SAR;1,57090000;1,57120000;3,75070000;3,75090000
28/01/2025;825;A;KHR;0,00146200;0,00147000;4010,00000000;4030,00000000
28/01/2025;828;A;MYR;1,33980000;1,34300000;4,38800000;4,39800000
28/01/2025;830;A;RUB;0,05973000;0,05974000;98,64550000;98,65450000
28/01/2025;831;A;BYN;1,79700000;1,80430000;3,26610000;3,27910000
28/01/2025;835;A;TJS;0,53810000;0,54160000;10,88000000;10,95000000
28/01/2025;840;A;MUR;0,12660000;0,12750000;46,23000000;46,53000000
28/01/2025;845;A;NPR;0,04256000;0,04257000;138,44000000;138,45000000
28/01/2025;850;A;SCR;0,41080000;0,41090000;14,34210000;14,34250000
28/01/2025;855;A;LKR;0,01983000;0,01986000;296,80000000;297,10000000
28/01/2025;860;A;INR;0,06806000;0,06811000;86,51700000;86,57200000
28/01/2025;865;A;IDR;0,00036430;0,00036440;16170,00000000;16175,00000000
28/01/2025;870;A;MVR;0,38020000;0,38220000;15,42000000;15,50000000
28/01/2025;875;A;PKR;0,02112000;0,02114000;278,75000000;278,95000000
28/01/2025;880;A;ILS;1,62360000;1,62710000;3,62170000;3,62930000
28/01/2025;892;A;KGS;0,06734000;0,06739000;87,45000000;87,50430000
28/01/2025;893;A;UZS;0,00045400;0,00045440;12969,98000000;12979,98000000
28/01/2025;905;A;BDT;0,04830000;0,04870000;121,00000000;122,00000000
28/01/2025;912;B;WST;2,02930000;2,15920000;0,34440000;0,36640000
28/01/2025;913;A;KZT;0,01140000;0,01141000;516,35000000;516,89000000
28/01/2025;915;A;MNT;0,00170800;0,00171200;3443,00000000;3449,00000000
28/01/2025;920;A;VUV;0,04791000;0,05080000;116,00000000;123,00000000
28/01/2025;930;A;KRW;0,00406900;0,00407200;1447,26000000;1448,23000000
28/01/2025;946;A;TZS;0,00231800;0,00235400;2503,00000000;2542,00000000
28/01/2025;950;A;KES;0,04554000;0,04568000;129,00000000;129,40000000
28/01/2025;955;A;UGX;0,00159500;0,00159900;3685,00000000;3695,00000000
28/01/2025;960;A;SOS;0,01025000;0,01038000;568,00000000;575,00000000
28/01/2025;975;A;PLN;1,46170000;1,46210000;4,03060000;4,03120000
28/01/2025;978;B;EUR;6,14160000;6,14350000;1,04230000;1,04250000
28/01/2025;998;A;XAU;521,91320000;521,96630000;0,01129000;0,01129000

[2025-07-07T14:33:05.082+0000] {taskinstance.py:441} INFO - ::group::Post task execution logs
[2025-07-07T14:33:05.135+0000] {taskinstance.py:1206} INFO - Marking task as SUCCESS. dag_id=fin_cotacoes_bcb_classic, task_id=extract, run_id=scheduled__2025-01-28T00:00:00+00:00, execution_date=20250128T000000, start_date=20250707T143304, end_date=20250707T143305
[2025-07-07T14:33:05.195+0000] {local_task_job_runner.py:240} INFO - Task exited with return code 0
[2025-07-07T14:33:05.324+0000] {taskinstance.py:3503} INFO - 1 downstream tasks scheduled from follow-on schedule check
[2025-07-07T14:33:05.331+0000] {local_task_job_runner.py:222} INFO - ::endgroup::
[2025-07-07T15:10:35.110+0000] {local_task_job_runner.py:120} INFO - ::group::Pre task execution logs
[2025-07-07T15:10:35.224+0000] {taskinstance.py:2076} INFO - Dependencies all met for dep_context=non-requeueable deps ti=<TaskInstance: fin_cotacoes_bcb_classic.extract scheduled__2025-01-28T00:00:00+00:00 [queued]>
[2025-07-07T15:10:35.241+0000] {taskinstance.py:2076} INFO - Dependencies all met for dep_context=requeueable deps ti=<TaskInstance: fin_cotacoes_bcb_classic.extract scheduled__2025-01-28T00:00:00+00:00 [queued]>
[2025-07-07T15:10:35.242+0000] {taskinstance.py:2306} INFO - Starting attempt 1 of 2
[2025-07-07T15:10:35.303+0000] {taskinstance.py:2330} INFO - Executing <Task(PythonOperator): extract> on 2025-01-28 00:00:00+00:00
[2025-07-07T15:10:35.338+0000] {standard_task_runner.py:90} INFO - Running: ['***', 'tasks', 'run', 'fin_cotacoes_bcb_classic', 'extract', 'scheduled__2025-01-28T00:00:00+00:00', '--job-id', '3942', '--raw', '--subdir', 'DAGS_FOLDER/cotacoes.py', '--cfg-path', '/tmp/tmp72lnao0_']
[2025-07-07T15:10:35.340+0000] {standard_task_runner.py:91} INFO - Job 3942: Subtask extract
[2025-07-07T15:10:35.344+0000] {logging_mixin.py:188} WARNING - /home/***/.local/lib/python3.12/site-packages/***/task/task_runner/standard_task_runner.py:61 DeprecationWarning: This process (pid=102126) is multi-threaded, use of fork() may lead to deadlocks in the child.
[2025-07-07T15:10:35.345+0000] {standard_task_runner.py:63} INFO - Started process 102181 to run task
[2025-07-07T15:10:35.518+0000] {task_command.py:426} INFO - Running <TaskInstance: fin_cotacoes_bcb_classic.extract scheduled__2025-01-28T00:00:00+00:00 [running]> on host bc96ca91d307
[2025-07-07T15:10:35.778+0000] {taskinstance.py:2648} INFO - Exporting env vars: AIRFLOW_CTX_DAG_OWNER='***' AIRFLOW_CTX_DAG_ID='fin_cotacoes_bcb_classic' AIRFLOW_CTX_TASK_ID='extract' AIRFLOW_CTX_EXECUTION_DATE='2025-01-28T00:00:00+00:00' AIRFLOW_CTX_TRY_NUMBER='1' AIRFLOW_CTX_DAG_RUN_ID='scheduled__2025-01-28T00:00:00+00:00'
[2025-07-07T15:10:35.781+0000] {taskinstance.py:430} INFO - ::endgroup::
[2025-07-07T15:10:35.786+0000] {cotacoes.py:35} INFO - Iniciando extração da URL: https://www4.bcb.gov.br/Download/fechamento/20250128.csv
[2025-07-07T15:10:36.074+0000] {cotacoes.py:41} INFO - Extração concluída com sucesso.
[2025-07-07T15:10:36.096+0000] {python.py:237} INFO - Done. Returned value was: 28/01/2025;005;A;AFN;0,07481000;0,07501000;78,56000000;78,76000000
28/01/2025;009;A;ETB;0,04518000;0,04698000;125,42480000;130,42480000
28/01/2025;015;A;THB;0,17350000;0,17370000;33,93000000;33,96000000
28/01/2025;020;A;PAB;5,89240000;5,89300000;1,00000000;1,00000000
28/01/2025;027;A;VES;0,10360000;0,10390000;56,71410000;56,85620000
28/01/2025;030;A;BOB;0,84060000;0,85900000;6,86000000;7,01000000
28/01/2025;035;A;GHS;0,38510000;0,38770000;15,20000000;15,30000000
28/01/2025;040;A;CRC;0,01155000;0,01169000;504,21000000;510,36000000
28/01/2025;045;A;SVC;0,67270000;0,67350000;8,74980000;8,75980000
28/01/2025;051;A;NIO;0,15930000;0,16100000;36,60000000;37,00000000
28/01/2025;055;A;DKK;0,82310000;0,82330000;7,15800000;7,15840000
28/01/2025;060;A;ISK;0,04205000;0,04215000;139,81000000;140,12000000
28/01/2025;065;A;NOK;0,52140000;0,52150000;11,29940000;11,30190000
28/01/2025;070;A;SEK;0,53510000;0,53520000;11,01030000;11,01200000
28/01/2025;075;A;CZK;0,24480000;0,24490000;24,06600000;24,07400000
28/01/2025;090;A;GMD;0,08072000;0,08185000;72,00000000;73,00000000
28/01/2025;095;A;DZD;0,04338000;0,04382000;134,47700000;135,82100000
28/01/2025;100;A;KWD;19,08780000;19,12690000;0,30810000;0,30870000
28/01/2025;105;A;BHD;15,62560000;15,63540000;0,37690000;0,37710000
28/01/2025;115;A;IQD;0,00449500;0,00450200;1309,00000000;1311,00000000
28/01/2025;125;A;JOD;8,29920000;8,30580000;0,70950000;0,71000000
28/01/2025;130;A;LYD;1,19810000;1,20370000;4,89590000;4,91820000
28/01/2025;132;A;MKD;0,09943000;0,10030000;58,76000000;59,26000000
28/01/2025;133;A;RSD;0,05244000;0,05248000;112,28000000;112,37000000
28/01/2025;134;A;SDG;0,00978500;0,00984100;598,85020000;602,19120000
28/01/2025;135;A;TND;1,84560000;1,84750000;3,18970000;3,19270000
28/01/2025;136;A;SSP;0,00143700;0,00147300;4000,00000000;4100,00000000
28/01/2025;138;B;SDR;7,69550000;7,69630000;1,30600000;1,30600000
28/01/2025;139;A;MAD;0,58850000;0,58880000;10,00810000;10,01310000
28/01/2025;145;A;AED;1,60420000;1,60460000;3,67260000;3,67320000
28/01/2025;149;A;STN;0,24570000;0,25080000;23,49890000;23,98310000
28/01/2025;150;B;AUD;3,67800000;3,68080000;0,62420000;0,62460000
28/01/2025;155;A;BSD;5,89240000;5,89300000;1,00000000;1,00000000
28/01/2025;160;A;BMD;5,89240000;5,89300000;1,00000000;1,00000000
28/01/2025;165;A;CAD;4,09390000;4,09460000;1,43920000;1,43930000
28/01/2025;170;A;GYD;0,02800000;0,02833000;207,98000000;210,45000000
28/01/2025;173;A;NAD;0,31450000;0,31450000;18,73490000;18,73780000
28/01/2025;175;A;BBD;2,88830000;2,94930000;1,99810000;2,04010000
28/01/2025;180;A;BZD;2,92110000;2,94620000;2,00020000;2,01720000
28/01/2025;185;A;BND;4,35670000;4,35970000;1,35170000;1,35250000
28/01/2025;190;A;KYD;7,05680000;7,12150000;0,82750000;0,83500000
28/01/2025;195;A;SGD;4,35670000;4,35970000;1,35170000;1,35250000
28/01/2025;197;B;CLF;227,72360000;227,74680000;38,64700000;38,64700000
28/01/2025;200;B;FJD;2,50310000;2,58350000;0,42480000;0,43840000
28/01/2025;205;A;HKD;0,75630000;0,75640000;7,79060000;7,79070000
28/01/2025;210;A;TTD;0,86320000;0,87190000;6,75850000;6,82600000
28/01/2025;215;A;XCD;2,16630000;2,19070000;2,69000000;2,72000000
28/01/2025;220;A;USD;5,89240000;5,89300000;1,00000000;1,00000000
28/01/2025;230;A;JMD;0,03724000;0,03765000;156,51000000;158,21000000
28/01/2025;235;A;LRD;0,02917000;0,03022000;195,00000000;202,00000000
28/01/2025;245;B;NZD;3,33270000;3,33540000;0,56560000;0,56600000
28/01/2025;250;B;SBD;0,65990000;0,73070000;0,11200000;0,12400000
28/01/2025;255;A;SRD;0,16620000;0,16950000;34,76000000;35,45000000
28/01/2025;260;A;VND;0,00023480;0,00023520;25060,00000000;25100,00000000
28/01/2025;275;A;AMD;0,01459000;0,01484000;397,10000000;404,00000000
28/01/2025;295;A;CVE;0,05520000;0,05572000;105,77000000;106,75000000
28/01/2025;325;A;ANG;3,23760000;3,30230000;1,78450000;1,82000000
28/01/2025;328;A;AWG;3,20240000;3,31070000;1,78000000;1,84000000
28/01/2025;345;A;HUF;0,01506000;0,01507000;390,93000000;391,33000000
28/01/2025;363;A;CDF;0,00205300;0,00207500;2840,00000000;2870,00000000
28/01/2025;365;A;BIF;0,00196400;0,00201900;2919,05000000;3000,00000000
28/01/2025;368;A;KMF;0,01244000;0,01250000;471,56000000;473,56000000
28/01/2025;370;A;XAF;0,00936900;0,00938000;628,24000000;628,94000000
28/01/2025;372;A;XOF;0,00932000;0,00942500;625,25000000;632,25000000
28/01/2025;380;A;XPF;0,05118000;0,05164000;114,12000000;115,13000000
28/01/2025;390;A;DJF;0,03300000;0,03318000;177,60000000;178,55000000
28/01/2025;398;A;GNF;0,00067850;0,00068480;8606,00000000;8685,00000000
28/01/2025;406;A;MGA;0,00124600;0,00125600;4691,09000000;4729,47000000
28/01/2025;420;A;RWF;0,00422200;0,00427500;1378,54000000;1395,54000000
28/01/2025;425;A;CHF;6,50300000;6,50800000;0,90550000;0,90610000
28/01/2025;440;A;HTG;0,04488000;0,04532000;130,04010000;131,30380000
28/01/2025;450;A;PYG;0,00074530;0,00074720;7886,89000000;7905,57000000
28/01/2025;460;A;UAH;0,14020000;0,14060000;41,90000000;42,04000000
28/01/2025;470;A;JPY;0,03783000;0,03785000;155,70000000;155,75000000
28/01/2025;482;A;GEL;2,02840000;2,07430000;2,84100000;2,90500000
28/01/2025;490;A;ALL;0,06180000;0,06218000;94,78000000;95,34000000
28/01/2025;495;A;HNL;0,23110000;0,23170000;25,43850000;25,50000000
28/01/2025;500;A;SLL;0,00025720;0,00025980;22683,00000000;22908,00000000
28/01/2025;503;A;MDL;0,31830000;0,32010000;18,41000000;18,51000000
28/01/2025;506;A;RON;1,23390000;1,23550000;4,76970000;4,77560000
28/01/2025;510;A;BGN;3,13990000;3,14130000;1,87600000;1,87660000
28/01/2025;530;B;GIP;7,33010000;7,33680000;1,24400000;1,24500000
28/01/2025;535;A;EGP;0,11720000;0,11750000;50,17000000;50,27000000
28/01/2025;540;B;GBP;7,32540000;7,32680000;1,24320000;1,24330000
28/01/2025;545;B;FKP;7,33010000;7,33680000;1,24400000;1,24500000
28/01/2025;560;A;LBP;0,00006580;0,00006580;89500,00000000;89600,00000000
28/01/2025;570;B;SHP;7,32900000;7,33560000;1,24380000;1,24480000
28/01/2025;575;A;SYP;0,00045290;0,00045330;13000,00000000;13010,00000000
28/01/2025;585;A;SZL;0,31450000;0,31450000;18,73490000;18,73780000
28/01/2025;603;A;LSL;0,31450000;0,31450000;18,73490000;18,73780000
28/01/2025;608;A;TMT;1,68130000;1,68630000;3,49470000;3,50470000
28/01/2025;622;A;MZN;0,09130000;0,09314000;63,27000000;64,54000000
28/01/2025;625;A;ERN;0,38890000;0,39290000;15,00000000;15,15000000
28/01/2025;630;A;NGN;0,00379800;0,00380300;1549,48000000;1551,48000000
28/01/2025;635;A;AOA;0,00633400;0,00646200;912,00000000;930,24000000
28/01/2025;640;A;TWD;0,17890000;0,17910000;32,90400000;32,93400000
28/01/2025;642;A;TRY;0,16480000;0,16480000;35,75330000;35,76050000
28/01/2025;660;A;PEN;1,57420000;1,57610000;3,73900000;3,74300000
28/01/2025;665;A;BTN;0,06805000;0,06815000;86,47700000;86,58600000
28/01/2025;670;A;MRO;0,01641000;0,01655000;356,00000000;359,00000000
28/01/2025;671;A;MRU;0,14820000;0,14870000;39,63000000;39,74900000
28/01/2025;680;B;TOP;2,38640000;2,53400000;0,40500000;0,43000000
28/01/2025;685;A;MOP;0,73330000;0,73440000;8,02400000;8,03600000
28/01/2025;706;A;ARS;0,00560900;0,00561200;1050,00000000;1050,50000000
28/01/2025;715;A;CLP;0,00593200;0,00593700;992,66000000;993,39000000
28/01/2025;720;A;COP;0,00139300;0,00139400;4226,09000000;4229,59000000
28/01/2025;721;B;COU;0,52270000;0,52270000;0,08870000;0,08870000
28/01/2025;725;A;CUP;0,24550000;0,24550000;24,00000000;24,00000000
28/01/2025;730;A;DOP;0,09538000;0,09598000;61,40000000;61,78000000
28/01/2025;735;A;PHP;0,10080000;0,10080000;58,46500000;58,48500000
28/01/2025;741;A;MXN;0,28660000;0,28680000;20,54640000;20,55690000
28/01/2025;745;A;UYU;0,13550000;0,13560000;43,46000000;43,49000000
28/01/2025;755;B;BWP;0,42250000;0,42610000;0,07170000;0,07230000
28/01/2025;760;A;MWK;0,00336700;0,00343200;1717,02000000;1750,32000000
28/01/2025;766;A;ZMW;0,21120000;0,21160000;27,85000000;27,90000000
28/01/2025;770;A;GTQ;0,76080000;0,76280000;7,72500000;7,74500000
28/01/2025;775;A;MMK;0,00279800;0,00281500;2093,70000000;2106,30000000
28/01/2025;778;B;PGK;1,42540000;1,46970000;0,24190000;0,24940000
28/01/2025;780;A;LAK;0,00026930;0,00027220;21649,00000000;21879,00000000
28/01/2025;785;A;ZAR;0,31440000;0,31450000;18,73600000;18,73930000
28/01/2025;795;A;CNY;0,81250000;0,81270000;7,25070000;7,25200000
28/01/2025;796;A;CNH;0,80950000;0,80960000;7,27870000;7,27910000
28/01/2025;800;A;QAR;1,61600000;1,61660000;3,64530000;3,64630000
28/01/2025;805;A;OMR;15,30100000;15,31050000;0,38490000;0,38510000
28/01/2025;810;A;YER;0,02366000;0,02371000;248,50000000;249,00000000
28/01/2025;815;A;IRR;0,00014030;0,00014030;42000,00000000;42005,00000000
28/01/2025;820;A;SAR;1,57090000;1,57120000;3,75070000;3,75090000
28/01/2025;825;A;KHR;0,00146200;0,00147000;4010,00000000;4030,00000000
28/01/2025;828;A;MYR;1,33980000;1,34300000;4,38800000;4,39800000
28/01/2025;830;A;RUB;0,05973000;0,05974000;98,64550000;98,65450000
28/01/2025;831;A;BYN;1,79700000;1,80430000;3,26610000;3,27910000
28/01/2025;835;A;TJS;0,53810000;0,54160000;10,88000000;10,95000000
28/01/2025;840;A;MUR;0,12660000;0,12750000;46,23000000;46,53000000
28/01/2025;845;A;NPR;0,04256000;0,04257000;138,44000000;138,45000000
28/01/2025;850;A;SCR;0,41080000;0,41090000;14,34210000;14,34250000
28/01/2025;855;A;LKR;0,01983000;0,01986000;296,80000000;297,10000000
28/01/2025;860;A;INR;0,06806000;0,06811000;86,51700000;86,57200000
28/01/2025;865;A;IDR;0,00036430;0,00036440;16170,00000000;16175,00000000
28/01/2025;870;A;MVR;0,38020000;0,38220000;15,42000000;15,50000000
28/01/2025;875;A;PKR;0,02112000;0,02114000;278,75000000;278,95000000
28/01/2025;880;A;ILS;1,62360000;1,62710000;3,62170000;3,62930000
28/01/2025;892;A;KGS;0,06734000;0,06739000;87,45000000;87,50430000
28/01/2025;893;A;UZS;0,00045400;0,00045440;12969,98000000;12979,98000000
28/01/2025;905;A;BDT;0,04830000;0,04870000;121,00000000;122,00000000
28/01/2025;912;B;WST;2,02930000;2,15920000;0,34440000;0,36640000
28/01/2025;913;A;KZT;0,01140000;0,01141000;516,35000000;516,89000000
28/01/2025;915;A;MNT;0,00170800;0,00171200;3443,00000000;3449,00000000
28/01/2025;920;A;VUV;0,04791000;0,05080000;116,00000000;123,00000000
28/01/2025;930;A;KRW;0,00406900;0,00407200;1447,26000000;1448,23000000
28/01/2025;946;A;TZS;0,00231800;0,00235400;2503,00000000;2542,00000000
28/01/2025;950;A;KES;0,04554000;0,04568000;129,00000000;129,40000000
28/01/2025;955;A;UGX;0,00159500;0,00159900;3685,00000000;3695,00000000
28/01/2025;960;A;SOS;0,01025000;0,01038000;568,00000000;575,00000000
28/01/2025;975;A;PLN;1,46170000;1,46210000;4,03060000;4,03120000
28/01/2025;978;B;EUR;6,14160000;6,14350000;1,04230000;1,04250000
28/01/2025;998;A;XAU;521,91320000;521,96630000;0,01129000;0,01129000

[2025-07-07T15:10:36.098+0000] {taskinstance.py:441} INFO - ::group::Post task execution logs
[2025-07-07T15:10:36.172+0000] {taskinstance.py:1206} INFO - Marking task as SUCCESS. dag_id=fin_cotacoes_bcb_classic, task_id=extract, run_id=scheduled__2025-01-28T00:00:00+00:00, execution_date=20250128T000000, start_date=20250707T151035, end_date=20250707T151036
[2025-07-07T15:10:36.255+0000] {local_task_job_runner.py:240} INFO - Task exited with return code 0
[2025-07-07T15:10:36.312+0000] {local_task_job_runner.py:222} INFO - ::endgroup::
