[2025-07-06T19:50:16.317+0000] {local_task_job_runner.py:120} INFO - ::group::Pre task execution logs
[2025-07-06T19:50:16.431+0000] {taskinstance.py:2076} INFO - Dependencies all met for dep_context=non-requeueable deps ti=<TaskInstance: fin_cotacoes_bcb_classic.extract scheduled__2025-04-19T00:00:00+00:00 [queued]>
[2025-07-06T19:50:16.459+0000] {taskinstance.py:2076} INFO - Dependencies all met for dep_context=requeueable deps ti=<TaskInstance: fin_cotacoes_bcb_classic.extract scheduled__2025-04-19T00:00:00+00:00 [queued]>
[2025-07-06T19:50:16.459+0000] {taskinstance.py:2306} INFO - Starting attempt 1 of 2
[2025-07-06T19:50:16.795+0000] {taskinstance.py:2330} INFO - Executing <Task(PythonOperator): extract> on 2025-04-19 00:00:00+00:00
[2025-07-06T19:50:16.814+0000] {standard_task_runner.py:90} INFO - Running: ['***', 'tasks', 'run', 'fin_cotacoes_bcb_classic', 'extract', 'scheduled__2025-04-19T00:00:00+00:00', '--job-id', '1231', '--raw', '--subdir', 'DAGS_FOLDER/cotacoes.py', '--cfg-path', '/tmp/tmpbfu1grj3']
[2025-07-06T19:50:16.820+0000] {standard_task_runner.py:91} INFO - Job 1231: Subtask extract
[2025-07-06T19:50:16.822+0000] {logging_mixin.py:188} WARNING - /home/***/.local/lib/python3.12/site-packages/***/task/task_runner/standard_task_runner.py:61 DeprecationWarning: This process (pid=11212) is multi-threaded, use of fork() may lead to deadlocks in the child.
[2025-07-06T19:50:16.826+0000] {standard_task_runner.py:63} INFO - Started process 11323 to run task
[2025-07-06T19:50:16.970+0000] {task_command.py:426} INFO - Running <TaskInstance: fin_cotacoes_bcb_classic.extract scheduled__2025-04-19T00:00:00+00:00 [running]> on host 20adb53d65c4
[2025-07-06T19:50:17.170+0000] {taskinstance.py:2648} INFO - Exporting env vars: AIRFLOW_CTX_DAG_OWNER='***' AIRFLOW_CTX_DAG_ID='fin_cotacoes_bcb_classic' AIRFLOW_CTX_TASK_ID='extract' AIRFLOW_CTX_EXECUTION_DATE='2025-04-19T00:00:00+00:00' AIRFLOW_CTX_TRY_NUMBER='1' AIRFLOW_CTX_DAG_RUN_ID='scheduled__2025-04-19T00:00:00+00:00'
[2025-07-06T19:50:17.171+0000] {taskinstance.py:430} INFO - ::endgroup::
[2025-07-06T19:50:17.172+0000] {cotacoes.py:37} INFO - Iniciando extração da URL: https://www4.bcb.gov.br/Download/fechamento/20250419.csv
[2025-07-06T19:50:17.460+0000] {cotacoes.py:46} ERROR - Erro ao acessar a URL: 404 Client Error: Not Found for url: https://www4.bcb.gov.br/Download/fechamento/20250419.csv
[2025-07-06T19:50:17.463+0000] {python.py:237} INFO - Done. Returned value was: None
[2025-07-06T19:50:17.464+0000] {taskinstance.py:441} INFO - ::group::Post task execution logs
[2025-07-06T19:50:17.483+0000] {taskinstance.py:1206} INFO - Marking task as SUCCESS. dag_id=fin_cotacoes_bcb_classic, task_id=extract, run_id=scheduled__2025-04-19T00:00:00+00:00, execution_date=20250419T000000, start_date=20250706T195016, end_date=20250706T195017
[2025-07-06T19:50:17.539+0000] {local_task_job_runner.py:240} INFO - Task exited with return code 0
[2025-07-06T19:50:17.560+0000] {local_task_job_runner.py:222} INFO - ::endgroup::
[2025-07-07T14:34:51.289+0000] {local_task_job_runner.py:120} INFO - ::group::Pre task execution logs
[2025-07-07T14:34:51.368+0000] {taskinstance.py:2076} INFO - Dependencies all met for dep_context=non-requeueable deps ti=<TaskInstance: fin_cotacoes_bcb_classic.extract scheduled__2025-04-19T00:00:00+00:00 [queued]>
[2025-07-07T14:34:51.391+0000] {taskinstance.py:2076} INFO - Dependencies all met for dep_context=requeueable deps ti=<TaskInstance: fin_cotacoes_bcb_classic.extract scheduled__2025-04-19T00:00:00+00:00 [queued]>
[2025-07-07T14:34:51.392+0000] {taskinstance.py:2306} INFO - Starting attempt 1 of 2
[2025-07-07T14:34:51.426+0000] {taskinstance.py:2330} INFO - Executing <Task(PythonOperator): extract> on 2025-04-19 00:00:00+00:00
[2025-07-07T14:34:51.442+0000] {logging_mixin.py:188} WARNING - /home/***/.local/lib/python3.12/site-packages/***/task/task_runner/standard_task_runner.py:61 DeprecationWarning: This process (pid=79048) is multi-threaded, use of fork() may lead to deadlocks in the child.
[2025-07-07T14:34:51.440+0000] {standard_task_runner.py:90} INFO - Running: ['***', 'tasks', 'run', 'fin_cotacoes_bcb_classic', 'extract', 'scheduled__2025-04-19T00:00:00+00:00', '--job-id', '2509', '--raw', '--subdir', 'DAGS_FOLDER/cotacoes.py', '--cfg-path', '/tmp/tmpmdh66x_b']
[2025-07-07T14:34:51.444+0000] {standard_task_runner.py:91} INFO - Job 2509: Subtask extract
[2025-07-07T14:34:51.443+0000] {standard_task_runner.py:63} INFO - Started process 79087 to run task
[2025-07-07T14:34:51.560+0000] {task_command.py:426} INFO - Running <TaskInstance: fin_cotacoes_bcb_classic.extract scheduled__2025-04-19T00:00:00+00:00 [running]> on host bc96ca91d307
[2025-07-07T14:34:51.738+0000] {taskinstance.py:2648} INFO - Exporting env vars: AIRFLOW_CTX_DAG_OWNER='***' AIRFLOW_CTX_DAG_ID='fin_cotacoes_bcb_classic' AIRFLOW_CTX_TASK_ID='extract' AIRFLOW_CTX_EXECUTION_DATE='2025-04-19T00:00:00+00:00' AIRFLOW_CTX_TRY_NUMBER='1' AIRFLOW_CTX_DAG_RUN_ID='scheduled__2025-04-19T00:00:00+00:00'
[2025-07-07T14:34:51.739+0000] {taskinstance.py:430} INFO - ::endgroup::
[2025-07-07T14:34:51.740+0000] {cotacoes.py:35} INFO - Iniciando extração da URL: https://www4.bcb.gov.br/Download/fechamento/20250419.csv
[2025-07-07T14:34:52.037+0000] {cotacoes.py:46} WARNING - Não foi possível extrair dados da URL (pode ser um dia sem cotação): 404 Client Error: Not Found for url: https://www4.bcb.gov.br/Download/fechamento/20250419.csv
[2025-07-07T14:34:52.039+0000] {python.py:237} INFO - Done. Returned value was: None
[2025-07-07T14:34:52.044+0000] {taskinstance.py:441} INFO - ::group::Post task execution logs
[2025-07-07T14:34:52.063+0000] {taskinstance.py:1206} INFO - Marking task as SUCCESS. dag_id=fin_cotacoes_bcb_classic, task_id=extract, run_id=scheduled__2025-04-19T00:00:00+00:00, execution_date=20250419T000000, start_date=20250707T143451, end_date=20250707T143452
[2025-07-07T14:34:52.124+0000] {local_task_job_runner.py:240} INFO - Task exited with return code 0
[2025-07-07T14:34:52.216+0000] {taskinstance.py:3503} INFO - 0 downstream tasks scheduled from follow-on schedule check
[2025-07-07T14:34:52.228+0000] {local_task_job_runner.py:222} INFO - ::endgroup::
[2025-07-07T15:12:07.109+0000] {local_task_job_runner.py:120} INFO - ::group::Pre task execution logs
[2025-07-07T15:12:07.202+0000] {taskinstance.py:2076} INFO - Dependencies all met for dep_context=non-requeueable deps ti=<TaskInstance: fin_cotacoes_bcb_classic.extract scheduled__2025-04-19T00:00:00+00:00 [queued]>
[2025-07-07T15:12:07.272+0000] {taskinstance.py:2076} INFO - Dependencies all met for dep_context=requeueable deps ti=<TaskInstance: fin_cotacoes_bcb_classic.extract scheduled__2025-04-19T00:00:00+00:00 [queued]>
[2025-07-07T15:12:07.273+0000] {taskinstance.py:2306} INFO - Starting attempt 1 of 2
[2025-07-07T15:12:07.304+0000] {taskinstance.py:2330} INFO - Executing <Task(PythonOperator): extract> on 2025-04-19 00:00:00+00:00
[2025-07-07T15:12:07.324+0000] {logging_mixin.py:188} WARNING - /home/***/.local/lib/python3.12/site-packages/***/task/task_runner/standard_task_runner.py:61 DeprecationWarning: This process (pid=103579) is multi-threaded, use of fork() may lead to deadlocks in the child.
[2025-07-07T15:12:07.325+0000] {standard_task_runner.py:63} INFO - Started process 103692 to run task
[2025-07-07T15:12:07.327+0000] {standard_task_runner.py:90} INFO - Running: ['***', 'tasks', 'run', 'fin_cotacoes_bcb_classic', 'extract', 'scheduled__2025-04-19T00:00:00+00:00', '--job-id', '4181', '--raw', '--subdir', 'DAGS_FOLDER/cotacoes.py', '--cfg-path', '/tmp/tmpjqs4493m']
[2025-07-07T15:12:07.332+0000] {standard_task_runner.py:91} INFO - Job 4181: Subtask extract
[2025-07-07T15:12:07.460+0000] {task_command.py:426} INFO - Running <TaskInstance: fin_cotacoes_bcb_classic.extract scheduled__2025-04-19T00:00:00+00:00 [running]> on host bc96ca91d307
[2025-07-07T15:12:07.643+0000] {taskinstance.py:2648} INFO - Exporting env vars: AIRFLOW_CTX_DAG_OWNER='***' AIRFLOW_CTX_DAG_ID='fin_cotacoes_bcb_classic' AIRFLOW_CTX_TASK_ID='extract' AIRFLOW_CTX_EXECUTION_DATE='2025-04-19T00:00:00+00:00' AIRFLOW_CTX_TRY_NUMBER='1' AIRFLOW_CTX_DAG_RUN_ID='scheduled__2025-04-19T00:00:00+00:00'
[2025-07-07T15:12:07.644+0000] {taskinstance.py:430} INFO - ::endgroup::
[2025-07-07T15:12:07.650+0000] {cotacoes.py:35} INFO - Iniciando extração da URL: https://www4.bcb.gov.br/Download/fechamento/20250419.csv
[2025-07-07T15:12:07.906+0000] {cotacoes.py:46} WARNING - Não foi possível extrair dados da URL (pode ser um dia sem cotação): 404 Client Error: Not Found for url: https://www4.bcb.gov.br/Download/fechamento/20250419.csv
[2025-07-07T15:12:07.907+0000] {python.py:237} INFO - Done. Returned value was: None
[2025-07-07T15:12:07.920+0000] {taskinstance.py:441} INFO - ::group::Post task execution logs
[2025-07-07T15:12:07.946+0000] {taskinstance.py:1206} INFO - Marking task as SUCCESS. dag_id=fin_cotacoes_bcb_classic, task_id=extract, run_id=scheduled__2025-04-19T00:00:00+00:00, execution_date=20250419T000000, start_date=20250707T151207, end_date=20250707T151207
[2025-07-07T15:12:08.009+0000] {local_task_job_runner.py:240} INFO - Task exited with return code 0
[2025-07-07T15:12:08.134+0000] {taskinstance.py:3503} INFO - 1 downstream tasks scheduled from follow-on schedule check
[2025-07-07T15:12:08.138+0000] {local_task_job_runner.py:222} INFO - ::endgroup::
