[2025-07-06T19:13:10.535+0000] {local_task_job_runner.py:120} INFO - ::group::Pre task execution logs
[2025-07-06T19:13:10.639+0000] {taskinstance.py:2076} INFO - Dependencies all met for dep_context=non-requeueable deps ti=<TaskInstance: fin_cotacoes_bcb_classic.extract scheduled__2024-09-01T00:00:00+00:00 [queued]>
[2025-07-06T19:13:10.652+0000] {taskinstance.py:2076} INFO - Dependencies all met for dep_context=requeueable deps ti=<TaskInstance: fin_cotacoes_bcb_classic.extract scheduled__2024-09-01T00:00:00+00:00 [queued]>
[2025-07-06T19:13:10.652+0000] {taskinstance.py:2306} INFO - Starting attempt 1 of 2
[2025-07-06T19:13:10.683+0000] {taskinstance.py:2330} INFO - Executing <Task(PythonOperator): extract> on 2024-09-01 00:00:00+00:00
[2025-07-06T19:13:10.713+0000] {standard_task_runner.py:90} INFO - Running: ['***', 'tasks', 'run', 'fin_cotacoes_bcb_classic', 'extract', 'scheduled__2024-09-01T00:00:00+00:00', '--job-id', '881', '--raw', '--subdir', 'DAGS_FOLDER/cotacoes.py', '--cfg-path', '/tmp/tmp_vhmonqm']
[2025-07-06T19:13:10.722+0000] {standard_task_runner.py:91} INFO - Job 881: Subtask extract
[2025-07-06T19:13:10.721+0000] {logging_mixin.py:188} WARNING - /home/***/.local/lib/python3.12/site-packages/***/task/task_runner/standard_task_runner.py:61 DeprecationWarning: This process (pid=14195) is multi-threaded, use of fork() may lead to deadlocks in the child.
[2025-07-06T19:13:10.723+0000] {standard_task_runner.py:63} INFO - Started process 14213 to run task
[2025-07-06T19:13:10.845+0000] {task_command.py:426} INFO - Running <TaskInstance: fin_cotacoes_bcb_classic.extract scheduled__2024-09-01T00:00:00+00:00 [running]> on host 20adb53d65c4
[2025-07-06T19:13:11.068+0000] {taskinstance.py:2648} INFO - Exporting env vars: AIRFLOW_CTX_DAG_OWNER='***' AIRFLOW_CTX_DAG_ID='fin_cotacoes_bcb_classic' AIRFLOW_CTX_TASK_ID='extract' AIRFLOW_CTX_EXECUTION_DATE='2024-09-01T00:00:00+00:00' AIRFLOW_CTX_TRY_NUMBER='1' AIRFLOW_CTX_DAG_RUN_ID='scheduled__2024-09-01T00:00:00+00:00'
[2025-07-06T19:13:11.069+0000] {taskinstance.py:430} INFO - ::endgroup::
[2025-07-06T19:13:11.070+0000] {cotacoes.py:37} INFO - Iniciando extração da URL: https://www4.bcb.gov.br/Download/fechamento/20240901.csv
[2025-07-06T19:13:11.347+0000] {cotacoes.py:46} ERROR - Erro ao acessar a URL: 404 Client Error: Not Found for url: https://www4.bcb.gov.br/Download/fechamento/20240901.csv
[2025-07-06T19:13:11.352+0000] {python.py:237} INFO - Done. Returned value was: None
[2025-07-06T19:13:11.356+0000] {taskinstance.py:441} INFO - ::group::Post task execution logs
[2025-07-06T19:13:11.376+0000] {taskinstance.py:1206} INFO - Marking task as SUCCESS. dag_id=fin_cotacoes_bcb_classic, task_id=extract, run_id=scheduled__2024-09-01T00:00:00+00:00, execution_date=20240901T000000, start_date=20250706T191310, end_date=20250706T191311
[2025-07-06T19:13:11.438+0000] {local_task_job_runner.py:240} INFO - Task exited with return code 0
[2025-07-06T19:13:11.470+0000] {logging_mixin.py:188} WARNING - /home/***/.local/lib/python3.12/site-packages/***/models/baseoperator.py:1297 AirflowProviderDeprecationWarning: Call to deprecated class PostgresOperator. (Please use `***.providers.common.sql.operators.sql.SQLExecuteQueryOperator`.Also, you can provide `hook_params={'schema': <database>}`.)
[2025-07-06T19:13:11.508+0000] {taskinstance.py:3503} INFO - 1 downstream tasks scheduled from follow-on schedule check
[2025-07-06T19:13:11.516+0000] {local_task_job_runner.py:222} INFO - ::endgroup::
[2025-07-07T15:07:38.765+0000] {local_task_job_runner.py:120} INFO - ::group::Pre task execution logs
[2025-07-07T15:07:38.878+0000] {taskinstance.py:2076} INFO - Dependencies all met for dep_context=non-requeueable deps ti=<TaskInstance: fin_cotacoes_bcb_classic.extract scheduled__2024-09-01T00:00:00+00:00 [queued]>
[2025-07-07T15:07:38.902+0000] {taskinstance.py:2076} INFO - Dependencies all met for dep_context=requeueable deps ti=<TaskInstance: fin_cotacoes_bcb_classic.extract scheduled__2024-09-01T00:00:00+00:00 [queued]>
[2025-07-07T15:07:38.902+0000] {taskinstance.py:2306} INFO - Starting attempt 1 of 2
[2025-07-07T15:07:39.104+0000] {taskinstance.py:2330} INFO - Executing <Task(PythonOperator): extract> on 2024-09-01 00:00:00+00:00
[2025-07-07T15:07:39.135+0000] {logging_mixin.py:188} WARNING - /home/***/.local/lib/python3.12/site-packages/***/task/task_runner/standard_task_runner.py:61 DeprecationWarning: This process (pid=99242) is multi-threaded, use of fork() may lead to deadlocks in the child.
[2025-07-07T15:07:39.136+0000] {standard_task_runner.py:63} INFO - Started process 99297 to run task
[2025-07-07T15:07:39.141+0000] {standard_task_runner.py:90} INFO - Running: ['***', 'tasks', 'run', 'fin_cotacoes_bcb_classic', 'extract', 'scheduled__2024-09-01T00:00:00+00:00', '--job-id', '3487', '--raw', '--subdir', 'DAGS_FOLDER/cotacoes.py', '--cfg-path', '/tmp/tmpcs356jxu']
[2025-07-07T15:07:39.155+0000] {standard_task_runner.py:91} INFO - Job 3487: Subtask extract
[2025-07-07T15:07:39.379+0000] {task_command.py:426} INFO - Running <TaskInstance: fin_cotacoes_bcb_classic.extract scheduled__2024-09-01T00:00:00+00:00 [running]> on host bc96ca91d307
[2025-07-07T15:07:39.666+0000] {taskinstance.py:2648} INFO - Exporting env vars: AIRFLOW_CTX_DAG_OWNER='***' AIRFLOW_CTX_DAG_ID='fin_cotacoes_bcb_classic' AIRFLOW_CTX_TASK_ID='extract' AIRFLOW_CTX_EXECUTION_DATE='2024-09-01T00:00:00+00:00' AIRFLOW_CTX_TRY_NUMBER='1' AIRFLOW_CTX_DAG_RUN_ID='scheduled__2024-09-01T00:00:00+00:00'
[2025-07-07T15:07:39.668+0000] {taskinstance.py:430} INFO - ::endgroup::
[2025-07-07T15:07:39.669+0000] {cotacoes.py:35} INFO - Iniciando extração da URL: https://www4.bcb.gov.br/Download/fechamento/20240901.csv
[2025-07-07T15:07:40.039+0000] {cotacoes.py:46} WARNING - Não foi possível extrair dados da URL (pode ser um dia sem cotação): 404 Client Error: Not Found for url: https://www4.bcb.gov.br/Download/fechamento/20240901.csv
[2025-07-07T15:07:40.040+0000] {python.py:237} INFO - Done. Returned value was: None
[2025-07-07T15:07:40.046+0000] {taskinstance.py:441} INFO - ::group::Post task execution logs
[2025-07-07T15:07:40.063+0000] {taskinstance.py:1206} INFO - Marking task as SUCCESS. dag_id=fin_cotacoes_bcb_classic, task_id=extract, run_id=scheduled__2024-09-01T00:00:00+00:00, execution_date=20240901T000000, start_date=20250707T150738, end_date=20250707T150740
[2025-07-07T15:07:40.373+0000] {local_task_job_runner.py:240} INFO - Task exited with return code 0
[2025-07-07T15:07:40.446+0000] {taskinstance.py:3503} INFO - 1 downstream tasks scheduled from follow-on schedule check
[2025-07-07T15:07:40.451+0000] {local_task_job_runner.py:222} INFO - ::endgroup::
