[2025-07-07T14:34:52.815+0000] {local_task_job_runner.py:120} INFO - ::group::Pre task execution logs
[2025-07-07T14:34:52.947+0000] {taskinstance.py:2076} INFO - Dependencies all met for dep_context=non-requeueable deps ti=<TaskInstance: fin_cotacoes_bcb_classic.create_table_postgres scheduled__2025-04-24T00:00:00+00:00 [queued]>
[2025-07-07T14:34:52.984+0000] {taskinstance.py:2076} INFO - Dependencies all met for dep_context=requeueable deps ti=<TaskInstance: fin_cotacoes_bcb_classic.create_table_postgres scheduled__2025-04-24T00:00:00+00:00 [queued]>
[2025-07-07T14:34:52.985+0000] {taskinstance.py:2306} INFO - Starting attempt 1 of 2
[2025-07-07T14:34:53.202+0000] {taskinstance.py:2330} INFO - Executing <Task(SQLExecuteQueryOperator): create_table_postgres> on 2025-04-24 00:00:00+00:00
[2025-07-07T14:34:53.246+0000] {logging_mixin.py:188} WARNING - /home/***/.local/lib/python3.12/site-packages/***/task/task_runner/standard_task_runner.py:61 DeprecationWarning: This process (pid=79074) is multi-threaded, use of fork() may lead to deadlocks in the child.
[2025-07-07T14:34:53.248+0000] {standard_task_runner.py:63} INFO - Started process 79097 to run task
[2025-07-07T14:34:53.245+0000] {standard_task_runner.py:90} INFO - Running: ['***', 'tasks', 'run', 'fin_cotacoes_bcb_classic', 'create_table_postgres', 'scheduled__2025-04-24T00:00:00+00:00', '--job-id', '2515', '--raw', '--subdir', 'DAGS_FOLDER/cotacoes.py', '--cfg-path', '/tmp/tmpf09cobgu']
[2025-07-07T14:34:53.252+0000] {standard_task_runner.py:91} INFO - Job 2515: Subtask create_table_postgres
[2025-07-07T14:34:53.424+0000] {task_command.py:426} INFO - Running <TaskInstance: fin_cotacoes_bcb_classic.create_table_postgres scheduled__2025-04-24T00:00:00+00:00 [running]> on host bc96ca91d307
[2025-07-07T14:34:53.790+0000] {taskinstance.py:2648} INFO - Exporting env vars: AIRFLOW_CTX_DAG_OWNER='***' AIRFLOW_CTX_DAG_ID='fin_cotacoes_bcb_classic' AIRFLOW_CTX_TASK_ID='create_table_postgres' AIRFLOW_CTX_EXECUTION_DATE='2025-04-24T00:00:00+00:00' AIRFLOW_CTX_TRY_NUMBER='1' AIRFLOW_CTX_DAG_RUN_ID='scheduled__2025-04-24T00:00:00+00:00'
[2025-07-07T14:34:53.792+0000] {taskinstance.py:430} INFO - ::endgroup::
[2025-07-07T14:34:53.793+0000] {sql.py:276} INFO - Executing: 
CREATE TABLE IF NOT EXISTS cotacoes (
    dt_fechamento DATE,
    cod_moeda TEXT,
    tipo_moeda TEXT,
    desc_moeda TEXT,
    taxa_compra REAL,
    taxa_venda REAL,
    paridade_compra REAL,
    paridade_venda REAL,
    data_processamento TIMESTAMP,
    CONSTRAINT table_pk PRIMARY KEY (dt_fechamento, cod_moeda)
);
[2025-07-07T14:34:53.835+0000] {base.py:84} INFO - Using connection ID '***-postgres' for task execution.
[2025-07-07T14:34:53.860+0000] {base.py:84} INFO - Using connection ID '***-postgres' for task execution.
[2025-07-07T14:34:53.873+0000] {sql.py:487} INFO - Running statement: 
CREATE TABLE IF NOT EXISTS cotacoes (
    dt_fechamento DATE,
    cod_moeda TEXT,
    tipo_moeda TEXT,
    desc_moeda TEXT,
    taxa_compra REAL,
    taxa_venda REAL,
    paridade_compra REAL,
    paridade_venda REAL,
    data_processamento TIMESTAMP,
    CONSTRAINT table_pk PRIMARY KEY (dt_fechamento, cod_moeda)
);, parameters: None
[2025-07-07T14:34:53.875+0000] {taskinstance.py:441} INFO - ::group::Post task execution logs
[2025-07-07T14:34:53.900+0000] {taskinstance.py:1206} INFO - Marking task as SUCCESS. dag_id=fin_cotacoes_bcb_classic, task_id=create_table_postgres, run_id=scheduled__2025-04-24T00:00:00+00:00, execution_date=20250424T000000, start_date=20250707T143452, end_date=20250707T143453
[2025-07-07T14:34:53.967+0000] {local_task_job_runner.py:240} INFO - Task exited with return code 0
[2025-07-07T14:34:54.086+0000] {taskinstance.py:3503} INFO - 0 downstream tasks scheduled from follow-on schedule check
[2025-07-07T14:34:54.094+0000] {local_task_job_runner.py:222} INFO - ::endgroup::
[2025-07-07T15:12:11.445+0000] {local_task_job_runner.py:120} INFO - ::group::Pre task execution logs
[2025-07-07T15:12:11.531+0000] {taskinstance.py:2076} INFO - Dependencies all met for dep_context=non-requeueable deps ti=<TaskInstance: fin_cotacoes_bcb_classic.create_table_postgres scheduled__2025-04-24T00:00:00+00:00 [queued]>
[2025-07-07T15:12:11.551+0000] {taskinstance.py:2076} INFO - Dependencies all met for dep_context=requeueable deps ti=<TaskInstance: fin_cotacoes_bcb_classic.create_table_postgres scheduled__2025-04-24T00:00:00+00:00 [queued]>
[2025-07-07T15:12:11.551+0000] {taskinstance.py:2306} INFO - Starting attempt 1 of 2
[2025-07-07T15:12:11.575+0000] {taskinstance.py:2330} INFO - Executing <Task(SQLExecuteQueryOperator): create_table_postgres> on 2025-04-24 00:00:00+00:00
[2025-07-07T15:12:11.596+0000] {standard_task_runner.py:90} INFO - Running: ['***', 'tasks', 'run', 'fin_cotacoes_bcb_classic', 'create_table_postgres', 'scheduled__2025-04-24T00:00:00+00:00', '--job-id', '4191', '--raw', '--subdir', 'DAGS_FOLDER/cotacoes.py', '--cfg-path', '/tmp/tmpckq3kqf2']
[2025-07-07T15:12:11.598+0000] {standard_task_runner.py:91} INFO - Job 4191: Subtask create_table_postgres
[2025-07-07T15:12:11.602+0000] {logging_mixin.py:188} WARNING - /home/***/.local/lib/python3.12/site-packages/***/task/task_runner/standard_task_runner.py:61 DeprecationWarning: This process (pid=103720) is multi-threaded, use of fork() may lead to deadlocks in the child.
[2025-07-07T15:12:11.603+0000] {standard_task_runner.py:63} INFO - Started process 103788 to run task
[2025-07-07T15:12:11.753+0000] {task_command.py:426} INFO - Running <TaskInstance: fin_cotacoes_bcb_classic.create_table_postgres scheduled__2025-04-24T00:00:00+00:00 [running]> on host bc96ca91d307
[2025-07-07T15:12:12.034+0000] {taskinstance.py:2648} INFO - Exporting env vars: AIRFLOW_CTX_DAG_OWNER='***' AIRFLOW_CTX_DAG_ID='fin_cotacoes_bcb_classic' AIRFLOW_CTX_TASK_ID='create_table_postgres' AIRFLOW_CTX_EXECUTION_DATE='2025-04-24T00:00:00+00:00' AIRFLOW_CTX_TRY_NUMBER='1' AIRFLOW_CTX_DAG_RUN_ID='scheduled__2025-04-24T00:00:00+00:00'
[2025-07-07T15:12:12.035+0000] {taskinstance.py:430} INFO - ::endgroup::
[2025-07-07T15:12:12.035+0000] {sql.py:276} INFO - Executing: 
CREATE TABLE IF NOT EXISTS cotacoes (
    dt_fechamento DATE,
    cod_moeda TEXT,
    tipo_moeda TEXT,
    desc_moeda TEXT,
    taxa_compra REAL,
    taxa_venda REAL,
    paridade_compra REAL,
    paridade_venda REAL,
    data_processamento TIMESTAMP,
    CONSTRAINT table_pk PRIMARY KEY (dt_fechamento, cod_moeda)
);
[2025-07-07T15:12:12.062+0000] {base.py:84} INFO - Using connection ID '***-postgres' for task execution.
[2025-07-07T15:12:12.082+0000] {base.py:84} INFO - Using connection ID '***-postgres' for task execution.
[2025-07-07T15:12:12.094+0000] {sql.py:487} INFO - Running statement: 
CREATE TABLE IF NOT EXISTS cotacoes (
    dt_fechamento DATE,
    cod_moeda TEXT,
    tipo_moeda TEXT,
    desc_moeda TEXT,
    taxa_compra REAL,
    taxa_venda REAL,
    paridade_compra REAL,
    paridade_venda REAL,
    data_processamento TIMESTAMP,
    CONSTRAINT table_pk PRIMARY KEY (dt_fechamento, cod_moeda)
);, parameters: None
[2025-07-07T15:12:12.099+0000] {taskinstance.py:441} INFO - ::group::Post task execution logs
[2025-07-07T15:12:12.127+0000] {taskinstance.py:1206} INFO - Marking task as SUCCESS. dag_id=fin_cotacoes_bcb_classic, task_id=create_table_postgres, run_id=scheduled__2025-04-24T00:00:00+00:00, execution_date=20250424T000000, start_date=20250707T151211, end_date=20250707T151212
[2025-07-07T15:12:12.201+0000] {local_task_job_runner.py:240} INFO - Task exited with return code 0
[2025-07-07T15:12:12.286+0000] {taskinstance.py:3503} INFO - 0 downstream tasks scheduled from follow-on schedule check
[2025-07-07T15:12:12.292+0000] {local_task_job_runner.py:222} INFO - ::endgroup::
