[2025-07-07T14:34:07.201+0000] {local_task_job_runner.py:120} INFO - ::group::Pre task execution logs
[2025-07-07T14:34:07.306+0000] {taskinstance.py:2076} INFO - Dependencies all met for dep_context=non-requeueable deps ti=<TaskInstance: fin_cotacoes_bcb_classic.transform_and_load scheduled__2025-03-06T00:00:00+00:00 [queued]>
[2025-07-07T14:34:07.337+0000] {taskinstance.py:2076} INFO - Dependencies all met for dep_context=requeueable deps ti=<TaskInstance: fin_cotacoes_bcb_classic.transform_and_load scheduled__2025-03-06T00:00:00+00:00 [queued]>
[2025-07-07T14:34:07.337+0000] {taskinstance.py:2306} INFO - Starting attempt 1 of 2
[2025-07-07T14:34:07.377+0000] {taskinstance.py:2330} INFO - Executing <Task(PythonOperator): transform_and_load> on 2025-03-06 00:00:00+00:00
[2025-07-07T14:34:07.402+0000] {logging_mixin.py:188} WARNING - /home/***/.local/lib/python3.12/site-packages/***/task/task_runner/standard_task_runner.py:61 DeprecationWarning: This process (pid=78292) is multi-threaded, use of fork() may lead to deadlocks in the child.
[2025-07-07T14:34:07.403+0000] {standard_task_runner.py:63} INFO - Started process 78404 to run task
[2025-07-07T14:34:07.399+0000] {standard_task_runner.py:90} INFO - Running: ['***', 'tasks', 'run', 'fin_cotacoes_bcb_classic', 'transform_and_load', 'scheduled__2025-03-06T00:00:00+00:00', '--job-id', '2401', '--raw', '--subdir', 'DAGS_FOLDER/cotacoes.py', '--cfg-path', '/tmp/tmpzp71ycq0']
[2025-07-07T14:34:07.407+0000] {standard_task_runner.py:91} INFO - Job 2401: Subtask transform_and_load
[2025-07-07T14:34:07.513+0000] {task_command.py:426} INFO - Running <TaskInstance: fin_cotacoes_bcb_classic.transform_and_load scheduled__2025-03-06T00:00:00+00:00 [running]> on host bc96ca91d307
[2025-07-07T14:34:07.764+0000] {taskinstance.py:2648} INFO - Exporting env vars: AIRFLOW_CTX_DAG_OWNER='***' AIRFLOW_CTX_DAG_ID='fin_cotacoes_bcb_classic' AIRFLOW_CTX_TASK_ID='transform_and_load' AIRFLOW_CTX_EXECUTION_DATE='2025-03-06T00:00:00+00:00' AIRFLOW_CTX_TRY_NUMBER='1' AIRFLOW_CTX_DAG_RUN_ID='scheduled__2025-03-06T00:00:00+00:00'
[2025-07-07T14:34:07.765+0000] {taskinstance.py:430} INFO - ::endgroup::
[2025-07-07T14:34:07.836+0000] {cotacoes.py:109} INFO - DataFrame transformado com 156 linhas.
[2025-07-07T14:34:07.868+0000] {base.py:84} INFO - Using connection ID '***-postgres' for task execution.
[2025-07-07T14:34:07.895+0000] {base.py:84} INFO - Using connection ID '***-postgres' for task execution.
[2025-07-07T14:34:08.033+0000] {sql.py:598} INFO - Loaded 156 rows into cotacoes so far
[2025-07-07T14:34:08.036+0000] {sql.py:611} INFO - Done loading. Loaded a total of 156 rows into cotacoes
[2025-07-07T14:34:08.038+0000] {cotacoes.py:124} INFO - Carregados/Atualizados 156 registros na tabela cotacoes.
[2025-07-07T14:34:08.040+0000] {python.py:237} INFO - Done. Returned value was: None
[2025-07-07T14:34:08.041+0000] {taskinstance.py:441} INFO - ::group::Post task execution logs
[2025-07-07T14:34:08.072+0000] {taskinstance.py:1206} INFO - Marking task as SUCCESS. dag_id=fin_cotacoes_bcb_classic, task_id=transform_and_load, run_id=scheduled__2025-03-06T00:00:00+00:00, execution_date=20250306T000000, start_date=20250707T143407, end_date=20250707T143408
[2025-07-07T14:34:08.146+0000] {local_task_job_runner.py:240} INFO - Task exited with return code 0
[2025-07-07T14:34:08.176+0000] {local_task_job_runner.py:222} INFO - ::endgroup::
[2025-07-07T15:11:20.151+0000] {local_task_job_runner.py:120} INFO - ::group::Pre task execution logs
[2025-07-07T15:11:20.230+0000] {taskinstance.py:2076} INFO - Dependencies all met for dep_context=non-requeueable deps ti=<TaskInstance: fin_cotacoes_bcb_classic.transform_and_load scheduled__2025-03-06T00:00:00+00:00 [queued]>
[2025-07-07T15:11:20.251+0000] {taskinstance.py:2076} INFO - Dependencies all met for dep_context=requeueable deps ti=<TaskInstance: fin_cotacoes_bcb_classic.transform_and_load scheduled__2025-03-06T00:00:00+00:00 [queued]>
[2025-07-07T15:11:20.251+0000] {taskinstance.py:2306} INFO - Starting attempt 1 of 2
[2025-07-07T15:11:20.275+0000] {taskinstance.py:2330} INFO - Executing <Task(PythonOperator): transform_and_load> on 2025-03-06 00:00:00+00:00
[2025-07-07T15:11:20.290+0000] {standard_task_runner.py:90} INFO - Running: ['***', 'tasks', 'run', 'fin_cotacoes_bcb_classic', 'transform_and_load', 'scheduled__2025-03-06T00:00:00+00:00', '--job-id', '4064', '--raw', '--subdir', 'DAGS_FOLDER/cotacoes.py', '--cfg-path', '/tmp/tmpnccuy29t']
[2025-07-07T15:11:20.292+0000] {standard_task_runner.py:91} INFO - Job 4064: Subtask transform_and_load
[2025-07-07T15:11:20.298+0000] {logging_mixin.py:188} WARNING - /home/***/.local/lib/python3.12/site-packages/***/task/task_runner/standard_task_runner.py:61 DeprecationWarning: This process (pid=102887) is multi-threaded, use of fork() may lead to deadlocks in the child.
[2025-07-07T15:11:20.299+0000] {standard_task_runner.py:63} INFO - Started process 102910 to run task
[2025-07-07T15:11:20.394+0000] {task_command.py:426} INFO - Running <TaskInstance: fin_cotacoes_bcb_classic.transform_and_load scheduled__2025-03-06T00:00:00+00:00 [running]> on host bc96ca91d307
[2025-07-07T15:11:20.540+0000] {taskinstance.py:2648} INFO - Exporting env vars: AIRFLOW_CTX_DAG_OWNER='***' AIRFLOW_CTX_DAG_ID='fin_cotacoes_bcb_classic' AIRFLOW_CTX_TASK_ID='transform_and_load' AIRFLOW_CTX_EXECUTION_DATE='2025-03-06T00:00:00+00:00' AIRFLOW_CTX_TRY_NUMBER='1' AIRFLOW_CTX_DAG_RUN_ID='scheduled__2025-03-06T00:00:00+00:00'
[2025-07-07T15:11:20.541+0000] {taskinstance.py:430} INFO - ::endgroup::
[2025-07-07T15:11:20.597+0000] {cotacoes.py:109} INFO - DataFrame transformado com 156 linhas.
[2025-07-07T15:11:20.617+0000] {base.py:84} INFO - Using connection ID '***-postgres' for task execution.
[2025-07-07T15:11:20.637+0000] {base.py:84} INFO - Using connection ID '***-postgres' for task execution.
[2025-07-07T15:11:20.690+0000] {sql.py:598} INFO - Loaded 156 rows into cotacoes so far
[2025-07-07T15:11:20.691+0000] {sql.py:611} INFO - Done loading. Loaded a total of 156 rows into cotacoes
[2025-07-07T15:11:20.691+0000] {cotacoes.py:124} INFO - Carregados/Atualizados 156 registros na tabela cotacoes.
[2025-07-07T15:11:20.691+0000] {python.py:237} INFO - Done. Returned value was: None
[2025-07-07T15:11:20.692+0000] {taskinstance.py:441} INFO - ::group::Post task execution logs
[2025-07-07T15:11:20.706+0000] {taskinstance.py:1206} INFO - Marking task as SUCCESS. dag_id=fin_cotacoes_bcb_classic, task_id=transform_and_load, run_id=scheduled__2025-03-06T00:00:00+00:00, execution_date=20250306T000000, start_date=20250707T151120, end_date=20250707T151120
[2025-07-07T15:11:20.758+0000] {local_task_job_runner.py:240} INFO - Task exited with return code 0
[2025-07-07T15:11:20.804+0000] {taskinstance.py:3503} INFO - 0 downstream tasks scheduled from follow-on schedule check
[2025-07-07T15:11:20.812+0000] {local_task_job_runner.py:222} INFO - ::endgroup::
