[2025-07-06T19:39:26.263+0000] {local_task_job_runner.py:120} INFO - ::group::Pre task execution logs
[2025-07-06T19:39:26.370+0000] {taskinstance.py:2076} INFO - Dependencies all met for dep_context=non-requeueable deps ti=<TaskInstance: fin_cotacoes_bcb_classic.extract scheduled__2025-03-06T00:00:00+00:00 [queued]>
[2025-07-06T19:39:26.391+0000] {taskinstance.py:2076} INFO - Dependencies all met for dep_context=requeueable deps ti=<TaskInstance: fin_cotacoes_bcb_classic.extract scheduled__2025-03-06T00:00:00+00:00 [queued]>
[2025-07-06T19:39:26.391+0000] {taskinstance.py:2306} INFO - Starting attempt 1 of 2
[2025-07-06T19:39:26.434+0000] {taskinstance.py:2330} INFO - Executing <Task(PythonOperator): extract> on 2025-03-06 00:00:00+00:00
[2025-07-06T19:39:26.464+0000] {standard_task_runner.py:90} INFO - Running: ['***', 'tasks', 'run', 'fin_cotacoes_bcb_classic', 'extract', 'scheduled__2025-03-06T00:00:00+00:00', '--job-id', '1120', '--raw', '--subdir', 'DAGS_FOLDER/cotacoes.py', '--cfg-path', '/tmp/tmpzydfwqdm']
[2025-07-06T19:39:26.467+0000] {standard_task_runner.py:91} INFO - Job 1120: Subtask extract
[2025-07-06T19:39:26.469+0000] {logging_mixin.py:188} WARNING - /home/***/.local/lib/python3.12/site-packages/***/task/task_runner/standard_task_runner.py:61 DeprecationWarning: This process (pid=5200) is multi-threaded, use of fork() may lead to deadlocks in the child.
[2025-07-06T19:39:26.470+0000] {standard_task_runner.py:63} INFO - Started process 5229 to run task
[2025-07-06T19:39:26.560+0000] {task_command.py:426} INFO - Running <TaskInstance: fin_cotacoes_bcb_classic.extract scheduled__2025-03-06T00:00:00+00:00 [running]> on host 20adb53d65c4
[2025-07-06T19:39:26.742+0000] {taskinstance.py:2648} INFO - Exporting env vars: AIRFLOW_CTX_DAG_OWNER='***' AIRFLOW_CTX_DAG_ID='fin_cotacoes_bcb_classic' AIRFLOW_CTX_TASK_ID='extract' AIRFLOW_CTX_EXECUTION_DATE='2025-03-06T00:00:00+00:00' AIRFLOW_CTX_TRY_NUMBER='1' AIRFLOW_CTX_DAG_RUN_ID='scheduled__2025-03-06T00:00:00+00:00'
[2025-07-06T19:39:26.743+0000] {taskinstance.py:430} INFO - ::endgroup::
[2025-07-06T19:39:26.744+0000] {cotacoes.py:37} INFO - Iniciando extração da URL: https://www4.bcb.gov.br/Download/fechamento/20250306.csv
[2025-07-06T19:39:27.163+0000] {cotacoes.py:43} INFO - Extração concluída com sucesso.
[2025-07-06T19:39:27.175+0000] {python.py:237} INFO - Done. Returned value was: 06/03/2025;005;A;AFN;0,07943000;0,07966000;72,17000000;72,37000000
06/03/2025;009;A;ETB;0,04314000;0,04483000;128,24370000;133,24370000
06/03/2025;015;A;THB;0,17080000;0,17100000;33,62000000;33,66000000
06/03/2025;020;A;PAB;5,74830000;5,74890000;1,00000000;1,00000000
06/03/2025;027;A;VES;0,08897000;0,08920000;64,45010000;64,61160000
06/03/2025;030;A;BOB;0,82000000;0,83800000;6,86000000;7,01000000
06/03/2025;035;A;GHS;0,36970000;0,37210000;15,45000000;15,55000000
06/03/2025;040;A;CRC;0,01130000;0,01144000;502,56000000;508,71000000
06/03/2025;045;A;SVC;0,65620000;0,65710000;8,74950000;8,75950000
06/03/2025;051;A;NIO;0,15540000;0,15710000;36,60000000;37,00000000
06/03/2025;055;A;DKK;0,83360000;0,83370000;6,89550000;6,89590000
06/03/2025;060;A;ISK;0,04231000;0,04240000;135,58000000;135,87000000
06/03/2025;065;A;NOK;0,52880000;0,52950000;10,85750000;10,86970000
06/03/2025;070;A;SEK;0,56580000;0,56630000;10,15140000;10,16000000
06/03/2025;075;A;CZK;0,24840000;0,24850000;23,13100000;23,14100000
06/03/2025;090;A;GMD;0,07874000;0,07968000;72,15000000;73,00000000
06/03/2025;095;A;DZD;0,04292000;0,04325000;132,91130000;133,93580000
06/03/2025;100;A;KWD;18,63310000;18,66530000;0,30800000;0,30850000
06/03/2025;105;A;BHD;15,24340000;15,25310000;0,37690000;0,37710000
06/03/2025;115;A;IQD;0,00438500;0,00439200;1309,00000000;1311,00000000
06/03/2025;125;A;JOD;8,09620000;8,10620000;0,70920000;0,71000000
06/03/2025;130;A;LYD;1,18800000;1,19370000;4,81620000;4,83850000
06/03/2025;132;A;MKD;0,10080000;0,10170000;56,51000000;57,03000000
06/03/2025;133;A;RSD;0,05312000;0,05317000;108,13000000;108,22000000
06/03/2025;134;A;SDG;0,00954600;0,00960000;598,85020000;602,19120000
06/03/2025;135;A;TND;1,85490000;1,86110000;3,08900000;3,09900000
06/03/2025;136;A;SSP;0,00127800;0,00131000;4387,29380000;4497,29380000
06/03/2025;138;B;SDR;7,63780000;7,63860000;1,32870000;1,32870000
06/03/2025;139;A;MAD;0,58990000;0,59030000;9,73940000;9,74440000
06/03/2025;145;A;AED;1,56490000;1,56550000;3,67230000;3,67330000
06/03/2025;149;A;STN;0,24890000;0,25400000;22,63270000;23,09680000
06/03/2025;150;B;AUD;3,65020000;3,65170000;0,63500000;0,63520000
06/03/2025;155;A;BSD;5,74830000;5,74890000;1,00000000;1,00000000
06/03/2025;160;A;BMD;5,74830000;5,74890000;1,00000000;1,00000000
06/03/2025;165;A;CAD;4,02820000;4,02890000;1,42690000;1,42700000
06/03/2025;170;A;GYD;0,02731000;0,02764000;207,98000000;210,45000000
06/03/2025;173;A;NAD;0,31660000;0,31670000;18,15370000;18,15660000
06/03/2025;175;A;BBD;2,81770000;2,87720000;1,99810000;2,04010000
06/03/2025;180;A;BZD;2,84960000;2,87420000;2,00020000;2,01720000
06/03/2025;185;A;BND;4,31650000;4,31890000;1,33110000;1,33170000
06/03/2025;190;A;KYD;6,88420000;6,94730000;0,82750000;0,83500000
06/03/2025;195;A;SGD;4,31650000;4,31890000;1,33110000;1,33170000
06/03/2025;197;B;CLF;240,50890000;240,53400000;41,84000000;41,84000000
06/03/2025;200;B;FJD;2,47230000;2,55080000;0,43010000;0,44370000
06/03/2025;205;A;HKD;0,73970000;0,73980000;7,77100000;7,77120000
06/03/2025;210;A;TTD;0,84210000;0,85390000;6,73260000;6,82600000
06/03/2025;215;A;XCD;2,11330000;2,13710000;2,69000000;2,72000000
06/03/2025;220;A;USD;5,74830000;5,74890000;1,00000000;1,00000000
06/03/2025;230;A;JMD;0,03647000;0,03687000;155,91000000;157,61000000
06/03/2025;235;A;LRD;0,02846000;0,02903000;198,00000000;202,00000000
06/03/2025;245;B;NZD;3,30410000;3,30620000;0,57480000;0,57510000
06/03/2025;250;B;SBD;0,63630000;0,70420000;0,11070000;0,12250000
06/03/2025;255;A;SRD;0,15740000;0,16090000;35,72800000;36,51300000
06/03/2025;260;A;VND;0,00022510;0,00022560;25485,00000000;25535,00000000
06/03/2025;275;A;AMD;0,01453000;0,01461000;393,58000000;395,58000000
06/03/2025;295;A;CVE;0,05592000;0,05644000;101,86000000;102,80000000
06/03/2025;325;A;ANG;3,15840000;3,22160000;1,78450000;1,82000000
06/03/2025;328;A;AWG;3,12410000;3,22970000;1,78000000;1,84000000
06/03/2025;345;A;HUF;0,01559000;0,01559000;368,67000000;368,81000000
06/03/2025;363;A;CDF;0,00200300;0,00201100;2859,00000000;2870,00000000
06/03/2025;365;A;BIF;0,00191600;0,00196500;2925,00000000;3000,00000000
06/03/2025;368;A;KMF;0,01256000;0,01262000;455,66000000;457,66000000
06/03/2025;370;A;XAF;0,00889100;0,00948500;606,08000000;646,57000000
06/03/2025;372;A;XOF;0,00942700;0,00953800;602,75000000;609,75000000
06/03/2025;380;A;XPF;0,05184000;0,05231000;109,91000000;110,88000000
06/03/2025;390;A;DJF;0,03219000;0,03237000;177,60000000;178,55000000
06/03/2025;398;A;GNF;0,00066190;0,00066790;8608,00000000;8685,00000000
06/03/2025;406;A;MGA;0,00122400;0,00124400;4620,00000000;4695,77000000
06/03/2025;420;A;RWF;0,00407300;0,00412300;1394,39000000;1411,39000000
06/03/2025;425;A;CHF;6,48720000;6,48860000;0,88600000;0,88610000
06/03/2025;440;A;HTG;0,04355000;0,04402000;130,60000000;132,00000000
06/03/2025;450;A;PYG;0,00072500;0,00072620;7916,71000000;7928,47000000
06/03/2025;460;A;UAH;0,13850000;0,13950000;41,20000000;41,50000000
06/03/2025;470;A;JPY;0,03877000;0,03878000;148,24000000;148,26000000
06/03/2025;482;A;GEL;2,04420000;2,08900000;2,75200000;2,81200000
06/03/2025;490;A;ALL;0,06252000;0,06283000;91,50000000;91,95000000
06/03/2025;495;A;HNL;0,22450000;0,22510000;25,54370000;25,60000000
06/03/2025;500;A;SLL;0,00025090;0,00025340;22683,00000000;22908,00000000
06/03/2025;503;A;MDL;0,31450000;0,31620000;18,18000000;18,28000000
06/03/2025;506;A;RON;1,25030000;1,25100000;4,59540000;4,59750000
06/03/2025;510;A;BGN;3,18080000;3,18180000;1,80680000;1,80720000
06/03/2025;530;B;GIP;7,41240000;7,41900000;1,28950000;1,29050000
06/03/2025;535;A;EGP;0,11330000;0,11350000;50,63000000;50,73000000
06/03/2025;540;B;GBP;7,40900000;7,41210000;1,28890000;1,28930000
06/03/2025;545;B;FKP;7,41240000;7,41900000;1,28950000;1,29050000
06/03/2025;560;A;LBP;0,00006410;0,00006420;89500,00000000;89700,00000000
06/03/2025;570;B;SHP;7,41070000;7,41320000;1,28920000;1,28950000
06/03/2025;575;A;SYP;0,00044180;0,00044220;13000,00000000;13010,00000000
06/03/2025;585;A;SZL;0,31640000;0,31700000;18,13650000;18,16850000
06/03/2025;603;A;LSL;0,31660000;0,31670000;18,15370000;18,15660000
06/03/2025;608;A;TMT;1,64020000;1,64500000;3,49470000;3,50470000
06/03/2025;622;A;MZN;0,08907000;0,09086000;63,27000000;64,54000000
06/03/2025;625;A;ERN;0,37940000;0,38330000;15,00000000;15,15000000
06/03/2025;630;A;NGN;0,00382800;0,00383300;1499,80000000;1501,80000000
06/03/2025;635;A;AOA;0,00617900;0,00630400;912,00000000;930,24000000
06/03/2025;640;A;TWD;0,17480000;0,17480000;32,88200000;32,88900000
06/03/2025;642;A;TRY;0,15780000;0,15790000;36,41060000;36,41760000
06/03/2025;660;A;PEN;1,57700000;1,57760000;3,64400000;3,64500000
06/03/2025;665;A;BTN;0,06597000;0,06606000;87,03100000;87,14000000
06/03/2025;670;A;MRO;0,01601000;0,01615000;356,00000000;359,00000000
06/03/2025;671;A;MRU;0,14450000;0,14500000;39,65000000;39,76900000
06/03/2025;680;B;TOP;2,33270000;2,47660000;0,40580000;0,43080000
06/03/2025;685;A;MOP;0,71750000;0,71830000;8,00400000;8,01200000
06/03/2025;706;A;ARS;0,00540300;0,00540600;1063,50000000;1064,00000000
06/03/2025;715;A;CLP;0,00620900;0,00621500;925,07000000;925,88000000
06/03/2025;720;A;COP;0,00139900;0,00139900;4108,34000000;4110,11000000
06/03/2025;721;B;COU;0,52140000;0,52140000;0,09070000;0,09070000
06/03/2025;725;A;CUP;0,23950000;0,23950000;24,00000000;24,00000000
06/03/2025;730;A;DOP;0,09161000;0,09217000;62,37000000;62,75000000
06/03/2025;735;A;PHP;0,10020000;0,10030000;57,32900000;57,35600000
06/03/2025;741;A;MXN;0,28300000;0,28310000;20,30650000;20,31100000
06/03/2025;745;A;UYU;0,13480000;0,13500000;42,59000000;42,63000000
06/03/2025;755;B;BWP;0,41910000;0,42370000;0,07290000;0,07370000
06/03/2025;760;A;MWK;0,00328400;0,00334800;1717,02000000;1750,32000000
06/03/2025;766;A;ZMW;0,19930000;0,19970000;28,78700000;28,83690000
06/03/2025;770;A;GTQ;0,74410000;0,74660000;7,70000000;7,72500000
06/03/2025;775;A;MMK;0,00272900;0,00274600;2093,70000000;2106,30000000
06/03/2025;778;B;PGK;1,38650000;1,42980000;0,24120000;0,24870000
06/03/2025;780;A;LAK;0,00026410;0,00026690;21537,00000000;21767,00000000
06/03/2025;785;A;ZAR;0,31660000;0,31670000;18,15120000;18,15620000
06/03/2025;795;A;CNY;0,79300000;0,79330000;7,24680000;7,24880000
06/03/2025;796;A;CNH;0,79370000;0,79380000;7,24200000;7,24270000
06/03/2025;800;A;QAR;1,57680000;1,57760000;3,64400000;3,64550000
06/03/2025;805;A;OMR;14,92680000;14,93610000;0,38490000;0,38510000
06/03/2025;810;A;YER;0,02329000;0,02334000;246,35000000;246,85000000
06/03/2025;815;A;IRR;0,00013680;0,00013690;42000,00000000;42005,00000000
06/03/2025;820;A;SAR;1,53240000;1,53270000;3,75090000;3,75110000
06/03/2025;825;A;KHR;0,00143100;0,00143800;3998,00000000;4018,00000000
06/03/2025;828;A;MYR;1,29760000;1,29920000;4,42500000;4,43000000
06/03/2025;830;A;RUB;0,06440000;0,06442000;89,24550000;89,25450000
06/03/2025;831;A;BYN;1,75300000;1,76020000;3,26610000;3,27910000
06/03/2025;835;A;TJS;0,52500000;0,52740000;10,90000000;10,95000000
06/03/2025;840;A;MUR;0,12660000;0,12750000;45,10000000;45,40000000
06/03/2025;845;A;NPR;0,04124000;0,04125000;139,38000000;139,40000000
06/03/2025;850;A;SCR;0,37790000;0,39760000;14,46040000;15,21070000
06/03/2025;855;A;LKR;0,01945000;0,01945000;295,50000000;295,60000000
06/03/2025;860;A;INR;0,06602000;0,06607000;87,01200000;87,06700000
06/03/2025;865;A;IDR;0,00035190;0,00035220;16325,00000000;16335,00000000
06/03/2025;870;A;MVR;0,37090000;0,37280000;15,42000000;15,50000000
06/03/2025;875;A;PKR;0,02053000;0,02058000;279,41000000;279,93000000
06/03/2025;880;A;ILS;1,59440000;1,59590000;3,60240000;3,60540000
06/03/2025;892;A;KGS;0,06569000;0,06574000;87,45000000;87,50430000
06/03/2025;893;A;UZS;0,00044480;0,00044520;12913,36000000;12923,36000000
06/03/2025;905;A;BDT;0,04712000;0,04751000;121,00000000;122,00000000
06/03/2025;912;B;WST;2,01250000;2,06160000;0,35010000;0,35860000
06/03/2025;913;A;KZT;0,01155000;0,01156000;497,14000000;497,69000000
06/03/2025;915;A;MNT;0,00165500;0,00165800;3467,00000000;3473,00000000
06/03/2025;920;A;VUV;0,04508000;0,04697000;122,40000000;127,50000000
06/03/2025;930;A;KRW;0,00397300;0,00397500;1446,29000000;1446,71000000
06/03/2025;946;A;TZS;0,00215300;0,00221100;2600,00000000;2670,00000000
06/03/2025;950;A;KES;0,04442000;0,04460000;128,90000000;129,40000000
06/03/2025;955;A;UGX;0,00156400;0,00156900;3665,00000000;3675,00000000
06/03/2025;960;A;SOS;0,00999700;0,01012000;568,00000000;575,00000000
06/03/2025;975;A;PLN;1,49000000;1,49050000;3,85700000;3,85790000
06/03/2025;978;B;EUR;6,21740000;6,21920000;1,08160000;1,08180000
06/03/2025;998;A;XAU;538,73480000;538,79100000;0,01067000;0,01067000

[2025-07-06T19:39:27.176+0000] {taskinstance.py:441} INFO - ::group::Post task execution logs
[2025-07-06T19:39:27.270+0000] {taskinstance.py:1206} INFO - Marking task as SUCCESS. dag_id=fin_cotacoes_bcb_classic, task_id=extract, run_id=scheduled__2025-03-06T00:00:00+00:00, execution_date=20250306T000000, start_date=20250706T193926, end_date=20250706T193927
[2025-07-06T19:39:27.757+0000] {local_task_job_runner.py:240} INFO - Task exited with return code 0
[2025-07-06T19:39:27.783+0000] {logging_mixin.py:188} WARNING - /home/***/.local/lib/python3.12/site-packages/***/models/baseoperator.py:1297 AirflowProviderDeprecationWarning: Call to deprecated class PostgresOperator. (Please use `***.providers.common.sql.operators.sql.SQLExecuteQueryOperator`.Also, you can provide `hook_params={'schema': <database>}`.)
[2025-07-06T19:39:27.843+0000] {taskinstance.py:3503} INFO - 1 downstream tasks scheduled from follow-on schedule check
[2025-07-06T19:39:27.849+0000] {local_task_job_runner.py:222} INFO - ::endgroup::
[2025-07-07T14:25:49.153+0000] {local_task_job_runner.py:120} INFO - ::group::Pre task execution logs
[2025-07-07T14:25:49.185+0000] {taskinstance.py:2076} INFO - Dependencies all met for dep_context=non-requeueable deps ti=<TaskInstance: fin_cotacoes_bcb_classic.extract scheduled__2025-03-06T00:00:00+00:00 [queued]>
[2025-07-07T14:25:49.191+0000] {taskinstance.py:2076} INFO - Dependencies all met for dep_context=requeueable deps ti=<TaskInstance: fin_cotacoes_bcb_classic.extract scheduled__2025-03-06T00:00:00+00:00 [queued]>
[2025-07-07T14:25:49.191+0000] {taskinstance.py:2306} INFO - Starting attempt 1 of 2
[2025-07-07T14:25:49.201+0000] {taskinstance.py:2330} INFO - Executing <Task(PythonOperator): extract> on 2025-03-06 00:00:00+00:00
[2025-07-07T14:25:49.210+0000] {logging_mixin.py:188} WARNING - /home/***/.local/lib/python3.12/site-packages/***/task/task_runner/standard_task_runner.py:61 DeprecationWarning: This process (pid=73073) is multi-threaded, use of fork() may lead to deadlocks in the child.
[2025-07-07T14:25:49.210+0000] {standard_task_runner.py:90} INFO - Running: ['***', 'tasks', 'run', 'fin_cotacoes_bcb_classic', 'extract', 'scheduled__2025-03-06T00:00:00+00:00', '--job-id', '2102', '--raw', '--subdir', 'DAGS_FOLDER/cotacoes.py', '--cfg-path', '/tmp/tmp9l0pi14m']
[2025-07-07T14:25:49.211+0000] {standard_task_runner.py:91} INFO - Job 2102: Subtask extract
[2025-07-07T14:25:49.211+0000] {standard_task_runner.py:63} INFO - Started process 73101 to run task
[2025-07-07T14:25:49.257+0000] {task_command.py:426} INFO - Running <TaskInstance: fin_cotacoes_bcb_classic.extract scheduled__2025-03-06T00:00:00+00:00 [running]> on host bc96ca91d307
[2025-07-07T14:25:49.332+0000] {taskinstance.py:2648} INFO - Exporting env vars: AIRFLOW_CTX_DAG_OWNER='***' AIRFLOW_CTX_DAG_ID='fin_cotacoes_bcb_classic' AIRFLOW_CTX_TASK_ID='extract' AIRFLOW_CTX_EXECUTION_DATE='2025-03-06T00:00:00+00:00' AIRFLOW_CTX_TRY_NUMBER='1' AIRFLOW_CTX_DAG_RUN_ID='scheduled__2025-03-06T00:00:00+00:00'
[2025-07-07T14:25:49.333+0000] {taskinstance.py:430} INFO - ::endgroup::
[2025-07-07T14:25:49.333+0000] {cotacoes.py:35} INFO - Iniciando extração da URL: https://www4.bcb.gov.br/Download/fechamento/20250306.csv
[2025-07-07T14:25:49.507+0000] {cotacoes.py:41} INFO - Extração concluída com sucesso.
[2025-07-07T14:25:49.508+0000] {python.py:237} INFO - Done. Returned value was: 06/03/2025;005;A;AFN;0,07943000;0,07966000;72,17000000;72,37000000
06/03/2025;009;A;ETB;0,04314000;0,04483000;128,24370000;133,24370000
06/03/2025;015;A;THB;0,17080000;0,17100000;33,62000000;33,66000000
06/03/2025;020;A;PAB;5,74830000;5,74890000;1,00000000;1,00000000
06/03/2025;027;A;VES;0,08897000;0,08920000;64,45010000;64,61160000
06/03/2025;030;A;BOB;0,82000000;0,83800000;6,86000000;7,01000000
06/03/2025;035;A;GHS;0,36970000;0,37210000;15,45000000;15,55000000
06/03/2025;040;A;CRC;0,01130000;0,01144000;502,56000000;508,71000000
06/03/2025;045;A;SVC;0,65620000;0,65710000;8,74950000;8,75950000
06/03/2025;051;A;NIO;0,15540000;0,15710000;36,60000000;37,00000000
06/03/2025;055;A;DKK;0,83360000;0,83370000;6,89550000;6,89590000
06/03/2025;060;A;ISK;0,04231000;0,04240000;135,58000000;135,87000000
06/03/2025;065;A;NOK;0,52880000;0,52950000;10,85750000;10,86970000
06/03/2025;070;A;SEK;0,56580000;0,56630000;10,15140000;10,16000000
06/03/2025;075;A;CZK;0,24840000;0,24850000;23,13100000;23,14100000
06/03/2025;090;A;GMD;0,07874000;0,07968000;72,15000000;73,00000000
06/03/2025;095;A;DZD;0,04292000;0,04325000;132,91130000;133,93580000
06/03/2025;100;A;KWD;18,63310000;18,66530000;0,30800000;0,30850000
06/03/2025;105;A;BHD;15,24340000;15,25310000;0,37690000;0,37710000
06/03/2025;115;A;IQD;0,00438500;0,00439200;1309,00000000;1311,00000000
06/03/2025;125;A;JOD;8,09620000;8,10620000;0,70920000;0,71000000
06/03/2025;130;A;LYD;1,18800000;1,19370000;4,81620000;4,83850000
06/03/2025;132;A;MKD;0,10080000;0,10170000;56,51000000;57,03000000
06/03/2025;133;A;RSD;0,05312000;0,05317000;108,13000000;108,22000000
06/03/2025;134;A;SDG;0,00954600;0,00960000;598,85020000;602,19120000
06/03/2025;135;A;TND;1,85490000;1,86110000;3,08900000;3,09900000
06/03/2025;136;A;SSP;0,00127800;0,00131000;4387,29380000;4497,29380000
06/03/2025;138;B;SDR;7,63780000;7,63860000;1,32870000;1,32870000
06/03/2025;139;A;MAD;0,58990000;0,59030000;9,73940000;9,74440000
06/03/2025;145;A;AED;1,56490000;1,56550000;3,67230000;3,67330000
06/03/2025;149;A;STN;0,24890000;0,25400000;22,63270000;23,09680000
06/03/2025;150;B;AUD;3,65020000;3,65170000;0,63500000;0,63520000
06/03/2025;155;A;BSD;5,74830000;5,74890000;1,00000000;1,00000000
06/03/2025;160;A;BMD;5,74830000;5,74890000;1,00000000;1,00000000
06/03/2025;165;A;CAD;4,02820000;4,02890000;1,42690000;1,42700000
06/03/2025;170;A;GYD;0,02731000;0,02764000;207,98000000;210,45000000
06/03/2025;173;A;NAD;0,31660000;0,31670000;18,15370000;18,15660000
06/03/2025;175;A;BBD;2,81770000;2,87720000;1,99810000;2,04010000
06/03/2025;180;A;BZD;2,84960000;2,87420000;2,00020000;2,01720000
06/03/2025;185;A;BND;4,31650000;4,31890000;1,33110000;1,33170000
06/03/2025;190;A;KYD;6,88420000;6,94730000;0,82750000;0,83500000
06/03/2025;195;A;SGD;4,31650000;4,31890000;1,33110000;1,33170000
06/03/2025;197;B;CLF;240,50890000;240,53400000;41,84000000;41,84000000
06/03/2025;200;B;FJD;2,47230000;2,55080000;0,43010000;0,44370000
06/03/2025;205;A;HKD;0,73970000;0,73980000;7,77100000;7,77120000
06/03/2025;210;A;TTD;0,84210000;0,85390000;6,73260000;6,82600000
06/03/2025;215;A;XCD;2,11330000;2,13710000;2,69000000;2,72000000
06/03/2025;220;A;USD;5,74830000;5,74890000;1,00000000;1,00000000
06/03/2025;230;A;JMD;0,03647000;0,03687000;155,91000000;157,61000000
06/03/2025;235;A;LRD;0,02846000;0,02903000;198,00000000;202,00000000
06/03/2025;245;B;NZD;3,30410000;3,30620000;0,57480000;0,57510000
06/03/2025;250;B;SBD;0,63630000;0,70420000;0,11070000;0,12250000
06/03/2025;255;A;SRD;0,15740000;0,16090000;35,72800000;36,51300000
06/03/2025;260;A;VND;0,00022510;0,00022560;25485,00000000;25535,00000000
06/03/2025;275;A;AMD;0,01453000;0,01461000;393,58000000;395,58000000
06/03/2025;295;A;CVE;0,05592000;0,05644000;101,86000000;102,80000000
06/03/2025;325;A;ANG;3,15840000;3,22160000;1,78450000;1,82000000
06/03/2025;328;A;AWG;3,12410000;3,22970000;1,78000000;1,84000000
06/03/2025;345;A;HUF;0,01559000;0,01559000;368,67000000;368,81000000
06/03/2025;363;A;CDF;0,00200300;0,00201100;2859,00000000;2870,00000000
06/03/2025;365;A;BIF;0,00191600;0,00196500;2925,00000000;3000,00000000
06/03/2025;368;A;KMF;0,01256000;0,01262000;455,66000000;457,66000000
06/03/2025;370;A;XAF;0,00889100;0,00948500;606,08000000;646,57000000
06/03/2025;372;A;XOF;0,00942700;0,00953800;602,75000000;609,75000000
06/03/2025;380;A;XPF;0,05184000;0,05231000;109,91000000;110,88000000
06/03/2025;390;A;DJF;0,03219000;0,03237000;177,60000000;178,55000000
06/03/2025;398;A;GNF;0,00066190;0,00066790;8608,00000000;8685,00000000
06/03/2025;406;A;MGA;0,00122400;0,00124400;4620,00000000;4695,77000000
06/03/2025;420;A;RWF;0,00407300;0,00412300;1394,39000000;1411,39000000
06/03/2025;425;A;CHF;6,48720000;6,48860000;0,88600000;0,88610000
06/03/2025;440;A;HTG;0,04355000;0,04402000;130,60000000;132,00000000
06/03/2025;450;A;PYG;0,00072500;0,00072620;7916,71000000;7928,47000000
06/03/2025;460;A;UAH;0,13850000;0,13950000;41,20000000;41,50000000
06/03/2025;470;A;JPY;0,03877000;0,03878000;148,24000000;148,26000000
06/03/2025;482;A;GEL;2,04420000;2,08900000;2,75200000;2,81200000
06/03/2025;490;A;ALL;0,06252000;0,06283000;91,50000000;91,95000000
06/03/2025;495;A;HNL;0,22450000;0,22510000;25,54370000;25,60000000
06/03/2025;500;A;SLL;0,00025090;0,00025340;22683,00000000;22908,00000000
06/03/2025;503;A;MDL;0,31450000;0,31620000;18,18000000;18,28000000
06/03/2025;506;A;RON;1,25030000;1,25100000;4,59540000;4,59750000
06/03/2025;510;A;BGN;3,18080000;3,18180000;1,80680000;1,80720000
06/03/2025;530;B;GIP;7,41240000;7,41900000;1,28950000;1,29050000
06/03/2025;535;A;EGP;0,11330000;0,11350000;50,63000000;50,73000000
06/03/2025;540;B;GBP;7,40900000;7,41210000;1,28890000;1,28930000
06/03/2025;545;B;FKP;7,41240000;7,41900000;1,28950000;1,29050000
06/03/2025;560;A;LBP;0,00006410;0,00006420;89500,00000000;89700,00000000
06/03/2025;570;B;SHP;7,41070000;7,41320000;1,28920000;1,28950000
06/03/2025;575;A;SYP;0,00044180;0,00044220;13000,00000000;13010,00000000
06/03/2025;585;A;SZL;0,31640000;0,31700000;18,13650000;18,16850000
06/03/2025;603;A;LSL;0,31660000;0,31670000;18,15370000;18,15660000
06/03/2025;608;A;TMT;1,64020000;1,64500000;3,49470000;3,50470000
06/03/2025;622;A;MZN;0,08907000;0,09086000;63,27000000;64,54000000
06/03/2025;625;A;ERN;0,37940000;0,38330000;15,00000000;15,15000000
06/03/2025;630;A;NGN;0,00382800;0,00383300;1499,80000000;1501,80000000
06/03/2025;635;A;AOA;0,00617900;0,00630400;912,00000000;930,24000000
06/03/2025;640;A;TWD;0,17480000;0,17480000;32,88200000;32,88900000
06/03/2025;642;A;TRY;0,15780000;0,15790000;36,41060000;36,41760000
06/03/2025;660;A;PEN;1,57700000;1,57760000;3,64400000;3,64500000
06/03/2025;665;A;BTN;0,06597000;0,06606000;87,03100000;87,14000000
06/03/2025;670;A;MRO;0,01601000;0,01615000;356,00000000;359,00000000
06/03/2025;671;A;MRU;0,14450000;0,14500000;39,65000000;39,76900000
06/03/2025;680;B;TOP;2,33270000;2,47660000;0,40580000;0,43080000
06/03/2025;685;A;MOP;0,71750000;0,71830000;8,00400000;8,01200000
06/03/2025;706;A;ARS;0,00540300;0,00540600;1063,50000000;1064,00000000
06/03/2025;715;A;CLP;0,00620900;0,00621500;925,07000000;925,88000000
06/03/2025;720;A;COP;0,00139900;0,00139900;4108,34000000;4110,11000000
06/03/2025;721;B;COU;0,52140000;0,52140000;0,09070000;0,09070000
06/03/2025;725;A;CUP;0,23950000;0,23950000;24,00000000;24,00000000
06/03/2025;730;A;DOP;0,09161000;0,09217000;62,37000000;62,75000000
06/03/2025;735;A;PHP;0,10020000;0,10030000;57,32900000;57,35600000
06/03/2025;741;A;MXN;0,28300000;0,28310000;20,30650000;20,31100000
06/03/2025;745;A;UYU;0,13480000;0,13500000;42,59000000;42,63000000
06/03/2025;755;B;BWP;0,41910000;0,42370000;0,07290000;0,07370000
06/03/2025;760;A;MWK;0,00328400;0,00334800;1717,02000000;1750,32000000
06/03/2025;766;A;ZMW;0,19930000;0,19970000;28,78700000;28,83690000
06/03/2025;770;A;GTQ;0,74410000;0,74660000;7,70000000;7,72500000
06/03/2025;775;A;MMK;0,00272900;0,00274600;2093,70000000;2106,30000000
06/03/2025;778;B;PGK;1,38650000;1,42980000;0,24120000;0,24870000
06/03/2025;780;A;LAK;0,00026410;0,00026690;21537,00000000;21767,00000000
06/03/2025;785;A;ZAR;0,31660000;0,31670000;18,15120000;18,15620000
06/03/2025;795;A;CNY;0,79300000;0,79330000;7,24680000;7,24880000
06/03/2025;796;A;CNH;0,79370000;0,79380000;7,24200000;7,24270000
06/03/2025;800;A;QAR;1,57680000;1,57760000;3,64400000;3,64550000
06/03/2025;805;A;OMR;14,92680000;14,93610000;0,38490000;0,38510000
06/03/2025;810;A;YER;0,02329000;0,02334000;246,35000000;246,85000000
06/03/2025;815;A;IRR;0,00013680;0,00013690;42000,00000000;42005,00000000
06/03/2025;820;A;SAR;1,53240000;1,53270000;3,75090000;3,75110000
06/03/2025;825;A;KHR;0,00143100;0,00143800;3998,00000000;4018,00000000
06/03/2025;828;A;MYR;1,29760000;1,29920000;4,42500000;4,43000000
06/03/2025;830;A;RUB;0,06440000;0,06442000;89,24550000;89,25450000
06/03/2025;831;A;BYN;1,75300000;1,76020000;3,26610000;3,27910000
06/03/2025;835;A;TJS;0,52500000;0,52740000;10,90000000;10,95000000
06/03/2025;840;A;MUR;0,12660000;0,12750000;45,10000000;45,40000000
06/03/2025;845;A;NPR;0,04124000;0,04125000;139,38000000;139,40000000
06/03/2025;850;A;SCR;0,37790000;0,39760000;14,46040000;15,21070000
06/03/2025;855;A;LKR;0,01945000;0,01945000;295,50000000;295,60000000
06/03/2025;860;A;INR;0,06602000;0,06607000;87,01200000;87,06700000
06/03/2025;865;A;IDR;0,00035190;0,00035220;16325,00000000;16335,00000000
06/03/2025;870;A;MVR;0,37090000;0,37280000;15,42000000;15,50000000
06/03/2025;875;A;PKR;0,02053000;0,02058000;279,41000000;279,93000000
06/03/2025;880;A;ILS;1,59440000;1,59590000;3,60240000;3,60540000
06/03/2025;892;A;KGS;0,06569000;0,06574000;87,45000000;87,50430000
06/03/2025;893;A;UZS;0,00044480;0,00044520;12913,36000000;12923,36000000
06/03/2025;905;A;BDT;0,04712000;0,04751000;121,00000000;122,00000000
06/03/2025;912;B;WST;2,01250000;2,06160000;0,35010000;0,35860000
06/03/2025;913;A;KZT;0,01155000;0,01156000;497,14000000;497,69000000
06/03/2025;915;A;MNT;0,00165500;0,00165800;3467,00000000;3473,00000000
06/03/2025;920;A;VUV;0,04508000;0,04697000;122,40000000;127,50000000
06/03/2025;930;A;KRW;0,00397300;0,00397500;1446,29000000;1446,71000000
06/03/2025;946;A;TZS;0,00215300;0,00221100;2600,00000000;2670,00000000
06/03/2025;950;A;KES;0,04442000;0,04460000;128,90000000;129,40000000
06/03/2025;955;A;UGX;0,00156400;0,00156900;3665,00000000;3675,00000000
06/03/2025;960;A;SOS;0,00999700;0,01012000;568,00000000;575,00000000
06/03/2025;975;A;PLN;1,49000000;1,49050000;3,85700000;3,85790000
06/03/2025;978;B;EUR;6,21740000;6,21920000;1,08160000;1,08180000
06/03/2025;998;A;XAU;538,73480000;538,79100000;0,01067000;0,01067000

[2025-07-07T14:25:49.509+0000] {taskinstance.py:441} INFO - ::group::Post task execution logs
[2025-07-07T14:25:49.530+0000] {taskinstance.py:1206} INFO - Marking task as SUCCESS. dag_id=fin_cotacoes_bcb_classic, task_id=extract, run_id=scheduled__2025-03-06T00:00:00+00:00, execution_date=20250306T000000, start_date=20250707T142549, end_date=20250707T142549
[2025-07-07T14:25:49.545+0000] {local_task_job_runner.py:240} INFO - Task exited with return code 0
[2025-07-07T14:25:49.572+0000] {taskinstance.py:3503} INFO - 1 downstream tasks scheduled from follow-on schedule check
[2025-07-07T14:25:49.573+0000] {local_task_job_runner.py:222} INFO - ::endgroup::
[2025-07-07T14:33:57.226+0000] {local_task_job_runner.py:120} INFO - ::group::Pre task execution logs
[2025-07-07T14:33:57.485+0000] {taskinstance.py:2076} INFO - Dependencies all met for dep_context=non-requeueable deps ti=<TaskInstance: fin_cotacoes_bcb_classic.extract scheduled__2025-03-06T00:00:00+00:00 [queued]>
[2025-07-07T14:33:57.523+0000] {taskinstance.py:2076} INFO - Dependencies all met for dep_context=requeueable deps ti=<TaskInstance: fin_cotacoes_bcb_classic.extract scheduled__2025-03-06T00:00:00+00:00 [queued]>
[2025-07-07T14:33:57.529+0000] {taskinstance.py:2306} INFO - Starting attempt 1 of 2
[2025-07-07T14:33:57.725+0000] {taskinstance.py:2330} INFO - Executing <Task(PythonOperator): extract> on 2025-03-06 00:00:00+00:00
[2025-07-07T14:33:57.753+0000] {standard_task_runner.py:90} INFO - Running: ['***', 'tasks', 'run', 'fin_cotacoes_bcb_classic', 'extract', 'scheduled__2025-03-06T00:00:00+00:00', '--job-id', '2380', '--raw', '--subdir', 'DAGS_FOLDER/cotacoes.py', '--cfg-path', '/tmp/tmpejk7kpi6']
[2025-07-07T14:33:57.758+0000] {standard_task_runner.py:91} INFO - Job 2380: Subtask extract
[2025-07-07T14:33:57.772+0000] {logging_mixin.py:188} WARNING - /home/***/.local/lib/python3.12/site-packages/***/task/task_runner/standard_task_runner.py:61 DeprecationWarning: This process (pid=78102) is multi-threaded, use of fork() may lead to deadlocks in the child.
[2025-07-07T14:33:57.781+0000] {standard_task_runner.py:63} INFO - Started process 78217 to run task
[2025-07-07T14:33:58.030+0000] {task_command.py:426} INFO - Running <TaskInstance: fin_cotacoes_bcb_classic.extract scheduled__2025-03-06T00:00:00+00:00 [running]> on host bc96ca91d307
[2025-07-07T14:33:58.330+0000] {taskinstance.py:2648} INFO - Exporting env vars: AIRFLOW_CTX_DAG_OWNER='***' AIRFLOW_CTX_DAG_ID='fin_cotacoes_bcb_classic' AIRFLOW_CTX_TASK_ID='extract' AIRFLOW_CTX_EXECUTION_DATE='2025-03-06T00:00:00+00:00' AIRFLOW_CTX_TRY_NUMBER='1' AIRFLOW_CTX_DAG_RUN_ID='scheduled__2025-03-06T00:00:00+00:00'
[2025-07-07T14:33:58.333+0000] {taskinstance.py:430} INFO - ::endgroup::
[2025-07-07T14:33:58.334+0000] {cotacoes.py:35} INFO - Iniciando extração da URL: https://www4.bcb.gov.br/Download/fechamento/20250306.csv
[2025-07-07T14:33:58.735+0000] {cotacoes.py:41} INFO - Extração concluída com sucesso.
[2025-07-07T14:33:58.765+0000] {python.py:237} INFO - Done. Returned value was: 06/03/2025;005;A;AFN;0,07943000;0,07966000;72,17000000;72,37000000
06/03/2025;009;A;ETB;0,04314000;0,04483000;128,24370000;133,24370000
06/03/2025;015;A;THB;0,17080000;0,17100000;33,62000000;33,66000000
06/03/2025;020;A;PAB;5,74830000;5,74890000;1,00000000;1,00000000
06/03/2025;027;A;VES;0,08897000;0,08920000;64,45010000;64,61160000
06/03/2025;030;A;BOB;0,82000000;0,83800000;6,86000000;7,01000000
06/03/2025;035;A;GHS;0,36970000;0,37210000;15,45000000;15,55000000
06/03/2025;040;A;CRC;0,01130000;0,01144000;502,56000000;508,71000000
06/03/2025;045;A;SVC;0,65620000;0,65710000;8,74950000;8,75950000
06/03/2025;051;A;NIO;0,15540000;0,15710000;36,60000000;37,00000000
06/03/2025;055;A;DKK;0,83360000;0,83370000;6,89550000;6,89590000
06/03/2025;060;A;ISK;0,04231000;0,04240000;135,58000000;135,87000000
06/03/2025;065;A;NOK;0,52880000;0,52950000;10,85750000;10,86970000
06/03/2025;070;A;SEK;0,56580000;0,56630000;10,15140000;10,16000000
06/03/2025;075;A;CZK;0,24840000;0,24850000;23,13100000;23,14100000
06/03/2025;090;A;GMD;0,07874000;0,07968000;72,15000000;73,00000000
06/03/2025;095;A;DZD;0,04292000;0,04325000;132,91130000;133,93580000
06/03/2025;100;A;KWD;18,63310000;18,66530000;0,30800000;0,30850000
06/03/2025;105;A;BHD;15,24340000;15,25310000;0,37690000;0,37710000
06/03/2025;115;A;IQD;0,00438500;0,00439200;1309,00000000;1311,00000000
06/03/2025;125;A;JOD;8,09620000;8,10620000;0,70920000;0,71000000
06/03/2025;130;A;LYD;1,18800000;1,19370000;4,81620000;4,83850000
06/03/2025;132;A;MKD;0,10080000;0,10170000;56,51000000;57,03000000
06/03/2025;133;A;RSD;0,05312000;0,05317000;108,13000000;108,22000000
06/03/2025;134;A;SDG;0,00954600;0,00960000;598,85020000;602,19120000
06/03/2025;135;A;TND;1,85490000;1,86110000;3,08900000;3,09900000
06/03/2025;136;A;SSP;0,00127800;0,00131000;4387,29380000;4497,29380000
06/03/2025;138;B;SDR;7,63780000;7,63860000;1,32870000;1,32870000
06/03/2025;139;A;MAD;0,58990000;0,59030000;9,73940000;9,74440000
06/03/2025;145;A;AED;1,56490000;1,56550000;3,67230000;3,67330000
06/03/2025;149;A;STN;0,24890000;0,25400000;22,63270000;23,09680000
06/03/2025;150;B;AUD;3,65020000;3,65170000;0,63500000;0,63520000
06/03/2025;155;A;BSD;5,74830000;5,74890000;1,00000000;1,00000000
06/03/2025;160;A;BMD;5,74830000;5,74890000;1,00000000;1,00000000
06/03/2025;165;A;CAD;4,02820000;4,02890000;1,42690000;1,42700000
06/03/2025;170;A;GYD;0,02731000;0,02764000;207,98000000;210,45000000
06/03/2025;173;A;NAD;0,31660000;0,31670000;18,15370000;18,15660000
06/03/2025;175;A;BBD;2,81770000;2,87720000;1,99810000;2,04010000
06/03/2025;180;A;BZD;2,84960000;2,87420000;2,00020000;2,01720000
06/03/2025;185;A;BND;4,31650000;4,31890000;1,33110000;1,33170000
06/03/2025;190;A;KYD;6,88420000;6,94730000;0,82750000;0,83500000
06/03/2025;195;A;SGD;4,31650000;4,31890000;1,33110000;1,33170000
06/03/2025;197;B;CLF;240,50890000;240,53400000;41,84000000;41,84000000
06/03/2025;200;B;FJD;2,47230000;2,55080000;0,43010000;0,44370000
06/03/2025;205;A;HKD;0,73970000;0,73980000;7,77100000;7,77120000
06/03/2025;210;A;TTD;0,84210000;0,85390000;6,73260000;6,82600000
06/03/2025;215;A;XCD;2,11330000;2,13710000;2,69000000;2,72000000
06/03/2025;220;A;USD;5,74830000;5,74890000;1,00000000;1,00000000
06/03/2025;230;A;JMD;0,03647000;0,03687000;155,91000000;157,61000000
06/03/2025;235;A;LRD;0,02846000;0,02903000;198,00000000;202,00000000
06/03/2025;245;B;NZD;3,30410000;3,30620000;0,57480000;0,57510000
06/03/2025;250;B;SBD;0,63630000;0,70420000;0,11070000;0,12250000
06/03/2025;255;A;SRD;0,15740000;0,16090000;35,72800000;36,51300000
06/03/2025;260;A;VND;0,00022510;0,00022560;25485,00000000;25535,00000000
06/03/2025;275;A;AMD;0,01453000;0,01461000;393,58000000;395,58000000
06/03/2025;295;A;CVE;0,05592000;0,05644000;101,86000000;102,80000000
06/03/2025;325;A;ANG;3,15840000;3,22160000;1,78450000;1,82000000
06/03/2025;328;A;AWG;3,12410000;3,22970000;1,78000000;1,84000000
06/03/2025;345;A;HUF;0,01559000;0,01559000;368,67000000;368,81000000
06/03/2025;363;A;CDF;0,00200300;0,00201100;2859,00000000;2870,00000000
06/03/2025;365;A;BIF;0,00191600;0,00196500;2925,00000000;3000,00000000
06/03/2025;368;A;KMF;0,01256000;0,01262000;455,66000000;457,66000000
06/03/2025;370;A;XAF;0,00889100;0,00948500;606,08000000;646,57000000
06/03/2025;372;A;XOF;0,00942700;0,00953800;602,75000000;609,75000000
06/03/2025;380;A;XPF;0,05184000;0,05231000;109,91000000;110,88000000
06/03/2025;390;A;DJF;0,03219000;0,03237000;177,60000000;178,55000000
06/03/2025;398;A;GNF;0,00066190;0,00066790;8608,00000000;8685,00000000
06/03/2025;406;A;MGA;0,00122400;0,00124400;4620,00000000;4695,77000000
06/03/2025;420;A;RWF;0,00407300;0,00412300;1394,39000000;1411,39000000
06/03/2025;425;A;CHF;6,48720000;6,48860000;0,88600000;0,88610000
06/03/2025;440;A;HTG;0,04355000;0,04402000;130,60000000;132,00000000
06/03/2025;450;A;PYG;0,00072500;0,00072620;7916,71000000;7928,47000000
06/03/2025;460;A;UAH;0,13850000;0,13950000;41,20000000;41,50000000
06/03/2025;470;A;JPY;0,03877000;0,03878000;148,24000000;148,26000000
06/03/2025;482;A;GEL;2,04420000;2,08900000;2,75200000;2,81200000
06/03/2025;490;A;ALL;0,06252000;0,06283000;91,50000000;91,95000000
06/03/2025;495;A;HNL;0,22450000;0,22510000;25,54370000;25,60000000
06/03/2025;500;A;SLL;0,00025090;0,00025340;22683,00000000;22908,00000000
06/03/2025;503;A;MDL;0,31450000;0,31620000;18,18000000;18,28000000
06/03/2025;506;A;RON;1,25030000;1,25100000;4,59540000;4,59750000
06/03/2025;510;A;BGN;3,18080000;3,18180000;1,80680000;1,80720000
06/03/2025;530;B;GIP;7,41240000;7,41900000;1,28950000;1,29050000
06/03/2025;535;A;EGP;0,11330000;0,11350000;50,63000000;50,73000000
06/03/2025;540;B;GBP;7,40900000;7,41210000;1,28890000;1,28930000
06/03/2025;545;B;FKP;7,41240000;7,41900000;1,28950000;1,29050000
06/03/2025;560;A;LBP;0,00006410;0,00006420;89500,00000000;89700,00000000
06/03/2025;570;B;SHP;7,41070000;7,41320000;1,28920000;1,28950000
06/03/2025;575;A;SYP;0,00044180;0,00044220;13000,00000000;13010,00000000
06/03/2025;585;A;SZL;0,31640000;0,31700000;18,13650000;18,16850000
06/03/2025;603;A;LSL;0,31660000;0,31670000;18,15370000;18,15660000
06/03/2025;608;A;TMT;1,64020000;1,64500000;3,49470000;3,50470000
06/03/2025;622;A;MZN;0,08907000;0,09086000;63,27000000;64,54000000
06/03/2025;625;A;ERN;0,37940000;0,38330000;15,00000000;15,15000000
06/03/2025;630;A;NGN;0,00382800;0,00383300;1499,80000000;1501,80000000
06/03/2025;635;A;AOA;0,00617900;0,00630400;912,00000000;930,24000000
06/03/2025;640;A;TWD;0,17480000;0,17480000;32,88200000;32,88900000
06/03/2025;642;A;TRY;0,15780000;0,15790000;36,41060000;36,41760000
06/03/2025;660;A;PEN;1,57700000;1,57760000;3,64400000;3,64500000
06/03/2025;665;A;BTN;0,06597000;0,06606000;87,03100000;87,14000000
06/03/2025;670;A;MRO;0,01601000;0,01615000;356,00000000;359,00000000
06/03/2025;671;A;MRU;0,14450000;0,14500000;39,65000000;39,76900000
06/03/2025;680;B;TOP;2,33270000;2,47660000;0,40580000;0,43080000
06/03/2025;685;A;MOP;0,71750000;0,71830000;8,00400000;8,01200000
06/03/2025;706;A;ARS;0,00540300;0,00540600;1063,50000000;1064,00000000
06/03/2025;715;A;CLP;0,00620900;0,00621500;925,07000000;925,88000000
06/03/2025;720;A;COP;0,00139900;0,00139900;4108,34000000;4110,11000000
06/03/2025;721;B;COU;0,52140000;0,52140000;0,09070000;0,09070000
06/03/2025;725;A;CUP;0,23950000;0,23950000;24,00000000;24,00000000
06/03/2025;730;A;DOP;0,09161000;0,09217000;62,37000000;62,75000000
06/03/2025;735;A;PHP;0,10020000;0,10030000;57,32900000;57,35600000
06/03/2025;741;A;MXN;0,28300000;0,28310000;20,30650000;20,31100000
06/03/2025;745;A;UYU;0,13480000;0,13500000;42,59000000;42,63000000
06/03/2025;755;B;BWP;0,41910000;0,42370000;0,07290000;0,07370000
06/03/2025;760;A;MWK;0,00328400;0,00334800;1717,02000000;1750,32000000
06/03/2025;766;A;ZMW;0,19930000;0,19970000;28,78700000;28,83690000
06/03/2025;770;A;GTQ;0,74410000;0,74660000;7,70000000;7,72500000
06/03/2025;775;A;MMK;0,00272900;0,00274600;2093,70000000;2106,30000000
06/03/2025;778;B;PGK;1,38650000;1,42980000;0,24120000;0,24870000
06/03/2025;780;A;LAK;0,00026410;0,00026690;21537,00000000;21767,00000000
06/03/2025;785;A;ZAR;0,31660000;0,31670000;18,15120000;18,15620000
06/03/2025;795;A;CNY;0,79300000;0,79330000;7,24680000;7,24880000
06/03/2025;796;A;CNH;0,79370000;0,79380000;7,24200000;7,24270000
06/03/2025;800;A;QAR;1,57680000;1,57760000;3,64400000;3,64550000
06/03/2025;805;A;OMR;14,92680000;14,93610000;0,38490000;0,38510000
06/03/2025;810;A;YER;0,02329000;0,02334000;246,35000000;246,85000000
06/03/2025;815;A;IRR;0,00013680;0,00013690;42000,00000000;42005,00000000
06/03/2025;820;A;SAR;1,53240000;1,53270000;3,75090000;3,75110000
06/03/2025;825;A;KHR;0,00143100;0,00143800;3998,00000000;4018,00000000
06/03/2025;828;A;MYR;1,29760000;1,29920000;4,42500000;4,43000000
06/03/2025;830;A;RUB;0,06440000;0,06442000;89,24550000;89,25450000
06/03/2025;831;A;BYN;1,75300000;1,76020000;3,26610000;3,27910000
06/03/2025;835;A;TJS;0,52500000;0,52740000;10,90000000;10,95000000
06/03/2025;840;A;MUR;0,12660000;0,12750000;45,10000000;45,40000000
06/03/2025;845;A;NPR;0,04124000;0,04125000;139,38000000;139,40000000
06/03/2025;850;A;SCR;0,37790000;0,39760000;14,46040000;15,21070000
06/03/2025;855;A;LKR;0,01945000;0,01945000;295,50000000;295,60000000
06/03/2025;860;A;INR;0,06602000;0,06607000;87,01200000;87,06700000
06/03/2025;865;A;IDR;0,00035190;0,00035220;16325,00000000;16335,00000000
06/03/2025;870;A;MVR;0,37090000;0,37280000;15,42000000;15,50000000
06/03/2025;875;A;PKR;0,02053000;0,02058000;279,41000000;279,93000000
06/03/2025;880;A;ILS;1,59440000;1,59590000;3,60240000;3,60540000
06/03/2025;892;A;KGS;0,06569000;0,06574000;87,45000000;87,50430000
06/03/2025;893;A;UZS;0,00044480;0,00044520;12913,36000000;12923,36000000
06/03/2025;905;A;BDT;0,04712000;0,04751000;121,00000000;122,00000000
06/03/2025;912;B;WST;2,01250000;2,06160000;0,35010000;0,35860000
06/03/2025;913;A;KZT;0,01155000;0,01156000;497,14000000;497,69000000
06/03/2025;915;A;MNT;0,00165500;0,00165800;3467,00000000;3473,00000000
06/03/2025;920;A;VUV;0,04508000;0,04697000;122,40000000;127,50000000
06/03/2025;930;A;KRW;0,00397300;0,00397500;1446,29000000;1446,71000000
06/03/2025;946;A;TZS;0,00215300;0,00221100;2600,00000000;2670,00000000
06/03/2025;950;A;KES;0,04442000;0,04460000;128,90000000;129,40000000
06/03/2025;955;A;UGX;0,00156400;0,00156900;3665,00000000;3675,00000000
06/03/2025;960;A;SOS;0,00999700;0,01012000;568,00000000;575,00000000
06/03/2025;975;A;PLN;1,49000000;1,49050000;3,85700000;3,85790000
06/03/2025;978;B;EUR;6,21740000;6,21920000;1,08160000;1,08180000
06/03/2025;998;A;XAU;538,73480000;538,79100000;0,01067000;0,01067000

[2025-07-07T14:33:58.773+0000] {taskinstance.py:441} INFO - ::group::Post task execution logs
[2025-07-07T14:33:58.834+0000] {taskinstance.py:1206} INFO - Marking task as SUCCESS. dag_id=fin_cotacoes_bcb_classic, task_id=extract, run_id=scheduled__2025-03-06T00:00:00+00:00, execution_date=20250306T000000, start_date=20250707T143357, end_date=20250707T143358
[2025-07-07T14:33:58.905+0000] {local_task_job_runner.py:240} INFO - Task exited with return code 0
[2025-07-07T14:33:58.941+0000] {local_task_job_runner.py:222} INFO - ::endgroup::
[2025-07-07T15:11:13.838+0000] {local_task_job_runner.py:120} INFO - ::group::Pre task execution logs
[2025-07-07T15:11:13.935+0000] {taskinstance.py:2076} INFO - Dependencies all met for dep_context=non-requeueable deps ti=<TaskInstance: fin_cotacoes_bcb_classic.extract scheduled__2025-03-06T00:00:00+00:00 [queued]>
[2025-07-07T15:11:13.971+0000] {taskinstance.py:2076} INFO - Dependencies all met for dep_context=requeueable deps ti=<TaskInstance: fin_cotacoes_bcb_classic.extract scheduled__2025-03-06T00:00:00+00:00 [queued]>
[2025-07-07T15:11:13.971+0000] {taskinstance.py:2306} INFO - Starting attempt 1 of 2
[2025-07-07T15:11:14.025+0000] {taskinstance.py:2330} INFO - Executing <Task(PythonOperator): extract> on 2025-03-06 00:00:00+00:00
[2025-07-07T15:11:14.076+0000] {standard_task_runner.py:90} INFO - Running: ['***', 'tasks', 'run', 'fin_cotacoes_bcb_classic', 'extract', 'scheduled__2025-03-06T00:00:00+00:00', '--job-id', '4046', '--raw', '--subdir', 'DAGS_FOLDER/cotacoes.py', '--cfg-path', '/tmp/tmp0cqlyrdg']
[2025-07-07T15:11:14.077+0000] {standard_task_runner.py:91} INFO - Job 4046: Subtask extract
[2025-07-07T15:11:14.072+0000] {logging_mixin.py:188} WARNING - /home/***/.local/lib/python3.12/site-packages/***/task/task_runner/standard_task_runner.py:61 DeprecationWarning: This process (pid=102781) is multi-threaded, use of fork() may lead to deadlocks in the child.
[2025-07-07T15:11:14.084+0000] {standard_task_runner.py:63} INFO - Started process 102825 to run task
[2025-07-07T15:11:14.217+0000] {task_command.py:426} INFO - Running <TaskInstance: fin_cotacoes_bcb_classic.extract scheduled__2025-03-06T00:00:00+00:00 [running]> on host bc96ca91d307
[2025-07-07T15:11:14.476+0000] {taskinstance.py:2648} INFO - Exporting env vars: AIRFLOW_CTX_DAG_OWNER='***' AIRFLOW_CTX_DAG_ID='fin_cotacoes_bcb_classic' AIRFLOW_CTX_TASK_ID='extract' AIRFLOW_CTX_EXECUTION_DATE='2025-03-06T00:00:00+00:00' AIRFLOW_CTX_TRY_NUMBER='1' AIRFLOW_CTX_DAG_RUN_ID='scheduled__2025-03-06T00:00:00+00:00'
[2025-07-07T15:11:14.477+0000] {taskinstance.py:430} INFO - ::endgroup::
[2025-07-07T15:11:14.478+0000] {cotacoes.py:35} INFO - Iniciando extração da URL: https://www4.bcb.gov.br/Download/fechamento/20250306.csv
[2025-07-07T15:11:14.886+0000] {cotacoes.py:41} INFO - Extração concluída com sucesso.
[2025-07-07T15:11:14.891+0000] {python.py:237} INFO - Done. Returned value was: 06/03/2025;005;A;AFN;0,07943000;0,07966000;72,17000000;72,37000000
06/03/2025;009;A;ETB;0,04314000;0,04483000;128,24370000;133,24370000
06/03/2025;015;A;THB;0,17080000;0,17100000;33,62000000;33,66000000
06/03/2025;020;A;PAB;5,74830000;5,74890000;1,00000000;1,00000000
06/03/2025;027;A;VES;0,08897000;0,08920000;64,45010000;64,61160000
06/03/2025;030;A;BOB;0,82000000;0,83800000;6,86000000;7,01000000
06/03/2025;035;A;GHS;0,36970000;0,37210000;15,45000000;15,55000000
06/03/2025;040;A;CRC;0,01130000;0,01144000;502,56000000;508,71000000
06/03/2025;045;A;SVC;0,65620000;0,65710000;8,74950000;8,75950000
06/03/2025;051;A;NIO;0,15540000;0,15710000;36,60000000;37,00000000
06/03/2025;055;A;DKK;0,83360000;0,83370000;6,89550000;6,89590000
06/03/2025;060;A;ISK;0,04231000;0,04240000;135,58000000;135,87000000
06/03/2025;065;A;NOK;0,52880000;0,52950000;10,85750000;10,86970000
06/03/2025;070;A;SEK;0,56580000;0,56630000;10,15140000;10,16000000
06/03/2025;075;A;CZK;0,24840000;0,24850000;23,13100000;23,14100000
06/03/2025;090;A;GMD;0,07874000;0,07968000;72,15000000;73,00000000
06/03/2025;095;A;DZD;0,04292000;0,04325000;132,91130000;133,93580000
06/03/2025;100;A;KWD;18,63310000;18,66530000;0,30800000;0,30850000
06/03/2025;105;A;BHD;15,24340000;15,25310000;0,37690000;0,37710000
06/03/2025;115;A;IQD;0,00438500;0,00439200;1309,00000000;1311,00000000
06/03/2025;125;A;JOD;8,09620000;8,10620000;0,70920000;0,71000000
06/03/2025;130;A;LYD;1,18800000;1,19370000;4,81620000;4,83850000
06/03/2025;132;A;MKD;0,10080000;0,10170000;56,51000000;57,03000000
06/03/2025;133;A;RSD;0,05312000;0,05317000;108,13000000;108,22000000
06/03/2025;134;A;SDG;0,00954600;0,00960000;598,85020000;602,19120000
06/03/2025;135;A;TND;1,85490000;1,86110000;3,08900000;3,09900000
06/03/2025;136;A;SSP;0,00127800;0,00131000;4387,29380000;4497,29380000
06/03/2025;138;B;SDR;7,63780000;7,63860000;1,32870000;1,32870000
06/03/2025;139;A;MAD;0,58990000;0,59030000;9,73940000;9,74440000
06/03/2025;145;A;AED;1,56490000;1,56550000;3,67230000;3,67330000
06/03/2025;149;A;STN;0,24890000;0,25400000;22,63270000;23,09680000
06/03/2025;150;B;AUD;3,65020000;3,65170000;0,63500000;0,63520000
06/03/2025;155;A;BSD;5,74830000;5,74890000;1,00000000;1,00000000
06/03/2025;160;A;BMD;5,74830000;5,74890000;1,00000000;1,00000000
06/03/2025;165;A;CAD;4,02820000;4,02890000;1,42690000;1,42700000
06/03/2025;170;A;GYD;0,02731000;0,02764000;207,98000000;210,45000000
06/03/2025;173;A;NAD;0,31660000;0,31670000;18,15370000;18,15660000
06/03/2025;175;A;BBD;2,81770000;2,87720000;1,99810000;2,04010000
06/03/2025;180;A;BZD;2,84960000;2,87420000;2,00020000;2,01720000
06/03/2025;185;A;BND;4,31650000;4,31890000;1,33110000;1,33170000
06/03/2025;190;A;KYD;6,88420000;6,94730000;0,82750000;0,83500000
06/03/2025;195;A;SGD;4,31650000;4,31890000;1,33110000;1,33170000
06/03/2025;197;B;CLF;240,50890000;240,53400000;41,84000000;41,84000000
06/03/2025;200;B;FJD;2,47230000;2,55080000;0,43010000;0,44370000
06/03/2025;205;A;HKD;0,73970000;0,73980000;7,77100000;7,77120000
06/03/2025;210;A;TTD;0,84210000;0,85390000;6,73260000;6,82600000
06/03/2025;215;A;XCD;2,11330000;2,13710000;2,69000000;2,72000000
06/03/2025;220;A;USD;5,74830000;5,74890000;1,00000000;1,00000000
06/03/2025;230;A;JMD;0,03647000;0,03687000;155,91000000;157,61000000
06/03/2025;235;A;LRD;0,02846000;0,02903000;198,00000000;202,00000000
06/03/2025;245;B;NZD;3,30410000;3,30620000;0,57480000;0,57510000
06/03/2025;250;B;SBD;0,63630000;0,70420000;0,11070000;0,12250000
06/03/2025;255;A;SRD;0,15740000;0,16090000;35,72800000;36,51300000
06/03/2025;260;A;VND;0,00022510;0,00022560;25485,00000000;25535,00000000
06/03/2025;275;A;AMD;0,01453000;0,01461000;393,58000000;395,58000000
06/03/2025;295;A;CVE;0,05592000;0,05644000;101,86000000;102,80000000
06/03/2025;325;A;ANG;3,15840000;3,22160000;1,78450000;1,82000000
06/03/2025;328;A;AWG;3,12410000;3,22970000;1,78000000;1,84000000
06/03/2025;345;A;HUF;0,01559000;0,01559000;368,67000000;368,81000000
06/03/2025;363;A;CDF;0,00200300;0,00201100;2859,00000000;2870,00000000
06/03/2025;365;A;BIF;0,00191600;0,00196500;2925,00000000;3000,00000000
06/03/2025;368;A;KMF;0,01256000;0,01262000;455,66000000;457,66000000
06/03/2025;370;A;XAF;0,00889100;0,00948500;606,08000000;646,57000000
06/03/2025;372;A;XOF;0,00942700;0,00953800;602,75000000;609,75000000
06/03/2025;380;A;XPF;0,05184000;0,05231000;109,91000000;110,88000000
06/03/2025;390;A;DJF;0,03219000;0,03237000;177,60000000;178,55000000
06/03/2025;398;A;GNF;0,00066190;0,00066790;8608,00000000;8685,00000000
06/03/2025;406;A;MGA;0,00122400;0,00124400;4620,00000000;4695,77000000
06/03/2025;420;A;RWF;0,00407300;0,00412300;1394,39000000;1411,39000000
06/03/2025;425;A;CHF;6,48720000;6,48860000;0,88600000;0,88610000
06/03/2025;440;A;HTG;0,04355000;0,04402000;130,60000000;132,00000000
06/03/2025;450;A;PYG;0,00072500;0,00072620;7916,71000000;7928,47000000
06/03/2025;460;A;UAH;0,13850000;0,13950000;41,20000000;41,50000000
06/03/2025;470;A;JPY;0,03877000;0,03878000;148,24000000;148,26000000
06/03/2025;482;A;GEL;2,04420000;2,08900000;2,75200000;2,81200000
06/03/2025;490;A;ALL;0,06252000;0,06283000;91,50000000;91,95000000
06/03/2025;495;A;HNL;0,22450000;0,22510000;25,54370000;25,60000000
06/03/2025;500;A;SLL;0,00025090;0,00025340;22683,00000000;22908,00000000
06/03/2025;503;A;MDL;0,31450000;0,31620000;18,18000000;18,28000000
06/03/2025;506;A;RON;1,25030000;1,25100000;4,59540000;4,59750000
06/03/2025;510;A;BGN;3,18080000;3,18180000;1,80680000;1,80720000
06/03/2025;530;B;GIP;7,41240000;7,41900000;1,28950000;1,29050000
06/03/2025;535;A;EGP;0,11330000;0,11350000;50,63000000;50,73000000
06/03/2025;540;B;GBP;7,40900000;7,41210000;1,28890000;1,28930000
06/03/2025;545;B;FKP;7,41240000;7,41900000;1,28950000;1,29050000
06/03/2025;560;A;LBP;0,00006410;0,00006420;89500,00000000;89700,00000000
06/03/2025;570;B;SHP;7,41070000;7,41320000;1,28920000;1,28950000
06/03/2025;575;A;SYP;0,00044180;0,00044220;13000,00000000;13010,00000000
06/03/2025;585;A;SZL;0,31640000;0,31700000;18,13650000;18,16850000
06/03/2025;603;A;LSL;0,31660000;0,31670000;18,15370000;18,15660000
06/03/2025;608;A;TMT;1,64020000;1,64500000;3,49470000;3,50470000
06/03/2025;622;A;MZN;0,08907000;0,09086000;63,27000000;64,54000000
06/03/2025;625;A;ERN;0,37940000;0,38330000;15,00000000;15,15000000
06/03/2025;630;A;NGN;0,00382800;0,00383300;1499,80000000;1501,80000000
06/03/2025;635;A;AOA;0,00617900;0,00630400;912,00000000;930,24000000
06/03/2025;640;A;TWD;0,17480000;0,17480000;32,88200000;32,88900000
06/03/2025;642;A;TRY;0,15780000;0,15790000;36,41060000;36,41760000
06/03/2025;660;A;PEN;1,57700000;1,57760000;3,64400000;3,64500000
06/03/2025;665;A;BTN;0,06597000;0,06606000;87,03100000;87,14000000
06/03/2025;670;A;MRO;0,01601000;0,01615000;356,00000000;359,00000000
06/03/2025;671;A;MRU;0,14450000;0,14500000;39,65000000;39,76900000
06/03/2025;680;B;TOP;2,33270000;2,47660000;0,40580000;0,43080000
06/03/2025;685;A;MOP;0,71750000;0,71830000;8,00400000;8,01200000
06/03/2025;706;A;ARS;0,00540300;0,00540600;1063,50000000;1064,00000000
06/03/2025;715;A;CLP;0,00620900;0,00621500;925,07000000;925,88000000
06/03/2025;720;A;COP;0,00139900;0,00139900;4108,34000000;4110,11000000
06/03/2025;721;B;COU;0,52140000;0,52140000;0,09070000;0,09070000
06/03/2025;725;A;CUP;0,23950000;0,23950000;24,00000000;24,00000000
06/03/2025;730;A;DOP;0,09161000;0,09217000;62,37000000;62,75000000
06/03/2025;735;A;PHP;0,10020000;0,10030000;57,32900000;57,35600000
06/03/2025;741;A;MXN;0,28300000;0,28310000;20,30650000;20,31100000
06/03/2025;745;A;UYU;0,13480000;0,13500000;42,59000000;42,63000000
06/03/2025;755;B;BWP;0,41910000;0,42370000;0,07290000;0,07370000
06/03/2025;760;A;MWK;0,00328400;0,00334800;1717,02000000;1750,32000000
06/03/2025;766;A;ZMW;0,19930000;0,19970000;28,78700000;28,83690000
06/03/2025;770;A;GTQ;0,74410000;0,74660000;7,70000000;7,72500000
06/03/2025;775;A;MMK;0,00272900;0,00274600;2093,70000000;2106,30000000
06/03/2025;778;B;PGK;1,38650000;1,42980000;0,24120000;0,24870000
06/03/2025;780;A;LAK;0,00026410;0,00026690;21537,00000000;21767,00000000
06/03/2025;785;A;ZAR;0,31660000;0,31670000;18,15120000;18,15620000
06/03/2025;795;A;CNY;0,79300000;0,79330000;7,24680000;7,24880000
06/03/2025;796;A;CNH;0,79370000;0,79380000;7,24200000;7,24270000
06/03/2025;800;A;QAR;1,57680000;1,57760000;3,64400000;3,64550000
06/03/2025;805;A;OMR;14,92680000;14,93610000;0,38490000;0,38510000
06/03/2025;810;A;YER;0,02329000;0,02334000;246,35000000;246,85000000
06/03/2025;815;A;IRR;0,00013680;0,00013690;42000,00000000;42005,00000000
06/03/2025;820;A;SAR;1,53240000;1,53270000;3,75090000;3,75110000
06/03/2025;825;A;KHR;0,00143100;0,00143800;3998,00000000;4018,00000000
06/03/2025;828;A;MYR;1,29760000;1,29920000;4,42500000;4,43000000
06/03/2025;830;A;RUB;0,06440000;0,06442000;89,24550000;89,25450000
06/03/2025;831;A;BYN;1,75300000;1,76020000;3,26610000;3,27910000
06/03/2025;835;A;TJS;0,52500000;0,52740000;10,90000000;10,95000000
06/03/2025;840;A;MUR;0,12660000;0,12750000;45,10000000;45,40000000
06/03/2025;845;A;NPR;0,04124000;0,04125000;139,38000000;139,40000000
06/03/2025;850;A;SCR;0,37790000;0,39760000;14,46040000;15,21070000
06/03/2025;855;A;LKR;0,01945000;0,01945000;295,50000000;295,60000000
06/03/2025;860;A;INR;0,06602000;0,06607000;87,01200000;87,06700000
06/03/2025;865;A;IDR;0,00035190;0,00035220;16325,00000000;16335,00000000
06/03/2025;870;A;MVR;0,37090000;0,37280000;15,42000000;15,50000000
06/03/2025;875;A;PKR;0,02053000;0,02058000;279,41000000;279,93000000
06/03/2025;880;A;ILS;1,59440000;1,59590000;3,60240000;3,60540000
06/03/2025;892;A;KGS;0,06569000;0,06574000;87,45000000;87,50430000
06/03/2025;893;A;UZS;0,00044480;0,00044520;12913,36000000;12923,36000000
06/03/2025;905;A;BDT;0,04712000;0,04751000;121,00000000;122,00000000
06/03/2025;912;B;WST;2,01250000;2,06160000;0,35010000;0,35860000
06/03/2025;913;A;KZT;0,01155000;0,01156000;497,14000000;497,69000000
06/03/2025;915;A;MNT;0,00165500;0,00165800;3467,00000000;3473,00000000
06/03/2025;920;A;VUV;0,04508000;0,04697000;122,40000000;127,50000000
06/03/2025;930;A;KRW;0,00397300;0,00397500;1446,29000000;1446,71000000
06/03/2025;946;A;TZS;0,00215300;0,00221100;2600,00000000;2670,00000000
06/03/2025;950;A;KES;0,04442000;0,04460000;128,90000000;129,40000000
06/03/2025;955;A;UGX;0,00156400;0,00156900;3665,00000000;3675,00000000
06/03/2025;960;A;SOS;0,00999700;0,01012000;568,00000000;575,00000000
06/03/2025;975;A;PLN;1,49000000;1,49050000;3,85700000;3,85790000
06/03/2025;978;B;EUR;6,21740000;6,21920000;1,08160000;1,08180000
06/03/2025;998;A;XAU;538,73480000;538,79100000;0,01067000;0,01067000

[2025-07-07T15:11:14.892+0000] {taskinstance.py:441} INFO - ::group::Post task execution logs
[2025-07-07T15:11:14.994+0000] {taskinstance.py:1206} INFO - Marking task as SUCCESS. dag_id=fin_cotacoes_bcb_classic, task_id=extract, run_id=scheduled__2025-03-06T00:00:00+00:00, execution_date=20250306T000000, start_date=20250707T151113, end_date=20250707T151114
[2025-07-07T15:11:15.613+0000] {local_task_job_runner.py:240} INFO - Task exited with return code 0
[2025-07-07T15:11:15.671+0000] {taskinstance.py:3503} INFO - 0 downstream tasks scheduled from follow-on schedule check
[2025-07-07T15:11:15.676+0000] {local_task_job_runner.py:222} INFO - ::endgroup::
