[2025-07-06T19:50:12.448+0000] {local_task_job_runner.py:120} INFO - ::group::Pre task execution logs
[2025-07-06T19:50:12.568+0000] {taskinstance.py:2076} INFO - Dependencies all met for dep_context=non-requeueable deps ti=<TaskInstance: fin_cotacoes_bcb_classic.extract scheduled__2025-04-12T00:00:00+00:00 [queued]>
[2025-07-06T19:50:12.605+0000] {taskinstance.py:2076} INFO - Dependencies all met for dep_context=requeueable deps ti=<TaskInstance: fin_cotacoes_bcb_classic.extract scheduled__2025-04-12T00:00:00+00:00 [queued]>
[2025-07-06T19:50:12.605+0000] {taskinstance.py:2306} INFO - Starting attempt 1 of 2
[2025-07-06T19:50:12.653+0000] {taskinstance.py:2330} INFO - Executing <Task(PythonOperator): extract> on 2025-04-12 00:00:00+00:00
[2025-07-06T19:50:12.681+0000] {logging_mixin.py:188} WARNING - /home/***/.local/lib/python3.12/site-packages/***/task/task_runner/standard_task_runner.py:61 DeprecationWarning: This process (pid=11175) is multi-threaded, use of fork() may lead to deadlocks in the child.
[2025-07-06T19:50:12.683+0000] {standard_task_runner.py:63} INFO - Started process 11209 to run task
[2025-07-06T19:50:12.683+0000] {standard_task_runner.py:90} INFO - Running: ['***', 'tasks', 'run', 'fin_cotacoes_bcb_classic', 'extract', 'scheduled__2025-04-12T00:00:00+00:00', '--job-id', '1222', '--raw', '--subdir', 'DAGS_FOLDER/cotacoes.py', '--cfg-path', '/tmp/tmp07odwi1g']
[2025-07-06T19:50:12.693+0000] {standard_task_runner.py:91} INFO - Job 1222: Subtask extract
[2025-07-06T19:50:12.851+0000] {task_command.py:426} INFO - Running <TaskInstance: fin_cotacoes_bcb_classic.extract scheduled__2025-04-12T00:00:00+00:00 [running]> on host 20adb53d65c4
[2025-07-06T19:50:13.123+0000] {taskinstance.py:2648} INFO - Exporting env vars: AIRFLOW_CTX_DAG_OWNER='***' AIRFLOW_CTX_DAG_ID='fin_cotacoes_bcb_classic' AIRFLOW_CTX_TASK_ID='extract' AIRFLOW_CTX_EXECUTION_DATE='2025-04-12T00:00:00+00:00' AIRFLOW_CTX_TRY_NUMBER='1' AIRFLOW_CTX_DAG_RUN_ID='scheduled__2025-04-12T00:00:00+00:00'
[2025-07-06T19:50:13.124+0000] {taskinstance.py:430} INFO - ::endgroup::
[2025-07-06T19:50:13.125+0000] {cotacoes.py:37} INFO - Iniciando extração da URL: https://www4.bcb.gov.br/Download/fechamento/20250412.csv
[2025-07-06T19:50:13.492+0000] {cotacoes.py:46} ERROR - Erro ao acessar a URL: 404 Client Error: Not Found for url: https://www4.bcb.gov.br/Download/fechamento/20250412.csv
[2025-07-06T19:50:13.494+0000] {python.py:237} INFO - Done. Returned value was: None
[2025-07-06T19:50:13.502+0000] {taskinstance.py:441} INFO - ::group::Post task execution logs
[2025-07-06T19:50:13.548+0000] {taskinstance.py:1206} INFO - Marking task as SUCCESS. dag_id=fin_cotacoes_bcb_classic, task_id=extract, run_id=scheduled__2025-04-12T00:00:00+00:00, execution_date=20250412T000000, start_date=20250706T195012, end_date=20250706T195013
[2025-07-06T19:50:13.636+0000] {local_task_job_runner.py:240} INFO - Task exited with return code 0
[2025-07-06T19:50:13.687+0000] {logging_mixin.py:188} WARNING - /home/***/.local/lib/python3.12/site-packages/***/models/baseoperator.py:1297 AirflowProviderDeprecationWarning: Call to deprecated class PostgresOperator. (Please use `***.providers.common.sql.operators.sql.SQLExecuteQueryOperator`.Also, you can provide `hook_params={'schema': <database>}`.)
[2025-07-06T19:50:13.722+0000] {taskinstance.py:3503} INFO - 1 downstream tasks scheduled from follow-on schedule check
[2025-07-06T19:50:13.728+0000] {local_task_job_runner.py:222} INFO - ::endgroup::
[2025-07-07T14:34:39.625+0000] {local_task_job_runner.py:120} INFO - ::group::Pre task execution logs
[2025-07-07T14:34:39.808+0000] {taskinstance.py:2076} INFO - Dependencies all met for dep_context=non-requeueable deps ti=<TaskInstance: fin_cotacoes_bcb_classic.extract scheduled__2025-04-12T00:00:00+00:00 [queued]>
[2025-07-07T14:34:39.847+0000] {taskinstance.py:2076} INFO - Dependencies all met for dep_context=requeueable deps ti=<TaskInstance: fin_cotacoes_bcb_classic.extract scheduled__2025-04-12T00:00:00+00:00 [queued]>
[2025-07-07T14:34:39.848+0000] {taskinstance.py:2306} INFO - Starting attempt 1 of 2
[2025-07-07T14:34:39.927+0000] {taskinstance.py:2330} INFO - Executing <Task(PythonOperator): extract> on 2025-04-12 00:00:00+00:00
[2025-07-07T14:34:39.983+0000] {logging_mixin.py:188} WARNING - /home/***/.local/lib/python3.12/site-packages/***/task/task_runner/standard_task_runner.py:61 DeprecationWarning: This process (pid=78797) is multi-threaded, use of fork() may lead to deadlocks in the child.
[2025-07-07T14:34:39.989+0000] {standard_task_runner.py:63} INFO - Started process 78930 to run task
[2025-07-07T14:34:39.991+0000] {standard_task_runner.py:90} INFO - Running: ['***', 'tasks', 'run', 'fin_cotacoes_bcb_classic', 'extract', 'scheduled__2025-04-12T00:00:00+00:00', '--job-id', '2484', '--raw', '--subdir', 'DAGS_FOLDER/cotacoes.py', '--cfg-path', '/tmp/tmpe2vh3z_g']
[2025-07-07T14:34:39.992+0000] {standard_task_runner.py:91} INFO - Job 2484: Subtask extract
[2025-07-07T14:34:40.143+0000] {task_command.py:426} INFO - Running <TaskInstance: fin_cotacoes_bcb_classic.extract scheduled__2025-04-12T00:00:00+00:00 [running]> on host bc96ca91d307
[2025-07-07T14:34:40.420+0000] {taskinstance.py:2648} INFO - Exporting env vars: AIRFLOW_CTX_DAG_OWNER='***' AIRFLOW_CTX_DAG_ID='fin_cotacoes_bcb_classic' AIRFLOW_CTX_TASK_ID='extract' AIRFLOW_CTX_EXECUTION_DATE='2025-04-12T00:00:00+00:00' AIRFLOW_CTX_TRY_NUMBER='1' AIRFLOW_CTX_DAG_RUN_ID='scheduled__2025-04-12T00:00:00+00:00'
[2025-07-07T14:34:40.421+0000] {taskinstance.py:430} INFO - ::endgroup::
[2025-07-07T14:34:40.422+0000] {cotacoes.py:35} INFO - Iniciando extração da URL: https://www4.bcb.gov.br/Download/fechamento/20250412.csv
[2025-07-07T14:34:40.832+0000] {cotacoes.py:46} WARNING - Não foi possível extrair dados da URL (pode ser um dia sem cotação): 404 Client Error: Not Found for url: https://www4.bcb.gov.br/Download/fechamento/20250412.csv
[2025-07-07T14:34:40.838+0000] {python.py:237} INFO - Done. Returned value was: None
[2025-07-07T14:34:40.838+0000] {taskinstance.py:441} INFO - ::group::Post task execution logs
[2025-07-07T14:34:40.868+0000] {taskinstance.py:1206} INFO - Marking task as SUCCESS. dag_id=fin_cotacoes_bcb_classic, task_id=extract, run_id=scheduled__2025-04-12T00:00:00+00:00, execution_date=20250412T000000, start_date=20250707T143439, end_date=20250707T143440
[2025-07-07T14:34:41.149+0000] {local_task_job_runner.py:240} INFO - Task exited with return code 0
[2025-07-07T14:34:41.276+0000] {taskinstance.py:3503} INFO - 1 downstream tasks scheduled from follow-on schedule check
[2025-07-07T14:34:41.288+0000] {local_task_job_runner.py:222} INFO - ::endgroup::
[2025-07-07T15:11:54.440+0000] {local_task_job_runner.py:120} INFO - ::group::Pre task execution logs
[2025-07-07T15:11:54.540+0000] {taskinstance.py:2076} INFO - Dependencies all met for dep_context=non-requeueable deps ti=<TaskInstance: fin_cotacoes_bcb_classic.extract scheduled__2025-04-12T00:00:00+00:00 [queued]>
[2025-07-07T15:11:54.559+0000] {taskinstance.py:2076} INFO - Dependencies all met for dep_context=requeueable deps ti=<TaskInstance: fin_cotacoes_bcb_classic.extract scheduled__2025-04-12T00:00:00+00:00 [queued]>
[2025-07-07T15:11:54.560+0000] {taskinstance.py:2306} INFO - Starting attempt 1 of 2
[2025-07-07T15:11:54.586+0000] {taskinstance.py:2330} INFO - Executing <Task(PythonOperator): extract> on 2025-04-12 00:00:00+00:00
[2025-07-07T15:11:54.606+0000] {standard_task_runner.py:90} INFO - Running: ['***', 'tasks', 'run', 'fin_cotacoes_bcb_classic', 'extract', 'scheduled__2025-04-12T00:00:00+00:00', '--job-id', '4151', '--raw', '--subdir', 'DAGS_FOLDER/cotacoes.py', '--cfg-path', '/tmp/tmpon4_6roh']
[2025-07-07T15:11:54.608+0000] {standard_task_runner.py:91} INFO - Job 4151: Subtask extract
[2025-07-07T15:11:54.609+0000] {logging_mixin.py:188} WARNING - /home/***/.local/lib/python3.12/site-packages/***/task/task_runner/standard_task_runner.py:61 DeprecationWarning: This process (pid=103412) is multi-threaded, use of fork() may lead to deadlocks in the child.
[2025-07-07T15:11:54.609+0000] {standard_task_runner.py:63} INFO - Started process 103442 to run task
[2025-07-07T15:11:54.681+0000] {task_command.py:426} INFO - Running <TaskInstance: fin_cotacoes_bcb_classic.extract scheduled__2025-04-12T00:00:00+00:00 [running]> on host bc96ca91d307
[2025-07-07T15:11:54.886+0000] {taskinstance.py:2648} INFO - Exporting env vars: AIRFLOW_CTX_DAG_OWNER='***' AIRFLOW_CTX_DAG_ID='fin_cotacoes_bcb_classic' AIRFLOW_CTX_TASK_ID='extract' AIRFLOW_CTX_EXECUTION_DATE='2025-04-12T00:00:00+00:00' AIRFLOW_CTX_TRY_NUMBER='1' AIRFLOW_CTX_DAG_RUN_ID='scheduled__2025-04-12T00:00:00+00:00'
[2025-07-07T15:11:54.887+0000] {taskinstance.py:430} INFO - ::endgroup::
[2025-07-07T15:11:54.888+0000] {cotacoes.py:35} INFO - Iniciando extração da URL: https://www4.bcb.gov.br/Download/fechamento/20250412.csv
[2025-07-07T15:11:55.184+0000] {cotacoes.py:46} WARNING - Não foi possível extrair dados da URL (pode ser um dia sem cotação): 404 Client Error: Not Found for url: https://www4.bcb.gov.br/Download/fechamento/20250412.csv
[2025-07-07T15:11:55.186+0000] {python.py:237} INFO - Done. Returned value was: None
[2025-07-07T15:11:55.201+0000] {taskinstance.py:441} INFO - ::group::Post task execution logs
[2025-07-07T15:11:55.237+0000] {taskinstance.py:1206} INFO - Marking task as SUCCESS. dag_id=fin_cotacoes_bcb_classic, task_id=extract, run_id=scheduled__2025-04-12T00:00:00+00:00, execution_date=20250412T000000, start_date=20250707T151154, end_date=20250707T151155
[2025-07-07T15:11:55.312+0000] {local_task_job_runner.py:240} INFO - Task exited with return code 0
[2025-07-07T15:11:55.394+0000] {taskinstance.py:3503} INFO - 0 downstream tasks scheduled from follow-on schedule check
[2025-07-07T15:11:55.400+0000] {local_task_job_runner.py:222} INFO - ::endgroup::
