[2025-07-06T19:18:29.477+0000] {local_task_job_runner.py:120} INFO - ::group::Pre task execution logs
[2025-07-06T19:18:29.549+0000] {taskinstance.py:2076} INFO - Dependencies all met for dep_context=non-requeueable deps ti=<TaskInstance: fin_cotacoes_bcb_classic.extract scheduled__2025-01-10T00:00:00+00:00 [queued]>
[2025-07-06T19:18:29.576+0000] {taskinstance.py:2076} INFO - Dependencies all met for dep_context=requeueable deps ti=<TaskInstance: fin_cotacoes_bcb_classic.extract scheduled__2025-01-10T00:00:00+00:00 [queued]>
[2025-07-06T19:18:29.576+0000] {taskinstance.py:2306} INFO - Starting attempt 1 of 2
[2025-07-06T19:18:29.784+0000] {taskinstance.py:2330} INFO - Executing <Task(PythonOperator): extract> on 2025-01-10 00:00:00+00:00
[2025-07-06T19:18:29.802+0000] {logging_mixin.py:188} WARNING - /home/***/.local/lib/python3.12/site-packages/***/task/task_runner/standard_task_runner.py:61 DeprecationWarning: This process (pid=17299) is multi-threaded, use of fork() may lead to deadlocks in the child.
[2025-07-06T19:18:29.805+0000] {standard_task_runner.py:63} INFO - Started process 17341 to run task
[2025-07-06T19:18:29.812+0000] {standard_task_runner.py:90} INFO - Running: ['***', 'tasks', 'run', 'fin_cotacoes_bcb_classic', 'extract', 'scheduled__2025-01-10T00:00:00+00:00', '--job-id', '939', '--raw', '--subdir', 'DAGS_FOLDER/cotacoes.py', '--cfg-path', '/tmp/tmpmuwi083x']
[2025-07-06T19:18:29.814+0000] {standard_task_runner.py:91} INFO - Job 939: Subtask extract
[2025-07-06T19:18:29.943+0000] {task_command.py:426} INFO - Running <TaskInstance: fin_cotacoes_bcb_classic.extract scheduled__2025-01-10T00:00:00+00:00 [running]> on host 20adb53d65c4
[2025-07-06T19:18:30.079+0000] {taskinstance.py:2648} INFO - Exporting env vars: AIRFLOW_CTX_DAG_OWNER='***' AIRFLOW_CTX_DAG_ID='fin_cotacoes_bcb_classic' AIRFLOW_CTX_TASK_ID='extract' AIRFLOW_CTX_EXECUTION_DATE='2025-01-10T00:00:00+00:00' AIRFLOW_CTX_TRY_NUMBER='1' AIRFLOW_CTX_DAG_RUN_ID='scheduled__2025-01-10T00:00:00+00:00'
[2025-07-06T19:18:30.081+0000] {taskinstance.py:430} INFO - ::endgroup::
[2025-07-06T19:18:30.081+0000] {cotacoes.py:37} INFO - Iniciando extração da URL: https://www4.bcb.gov.br/Download/fechamento/20250110.csv
[2025-07-06T19:18:30.318+0000] {cotacoes.py:43} INFO - Extração concluída com sucesso.
[2025-07-06T19:18:30.319+0000] {python.py:237} INFO - Done. Returned value was: 10/01/2025;005;A;AFN;0,08553000;0,08594000;70,94000000;71,27000000
10/01/2025;009;A;ETB;0,04676000;0,04863000;125,35310000;130,35310000
10/01/2025;015;A;THB;0,17570000;0,17580000;34,68000000;34,70000000
10/01/2025;020;A;PAB;6,09590000;6,09650000;1,00000000;1,00000000
10/01/2025;027;A;VES;0,11320000;0,11350000;53,71760000;53,85220000
10/01/2025;030;A;BOB;0,87080000;0,89000000;6,85000000;7,00000000
10/01/2025;035;A;GHS;0,41190000;0,41330000;14,75000000;14,80000000
10/01/2025;040;A;CRC;0,01199000;0,01214000;502,21000000;508,36000000
10/01/2025;045;A;SVC;0,69590000;0,69680000;8,74950000;8,75950000
10/01/2025;051;A;NIO;0,16480000;0,16660000;36,60000000;37,00000000
10/01/2025;055;A;DKK;0,83750000;0,83770000;7,27780000;7,27850000
10/01/2025;060;A;ISK;0,04314000;0,04323000;141,01000000;141,32000000
10/01/2025;065;A;NOK;0,53160000;0,53180000;11,46490000;11,46790000
10/01/2025;070;A;SEK;0,54360000;0,54380000;11,21100000;11,21330000
10/01/2025;075;A;CZK;0,24890000;0,24930000;24,45500000;24,48900000
10/01/2025;090;A;GMD;0,08351000;0,08465000;72,02000000;73,00000000
10/01/2025;095;A;DZD;0,04467000;0,04498000;135,52950000;136,45480000
10/01/2025;100;A;KWD;19,75340000;19,76820000;0,30840000;0,30860000
10/01/2025;105;A;BHD;16,16950000;16,17110000;0,37700000;0,37700000
10/01/2025;115;A;IQD;0,00465000;0,00465700;1309,00000000;1311,00000000
10/01/2025;125;A;JOD;8,58580000;8,59020000;0,70970000;0,71000000
10/01/2025;130;A;LYD;1,23050000;1,23620000;4,93160000;4,95390000
10/01/2025;132;A;MKD;0,10160000;0,10250000;59,46000000;59,97000000
10/01/2025;133;A;RSD;0,05337000;0,05342000;114,13000000;114,21000000
10/01/2025;134;A;SDG;0,01012000;0,01018000;598,85020000;602,19120000
10/01/2025;135;A;TND;1,89140000;1,89720000;3,21350000;3,22300000
10/01/2025;136;A;SSP;0,00148700;0,00152400;4000,00000000;4100,00000000
10/01/2025;138;B;SDR;7,90820000;7,90900000;1,29730000;1,29730000
10/01/2025;139;A;MAD;0,60450000;0,60480000;10,07960000;10,08460000
10/01/2025;145;A;AED;1,65950000;1,66000000;3,67260000;3,67340000
10/01/2025;149;A;STN;0,25000000;0,25510000;23,89770000;24,38780000
10/01/2025;150;B;AUD;3,75200000;3,75300000;0,61550000;0,61560000
10/01/2025;155;A;BSD;6,09590000;6,09650000;1,00000000;1,00000000
10/01/2025;160;A;BMD;6,09590000;6,09650000;1,00000000;1,00000000
10/01/2025;165;A;CAD;4,22560000;4,22690000;1,44230000;1,44260000
10/01/2025;170;A;GYD;0,02897000;0,02931000;207,98000000;210,45000000
10/01/2025;173;A;NAD;0,31890000;0,31900000;19,11150000;19,11440000
10/01/2025;175;A;BBD;2,98800000;3,05110000;1,99810000;2,04010000
10/01/2025;180;A;BZD;3,02200000;3,04790000;2,00020000;2,01720000
10/01/2025;185;A;BND;4,44210000;4,44420000;1,37180000;1,37230000
10/01/2025;190;A;KYD;7,30050000;7,36740000;0,82750000;0,83500000
10/01/2025;195;A;SGD;4,44210000;4,44420000;1,37180000;1,37230000
10/01/2025;197;B;CLF;231,05900000;231,08170000;37,90400000;37,90400000
10/01/2025;200;B;FJD;2,56640000;2,64950000;0,42100000;0,43460000
10/01/2025;205;A;HKD;0,78270000;0,78290000;7,78710000;7,78800000
10/01/2025;210;A;TTD;0,89300000;0,90290000;6,75250000;6,82600000
10/01/2025;215;A;XCD;2,24110000;2,26640000;2,69000000;2,72000000
10/01/2025;220;A;USD;6,09590000;6,09650000;1,00000000;1,00000000
10/01/2025;230;A;JMD;0,03868000;0,03910000;155,91000000;157,61000000
10/01/2025;235;A;LRD;0,03243000;0,03260000;187,00000000;188,00000000
10/01/2025;245;B;NZD;3,38930000;3,39150000;0,55600000;0,55630000
10/01/2025;250;B;SBD;0,68270000;0,75600000;0,11200000;0,12400000
10/01/2025;255;A;SRD;0,17150000;0,17540000;34,76000000;35,54500000
10/01/2025;260;A;VND;0,00024020;0,00024040;25360,00000000;25380,00000000
10/01/2025;275;A;AMD;0,01509000;0,01540000;396,00000000;404,00000000
10/01/2025;295;A;CVE;0,05616000;0,05667000;107,57000000;108,55000000
10/01/2025;325;A;ANG;3,34940000;3,41640000;1,78450000;1,82000000
10/01/2025;328;A;AWG;3,31300000;3,42500000;1,78000000;1,84000000
10/01/2025;345;A;HUF;0,01512000;0,01512000;403,10000000;403,25000000
10/01/2025;363;A;CDF;0,00212400;0,00215400;2830,00000000;2870,00000000
10/01/2025;365;A;BIF;0,00203200;0,00209100;2916,30000000;3000,00000000
10/01/2025;368;A;KMF;0,01265000;0,01271000;479,78000000;481,78000000
10/01/2025;370;A;XAF;0,00928000;0,00952700;639,90000000;656,89000000
10/01/2025;372;A;XOF;0,00951400;0,00962000;633,75000000;640,75000000
10/01/2025;380;A;XPF;0,05207000;0,05253000;116,06000000;117,08000000
10/01/2025;390;A;DJF;0,03414000;0,03433000;177,60000000;178,55000000
10/01/2025;398;A;GNF;0,00070190;0,00070820;8609,00000000;8685,00000000
10/01/2025;406;A;MGA;0,00127800;0,00129000;4725,29000000;4769,08000000
10/01/2025;420;A;RWF;0,00439000;0,00444500;1371,59000000;1388,59000000
10/01/2025;425;A;CHF;6,65130000;6,65480000;0,91610000;0,91650000
10/01/2025;440;A;HTG;0,04650000;0,04683000;130,18160000;131,09330000
10/01/2025;450;A;PYG;0,00077330;0,00077410;7875,46000000;7883,35000000
10/01/2025;460;A;UAH;0,14410000;0,14440000;42,23000000;42,30000000
10/01/2025;470;A;JPY;0,03868000;0,03870000;157,54000000;157,58000000
10/01/2025;482;A;GEL;2,13140000;2,17890000;2,79800000;2,86000000
10/01/2025;490;A;ALL;0,06327000;0,06390000;95,40000000;96,35000000
10/01/2025;495;A;HNL;0,23910000;0,24040000;25,36400000;25,50000000
10/01/2025;500;A;SLL;0,00026610;0,00026880;22683,00000000;22908,00000000
10/01/2025;503;A;MDL;0,32900000;0,33080000;18,43100000;18,53100000
10/01/2025;506;A;RON;1,25590000;1,25650000;4,85180000;4,85400000
10/01/2025;510;A;BGN;3,19460000;3,19560000;1,90780000;1,90820000
10/01/2025;530;B;GIP;7,47660000;7,48350000;1,22650000;1,22750000
10/01/2025;535;A;EGP;0,12040000;0,12070000;50,51000000;50,61000000
10/01/2025;540;B;GBP;7,45470000;7,45780000;1,22290000;1,22330000
10/01/2025;545;B;FKP;7,47660000;7,48350000;1,22650000;1,22750000
10/01/2025;560;A;LBP;0,00006800;0,00006810;89500,00000000;89600,00000000
10/01/2025;570;B;SHP;7,46930000;7,47610000;1,22530000;1,22630000
10/01/2025;575;A;SYP;0,00046860;0,00046900;13000,00000000;13010,00000000
10/01/2025;585;A;SZL;0,31860000;0,31920000;19,10150000;19,13350000
10/01/2025;603;A;LSL;0,31890000;0,31900000;19,11150000;19,11440000
10/01/2025;608;A;TMT;1,73940000;1,74450000;3,49470000;3,50470000
10/01/2025;622;A;MZN;0,09445000;0,09636000;63,27000000;64,54000000
10/01/2025;625;A;ERN;0,40240000;0,40640000;15,00000000;15,15000000
10/01/2025;630;A;NGN;0,00390300;0,00395500;1541,67000000;1561,67000000
10/01/2025;635;A;AOA;0,00655200;0,00668500;912,00000000;930,45300000
10/01/2025;640;A;TWD;0,18430000;0,18430000;33,07400000;33,08000000
10/01/2025;642;A;TRY;0,17210000;0,17220000;35,41230000;35,42230000
10/01/2025;660;A;PEN;1,61780000;1,61970000;3,76400000;3,76800000
10/01/2025;665;A;BTN;0,07083000;0,07088000;86,00800000;86,06300000
10/01/2025;670;A;MRO;0,01698000;0,01713000;356,00000000;359,00000000
10/01/2025;671;A;MRU;0,15210000;0,15340000;39,73010000;40,09010000
10/01/2025;680;B;TOP;2,45420000;2,60690000;0,40260000;0,42760000
10/01/2025;685;A;MOP;0,75910000;0,76020000;8,02000000;8,03000000
10/01/2025;706;A;ARS;0,00587800;0,00588200;1036,50000000;1037,00000000
10/01/2025;715;A;CLP;0,00601100;0,00601600;1013,40000000;1014,05000000
10/01/2025;720;A;COP;0,00140300;0,00140400;4341,45000000;4345,05000000
10/01/2025;721;B;COU;0,52790000;0,52800000;0,08660000;0,08660000
10/01/2025;725;A;CUP;0,25400000;0,25400000;24,00000000;24,00000000
10/01/2025;730;A;DOP;0,09922000;0,09984000;61,06000000;61,44000000
10/01/2025;735;A;PHP;0,10390000;0,10400000;58,62700000;58,64700000
10/01/2025;741;A;MXN;0,29440000;0,29460000;20,69750000;20,70800000
10/01/2025;745;A;UYU;0,13940000;0,13960000;43,68000000;43,72000000
10/01/2025;755;B;BWP;0,43280000;0,43470000;0,07100000;0,07130000
10/01/2025;760;A;MWK;0,00348300;0,00355100;1717,02000000;1750,32000000
10/01/2025;766;A;ZMW;0,22050000;0,22090000;27,60000000;27,65000000
10/01/2025;770;A;GTQ;0,78880000;0,79090000;7,70800000;7,72800000
10/01/2025;775;A;MMK;0,00289400;0,00291200;2093,70000000;2106,30000000
10/01/2025;778;B;PGK;1,47030000;1,57410000;0,24120000;0,25820000
10/01/2025;780;A;LAK;0,00027790;0,00028080;21708,00000000;21938,00000000
10/01/2025;785;A;ZAR;0,31890000;0,31900000;19,11260000;19,11710000
10/01/2025;795;A;CNY;0,83130000;0,83140000;7,33260000;7,33270000
10/01/2025;796;A;CNH;0,82860000;0,82870000;7,35690000;7,35730000
10/01/2025;800;A;QAR;1,67170000;1,67260000;3,64500000;3,64650000
10/01/2025;805;A;OMR;15,83350000;15,83510000;0,38500000;0,38500000
10/01/2025;810;A;YER;0,02447000;0,02452000;248,60000000;249,10000000
10/01/2025;815;A;IRR;0,00014510;0,00014520;42000,00000000;42005,00000000
10/01/2025;820;A;SAR;1,62380000;1,62410000;3,75380000;3,75420000
10/01/2025;825;A;KHR;0,00150400;0,00151200;4032,00000000;4052,00000000
10/01/2025;828;A;MYR;1,35460000;1,35690000;4,49300000;4,50000000
10/01/2025;830;A;RUB;0,05962000;0,05963000;102,24550000;102,25450000
10/01/2025;831;A;BYN;1,85900000;1,86660000;3,26610000;3,27910000
10/01/2025;835;A;TJS;0,55670000;0,56190000;10,85000000;10,95000000
10/01/2025;840;A;MUR;0,12980000;0,13060000;46,68000000;46,98000000
10/01/2025;845;A;NPR;0,04431000;0,04433000;137,54000000;137,56000000
10/01/2025;850;A;SCR;0,42750000;0,42760000;14,25780000;14,25820000
10/01/2025;855;A;LKR;0,02069000;0,02071000;294,40000000;294,70000000
10/01/2025;860;A;INR;0,07075000;0,07080000;86,11000000;86,16500000
10/01/2025;865;A;IDR;0,00037650;0,00037680;16180,00000000;16190,00000000
10/01/2025;870;A;MVR;0,39330000;0,39540000;15,42000000;15,50000000
10/01/2025;875;A;PKR;0,02188000;0,02190000;278,40000000;278,60000000
10/01/2025;880;A;ILS;1,65340000;1,65600000;3,68150000;3,68690000
10/01/2025;892;A;KGS;0,07002000;0,07007000;87,00000000;87,05430000
10/01/2025;893;A;UZS;0,00047030;0,00047070;12952,00000000;12962,00000000
10/01/2025;905;A;BDT;0,04997000;0,04998000;121,99000000;122,00000000
10/01/2025;912;B;WST;2,08300000;2,21730000;0,34170000;0,36370000
10/01/2025;913;A;KZT;0,01155000;0,01157000;527,15000000;527,70000000
10/01/2025;915;A;MNT;0,00177700;0,00178000;3425,00000000;3431,00000000
10/01/2025;920;A;VUV;0,04956000;0,05256000;116,00000000;123,00000000
10/01/2025;930;A;KRW;0,00413900;0,00414300;1471,61000000;1472,76000000
10/01/2025;946;A;TZS;0,00240300;0,00244200;2497,00000000;2537,00000000
10/01/2025;950;A;KES;0,04704000;0,04717000;129,25000000;129,60000000
10/01/2025;955;A;UGX;0,00164700;0,00165100;3692,00000000;3702,00000000
10/01/2025;960;A;SOS;0,01060000;0,01073000;568,00000000;575,00000000
10/01/2025;975;A;PLN;1,46410000;1,46450000;4,16280000;4,16370000
10/01/2025;978;B;EUR;6,24890000;6,25010000;1,02510000;1,02520000
10/01/2025;998;A;XAU;527,78350000;527,83550000;0,01155000;0,01155000

[2025-07-06T19:18:30.324+0000] {taskinstance.py:441} INFO - ::group::Post task execution logs
[2025-07-06T19:18:30.374+0000] {taskinstance.py:1206} INFO - Marking task as SUCCESS. dag_id=fin_cotacoes_bcb_classic, task_id=extract, run_id=scheduled__2025-01-10T00:00:00+00:00, execution_date=20250110T000000, start_date=20250706T191829, end_date=20250706T191830
[2025-07-06T19:18:30.546+0000] {local_task_job_runner.py:240} INFO - Task exited with return code 0
[2025-07-06T19:18:30.563+0000] {logging_mixin.py:188} WARNING - /home/***/.local/lib/python3.12/site-packages/***/models/baseoperator.py:1297 AirflowProviderDeprecationWarning: Call to deprecated class PostgresOperator. (Please use `***.providers.common.sql.operators.sql.SQLExecuteQueryOperator`.Also, you can provide `hook_params={'schema': <database>}`.)
[2025-07-06T19:18:30.589+0000] {taskinstance.py:3503} INFO - 1 downstream tasks scheduled from follow-on schedule check
[2025-07-06T19:18:30.596+0000] {local_task_job_runner.py:222} INFO - ::endgroup::
[2025-07-07T13:52:26.262+0000] {local_task_job_runner.py:120} INFO - ::group::Pre task execution logs
[2025-07-07T13:52:26.332+0000] {taskinstance.py:2076} INFO - Dependencies all met for dep_context=non-requeueable deps ti=<TaskInstance: fin_cotacoes_bcb_classic.extract scheduled__2025-01-10T00:00:00+00:00 [queued]>
[2025-07-07T13:52:26.342+0000] {taskinstance.py:2076} INFO - Dependencies all met for dep_context=requeueable deps ti=<TaskInstance: fin_cotacoes_bcb_classic.extract scheduled__2025-01-10T00:00:00+00:00 [queued]>
[2025-07-07T13:52:26.343+0000] {taskinstance.py:2306} INFO - Starting attempt 1 of 2
[2025-07-07T13:52:26.367+0000] {taskinstance.py:2330} INFO - Executing <Task(PythonOperator): extract> on 2025-01-10 00:00:00+00:00
[2025-07-07T13:52:26.381+0000] {logging_mixin.py:188} WARNING - /home/***/.local/lib/python3.12/site-packages/***/task/task_runner/standard_task_runner.py:61 DeprecationWarning: This process (pid=54162) is multi-threaded, use of fork() may lead to deadlocks in the child.
[2025-07-07T13:52:26.382+0000] {standard_task_runner.py:63} INFO - Started process 54232 to run task
[2025-07-07T13:52:26.380+0000] {standard_task_runner.py:90} INFO - Running: ['***', 'tasks', 'run', 'fin_cotacoes_bcb_classic', 'extract', 'scheduled__2025-01-10T00:00:00+00:00', '--job-id', '1677', '--raw', '--subdir', 'DAGS_FOLDER/cotacoes.py', '--cfg-path', '/tmp/tmpk6c9zk60']
[2025-07-07T13:52:26.384+0000] {standard_task_runner.py:91} INFO - Job 1677: Subtask extract
[2025-07-07T13:52:26.627+0000] {task_command.py:426} INFO - Running <TaskInstance: fin_cotacoes_bcb_classic.extract scheduled__2025-01-10T00:00:00+00:00 [running]> on host bc96ca91d307
[2025-07-07T13:52:26.811+0000] {taskinstance.py:2648} INFO - Exporting env vars: AIRFLOW_CTX_DAG_OWNER='***' AIRFLOW_CTX_DAG_ID='fin_cotacoes_bcb_classic' AIRFLOW_CTX_TASK_ID='extract' AIRFLOW_CTX_EXECUTION_DATE='2025-01-10T00:00:00+00:00' AIRFLOW_CTX_TRY_NUMBER='1' AIRFLOW_CTX_DAG_RUN_ID='scheduled__2025-01-10T00:00:00+00:00'
[2025-07-07T13:52:26.818+0000] {taskinstance.py:430} INFO - ::endgroup::
[2025-07-07T13:52:26.819+0000] {cotacoes.py:35} INFO - Iniciando extração da URL: https://www4.bcb.gov.br/Download/fechamento/20250110.csv
[2025-07-07T13:52:27.153+0000] {cotacoes.py:41} INFO - Extração concluída com sucesso.
[2025-07-07T13:52:27.155+0000] {python.py:237} INFO - Done. Returned value was: 10/01/2025;005;A;AFN;0,08553000;0,08594000;70,94000000;71,27000000
10/01/2025;009;A;ETB;0,04676000;0,04863000;125,35310000;130,35310000
10/01/2025;015;A;THB;0,17570000;0,17580000;34,68000000;34,70000000
10/01/2025;020;A;PAB;6,09590000;6,09650000;1,00000000;1,00000000
10/01/2025;027;A;VES;0,11320000;0,11350000;53,71760000;53,85220000
10/01/2025;030;A;BOB;0,87080000;0,89000000;6,85000000;7,00000000
10/01/2025;035;A;GHS;0,41190000;0,41330000;14,75000000;14,80000000
10/01/2025;040;A;CRC;0,01199000;0,01214000;502,21000000;508,36000000
10/01/2025;045;A;SVC;0,69590000;0,69680000;8,74950000;8,75950000
10/01/2025;051;A;NIO;0,16480000;0,16660000;36,60000000;37,00000000
10/01/2025;055;A;DKK;0,83750000;0,83770000;7,27780000;7,27850000
10/01/2025;060;A;ISK;0,04314000;0,04323000;141,01000000;141,32000000
10/01/2025;065;A;NOK;0,53160000;0,53180000;11,46490000;11,46790000
10/01/2025;070;A;SEK;0,54360000;0,54380000;11,21100000;11,21330000
10/01/2025;075;A;CZK;0,24890000;0,24930000;24,45500000;24,48900000
10/01/2025;090;A;GMD;0,08351000;0,08465000;72,02000000;73,00000000
10/01/2025;095;A;DZD;0,04467000;0,04498000;135,52950000;136,45480000
10/01/2025;100;A;KWD;19,75340000;19,76820000;0,30840000;0,30860000
10/01/2025;105;A;BHD;16,16950000;16,17110000;0,37700000;0,37700000
10/01/2025;115;A;IQD;0,00465000;0,00465700;1309,00000000;1311,00000000
10/01/2025;125;A;JOD;8,58580000;8,59020000;0,70970000;0,71000000
10/01/2025;130;A;LYD;1,23050000;1,23620000;4,93160000;4,95390000
10/01/2025;132;A;MKD;0,10160000;0,10250000;59,46000000;59,97000000
10/01/2025;133;A;RSD;0,05337000;0,05342000;114,13000000;114,21000000
10/01/2025;134;A;SDG;0,01012000;0,01018000;598,85020000;602,19120000
10/01/2025;135;A;TND;1,89140000;1,89720000;3,21350000;3,22300000
10/01/2025;136;A;SSP;0,00148700;0,00152400;4000,00000000;4100,00000000
10/01/2025;138;B;SDR;7,90820000;7,90900000;1,29730000;1,29730000
10/01/2025;139;A;MAD;0,60450000;0,60480000;10,07960000;10,08460000
10/01/2025;145;A;AED;1,65950000;1,66000000;3,67260000;3,67340000
10/01/2025;149;A;STN;0,25000000;0,25510000;23,89770000;24,38780000
10/01/2025;150;B;AUD;3,75200000;3,75300000;0,61550000;0,61560000
10/01/2025;155;A;BSD;6,09590000;6,09650000;1,00000000;1,00000000
10/01/2025;160;A;BMD;6,09590000;6,09650000;1,00000000;1,00000000
10/01/2025;165;A;CAD;4,22560000;4,22690000;1,44230000;1,44260000
10/01/2025;170;A;GYD;0,02897000;0,02931000;207,98000000;210,45000000
10/01/2025;173;A;NAD;0,31890000;0,31900000;19,11150000;19,11440000
10/01/2025;175;A;BBD;2,98800000;3,05110000;1,99810000;2,04010000
10/01/2025;180;A;BZD;3,02200000;3,04790000;2,00020000;2,01720000
10/01/2025;185;A;BND;4,44210000;4,44420000;1,37180000;1,37230000
10/01/2025;190;A;KYD;7,30050000;7,36740000;0,82750000;0,83500000
10/01/2025;195;A;SGD;4,44210000;4,44420000;1,37180000;1,37230000
10/01/2025;197;B;CLF;231,05900000;231,08170000;37,90400000;37,90400000
10/01/2025;200;B;FJD;2,56640000;2,64950000;0,42100000;0,43460000
10/01/2025;205;A;HKD;0,78270000;0,78290000;7,78710000;7,78800000
10/01/2025;210;A;TTD;0,89300000;0,90290000;6,75250000;6,82600000
10/01/2025;215;A;XCD;2,24110000;2,26640000;2,69000000;2,72000000
10/01/2025;220;A;USD;6,09590000;6,09650000;1,00000000;1,00000000
10/01/2025;230;A;JMD;0,03868000;0,03910000;155,91000000;157,61000000
10/01/2025;235;A;LRD;0,03243000;0,03260000;187,00000000;188,00000000
10/01/2025;245;B;NZD;3,38930000;3,39150000;0,55600000;0,55630000
10/01/2025;250;B;SBD;0,68270000;0,75600000;0,11200000;0,12400000
10/01/2025;255;A;SRD;0,17150000;0,17540000;34,76000000;35,54500000
10/01/2025;260;A;VND;0,00024020;0,00024040;25360,00000000;25380,00000000
10/01/2025;275;A;AMD;0,01509000;0,01540000;396,00000000;404,00000000
10/01/2025;295;A;CVE;0,05616000;0,05667000;107,57000000;108,55000000
10/01/2025;325;A;ANG;3,34940000;3,41640000;1,78450000;1,82000000
10/01/2025;328;A;AWG;3,31300000;3,42500000;1,78000000;1,84000000
10/01/2025;345;A;HUF;0,01512000;0,01512000;403,10000000;403,25000000
10/01/2025;363;A;CDF;0,00212400;0,00215400;2830,00000000;2870,00000000
10/01/2025;365;A;BIF;0,00203200;0,00209100;2916,30000000;3000,00000000
10/01/2025;368;A;KMF;0,01265000;0,01271000;479,78000000;481,78000000
10/01/2025;370;A;XAF;0,00928000;0,00952700;639,90000000;656,89000000
10/01/2025;372;A;XOF;0,00951400;0,00962000;633,75000000;640,75000000
10/01/2025;380;A;XPF;0,05207000;0,05253000;116,06000000;117,08000000
10/01/2025;390;A;DJF;0,03414000;0,03433000;177,60000000;178,55000000
10/01/2025;398;A;GNF;0,00070190;0,00070820;8609,00000000;8685,00000000
10/01/2025;406;A;MGA;0,00127800;0,00129000;4725,29000000;4769,08000000
10/01/2025;420;A;RWF;0,00439000;0,00444500;1371,59000000;1388,59000000
10/01/2025;425;A;CHF;6,65130000;6,65480000;0,91610000;0,91650000
10/01/2025;440;A;HTG;0,04650000;0,04683000;130,18160000;131,09330000
10/01/2025;450;A;PYG;0,00077330;0,00077410;7875,46000000;7883,35000000
10/01/2025;460;A;UAH;0,14410000;0,14440000;42,23000000;42,30000000
10/01/2025;470;A;JPY;0,03868000;0,03870000;157,54000000;157,58000000
10/01/2025;482;A;GEL;2,13140000;2,17890000;2,79800000;2,86000000
10/01/2025;490;A;ALL;0,06327000;0,06390000;95,40000000;96,35000000
10/01/2025;495;A;HNL;0,23910000;0,24040000;25,36400000;25,50000000
10/01/2025;500;A;SLL;0,00026610;0,00026880;22683,00000000;22908,00000000
10/01/2025;503;A;MDL;0,32900000;0,33080000;18,43100000;18,53100000
10/01/2025;506;A;RON;1,25590000;1,25650000;4,85180000;4,85400000
10/01/2025;510;A;BGN;3,19460000;3,19560000;1,90780000;1,90820000
10/01/2025;530;B;GIP;7,47660000;7,48350000;1,22650000;1,22750000
10/01/2025;535;A;EGP;0,12040000;0,12070000;50,51000000;50,61000000
10/01/2025;540;B;GBP;7,45470000;7,45780000;1,22290000;1,22330000
10/01/2025;545;B;FKP;7,47660000;7,48350000;1,22650000;1,22750000
10/01/2025;560;A;LBP;0,00006800;0,00006810;89500,00000000;89600,00000000
10/01/2025;570;B;SHP;7,46930000;7,47610000;1,22530000;1,22630000
10/01/2025;575;A;SYP;0,00046860;0,00046900;13000,00000000;13010,00000000
10/01/2025;585;A;SZL;0,31860000;0,31920000;19,10150000;19,13350000
10/01/2025;603;A;LSL;0,31890000;0,31900000;19,11150000;19,11440000
10/01/2025;608;A;TMT;1,73940000;1,74450000;3,49470000;3,50470000
10/01/2025;622;A;MZN;0,09445000;0,09636000;63,27000000;64,54000000
10/01/2025;625;A;ERN;0,40240000;0,40640000;15,00000000;15,15000000
10/01/2025;630;A;NGN;0,00390300;0,00395500;1541,67000000;1561,67000000
10/01/2025;635;A;AOA;0,00655200;0,00668500;912,00000000;930,45300000
10/01/2025;640;A;TWD;0,18430000;0,18430000;33,07400000;33,08000000
10/01/2025;642;A;TRY;0,17210000;0,17220000;35,41230000;35,42230000
10/01/2025;660;A;PEN;1,61780000;1,61970000;3,76400000;3,76800000
10/01/2025;665;A;BTN;0,07083000;0,07088000;86,00800000;86,06300000
10/01/2025;670;A;MRO;0,01698000;0,01713000;356,00000000;359,00000000
10/01/2025;671;A;MRU;0,15210000;0,15340000;39,73010000;40,09010000
10/01/2025;680;B;TOP;2,45420000;2,60690000;0,40260000;0,42760000
10/01/2025;685;A;MOP;0,75910000;0,76020000;8,02000000;8,03000000
10/01/2025;706;A;ARS;0,00587800;0,00588200;1036,50000000;1037,00000000
10/01/2025;715;A;CLP;0,00601100;0,00601600;1013,40000000;1014,05000000
10/01/2025;720;A;COP;0,00140300;0,00140400;4341,45000000;4345,05000000
10/01/2025;721;B;COU;0,52790000;0,52800000;0,08660000;0,08660000
10/01/2025;725;A;CUP;0,25400000;0,25400000;24,00000000;24,00000000
10/01/2025;730;A;DOP;0,09922000;0,09984000;61,06000000;61,44000000
10/01/2025;735;A;PHP;0,10390000;0,10400000;58,62700000;58,64700000
10/01/2025;741;A;MXN;0,29440000;0,29460000;20,69750000;20,70800000
10/01/2025;745;A;UYU;0,13940000;0,13960000;43,68000000;43,72000000
10/01/2025;755;B;BWP;0,43280000;0,43470000;0,07100000;0,07130000
10/01/2025;760;A;MWK;0,00348300;0,00355100;1717,02000000;1750,32000000
10/01/2025;766;A;ZMW;0,22050000;0,22090000;27,60000000;27,65000000
10/01/2025;770;A;GTQ;0,78880000;0,79090000;7,70800000;7,72800000
10/01/2025;775;A;MMK;0,00289400;0,00291200;2093,70000000;2106,30000000
10/01/2025;778;B;PGK;1,47030000;1,57410000;0,24120000;0,25820000
10/01/2025;780;A;LAK;0,00027790;0,00028080;21708,00000000;21938,00000000
10/01/2025;785;A;ZAR;0,31890000;0,31900000;19,11260000;19,11710000
10/01/2025;795;A;CNY;0,83130000;0,83140000;7,33260000;7,33270000
10/01/2025;796;A;CNH;0,82860000;0,82870000;7,35690000;7,35730000
10/01/2025;800;A;QAR;1,67170000;1,67260000;3,64500000;3,64650000
10/01/2025;805;A;OMR;15,83350000;15,83510000;0,38500000;0,38500000
10/01/2025;810;A;YER;0,02447000;0,02452000;248,60000000;249,10000000
10/01/2025;815;A;IRR;0,00014510;0,00014520;42000,00000000;42005,00000000
10/01/2025;820;A;SAR;1,62380000;1,62410000;3,75380000;3,75420000
10/01/2025;825;A;KHR;0,00150400;0,00151200;4032,00000000;4052,00000000
10/01/2025;828;A;MYR;1,35460000;1,35690000;4,49300000;4,50000000
10/01/2025;830;A;RUB;0,05962000;0,05963000;102,24550000;102,25450000
10/01/2025;831;A;BYN;1,85900000;1,86660000;3,26610000;3,27910000
10/01/2025;835;A;TJS;0,55670000;0,56190000;10,85000000;10,95000000
10/01/2025;840;A;MUR;0,12980000;0,13060000;46,68000000;46,98000000
10/01/2025;845;A;NPR;0,04431000;0,04433000;137,54000000;137,56000000
10/01/2025;850;A;SCR;0,42750000;0,42760000;14,25780000;14,25820000
10/01/2025;855;A;LKR;0,02069000;0,02071000;294,40000000;294,70000000
10/01/2025;860;A;INR;0,07075000;0,07080000;86,11000000;86,16500000
10/01/2025;865;A;IDR;0,00037650;0,00037680;16180,00000000;16190,00000000
10/01/2025;870;A;MVR;0,39330000;0,39540000;15,42000000;15,50000000
10/01/2025;875;A;PKR;0,02188000;0,02190000;278,40000000;278,60000000
10/01/2025;880;A;ILS;1,65340000;1,65600000;3,68150000;3,68690000
10/01/2025;892;A;KGS;0,07002000;0,07007000;87,00000000;87,05430000
10/01/2025;893;A;UZS;0,00047030;0,00047070;12952,00000000;12962,00000000
10/01/2025;905;A;BDT;0,04997000;0,04998000;121,99000000;122,00000000
10/01/2025;912;B;WST;2,08300000;2,21730000;0,34170000;0,36370000
10/01/2025;913;A;KZT;0,01155000;0,01157000;527,15000000;527,70000000
10/01/2025;915;A;MNT;0,00177700;0,00178000;3425,00000000;3431,00000000
10/01/2025;920;A;VUV;0,04956000;0,05256000;116,00000000;123,00000000
10/01/2025;930;A;KRW;0,00413900;0,00414300;1471,61000000;1472,76000000
10/01/2025;946;A;TZS;0,00240300;0,00244200;2497,00000000;2537,00000000
10/01/2025;950;A;KES;0,04704000;0,04717000;129,25000000;129,60000000
10/01/2025;955;A;UGX;0,00164700;0,00165100;3692,00000000;3702,00000000
10/01/2025;960;A;SOS;0,01060000;0,01073000;568,00000000;575,00000000
10/01/2025;975;A;PLN;1,46410000;1,46450000;4,16280000;4,16370000
10/01/2025;978;B;EUR;6,24890000;6,25010000;1,02510000;1,02520000
10/01/2025;998;A;XAU;527,78350000;527,83550000;0,01155000;0,01155000

[2025-07-07T13:52:27.159+0000] {taskinstance.py:441} INFO - ::group::Post task execution logs
[2025-07-07T13:52:27.231+0000] {taskinstance.py:1206} INFO - Marking task as SUCCESS. dag_id=fin_cotacoes_bcb_classic, task_id=extract, run_id=scheduled__2025-01-10T00:00:00+00:00, execution_date=20250110T000000, start_date=20250707T135226, end_date=20250707T135227
[2025-07-07T13:52:27.663+0000] {local_task_job_runner.py:240} INFO - Task exited with return code 0
[2025-07-07T13:52:27.710+0000] {taskinstance.py:3503} INFO - 1 downstream tasks scheduled from follow-on schedule check
[2025-07-07T13:52:27.718+0000] {local_task_job_runner.py:222} INFO - ::endgroup::
[2025-07-07T14:01:26.055+0000] {local_task_job_runner.py:120} INFO - ::group::Pre task execution logs
[2025-07-07T14:01:26.114+0000] {taskinstance.py:2076} INFO - Dependencies all met for dep_context=non-requeueable deps ti=<TaskInstance: fin_cotacoes_bcb_classic.extract scheduled__2025-01-10T00:00:00+00:00 [queued]>
[2025-07-07T14:01:26.124+0000] {taskinstance.py:2076} INFO - Dependencies all met for dep_context=requeueable deps ti=<TaskInstance: fin_cotacoes_bcb_classic.extract scheduled__2025-01-10T00:00:00+00:00 [queued]>
[2025-07-07T14:01:26.124+0000] {taskinstance.py:2306} INFO - Starting attempt 1 of 2
[2025-07-07T14:01:26.145+0000] {taskinstance.py:2330} INFO - Executing <Task(PythonOperator): extract> on 2025-01-10 00:00:00+00:00
[2025-07-07T14:01:26.160+0000] {standard_task_runner.py:90} INFO - Running: ['***', 'tasks', 'run', 'fin_cotacoes_bcb_classic', 'extract', 'scheduled__2025-01-10T00:00:00+00:00', '--job-id', '1765', '--raw', '--subdir', 'DAGS_FOLDER/cotacoes.py', '--cfg-path', '/tmp/tmpgj42c8cq']
[2025-07-07T14:01:26.163+0000] {standard_task_runner.py:91} INFO - Job 1765: Subtask extract
[2025-07-07T14:01:26.164+0000] {logging_mixin.py:188} WARNING - /home/***/.local/lib/python3.12/site-packages/***/task/task_runner/standard_task_runner.py:61 DeprecationWarning: This process (pid=59176) is multi-threaded, use of fork() may lead to deadlocks in the child.
[2025-07-07T14:01:26.165+0000] {standard_task_runner.py:63} INFO - Started process 59223 to run task
[2025-07-07T14:01:26.273+0000] {task_command.py:426} INFO - Running <TaskInstance: fin_cotacoes_bcb_classic.extract scheduled__2025-01-10T00:00:00+00:00 [running]> on host bc96ca91d307
[2025-07-07T14:01:26.455+0000] {taskinstance.py:2648} INFO - Exporting env vars: AIRFLOW_CTX_DAG_OWNER='***' AIRFLOW_CTX_DAG_ID='fin_cotacoes_bcb_classic' AIRFLOW_CTX_TASK_ID='extract' AIRFLOW_CTX_EXECUTION_DATE='2025-01-10T00:00:00+00:00' AIRFLOW_CTX_TRY_NUMBER='1' AIRFLOW_CTX_DAG_RUN_ID='scheduled__2025-01-10T00:00:00+00:00'
[2025-07-07T14:01:26.456+0000] {taskinstance.py:430} INFO - ::endgroup::
[2025-07-07T14:01:26.457+0000] {cotacoes.py:35} INFO - Iniciando extração da URL: https://www4.bcb.gov.br/Download/fechamento/20250110.csv
[2025-07-07T14:01:26.794+0000] {cotacoes.py:41} INFO - Extração concluída com sucesso.
[2025-07-07T14:01:26.801+0000] {python.py:237} INFO - Done. Returned value was: 10/01/2025;005;A;AFN;0,08553000;0,08594000;70,94000000;71,27000000
10/01/2025;009;A;ETB;0,04676000;0,04863000;125,35310000;130,35310000
10/01/2025;015;A;THB;0,17570000;0,17580000;34,68000000;34,70000000
10/01/2025;020;A;PAB;6,09590000;6,09650000;1,00000000;1,00000000
10/01/2025;027;A;VES;0,11320000;0,11350000;53,71760000;53,85220000
10/01/2025;030;A;BOB;0,87080000;0,89000000;6,85000000;7,00000000
10/01/2025;035;A;GHS;0,41190000;0,41330000;14,75000000;14,80000000
10/01/2025;040;A;CRC;0,01199000;0,01214000;502,21000000;508,36000000
10/01/2025;045;A;SVC;0,69590000;0,69680000;8,74950000;8,75950000
10/01/2025;051;A;NIO;0,16480000;0,16660000;36,60000000;37,00000000
10/01/2025;055;A;DKK;0,83750000;0,83770000;7,27780000;7,27850000
10/01/2025;060;A;ISK;0,04314000;0,04323000;141,01000000;141,32000000
10/01/2025;065;A;NOK;0,53160000;0,53180000;11,46490000;11,46790000
10/01/2025;070;A;SEK;0,54360000;0,54380000;11,21100000;11,21330000
10/01/2025;075;A;CZK;0,24890000;0,24930000;24,45500000;24,48900000
10/01/2025;090;A;GMD;0,08351000;0,08465000;72,02000000;73,00000000
10/01/2025;095;A;DZD;0,04467000;0,04498000;135,52950000;136,45480000
10/01/2025;100;A;KWD;19,75340000;19,76820000;0,30840000;0,30860000
10/01/2025;105;A;BHD;16,16950000;16,17110000;0,37700000;0,37700000
10/01/2025;115;A;IQD;0,00465000;0,00465700;1309,00000000;1311,00000000
10/01/2025;125;A;JOD;8,58580000;8,59020000;0,70970000;0,71000000
10/01/2025;130;A;LYD;1,23050000;1,23620000;4,93160000;4,95390000
10/01/2025;132;A;MKD;0,10160000;0,10250000;59,46000000;59,97000000
10/01/2025;133;A;RSD;0,05337000;0,05342000;114,13000000;114,21000000
10/01/2025;134;A;SDG;0,01012000;0,01018000;598,85020000;602,19120000
10/01/2025;135;A;TND;1,89140000;1,89720000;3,21350000;3,22300000
10/01/2025;136;A;SSP;0,00148700;0,00152400;4000,00000000;4100,00000000
10/01/2025;138;B;SDR;7,90820000;7,90900000;1,29730000;1,29730000
10/01/2025;139;A;MAD;0,60450000;0,60480000;10,07960000;10,08460000
10/01/2025;145;A;AED;1,65950000;1,66000000;3,67260000;3,67340000
10/01/2025;149;A;STN;0,25000000;0,25510000;23,89770000;24,38780000
10/01/2025;150;B;AUD;3,75200000;3,75300000;0,61550000;0,61560000
10/01/2025;155;A;BSD;6,09590000;6,09650000;1,00000000;1,00000000
10/01/2025;160;A;BMD;6,09590000;6,09650000;1,00000000;1,00000000
10/01/2025;165;A;CAD;4,22560000;4,22690000;1,44230000;1,44260000
10/01/2025;170;A;GYD;0,02897000;0,02931000;207,98000000;210,45000000
10/01/2025;173;A;NAD;0,31890000;0,31900000;19,11150000;19,11440000
10/01/2025;175;A;BBD;2,98800000;3,05110000;1,99810000;2,04010000
10/01/2025;180;A;BZD;3,02200000;3,04790000;2,00020000;2,01720000
10/01/2025;185;A;BND;4,44210000;4,44420000;1,37180000;1,37230000
10/01/2025;190;A;KYD;7,30050000;7,36740000;0,82750000;0,83500000
10/01/2025;195;A;SGD;4,44210000;4,44420000;1,37180000;1,37230000
10/01/2025;197;B;CLF;231,05900000;231,08170000;37,90400000;37,90400000
10/01/2025;200;B;FJD;2,56640000;2,64950000;0,42100000;0,43460000
10/01/2025;205;A;HKD;0,78270000;0,78290000;7,78710000;7,78800000
10/01/2025;210;A;TTD;0,89300000;0,90290000;6,75250000;6,82600000
10/01/2025;215;A;XCD;2,24110000;2,26640000;2,69000000;2,72000000
10/01/2025;220;A;USD;6,09590000;6,09650000;1,00000000;1,00000000
10/01/2025;230;A;JMD;0,03868000;0,03910000;155,91000000;157,61000000
10/01/2025;235;A;LRD;0,03243000;0,03260000;187,00000000;188,00000000
10/01/2025;245;B;NZD;3,38930000;3,39150000;0,55600000;0,55630000
10/01/2025;250;B;SBD;0,68270000;0,75600000;0,11200000;0,12400000
10/01/2025;255;A;SRD;0,17150000;0,17540000;34,76000000;35,54500000
10/01/2025;260;A;VND;0,00024020;0,00024040;25360,00000000;25380,00000000
10/01/2025;275;A;AMD;0,01509000;0,01540000;396,00000000;404,00000000
10/01/2025;295;A;CVE;0,05616000;0,05667000;107,57000000;108,55000000
10/01/2025;325;A;ANG;3,34940000;3,41640000;1,78450000;1,82000000
10/01/2025;328;A;AWG;3,31300000;3,42500000;1,78000000;1,84000000
10/01/2025;345;A;HUF;0,01512000;0,01512000;403,10000000;403,25000000
10/01/2025;363;A;CDF;0,00212400;0,00215400;2830,00000000;2870,00000000
10/01/2025;365;A;BIF;0,00203200;0,00209100;2916,30000000;3000,00000000
10/01/2025;368;A;KMF;0,01265000;0,01271000;479,78000000;481,78000000
10/01/2025;370;A;XAF;0,00928000;0,00952700;639,90000000;656,89000000
10/01/2025;372;A;XOF;0,00951400;0,00962000;633,75000000;640,75000000
10/01/2025;380;A;XPF;0,05207000;0,05253000;116,06000000;117,08000000
10/01/2025;390;A;DJF;0,03414000;0,03433000;177,60000000;178,55000000
10/01/2025;398;A;GNF;0,00070190;0,00070820;8609,00000000;8685,00000000
10/01/2025;406;A;MGA;0,00127800;0,00129000;4725,29000000;4769,08000000
10/01/2025;420;A;RWF;0,00439000;0,00444500;1371,59000000;1388,59000000
10/01/2025;425;A;CHF;6,65130000;6,65480000;0,91610000;0,91650000
10/01/2025;440;A;HTG;0,04650000;0,04683000;130,18160000;131,09330000
10/01/2025;450;A;PYG;0,00077330;0,00077410;7875,46000000;7883,35000000
10/01/2025;460;A;UAH;0,14410000;0,14440000;42,23000000;42,30000000
10/01/2025;470;A;JPY;0,03868000;0,03870000;157,54000000;157,58000000
10/01/2025;482;A;GEL;2,13140000;2,17890000;2,79800000;2,86000000
10/01/2025;490;A;ALL;0,06327000;0,06390000;95,40000000;96,35000000
10/01/2025;495;A;HNL;0,23910000;0,24040000;25,36400000;25,50000000
10/01/2025;500;A;SLL;0,00026610;0,00026880;22683,00000000;22908,00000000
10/01/2025;503;A;MDL;0,32900000;0,33080000;18,43100000;18,53100000
10/01/2025;506;A;RON;1,25590000;1,25650000;4,85180000;4,85400000
10/01/2025;510;A;BGN;3,19460000;3,19560000;1,90780000;1,90820000
10/01/2025;530;B;GIP;7,47660000;7,48350000;1,22650000;1,22750000
10/01/2025;535;A;EGP;0,12040000;0,12070000;50,51000000;50,61000000
10/01/2025;540;B;GBP;7,45470000;7,45780000;1,22290000;1,22330000
10/01/2025;545;B;FKP;7,47660000;7,48350000;1,22650000;1,22750000
10/01/2025;560;A;LBP;0,00006800;0,00006810;89500,00000000;89600,00000000
10/01/2025;570;B;SHP;7,46930000;7,47610000;1,22530000;1,22630000
10/01/2025;575;A;SYP;0,00046860;0,00046900;13000,00000000;13010,00000000
10/01/2025;585;A;SZL;0,31860000;0,31920000;19,10150000;19,13350000
10/01/2025;603;A;LSL;0,31890000;0,31900000;19,11150000;19,11440000
10/01/2025;608;A;TMT;1,73940000;1,74450000;3,49470000;3,50470000
10/01/2025;622;A;MZN;0,09445000;0,09636000;63,27000000;64,54000000
10/01/2025;625;A;ERN;0,40240000;0,40640000;15,00000000;15,15000000
10/01/2025;630;A;NGN;0,00390300;0,00395500;1541,67000000;1561,67000000
10/01/2025;635;A;AOA;0,00655200;0,00668500;912,00000000;930,45300000
10/01/2025;640;A;TWD;0,18430000;0,18430000;33,07400000;33,08000000
10/01/2025;642;A;TRY;0,17210000;0,17220000;35,41230000;35,42230000
10/01/2025;660;A;PEN;1,61780000;1,61970000;3,76400000;3,76800000
10/01/2025;665;A;BTN;0,07083000;0,07088000;86,00800000;86,06300000
10/01/2025;670;A;MRO;0,01698000;0,01713000;356,00000000;359,00000000
10/01/2025;671;A;MRU;0,15210000;0,15340000;39,73010000;40,09010000
10/01/2025;680;B;TOP;2,45420000;2,60690000;0,40260000;0,42760000
10/01/2025;685;A;MOP;0,75910000;0,76020000;8,02000000;8,03000000
10/01/2025;706;A;ARS;0,00587800;0,00588200;1036,50000000;1037,00000000
10/01/2025;715;A;CLP;0,00601100;0,00601600;1013,40000000;1014,05000000
10/01/2025;720;A;COP;0,00140300;0,00140400;4341,45000000;4345,05000000
10/01/2025;721;B;COU;0,52790000;0,52800000;0,08660000;0,08660000
10/01/2025;725;A;CUP;0,25400000;0,25400000;24,00000000;24,00000000
10/01/2025;730;A;DOP;0,09922000;0,09984000;61,06000000;61,44000000
10/01/2025;735;A;PHP;0,10390000;0,10400000;58,62700000;58,64700000
10/01/2025;741;A;MXN;0,29440000;0,29460000;20,69750000;20,70800000
10/01/2025;745;A;UYU;0,13940000;0,13960000;43,68000000;43,72000000
10/01/2025;755;B;BWP;0,43280000;0,43470000;0,07100000;0,07130000
10/01/2025;760;A;MWK;0,00348300;0,00355100;1717,02000000;1750,32000000
10/01/2025;766;A;ZMW;0,22050000;0,22090000;27,60000000;27,65000000
10/01/2025;770;A;GTQ;0,78880000;0,79090000;7,70800000;7,72800000
10/01/2025;775;A;MMK;0,00289400;0,00291200;2093,70000000;2106,30000000
10/01/2025;778;B;PGK;1,47030000;1,57410000;0,24120000;0,25820000
10/01/2025;780;A;LAK;0,00027790;0,00028080;21708,00000000;21938,00000000
10/01/2025;785;A;ZAR;0,31890000;0,31900000;19,11260000;19,11710000
10/01/2025;795;A;CNY;0,83130000;0,83140000;7,33260000;7,33270000
10/01/2025;796;A;CNH;0,82860000;0,82870000;7,35690000;7,35730000
10/01/2025;800;A;QAR;1,67170000;1,67260000;3,64500000;3,64650000
10/01/2025;805;A;OMR;15,83350000;15,83510000;0,38500000;0,38500000
10/01/2025;810;A;YER;0,02447000;0,02452000;248,60000000;249,10000000
10/01/2025;815;A;IRR;0,00014510;0,00014520;42000,00000000;42005,00000000
10/01/2025;820;A;SAR;1,62380000;1,62410000;3,75380000;3,75420000
10/01/2025;825;A;KHR;0,00150400;0,00151200;4032,00000000;4052,00000000
10/01/2025;828;A;MYR;1,35460000;1,35690000;4,49300000;4,50000000
10/01/2025;830;A;RUB;0,05962000;0,05963000;102,24550000;102,25450000
10/01/2025;831;A;BYN;1,85900000;1,86660000;3,26610000;3,27910000
10/01/2025;835;A;TJS;0,55670000;0,56190000;10,85000000;10,95000000
10/01/2025;840;A;MUR;0,12980000;0,13060000;46,68000000;46,98000000
10/01/2025;845;A;NPR;0,04431000;0,04433000;137,54000000;137,56000000
10/01/2025;850;A;SCR;0,42750000;0,42760000;14,25780000;14,25820000
10/01/2025;855;A;LKR;0,02069000;0,02071000;294,40000000;294,70000000
10/01/2025;860;A;INR;0,07075000;0,07080000;86,11000000;86,16500000
10/01/2025;865;A;IDR;0,00037650;0,00037680;16180,00000000;16190,00000000
10/01/2025;870;A;MVR;0,39330000;0,39540000;15,42000000;15,50000000
10/01/2025;875;A;PKR;0,02188000;0,02190000;278,40000000;278,60000000
10/01/2025;880;A;ILS;1,65340000;1,65600000;3,68150000;3,68690000
10/01/2025;892;A;KGS;0,07002000;0,07007000;87,00000000;87,05430000
10/01/2025;893;A;UZS;0,00047030;0,00047070;12952,00000000;12962,00000000
10/01/2025;905;A;BDT;0,04997000;0,04998000;121,99000000;122,00000000
10/01/2025;912;B;WST;2,08300000;2,21730000;0,34170000;0,36370000
10/01/2025;913;A;KZT;0,01155000;0,01157000;527,15000000;527,70000000
10/01/2025;915;A;MNT;0,00177700;0,00178000;3425,00000000;3431,00000000
10/01/2025;920;A;VUV;0,04956000;0,05256000;116,00000000;123,00000000
10/01/2025;930;A;KRW;0,00413900;0,00414300;1471,61000000;1472,76000000
10/01/2025;946;A;TZS;0,00240300;0,00244200;2497,00000000;2537,00000000
10/01/2025;950;A;KES;0,04704000;0,04717000;129,25000000;129,60000000
10/01/2025;955;A;UGX;0,00164700;0,00165100;3692,00000000;3702,00000000
10/01/2025;960;A;SOS;0,01060000;0,01073000;568,00000000;575,00000000
10/01/2025;975;A;PLN;1,46410000;1,46450000;4,16280000;4,16370000
10/01/2025;978;B;EUR;6,24890000;6,25010000;1,02510000;1,02520000
10/01/2025;998;A;XAU;527,78350000;527,83550000;0,01155000;0,01155000

[2025-07-07T14:01:26.801+0000] {taskinstance.py:441} INFO - ::group::Post task execution logs
[2025-07-07T14:01:26.849+0000] {taskinstance.py:1206} INFO - Marking task as SUCCESS. dag_id=fin_cotacoes_bcb_classic, task_id=extract, run_id=scheduled__2025-01-10T00:00:00+00:00, execution_date=20250110T000000, start_date=20250707T140126, end_date=20250707T140126
[2025-07-07T14:01:27.193+0000] {local_task_job_runner.py:240} INFO - Task exited with return code 0
[2025-07-07T14:01:27.342+0000] {taskinstance.py:3503} INFO - 1 downstream tasks scheduled from follow-on schedule check
[2025-07-07T14:01:27.350+0000] {local_task_job_runner.py:222} INFO - ::endgroup::
[2025-07-07T14:14:44.418+0000] {local_task_job_runner.py:120} INFO - ::group::Pre task execution logs
[2025-07-07T14:14:44.500+0000] {taskinstance.py:2076} INFO - Dependencies all met for dep_context=non-requeueable deps ti=<TaskInstance: fin_cotacoes_bcb_classic.extract scheduled__2025-01-10T00:00:00+00:00 [queued]>
[2025-07-07T14:14:44.520+0000] {taskinstance.py:2076} INFO - Dependencies all met for dep_context=requeueable deps ti=<TaskInstance: fin_cotacoes_bcb_classic.extract scheduled__2025-01-10T00:00:00+00:00 [queued]>
[2025-07-07T14:14:44.521+0000] {taskinstance.py:2306} INFO - Starting attempt 1 of 2
[2025-07-07T14:14:44.571+0000] {taskinstance.py:2330} INFO - Executing <Task(PythonOperator): extract> on 2025-01-10 00:00:00+00:00
[2025-07-07T14:14:44.588+0000] {logging_mixin.py:188} WARNING - /home/***/.local/lib/python3.12/site-packages/***/task/task_runner/standard_task_runner.py:61 DeprecationWarning: This process (pid=66649) is multi-threaded, use of fork() may lead to deadlocks in the child.
[2025-07-07T14:14:44.585+0000] {standard_task_runner.py:90} INFO - Running: ['***', 'tasks', 'run', 'fin_cotacoes_bcb_classic', 'extract', 'scheduled__2025-01-10T00:00:00+00:00', '--job-id', '1911', '--raw', '--subdir', 'DAGS_FOLDER/cotacoes.py', '--cfg-path', '/tmp/tmprs_s7g0s']
[2025-07-07T14:14:44.590+0000] {standard_task_runner.py:91} INFO - Job 1911: Subtask extract
[2025-07-07T14:14:44.589+0000] {standard_task_runner.py:63} INFO - Started process 66720 to run task
[2025-07-07T14:14:44.735+0000] {task_command.py:426} INFO - Running <TaskInstance: fin_cotacoes_bcb_classic.extract scheduled__2025-01-10T00:00:00+00:00 [running]> on host bc96ca91d307
[2025-07-07T14:14:44.972+0000] {taskinstance.py:2648} INFO - Exporting env vars: AIRFLOW_CTX_DAG_OWNER='***' AIRFLOW_CTX_DAG_ID='fin_cotacoes_bcb_classic' AIRFLOW_CTX_TASK_ID='extract' AIRFLOW_CTX_EXECUTION_DATE='2025-01-10T00:00:00+00:00' AIRFLOW_CTX_TRY_NUMBER='1' AIRFLOW_CTX_DAG_RUN_ID='scheduled__2025-01-10T00:00:00+00:00'
[2025-07-07T14:14:44.978+0000] {taskinstance.py:430} INFO - ::endgroup::
[2025-07-07T14:14:44.979+0000] {cotacoes.py:35} INFO - Iniciando extração da URL: https://www4.bcb.gov.br/Download/fechamento/20250110.csv
[2025-07-07T14:14:45.317+0000] {cotacoes.py:41} INFO - Extração concluída com sucesso.
[2025-07-07T14:14:45.319+0000] {python.py:237} INFO - Done. Returned value was: 10/01/2025;005;A;AFN;0,08553000;0,08594000;70,94000000;71,27000000
10/01/2025;009;A;ETB;0,04676000;0,04863000;125,35310000;130,35310000
10/01/2025;015;A;THB;0,17570000;0,17580000;34,68000000;34,70000000
10/01/2025;020;A;PAB;6,09590000;6,09650000;1,00000000;1,00000000
10/01/2025;027;A;VES;0,11320000;0,11350000;53,71760000;53,85220000
10/01/2025;030;A;BOB;0,87080000;0,89000000;6,85000000;7,00000000
10/01/2025;035;A;GHS;0,41190000;0,41330000;14,75000000;14,80000000
10/01/2025;040;A;CRC;0,01199000;0,01214000;502,21000000;508,36000000
10/01/2025;045;A;SVC;0,69590000;0,69680000;8,74950000;8,75950000
10/01/2025;051;A;NIO;0,16480000;0,16660000;36,60000000;37,00000000
10/01/2025;055;A;DKK;0,83750000;0,83770000;7,27780000;7,27850000
10/01/2025;060;A;ISK;0,04314000;0,04323000;141,01000000;141,32000000
10/01/2025;065;A;NOK;0,53160000;0,53180000;11,46490000;11,46790000
10/01/2025;070;A;SEK;0,54360000;0,54380000;11,21100000;11,21330000
10/01/2025;075;A;CZK;0,24890000;0,24930000;24,45500000;24,48900000
10/01/2025;090;A;GMD;0,08351000;0,08465000;72,02000000;73,00000000
10/01/2025;095;A;DZD;0,04467000;0,04498000;135,52950000;136,45480000
10/01/2025;100;A;KWD;19,75340000;19,76820000;0,30840000;0,30860000
10/01/2025;105;A;BHD;16,16950000;16,17110000;0,37700000;0,37700000
10/01/2025;115;A;IQD;0,00465000;0,00465700;1309,00000000;1311,00000000
10/01/2025;125;A;JOD;8,58580000;8,59020000;0,70970000;0,71000000
10/01/2025;130;A;LYD;1,23050000;1,23620000;4,93160000;4,95390000
10/01/2025;132;A;MKD;0,10160000;0,10250000;59,46000000;59,97000000
10/01/2025;133;A;RSD;0,05337000;0,05342000;114,13000000;114,21000000
10/01/2025;134;A;SDG;0,01012000;0,01018000;598,85020000;602,19120000
10/01/2025;135;A;TND;1,89140000;1,89720000;3,21350000;3,22300000
10/01/2025;136;A;SSP;0,00148700;0,00152400;4000,00000000;4100,00000000
10/01/2025;138;B;SDR;7,90820000;7,90900000;1,29730000;1,29730000
10/01/2025;139;A;MAD;0,60450000;0,60480000;10,07960000;10,08460000
10/01/2025;145;A;AED;1,65950000;1,66000000;3,67260000;3,67340000
10/01/2025;149;A;STN;0,25000000;0,25510000;23,89770000;24,38780000
10/01/2025;150;B;AUD;3,75200000;3,75300000;0,61550000;0,61560000
10/01/2025;155;A;BSD;6,09590000;6,09650000;1,00000000;1,00000000
10/01/2025;160;A;BMD;6,09590000;6,09650000;1,00000000;1,00000000
10/01/2025;165;A;CAD;4,22560000;4,22690000;1,44230000;1,44260000
10/01/2025;170;A;GYD;0,02897000;0,02931000;207,98000000;210,45000000
10/01/2025;173;A;NAD;0,31890000;0,31900000;19,11150000;19,11440000
10/01/2025;175;A;BBD;2,98800000;3,05110000;1,99810000;2,04010000
10/01/2025;180;A;BZD;3,02200000;3,04790000;2,00020000;2,01720000
10/01/2025;185;A;BND;4,44210000;4,44420000;1,37180000;1,37230000
10/01/2025;190;A;KYD;7,30050000;7,36740000;0,82750000;0,83500000
10/01/2025;195;A;SGD;4,44210000;4,44420000;1,37180000;1,37230000
10/01/2025;197;B;CLF;231,05900000;231,08170000;37,90400000;37,90400000
10/01/2025;200;B;FJD;2,56640000;2,64950000;0,42100000;0,43460000
10/01/2025;205;A;HKD;0,78270000;0,78290000;7,78710000;7,78800000
10/01/2025;210;A;TTD;0,89300000;0,90290000;6,75250000;6,82600000
10/01/2025;215;A;XCD;2,24110000;2,26640000;2,69000000;2,72000000
10/01/2025;220;A;USD;6,09590000;6,09650000;1,00000000;1,00000000
10/01/2025;230;A;JMD;0,03868000;0,03910000;155,91000000;157,61000000
10/01/2025;235;A;LRD;0,03243000;0,03260000;187,00000000;188,00000000
10/01/2025;245;B;NZD;3,38930000;3,39150000;0,55600000;0,55630000
10/01/2025;250;B;SBD;0,68270000;0,75600000;0,11200000;0,12400000
10/01/2025;255;A;SRD;0,17150000;0,17540000;34,76000000;35,54500000
10/01/2025;260;A;VND;0,00024020;0,00024040;25360,00000000;25380,00000000
10/01/2025;275;A;AMD;0,01509000;0,01540000;396,00000000;404,00000000
10/01/2025;295;A;CVE;0,05616000;0,05667000;107,57000000;108,55000000
10/01/2025;325;A;ANG;3,34940000;3,41640000;1,78450000;1,82000000
10/01/2025;328;A;AWG;3,31300000;3,42500000;1,78000000;1,84000000
10/01/2025;345;A;HUF;0,01512000;0,01512000;403,10000000;403,25000000
10/01/2025;363;A;CDF;0,00212400;0,00215400;2830,00000000;2870,00000000
10/01/2025;365;A;BIF;0,00203200;0,00209100;2916,30000000;3000,00000000
10/01/2025;368;A;KMF;0,01265000;0,01271000;479,78000000;481,78000000
10/01/2025;370;A;XAF;0,00928000;0,00952700;639,90000000;656,89000000
10/01/2025;372;A;XOF;0,00951400;0,00962000;633,75000000;640,75000000
10/01/2025;380;A;XPF;0,05207000;0,05253000;116,06000000;117,08000000
10/01/2025;390;A;DJF;0,03414000;0,03433000;177,60000000;178,55000000
10/01/2025;398;A;GNF;0,00070190;0,00070820;8609,00000000;8685,00000000
10/01/2025;406;A;MGA;0,00127800;0,00129000;4725,29000000;4769,08000000
10/01/2025;420;A;RWF;0,00439000;0,00444500;1371,59000000;1388,59000000
10/01/2025;425;A;CHF;6,65130000;6,65480000;0,91610000;0,91650000
10/01/2025;440;A;HTG;0,04650000;0,04683000;130,18160000;131,09330000
10/01/2025;450;A;PYG;0,00077330;0,00077410;7875,46000000;7883,35000000
10/01/2025;460;A;UAH;0,14410000;0,14440000;42,23000000;42,30000000
10/01/2025;470;A;JPY;0,03868000;0,03870000;157,54000000;157,58000000
10/01/2025;482;A;GEL;2,13140000;2,17890000;2,79800000;2,86000000
10/01/2025;490;A;ALL;0,06327000;0,06390000;95,40000000;96,35000000
10/01/2025;495;A;HNL;0,23910000;0,24040000;25,36400000;25,50000000
10/01/2025;500;A;SLL;0,00026610;0,00026880;22683,00000000;22908,00000000
10/01/2025;503;A;MDL;0,32900000;0,33080000;18,43100000;18,53100000
10/01/2025;506;A;RON;1,25590000;1,25650000;4,85180000;4,85400000
10/01/2025;510;A;BGN;3,19460000;3,19560000;1,90780000;1,90820000
10/01/2025;530;B;GIP;7,47660000;7,48350000;1,22650000;1,22750000
10/01/2025;535;A;EGP;0,12040000;0,12070000;50,51000000;50,61000000
10/01/2025;540;B;GBP;7,45470000;7,45780000;1,22290000;1,22330000
10/01/2025;545;B;FKP;7,47660000;7,48350000;1,22650000;1,22750000
10/01/2025;560;A;LBP;0,00006800;0,00006810;89500,00000000;89600,00000000
10/01/2025;570;B;SHP;7,46930000;7,47610000;1,22530000;1,22630000
10/01/2025;575;A;SYP;0,00046860;0,00046900;13000,00000000;13010,00000000
10/01/2025;585;A;SZL;0,31860000;0,31920000;19,10150000;19,13350000
10/01/2025;603;A;LSL;0,31890000;0,31900000;19,11150000;19,11440000
10/01/2025;608;A;TMT;1,73940000;1,74450000;3,49470000;3,50470000
10/01/2025;622;A;MZN;0,09445000;0,09636000;63,27000000;64,54000000
10/01/2025;625;A;ERN;0,40240000;0,40640000;15,00000000;15,15000000
10/01/2025;630;A;NGN;0,00390300;0,00395500;1541,67000000;1561,67000000
10/01/2025;635;A;AOA;0,00655200;0,00668500;912,00000000;930,45300000
10/01/2025;640;A;TWD;0,18430000;0,18430000;33,07400000;33,08000000
10/01/2025;642;A;TRY;0,17210000;0,17220000;35,41230000;35,42230000
10/01/2025;660;A;PEN;1,61780000;1,61970000;3,76400000;3,76800000
10/01/2025;665;A;BTN;0,07083000;0,07088000;86,00800000;86,06300000
10/01/2025;670;A;MRO;0,01698000;0,01713000;356,00000000;359,00000000
10/01/2025;671;A;MRU;0,15210000;0,15340000;39,73010000;40,09010000
10/01/2025;680;B;TOP;2,45420000;2,60690000;0,40260000;0,42760000
10/01/2025;685;A;MOP;0,75910000;0,76020000;8,02000000;8,03000000
10/01/2025;706;A;ARS;0,00587800;0,00588200;1036,50000000;1037,00000000
10/01/2025;715;A;CLP;0,00601100;0,00601600;1013,40000000;1014,05000000
10/01/2025;720;A;COP;0,00140300;0,00140400;4341,45000000;4345,05000000
10/01/2025;721;B;COU;0,52790000;0,52800000;0,08660000;0,08660000
10/01/2025;725;A;CUP;0,25400000;0,25400000;24,00000000;24,00000000
10/01/2025;730;A;DOP;0,09922000;0,09984000;61,06000000;61,44000000
10/01/2025;735;A;PHP;0,10390000;0,10400000;58,62700000;58,64700000
10/01/2025;741;A;MXN;0,29440000;0,29460000;20,69750000;20,70800000
10/01/2025;745;A;UYU;0,13940000;0,13960000;43,68000000;43,72000000
10/01/2025;755;B;BWP;0,43280000;0,43470000;0,07100000;0,07130000
10/01/2025;760;A;MWK;0,00348300;0,00355100;1717,02000000;1750,32000000
10/01/2025;766;A;ZMW;0,22050000;0,22090000;27,60000000;27,65000000
10/01/2025;770;A;GTQ;0,78880000;0,79090000;7,70800000;7,72800000
10/01/2025;775;A;MMK;0,00289400;0,00291200;2093,70000000;2106,30000000
10/01/2025;778;B;PGK;1,47030000;1,57410000;0,24120000;0,25820000
10/01/2025;780;A;LAK;0,00027790;0,00028080;21708,00000000;21938,00000000
10/01/2025;785;A;ZAR;0,31890000;0,31900000;19,11260000;19,11710000
10/01/2025;795;A;CNY;0,83130000;0,83140000;7,33260000;7,33270000
10/01/2025;796;A;CNH;0,82860000;0,82870000;7,35690000;7,35730000
10/01/2025;800;A;QAR;1,67170000;1,67260000;3,64500000;3,64650000
10/01/2025;805;A;OMR;15,83350000;15,83510000;0,38500000;0,38500000
10/01/2025;810;A;YER;0,02447000;0,02452000;248,60000000;249,10000000
10/01/2025;815;A;IRR;0,00014510;0,00014520;42000,00000000;42005,00000000
10/01/2025;820;A;SAR;1,62380000;1,62410000;3,75380000;3,75420000
10/01/2025;825;A;KHR;0,00150400;0,00151200;4032,00000000;4052,00000000
10/01/2025;828;A;MYR;1,35460000;1,35690000;4,49300000;4,50000000
10/01/2025;830;A;RUB;0,05962000;0,05963000;102,24550000;102,25450000
10/01/2025;831;A;BYN;1,85900000;1,86660000;3,26610000;3,27910000
10/01/2025;835;A;TJS;0,55670000;0,56190000;10,85000000;10,95000000
10/01/2025;840;A;MUR;0,12980000;0,13060000;46,68000000;46,98000000
10/01/2025;845;A;NPR;0,04431000;0,04433000;137,54000000;137,56000000
10/01/2025;850;A;SCR;0,42750000;0,42760000;14,25780000;14,25820000
10/01/2025;855;A;LKR;0,02069000;0,02071000;294,40000000;294,70000000
10/01/2025;860;A;INR;0,07075000;0,07080000;86,11000000;86,16500000
10/01/2025;865;A;IDR;0,00037650;0,00037680;16180,00000000;16190,00000000
10/01/2025;870;A;MVR;0,39330000;0,39540000;15,42000000;15,50000000
10/01/2025;875;A;PKR;0,02188000;0,02190000;278,40000000;278,60000000
10/01/2025;880;A;ILS;1,65340000;1,65600000;3,68150000;3,68690000
10/01/2025;892;A;KGS;0,07002000;0,07007000;87,00000000;87,05430000
10/01/2025;893;A;UZS;0,00047030;0,00047070;12952,00000000;12962,00000000
10/01/2025;905;A;BDT;0,04997000;0,04998000;121,99000000;122,00000000
10/01/2025;912;B;WST;2,08300000;2,21730000;0,34170000;0,36370000
10/01/2025;913;A;KZT;0,01155000;0,01157000;527,15000000;527,70000000
10/01/2025;915;A;MNT;0,00177700;0,00178000;3425,00000000;3431,00000000
10/01/2025;920;A;VUV;0,04956000;0,05256000;116,00000000;123,00000000
10/01/2025;930;A;KRW;0,00413900;0,00414300;1471,61000000;1472,76000000
10/01/2025;946;A;TZS;0,00240300;0,00244200;2497,00000000;2537,00000000
10/01/2025;950;A;KES;0,04704000;0,04717000;129,25000000;129,60000000
10/01/2025;955;A;UGX;0,00164700;0,00165100;3692,00000000;3702,00000000
10/01/2025;960;A;SOS;0,01060000;0,01073000;568,00000000;575,00000000
10/01/2025;975;A;PLN;1,46410000;1,46450000;4,16280000;4,16370000
10/01/2025;978;B;EUR;6,24890000;6,25010000;1,02510000;1,02520000
10/01/2025;998;A;XAU;527,78350000;527,83550000;0,01155000;0,01155000

[2025-07-07T14:14:45.320+0000] {taskinstance.py:441} INFO - ::group::Post task execution logs
[2025-07-07T14:14:45.366+0000] {taskinstance.py:1206} INFO - Marking task as SUCCESS. dag_id=fin_cotacoes_bcb_classic, task_id=extract, run_id=scheduled__2025-01-10T00:00:00+00:00, execution_date=20250110T000000, start_date=20250707T141444, end_date=20250707T141445
[2025-07-07T14:14:45.420+0000] {local_task_job_runner.py:240} INFO - Task exited with return code 0
[2025-07-07T14:14:45.478+0000] {taskinstance.py:3503} INFO - 1 downstream tasks scheduled from follow-on schedule check
[2025-07-07T14:14:45.483+0000] {local_task_job_runner.py:222} INFO - ::endgroup::
[2025-07-07T14:32:45.503+0000] {local_task_job_runner.py:120} INFO - ::group::Pre task execution logs
[2025-07-07T14:32:45.589+0000] {taskinstance.py:2076} INFO - Dependencies all met for dep_context=non-requeueable deps ti=<TaskInstance: fin_cotacoes_bcb_classic.extract scheduled__2025-01-10T00:00:00+00:00 [queued]>
[2025-07-07T14:32:45.611+0000] {taskinstance.py:2076} INFO - Dependencies all met for dep_context=requeueable deps ti=<TaskInstance: fin_cotacoes_bcb_classic.extract scheduled__2025-01-10T00:00:00+00:00 [queued]>
[2025-07-07T14:32:45.611+0000] {taskinstance.py:2306} INFO - Starting attempt 1 of 2
[2025-07-07T14:32:45.771+0000] {taskinstance.py:2330} INFO - Executing <Task(PythonOperator): extract> on 2025-01-10 00:00:00+00:00
[2025-07-07T14:32:45.794+0000] {standard_task_runner.py:90} INFO - Running: ['***', 'tasks', 'run', 'fin_cotacoes_bcb_classic', 'extract', 'scheduled__2025-01-10T00:00:00+00:00', '--job-id', '2200', '--raw', '--subdir', 'DAGS_FOLDER/cotacoes.py', '--cfg-path', '/tmp/tmpdm4a5we3']
[2025-07-07T14:32:45.798+0000] {standard_task_runner.py:91} INFO - Job 2200: Subtask extract
[2025-07-07T14:32:45.804+0000] {logging_mixin.py:188} WARNING - /home/***/.local/lib/python3.12/site-packages/***/task/task_runner/standard_task_runner.py:61 DeprecationWarning: This process (pid=77014) is multi-threaded, use of fork() may lead to deadlocks in the child.
[2025-07-07T14:32:45.805+0000] {standard_task_runner.py:63} INFO - Started process 77063 to run task
[2025-07-07T14:32:45.938+0000] {task_command.py:426} INFO - Running <TaskInstance: fin_cotacoes_bcb_classic.extract scheduled__2025-01-10T00:00:00+00:00 [running]> on host bc96ca91d307
[2025-07-07T14:32:46.098+0000] {taskinstance.py:2648} INFO - Exporting env vars: AIRFLOW_CTX_DAG_OWNER='***' AIRFLOW_CTX_DAG_ID='fin_cotacoes_bcb_classic' AIRFLOW_CTX_TASK_ID='extract' AIRFLOW_CTX_EXECUTION_DATE='2025-01-10T00:00:00+00:00' AIRFLOW_CTX_TRY_NUMBER='1' AIRFLOW_CTX_DAG_RUN_ID='scheduled__2025-01-10T00:00:00+00:00'
[2025-07-07T14:32:46.100+0000] {taskinstance.py:430} INFO - ::endgroup::
[2025-07-07T14:32:46.101+0000] {cotacoes.py:35} INFO - Iniciando extração da URL: https://www4.bcb.gov.br/Download/fechamento/20250110.csv
[2025-07-07T14:32:46.407+0000] {cotacoes.py:41} INFO - Extração concluída com sucesso.
[2025-07-07T14:32:46.417+0000] {python.py:237} INFO - Done. Returned value was: 10/01/2025;005;A;AFN;0,08553000;0,08594000;70,94000000;71,27000000
10/01/2025;009;A;ETB;0,04676000;0,04863000;125,35310000;130,35310000
10/01/2025;015;A;THB;0,17570000;0,17580000;34,68000000;34,70000000
10/01/2025;020;A;PAB;6,09590000;6,09650000;1,00000000;1,00000000
10/01/2025;027;A;VES;0,11320000;0,11350000;53,71760000;53,85220000
10/01/2025;030;A;BOB;0,87080000;0,89000000;6,85000000;7,00000000
10/01/2025;035;A;GHS;0,41190000;0,41330000;14,75000000;14,80000000
10/01/2025;040;A;CRC;0,01199000;0,01214000;502,21000000;508,36000000
10/01/2025;045;A;SVC;0,69590000;0,69680000;8,74950000;8,75950000
10/01/2025;051;A;NIO;0,16480000;0,16660000;36,60000000;37,00000000
10/01/2025;055;A;DKK;0,83750000;0,83770000;7,27780000;7,27850000
10/01/2025;060;A;ISK;0,04314000;0,04323000;141,01000000;141,32000000
10/01/2025;065;A;NOK;0,53160000;0,53180000;11,46490000;11,46790000
10/01/2025;070;A;SEK;0,54360000;0,54380000;11,21100000;11,21330000
10/01/2025;075;A;CZK;0,24890000;0,24930000;24,45500000;24,48900000
10/01/2025;090;A;GMD;0,08351000;0,08465000;72,02000000;73,00000000
10/01/2025;095;A;DZD;0,04467000;0,04498000;135,52950000;136,45480000
10/01/2025;100;A;KWD;19,75340000;19,76820000;0,30840000;0,30860000
10/01/2025;105;A;BHD;16,16950000;16,17110000;0,37700000;0,37700000
10/01/2025;115;A;IQD;0,00465000;0,00465700;1309,00000000;1311,00000000
10/01/2025;125;A;JOD;8,58580000;8,59020000;0,70970000;0,71000000
10/01/2025;130;A;LYD;1,23050000;1,23620000;4,93160000;4,95390000
10/01/2025;132;A;MKD;0,10160000;0,10250000;59,46000000;59,97000000
10/01/2025;133;A;RSD;0,05337000;0,05342000;114,13000000;114,21000000
10/01/2025;134;A;SDG;0,01012000;0,01018000;598,85020000;602,19120000
10/01/2025;135;A;TND;1,89140000;1,89720000;3,21350000;3,22300000
10/01/2025;136;A;SSP;0,00148700;0,00152400;4000,00000000;4100,00000000
10/01/2025;138;B;SDR;7,90820000;7,90900000;1,29730000;1,29730000
10/01/2025;139;A;MAD;0,60450000;0,60480000;10,07960000;10,08460000
10/01/2025;145;A;AED;1,65950000;1,66000000;3,67260000;3,67340000
10/01/2025;149;A;STN;0,25000000;0,25510000;23,89770000;24,38780000
10/01/2025;150;B;AUD;3,75200000;3,75300000;0,61550000;0,61560000
10/01/2025;155;A;BSD;6,09590000;6,09650000;1,00000000;1,00000000
10/01/2025;160;A;BMD;6,09590000;6,09650000;1,00000000;1,00000000
10/01/2025;165;A;CAD;4,22560000;4,22690000;1,44230000;1,44260000
10/01/2025;170;A;GYD;0,02897000;0,02931000;207,98000000;210,45000000
10/01/2025;173;A;NAD;0,31890000;0,31900000;19,11150000;19,11440000
10/01/2025;175;A;BBD;2,98800000;3,05110000;1,99810000;2,04010000
10/01/2025;180;A;BZD;3,02200000;3,04790000;2,00020000;2,01720000
10/01/2025;185;A;BND;4,44210000;4,44420000;1,37180000;1,37230000
10/01/2025;190;A;KYD;7,30050000;7,36740000;0,82750000;0,83500000
10/01/2025;195;A;SGD;4,44210000;4,44420000;1,37180000;1,37230000
10/01/2025;197;B;CLF;231,05900000;231,08170000;37,90400000;37,90400000
10/01/2025;200;B;FJD;2,56640000;2,64950000;0,42100000;0,43460000
10/01/2025;205;A;HKD;0,78270000;0,78290000;7,78710000;7,78800000
10/01/2025;210;A;TTD;0,89300000;0,90290000;6,75250000;6,82600000
10/01/2025;215;A;XCD;2,24110000;2,26640000;2,69000000;2,72000000
10/01/2025;220;A;USD;6,09590000;6,09650000;1,00000000;1,00000000
10/01/2025;230;A;JMD;0,03868000;0,03910000;155,91000000;157,61000000
10/01/2025;235;A;LRD;0,03243000;0,03260000;187,00000000;188,00000000
10/01/2025;245;B;NZD;3,38930000;3,39150000;0,55600000;0,55630000
10/01/2025;250;B;SBD;0,68270000;0,75600000;0,11200000;0,12400000
10/01/2025;255;A;SRD;0,17150000;0,17540000;34,76000000;35,54500000
10/01/2025;260;A;VND;0,00024020;0,00024040;25360,00000000;25380,00000000
10/01/2025;275;A;AMD;0,01509000;0,01540000;396,00000000;404,00000000
10/01/2025;295;A;CVE;0,05616000;0,05667000;107,57000000;108,55000000
10/01/2025;325;A;ANG;3,34940000;3,41640000;1,78450000;1,82000000
10/01/2025;328;A;AWG;3,31300000;3,42500000;1,78000000;1,84000000
10/01/2025;345;A;HUF;0,01512000;0,01512000;403,10000000;403,25000000
10/01/2025;363;A;CDF;0,00212400;0,00215400;2830,00000000;2870,00000000
10/01/2025;365;A;BIF;0,00203200;0,00209100;2916,30000000;3000,00000000
10/01/2025;368;A;KMF;0,01265000;0,01271000;479,78000000;481,78000000
10/01/2025;370;A;XAF;0,00928000;0,00952700;639,90000000;656,89000000
10/01/2025;372;A;XOF;0,00951400;0,00962000;633,75000000;640,75000000
10/01/2025;380;A;XPF;0,05207000;0,05253000;116,06000000;117,08000000
10/01/2025;390;A;DJF;0,03414000;0,03433000;177,60000000;178,55000000
10/01/2025;398;A;GNF;0,00070190;0,00070820;8609,00000000;8685,00000000
10/01/2025;406;A;MGA;0,00127800;0,00129000;4725,29000000;4769,08000000
10/01/2025;420;A;RWF;0,00439000;0,00444500;1371,59000000;1388,59000000
10/01/2025;425;A;CHF;6,65130000;6,65480000;0,91610000;0,91650000
10/01/2025;440;A;HTG;0,04650000;0,04683000;130,18160000;131,09330000
10/01/2025;450;A;PYG;0,00077330;0,00077410;7875,46000000;7883,35000000
10/01/2025;460;A;UAH;0,14410000;0,14440000;42,23000000;42,30000000
10/01/2025;470;A;JPY;0,03868000;0,03870000;157,54000000;157,58000000
10/01/2025;482;A;GEL;2,13140000;2,17890000;2,79800000;2,86000000
10/01/2025;490;A;ALL;0,06327000;0,06390000;95,40000000;96,35000000
10/01/2025;495;A;HNL;0,23910000;0,24040000;25,36400000;25,50000000
10/01/2025;500;A;SLL;0,00026610;0,00026880;22683,00000000;22908,00000000
10/01/2025;503;A;MDL;0,32900000;0,33080000;18,43100000;18,53100000
10/01/2025;506;A;RON;1,25590000;1,25650000;4,85180000;4,85400000
10/01/2025;510;A;BGN;3,19460000;3,19560000;1,90780000;1,90820000
10/01/2025;530;B;GIP;7,47660000;7,48350000;1,22650000;1,22750000
10/01/2025;535;A;EGP;0,12040000;0,12070000;50,51000000;50,61000000
10/01/2025;540;B;GBP;7,45470000;7,45780000;1,22290000;1,22330000
10/01/2025;545;B;FKP;7,47660000;7,48350000;1,22650000;1,22750000
10/01/2025;560;A;LBP;0,00006800;0,00006810;89500,00000000;89600,00000000
10/01/2025;570;B;SHP;7,46930000;7,47610000;1,22530000;1,22630000
10/01/2025;575;A;SYP;0,00046860;0,00046900;13000,00000000;13010,00000000
10/01/2025;585;A;SZL;0,31860000;0,31920000;19,10150000;19,13350000
10/01/2025;603;A;LSL;0,31890000;0,31900000;19,11150000;19,11440000
10/01/2025;608;A;TMT;1,73940000;1,74450000;3,49470000;3,50470000
10/01/2025;622;A;MZN;0,09445000;0,09636000;63,27000000;64,54000000
10/01/2025;625;A;ERN;0,40240000;0,40640000;15,00000000;15,15000000
10/01/2025;630;A;NGN;0,00390300;0,00395500;1541,67000000;1561,67000000
10/01/2025;635;A;AOA;0,00655200;0,00668500;912,00000000;930,45300000
10/01/2025;640;A;TWD;0,18430000;0,18430000;33,07400000;33,08000000
10/01/2025;642;A;TRY;0,17210000;0,17220000;35,41230000;35,42230000
10/01/2025;660;A;PEN;1,61780000;1,61970000;3,76400000;3,76800000
10/01/2025;665;A;BTN;0,07083000;0,07088000;86,00800000;86,06300000
10/01/2025;670;A;MRO;0,01698000;0,01713000;356,00000000;359,00000000
10/01/2025;671;A;MRU;0,15210000;0,15340000;39,73010000;40,09010000
10/01/2025;680;B;TOP;2,45420000;2,60690000;0,40260000;0,42760000
10/01/2025;685;A;MOP;0,75910000;0,76020000;8,02000000;8,03000000
10/01/2025;706;A;ARS;0,00587800;0,00588200;1036,50000000;1037,00000000
10/01/2025;715;A;CLP;0,00601100;0,00601600;1013,40000000;1014,05000000
10/01/2025;720;A;COP;0,00140300;0,00140400;4341,45000000;4345,05000000
10/01/2025;721;B;COU;0,52790000;0,52800000;0,08660000;0,08660000
10/01/2025;725;A;CUP;0,25400000;0,25400000;24,00000000;24,00000000
10/01/2025;730;A;DOP;0,09922000;0,09984000;61,06000000;61,44000000
10/01/2025;735;A;PHP;0,10390000;0,10400000;58,62700000;58,64700000
10/01/2025;741;A;MXN;0,29440000;0,29460000;20,69750000;20,70800000
10/01/2025;745;A;UYU;0,13940000;0,13960000;43,68000000;43,72000000
10/01/2025;755;B;BWP;0,43280000;0,43470000;0,07100000;0,07130000
10/01/2025;760;A;MWK;0,00348300;0,00355100;1717,02000000;1750,32000000
10/01/2025;766;A;ZMW;0,22050000;0,22090000;27,60000000;27,65000000
10/01/2025;770;A;GTQ;0,78880000;0,79090000;7,70800000;7,72800000
10/01/2025;775;A;MMK;0,00289400;0,00291200;2093,70000000;2106,30000000
10/01/2025;778;B;PGK;1,47030000;1,57410000;0,24120000;0,25820000
10/01/2025;780;A;LAK;0,00027790;0,00028080;21708,00000000;21938,00000000
10/01/2025;785;A;ZAR;0,31890000;0,31900000;19,11260000;19,11710000
10/01/2025;795;A;CNY;0,83130000;0,83140000;7,33260000;7,33270000
10/01/2025;796;A;CNH;0,82860000;0,82870000;7,35690000;7,35730000
10/01/2025;800;A;QAR;1,67170000;1,67260000;3,64500000;3,64650000
10/01/2025;805;A;OMR;15,83350000;15,83510000;0,38500000;0,38500000
10/01/2025;810;A;YER;0,02447000;0,02452000;248,60000000;249,10000000
10/01/2025;815;A;IRR;0,00014510;0,00014520;42000,00000000;42005,00000000
10/01/2025;820;A;SAR;1,62380000;1,62410000;3,75380000;3,75420000
10/01/2025;825;A;KHR;0,00150400;0,00151200;4032,00000000;4052,00000000
10/01/2025;828;A;MYR;1,35460000;1,35690000;4,49300000;4,50000000
10/01/2025;830;A;RUB;0,05962000;0,05963000;102,24550000;102,25450000
10/01/2025;831;A;BYN;1,85900000;1,86660000;3,26610000;3,27910000
10/01/2025;835;A;TJS;0,55670000;0,56190000;10,85000000;10,95000000
10/01/2025;840;A;MUR;0,12980000;0,13060000;46,68000000;46,98000000
10/01/2025;845;A;NPR;0,04431000;0,04433000;137,54000000;137,56000000
10/01/2025;850;A;SCR;0,42750000;0,42760000;14,25780000;14,25820000
10/01/2025;855;A;LKR;0,02069000;0,02071000;294,40000000;294,70000000
10/01/2025;860;A;INR;0,07075000;0,07080000;86,11000000;86,16500000
10/01/2025;865;A;IDR;0,00037650;0,00037680;16180,00000000;16190,00000000
10/01/2025;870;A;MVR;0,39330000;0,39540000;15,42000000;15,50000000
10/01/2025;875;A;PKR;0,02188000;0,02190000;278,40000000;278,60000000
10/01/2025;880;A;ILS;1,65340000;1,65600000;3,68150000;3,68690000
10/01/2025;892;A;KGS;0,07002000;0,07007000;87,00000000;87,05430000
10/01/2025;893;A;UZS;0,00047030;0,00047070;12952,00000000;12962,00000000
10/01/2025;905;A;BDT;0,04997000;0,04998000;121,99000000;122,00000000
10/01/2025;912;B;WST;2,08300000;2,21730000;0,34170000;0,36370000
10/01/2025;913;A;KZT;0,01155000;0,01157000;527,15000000;527,70000000
10/01/2025;915;A;MNT;0,00177700;0,00178000;3425,00000000;3431,00000000
10/01/2025;920;A;VUV;0,04956000;0,05256000;116,00000000;123,00000000
10/01/2025;930;A;KRW;0,00413900;0,00414300;1471,61000000;1472,76000000
10/01/2025;946;A;TZS;0,00240300;0,00244200;2497,00000000;2537,00000000
10/01/2025;950;A;KES;0,04704000;0,04717000;129,25000000;129,60000000
10/01/2025;955;A;UGX;0,00164700;0,00165100;3692,00000000;3702,00000000
10/01/2025;960;A;SOS;0,01060000;0,01073000;568,00000000;575,00000000
10/01/2025;975;A;PLN;1,46410000;1,46450000;4,16280000;4,16370000
10/01/2025;978;B;EUR;6,24890000;6,25010000;1,02510000;1,02520000
10/01/2025;998;A;XAU;527,78350000;527,83550000;0,01155000;0,01155000

[2025-07-07T14:32:46.420+0000] {taskinstance.py:441} INFO - ::group::Post task execution logs
[2025-07-07T14:32:46.476+0000] {taskinstance.py:1206} INFO - Marking task as SUCCESS. dag_id=fin_cotacoes_bcb_classic, task_id=extract, run_id=scheduled__2025-01-10T00:00:00+00:00, execution_date=20250110T000000, start_date=20250707T143245, end_date=20250707T143246
[2025-07-07T14:32:46.554+0000] {local_task_job_runner.py:240} INFO - Task exited with return code 0
[2025-07-07T14:32:46.579+0000] {local_task_job_runner.py:222} INFO - ::endgroup::
[2025-07-07T15:10:15.546+0000] {local_task_job_runner.py:120} INFO - ::group::Pre task execution logs
[2025-07-07T15:10:15.610+0000] {taskinstance.py:2076} INFO - Dependencies all met for dep_context=non-requeueable deps ti=<TaskInstance: fin_cotacoes_bcb_classic.extract scheduled__2025-01-10T00:00:00+00:00 [queued]>
[2025-07-07T15:10:15.620+0000] {taskinstance.py:2076} INFO - Dependencies all met for dep_context=requeueable deps ti=<TaskInstance: fin_cotacoes_bcb_classic.extract scheduled__2025-01-10T00:00:00+00:00 [queued]>
[2025-07-07T15:10:15.620+0000] {taskinstance.py:2306} INFO - Starting attempt 1 of 2
[2025-07-07T15:10:15.650+0000] {taskinstance.py:2330} INFO - Executing <Task(PythonOperator): extract> on 2025-01-10 00:00:00+00:00
[2025-07-07T15:10:15.666+0000] {logging_mixin.py:188} WARNING - /home/***/.local/lib/python3.12/site-packages/***/task/task_runner/standard_task_runner.py:61 DeprecationWarning: This process (pid=101800) is multi-threaded, use of fork() may lead to deadlocks in the child.
[2025-07-07T15:10:15.667+0000] {standard_task_runner.py:63} INFO - Started process 101855 to run task
[2025-07-07T15:10:15.676+0000] {standard_task_runner.py:90} INFO - Running: ['***', 'tasks', 'run', 'fin_cotacoes_bcb_classic', 'extract', 'scheduled__2025-01-10T00:00:00+00:00', '--job-id', '3890', '--raw', '--subdir', 'DAGS_FOLDER/cotacoes.py', '--cfg-path', '/tmp/tmpyyza9tub']
[2025-07-07T15:10:15.677+0000] {standard_task_runner.py:91} INFO - Job 3890: Subtask extract
[2025-07-07T15:10:15.818+0000] {task_command.py:426} INFO - Running <TaskInstance: fin_cotacoes_bcb_classic.extract scheduled__2025-01-10T00:00:00+00:00 [running]> on host bc96ca91d307
[2025-07-07T15:10:16.053+0000] {taskinstance.py:2648} INFO - Exporting env vars: AIRFLOW_CTX_DAG_OWNER='***' AIRFLOW_CTX_DAG_ID='fin_cotacoes_bcb_classic' AIRFLOW_CTX_TASK_ID='extract' AIRFLOW_CTX_EXECUTION_DATE='2025-01-10T00:00:00+00:00' AIRFLOW_CTX_TRY_NUMBER='1' AIRFLOW_CTX_DAG_RUN_ID='scheduled__2025-01-10T00:00:00+00:00'
[2025-07-07T15:10:16.054+0000] {taskinstance.py:430} INFO - ::endgroup::
[2025-07-07T15:10:16.055+0000] {cotacoes.py:35} INFO - Iniciando extração da URL: https://www4.bcb.gov.br/Download/fechamento/20250110.csv
[2025-07-07T15:10:16.401+0000] {cotacoes.py:41} INFO - Extração concluída com sucesso.
[2025-07-07T15:10:16.405+0000] {python.py:237} INFO - Done. Returned value was: 10/01/2025;005;A;AFN;0,08553000;0,08594000;70,94000000;71,27000000
10/01/2025;009;A;ETB;0,04676000;0,04863000;125,35310000;130,35310000
10/01/2025;015;A;THB;0,17570000;0,17580000;34,68000000;34,70000000
10/01/2025;020;A;PAB;6,09590000;6,09650000;1,00000000;1,00000000
10/01/2025;027;A;VES;0,11320000;0,11350000;53,71760000;53,85220000
10/01/2025;030;A;BOB;0,87080000;0,89000000;6,85000000;7,00000000
10/01/2025;035;A;GHS;0,41190000;0,41330000;14,75000000;14,80000000
10/01/2025;040;A;CRC;0,01199000;0,01214000;502,21000000;508,36000000
10/01/2025;045;A;SVC;0,69590000;0,69680000;8,74950000;8,75950000
10/01/2025;051;A;NIO;0,16480000;0,16660000;36,60000000;37,00000000
10/01/2025;055;A;DKK;0,83750000;0,83770000;7,27780000;7,27850000
10/01/2025;060;A;ISK;0,04314000;0,04323000;141,01000000;141,32000000
10/01/2025;065;A;NOK;0,53160000;0,53180000;11,46490000;11,46790000
10/01/2025;070;A;SEK;0,54360000;0,54380000;11,21100000;11,21330000
10/01/2025;075;A;CZK;0,24890000;0,24930000;24,45500000;24,48900000
10/01/2025;090;A;GMD;0,08351000;0,08465000;72,02000000;73,00000000
10/01/2025;095;A;DZD;0,04467000;0,04498000;135,52950000;136,45480000
10/01/2025;100;A;KWD;19,75340000;19,76820000;0,30840000;0,30860000
10/01/2025;105;A;BHD;16,16950000;16,17110000;0,37700000;0,37700000
10/01/2025;115;A;IQD;0,00465000;0,00465700;1309,00000000;1311,00000000
10/01/2025;125;A;JOD;8,58580000;8,59020000;0,70970000;0,71000000
10/01/2025;130;A;LYD;1,23050000;1,23620000;4,93160000;4,95390000
10/01/2025;132;A;MKD;0,10160000;0,10250000;59,46000000;59,97000000
10/01/2025;133;A;RSD;0,05337000;0,05342000;114,13000000;114,21000000
10/01/2025;134;A;SDG;0,01012000;0,01018000;598,85020000;602,19120000
10/01/2025;135;A;TND;1,89140000;1,89720000;3,21350000;3,22300000
10/01/2025;136;A;SSP;0,00148700;0,00152400;4000,00000000;4100,00000000
10/01/2025;138;B;SDR;7,90820000;7,90900000;1,29730000;1,29730000
10/01/2025;139;A;MAD;0,60450000;0,60480000;10,07960000;10,08460000
10/01/2025;145;A;AED;1,65950000;1,66000000;3,67260000;3,67340000
10/01/2025;149;A;STN;0,25000000;0,25510000;23,89770000;24,38780000
10/01/2025;150;B;AUD;3,75200000;3,75300000;0,61550000;0,61560000
10/01/2025;155;A;BSD;6,09590000;6,09650000;1,00000000;1,00000000
10/01/2025;160;A;BMD;6,09590000;6,09650000;1,00000000;1,00000000
10/01/2025;165;A;CAD;4,22560000;4,22690000;1,44230000;1,44260000
10/01/2025;170;A;GYD;0,02897000;0,02931000;207,98000000;210,45000000
10/01/2025;173;A;NAD;0,31890000;0,31900000;19,11150000;19,11440000
10/01/2025;175;A;BBD;2,98800000;3,05110000;1,99810000;2,04010000
10/01/2025;180;A;BZD;3,02200000;3,04790000;2,00020000;2,01720000
10/01/2025;185;A;BND;4,44210000;4,44420000;1,37180000;1,37230000
10/01/2025;190;A;KYD;7,30050000;7,36740000;0,82750000;0,83500000
10/01/2025;195;A;SGD;4,44210000;4,44420000;1,37180000;1,37230000
10/01/2025;197;B;CLF;231,05900000;231,08170000;37,90400000;37,90400000
10/01/2025;200;B;FJD;2,56640000;2,64950000;0,42100000;0,43460000
10/01/2025;205;A;HKD;0,78270000;0,78290000;7,78710000;7,78800000
10/01/2025;210;A;TTD;0,89300000;0,90290000;6,75250000;6,82600000
10/01/2025;215;A;XCD;2,24110000;2,26640000;2,69000000;2,72000000
10/01/2025;220;A;USD;6,09590000;6,09650000;1,00000000;1,00000000
10/01/2025;230;A;JMD;0,03868000;0,03910000;155,91000000;157,61000000
10/01/2025;235;A;LRD;0,03243000;0,03260000;187,00000000;188,00000000
10/01/2025;245;B;NZD;3,38930000;3,39150000;0,55600000;0,55630000
10/01/2025;250;B;SBD;0,68270000;0,75600000;0,11200000;0,12400000
10/01/2025;255;A;SRD;0,17150000;0,17540000;34,76000000;35,54500000
10/01/2025;260;A;VND;0,00024020;0,00024040;25360,00000000;25380,00000000
10/01/2025;275;A;AMD;0,01509000;0,01540000;396,00000000;404,00000000
10/01/2025;295;A;CVE;0,05616000;0,05667000;107,57000000;108,55000000
10/01/2025;325;A;ANG;3,34940000;3,41640000;1,78450000;1,82000000
10/01/2025;328;A;AWG;3,31300000;3,42500000;1,78000000;1,84000000
10/01/2025;345;A;HUF;0,01512000;0,01512000;403,10000000;403,25000000
10/01/2025;363;A;CDF;0,00212400;0,00215400;2830,00000000;2870,00000000
10/01/2025;365;A;BIF;0,00203200;0,00209100;2916,30000000;3000,00000000
10/01/2025;368;A;KMF;0,01265000;0,01271000;479,78000000;481,78000000
10/01/2025;370;A;XAF;0,00928000;0,00952700;639,90000000;656,89000000
10/01/2025;372;A;XOF;0,00951400;0,00962000;633,75000000;640,75000000
10/01/2025;380;A;XPF;0,05207000;0,05253000;116,06000000;117,08000000
10/01/2025;390;A;DJF;0,03414000;0,03433000;177,60000000;178,55000000
10/01/2025;398;A;GNF;0,00070190;0,00070820;8609,00000000;8685,00000000
10/01/2025;406;A;MGA;0,00127800;0,00129000;4725,29000000;4769,08000000
10/01/2025;420;A;RWF;0,00439000;0,00444500;1371,59000000;1388,59000000
10/01/2025;425;A;CHF;6,65130000;6,65480000;0,91610000;0,91650000
10/01/2025;440;A;HTG;0,04650000;0,04683000;130,18160000;131,09330000
10/01/2025;450;A;PYG;0,00077330;0,00077410;7875,46000000;7883,35000000
10/01/2025;460;A;UAH;0,14410000;0,14440000;42,23000000;42,30000000
10/01/2025;470;A;JPY;0,03868000;0,03870000;157,54000000;157,58000000
10/01/2025;482;A;GEL;2,13140000;2,17890000;2,79800000;2,86000000
10/01/2025;490;A;ALL;0,06327000;0,06390000;95,40000000;96,35000000
10/01/2025;495;A;HNL;0,23910000;0,24040000;25,36400000;25,50000000
10/01/2025;500;A;SLL;0,00026610;0,00026880;22683,00000000;22908,00000000
10/01/2025;503;A;MDL;0,32900000;0,33080000;18,43100000;18,53100000
10/01/2025;506;A;RON;1,25590000;1,25650000;4,85180000;4,85400000
10/01/2025;510;A;BGN;3,19460000;3,19560000;1,90780000;1,90820000
10/01/2025;530;B;GIP;7,47660000;7,48350000;1,22650000;1,22750000
10/01/2025;535;A;EGP;0,12040000;0,12070000;50,51000000;50,61000000
10/01/2025;540;B;GBP;7,45470000;7,45780000;1,22290000;1,22330000
10/01/2025;545;B;FKP;7,47660000;7,48350000;1,22650000;1,22750000
10/01/2025;560;A;LBP;0,00006800;0,00006810;89500,00000000;89600,00000000
10/01/2025;570;B;SHP;7,46930000;7,47610000;1,22530000;1,22630000
10/01/2025;575;A;SYP;0,00046860;0,00046900;13000,00000000;13010,00000000
10/01/2025;585;A;SZL;0,31860000;0,31920000;19,10150000;19,13350000
10/01/2025;603;A;LSL;0,31890000;0,31900000;19,11150000;19,11440000
10/01/2025;608;A;TMT;1,73940000;1,74450000;3,49470000;3,50470000
10/01/2025;622;A;MZN;0,09445000;0,09636000;63,27000000;64,54000000
10/01/2025;625;A;ERN;0,40240000;0,40640000;15,00000000;15,15000000
10/01/2025;630;A;NGN;0,00390300;0,00395500;1541,67000000;1561,67000000
10/01/2025;635;A;AOA;0,00655200;0,00668500;912,00000000;930,45300000
10/01/2025;640;A;TWD;0,18430000;0,18430000;33,07400000;33,08000000
10/01/2025;642;A;TRY;0,17210000;0,17220000;35,41230000;35,42230000
10/01/2025;660;A;PEN;1,61780000;1,61970000;3,76400000;3,76800000
10/01/2025;665;A;BTN;0,07083000;0,07088000;86,00800000;86,06300000
10/01/2025;670;A;MRO;0,01698000;0,01713000;356,00000000;359,00000000
10/01/2025;671;A;MRU;0,15210000;0,15340000;39,73010000;40,09010000
10/01/2025;680;B;TOP;2,45420000;2,60690000;0,40260000;0,42760000
10/01/2025;685;A;MOP;0,75910000;0,76020000;8,02000000;8,03000000
10/01/2025;706;A;ARS;0,00587800;0,00588200;1036,50000000;1037,00000000
10/01/2025;715;A;CLP;0,00601100;0,00601600;1013,40000000;1014,05000000
10/01/2025;720;A;COP;0,00140300;0,00140400;4341,45000000;4345,05000000
10/01/2025;721;B;COU;0,52790000;0,52800000;0,08660000;0,08660000
10/01/2025;725;A;CUP;0,25400000;0,25400000;24,00000000;24,00000000
10/01/2025;730;A;DOP;0,09922000;0,09984000;61,06000000;61,44000000
10/01/2025;735;A;PHP;0,10390000;0,10400000;58,62700000;58,64700000
10/01/2025;741;A;MXN;0,29440000;0,29460000;20,69750000;20,70800000
10/01/2025;745;A;UYU;0,13940000;0,13960000;43,68000000;43,72000000
10/01/2025;755;B;BWP;0,43280000;0,43470000;0,07100000;0,07130000
10/01/2025;760;A;MWK;0,00348300;0,00355100;1717,02000000;1750,32000000
10/01/2025;766;A;ZMW;0,22050000;0,22090000;27,60000000;27,65000000
10/01/2025;770;A;GTQ;0,78880000;0,79090000;7,70800000;7,72800000
10/01/2025;775;A;MMK;0,00289400;0,00291200;2093,70000000;2106,30000000
10/01/2025;778;B;PGK;1,47030000;1,57410000;0,24120000;0,25820000
10/01/2025;780;A;LAK;0,00027790;0,00028080;21708,00000000;21938,00000000
10/01/2025;785;A;ZAR;0,31890000;0,31900000;19,11260000;19,11710000
10/01/2025;795;A;CNY;0,83130000;0,83140000;7,33260000;7,33270000
10/01/2025;796;A;CNH;0,82860000;0,82870000;7,35690000;7,35730000
10/01/2025;800;A;QAR;1,67170000;1,67260000;3,64500000;3,64650000
10/01/2025;805;A;OMR;15,83350000;15,83510000;0,38500000;0,38500000
10/01/2025;810;A;YER;0,02447000;0,02452000;248,60000000;249,10000000
10/01/2025;815;A;IRR;0,00014510;0,00014520;42000,00000000;42005,00000000
10/01/2025;820;A;SAR;1,62380000;1,62410000;3,75380000;3,75420000
10/01/2025;825;A;KHR;0,00150400;0,00151200;4032,00000000;4052,00000000
10/01/2025;828;A;MYR;1,35460000;1,35690000;4,49300000;4,50000000
10/01/2025;830;A;RUB;0,05962000;0,05963000;102,24550000;102,25450000
10/01/2025;831;A;BYN;1,85900000;1,86660000;3,26610000;3,27910000
10/01/2025;835;A;TJS;0,55670000;0,56190000;10,85000000;10,95000000
10/01/2025;840;A;MUR;0,12980000;0,13060000;46,68000000;46,98000000
10/01/2025;845;A;NPR;0,04431000;0,04433000;137,54000000;137,56000000
10/01/2025;850;A;SCR;0,42750000;0,42760000;14,25780000;14,25820000
10/01/2025;855;A;LKR;0,02069000;0,02071000;294,40000000;294,70000000
10/01/2025;860;A;INR;0,07075000;0,07080000;86,11000000;86,16500000
10/01/2025;865;A;IDR;0,00037650;0,00037680;16180,00000000;16190,00000000
10/01/2025;870;A;MVR;0,39330000;0,39540000;15,42000000;15,50000000
10/01/2025;875;A;PKR;0,02188000;0,02190000;278,40000000;278,60000000
10/01/2025;880;A;ILS;1,65340000;1,65600000;3,68150000;3,68690000
10/01/2025;892;A;KGS;0,07002000;0,07007000;87,00000000;87,05430000
10/01/2025;893;A;UZS;0,00047030;0,00047070;12952,00000000;12962,00000000
10/01/2025;905;A;BDT;0,04997000;0,04998000;121,99000000;122,00000000
10/01/2025;912;B;WST;2,08300000;2,21730000;0,34170000;0,36370000
10/01/2025;913;A;KZT;0,01155000;0,01157000;527,15000000;527,70000000
10/01/2025;915;A;MNT;0,00177700;0,00178000;3425,00000000;3431,00000000
10/01/2025;920;A;VUV;0,04956000;0,05256000;116,00000000;123,00000000
10/01/2025;930;A;KRW;0,00413900;0,00414300;1471,61000000;1472,76000000
10/01/2025;946;A;TZS;0,00240300;0,00244200;2497,00000000;2537,00000000
10/01/2025;950;A;KES;0,04704000;0,04717000;129,25000000;129,60000000
10/01/2025;955;A;UGX;0,00164700;0,00165100;3692,00000000;3702,00000000
10/01/2025;960;A;SOS;0,01060000;0,01073000;568,00000000;575,00000000
10/01/2025;975;A;PLN;1,46410000;1,46450000;4,16280000;4,16370000
10/01/2025;978;B;EUR;6,24890000;6,25010000;1,02510000;1,02520000
10/01/2025;998;A;XAU;527,78350000;527,83550000;0,01155000;0,01155000

[2025-07-07T15:10:16.407+0000] {taskinstance.py:441} INFO - ::group::Post task execution logs
[2025-07-07T15:10:16.475+0000] {taskinstance.py:1206} INFO - Marking task as SUCCESS. dag_id=fin_cotacoes_bcb_classic, task_id=extract, run_id=scheduled__2025-01-10T00:00:00+00:00, execution_date=20250110T000000, start_date=20250707T151015, end_date=20250707T151016
[2025-07-07T15:10:16.555+0000] {local_task_job_runner.py:240} INFO - Task exited with return code 0
[2025-07-07T15:10:16.611+0000] {taskinstance.py:3503} INFO - 0 downstream tasks scheduled from follow-on schedule check
[2025-07-07T15:10:16.620+0000] {local_task_job_runner.py:222} INFO - ::endgroup::
