[2025-07-07T14:35:44.961+0000] {local_task_job_runner.py:120} INFO - ::group::Pre task execution logs
[2025-07-07T14:35:45.016+0000] {taskinstance.py:2076} INFO - Dependencies all met for dep_context=non-requeueable deps ti=<TaskInstance: fin_cotacoes_bcb_classic.create_table_postgres scheduled__2025-06-07T00:00:00+00:00 [queued]>
[2025-07-07T14:35:45.034+0000] {taskinstance.py:2076} INFO - Dependencies all met for dep_context=requeueable deps ti=<TaskInstance: fin_cotacoes_bcb_classic.create_table_postgres scheduled__2025-06-07T00:00:00+00:00 [queued]>
[2025-07-07T14:35:45.036+0000] {taskinstance.py:2306} INFO - Starting attempt 1 of 2
[2025-07-07T14:35:45.586+0000] {taskinstance.py:2330} INFO - Executing <Task(SQLExecuteQueryOperator): create_table_postgres> on 2025-06-07 00:00:00+00:00
[2025-07-07T14:35:45.602+0000] {logging_mixin.py:188} WARNING - /home/***/.local/lib/python3.12/site-packages/***/task/task_runner/standard_task_runner.py:61 DeprecationWarning: This process (pid=79920) is multi-threaded, use of fork() may lead to deadlocks in the child.
[2025-07-07T14:35:45.604+0000] {standard_task_runner.py:63} INFO - Started process 80012 to run task
[2025-07-07T14:35:45.605+0000] {standard_task_runner.py:90} INFO - Running: ['***', 'tasks', 'run', 'fin_cotacoes_bcb_classic', 'create_table_postgres', 'scheduled__2025-06-07T00:00:00+00:00', '--job-id', '2649', '--raw', '--subdir', 'DAGS_FOLDER/cotacoes.py', '--cfg-path', '/tmp/tmpr7s322b_']
[2025-07-07T14:35:45.609+0000] {standard_task_runner.py:91} INFO - Job 2649: Subtask create_table_postgres
[2025-07-07T14:35:45.698+0000] {task_command.py:426} INFO - Running <TaskInstance: fin_cotacoes_bcb_classic.create_table_postgres scheduled__2025-06-07T00:00:00+00:00 [running]> on host bc96ca91d307
[2025-07-07T14:35:45.913+0000] {taskinstance.py:2648} INFO - Exporting env vars: AIRFLOW_CTX_DAG_OWNER='***' AIRFLOW_CTX_DAG_ID='fin_cotacoes_bcb_classic' AIRFLOW_CTX_TASK_ID='create_table_postgres' AIRFLOW_CTX_EXECUTION_DATE='2025-06-07T00:00:00+00:00' AIRFLOW_CTX_TRY_NUMBER='1' AIRFLOW_CTX_DAG_RUN_ID='scheduled__2025-06-07T00:00:00+00:00'
[2025-07-07T14:35:45.915+0000] {taskinstance.py:430} INFO - ::endgroup::
[2025-07-07T14:35:45.918+0000] {sql.py:276} INFO - Executing: 
CREATE TABLE IF NOT EXISTS cotacoes (
    dt_fechamento DATE,
    cod_moeda TEXT,
    tipo_moeda TEXT,
    desc_moeda TEXT,
    taxa_compra REAL,
    taxa_venda REAL,
    paridade_compra REAL,
    paridade_venda REAL,
    data_processamento TIMESTAMP,
    CONSTRAINT table_pk PRIMARY KEY (dt_fechamento, cod_moeda)
);
[2025-07-07T14:35:45.934+0000] {base.py:84} INFO - Using connection ID '***-postgres' for task execution.
[2025-07-07T14:35:45.950+0000] {base.py:84} INFO - Using connection ID '***-postgres' for task execution.
[2025-07-07T14:35:45.959+0000] {sql.py:487} INFO - Running statement: 
CREATE TABLE IF NOT EXISTS cotacoes (
    dt_fechamento DATE,
    cod_moeda TEXT,
    tipo_moeda TEXT,
    desc_moeda TEXT,
    taxa_compra REAL,
    taxa_venda REAL,
    paridade_compra REAL,
    paridade_venda REAL,
    data_processamento TIMESTAMP,
    CONSTRAINT table_pk PRIMARY KEY (dt_fechamento, cod_moeda)
);, parameters: None
[2025-07-07T14:35:45.965+0000] {taskinstance.py:441} INFO - ::group::Post task execution logs
[2025-07-07T14:35:45.982+0000] {taskinstance.py:1206} INFO - Marking task as SUCCESS. dag_id=fin_cotacoes_bcb_classic, task_id=create_table_postgres, run_id=scheduled__2025-06-07T00:00:00+00:00, execution_date=20250607T000000, start_date=20250707T143545, end_date=20250707T143545
[2025-07-07T14:35:46.022+0000] {local_task_job_runner.py:240} INFO - Task exited with return code 0
[2025-07-07T14:35:46.045+0000] {local_task_job_runner.py:222} INFO - ::endgroup::
[2025-07-07T15:13:00.983+0000] {local_task_job_runner.py:120} INFO - ::group::Pre task execution logs
[2025-07-07T15:13:01.041+0000] {taskinstance.py:2076} INFO - Dependencies all met for dep_context=non-requeueable deps ti=<TaskInstance: fin_cotacoes_bcb_classic.create_table_postgres scheduled__2025-06-07T00:00:00+00:00 [queued]>
[2025-07-07T15:13:01.051+0000] {taskinstance.py:2076} INFO - Dependencies all met for dep_context=requeueable deps ti=<TaskInstance: fin_cotacoes_bcb_classic.create_table_postgres scheduled__2025-06-07T00:00:00+00:00 [queued]>
[2025-07-07T15:13:01.051+0000] {taskinstance.py:2306} INFO - Starting attempt 1 of 2
[2025-07-07T15:13:01.075+0000] {taskinstance.py:2330} INFO - Executing <Task(SQLExecuteQueryOperator): create_table_postgres> on 2025-06-07 00:00:00+00:00
[2025-07-07T15:13:01.087+0000] {logging_mixin.py:188} WARNING - /home/***/.local/lib/python3.12/site-packages/***/task/task_runner/standard_task_runner.py:61 DeprecationWarning: This process (pid=104497) is multi-threaded, use of fork() may lead to deadlocks in the child.
[2025-07-07T15:13:01.088+0000] {standard_task_runner.py:63} INFO - Started process 104530 to run task
[2025-07-07T15:13:01.090+0000] {standard_task_runner.py:90} INFO - Running: ['***', 'tasks', 'run', 'fin_cotacoes_bcb_classic', 'create_table_postgres', 'scheduled__2025-06-07T00:00:00+00:00', '--job-id', '4322', '--raw', '--subdir', 'DAGS_FOLDER/cotacoes.py', '--cfg-path', '/tmp/tmpdxm3kbsd']
[2025-07-07T15:13:01.092+0000] {standard_task_runner.py:91} INFO - Job 4322: Subtask create_table_postgres
[2025-07-07T15:13:01.187+0000] {task_command.py:426} INFO - Running <TaskInstance: fin_cotacoes_bcb_classic.create_table_postgres scheduled__2025-06-07T00:00:00+00:00 [running]> on host bc96ca91d307
[2025-07-07T15:13:01.490+0000] {taskinstance.py:2648} INFO - Exporting env vars: AIRFLOW_CTX_DAG_OWNER='***' AIRFLOW_CTX_DAG_ID='fin_cotacoes_bcb_classic' AIRFLOW_CTX_TASK_ID='create_table_postgres' AIRFLOW_CTX_EXECUTION_DATE='2025-06-07T00:00:00+00:00' AIRFLOW_CTX_TRY_NUMBER='1' AIRFLOW_CTX_DAG_RUN_ID='scheduled__2025-06-07T00:00:00+00:00'
[2025-07-07T15:13:01.499+0000] {taskinstance.py:430} INFO - ::endgroup::
[2025-07-07T15:13:01.499+0000] {sql.py:276} INFO - Executing: 
CREATE TABLE IF NOT EXISTS cotacoes (
    dt_fechamento DATE,
    cod_moeda TEXT,
    tipo_moeda TEXT,
    desc_moeda TEXT,
    taxa_compra REAL,
    taxa_venda REAL,
    paridade_compra REAL,
    paridade_venda REAL,
    data_processamento TIMESTAMP,
    CONSTRAINT table_pk PRIMARY KEY (dt_fechamento, cod_moeda)
);
[2025-07-07T15:13:01.521+0000] {base.py:84} INFO - Using connection ID '***-postgres' for task execution.
[2025-07-07T15:13:01.557+0000] {base.py:84} INFO - Using connection ID '***-postgres' for task execution.
[2025-07-07T15:13:01.573+0000] {sql.py:487} INFO - Running statement: 
CREATE TABLE IF NOT EXISTS cotacoes (
    dt_fechamento DATE,
    cod_moeda TEXT,
    tipo_moeda TEXT,
    desc_moeda TEXT,
    taxa_compra REAL,
    taxa_venda REAL,
    paridade_compra REAL,
    paridade_venda REAL,
    data_processamento TIMESTAMP,
    CONSTRAINT table_pk PRIMARY KEY (dt_fechamento, cod_moeda)
);, parameters: None
[2025-07-07T15:13:01.576+0000] {taskinstance.py:441} INFO - ::group::Post task execution logs
[2025-07-07T15:13:01.614+0000] {taskinstance.py:1206} INFO - Marking task as SUCCESS. dag_id=fin_cotacoes_bcb_classic, task_id=create_table_postgres, run_id=scheduled__2025-06-07T00:00:00+00:00, execution_date=20250607T000000, start_date=20250707T151301, end_date=20250707T151301
[2025-07-07T15:13:01.724+0000] {local_task_job_runner.py:240} INFO - Task exited with return code 0
[2025-07-07T15:13:01.768+0000] {local_task_job_runner.py:222} INFO - ::endgroup::
